------Start of DE processing------ = [03/01/22 14:44:40:976 EET]
Exception = com.ibm.ws.container.service.state.StateChangeException
Source = com.ibm.ws.app.manager.module.internal.SimpleDeployedAppInfoBase
probeid = 548
Stack Dump = com.ibm.ws.container.service.state.StateChangeException: org.jboss.weld.exceptions.DefinitionException: CWMFT5020E: The com.example.documents.ResilienceController.asyncMethod() asynchronous method does not have a return type of either java.util.concurrent.Future or java.util.concurrent.CompletionStage.
	at com.ibm.ws.container.service.state.internal.ApplicationStateManager.fireStarting(ApplicationStateManager.java:55)
	at com.ibm.ws.container.service.state.internal.StateChangeServiceImpl.fireApplicationStarting(StateChangeServiceImpl.java:50)
	at com.ibm.ws.app.manager.module.internal.SimpleDeployedAppInfoBase.preDeployApp(SimpleDeployedAppInfoBase.java:547)
	at com.ibm.ws.app.manager.module.internal.SimpleDeployedAppInfoBase.installApp(SimpleDeployedAppInfoBase.java:508)
	at com.ibm.ws.app.manager.module.internal.DeployedAppInfoBase.deployApp(DeployedAppInfoBase.java:349)
	at com.ibm.ws.app.manager.war.internal.WARApplicationHandlerImpl.install(WARApplicationHandlerImpl.java:65)
	at com.ibm.ws.app.manager.internal.statemachine.StartAction.execute(StartAction.java:149)
	at com.ibm.ws.app.manager.internal.statemachine.ApplicationStateMachineImpl.enterState(ApplicationStateMachineImpl.java:1352)
	at com.ibm.ws.app.manager.internal.statemachine.ApplicationStateMachineImpl.run(ApplicationStateMachineImpl.java:897)
	at com.ibm.ws.threading.internal.ExecutorServiceImpl$RunnableWrapper.run(ExecutorServiceImpl.java:238)
	at java.util.concurrent.ThreadPoolExecutor.runWorker(ThreadPoolExecutor.java:1149)
	at java.util.concurrent.ThreadPoolExecutor$Worker.run(ThreadPoolExecutor.java:624)
	at java.lang.Thread.run(Thread.java:748)
Caused by: org.jboss.weld.exceptions.DefinitionException: CWMFT5020E: The com.example.documents.ResilienceController.asyncMethod() asynchronous method does not have a return type of either java.util.concurrent.Future or java.util.concurrent.CompletionStage.
	at org.jboss.weld.bootstrap.events.ContainerLifecycleEvents.fireProcessAnnotatedType(ContainerLifecycleEvents.java:189)
	at org.jboss.weld.bootstrap.events.ContainerLifecycleEvents.fireProcessAnnotatedType(ContainerLifecycleEvents.java:173)
	at org.jboss.weld.bootstrap.BeanDeployer.processAnnotatedTypes(BeanDeployer.java:166)
	at org.jboss.weld.bootstrap.BeanDeployment.createTypes(BeanDeployment.java:219)
	at org.jboss.weld.bootstrap.WeldStartup.startInitialization(WeldStartup.java:426)
	at org.jboss.weld.bootstrap.WeldBootstrap.startInitialization(WeldBootstrap.java:79)
	at com.ibm.ws.cdi.impl.CDIContainerImpl$2.run(CDIContainerImpl.java:155)
	at com.ibm.ws.cdi.impl.CDIContainerImpl$2.run(CDIContainerImpl.java:152)
	at java.security.AccessController.doPrivileged(Native Method)
	at com.ibm.ws.cdi.impl.CDIContainerImpl.startInitialization(CDIContainerImpl.java:152)
	at com.ibm.ws.cdi.liberty.CDIRuntimeImpl.applicationStarting(CDIRuntimeImpl.java:480)
	at com.ibm.ws.container.service.state.internal.ApplicationStateManager.fireStarting(ApplicationStateManager.java:51)
	... 12 more
Caused by: org.eclipse.microprofile.faulttolerance.exceptions.FaultToleranceDefinitionException: CWMFT5020E: The com.example.documents.ResilienceController.asyncMethod() asynchronous method does not have a return type of either java.util.concurrent.Future or java.util.concurrent.CompletionStage.
	at com.ibm.ws.microprofile.faulttolerance.cdi.config.impl.AsynchronousConfigImpl20.validate(AsynchronousConfigImpl20.java:49)
	at com.ibm.ws.microprofile.faulttolerance.cdi.FaultToleranceCDIExtension.processMethod(FaultToleranceCDIExtension.java:184)
	at com.ibm.ws.microprofile.faulttolerance.cdi.FaultToleranceCDIExtension.processAnnotatedType(FaultToleranceCDIExtension.java:133)
	at sun.reflect.GeneratedMethodAccessor879.invoke(Unknown Source)
	at java.lang.reflect.Method.invoke(Method.java:498)
	at org.jboss.weld.injection.StaticMethodInjectionPoint.invoke(StaticMethodInjectionPoint.java:95)
	at org.jboss.weld.injection.MethodInvocationStrategy$SpecialParamPlusBeanManagerStrategy.invoke(MethodInvocationStrategy.java:187)
	at org.jboss.weld.event.ObserverMethodImpl.sendEvent(ObserverMethodImpl.java:330)
	at org.jboss.weld.event.ExtensionObserverMethodImpl.sendEvent(ExtensionObserverMethodImpl.java:123)
	at org.jboss.weld.event.ObserverMethodImpl.sendEvent(ObserverMethodImpl.java:308)
	at org.jboss.weld.event.ObserverMethodImpl.notify(ObserverMethodImpl.java:286)
	at javax.enterprise.inject.spi.ObserverMethod.notify(ObserverMethod.java:124)
	at org.jboss.weld.util.Observers.notify(Observers.java:166)
	at org.jboss.weld.event.ObserverNotifier.notifySyncObservers(ObserverNotifier.java:285)
	at org.jboss.weld.event.ObserverNotifier.notify(ObserverNotifier.java:273)
	at org.jboss.weld.event.ObserverNotifier.fireEvent(ObserverNotifier.java:189)
	at org.jboss.weld.bootstrap.events.ContainerLifecycleEvents.fireProcessAnnotatedType(ContainerLifecycleEvents.java:187)
	... 23 more

Dump of callerThis
Object type = com.ibm.ws.app.manager.war.internal.WARDeployedAppInfo
  CONTEXT_ROOT = "context-root"
  webContainerModuleInfo = class com.ibm.ws.app.manager.module.internal.SimpleDeployedAppInfoBase$WebModuleContainerInfo@21cbe1a7
    contextRoot = "/"
    defaultContextRoot = "documents"
    serialVersionUID = 4617657913043497664
    $$$tc$$$ = class com.ibm.websphere.ras.TraceComponent@1a95c027
      strings[0] = "TraceComponent[com.ibm.ws.app.manager.module.internal.SimpleDeployedAppInfoBase$WebModuleContainerInfo,class com.ibm.ws.app.manager.module.internal.SimpleDeployedAppInfoBase$WebModuleContainerInfo,[applications, app.manager],null,null]"
    moduleHandler = class com.ibm.ws.app.manager.web.internal.WebModuleHandlerImpl@56ea4ad1
      serialVersionUID = 4795602325763828210
      $$$tc$$$ = class com.ibm.websphere.ras.TraceComponent@73a2333
      futureMonitor = class com.ibm.ws.threading.internal.FutureMonitorImpl@6c733198
      metaDataService = class com.ibm.ws.container.service.metadata.internal.MetaDataServiceImpl@1b8b468e
      stateChangeService = class com.ibm.ws.container.service.state.internal.StateChangeServiceImpl@2a275ecc
      moduleRuntimeContainer = class com.ibm.ws.webcontainer.osgi.WebContainer@4c48a69c
      firstFailure = null
      serialVersionUID = -4563697739413190872
      $$$tc$$$ = class com.ibm.websphere.ras.TraceComponent@b570295
    moduleMetaDataExtenders = class java.util.Collections$UnmodifiableRandomAccessList@6b803471
      serialVersionUID = -2542308836966382001
      serialVersionUID = -283967356065247728
      list = class java.util.concurrent.CopyOnWriteArrayList@55db9ed6
      serialVersionUID = 1820017752578914078
      c = class java.util.concurrent.CopyOnWriteArrayList@55db9ed6
    nestedModuleMetaDataFactories = class java.util.Collections$UnmodifiableRandomAccessList@6bfbe24
      serialVersionUID = -2542308836966382001
      serialVersionUID = -283967356065247728
      list = class java.util.concurrent.CopyOnWriteArrayList@56a8bc31
      serialVersionUID = 1820017752578914078
      c = class java.util.concurrent.CopyOnWriteArrayList@56a8bc31
    nestedModules = null
    moduleName = "documents"
    moduleDD = null
    moduleInfo = class com.ibm.ws.app.manager.module.internal.WebModuleInfoImpl@1947db2c
      contextRoot = "/"
      isDefaultContextRootUsed = false
      defaultContextRoot = "documents"
      serialVersionUID = -6699247856069243844
      $$$tc$$$ = class com.ibm.websphere.ras.TraceComponent@74144be1
      tc = class com.ibm.websphere.ras.TraceComponent@eb3549c
      appInfo = class com.ibm.ws.container.service.app.deploy.internal.ApplicationInfoImpl@123683a2
      moduleName = "documents"
      path = "documents.war"
      moduleContainer = class com.ibm.ws.adaptable.module.internal.AdaptableContainerImpl@3402ad03
      altDDEntry = null
      moduleClassesContainers = class java.util.ArrayList@42a5b507
      classLoaderFactory = class com.ibm.ws.app.manager.war.internal.WARDeployedAppInfo@2f9b166a
      containerInfoType = class com.ibm.ws.container.service.app.deploy.ContainerInfo$Type@31bbd6e6
      classLoader = class com.ibm.ws.classloading.internal.AppClassLoader@4b0b04ac
      moduleMetaData = class com.ibm.ws.webcontainer.osgi.metadata.WebModuleMetaDataImpl@4f6f2cd9
      nestedModuleMetaDataTypes = null
      nestedModuleMetaDataValues = null
      serialVersionUID = 3986734351620206554
    serialVersionUID = 5122721995888983779
    $$$tc$$$ = class com.ibm.websphere.ras.TraceComponent@5ca10fe2
      strings[0] = "TraceComponent[com.ibm.ws.app.manager.module.internal.SimpleDeployedAppInfoBase$ModuleContainerInfoBase,class com.ibm.ws.app.manager.module.internal.SimpleDeployedAppInfoBase$ModuleContainerInfoBase,[applications, app.manager],null,null]"
    type = class com.ibm.ws.container.service.app.deploy.ContainerInfo$Type@31bbd6e6
      MANIFEST_CLASSPATH = class com.ibm.ws.container.service.app.deploy.ContainerInfo$Type@7277af94
      WEB_INF_CLASSES = class com.ibm.ws.container.service.app.deploy.ContainerInfo$Type@5d9221f0
      WEB_INF_LIB = class com.ibm.ws.container.service.app.deploy.ContainerInfo$Type@5495d62
      EAR_LIB = class com.ibm.ws.container.service.app.deploy.ContainerInfo$Type@4ff11018
      WEB_MODULE = class com.ibm.ws.container.service.app.deploy.ContainerInfo$Type@31bbd6e6
      EJB_MODULE = class com.ibm.ws.container.service.app.deploy.ContainerInfo$Type@351d7d
      CLIENT_MODULE = class com.ibm.ws.container.service.app.deploy.ContainerInfo$Type@4ce4312a
      RAR_MODULE = class com.ibm.ws.container.service.app.deploy.ContainerInfo$Type@389c799
      JAR_MODULE = class com.ibm.ws.container.service.app.deploy.ContainerInfo$Type@443f6620
      SHARED_LIB = class com.ibm.ws.container.service.app.deploy.ContainerInfo$Type@6cc9552f
      $VALUES = class com.ibm.ws.container.service.app.deploy.ContainerInfo$Type[10]
      name = "WEB_MODULE"
      ordinal = 4
    name = "documents.war"
    container = class com.ibm.ws.adaptable.module.internal.AdaptableContainerImpl@3402ad03
      root = class com.ibm.ws.adaptable.module.internal.AdaptableContainerImpl@3402ad03
      rootOverlay = class com.ibm.ws.artifact.overlay.internal.DirectoryBasedOverlayContainerImpl@74aed894
      factoryHolder = class com.ibm.ws.adaptable.module.internal.AdaptableModuleFactoryImpl@44a623fb
      delegate = class com.ibm.ws.artifact.overlay.internal.DirectoryBasedOverlayContainerImpl@74aed894
      notifier = class com.ibm.ws.adaptable.module.internal.NotifierImpl@3128409a
      serialVersionUID = -5950528200509051684
      $$$tc$$$ = class com.ibm.websphere.ras.TraceComponent@66f92469
    moduleClassLoaderFactory = class com.ibm.ws.app.manager.war.internal.WARDeployedAppInfo@2f9b166a
    altDDEntry = null
    classesContainerInfo = class java.util.ArrayList@42a5b507
      serialVersionUID = 8683452581122892189
      DEFAULT_CAPACITY = 10
      EMPTY_ELEMENTDATA = class java.lang.Object[0]
      DEFAULTCAPACITY_EMPTY_ELEMENTDATA = class java.lang.Object[0]
      elementData = class java.lang.Object[33]
      size = 24
      MAX_ARRAY_SIZE = 2147483639
      modCount = 25
      MAX_ARRAY_SIZE = 2147483639
    serialVersionUID = 4636874131959542427
    $$$tc$$$ = class com.ibm.websphere.ras.TraceComponent@760c568f
      strings[0] = "TraceComponent[com.ibm.ws.app.manager.module.internal.SimpleDeployedAppInfoBase$ExtendedContainerInfo,class com.ibm.ws.app.manager.module.internal.SimpleDeployedAppInfoBase$ExtendedContainerInfo,[applications, app.manager],null,null]"
  DYNAMIC_IMPORT_PACKAGE_LIST = class java.util.Collections$UnmodifiableRandomAccessList@5fc3055f
    serialVersionUID = -2542308836966382001
    serialVersionUID = -283967356065247728
    list = class java.util.Arrays$ArrayList@5ae8caa8
      serialVersionUID = -2764017481108945198
      a = class java.lang.String[1]
      modCount = 0
      MAX_ARRAY_SIZE = 2147483639
    serialVersionUID = 1820017752578914078
    c = class java.util.Arrays$ArrayList@5ae8caa8
  serialVersionUID = 6176035338244935179
  $$$tc$$$ = class com.ibm.websphere.ras.TraceComponent@37801e42
    strings[0] = "TraceComponent[com.ibm.ws.app.manager.war.internal.WARDeployedAppInfo,class com.ibm.ws.app.manager.war.internal.WARDeployedAppInfo,[webcontainer, applications, app.manager],com.ibm.ws.app.manager.war.internal.resources.Messages,null]"
  _tc = class com.ibm.websphere.ras.TraceComponent@7aa3f5c0
    strings[0] = "TraceComponent[com.ibm.ws.app.manager.module.internal.DeployedAppInfoBase,class com.ibm.ws.app.manager.module.internal.DeployedAppInfoBase,[app.manager],com.ibm.ws.app.manager.module.internal.resources.Messages,null]"
  PERMISSION_XML = "permissions.xml"
  applicationInformation = class com.ibm.ws.app.manager.internal.ApplicationInstallInfo@3038b865
    _config = class com.ibm.ws.app.manager.internal.ApplicationConfig@5c1c7f03
      tc = class com.ibm.websphere.ras.TraceComponent@4ec12bcb
      _configPid = "com.ibm.ws.app.manager_35"
      _config = class com.ibm.ws.config.admin.ConfigurationDictionary@387ac8d
      _applicationManager = class com.ibm.ws.app.manager.ApplicationManager@50e3edd8
      _location = "documents.war"
      _type = "war"
      _name = "documents"
      _notificationBroadcasterSupport = class javax.management.NotificationBroadcasterSupport@230844d2
      ONE_TIME_JANDEX_MSGS_DISPLAYED = true
      serialVersionUID = -2151423388299667431
    _handlerInfo = class java.util.concurrent.atomic.AtomicReference@194c4d35
      serialVersionUID = -1848883965231344442
      unsafe = class sun.misc.Unsafe@435bb527
      valueOffset = 12
      value = class com.ibm.ws.app.manager.war.internal.WARDeployedAppInfo@2f9b166a
    _container = class java.util.concurrent.atomic.AtomicReference@6c801c1c
      serialVersionUID = -1848883965231344442
      unsafe = class sun.misc.Unsafe@435bb527
      valueOffset = 12
      value = class com.ibm.ws.adaptable.module.internal.AdaptableContainerImpl@3402ad03
    _resolvedLocation = class java.util.concurrent.atomic.AtomicReference@1fdfbd86
      serialVersionUID = -1848883965231344442
      unsafe = class sun.misc.Unsafe@435bb527
      valueOffset = 12
      value = class com.ibm.ws.kernel.service.location.internal.LocalFileResource@36b751ad
    _handler = class com.ibm.ws.app.manager.war.internal.WARApplicationHandlerImpl@20042d19
      futureMonitor = class com.ibm.ws.threading.internal.FutureMonitorImpl@6c733198
      deployedAppFactory = class com.ibm.ws.app.manager.war.internal.WARDeployedAppInfoFactoryImpl@639c0266
      serialVersionUID = 4622845147410944782
      $$$tc$$$ = class com.ibm.websphere.ras.TraceComponent@6d1bf722
    _ami = class java.util.concurrent.atomic.AtomicReference@5bdaf9c9
      serialVersionUID = -1848883965231344442
      unsafe = class sun.misc.Unsafe@435bb527
      valueOffset = 12
      value = class com.ibm.wsspi.application.handler.DefaultApplicationMonitoringInformation@66cfff53
    _updateHandler = class com.ibm.ws.app.manager.internal.statemachine.ApplicationStateMachineImpl@37566e52
      _tc = class com.ibm.websphere.ras.TraceComponent@792462b0
      EMPTY_FUTURE_ARRAY = interface java.util.concurrent.Future[0]
      asmSequenceNumber = class java.util.concurrent.atomic.AtomicLong@5507c6b3
      _qscaCounter = class java.util.concurrent.atomic.AtomicInteger@54ea55ef
      _failedThrowable = null
      _interruptibleLock = class com.ibm.ws.app.manager.internal.statemachine.ApplicationStateMachineImpl$2@5872fa0a
      _interruptible = false
      _performingQueuedActions = true
      _queuedActions = class java.util.concurrent.ConcurrentLinkedQueue@5c523ba8
      _callbackState = class java.util.concurrent.atomic.AtomicReference@378b4ccf
      blockAppStartingFutures = class java.util.Collections$SetFromMap@31c822fc
      waitingForAppHandlerFuture = class java.util.concurrent.atomic.AtomicReference@7e252c65
      waitingForExplicitStartFuture = class java.util.concurrent.atomic.AtomicReference@33e7d772
      startAfterFutures = class java.util.Collections$SetFromMap@5e6708f5
      completionListener = class java.util.concurrent.atomic.AtomicReference@2ec81e07
      _notifyAppStopped = class java.util.concurrent.ConcurrentLinkedQueue@79d959bf
      _notifyAppStarting = class java.util.concurrent.ConcurrentLinkedQueue@74884db1
      _notifyAppInstallCalled = class java.util.concurrent.ConcurrentLinkedQueue@12cec375
      _notifyAppStarted = class java.util.concurrent.ConcurrentLinkedQueue@7c98df0d
      _notifyAppRemoved = class java.util.concurrent.ConcurrentLinkedQueue@4f3f6580
      _stateLock = class com.ibm.ws.app.manager.internal.statemachine.ApplicationStateMachineImpl$3@79ec5c13
      _internalState = class java.util.concurrent.atomic.AtomicReference@1d5dfd30
      _currentAction = class java.util.concurrent.atomic.AtomicReference@27873921
      _rfa = class java.util.concurrent.atomic.AtomicReference@13a04b34
      _appInstallInfo = class java.util.concurrent.atomic.AtomicReference@8378197
      _update = class java.util.concurrent.atomic.AtomicBoolean@7af159dc
      _appConfig = class java.util.concurrent.atomic.AtomicReference@64a13992
      _nextAppConfig = class java.util.concurrent.atomic.AtomicReference@754937d9
      _appContainer = class java.util.concurrent.atomic.AtomicReference@41462bde
      _resolvedLocation = class java.util.concurrent.atomic.AtomicReference@3109b593
      _handler = class java.util.concurrent.atomic.AtomicReference@5c896789
      _asmSeqNo = 0
      _ctx = class org.eclipse.osgi.internal.framework.BundleContextImpl@5de4427a
      _locAdmin = class com.ibm.ws.kernel.service.location.internal.WsLocationAdminImpl@102abb23
      _futureMonitor = class com.ibm.ws.threading.internal.FutureMonitorImpl@6c733198
      _artifactFactory = class com.ibm.ws.artifact.internal.ArtifactContainerFactoryService@7bd1b6b0
      _moduleFactory = class com.ibm.ws.adaptable.module.internal.AdaptableModuleFactoryImpl@44a623fb
      _executorService = class com.ibm.ws.threading.internal.ExecutorServiceImpl@8c1de60
      _scheduledExecutorService = class com.ibm.ws.threading.internal.ScheduledExecutorImpl@4d778ff8
      _asmHelper = class com.ibm.ws.app.manager.internal.ApplicationConfigurator$NamedApplication@8780f0f
      _appMonitor = class com.ibm.ws.app.manager.internal.monitor.ApplicationMonitor@38fd883f
      enterStateCalled = class java.util.concurrent.atomic.AtomicBoolean@4eefdda6
      serialVersionUID = 7990273947104993494
      serialVersionUID = 300267208965883056
      $$$tc$$$ = class com.ibm.websphere.ras.TraceComponent@7c0191c5
    serialVersionUID = 2630639237123415755
    $$$tc$$$ = class com.ibm.websphere.ras.TraceComponent@da736c
      strings[0] = "TraceComponent[com.ibm.ws.app.manager.internal.ApplicationInstallInfo,class com.ibm.ws.app.manager.internal.ApplicationInstallInfo,[applications, app.manager],com.ibm.ws.app.manager.internal.resources.AppManagerMessages,null]"
  location = "E:\facultate\master\java\java\tehnologii_java\lab10\target\liberty\wlp\usr\servers\documents\apps\documents.war.xml"
  classLoadingService = class com.ibm.ws.classloading.internal.ClassLoadingServiceImpl@2d04b44
    tc = class com.ibm.websphere.ras.TraceComponent@3ff49fc2
      strings[0] = "TraceComponent[com.ibm.ws.classloading.internal.ClassLoadingServiceImpl,class com.ibm.ws.classloading.internal.ClassLoadingServiceImpl,[ClassLoadingService],com.ibm.ws.classloading.internal.resources.ClassLoadingServiceMessages,null]"
    leakDetectionMap = class java.util.HashMap@750c4e4
      serialVersionUID = 362498820763181265
      DEFAULT_INITIAL_CAPACITY = 16
      MAXIMUM_CAPACITY = 1073741824
      DEFAULT_LOAD_FACTOR = 0.75
      TREEIFY_THRESHOLD = 8
      UNTREEIFY_THRESHOLD = 6
      MIN_TREEIFY_CAPACITY = 64
      table = null
      entrySet = null
      size = 0
      modCount = 0
      threshold = 0
      loadFactor = 0.75
      keySet = null
      values = null
    appClassLoaders = class java.util.Collections$SetFromMap@26d13f61
      m = class java.util.WeakHashMap@5249fa8f
      s = class java.util.WeakHashMap$KeySet@799aa702
      serialVersionUID = 2454657854757543876
      MAX_ARRAY_SIZE = 2147483639
    TCCL_LOCK_WAIT = 15000
    REFERENCE_GENERATORS = "generators"
    bundleContext = class org.eclipse.osgi.internal.framework.BundleContextImpl@3edcb58f
    aclStore = class com.ibm.ws.classloading.internal.util.CanonicalStore@791c0d43
      map = class java.util.concurrent.ConcurrentHashMap@4cb1fe42
      q = class com.ibm.ws.classloading.internal.util.RefQueue@73809f92
      serialVersionUID = 6715157558227169968
      $$$tc$$$ = class com.ibm.websphere.ras.TraceComponent@1259cd68
    tcclStore = class com.ibm.ws.classloading.internal.util.CanonicalStore@197e4143
      map = class java.util.concurrent.ConcurrentHashMap@2d890d59
      q = class com.ibm.ws.classloading.internal.util.RefQueue@57ea19c0
      serialVersionUID = 6715157558227169968
      $$$tc$$$ = class com.ibm.websphere.ras.TraceComponent@1259cd68
    tcclStoreLock = class java.util.concurrent.locks.ReentrantLock@1808d16c
      serialVersionUID = 7373984872572414699
      sync = class java.util.concurrent.locks.ReentrantLock$NonfairSync@49aaba39
    digraph = class org.eclipse.equinox.internal.region.StandardRegionDigraph@370dcf3b
      EMPTY_EDGE_SET = class java.util.Collections$UnmodifiableSet@1f8d4afc
      monitor = class java.lang.Object@61769f34
      regions = class java.util.HashMap@3665a6b4
      bundleIdToRegionMapping = class org.eclipse.equinox.internal.region.StandardBundleIdToRegionMapping@7d54d1b3
      edges = class java.util.HashMap@8fbbe4f
      bundleContext = class org.eclipse.osgi.internal.framework.BundleContextImpl@7e094740
      threadLocal = class java.lang.ThreadLocal@5da11f5b
      subgraphTraverser = class org.eclipse.equinox.internal.region.SubgraphTraverser@46ea425d
      bundleCollisionHook = class org.eclipse.equinox.internal.region.hook.RegionBundleCollisionHook@1d68da7a
      bundleEventHook = class org.eclipse.equinox.internal.region.hook.RegionBundleEventHook@4834165e
      bundleFindHook = class org.eclipse.equinox.internal.region.hook.RegionBundleFindHook@1d3a83c4
      serviceEventHook = class org.eclipse.equinox.internal.region.hook.RegionServiceEventHook@9d6d294
      serviceFindHook = class org.eclipse.equinox.internal.region.hook.RegionServiceFindHook@523662de
      resolverHookFactory = class org.eclipse.equinox.internal.region.hook.RegionResolverHookFactory@3a580820
      origin = null
      originUpdateCount = -1
      updateCount = class java.util.concurrent.atomic.AtomicLong@73b5980c
      defaultRegion = null
    redefiner = class com.ibm.ws.classloading.internal.util.ClassRedefiner@2ee2aa8c
      tc = class com.ibm.websphere.ras.TraceComponent@41e6547b
      LS = "
"
      inst = class com.sun.proxy.$Proxy0@f1f673f
      serialVersionUID = 2420101865139508526
    listener = class com.ibm.ws.classloading.internal.ClassLoadingServiceImpl$1@457d924a
      this$0 = class com.ibm.ws.classloading.internal.ClassLoadingServiceImpl@2d04b44
      serialVersionUID = -9159707349812113172
      $$$tc$$$ = class com.ibm.websphere.ras.TraceComponent@7c2c1119
    classloaders = class java.util.Collections$SynchronizedMap@1ba0a838
      serialVersionUID = 1978198479659022715
      m = class java.util.HashMap@5d3bab84
      mutex = class java.util.Collections$SynchronizedMap@1ba0a838
      keySet = null
      entrySet = null
      values = null
    resourceProviders = class com.ibm.ws.classloading.internal.CompositeResourceProvider@428dc860
      lockFactory = class java.util.concurrent.locks.ReentrantReadWriteLock@5b401994
      providerMap = class com.ibm.ws.classloading.internal.util.MultiMap@3db11023
      serialVersionUID = -5576435894946156347
      $$$tc$$$ = class com.ibm.websphere.ras.TraceComponent@4e31e28f
    rememberedBundles = class java.util.concurrent.ConcurrentHashMap@7980bc77
      serialVersionUID = 7249069246763182397
      MAXIMUM_CAPACITY = 1073741824
      DEFAULT_CAPACITY = 16
      MAX_ARRAY_SIZE = 2147483639
      DEFAULT_CONCURRENCY_LEVEL = 16
      LOAD_FACTOR = 0.75
      TREEIFY_THRESHOLD = 8
      UNTREEIFY_THRESHOLD = 6
      MIN_TREEIFY_CAPACITY = 64
      MIN_TRANSFER_STRIDE = 16
      RESIZE_STAMP_BITS = 16
      MAX_RESIZERS = 65535
      RESIZE_STAMP_SHIFT = 16
      MOVED = -1
      TREEBIN = -2
      RESERVED = -3
      HASH_BITS = 2147483647
      NCPU = 8
      serialPersistentFields = class java.io.ObjectStreamField[3]
      table = class java.util.concurrent.ConcurrentHashMap$Node[16]
      nextTable = null
      baseCount = 2
      sizeCtl = 12
      transferIndex = 0
      cellsBusy = 0
      counterCells = null
      keySet = null
      values = null
      entrySet = null
      U = class sun.misc.Unsafe@435bb527
      SIZECTL = 20
      TRANSFERINDEX = 32
      BASECOUNT = 24
      CELLSBUSY = 36
      CELLVALUE = 144
      ABASE = 16
      ASHIFT = 2
      keySet = null
      values = null
    collectedBundles = class java.lang.ref.ReferenceQueue@50c68ecf
      NULL = class java.lang.ref.ReferenceQueue$Null@157b05ca
      ENQUEUED = class java.lang.ref.ReferenceQueue$Null@4c3bf6d6
      lock = class java.lang.ref.ReferenceQueue$Lock@286c3fdc
      head = null
      queueLength = 0
      $assertionsDisabled = true
    generatorRefs = class com.ibm.wsspi.kernel.service.utils.ConcurrentServiceReferenceSet@4e390d87
      referenceName = "generators"
      contextRef = class java.util.concurrent.atomic.AtomicReference@693f3193
      elementMap = class java.util.LinkedHashMap@370ee283
      elementSet = class java.util.concurrent.ConcurrentSkipListSet@741c9b1b
      elementSetUnsorted = false
      serialVersionUID = 756240983881166148
      $$$tc$$$ = class com.ibm.websphere.ras.TraceComponent@78434fab
    generatorManager = class com.ibm.ws.classloading.internal.ClassGeneratorManager@62db02e8
      tc = class com.ibm.websphere.ras.TraceComponent@417c15a4
      generatorRefs = class com.ibm.wsspi.kernel.service.utils.ConcurrentServiceReferenceSet@4e390d87
      serialVersionUID = 4152663586056483310
    appExtLibs = class java.util.concurrent.CopyOnWriteArrayList@1e4469c0
      serialVersionUID = 8673264195747942595
      lock = class java.util.concurrent.locks.ReentrantLock@357fa439
      array = class java.lang.Object[0]
      UNSAFE = class sun.misc.Unsafe@435bb527
      lockOffset = 12
    globalConfig = class com.ibm.ws.classloading.configuration.GlobalClassloadingConfiguration@7a903c31
      properties = class org.apache.felix.scr.impl.helper.ReadOnlyDictionary@3443f76b
      serialVersionUID = 452562347104713756
      $$$tc$$$ = class com.ibm.websphere.ras.TraceComponent@48a9279f
    metaInfServicesProviders = class java.util.concurrent.ConcurrentHashMap@7c4343d1
      serialVersionUID = 7249069246763182397
      MAXIMUM_CAPACITY = 1073741824
      DEFAULT_CAPACITY = 16
      MAX_ARRAY_SIZE = 2147483639
      DEFAULT_CONCURRENCY_LEVEL = 16
      LOAD_FACTOR = 0.75
      TREEIFY_THRESHOLD = 8
      UNTREEIFY_THRESHOLD = 6
      MIN_TREEIFY_CAPACITY = 64
      MIN_TRANSFER_STRIDE = 16
      RESIZE_STAMP_BITS = 16
      MAX_RESIZERS = 65535
      RESIZE_STAMP_SHIFT = 16
      MOVED = -1
      TREEBIN = -2
      RESERVED = -3
      HASH_BITS = 2147483647
      NCPU = 8
      serialPersistentFields = class java.io.ObjectStreamField[3]
      table = null
      nextTable = null
      baseCount = 0
      sizeCtl = 0
      transferIndex = 0
      cellsBusy = 0
      counterCells = null
      keySet = null
      values = null
      entrySet = null
      U = class sun.misc.Unsafe@435bb527
      SIZECTL = 20
      TRANSFERINDEX = 32
      BASECOUNT = 24
      CELLSBUSY = 36
      CELLVALUE = 144
      ABASE = 16
      ASHIFT = 2
      keySet = null
      values = null
    metaInfServicesRefs = class com.ibm.wsspi.kernel.service.utils.ConcurrentServiceReferenceMap@4635c2f3
      referenceName = "MetaInfServicesProvider"
      context = class org.apache.felix.scr.impl.manager.ComponentContextImpl@7b89d3b1
      elementMap = class java.util.concurrent.ConcurrentHashMap@3b533cb9
      serialVersionUID = 6980924785166233786
      $$$tc$$$ = class com.ibm.websphere.ras.TraceComponent@65b9dbbf
    protectionDomainMap = class java.util.HashMap@7b82b99c
      serialVersionUID = 362498820763181265
      DEFAULT_INITIAL_CAPACITY = 16
      MAXIMUM_CAPACITY = 1073741824
      DEFAULT_LOAD_FACTOR = 0.75
      TREEIFY_THRESHOLD = 8
      UNTREEIFY_THRESHOLD = 6
      MIN_TREEIFY_CAPACITY = 64
      table = class java.util.HashMap$Node[16]
      entrySet = null
      size = 1
      modCount = 1
      threshold = 12
      loadFactor = 0.75
      keySet = class java.util.HashMap$KeySet@780ea2e4
      values = null
    metadataIdentifierService = class com.ibm.ws.container.service.metadata.internal.MetaDataServiceImpl@1b8b468e
    globalSharedLibrary = class java.util.concurrent.atomic.AtomicReference@887369
      serialVersionUID = -1848883965231344442
      unsafe = class sun.misc.Unsafe@435bb527
      valueOffset = 12
      value = null
    serialVersionUID = 4365026902615131286
  globalSharedLibrary = class com.ibm.ws.library.internal.SharedLibraryImpl@3ccdb390
    tc = class com.ibm.websphere.ras.TraceComponent@4304a955
      strings[0] = "TraceComponent[com.ibm.ws.library.internal.SharedLibraryImpl,class com.ibm.ws.library.internal.SharedLibraryImpl,[SharedLibrary],com.ibm.ws.classloading.internal.resources.ClassLoadingServiceMessages,null]"
    EMPTY_LIBRARY_LISTENERS = interface com.ibm.wsspi.library.LibraryChangeListener[0]
    deleted = false
    libraryListenersTracker = class org.osgi.util.tracker.ServiceTracker@185bd991
      DEBUG = false
      context = class org.eclipse.osgi.internal.framework.BundleContextImpl@3edcb58f
      filter = class org.eclipse.osgi.internal.framework.FilterImpl$And@16b700a1
      customizer = class org.osgi.util.tracker.ServiceTracker@185bd991
      listenerFilter = "(&(objectClass=com.ibm.wsspi.library.LibraryChangeListener)(|(library=global)(libraryRef=*com.ibm.ws.classloading.sharedlibrary_33*)))"
      trackClass = null
      trackReference = null
      tracked = class org.osgi.util.tracker.ServiceTracker$Tracked@23965d9d
      cachedReference = null
      cachedService = null
    libraryReg = class org.eclipse.osgi.internal.serviceregistry.ServiceRegistrationImpl@6e314b7
      registry = class org.eclipse.osgi.internal.serviceregistry.ServiceRegistry@2843f98e
      context = class org.eclipse.osgi.internal.framework.BundleContextImpl@3edcb58f
      bundle = class org.eclipse.osgi.internal.framework.EquinoxBundle@6c1455bc
      clazzes = class java.lang.String[1]
      service = class com.ibm.ws.library.internal.SharedLibraryImpl@3ccdb390
      reference = class org.eclipse.osgi.internal.serviceregistry.ServiceReferenceImpl@3c2d5031
      contextsUsing = class java.util.ArrayList@411dcae0
      properties = class java.util.Collections$UnmodifiableMap@76a5c4c4
      serviceid = 382
      serviceranking = 3
      registrationLock = class java.lang.Object@240dcffc
      state = 0
      REGISTERED = 0
      UNREGISTERING = 1
      UNREGISTERED = 2
      FRAMEWORK_SET_SERVICE_PROPERTIES_COUNT = 4
      $assertionsDisabled = true
    ctx = class org.eclipse.osgi.internal.framework.BundleContextImpl@3edcb58f
    classLoadingService = class com.ibm.ws.classloading.internal.ClassLoadingServiceImpl@2d04b44
    configAdmin = class com.ibm.ws.config.admin.internal.ConfigurationAdminImpl@34168422
      tc = class com.ibm.websphere.ras.TraceComponent@7802f799
      bundle = class org.eclipse.osgi.internal.framework.EquinoxBundle@6c1455bc
      caFactory = class com.ibm.ws.config.admin.internal.ConfigAdminServiceFactory@ef9911d
      serialVersionUID = -2875522750804142523
    resolvedBasePath = "E:/facultate/master/java/java/tehnologii_java/lab10/target/liberty/wlp/usr/servers/documents/"
    generationLock = class com.ibm.ws.library.internal.SharedLibraryImpl$1@5aebd23d
      this$0 = class com.ibm.ws.library.internal.SharedLibraryImpl@3ccdb390
      serialVersionUID = 2483639803450672373
      $$$tc$$$ = class com.ibm.websphere.ras.TraceComponent@5b47828b
    currentGeneration = class com.ibm.ws.library.internal.LibraryGeneration@46cafe42
      tc = class com.ibm.websphere.ras.TraceComponent@4fd1ec9c
      nextInt = class java.util.concurrent.atomic.AtomicInteger@6026b122
      libraryId = "global"
      genId = 3
      libraryProps = class java.util.Hashtable@6fb9549d
      filesetRefs = class java.util.Collections$UnmodifiableRandomAccessList@7c5e5c41
      apiTypeVisibility = class java.util.RegularEnumSet@3448619f
      files = class java.util.Collections$EmptyList@45805d9f
      folders = class java.util.ArrayList@61326995
      fileAndFolderContainers = class java.util.Collections$EmptyList@45805d9f
      filesets = class java.util.concurrent.ArrayBlockingQueue@440ad492
      filesetListenerRegs = class java.util.concurrent.ConcurrentLinkedQueue@4a382406
      cancelled = false
      library = class com.ibm.ws.library.internal.SharedLibraryImpl@3ccdb390
      serialVersionUID = 6965220007121905717
    nextGeneration = class com.ibm.ws.library.internal.LibraryGeneration@46cafe42
    artifactContainerFactory = class com.ibm.ws.library.internal.SharedLibraryFactory$1@9b305b
      this$0 = class com.ibm.ws.library.internal.SharedLibraryFactory@6b2ac4ee
      serialVersionUID = 7730244564205089330
      $$$tc$$$ = class com.ibm.websphere.ras.TraceComponent@48f896af
    packageExporter = class com.ibm.ws.library.internal.LibraryPackageExporter@ac83fe
      EXPORTER_POSTFIX = "_library_exporter"
      REGION_EXPORT_TO_LIBERTY = "liberty.library.export.to.liberty"
      REGION_EXPORT_TO_OSGI_APPS = "liberty.library.export.to.osgi.app"
      REGION_KERNEL = "org.eclipse.equinox.region.kernel"
      counter = class java.util.concurrent.atomic.AtomicLong@5d2cdc9c
      context = class org.eclipse.osgi.internal.framework.BundleContextImpl@3edcb58f
      digraph = class org.eclipse.equinox.internal.region.StandardRegionDigraph@370dcf3b
      bundleToLibrary = class java.util.concurrent.ConcurrentHashMap@64cbdffc
      libraryToVisibility = class java.util.concurrent.ConcurrentHashMap@7ad6e3c6
      serialVersionUID = 8074378969667956573
      $$$tc$$$ = class com.ibm.websphere.ras.TraceComponent@257ca02b
    serialVersionUID = 6288237618632180389
  sharedLibDeploymentInfo = class com.ibm.ws.app.manager.module.internal.DeployedAppInfoBase$SharedLibDeploymentInfo@68935f95
    locAdmin = class com.ibm.ws.kernel.service.location.internal.WsLocationAdminImpl@102abb23
    artifactFactory = class com.ibm.ws.artifact.internal.ArtifactContainerFactoryService@7bd1b6b0
    moduleFactory = class com.ibm.ws.adaptable.module.internal.AdaptableModuleFactoryImpl@44a623fb
    classesContainerInfo = class java.util.ArrayList@6744bf60
      serialVersionUID = 8683452581122892189
      DEFAULT_CAPACITY = 10
      EMPTY_ELEMENTDATA = class java.lang.Object[0]
      DEFAULTCAPACITY_EMPTY_ELEMENTDATA = class java.lang.Object[0]
      elementData = class java.lang.Object[0]
      size = 0
      MAX_ARRAY_SIZE = 2147483639
      modCount = 0
      MAX_ARRAY_SIZE = 2147483639
    serialVersionUID = 5154735746662585226
    $$$tc$$$ = class com.ibm.websphere.ras.TraceComponent@6253aec1
      strings[0] = "TraceComponent[com.ibm.ws.app.manager.module.internal.DeployedAppInfoBase$SharedLibDeploymentInfo,class com.ibm.ws.app.manager.module.internal.DeployedAppInfoBase$SharedLibDeploymentInfo,[applications, app.manager],null,null]"
  configAdmin = class com.ibm.ws.config.admin.internal.ConfigurationAdminImpl@2fbd4625
    tc = class com.ibm.websphere.ras.TraceComponent@7802f799
      strings[0] = "TraceComponent[com.ibm.ws.config.admin.internal.ConfigurationAdminImpl,class com.ibm.ws.config.admin.internal.ConfigurationAdminImpl,[config],com.ibm.ws.config.internal.resources.ConfigMessages,null]"
    bundle = class org.eclipse.osgi.internal.framework.EquinoxBundle@66eef3e1
      equinoxContainer = class org.eclipse.osgi.internal.framework.EquinoxContainer@7bb31a92
      module = class org.eclipse.osgi.internal.framework.EquinoxBundle$EquinoxModule@2045bab7
      monitor = class java.lang.Object@68093c9b
      context = class org.eclipse.osgi.internal.framework.BundleContextImpl@31619630
      signerInfos = null
      $SWITCH_TABLE$org$eclipse$osgi$container$Module$State = {1,2,3,4,5,6,7} /* array length = 7 */
    caFactory = class com.ibm.ws.config.admin.internal.ConfigAdminServiceFactory@ef9911d
      tc = class com.ibm.websphere.ras.TraceComponent@49c9915b
      configurationPermission = class org.osgi.service.cm.ConfigurationPermission@11fb39ff
      INDEX_DICTIONARY = 0
      INDEX_LOCATION = 1
      INDEX_METATYPE_PROCESSED = 2
      INDEX_IN_OVERRIDES_FILE = 3
      INDEX_REFERENCES = 4
      INDEX_UNIQUES = 5
      bundleContext = class org.eclipse.osgi.internal.framework.BundleContextImpl@5b53abdd
      msTracker = class com.ibm.ws.config.admin.internal.ManagedServiceTracker@9634598
      msfTracker = class com.ibm.ws.config.admin.internal.ManagedServiceFactoryTracker@24a468c4
      pluginManager = class com.ibm.ws.config.admin.internal.PluginManager@510a8e3f
      configurationStore = class com.ibm.ws.config.admin.internal.ConfigurationStore@19767120
      updateQueue = class com.ibm.ws.config.admin.internal.UpdateQueue@a2ab813
      ced = class com.ibm.ws.config.admin.internal.ConfigEventDispatcher@d4f13da
      idMap = class java.util.Collections$SynchronizedMap@8310f3a
      referenceMap = class java.util.Collections$SynchronizedMap@2264906d
      variableRegistryTracker = class org.osgi.util.tracker.ServiceTracker@7dd15e12
      variableRegistry = class com.ibm.ws.kernel.service.location.internal.VariableRegistryHelper@8f543b1
      configurationAdminRef = class org.eclipse.osgi.internal.serviceregistry.ServiceRegistrationImpl@6c868d5d
      serialVersionUID = 6695202270027014725
    serialVersionUID = -2875522750804142523
  libraryConfigHelper = class com.ibm.ws.classloading.ClassLoaderConfigHelper@2f37b2fd
    tc = class com.ibm.websphere.ras.TraceComponent@72124965
      strings[0] = "TraceComponent[com.ibm.ws.classloading.ClassLoaderConfigHelper,class com.ibm.ws.classloading.ClassLoaderConfigHelper,[ClassLoadingService],com.ibm.ws.classloading.internal.resources.ClassLoadingServiceMessages,null]"
    DEFAULT_API_TYPES = class java.util.RegularEnumSet@54b0c411
      serialVersionUID = 3411599620347842686
      elements = 23
      elementType = class java.lang.Class@1812607
      universe = class com.ibm.wsspi.classloading.ApiType[5]
      ZERO_LENGTH_ENUM_ARRAY = class java.lang.Enum[0]
      MAX_ARRAY_SIZE = 2147483639
    sharedLibraries = class java.util.Collections$EmptyList@45805d9f
      serialVersionUID = 8842843931221139166
      modCount = 0
      MAX_ARRAY_SIZE = 2147483639
    commonLibraries = class java.util.Collections$EmptyList@45805d9f
    classProviders = class java.util.Collections$EmptyList@45805d9f
    sharedLibrariesPids = null
    commonLibrariesPids = null
    isDelegateLast = false
    apiTypes = class java.util.RegularEnumSet@7fd55f0
      serialVersionUID = 3411599620347842686
      elements = 31
      elementType = class java.lang.Class@1812607
      universe = class com.ibm.wsspi.classloading.ApiType[5]
      ZERO_LENGTH_ENUM_ARRAY = class java.lang.Enum[0]
      MAX_ARRAY_SIZE = 2147483639
    classLoaderConfigProps = class com.ibm.ws.config.admin.ConfigurationDictionary@7e692b4e
      serialVersionUID = 7966152868712543805
      simpleTypes = class java.util.Arrays$ArrayList@1042e3fe
      primitiveArrayTypes = class java.util.Arrays$ArrayList@597ccdd6
      simpleArrayTypes = class java.util.Arrays$ArrayList@12c86d83
      extendedTypes = class java.util.Arrays$ArrayList@4cb715af
      CASE_INSENSITIVE = class com.ibm.ws.config.admin.ConfigurationDictionary$CaseInsensitive@4bed42d4
      properties = class java.util.Collections$SynchronizedMap@59c2b49a
    serialVersionUID = 7643888529935916418
  isDelegateLast = false
  permissionManager = class com.ibm.ws.classloading.java2sec.PermissionManager@7e37c5b8
    tc = class com.ibm.websphere.ras.TraceComponent@101b59f2
      strings[0] = "TraceComponent[com.ibm.ws.classloading.java2sec.PermissionManager,class com.ibm.ws.classloading.java2sec.PermissionManager,[Java2SecurityUtil],com.ibm.ws.classloading.internal.resources.Java2SecurityUtilMessages,null]"
    bundleContext = class org.eclipse.osgi.internal.framework.BundleContextImpl@3edcb58f
      valid = true
      bundle = class org.eclipse.osgi.internal.framework.EquinoxBundle@6c1455bc
      container = class org.eclipse.osgi.internal.framework.EquinoxContainer@7bb31a92
      debug = class org.eclipse.osgi.internal.debug.Debug@1cf375d2
      servicesInUse = class java.util.HashMap@293e0193
      activator = null
      contextLock = class java.lang.Object@12cde014
    classLoadingService = class com.ibm.ws.classloading.internal.ClassLoadingServiceImpl@2d04b44
    DEFAULT_SERVER_RESTRICTABLE_PERMISSIONS = class java.security.Permission[4]
      Permission[0] = class java.lang.RuntimePermission@5546dce0
      Permission[1] = class java.lang.RuntimePermission@1e630419
      Permission[2] = class java.security.SecurityPermission@5de3ba79
      Permission[3] = class javax.security.auth.AuthPermission@2ae8c258
    DEFAULT_CLIENT_RESTRICTABLE_PERMISSIONS = class java.security.Permission[3]
      Permission[0] = class java.lang.RuntimePermission@8bdc54a
      Permission[1] = class java.security.SecurityPermission@e5ccbc8
      Permission[2] = class javax.security.auth.AuthPermission@798a35df
    isServer = true
    wsjarUrlStreamHandlerAvailable = true
    restrictablePermissions = class java.util.ArrayList@53d8804f
      serialVersionUID = 8683452581122892189
      DEFAULT_CAPACITY = 10
      EMPTY_ELEMENTDATA = class java.lang.Object[0]
      DEFAULTCAPACITY_EMPTY_ELEMENTDATA = class java.lang.Object[0]
      elementData = class java.lang.Object[10]
      size = 4
      MAX_ARRAY_SIZE = 2147483639
      modCount = 4
      MAX_ARRAY_SIZE = 2147483639
    javaAllCodeBasePermissions = class java.util.ArrayList@1a69a078
      serialVersionUID = 8683452581122892189
      DEFAULT_CAPACITY = 10
      EMPTY_ELEMENTDATA = class java.lang.Object[0]
      DEFAULTCAPACITY_EMPTY_ELEMENTDATA = class java.lang.Object[0]
      elementData = class java.lang.Object[22]
      size = 21
      MAX_ARRAY_SIZE = 2147483639
      modCount = 21
      MAX_ARRAY_SIZE = 2147483639
    expandProps = true
    grantedPermissions = class java.util.ArrayList@6957c33
      serialVersionUID = 8683452581122892189
      DEFAULT_CAPACITY = 10
      EMPTY_ELEMENTDATA = class java.lang.Object[0]
      DEFAULTCAPACITY_EMPTY_ELEMENTDATA = class java.lang.Object[0]
      elementData = class java.lang.Object[10]
      size = 1
      MAX_ARRAY_SIZE = 2147483639
      modCount = 1
      MAX_ARRAY_SIZE = 2147483639
    KEY_PERMISSION = "permission"
    INCORRECT_PERMISSION_CONFIGURATION = "INCORRECT_PERMISSION_CONFIGURATION"
    PERMISSION_CLASSNOTFOUND = "PERMISSION_CLASSNOTFOUND"
    SERVER_XML = "server.xml"
    CLIENT_XML = "client.xml"
    JAVA_POLICY = "java.policy"
    os_name = "Windows 10"
    os_version = "10.0"
    originationFile = "server.xml"
    permissions = class com.ibm.wsspi.kernel.service.utils.ConcurrentServiceReferenceSet@6af96b24
      referenceName = "permission"
      contextRef = class java.util.concurrent.atomic.AtomicReference@394e3d06
      elementMap = class java.util.LinkedHashMap@16f1de36
      elementSet = class java.util.concurrent.ConcurrentSkipListSet@72dbf636
      elementSetUnsorted = false
      serialVersionUID = 756240983881166148
      $$$tc$$$ = class com.ibm.websphere.ras.TraceComponent@78434fab
    codeBasePermissionMap = class java.util.HashMap@7db454cc
      serialVersionUID = 362498820763181265
      DEFAULT_INITIAL_CAPACITY = 16
      MAXIMUM_CAPACITY = 1073741824
      DEFAULT_LOAD_FACTOR = 0.75
      TREEIFY_THRESHOLD = 8
      UNTREEIFY_THRESHOLD = 6
      MIN_TREEIFY_CAPACITY = 64
      table = class java.util.HashMap$Node[16]
      entrySet = null
      size = 1
      modCount = 1
      threshold = 12
      loadFactor = 0.75
      keySet = class java.util.HashMap$KeySet@785ef9d2
      values = null
    permissionXMLPermissionMap = class java.util.HashMap@2a895162
      serialVersionUID = 362498820763181265
      DEFAULT_INITIAL_CAPACITY = 16
      MAXIMUM_CAPACITY = 1073741824
      DEFAULT_LOAD_FACTOR = 0.75
      TREEIFY_THRESHOLD = 8
      UNTREEIFY_THRESHOLD = 6
      MIN_TREEIFY_CAPACITY = 64
      table = null
      entrySet = null
      size = 0
      modCount = 0
      threshold = 0
      loadFactor = 0.75
      keySet = null
      values = null
    serialVersionUID = 8583289148510585888
  permissionsConfig = null
  serialVersionUID = 1131686356392279747
  appInfo = class com.ibm.ws.container.service.app.deploy.internal.ApplicationInfoImpl@123683a2
    appName = "documents"
    appMetaData = class com.ibm.ws.container.service.app.deploy.internal.ApplicationMetaDataImpl@17cd8b8d
      j2eeName = class com.ibm.ws.container.service.metadata.internal.J2EENameImpl@35db005c
      serialVersionUID = -7906531148367236579
      $$$tc$$$ = class com.ibm.websphere.ras.TraceComponent@6e562a82
      tc = class com.ibm.websphere.ras.TraceComponent@4b865abb
      NUM_STATIC_SLOTS = 4
      ID_UNINITIALIZED = -1
      id = 6
      metaDataInterface = class java.lang.Class@2069a042
      staticSlots = class java.lang.Object[4]
      dynamicSlots = null
    appContainer = class com.ibm.ws.adaptable.module.internal.AdaptableContainerImpl@3402ad03
    configHelper = class com.ibm.ws.app.manager.module.ApplicationNestedConfigHelper@39c66b77
      appInfo = class com.ibm.ws.app.manager.internal.ApplicationInstallInfo@3038b865
      serialVersionUID = -3174031738676705046
      $$$tc$$$ = class com.ibm.websphere.ras.TraceComponent@1f5868c5
    applicationInformation = class com.ibm.ws.app.manager.internal.ApplicationInstallInfo@3038b865
    serialVersionUID = 5227817860647895780
    $$$tc$$$ = class com.ibm.websphere.ras.TraceComponent@3c5334d5
      strings[0] = "TraceComponent[com.ibm.ws.container.service.app.deploy.internal.ApplicationInfoImpl,class com.ibm.ws.container.service.app.deploy.internal.ApplicationInfoImpl,[container.service],com.ibm.ws.container.service.resources.Messages,null]"
  appInfoRegistration = null
  modulesDeployed = class java.util.ArrayList@caa421c
    serialVersionUID = 8683452581122892189
    DEFAULT_CAPACITY = 10
    EMPTY_ELEMENTDATA = class java.lang.Object[0]
    DEFAULTCAPACITY_EMPTY_ELEMENTDATA = class java.lang.Object[0]
    elementData = class java.lang.Object[10]
      Object[0] = class com.ibm.ws.app.manager.module.internal.DeployedModuleInfoImpl@1020ba2
      Object[1] = null
      Object[2] = null
      Object[3] = null
      Object[4] = null
      Object[5] = null
      Object[6] = null
      Object[7] = null
      Object[8] = null
      Object[9] = null
    size = 1
    MAX_ARRAY_SIZE = 2147483639
    modCount = 1
    MAX_ARRAY_SIZE = 2147483639
  starting = true
  started = false
  deployedAppServices = class com.ibm.ws.app.manager.module.internal.DeployedAppServicesImpl@4963a1c2
    SERVER_APPS_DIR = "${server.output.dir}/apps/"
    EXPANDED_APPS_DIR = "${server.output.dir}/apps/expanded/"
    bundleContext = class org.eclipse.osgi.internal.framework.BundleContextImpl@31619630
      valid = true
      bundle = class org.eclipse.osgi.internal.framework.EquinoxBundle@66eef3e1
      container = class org.eclipse.osgi.internal.framework.EquinoxContainer@7bb31a92
      debug = class org.eclipse.osgi.internal.debug.Debug@1cf375d2
      servicesInUse = class java.util.HashMap@439ba300
      activator = null
      contextLock = class java.lang.Object@3bcd1ed9
    applicationInfoFactory = class com.ibm.ws.container.service.app.deploy.internal.ApplicationInfoFactoryImpl@5bd15249
    futureMonitor = class com.ibm.ws.threading.internal.FutureMonitorImpl@6c733198
    classLoadingService = class com.ibm.ws.classloading.internal.ClassLoadingServiceImpl@2d04b44
    globalSharedLibrary = class com.ibm.ws.library.internal.SharedLibraryImpl@3ccdb390
    globalSharedLibraryPid = "com.ibm.ws.classloading.sharedlibrary_33"
    configAdmin = class com.ibm.ws.config.admin.internal.ConfigurationAdminImpl@2fbd4625
    metaDataService = class com.ibm.ws.container.service.metadata.internal.MetaDataServiceImpl@1b8b468e
    stateChangeService = class com.ibm.ws.container.service.state.internal.StateChangeServiceImpl@2a275ecc
    allModuleTypes = class java.lang.String[4]
      String[0] = "ejb"
      String[1] = "web"
      String[2] = "client"
      String[3] = "connector"
    moduleMetaDataExtenders = class java.util.concurrent.ConcurrentHashMap@4bd5f154
      serialVersionUID = 7249069246763182397
      MAXIMUM_CAPACITY = 1073741824
      DEFAULT_CAPACITY = 16
      MAX_ARRAY_SIZE = 2147483639
      DEFAULT_CONCURRENCY_LEVEL = 16
      LOAD_FACTOR = 0.75
      TREEIFY_THRESHOLD = 8
      UNTREEIFY_THRESHOLD = 6
      MIN_TREEIFY_CAPACITY = 64
      MIN_TRANSFER_STRIDE = 16
      RESIZE_STAMP_BITS = 16
      MAX_RESIZERS = 65535
      RESIZE_STAMP_SHIFT = 16
      MOVED = -1
      TREEBIN = -2
      RESERVED = -3
      HASH_BITS = 2147483647
      NCPU = 8
      serialPersistentFields = class java.io.ObjectStreamField[3]
      table = class java.util.concurrent.ConcurrentHashMap$Node[16]
      nextTable = null
      baseCount = 4
      sizeCtl = 12
      transferIndex = 0
      cellsBusy = 0
      counterCells = null
      keySet = null
      values = null
      entrySet = null
      U = class sun.misc.Unsafe@435bb527
      SIZECTL = 20
      TRANSFERINDEX = 32
      BASECOUNT = 24
      CELLSBUSY = 36
      CELLVALUE = 144
      ABASE = 16
      ASHIFT = 2
      keySet = null
      values = null
    nestedModuleMetaDataFactories = class java.util.concurrent.ConcurrentHashMap@33727885
      serialVersionUID = 7249069246763182397
      MAXIMUM_CAPACITY = 1073741824
      DEFAULT_CAPACITY = 16
      MAX_ARRAY_SIZE = 2147483639
      DEFAULT_CONCURRENCY_LEVEL = 16
      LOAD_FACTOR = 0.75
      TREEIFY_THRESHOLD = 8
      UNTREEIFY_THRESHOLD = 6
      MIN_TREEIFY_CAPACITY = 64
      MIN_TRANSFER_STRIDE = 16
      RESIZE_STAMP_BITS = 16
      MAX_RESIZERS = 65535
      RESIZE_STAMP_SHIFT = 16
      MOVED = -1
      TREEBIN = -2
      RESERVED = -3
      HASH_BITS = 2147483647
      NCPU = 8
      serialPersistentFields = class java.io.ObjectStreamField[3]
      table = class java.util.concurrent.ConcurrentHashMap$Node[16]
      nextTable = null
      baseCount = 4
      sizeCtl = 12
      transferIndex = 0
      cellsBusy = 0
      counterCells = null
      keySet = null
      values = null
      entrySet = null
      U = class sun.misc.Unsafe@435bb527
      SIZECTL = 20
      TRANSFERINDEX = 32
      BASECOUNT = 24
      CELLSBUSY = 36
      CELLVALUE = 144
      ABASE = 16
      ASHIFT = 2
      keySet = null
      values = null
    permissionManager = class com.ibm.ws.classloading.java2sec.PermissionManager@7e37c5b8
    locAdmin = class com.ibm.ws.kernel.service.location.internal.WsLocationAdminImpl@102abb23
      tc = class com.ibm.websphere.ras.TraceComponent@25c50d40
      LOC_INTERNAL_LIB_DIR = "wlp.lib.dir"
      LOC_INTERNAL_WORKAREA_DIR = "wlp.workarea.dir"
      LOC_AREA_NAME_APPS = "shared/apps/"
      LOC_AREA_NAME_CONFIG = "shared/config/"
      LOC_AREA_NAME_RESC = "shared/resources/"
      LOC_AREA_NAME_STATE = "logs/state/"
      LOC_AREA_NAME_SERVERS = "servers/"
      LOC_AREA_NAME_CLIENTS = "clients/"
      LOC_AREA_NAME_WORKING = "workarea/"
      LOC_AREA_NAME_EXTENSION = "extension/"
      instance = class com.ibm.ws.kernel.service.location.internal.WsLocationAdminImpl@102abb23
      installRoot = class com.ibm.ws.kernel.service.location.internal.SymbolicRootResource@2004ede7
      installParentRoot = class com.ibm.ws.kernel.service.location.internal.SymbolicRootResource@1ed9ceae
      userRoot = class com.ibm.ws.kernel.service.location.internal.SymbolicRootResource@511b6d80
      usrExtensionRoot = class com.ibm.ws.kernel.service.location.internal.SymbolicRootResource@30d49da5
      serverConfigDir = class com.ibm.ws.kernel.service.location.internal.SymbolicRootResource@37b8358d
      serverOutputDir = class com.ibm.ws.kernel.service.location.internal.SymbolicRootResource@37b8358d
      bootstrapLib = class com.ibm.ws.kernel.service.location.internal.LocalFileResource@67c4316a
      serverWorkarea = class com.ibm.ws.kernel.service.location.internal.LocalFileResource@6d39277f
      serverState = class com.ibm.ws.kernel.service.location.internal.LocalFileResource@7914b6c8
      sharedAppsRoot = class com.ibm.ws.kernel.service.location.internal.SymbolicRootResource@f76e03a
      sharedConfigRoot = class com.ibm.ws.kernel.service.location.internal.SymbolicRootResource@497fdfdf
      sharedResourceRoot = class com.ibm.ws.kernel.service.location.internal.SymbolicRootResource@6d591b50
      tmpRoot = class com.ibm.ws.kernel.service.location.internal.SymbolicRootResource@31a752c5
      serverName = "documents"
      resourcePaths = class java.util.ArrayList@9e803fb
      resourceGroups = class java.util.HashMap@3e5eb43e
      commonRoot = class com.ibm.ws.kernel.service.location.internal.VirtualRootResource@1bf8bb3e
      serialVersionUID = -5748835026800463299
    artifactFactory = class com.ibm.ws.artifact.internal.ArtifactContainerFactoryService@7bd1b6b0
      CATEGORY_PROP_NAME = "category"
      ENTRY_KEY = "com.ibm.wsspi.artifact.ArtifactEntry"
      helperMap = class com.ibm.wsspi.kernel.service.utils.ConcurrentServiceReferenceSetMap@19f5f80e
      contributorMap = class com.ibm.wsspi.kernel.service.utils.ConcurrentServiceReferenceSetMap@25bfdbd5
      helperCategoryMap = class com.ibm.wsspi.kernel.service.utils.ConcurrentServiceReferenceSetMap@72500a28
      contributorCategoryMap = class com.ibm.wsspi.kernel.service.utils.ConcurrentServiceReferenceSetMap@1f7a747a
      categories = class java.util.Collections$SynchronizedSet@2979da13
      baseProperties = class org.apache.felix.scr.impl.helper.ReadOnlyDictionary@72c3dd9a
      registration = class com.ibm.ws.kernel.service.util.ServiceRegistrationModifier@3098a0
      serialVersionUID = 6566424214406946230
      $$$tc$$$ = class com.ibm.websphere.ras.TraceComponent@46665123
    moduleFactory = class com.ibm.ws.adaptable.module.internal.AdaptableModuleFactoryImpl@44a623fb
      adapterFactoryService = class com.ibm.ws.adaptable.module.internal.AdapterFactoryServiceImpl@5d85d3ad
      containerFactory = class com.ibm.ws.artifact.internal.ArtifactContainerFactoryService@7bd1b6b0
      overlayContainerFactory = class com.ibm.ws.artifact.overlay.internal.OverlayContainerFactoryImpl@1c3654da
      serialVersionUID = 4200251809856292987
      $$$tc$$$ = class com.ibm.websphere.ras.TraceComponent@52729a9c
    serialVersionUID = 8537801607979767986
    $$$tc$$$ = class com.ibm.websphere.ras.TraceComponent@76a3680f
      strings[0] = "TraceComponent[com.ibm.ws.app.manager.module.internal.DeployedAppServicesImpl,class com.ibm.ws.app.manager.module.internal.DeployedAppServicesImpl,[applications, app.manager],null,null]"
  futureMonitor = class com.ibm.ws.threading.internal.FutureMonitorImpl@6c733198
    _monitor = class java.util.concurrent.ConcurrentLinkedQueue@47283047
      serialVersionUID = 196745693267521676
      head = class java.util.concurrent.ConcurrentLinkedQueue$Node@12d11d7e
      tail = class java.util.concurrent.ConcurrentLinkedQueue$Node@12d11d7e
      UNSAFE = class sun.misc.Unsafe@435bb527
      headOffset = 12
      tailOffset = 16
      MAX_ARRAY_SIZE = 2147483639
    _executor = class com.ibm.ws.threading.internal.ScheduledExecutorImpl@4d778ff8
      threadGroupName = "Scheduled Executor Thread Group"
      executor = class com.ibm.ws.threading.internal.ExecutorServiceImpl@8c1de60
      serialVersionUID = -9110693807503469597
      $$$tc$$$ = class com.ibm.websphere.ras.TraceComponent@7a478f40
      continueExistingPeriodicTasksAfterShutdown = false
      executeExistingDelayedTasksAfterShutdown = true
      removeOnCancel = false
      sequencer = class java.util.concurrent.atomic.AtomicLong@514c123
      ctl = class java.util.concurrent.atomic.AtomicInteger@ff03476
      COUNT_BITS = 29
      CAPACITY = 536870911
      RUNNING = -536870912
      SHUTDOWN = 0
      STOP = 536870912
      TIDYING = 1073741824
      TERMINATED = 1610612736
      workQueue = class java.util.concurrent.ScheduledThreadPoolExecutor$DelayedWorkQueue@2e6f6d8
      mainLock = class java.util.concurrent.locks.ReentrantLock@7e439ca2
      workers = class java.util.HashSet@5dfd4790
      termination = class java.util.concurrent.locks.AbstractQueuedSynchronizer$ConditionObject@53a09bdd
      largestPoolSize = 1
      completedTaskCount = 0
      threadFactory = class com.ibm.ws.threading.internal.ThreadFactoryImpl@481d1b1
      handler = class java.util.concurrent.ThreadPoolExecutor$AbortPolicy@33f7c776
      keepAliveTime = 0
      allowCoreThreadTimeOut = false
      corePoolSize = 1
      maximumPoolSize = 2147483647
      defaultHandler = class java.util.concurrent.ThreadPoolExecutor$AbortPolicy@33f7c776
      shutdownPerm = class java.lang.RuntimePermission@64decca6
      acc = null
      ONLY_ONE = true
      $assertionsDisabled = true
    _threadRunning = class java.util.concurrent.atomic.AtomicBoolean@43d9459a
      serialVersionUID = 4654671469794556979
      unsafe = class sun.misc.Unsafe@435bb527
      valueOffset = 12
      value = 0
    _thread = class com.ibm.ws.threading.internal.FutureMonitorImpl$1@203466ac
      this$0 = class com.ibm.ws.threading.internal.FutureMonitorImpl@6c733198
      serialVersionUID = 2422512430832938099
      $$$tc$$$ = class com.ibm.websphere.ras.TraceComponent@692fdde0
    serialVersionUID = 2765238413969174390
    $$$tc$$$ = class com.ibm.websphere.ras.TraceComponent@69c13b54
      strings[0] = "TraceComponent[com.ibm.ws.threading.internal.FutureMonitorImpl,class com.ibm.ws.threading.internal.FutureMonitorImpl,[Threading],com.ibm.ws.threading.internal.resources.ThreadingMessages,null]"
  appInfoFactory = class com.ibm.ws.container.service.app.deploy.internal.ApplicationInfoFactoryImpl@5bd15249
    j2eeNameFactory = class com.ibm.wsspi.kernel.service.utils.AtomicServiceReference@60d98707
      referenceName = "j2eeNameFactory"
      tuple = class java.util.concurrent.atomic.AtomicReference@599599c6
      serialVersionUID = 2226592364007985000
      $$$tc$$$ = class com.ibm.websphere.ras.TraceComponent@24eab193
    names = class java.util.HashSet@2389a34e
      serialVersionUID = -5024744406713321676
      map = class java.util.HashMap@2b87ac8b
      PRESENT = class java.lang.Object@3e808375
      MAX_ARRAY_SIZE = 2147483639
    serialVersionUID = 6232436640731165768
    $$$tc$$$ = class com.ibm.websphere.ras.TraceComponent@413add13
      strings[0] = "TraceComponent[com.ibm.ws.container.service.app.deploy.internal.ApplicationInfoFactoryImpl,class com.ibm.ws.container.service.app.deploy.internal.ApplicationInfoFactoryImpl,[container.service],com.ibm.ws.container.service.resources.Messages,null]"
  metaDataService = class com.ibm.ws.container.service.metadata.internal.MetaDataServiceImpl@1b8b468e
    applicationMetaDataManager = class com.ibm.ws.container.service.metadata.internal.ApplicationMetaDataManager@3de374d7
      serialVersionUID = 1843747281024490904
      $$$tc$$$ = class com.ibm.websphere.ras.TraceComponent@20cc2369
      listeners = class com.ibm.wsspi.kernel.service.utils.ConcurrentServiceReferenceSet@62964d6d
      metaDataIDs = class com.ibm.ws.container.service.metadata.internal.IndexList@e9e036a
      metaDatas = class java.util.ArrayList@30a89df
      slotIDs = class com.ibm.ws.container.service.metadata.internal.IndexList@4fa08b40
      serialVersionUID = 5464421863354792977
      $$$tc$$$ = class com.ibm.websphere.ras.TraceComponent@4f0c8f45
    moduleMetaDataManager = class com.ibm.ws.container.service.metadata.internal.ModuleMetaDataManager@59d86d6e
      serialVersionUID = 2513574389899327209
      $$$tc$$$ = class com.ibm.websphere.ras.TraceComponent@518c58fd
      listeners = class com.ibm.wsspi.kernel.service.utils.ConcurrentServiceReferenceSet@1b50a39b
      metaDataIDs = class com.ibm.ws.container.service.metadata.internal.IndexList@46e31196
      metaDatas = class java.util.ArrayList@5b630647
      slotIDs = class com.ibm.ws.container.service.metadata.internal.IndexList@776d189e
      serialVersionUID = 5464421863354792977
      $$$tc$$$ = class com.ibm.websphere.ras.TraceComponent@4f0c8f45
    componentMetaDataManager = class com.ibm.ws.container.service.metadata.internal.ComponentMetaDataManager@79ce9080
      serialVersionUID = 8629793739641703882
      $$$tc$$$ = class com.ibm.websphere.ras.TraceComponent@7791742a
      listeners = class com.ibm.wsspi.kernel.service.utils.ConcurrentServiceReferenceSet@1b5b51b
      metaDataIDs = class com.ibm.ws.container.service.metadata.internal.IndexList@643393b1
      metaDatas = class java.util.ArrayList@6310a2ee
      slotIDs = class com.ibm.ws.container.service.metadata.internal.IndexList@6f2ace93
      serialVersionUID = 5464421863354792977
      $$$tc$$$ = class com.ibm.websphere.ras.TraceComponent@4f0c8f45
    methodMetaDataManager = class com.ibm.ws.container.service.metadata.internal.MethodMetaDataManager@6cb4eedb
      serialVersionUID = -8002489041502300640
      $$$tc$$$ = class com.ibm.websphere.ras.TraceComponent@3b8c4c1
      listeners = class com.ibm.wsspi.kernel.service.utils.ConcurrentServiceReferenceSet@63899e86
      metaDataIDs = class com.ibm.ws.container.service.metadata.internal.IndexList@7f6e9bbc
      metaDatas = class java.util.ArrayList@4951696c
      slotIDs = class com.ibm.ws.container.service.metadata.internal.IndexList@3d83c9e6
      serialVersionUID = 5464421863354792977
      $$$tc$$$ = class com.ibm.websphere.ras.TraceComponent@4f0c8f45
    appModuleNameToModuleContainer = class java.util.concurrent.ConcurrentHashMap@4a577a56
      serialVersionUID = 7249069246763182397
      MAXIMUM_CAPACITY = 1073741824
      DEFAULT_CAPACITY = 16
      MAX_ARRAY_SIZE = 2147483639
      DEFAULT_CONCURRENCY_LEVEL = 16
      LOAD_FACTOR = 0.75
      TREEIFY_THRESHOLD = 8
      UNTREEIFY_THRESHOLD = 6
      MIN_TREEIFY_CAPACITY = 64
      MIN_TRANSFER_STRIDE = 16
      RESIZE_STAMP_BITS = 16
      MAX_RESIZERS = 65535
      RESIZE_STAMP_SHIFT = 16
      MOVED = -1
      TREEBIN = -2
      RESERVED = -3
      HASH_BITS = 2147483647
      NCPU = 8
      serialPersistentFields = class java.io.ObjectStreamField[3]
      table = class java.util.concurrent.ConcurrentHashMap$Node[16]
      nextTable = null
      baseCount = 6
      sizeCtl = 12
      transferIndex = 0
      cellsBusy = 0
      counterCells = null
      keySet = null
      values = null
      entrySet = null
      U = class sun.misc.Unsafe@435bb527
      SIZECTL = 20
      TRANSFERINDEX = 32
      BASECOUNT = 24
      CELLSBUSY = 36
      CELLVALUE = 144
      ABASE = 16
      ASHIFT = 2
      keySet = null
      values = null
    jeeNameToComponentMetaData = class java.util.concurrent.ConcurrentHashMap@50fedd6f
      serialVersionUID = 7249069246763182397
      MAXIMUM_CAPACITY = 1073741824
      DEFAULT_CAPACITY = 16
      MAX_ARRAY_SIZE = 2147483639
      DEFAULT_CONCURRENCY_LEVEL = 16
      LOAD_FACTOR = 0.75
      TREEIFY_THRESHOLD = 8
      UNTREEIFY_THRESHOLD = 6
      MIN_TREEIFY_CAPACITY = 64
      MIN_TRANSFER_STRIDE = 16
      RESIZE_STAMP_BITS = 16
      MAX_RESIZERS = 65535
      RESIZE_STAMP_SHIFT = 16
      MOVED = -1
      TREEBIN = -2
      RESERVED = -3
      HASH_BITS = 2147483647
      NCPU = 8
      serialPersistentFields = class java.io.ObjectStreamField[3]
      table = class java.util.concurrent.ConcurrentHashMap$Node[32]
      nextTable = null
      baseCount = 13
      sizeCtl = 24
      transferIndex = 0
      cellsBusy = 0
      counterCells = null
      keySet = null
      values = null
      entrySet = null
      U = class sun.misc.Unsafe@435bb527
      SIZECTL = 20
      TRANSFERINDEX = 32
      BASECOUNT = 24
      CELLSBUSY = 36
      CELLVALUE = 144
      ABASE = 16
      ASHIFT = 2
      keySet = null
      values = null
    deferredMetaDataFactories = class com.ibm.wsspi.kernel.service.utils.ConcurrentServiceReferenceSet@5db90d60
      referenceName = "deferredMetaDataFactory"
      contextRef = class java.util.concurrent.atomic.AtomicReference@17770cfd
      elementMap = class java.util.LinkedHashMap@39ebb4ba
      elementSet = class java.util.concurrent.ConcurrentSkipListSet@28807caf
      elementSetUnsorted = false
      serialVersionUID = 756240983881166148
      $$$tc$$$ = class com.ibm.websphere.ras.TraceComponent@78434fab
    deferredMetaDataInitializers = class com.ibm.wsspi.kernel.service.utils.ConcurrentServiceReferenceMap@1630f23a
      referenceName = "deferredMetaDataFactory"
      context = class org.apache.felix.scr.impl.manager.ComponentContextImpl@3a33548e
      elementMap = class java.util.concurrent.ConcurrentHashMap@77ab5357
      serialVersionUID = 6980924785166233786
      $$$tc$$$ = class com.ibm.websphere.ras.TraceComponent@65b9dbbf
    serialVersionUID = -2494605732980966097
    $$$tc$$$ = class com.ibm.websphere.ras.TraceComponent@46f118a8
      strings[0] = "TraceComponent[com.ibm.ws.container.service.metadata.internal.MetaDataServiceImpl,class com.ibm.ws.container.service.metadata.internal.MetaDataServiceImpl,[Runtime],null,null]"
  stateChangeService = class com.ibm.ws.container.service.state.internal.StateChangeServiceImpl@2a275ecc
    applicationStateManager = class com.ibm.ws.container.service.state.internal.ApplicationStateManager@55e31058
      serialVersionUID = -6685368059484454124
      $$$tc$$$ = class com.ibm.websphere.ras.TraceComponent@41fcaf84
      listeners = class com.ibm.wsspi.kernel.service.utils.ConcurrentServiceReferenceSet@4d6a9e22
      serialVersionUID = 2284273176985484160
      $$$tc$$$ = class com.ibm.websphere.ras.TraceComponent@7c6a6e90
    moduleStateManager = class com.ibm.ws.container.service.state.internal.ModuleStateManager@2cabf8de
      serialVersionUID = -5540260902341249963
      $$$tc$$$ = class com.ibm.websphere.ras.TraceComponent@49e712b0
      listeners = class com.ibm.wsspi.kernel.service.utils.ConcurrentServiceReferenceSet@19e9d7e3
      serialVersionUID = 2284273176985484160
      $$$tc$$$ = class com.ibm.websphere.ras.TraceComponent@7c6a6e90
    serialVersionUID = -537917915330350560
    $$$tc$$$ = class com.ibm.websphere.ras.TraceComponent@628586ed
      strings[0] = "TraceComponent[com.ibm.ws.container.service.state.internal.StateChangeServiceImpl,class com.ibm.ws.container.service.state.internal.StateChangeServiceImpl,[Runtime],null,null]"
  moduleClassesInfo = class com.ibm.ws.app.manager.module.internal.SimpleDeployedAppInfoBase$ModuleClassesInfoProvider@456f5d41
    entryContainerInfosMap = class java.util.HashMap@28ec229e
      serialVersionUID = 362498820763181265
      DEFAULT_INITIAL_CAPACITY = 16
      MAXIMUM_CAPACITY = 1073741824
      DEFAULT_LOAD_FACTOR = 0.75
      TREEIFY_THRESHOLD = 8
      UNTREEIFY_THRESHOLD = 6
      MIN_TREEIFY_CAPACITY = 64
      table = null
      entrySet = null
      size = 0
      modCount = 0
      threshold = 0
      loadFactor = 0.75
      keySet = null
      values = null
    serialVersionUID = -70332790531324534
    $$$tc$$$ = class com.ibm.websphere.ras.TraceComponent@30f542bf
      strings[0] = "TraceComponent[com.ibm.ws.app.manager.module.internal.SimpleDeployedAppInfoBase$ModuleClassesInfoProvider,class com.ibm.ws.app.manager.module.internal.SimpleDeployedAppInfoBase$ModuleClassesInfoProvider,[applications, app.manager],null,null]"
  moduleContainerInfos = class java.util.ArrayList@1156899f
    serialVersionUID = 8683452581122892189
    DEFAULT_CAPACITY = 10
    EMPTY_ELEMENTDATA = class java.lang.Object[0]
    DEFAULTCAPACITY_EMPTY_ELEMENTDATA = class java.lang.Object[0]
    elementData = class java.lang.Object[10]
      Object[0] = class com.ibm.ws.app.manager.module.internal.SimpleDeployedAppInfoBase$WebModuleContainerInfo@21cbe1a7
      Object[1] = null
      Object[2] = null
      Object[3] = null
      Object[4] = null
      Object[5] = null
      Object[6] = null
      Object[7] = null
      Object[8] = null
      Object[9] = null
    size = 1
    MAX_ARRAY_SIZE = 2147483639
    modCount = 1
    MAX_ARRAY_SIZE = 2147483639
  activeModuleHandlers = class java.util.IdentityHashMap@40c4d2e6
    DEFAULT_CAPACITY = 32
    MINIMUM_CAPACITY = 4
    MAXIMUM_CAPACITY = 536870912
    table = class java.lang.Object[16]
      Object[0] = null
      Object[1] = null
      Object[2] = null
      Object[3] = null
      Object[4] = null
      Object[5] = null
      Object[6] = null
      Object[7] = null
      Object[8] = null
      Object[9] = null
      Object[10] = null
      Object[11] = null
      Object[12] = null
      Object[13] = null
      Object[14] = null
      Object[15] = null
    size = 0
    modCount = 2
    NULL_KEY = class java.lang.Object@60952387
    entrySet = null
    serialVersionUID = 8188218128353913216
    keySet = null
    values = null
  serialVersionUID = -2685719801501752993
  $$$tc$$$ = class com.ibm.websphere.ras.TraceComponent@4627a345
    strings[0] = "TraceComponent[com.ibm.ws.app.manager.module.internal.SimpleDeployedAppInfoBase,class com.ibm.ws.app.manager.module.internal.SimpleDeployedAppInfoBase,[applications, app.manager],null,null]"

Dump of objectArray[0]
Object type = com.ibm.ws.threading.internal.NonCancelableResultFuture
  _done = false
  _result = null
  _failure = null
  _listeners = class java.util.concurrent.ConcurrentLinkedQueue@6aa93e3b
    serialVersionUID = 196745693267521676
    head = class java.util.concurrent.ConcurrentLinkedQueue$Node@3b2ba9f8
      item = null
      next = null
      UNSAFE = class sun.misc.Unsafe@435bb527
      itemOffset = 12
      nextOffset = 16
    tail = class java.util.concurrent.ConcurrentLinkedQueue$Node@3b2ba9f8
    UNSAFE = class sun.misc.Unsafe@435bb527
      theUnsafe = class sun.misc.Unsafe@435bb527
      INVALID_FIELD_OFFSET = -1
      ARRAY_BOOLEAN_BASE_OFFSET = 16
      ARRAY_BYTE_BASE_OFFSET = 16
      ARRAY_SHORT_BASE_OFFSET = 16
      ARRAY_CHAR_BASE_OFFSET = 16
      ARRAY_INT_BASE_OFFSET = 16
      ARRAY_LONG_BASE_OFFSET = 16
      ARRAY_FLOAT_BASE_OFFSET = 16
      ARRAY_DOUBLE_BASE_OFFSET = 16
      ARRAY_OBJECT_BASE_OFFSET = 16
      ARRAY_BOOLEAN_INDEX_SCALE = 1
      ARRAY_BYTE_INDEX_SCALE = 1
      ARRAY_SHORT_INDEX_SCALE = 2
      ARRAY_CHAR_INDEX_SCALE = 2
      ARRAY_INT_INDEX_SCALE = 4
      ARRAY_LONG_INDEX_SCALE = 8
      ARRAY_FLOAT_INDEX_SCALE = 4
      ARRAY_DOUBLE_INDEX_SCALE = 8
      ARRAY_OBJECT_INDEX_SCALE = 4
      ADDRESS_SIZE = 8
    headOffset = 12
    tailOffset = 16
    MAX_ARRAY_SIZE = 2147483639
  _notifiedListeners = class java.util.concurrent.atomic.AtomicBoolean@674abc3d
    serialVersionUID = 4654671469794556979
    unsafe = class sun.misc.Unsafe@435bb527
    valueOffset = 12
    value = 0
  serialVersionUID = -296387658814354272
  $$$tc$$$ = class com.ibm.websphere.ras.TraceComponent@583334c0
    strings[0] = "TraceComponent[com.ibm.ws.threading.internal.NonCancelableResultFuture,class com.ibm.ws.threading.internal.NonCancelableResultFuture,[Threading],com.ibm.ws.threading.internal.resources.ThreadingMessages,null]"

