------Start of DE processing------ = [03/01/22 14:18:15:411 EET]
Exception = com.ibm.ws.container.service.state.StateChangeException
Source = com.ibm.ws.app.manager.module.internal.SimpleDeployedAppInfoBase
probeid = 548
Stack Dump = com.ibm.ws.container.service.state.StateChangeException: org.jboss.weld.exceptions.DefinitionException: CWMFT5021E: The fallback method fallback with parameter and return types matching method checkConcurrentRequests was not found in the class hierarchy of class com.example.documents.ResilienceController.
	at com.ibm.ws.container.service.state.internal.ApplicationStateManager.fireStarting(ApplicationStateManager.java:55)
	at com.ibm.ws.container.service.state.internal.StateChangeServiceImpl.fireApplicationStarting(StateChangeServiceImpl.java:50)
	at com.ibm.ws.app.manager.module.internal.SimpleDeployedAppInfoBase.preDeployApp(SimpleDeployedAppInfoBase.java:547)
	at com.ibm.ws.app.manager.module.internal.SimpleDeployedAppInfoBase.installApp(SimpleDeployedAppInfoBase.java:508)
	at com.ibm.ws.app.manager.module.internal.DeployedAppInfoBase.deployApp(DeployedAppInfoBase.java:349)
	at com.ibm.ws.app.manager.war.internal.WARApplicationHandlerImpl.install(WARApplicationHandlerImpl.java:65)
	at com.ibm.ws.app.manager.internal.statemachine.StartAction.execute(StartAction.java:149)
	at com.ibm.ws.app.manager.internal.statemachine.ApplicationStateMachineImpl.enterState(ApplicationStateMachineImpl.java:1352)
	at com.ibm.ws.app.manager.internal.statemachine.ApplicationStateMachineImpl.performAction(ApplicationStateMachineImpl.java:1217)
	at com.ibm.ws.app.manager.internal.statemachine.ApplicationStateMachineImpl.run(ApplicationStateMachineImpl.java:905)
	at com.ibm.ws.threading.internal.ExecutorServiceImpl$RunnableWrapper.run(ExecutorServiceImpl.java:238)
	at java.util.concurrent.ThreadPoolExecutor.runWorker(ThreadPoolExecutor.java:1149)
	at java.util.concurrent.ThreadPoolExecutor$Worker.run(ThreadPoolExecutor.java:624)
	at java.lang.Thread.run(Thread.java:748)
Caused by: org.jboss.weld.exceptions.DefinitionException: CWMFT5021E: The fallback method fallback with parameter and return types matching method checkConcurrentRequests was not found in the class hierarchy of class com.example.documents.ResilienceController.
	at org.jboss.weld.bootstrap.events.ContainerLifecycleEvents.fireProcessAnnotatedType(ContainerLifecycleEvents.java:189)
	at org.jboss.weld.bootstrap.events.ContainerLifecycleEvents.fireProcessAnnotatedType(ContainerLifecycleEvents.java:173)
	at org.jboss.weld.bootstrap.BeanDeployer.processAnnotatedTypes(BeanDeployer.java:166)
	at org.jboss.weld.bootstrap.BeanDeployment.createTypes(BeanDeployment.java:219)
	at org.jboss.weld.bootstrap.WeldStartup.startInitialization(WeldStartup.java:426)
	at org.jboss.weld.bootstrap.WeldBootstrap.startInitialization(WeldBootstrap.java:79)
	at com.ibm.ws.cdi.impl.CDIContainerImpl$2.run(CDIContainerImpl.java:155)
	at com.ibm.ws.cdi.impl.CDIContainerImpl$2.run(CDIContainerImpl.java:152)
	at java.security.AccessController.doPrivileged(Native Method)
	at com.ibm.ws.cdi.impl.CDIContainerImpl.startInitialization(CDIContainerImpl.java:152)
	at com.ibm.ws.cdi.liberty.CDIRuntimeImpl.applicationStarting(CDIRuntimeImpl.java:480)
	at com.ibm.ws.container.service.state.internal.ApplicationStateManager.fireStarting(ApplicationStateManager.java:51)
	... 13 more
Caused by: org.eclipse.microprofile.faulttolerance.exceptions.FaultToleranceDefinitionException: CWMFT5021E: The fallback method fallback with parameter and return types matching method checkConcurrentRequests was not found in the class hierarchy of class com.example.documents.ResilienceController.
	at com.ibm.ws.microprofile.faulttolerance.cdi.config.impl.FallbackConfigImpl.validate(FallbackConfigImpl.java:119)
	at com.ibm.ws.microprofile.faulttolerance.cdi.FaultToleranceCDIExtension.processMethod(FaultToleranceCDIExtension.java:187)
	at com.ibm.ws.microprofile.faulttolerance.cdi.FaultToleranceCDIExtension.processAnnotatedType(FaultToleranceCDIExtension.java:133)
	at sun.reflect.GeneratedMethodAccessor879.invoke(Unknown Source)
	at java.lang.reflect.Method.invoke(Method.java:498)
	at org.jboss.weld.injection.StaticMethodInjectionPoint.invoke(StaticMethodInjectionPoint.java:95)
	at org.jboss.weld.injection.MethodInvocationStrategy$SpecialParamPlusBeanManagerStrategy.invoke(MethodInvocationStrategy.java:187)
	at org.jboss.weld.event.ObserverMethodImpl.sendEvent(ObserverMethodImpl.java:330)
	at org.jboss.weld.event.ExtensionObserverMethodImpl.sendEvent(ExtensionObserverMethodImpl.java:123)
	at org.jboss.weld.event.ObserverMethodImpl.sendEvent(ObserverMethodImpl.java:308)
	at org.jboss.weld.event.ObserverMethodImpl.notify(ObserverMethodImpl.java:286)
	at javax.enterprise.inject.spi.ObserverMethod.notify(ObserverMethod.java:124)
	at org.jboss.weld.util.Observers.notify(Observers.java:166)
	at org.jboss.weld.event.ObserverNotifier.notifySyncObservers(ObserverNotifier.java:285)
	at org.jboss.weld.event.ObserverNotifier.notify(ObserverNotifier.java:273)
	at org.jboss.weld.event.ObserverNotifier.fireEvent(ObserverNotifier.java:189)
	at org.jboss.weld.bootstrap.events.ContainerLifecycleEvents.fireProcessAnnotatedType(ContainerLifecycleEvents.java:187)
	... 24 more

Dump of callerThis
Object type = com.ibm.ws.app.manager.war.internal.WARDeployedAppInfo
  CONTEXT_ROOT = "context-root"
  webContainerModuleInfo = class com.ibm.ws.app.manager.module.internal.SimpleDeployedAppInfoBase$WebModuleContainerInfo@2babd0fa
    contextRoot = "/"
    defaultContextRoot = "documents"
    serialVersionUID = 4617657913043497664
    $$$tc$$$ = class com.ibm.websphere.ras.TraceComponent@35416f7a
      strings[0] = "TraceComponent[com.ibm.ws.app.manager.module.internal.SimpleDeployedAppInfoBase$WebModuleContainerInfo,class com.ibm.ws.app.manager.module.internal.SimpleDeployedAppInfoBase$WebModuleContainerInfo,[applications, app.manager],null,null]"
    moduleHandler = class com.ibm.ws.app.manager.web.internal.WebModuleHandlerImpl@1506e4d
      serialVersionUID = 4795602325763828210
      $$$tc$$$ = class com.ibm.websphere.ras.TraceComponent@53a5921a
      futureMonitor = class com.ibm.ws.threading.internal.FutureMonitorImpl@23e4ca3d
      metaDataService = class com.ibm.ws.container.service.metadata.internal.MetaDataServiceImpl@6fe2fe36
      stateChangeService = class com.ibm.ws.container.service.state.internal.StateChangeServiceImpl@39e26897
      moduleRuntimeContainer = class com.ibm.ws.webcontainer.osgi.WebContainer@603755b2
      firstFailure = null
      serialVersionUID = -4563697739413190872
      $$$tc$$$ = class com.ibm.websphere.ras.TraceComponent@29637243
    moduleMetaDataExtenders = class java.util.Collections$UnmodifiableRandomAccessList@6044e5c5
      serialVersionUID = -2542308836966382001
      serialVersionUID = -283967356065247728
      list = class java.util.concurrent.CopyOnWriteArrayList@2d918c25
      serialVersionUID = 1820017752578914078
      c = class java.util.concurrent.CopyOnWriteArrayList@2d918c25
    nestedModuleMetaDataFactories = class java.util.Collections$UnmodifiableRandomAccessList@2b9193cb
      serialVersionUID = -2542308836966382001
      serialVersionUID = -283967356065247728
      list = class java.util.concurrent.CopyOnWriteArrayList@46fd432a
      serialVersionUID = 1820017752578914078
      c = class java.util.concurrent.CopyOnWriteArrayList@46fd432a
    nestedModules = null
    moduleName = "documents"
    moduleDD = null
    moduleInfo = class com.ibm.ws.app.manager.module.internal.WebModuleInfoImpl@894cb6f
      contextRoot = "/"
      isDefaultContextRootUsed = false
      defaultContextRoot = "documents"
      serialVersionUID = -6699247856069243844
      $$$tc$$$ = class com.ibm.websphere.ras.TraceComponent@625f199b
      tc = class com.ibm.websphere.ras.TraceComponent@2f333830
      appInfo = class com.ibm.ws.container.service.app.deploy.internal.ApplicationInfoImpl@5c9665d2
      moduleName = "documents"
      path = "documents.war"
      moduleContainer = class com.ibm.ws.adaptable.module.internal.AdaptableContainerImpl@dc5e58e
      altDDEntry = null
      moduleClassesContainers = class java.util.ArrayList@57e9a82
      classLoaderFactory = class com.ibm.ws.app.manager.war.internal.WARDeployedAppInfo@4fcccc19
      containerInfoType = class com.ibm.ws.container.service.app.deploy.ContainerInfo$Type@4bf956f
      classLoader = class com.ibm.ws.classloading.internal.AppClassLoader@67047055
      moduleMetaData = class com.ibm.ws.webcontainer.osgi.metadata.WebModuleMetaDataImpl@2a20ba43
      nestedModuleMetaDataTypes = null
      nestedModuleMetaDataValues = null
      serialVersionUID = 3986734351620206554
    serialVersionUID = 5122721995888983779
    $$$tc$$$ = class com.ibm.websphere.ras.TraceComponent@7c938453
      strings[0] = "TraceComponent[com.ibm.ws.app.manager.module.internal.SimpleDeployedAppInfoBase$ModuleContainerInfoBase,class com.ibm.ws.app.manager.module.internal.SimpleDeployedAppInfoBase$ModuleContainerInfoBase,[applications, app.manager],null,null]"
    type = class com.ibm.ws.container.service.app.deploy.ContainerInfo$Type@4bf956f
      MANIFEST_CLASSPATH = class com.ibm.ws.container.service.app.deploy.ContainerInfo$Type@4ea459f6
      WEB_INF_CLASSES = class com.ibm.ws.container.service.app.deploy.ContainerInfo$Type@3cb9a635
      WEB_INF_LIB = class com.ibm.ws.container.service.app.deploy.ContainerInfo$Type@27f258bb
      EAR_LIB = class com.ibm.ws.container.service.app.deploy.ContainerInfo$Type@2b3a47ab
      WEB_MODULE = class com.ibm.ws.container.service.app.deploy.ContainerInfo$Type@4bf956f
      EJB_MODULE = class com.ibm.ws.container.service.app.deploy.ContainerInfo$Type@473dc0d3
      CLIENT_MODULE = class com.ibm.ws.container.service.app.deploy.ContainerInfo$Type@36c44e0f
      RAR_MODULE = class com.ibm.ws.container.service.app.deploy.ContainerInfo$Type@346ffec
      JAR_MODULE = class com.ibm.ws.container.service.app.deploy.ContainerInfo$Type@7ab8f730
      SHARED_LIB = class com.ibm.ws.container.service.app.deploy.ContainerInfo$Type@532a9bec
      $VALUES = class com.ibm.ws.container.service.app.deploy.ContainerInfo$Type[10]
      name = "WEB_MODULE"
      ordinal = 4
    name = "documents.war"
    container = class com.ibm.ws.adaptable.module.internal.AdaptableContainerImpl@dc5e58e
    moduleClassLoaderFactory = class com.ibm.ws.app.manager.war.internal.WARDeployedAppInfo@4fcccc19
    altDDEntry = null
    classesContainerInfo = class java.util.ArrayList@57e9a82
      serialVersionUID = 8683452581122892189
      DEFAULT_CAPACITY = 10
      EMPTY_ELEMENTDATA = class java.lang.Object[0]
      DEFAULTCAPACITY_EMPTY_ELEMENTDATA = class java.lang.Object[0]
      elementData = class java.lang.Object[33]
      size = 24
      MAX_ARRAY_SIZE = 2147483639
      modCount = 25
      MAX_ARRAY_SIZE = 2147483639
    serialVersionUID = 4636874131959542427
    $$$tc$$$ = class com.ibm.websphere.ras.TraceComponent@34b58620
      strings[0] = "TraceComponent[com.ibm.ws.app.manager.module.internal.SimpleDeployedAppInfoBase$ExtendedContainerInfo,class com.ibm.ws.app.manager.module.internal.SimpleDeployedAppInfoBase$ExtendedContainerInfo,[applications, app.manager],null,null]"
  DYNAMIC_IMPORT_PACKAGE_LIST = class java.util.Collections$UnmodifiableRandomAccessList@150e9e61
    serialVersionUID = -2542308836966382001
    serialVersionUID = -283967356065247728
    list = class java.util.Arrays$ArrayList@69b836f4
      serialVersionUID = -2764017481108945198
      a = class java.lang.String[1]
      modCount = 0
      MAX_ARRAY_SIZE = 2147483639
    serialVersionUID = 1820017752578914078
    c = class java.util.Arrays$ArrayList@69b836f4
  serialVersionUID = 6176035338244935179
  $$$tc$$$ = class com.ibm.websphere.ras.TraceComponent@7d579e49
    strings[0] = "TraceComponent[com.ibm.ws.app.manager.war.internal.WARDeployedAppInfo,class com.ibm.ws.app.manager.war.internal.WARDeployedAppInfo,[webcontainer, applications, app.manager],com.ibm.ws.app.manager.war.internal.resources.Messages,null]"
  _tc = class com.ibm.websphere.ras.TraceComponent@441177c1
    strings[0] = "TraceComponent[com.ibm.ws.app.manager.module.internal.DeployedAppInfoBase,class com.ibm.ws.app.manager.module.internal.DeployedAppInfoBase,[app.manager],com.ibm.ws.app.manager.module.internal.resources.Messages,null]"
  PERMISSION_XML = "permissions.xml"
  applicationInformation = class com.ibm.ws.app.manager.internal.ApplicationInstallInfo@50fadd27
    _config = class com.ibm.ws.app.manager.internal.ApplicationConfig@667b06a8
      tc = class com.ibm.websphere.ras.TraceComponent@4af65618
      _configPid = "com.ibm.ws.app.manager_38"
      _config = class com.ibm.ws.config.admin.ConfigurationDictionary@3bdb6971
      _applicationManager = class com.ibm.ws.app.manager.ApplicationManager@400ab
      _location = "documents.war"
      _type = "war"
      _name = "documents"
      _notificationBroadcasterSupport = class javax.management.NotificationBroadcasterSupport@2587ee24
      ONE_TIME_JANDEX_MSGS_DISPLAYED = true
      serialVersionUID = -2151423388299667431
    _handlerInfo = class java.util.concurrent.atomic.AtomicReference@51636eca
      serialVersionUID = -1848883965231344442
      unsafe = class sun.misc.Unsafe@539d7dac
      valueOffset = 12
      value = class com.ibm.ws.app.manager.war.internal.WARDeployedAppInfo@4fcccc19
    _container = class java.util.concurrent.atomic.AtomicReference@268e5067
      serialVersionUID = -1848883965231344442
      unsafe = class sun.misc.Unsafe@539d7dac
      valueOffset = 12
      value = class com.ibm.ws.adaptable.module.internal.AdaptableContainerImpl@dc5e58e
    _resolvedLocation = class java.util.concurrent.atomic.AtomicReference@3248dea4
      serialVersionUID = -1848883965231344442
      unsafe = class sun.misc.Unsafe@539d7dac
      valueOffset = 12
      value = class com.ibm.ws.kernel.service.location.internal.LocalFileResource@8670e0c
    _handler = class com.ibm.ws.app.manager.war.internal.WARApplicationHandlerImpl@5be11464
      futureMonitor = class com.ibm.ws.threading.internal.FutureMonitorImpl@23e4ca3d
      deployedAppFactory = class com.ibm.ws.app.manager.war.internal.WARDeployedAppInfoFactoryImpl@11f5423b
      serialVersionUID = 4622845147410944782
      $$$tc$$$ = class com.ibm.websphere.ras.TraceComponent@4e9f3583
    _ami = class java.util.concurrent.atomic.AtomicReference@514a8ba9
      serialVersionUID = -1848883965231344442
      unsafe = class sun.misc.Unsafe@539d7dac
      valueOffset = 12
      value = class com.ibm.wsspi.application.handler.DefaultApplicationMonitoringInformation@1b15aa74
    _updateHandler = class com.ibm.ws.app.manager.internal.statemachine.ApplicationStateMachineImpl@18c7a8de
      _tc = class com.ibm.websphere.ras.TraceComponent@4ee6e5ca
      EMPTY_FUTURE_ARRAY = interface java.util.concurrent.Future[0]
      asmSequenceNumber = class java.util.concurrent.atomic.AtomicLong@61cf66dc
      _qscaCounter = class java.util.concurrent.atomic.AtomicInteger@745ea866
      _failedThrowable = class com.ibm.ws.container.service.state.StateChangeException@271dca74
      _interruptibleLock = class com.ibm.ws.app.manager.internal.statemachine.ApplicationStateMachineImpl$2@16e21f6b
      _interruptible = false
      _performingQueuedActions = true
      _queuedActions = class java.util.concurrent.ConcurrentLinkedQueue@7936206b
      _callbackState = class java.util.concurrent.atomic.AtomicReference@63d55017
      blockAppStartingFutures = class java.util.Collections$SetFromMap@6249d993
      waitingForAppHandlerFuture = class java.util.concurrent.atomic.AtomicReference@64569bf6
      waitingForExplicitStartFuture = class java.util.concurrent.atomic.AtomicReference@2cabca6f
      startAfterFutures = class java.util.Collections$SetFromMap@65377205
      completionListener = class java.util.concurrent.atomic.AtomicReference@491eaa71
      _notifyAppStopped = class java.util.concurrent.ConcurrentLinkedQueue@19c7018f
      _notifyAppStarting = class java.util.concurrent.ConcurrentLinkedQueue@6b4d486a
      _notifyAppInstallCalled = class java.util.concurrent.ConcurrentLinkedQueue@35b4b85c
      _notifyAppStarted = class java.util.concurrent.ConcurrentLinkedQueue@945d1b9
      _notifyAppRemoved = class java.util.concurrent.ConcurrentLinkedQueue@28af7267
      _stateLock = class com.ibm.ws.app.manager.internal.statemachine.ApplicationStateMachineImpl$3@29a07100
      _internalState = class java.util.concurrent.atomic.AtomicReference@39464a30
      _currentAction = class java.util.concurrent.atomic.AtomicReference@1e299cb8
      _rfa = class java.util.concurrent.atomic.AtomicReference@4dc6f950
      _appInstallInfo = class java.util.concurrent.atomic.AtomicReference@6744a999
      _update = class java.util.concurrent.atomic.AtomicBoolean@6c58688b
      _appConfig = class java.util.concurrent.atomic.AtomicReference@3e46e5e4
      _nextAppConfig = class java.util.concurrent.atomic.AtomicReference@44309705
      _appContainer = class java.util.concurrent.atomic.AtomicReference@6faf67b
      _resolvedLocation = class java.util.concurrent.atomic.AtomicReference@29c9ca1f
      _handler = class java.util.concurrent.atomic.AtomicReference@20a97307
      _asmSeqNo = 0
      _ctx = class org.eclipse.osgi.internal.framework.BundleContextImpl@248c8652
      _locAdmin = class com.ibm.ws.kernel.service.location.internal.WsLocationAdminImpl@31f93be1
      _futureMonitor = class com.ibm.ws.threading.internal.FutureMonitorImpl@23e4ca3d
      _artifactFactory = class com.ibm.ws.artifact.internal.ArtifactContainerFactoryService@5d78b6d2
      _moduleFactory = class com.ibm.ws.adaptable.module.internal.AdaptableModuleFactoryImpl@936e71
      _executorService = class com.ibm.ws.threading.internal.ExecutorServiceImpl@568796f3
      _scheduledExecutorService = class com.ibm.ws.threading.internal.ScheduledExecutorImpl@3d5df66f
      _asmHelper = class com.ibm.ws.app.manager.internal.ApplicationConfigurator$NamedApplication@f78cbff
      _appMonitor = class com.ibm.ws.app.manager.internal.monitor.ApplicationMonitor@5753857c
      enterStateCalled = class java.util.concurrent.atomic.AtomicBoolean@2f8d9a44
      serialVersionUID = 7990273947104993494
      serialVersionUID = 300267208965883056
      $$$tc$$$ = class com.ibm.websphere.ras.TraceComponent@4ab38afd
    serialVersionUID = 2630639237123415755
    $$$tc$$$ = class com.ibm.websphere.ras.TraceComponent@26b2e8f8
      strings[0] = "TraceComponent[com.ibm.ws.app.manager.internal.ApplicationInstallInfo,class com.ibm.ws.app.manager.internal.ApplicationInstallInfo,[applications, app.manager],com.ibm.ws.app.manager.internal.resources.AppManagerMessages,null]"
  location = "E:\facultate\master\java\java\tehnologii_java\lab10\target\liberty\wlp\usr\servers\documents\apps\documents.war.xml"
  classLoadingService = class com.ibm.ws.classloading.internal.ClassLoadingServiceImpl@3841b72e
    tc = class com.ibm.websphere.ras.TraceComponent@5f086df4
      strings[0] = "TraceComponent[com.ibm.ws.classloading.internal.ClassLoadingServiceImpl,class com.ibm.ws.classloading.internal.ClassLoadingServiceImpl,[ClassLoadingService],com.ibm.ws.classloading.internal.resources.ClassLoadingServiceMessages,null]"
    leakDetectionMap = class java.util.HashMap@2545fc66
      serialVersionUID = 362498820763181265
      DEFAULT_INITIAL_CAPACITY = 16
      MAXIMUM_CAPACITY = 1073741824
      DEFAULT_LOAD_FACTOR = 0.75
      TREEIFY_THRESHOLD = 8
      UNTREEIFY_THRESHOLD = 6
      MIN_TREEIFY_CAPACITY = 64
      table = null
      entrySet = null
      size = 0
      modCount = 0
      threshold = 0
      loadFactor = 0.75
      keySet = null
      values = null
    appClassLoaders = class java.util.Collections$SetFromMap@28eebe14
      m = class java.util.WeakHashMap@dab181f
      s = class java.util.WeakHashMap$KeySet@34f1a424
      serialVersionUID = 2454657854757543876
      MAX_ARRAY_SIZE = 2147483639
    TCCL_LOCK_WAIT = 15000
    REFERENCE_GENERATORS = "generators"
    bundleContext = class org.eclipse.osgi.internal.framework.BundleContextImpl@25349d20
    aclStore = class com.ibm.ws.classloading.internal.util.CanonicalStore@65dbd5ed
      map = class java.util.concurrent.ConcurrentHashMap@2d8e8cb7
      q = class com.ibm.ws.classloading.internal.util.RefQueue@9ac46bf
      serialVersionUID = 6715157558227169968
      $$$tc$$$ = class com.ibm.websphere.ras.TraceComponent@10c091a7
    tcclStore = class com.ibm.ws.classloading.internal.util.CanonicalStore@4dfc5034
      map = class java.util.concurrent.ConcurrentHashMap@7f502a93
      q = class com.ibm.ws.classloading.internal.util.RefQueue@7f1b51f1
      serialVersionUID = 6715157558227169968
      $$$tc$$$ = class com.ibm.websphere.ras.TraceComponent@10c091a7
    tcclStoreLock = class java.util.concurrent.locks.ReentrantLock@47d02321
      serialVersionUID = 7373984872572414699
      sync = class java.util.concurrent.locks.ReentrantLock$NonfairSync@1715ded0
    digraph = class org.eclipse.equinox.internal.region.StandardRegionDigraph@1a932bd1
      EMPTY_EDGE_SET = class java.util.Collections$UnmodifiableSet@74c9308e
      monitor = class java.lang.Object@9c7686a
      regions = class java.util.HashMap@50f5b6d1
      bundleIdToRegionMapping = class org.eclipse.equinox.internal.region.StandardBundleIdToRegionMapping@3b878bce
      edges = class java.util.HashMap@6778170
      bundleContext = class org.eclipse.osgi.internal.framework.BundleContextImpl@7e094740
      threadLocal = class java.lang.ThreadLocal@34c12dec
      subgraphTraverser = class org.eclipse.equinox.internal.region.SubgraphTraverser@49ff469b
      bundleCollisionHook = class org.eclipse.equinox.internal.region.hook.RegionBundleCollisionHook@4e217d91
      bundleEventHook = class org.eclipse.equinox.internal.region.hook.RegionBundleEventHook@74671924
      bundleFindHook = class org.eclipse.equinox.internal.region.hook.RegionBundleFindHook@4974e409
      serviceEventHook = class org.eclipse.equinox.internal.region.hook.RegionServiceEventHook@7a8cb822
      serviceFindHook = class org.eclipse.equinox.internal.region.hook.RegionServiceFindHook@3f848f17
      resolverHookFactory = class org.eclipse.equinox.internal.region.hook.RegionResolverHookFactory@73e60ffa
      origin = null
      originUpdateCount = -1
      updateCount = class java.util.concurrent.atomic.AtomicLong@1d5cf923
      defaultRegion = null
    redefiner = class com.ibm.ws.classloading.internal.util.ClassRedefiner@21dce1d3
      tc = class com.ibm.websphere.ras.TraceComponent@4355d797
      LS = "
"
      inst = class com.sun.proxy.$Proxy0@3384395e
      serialVersionUID = 2420101865139508526
    listener = class com.ibm.ws.classloading.internal.ClassLoadingServiceImpl$1@e8e682c
      this$0 = class com.ibm.ws.classloading.internal.ClassLoadingServiceImpl@3841b72e
      serialVersionUID = -9159707349812113172
      $$$tc$$$ = class com.ibm.websphere.ras.TraceComponent@13f6cf6d
    classloaders = class java.util.Collections$SynchronizedMap@48818bf7
      serialVersionUID = 1978198479659022715
      m = class java.util.HashMap@74bb678a
      mutex = class java.util.Collections$SynchronizedMap@48818bf7
      keySet = null
      entrySet = null
      values = null
    resourceProviders = class com.ibm.ws.classloading.internal.CompositeResourceProvider@4bcffc95
      lockFactory = class java.util.concurrent.locks.ReentrantReadWriteLock@4574b89
      providerMap = class com.ibm.ws.classloading.internal.util.MultiMap@12865721
      serialVersionUID = -5576435894946156347
      $$$tc$$$ = class com.ibm.websphere.ras.TraceComponent@6f8fb275
    rememberedBundles = class java.util.concurrent.ConcurrentHashMap@ddb5e46
      serialVersionUID = 7249069246763182397
      MAXIMUM_CAPACITY = 1073741824
      DEFAULT_CAPACITY = 16
      MAX_ARRAY_SIZE = 2147483639
      DEFAULT_CONCURRENCY_LEVEL = 16
      LOAD_FACTOR = 0.75
      TREEIFY_THRESHOLD = 8
      UNTREEIFY_THRESHOLD = 6
      MIN_TREEIFY_CAPACITY = 64
      MIN_TRANSFER_STRIDE = 16
      RESIZE_STAMP_BITS = 16
      MAX_RESIZERS = 65535
      RESIZE_STAMP_SHIFT = 16
      MOVED = -1
      TREEBIN = -2
      RESERVED = -3
      HASH_BITS = 2147483647
      NCPU = 8
      serialPersistentFields = class java.io.ObjectStreamField[3]
      table = class java.util.concurrent.ConcurrentHashMap$Node[16]
      nextTable = null
      baseCount = 2
      sizeCtl = 12
      transferIndex = 0
      cellsBusy = 0
      counterCells = null
      keySet = null
      values = null
      entrySet = null
      U = class sun.misc.Unsafe@539d7dac
      SIZECTL = 20
      TRANSFERINDEX = 32
      BASECOUNT = 24
      CELLSBUSY = 36
      CELLVALUE = 144
      ABASE = 16
      ASHIFT = 2
      keySet = null
      values = null
    collectedBundles = class java.lang.ref.ReferenceQueue@706988d9
      NULL = class java.lang.ref.ReferenceQueue$Null@43338775
      ENQUEUED = class java.lang.ref.ReferenceQueue$Null@5337ed31
      lock = class java.lang.ref.ReferenceQueue$Lock@1ac5c6b9
      head = null
      queueLength = 0
      $assertionsDisabled = true
    generatorRefs = class com.ibm.wsspi.kernel.service.utils.ConcurrentServiceReferenceSet@34737b10
      referenceName = "generators"
      contextRef = class java.util.concurrent.atomic.AtomicReference@234105b8
      elementMap = class java.util.LinkedHashMap@1d74195a
      elementSet = class java.util.concurrent.ConcurrentSkipListSet@3deb6a8a
      elementSetUnsorted = false
      serialVersionUID = 756240983881166148
      $$$tc$$$ = class com.ibm.websphere.ras.TraceComponent@29b17e0
    generatorManager = class com.ibm.ws.classloading.internal.ClassGeneratorManager@6c025f
      tc = class com.ibm.websphere.ras.TraceComponent@3e232741
      generatorRefs = class com.ibm.wsspi.kernel.service.utils.ConcurrentServiceReferenceSet@34737b10
      serialVersionUID = 4152663586056483310
    appExtLibs = class java.util.concurrent.CopyOnWriteArrayList@5712457a
      serialVersionUID = 8673264195747942595
      lock = class java.util.concurrent.locks.ReentrantLock@12aed07b
      array = class java.lang.Object[0]
      UNSAFE = class sun.misc.Unsafe@539d7dac
      lockOffset = 12
    globalConfig = class com.ibm.ws.classloading.configuration.GlobalClassloadingConfiguration@6b812001
      properties = class org.apache.felix.scr.impl.helper.ReadOnlyDictionary@5ee170c6
      serialVersionUID = 452562347104713756
      $$$tc$$$ = class com.ibm.websphere.ras.TraceComponent@3f5ea23d
    metaInfServicesProviders = class java.util.concurrent.ConcurrentHashMap@44856d9a
      serialVersionUID = 7249069246763182397
      MAXIMUM_CAPACITY = 1073741824
      DEFAULT_CAPACITY = 16
      MAX_ARRAY_SIZE = 2147483639
      DEFAULT_CONCURRENCY_LEVEL = 16
      LOAD_FACTOR = 0.75
      TREEIFY_THRESHOLD = 8
      UNTREEIFY_THRESHOLD = 6
      MIN_TREEIFY_CAPACITY = 64
      MIN_TRANSFER_STRIDE = 16
      RESIZE_STAMP_BITS = 16
      MAX_RESIZERS = 65535
      RESIZE_STAMP_SHIFT = 16
      MOVED = -1
      TREEBIN = -2
      RESERVED = -3
      HASH_BITS = 2147483647
      NCPU = 8
      serialPersistentFields = class java.io.ObjectStreamField[3]
      table = null
      nextTable = null
      baseCount = 0
      sizeCtl = 0
      transferIndex = 0
      cellsBusy = 0
      counterCells = null
      keySet = null
      values = null
      entrySet = null
      U = class sun.misc.Unsafe@539d7dac
      SIZECTL = 20
      TRANSFERINDEX = 32
      BASECOUNT = 24
      CELLSBUSY = 36
      CELLVALUE = 144
      ABASE = 16
      ASHIFT = 2
      keySet = null
      values = null
    metaInfServicesRefs = class com.ibm.wsspi.kernel.service.utils.ConcurrentServiceReferenceMap@249be1af
      referenceName = "MetaInfServicesProvider"
      context = class org.apache.felix.scr.impl.manager.ComponentContextImpl@4acdd960
      elementMap = class java.util.concurrent.ConcurrentHashMap@6023a77b
      serialVersionUID = 6980924785166233786
      $$$tc$$$ = class com.ibm.websphere.ras.TraceComponent@5a1f9275
    protectionDomainMap = class java.util.HashMap@616749d3
      serialVersionUID = 362498820763181265
      DEFAULT_INITIAL_CAPACITY = 16
      MAXIMUM_CAPACITY = 1073741824
      DEFAULT_LOAD_FACTOR = 0.75
      TREEIFY_THRESHOLD = 8
      UNTREEIFY_THRESHOLD = 6
      MIN_TREEIFY_CAPACITY = 64
      table = class java.util.HashMap$Node[16]
      entrySet = null
      size = 1
      modCount = 1
      threshold = 12
      loadFactor = 0.75
      keySet = class java.util.HashMap$KeySet@14729727
      values = null
    metadataIdentifierService = class com.ibm.ws.container.service.metadata.internal.MetaDataServiceImpl@6fe2fe36
    globalSharedLibrary = class java.util.concurrent.atomic.AtomicReference@304fcd6
      serialVersionUID = -1848883965231344442
      unsafe = class sun.misc.Unsafe@539d7dac
      valueOffset = 12
      value = null
    serialVersionUID = 4365026902615131286
  globalSharedLibrary = class com.ibm.ws.library.internal.SharedLibraryImpl@63df73c3
    tc = class com.ibm.websphere.ras.TraceComponent@6561ee02
      strings[0] = "TraceComponent[com.ibm.ws.library.internal.SharedLibraryImpl,class com.ibm.ws.library.internal.SharedLibraryImpl,[SharedLibrary],com.ibm.ws.classloading.internal.resources.ClassLoadingServiceMessages,null]"
    EMPTY_LIBRARY_LISTENERS = interface com.ibm.wsspi.library.LibraryChangeListener[0]
    deleted = false
    libraryListenersTracker = class org.osgi.util.tracker.ServiceTracker@4a5e5596
      DEBUG = false
      context = class org.eclipse.osgi.internal.framework.BundleContextImpl@25349d20
      filter = class org.eclipse.osgi.internal.framework.FilterImpl$And@31781a81
      customizer = class org.osgi.util.tracker.ServiceTracker@4a5e5596
      listenerFilter = "(&(objectClass=com.ibm.wsspi.library.LibraryChangeListener)(|(library=global)(libraryRef=*com.ibm.ws.classloading.sharedlibrary_33*)))"
      trackClass = null
      trackReference = null
      tracked = class org.osgi.util.tracker.ServiceTracker$Tracked@53bc7020
      cachedReference = null
      cachedService = null
    libraryReg = class org.eclipse.osgi.internal.serviceregistry.ServiceRegistrationImpl@273555eb
      registry = class org.eclipse.osgi.internal.serviceregistry.ServiceRegistry@4e3b4505
      context = class org.eclipse.osgi.internal.framework.BundleContextImpl@25349d20
      bundle = class org.eclipse.osgi.internal.framework.EquinoxBundle@7860fe13
      clazzes = class java.lang.String[1]
      service = class com.ibm.ws.library.internal.SharedLibraryImpl@63df73c3
      reference = class org.eclipse.osgi.internal.serviceregistry.ServiceReferenceImpl@5e494fcf
      contextsUsing = class java.util.ArrayList@146d9799
      properties = class java.util.Collections$UnmodifiableMap@6afb7c
      serviceid = 412
      serviceranking = 3
      registrationLock = class java.lang.Object@3b6ce5e
      state = 0
      REGISTERED = 0
      UNREGISTERING = 1
      UNREGISTERED = 2
      FRAMEWORK_SET_SERVICE_PROPERTIES_COUNT = 4
      $assertionsDisabled = true
    ctx = class org.eclipse.osgi.internal.framework.BundleContextImpl@25349d20
    classLoadingService = class com.ibm.ws.classloading.internal.ClassLoadingServiceImpl@3841b72e
    configAdmin = class com.ibm.ws.config.admin.internal.ConfigurationAdminImpl@677144e3
      tc = class com.ibm.websphere.ras.TraceComponent@493e2f4
      bundle = class org.eclipse.osgi.internal.framework.EquinoxBundle@7860fe13
      caFactory = class com.ibm.ws.config.admin.internal.ConfigAdminServiceFactory@c2be285
      serialVersionUID = -2875522750804142523
    resolvedBasePath = "E:/facultate/master/java/java/tehnologii_java/lab10/target/liberty/wlp/usr/servers/documents/"
    generationLock = class com.ibm.ws.library.internal.SharedLibraryImpl$1@399a1153
      this$0 = class com.ibm.ws.library.internal.SharedLibraryImpl@63df73c3
      serialVersionUID = 2483639803450672373
      $$$tc$$$ = class com.ibm.websphere.ras.TraceComponent@72f8eed1
    currentGeneration = class com.ibm.ws.library.internal.LibraryGeneration@39e60554
      tc = class com.ibm.websphere.ras.TraceComponent@1795a452
      nextInt = class java.util.concurrent.atomic.AtomicInteger@3951f9b0
      libraryId = "global"
      genId = 3
      libraryProps = class java.util.Hashtable@6686c9c0
      filesetRefs = class java.util.Collections$UnmodifiableRandomAccessList@a34fe44
      apiTypeVisibility = class java.util.RegularEnumSet@3e7011b5
      files = class java.util.Collections$EmptyList@17efaa37
      folders = class java.util.ArrayList@8daf3b2
      fileAndFolderContainers = class java.util.Collections$EmptyList@17efaa37
      filesets = class java.util.concurrent.ArrayBlockingQueue@5842f3a0
      filesetListenerRegs = class java.util.concurrent.ConcurrentLinkedQueue@75a9e032
      cancelled = false
      library = class com.ibm.ws.library.internal.SharedLibraryImpl@63df73c3
      serialVersionUID = 6965220007121905717
    nextGeneration = class com.ibm.ws.library.internal.LibraryGeneration@39e60554
    artifactContainerFactory = class com.ibm.ws.library.internal.SharedLibraryFactory$1@1ac051b
      this$0 = class com.ibm.ws.library.internal.SharedLibraryFactory@5be2b9fa
      serialVersionUID = 7730244564205089330
      $$$tc$$$ = class com.ibm.websphere.ras.TraceComponent@30737036
    packageExporter = class com.ibm.ws.library.internal.LibraryPackageExporter@6c970f91
      EXPORTER_POSTFIX = "_library_exporter"
      REGION_EXPORT_TO_LIBERTY = "liberty.library.export.to.liberty"
      REGION_EXPORT_TO_OSGI_APPS = "liberty.library.export.to.osgi.app"
      REGION_KERNEL = "org.eclipse.equinox.region.kernel"
      counter = class java.util.concurrent.atomic.AtomicLong@39f1db69
      context = class org.eclipse.osgi.internal.framework.BundleContextImpl@25349d20
      digraph = class org.eclipse.equinox.internal.region.StandardRegionDigraph@1a932bd1
      bundleToLibrary = class java.util.concurrent.ConcurrentHashMap@48b02fdd
      libraryToVisibility = class java.util.concurrent.ConcurrentHashMap@1bdcd384
      serialVersionUID = 8074378969667956573
      $$$tc$$$ = class com.ibm.websphere.ras.TraceComponent@a17f94c
    serialVersionUID = 6288237618632180389
  sharedLibDeploymentInfo = class com.ibm.ws.app.manager.module.internal.DeployedAppInfoBase$SharedLibDeploymentInfo@1f9df4a5
    locAdmin = class com.ibm.ws.kernel.service.location.internal.WsLocationAdminImpl@31f93be1
    artifactFactory = class com.ibm.ws.artifact.internal.ArtifactContainerFactoryService@5d78b6d2
    moduleFactory = class com.ibm.ws.adaptable.module.internal.AdaptableModuleFactoryImpl@936e71
    classesContainerInfo = class java.util.ArrayList@59d72d18
      serialVersionUID = 8683452581122892189
      DEFAULT_CAPACITY = 10
      EMPTY_ELEMENTDATA = class java.lang.Object[0]
      DEFAULTCAPACITY_EMPTY_ELEMENTDATA = class java.lang.Object[0]
      elementData = class java.lang.Object[0]
      size = 0
      MAX_ARRAY_SIZE = 2147483639
      modCount = 0
      MAX_ARRAY_SIZE = 2147483639
    serialVersionUID = 5154735746662585226
    $$$tc$$$ = class com.ibm.websphere.ras.TraceComponent@26348f74
      strings[0] = "TraceComponent[com.ibm.ws.app.manager.module.internal.DeployedAppInfoBase$SharedLibDeploymentInfo,class com.ibm.ws.app.manager.module.internal.DeployedAppInfoBase$SharedLibDeploymentInfo,[applications, app.manager],null,null]"
  configAdmin = class com.ibm.ws.config.admin.internal.ConfigurationAdminImpl@54439e1f
    tc = class com.ibm.websphere.ras.TraceComponent@493e2f4
      strings[0] = "TraceComponent[com.ibm.ws.config.admin.internal.ConfigurationAdminImpl,class com.ibm.ws.config.admin.internal.ConfigurationAdminImpl,[config],com.ibm.ws.config.internal.resources.ConfigMessages,null]"
    bundle = class org.eclipse.osgi.internal.framework.EquinoxBundle@5b342c32
      equinoxContainer = class org.eclipse.osgi.internal.framework.EquinoxContainer@160f8bdb
      module = class org.eclipse.osgi.internal.framework.EquinoxBundle$EquinoxModule@7dc6f4b0
      monitor = class java.lang.Object@7b587f
      context = class org.eclipse.osgi.internal.framework.BundleContextImpl@623ab5b8
      signerInfos = null
      $SWITCH_TABLE$org$eclipse$osgi$container$Module$State = {1,2,3,4,5,6,7} /* array length = 7 */
    caFactory = class com.ibm.ws.config.admin.internal.ConfigAdminServiceFactory@c2be285
      tc = class com.ibm.websphere.ras.TraceComponent@cadd04d
      configurationPermission = class org.osgi.service.cm.ConfigurationPermission@3b5f71fe
      INDEX_DICTIONARY = 0
      INDEX_LOCATION = 1
      INDEX_METATYPE_PROCESSED = 2
      INDEX_IN_OVERRIDES_FILE = 3
      INDEX_REFERENCES = 4
      INDEX_UNIQUES = 5
      bundleContext = class org.eclipse.osgi.internal.framework.BundleContextImpl@583f10b2
      msTracker = class com.ibm.ws.config.admin.internal.ManagedServiceTracker@3cd7fdbe
      msfTracker = class com.ibm.ws.config.admin.internal.ManagedServiceFactoryTracker@509189f6
      pluginManager = class com.ibm.ws.config.admin.internal.PluginManager@7baf2602
      configurationStore = class com.ibm.ws.config.admin.internal.ConfigurationStore@3b3f7808
      updateQueue = class com.ibm.ws.config.admin.internal.UpdateQueue@388648dc
      ced = class com.ibm.ws.config.admin.internal.ConfigEventDispatcher@6404b803
      idMap = class java.util.Collections$SynchronizedMap@66990db7
      referenceMap = class java.util.Collections$SynchronizedMap@26a6d654
      variableRegistryTracker = class org.osgi.util.tracker.ServiceTracker@2cecbaf4
      variableRegistry = class com.ibm.ws.kernel.service.location.internal.VariableRegistryHelper@6de9cbca
      configurationAdminRef = class org.eclipse.osgi.internal.serviceregistry.ServiceRegistrationImpl@60ba81
      serialVersionUID = 6695202270027014725
    serialVersionUID = -2875522750804142523
  libraryConfigHelper = class com.ibm.ws.classloading.ClassLoaderConfigHelper@381bba81
    tc = class com.ibm.websphere.ras.TraceComponent@ce926ab
      strings[0] = "TraceComponent[com.ibm.ws.classloading.ClassLoaderConfigHelper,class com.ibm.ws.classloading.ClassLoaderConfigHelper,[ClassLoadingService],com.ibm.ws.classloading.internal.resources.ClassLoadingServiceMessages,null]"
    DEFAULT_API_TYPES = class java.util.RegularEnumSet@6c82a891
      serialVersionUID = 3411599620347842686
      elements = 23
      elementType = class java.lang.Class@5c5b1a5e
      universe = class com.ibm.wsspi.classloading.ApiType[5]
      ZERO_LENGTH_ENUM_ARRAY = class java.lang.Enum[0]
      MAX_ARRAY_SIZE = 2147483639
    sharedLibraries = class java.util.Collections$EmptyList@17efaa37
      serialVersionUID = 8842843931221139166
      modCount = 0
      MAX_ARRAY_SIZE = 2147483639
    commonLibraries = class java.util.Collections$EmptyList@17efaa37
    classProviders = class java.util.Collections$EmptyList@17efaa37
    sharedLibrariesPids = null
    commonLibrariesPids = null
    isDelegateLast = false
    apiTypes = class java.util.RegularEnumSet@288c162a
      serialVersionUID = 3411599620347842686
      elements = 31
      elementType = class java.lang.Class@5c5b1a5e
      universe = class com.ibm.wsspi.classloading.ApiType[5]
      ZERO_LENGTH_ENUM_ARRAY = class java.lang.Enum[0]
      MAX_ARRAY_SIZE = 2147483639
    classLoaderConfigProps = class com.ibm.ws.config.admin.ConfigurationDictionary@3429820
      serialVersionUID = 7966152868712543805
      simpleTypes = class java.util.Arrays$ArrayList@52a5eb41
      primitiveArrayTypes = class java.util.Arrays$ArrayList@74dee7c2
      simpleArrayTypes = class java.util.Arrays$ArrayList@7ab4e572
      extendedTypes = class java.util.Arrays$ArrayList@2fe45088
      CASE_INSENSITIVE = class com.ibm.ws.config.admin.ConfigurationDictionary$CaseInsensitive@52e649d6
      properties = class java.util.Collections$SynchronizedMap@28a9fc1
    serialVersionUID = 7643888529935916418
  isDelegateLast = false
  permissionManager = class com.ibm.ws.classloading.java2sec.PermissionManager@79d79df7
    tc = class com.ibm.websphere.ras.TraceComponent@4ffa7da3
      strings[0] = "TraceComponent[com.ibm.ws.classloading.java2sec.PermissionManager,class com.ibm.ws.classloading.java2sec.PermissionManager,[Java2SecurityUtil],com.ibm.ws.classloading.internal.resources.Java2SecurityUtilMessages,null]"
    bundleContext = class org.eclipse.osgi.internal.framework.BundleContextImpl@25349d20
      valid = true
      bundle = class org.eclipse.osgi.internal.framework.EquinoxBundle@7860fe13
      container = class org.eclipse.osgi.internal.framework.EquinoxContainer@160f8bdb
      debug = class org.eclipse.osgi.internal.debug.Debug@3446f800
      servicesInUse = class java.util.HashMap@4c853c0d
      activator = null
      contextLock = class java.lang.Object@3a2692b1
    classLoadingService = class com.ibm.ws.classloading.internal.ClassLoadingServiceImpl@3841b72e
    DEFAULT_SERVER_RESTRICTABLE_PERMISSIONS = class java.security.Permission[4]
      Permission[0] = class java.lang.RuntimePermission@3276e16d
      Permission[1] = class java.lang.RuntimePermission@6c7027d8
      Permission[2] = class java.security.SecurityPermission@7bc7ff3f
      Permission[3] = class javax.security.auth.AuthPermission@28e96ddc
    DEFAULT_CLIENT_RESTRICTABLE_PERMISSIONS = class java.security.Permission[3]
      Permission[0] = class java.lang.RuntimePermission@39696b53
      Permission[1] = class java.security.SecurityPermission@4ea1bed
      Permission[2] = class javax.security.auth.AuthPermission@62339ec0
    isServer = true
    wsjarUrlStreamHandlerAvailable = true
    restrictablePermissions = class java.util.ArrayList@69267cd
      serialVersionUID = 8683452581122892189
      DEFAULT_CAPACITY = 10
      EMPTY_ELEMENTDATA = class java.lang.Object[0]
      DEFAULTCAPACITY_EMPTY_ELEMENTDATA = class java.lang.Object[0]
      elementData = class java.lang.Object[10]
      size = 4
      MAX_ARRAY_SIZE = 2147483639
      modCount = 4
      MAX_ARRAY_SIZE = 2147483639
    javaAllCodeBasePermissions = class java.util.ArrayList@e2dc168
      serialVersionUID = 8683452581122892189
      DEFAULT_CAPACITY = 10
      EMPTY_ELEMENTDATA = class java.lang.Object[0]
      DEFAULTCAPACITY_EMPTY_ELEMENTDATA = class java.lang.Object[0]
      elementData = class java.lang.Object[22]
      size = 21
      MAX_ARRAY_SIZE = 2147483639
      modCount = 21
      MAX_ARRAY_SIZE = 2147483639
    expandProps = true
    grantedPermissions = class java.util.ArrayList@77ba0cac
      serialVersionUID = 8683452581122892189
      DEFAULT_CAPACITY = 10
      EMPTY_ELEMENTDATA = class java.lang.Object[0]
      DEFAULTCAPACITY_EMPTY_ELEMENTDATA = class java.lang.Object[0]
      elementData = class java.lang.Object[10]
      size = 1
      MAX_ARRAY_SIZE = 2147483639
      modCount = 1
      MAX_ARRAY_SIZE = 2147483639
    KEY_PERMISSION = "permission"
    INCORRECT_PERMISSION_CONFIGURATION = "INCORRECT_PERMISSION_CONFIGURATION"
    PERMISSION_CLASSNOTFOUND = "PERMISSION_CLASSNOTFOUND"
    SERVER_XML = "server.xml"
    CLIENT_XML = "client.xml"
    JAVA_POLICY = "java.policy"
    os_name = "Windows 10"
    os_version = "10.0"
    originationFile = "server.xml"
    permissions = class com.ibm.wsspi.kernel.service.utils.ConcurrentServiceReferenceSet@7d4271da
      referenceName = "permission"
      contextRef = class java.util.concurrent.atomic.AtomicReference@403230a8
      elementMap = class java.util.LinkedHashMap@4480196
      elementSet = class java.util.concurrent.ConcurrentSkipListSet@672c0b4e
      elementSetUnsorted = false
      serialVersionUID = 756240983881166148
      $$$tc$$$ = class com.ibm.websphere.ras.TraceComponent@29b17e0
    codeBasePermissionMap = class java.util.HashMap@687bddb0
      serialVersionUID = 362498820763181265
      DEFAULT_INITIAL_CAPACITY = 16
      MAXIMUM_CAPACITY = 1073741824
      DEFAULT_LOAD_FACTOR = 0.75
      TREEIFY_THRESHOLD = 8
      UNTREEIFY_THRESHOLD = 6
      MIN_TREEIFY_CAPACITY = 64
      table = class java.util.HashMap$Node[16]
      entrySet = null
      size = 1
      modCount = 1
      threshold = 12
      loadFactor = 0.75
      keySet = class java.util.HashMap$KeySet@8f784e6
      values = null
    permissionXMLPermissionMap = class java.util.HashMap@8bd6756
      serialVersionUID = 362498820763181265
      DEFAULT_INITIAL_CAPACITY = 16
      MAXIMUM_CAPACITY = 1073741824
      DEFAULT_LOAD_FACTOR = 0.75
      TREEIFY_THRESHOLD = 8
      UNTREEIFY_THRESHOLD = 6
      MIN_TREEIFY_CAPACITY = 64
      table = null
      entrySet = null
      size = 0
      modCount = 0
      threshold = 0
      loadFactor = 0.75
      keySet = null
      values = null
    serialVersionUID = 8583289148510585888
  permissionsConfig = null
  serialVersionUID = 1131686356392279747
  appInfo = class com.ibm.ws.container.service.app.deploy.internal.ApplicationInfoImpl@5c9665d2
    appName = "documents"
    appMetaData = class com.ibm.ws.container.service.app.deploy.internal.ApplicationMetaDataImpl@410b953d
      j2eeName = class com.ibm.ws.container.service.metadata.internal.J2EENameImpl@daf56af
      serialVersionUID = -7906531148367236579
      $$$tc$$$ = class com.ibm.websphere.ras.TraceComponent@71dc0daa
      tc = class com.ibm.websphere.ras.TraceComponent@511ef511
      NUM_STATIC_SLOTS = 4
      ID_UNINITIALIZED = -1
      id = 6
      metaDataInterface = class java.lang.Class@4ff58e51
      staticSlots = class java.lang.Object[4]
      dynamicSlots = null
    appContainer = class com.ibm.ws.adaptable.module.internal.AdaptableContainerImpl@dc5e58e
      root = class com.ibm.ws.adaptable.module.internal.AdaptableContainerImpl@dc5e58e
      rootOverlay = class com.ibm.ws.artifact.overlay.internal.DirectoryBasedOverlayContainerImpl@7be91d76
      factoryHolder = class com.ibm.ws.adaptable.module.internal.AdaptableModuleFactoryImpl@936e71
      delegate = class com.ibm.ws.artifact.overlay.internal.DirectoryBasedOverlayContainerImpl@7be91d76
      notifier = class com.ibm.ws.adaptable.module.internal.NotifierImpl@577692e6
      serialVersionUID = -5950528200509051684
      $$$tc$$$ = class com.ibm.websphere.ras.TraceComponent@5b5098e8
    configHelper = class com.ibm.ws.app.manager.module.ApplicationNestedConfigHelper@ba98107
      appInfo = class com.ibm.ws.app.manager.internal.ApplicationInstallInfo@50fadd27
      serialVersionUID = -3174031738676705046
      $$$tc$$$ = class com.ibm.websphere.ras.TraceComponent@bcf2924
    applicationInformation = class com.ibm.ws.app.manager.internal.ApplicationInstallInfo@50fadd27
    serialVersionUID = 5227817860647895780
    $$$tc$$$ = class com.ibm.websphere.ras.TraceComponent@669b6cf6
      strings[0] = "TraceComponent[com.ibm.ws.container.service.app.deploy.internal.ApplicationInfoImpl,class com.ibm.ws.container.service.app.deploy.internal.ApplicationInfoImpl,[container.service],com.ibm.ws.container.service.resources.Messages,null]"
  appInfoRegistration = null
  modulesDeployed = class java.util.ArrayList@6c7d74fd
    serialVersionUID = 8683452581122892189
    DEFAULT_CAPACITY = 10
    EMPTY_ELEMENTDATA = class java.lang.Object[0]
    DEFAULTCAPACITY_EMPTY_ELEMENTDATA = class java.lang.Object[0]
    elementData = class java.lang.Object[10]
      Object[0] = class com.ibm.ws.app.manager.module.internal.DeployedModuleInfoImpl@6255cd65
      Object[1] = null
      Object[2] = null
      Object[3] = null
      Object[4] = null
      Object[5] = null
      Object[6] = null
      Object[7] = null
      Object[8] = null
      Object[9] = null
    size = 1
    MAX_ARRAY_SIZE = 2147483639
    modCount = 1
    MAX_ARRAY_SIZE = 2147483639
  starting = true
  started = false
  deployedAppServices = class com.ibm.ws.app.manager.module.internal.DeployedAppServicesImpl@a8dbee4
    SERVER_APPS_DIR = "${server.output.dir}/apps/"
    EXPANDED_APPS_DIR = "${server.output.dir}/apps/expanded/"
    bundleContext = class org.eclipse.osgi.internal.framework.BundleContextImpl@623ab5b8
      valid = true
      bundle = class org.eclipse.osgi.internal.framework.EquinoxBundle@5b342c32
      container = class org.eclipse.osgi.internal.framework.EquinoxContainer@160f8bdb
      debug = class org.eclipse.osgi.internal.debug.Debug@3446f800
      servicesInUse = class java.util.HashMap@df721f0
      activator = null
      contextLock = class java.lang.Object@225f90f3
    applicationInfoFactory = class com.ibm.ws.container.service.app.deploy.internal.ApplicationInfoFactoryImpl@7b23ff77
    futureMonitor = class com.ibm.ws.threading.internal.FutureMonitorImpl@23e4ca3d
    classLoadingService = class com.ibm.ws.classloading.internal.ClassLoadingServiceImpl@3841b72e
    globalSharedLibrary = class com.ibm.ws.library.internal.SharedLibraryImpl@63df73c3
    globalSharedLibraryPid = "com.ibm.ws.classloading.sharedlibrary_33"
    configAdmin = class com.ibm.ws.config.admin.internal.ConfigurationAdminImpl@54439e1f
    metaDataService = class com.ibm.ws.container.service.metadata.internal.MetaDataServiceImpl@6fe2fe36
    stateChangeService = class com.ibm.ws.container.service.state.internal.StateChangeServiceImpl@39e26897
    allModuleTypes = class java.lang.String[4]
      String[0] = "ejb"
      String[1] = "web"
      String[2] = "client"
      String[3] = "connector"
    moduleMetaDataExtenders = class java.util.concurrent.ConcurrentHashMap@77477ec3
      serialVersionUID = 7249069246763182397
      MAXIMUM_CAPACITY = 1073741824
      DEFAULT_CAPACITY = 16
      MAX_ARRAY_SIZE = 2147483639
      DEFAULT_CONCURRENCY_LEVEL = 16
      LOAD_FACTOR = 0.75
      TREEIFY_THRESHOLD = 8
      UNTREEIFY_THRESHOLD = 6
      MIN_TREEIFY_CAPACITY = 64
      MIN_TRANSFER_STRIDE = 16
      RESIZE_STAMP_BITS = 16
      MAX_RESIZERS = 65535
      RESIZE_STAMP_SHIFT = 16
      MOVED = -1
      TREEBIN = -2
      RESERVED = -3
      HASH_BITS = 2147483647
      NCPU = 8
      serialPersistentFields = class java.io.ObjectStreamField[3]
      table = class java.util.concurrent.ConcurrentHashMap$Node[16]
      nextTable = null
      baseCount = 4
      sizeCtl = 12
      transferIndex = 0
      cellsBusy = 0
      counterCells = null
      keySet = null
      values = null
      entrySet = null
      U = class sun.misc.Unsafe@539d7dac
      SIZECTL = 20
      TRANSFERINDEX = 32
      BASECOUNT = 24
      CELLSBUSY = 36
      CELLVALUE = 144
      ABASE = 16
      ASHIFT = 2
      keySet = null
      values = null
    nestedModuleMetaDataFactories = class java.util.concurrent.ConcurrentHashMap@142320aa
      serialVersionUID = 7249069246763182397
      MAXIMUM_CAPACITY = 1073741824
      DEFAULT_CAPACITY = 16
      MAX_ARRAY_SIZE = 2147483639
      DEFAULT_CONCURRENCY_LEVEL = 16
      LOAD_FACTOR = 0.75
      TREEIFY_THRESHOLD = 8
      UNTREEIFY_THRESHOLD = 6
      MIN_TREEIFY_CAPACITY = 64
      MIN_TRANSFER_STRIDE = 16
      RESIZE_STAMP_BITS = 16
      MAX_RESIZERS = 65535
      RESIZE_STAMP_SHIFT = 16
      MOVED = -1
      TREEBIN = -2
      RESERVED = -3
      HASH_BITS = 2147483647
      NCPU = 8
      serialPersistentFields = class java.io.ObjectStreamField[3]
      table = class java.util.concurrent.ConcurrentHashMap$Node[16]
      nextTable = null
      baseCount = 4
      sizeCtl = 12
      transferIndex = 0
      cellsBusy = 0
      counterCells = null
      keySet = null
      values = null
      entrySet = null
      U = class sun.misc.Unsafe@539d7dac
      SIZECTL = 20
      TRANSFERINDEX = 32
      BASECOUNT = 24
      CELLSBUSY = 36
      CELLVALUE = 144
      ABASE = 16
      ASHIFT = 2
      keySet = null
      values = null
    permissionManager = class com.ibm.ws.classloading.java2sec.PermissionManager@79d79df7
    locAdmin = class com.ibm.ws.kernel.service.location.internal.WsLocationAdminImpl@31f93be1
      tc = class com.ibm.websphere.ras.TraceComponent@2f5efc55
      LOC_INTERNAL_LIB_DIR = "wlp.lib.dir"
      LOC_INTERNAL_WORKAREA_DIR = "wlp.workarea.dir"
      LOC_AREA_NAME_APPS = "shared/apps/"
      LOC_AREA_NAME_CONFIG = "shared/config/"
      LOC_AREA_NAME_RESC = "shared/resources/"
      LOC_AREA_NAME_STATE = "logs/state/"
      LOC_AREA_NAME_SERVERS = "servers/"
      LOC_AREA_NAME_CLIENTS = "clients/"
      LOC_AREA_NAME_WORKING = "workarea/"
      LOC_AREA_NAME_EXTENSION = "extension/"
      instance = class com.ibm.ws.kernel.service.location.internal.WsLocationAdminImpl@31f93be1
      installRoot = class com.ibm.ws.kernel.service.location.internal.SymbolicRootResource@5b5233fd
      installParentRoot = class com.ibm.ws.kernel.service.location.internal.SymbolicRootResource@2c14fffe
      userRoot = class com.ibm.ws.kernel.service.location.internal.SymbolicRootResource@34d26f76
      usrExtensionRoot = class com.ibm.ws.kernel.service.location.internal.SymbolicRootResource@193bbd48
      serverConfigDir = class com.ibm.ws.kernel.service.location.internal.SymbolicRootResource@533ca849
      serverOutputDir = class com.ibm.ws.kernel.service.location.internal.SymbolicRootResource@533ca849
      bootstrapLib = class com.ibm.ws.kernel.service.location.internal.LocalFileResource@585c56df
      serverWorkarea = class com.ibm.ws.kernel.service.location.internal.LocalFileResource@7f522b7d
      serverState = class com.ibm.ws.kernel.service.location.internal.LocalFileResource@3b471822
      sharedAppsRoot = class com.ibm.ws.kernel.service.location.internal.SymbolicRootResource@d0f81e3
      sharedConfigRoot = class com.ibm.ws.kernel.service.location.internal.SymbolicRootResource@375fc433
      sharedResourceRoot = class com.ibm.ws.kernel.service.location.internal.SymbolicRootResource@59381866
      tmpRoot = class com.ibm.ws.kernel.service.location.internal.SymbolicRootResource@5abd8d6b
      serverName = "documents"
      resourcePaths = class java.util.ArrayList@2bcc0f46
      resourceGroups = class java.util.HashMap@62fb3850
      commonRoot = class com.ibm.ws.kernel.service.location.internal.VirtualRootResource@7b19f741
      serialVersionUID = -5748835026800463299
    artifactFactory = class com.ibm.ws.artifact.internal.ArtifactContainerFactoryService@5d78b6d2
      CATEGORY_PROP_NAME = "category"
      ENTRY_KEY = "com.ibm.wsspi.artifact.ArtifactEntry"
      helperMap = class com.ibm.wsspi.kernel.service.utils.ConcurrentServiceReferenceSetMap@1b778d2e
      contributorMap = class com.ibm.wsspi.kernel.service.utils.ConcurrentServiceReferenceSetMap@5a299b14
      helperCategoryMap = class com.ibm.wsspi.kernel.service.utils.ConcurrentServiceReferenceSetMap@6c0d3a66
      contributorCategoryMap = class com.ibm.wsspi.kernel.service.utils.ConcurrentServiceReferenceSetMap@283ccdc8
      categories = class java.util.Collections$SynchronizedSet@f852b1c
      baseProperties = class org.apache.felix.scr.impl.helper.ReadOnlyDictionary@1962f0c3
      registration = class com.ibm.ws.kernel.service.util.ServiceRegistrationModifier@1c393783
      serialVersionUID = 6566424214406946230
      $$$tc$$$ = class com.ibm.websphere.ras.TraceComponent@7d14a1ce
    moduleFactory = class com.ibm.ws.adaptable.module.internal.AdaptableModuleFactoryImpl@936e71
      adapterFactoryService = class com.ibm.ws.adaptable.module.internal.AdapterFactoryServiceImpl@262b0359
      containerFactory = class com.ibm.ws.artifact.internal.ArtifactContainerFactoryService@5d78b6d2
      overlayContainerFactory = class com.ibm.ws.artifact.overlay.internal.OverlayContainerFactoryImpl@785c74fb
      serialVersionUID = 4200251809856292987
      $$$tc$$$ = class com.ibm.websphere.ras.TraceComponent@7dade654
    serialVersionUID = 8537801607979767986
    $$$tc$$$ = class com.ibm.websphere.ras.TraceComponent@3487af79
      strings[0] = "TraceComponent[com.ibm.ws.app.manager.module.internal.DeployedAppServicesImpl,class com.ibm.ws.app.manager.module.internal.DeployedAppServicesImpl,[applications, app.manager],null,null]"
  futureMonitor = class com.ibm.ws.threading.internal.FutureMonitorImpl@23e4ca3d
    _monitor = class java.util.concurrent.ConcurrentLinkedQueue@2bcd0ab8
      serialVersionUID = 196745693267521676
      head = class java.util.concurrent.ConcurrentLinkedQueue$Node@6fab7f5
      tail = class java.util.concurrent.ConcurrentLinkedQueue$Node@6fab7f5
      UNSAFE = class sun.misc.Unsafe@539d7dac
      headOffset = 12
      tailOffset = 16
      MAX_ARRAY_SIZE = 2147483639
    _executor = class com.ibm.ws.threading.internal.ScheduledExecutorImpl@3d5df66f
      threadGroupName = "Scheduled Executor Thread Group"
      executor = class com.ibm.ws.threading.internal.ExecutorServiceImpl@568796f3
      serialVersionUID = -9110693807503469597
      $$$tc$$$ = class com.ibm.websphere.ras.TraceComponent@52d68ae4
      continueExistingPeriodicTasksAfterShutdown = false
      executeExistingDelayedTasksAfterShutdown = true
      removeOnCancel = false
      sequencer = class java.util.concurrent.atomic.AtomicLong@436bf589
      ctl = class java.util.concurrent.atomic.AtomicInteger@53a68e1
      COUNT_BITS = 29
      CAPACITY = 536870911
      RUNNING = -536870912
      SHUTDOWN = 0
      STOP = 536870912
      TIDYING = 1073741824
      TERMINATED = 1610612736
      workQueue = class java.util.concurrent.ScheduledThreadPoolExecutor$DelayedWorkQueue@52c47739
      mainLock = class java.util.concurrent.locks.ReentrantLock@2068f737
      workers = class java.util.HashSet@3c33990e
      termination = class java.util.concurrent.locks.AbstractQueuedSynchronizer$ConditionObject@6a188309
      largestPoolSize = 1
      completedTaskCount = 0
      threadFactory = class com.ibm.ws.threading.internal.ThreadFactoryImpl@1b944ccc
      handler = class java.util.concurrent.ThreadPoolExecutor$AbortPolicy@7ca2c1c6
      keepAliveTime = 0
      allowCoreThreadTimeOut = false
      corePoolSize = 1
      maximumPoolSize = 2147483647
      defaultHandler = class java.util.concurrent.ThreadPoolExecutor$AbortPolicy@7ca2c1c6
      shutdownPerm = class java.lang.RuntimePermission@5cf9dcb5
      acc = null
      ONLY_ONE = true
      $assertionsDisabled = true
    _threadRunning = class java.util.concurrent.atomic.AtomicBoolean@1e73e64c
      serialVersionUID = 4654671469794556979
      unsafe = class sun.misc.Unsafe@539d7dac
      valueOffset = 12
      value = 0
    _thread = class com.ibm.ws.threading.internal.FutureMonitorImpl$1@230a31ac
      this$0 = class com.ibm.ws.threading.internal.FutureMonitorImpl@23e4ca3d
      serialVersionUID = 2422512430832938099
      $$$tc$$$ = class com.ibm.websphere.ras.TraceComponent@2dff9f44
    serialVersionUID = 2765238413969174390
    $$$tc$$$ = class com.ibm.websphere.ras.TraceComponent@8757e8e
      strings[0] = "TraceComponent[com.ibm.ws.threading.internal.FutureMonitorImpl,class com.ibm.ws.threading.internal.FutureMonitorImpl,[Threading],com.ibm.ws.threading.internal.resources.ThreadingMessages,null]"
  appInfoFactory = class com.ibm.ws.container.service.app.deploy.internal.ApplicationInfoFactoryImpl@7b23ff77
    j2eeNameFactory = class com.ibm.wsspi.kernel.service.utils.AtomicServiceReference@11640c7b
      referenceName = "j2eeNameFactory"
      tuple = class java.util.concurrent.atomic.AtomicReference@5b778ed
      serialVersionUID = 2226592364007985000
      $$$tc$$$ = class com.ibm.websphere.ras.TraceComponent@73410298
    names = class java.util.HashSet@7b30a272
      serialVersionUID = -5024744406713321676
      map = class java.util.HashMap@20e0f02
      PRESENT = class java.lang.Object@113bd3d3
      MAX_ARRAY_SIZE = 2147483639
    serialVersionUID = 6232436640731165768
    $$$tc$$$ = class com.ibm.websphere.ras.TraceComponent@59858abd
      strings[0] = "TraceComponent[com.ibm.ws.container.service.app.deploy.internal.ApplicationInfoFactoryImpl,class com.ibm.ws.container.service.app.deploy.internal.ApplicationInfoFactoryImpl,[container.service],com.ibm.ws.container.service.resources.Messages,null]"
  metaDataService = class com.ibm.ws.container.service.metadata.internal.MetaDataServiceImpl@6fe2fe36
    applicationMetaDataManager = class com.ibm.ws.container.service.metadata.internal.ApplicationMetaDataManager@5d8da6dc
      serialVersionUID = 1843747281024490904
      $$$tc$$$ = class com.ibm.websphere.ras.TraceComponent@5133f04d
      listeners = class com.ibm.wsspi.kernel.service.utils.ConcurrentServiceReferenceSet@205ceeff
      metaDataIDs = class com.ibm.ws.container.service.metadata.internal.IndexList@52d883e9
      metaDatas = class java.util.ArrayList@5459f1d
      slotIDs = class com.ibm.ws.container.service.metadata.internal.IndexList@43bb7e17
      serialVersionUID = 5464421863354792977
      $$$tc$$$ = class com.ibm.websphere.ras.TraceComponent@d624377
    moduleMetaDataManager = class com.ibm.ws.container.service.metadata.internal.ModuleMetaDataManager@6adf27d3
      serialVersionUID = 2513574389899327209
      $$$tc$$$ = class com.ibm.websphere.ras.TraceComponent@4de9f004
      listeners = class com.ibm.wsspi.kernel.service.utils.ConcurrentServiceReferenceSet@10d928e0
      metaDataIDs = class com.ibm.ws.container.service.metadata.internal.IndexList@4abb3224
      metaDatas = class java.util.ArrayList@31cba3e9
      slotIDs = class com.ibm.ws.container.service.metadata.internal.IndexList@6ac392ce
      serialVersionUID = 5464421863354792977
      $$$tc$$$ = class com.ibm.websphere.ras.TraceComponent@d624377
    componentMetaDataManager = class com.ibm.ws.container.service.metadata.internal.ComponentMetaDataManager@5be9e927
      serialVersionUID = 8629793739641703882
      $$$tc$$$ = class com.ibm.websphere.ras.TraceComponent@58bab7ef
      listeners = class com.ibm.wsspi.kernel.service.utils.ConcurrentServiceReferenceSet@79aa3b6b
      metaDataIDs = class com.ibm.ws.container.service.metadata.internal.IndexList@49a7690e
      metaDatas = class java.util.ArrayList@52193920
      slotIDs = class com.ibm.ws.container.service.metadata.internal.IndexList@667d5731
      serialVersionUID = 5464421863354792977
      $$$tc$$$ = class com.ibm.websphere.ras.TraceComponent@d624377
    methodMetaDataManager = class com.ibm.ws.container.service.metadata.internal.MethodMetaDataManager@25b4e31a
      serialVersionUID = -8002489041502300640
      $$$tc$$$ = class com.ibm.websphere.ras.TraceComponent@6682d616
      listeners = class com.ibm.wsspi.kernel.service.utils.ConcurrentServiceReferenceSet@539b6bf9
      metaDataIDs = class com.ibm.ws.container.service.metadata.internal.IndexList@546a6cbf
      metaDatas = class java.util.ArrayList@78a2810b
      slotIDs = class com.ibm.ws.container.service.metadata.internal.IndexList@331310c6
      serialVersionUID = 5464421863354792977
      $$$tc$$$ = class com.ibm.websphere.ras.TraceComponent@d624377
    appModuleNameToModuleContainer = class java.util.concurrent.ConcurrentHashMap@153f0a36
      serialVersionUID = 7249069246763182397
      MAXIMUM_CAPACITY = 1073741824
      DEFAULT_CAPACITY = 16
      MAX_ARRAY_SIZE = 2147483639
      DEFAULT_CONCURRENCY_LEVEL = 16
      LOAD_FACTOR = 0.75
      TREEIFY_THRESHOLD = 8
      UNTREEIFY_THRESHOLD = 6
      MIN_TREEIFY_CAPACITY = 64
      MIN_TRANSFER_STRIDE = 16
      RESIZE_STAMP_BITS = 16
      MAX_RESIZERS = 65535
      RESIZE_STAMP_SHIFT = 16
      MOVED = -1
      TREEBIN = -2
      RESERVED = -3
      HASH_BITS = 2147483647
      NCPU = 8
      serialPersistentFields = class java.io.ObjectStreamField[3]
      table = class java.util.concurrent.ConcurrentHashMap$Node[16]
      nextTable = null
      baseCount = 6
      sizeCtl = 12
      transferIndex = 0
      cellsBusy = 0
      counterCells = null
      keySet = null
      values = null
      entrySet = null
      U = class sun.misc.Unsafe@539d7dac
      SIZECTL = 20
      TRANSFERINDEX = 32
      BASECOUNT = 24
      CELLSBUSY = 36
      CELLVALUE = 144
      ABASE = 16
      ASHIFT = 2
      keySet = null
      values = null
    jeeNameToComponentMetaData = class java.util.concurrent.ConcurrentHashMap@6cd46fd
      serialVersionUID = 7249069246763182397
      MAXIMUM_CAPACITY = 1073741824
      DEFAULT_CAPACITY = 16
      MAX_ARRAY_SIZE = 2147483639
      DEFAULT_CONCURRENCY_LEVEL = 16
      LOAD_FACTOR = 0.75
      TREEIFY_THRESHOLD = 8
      UNTREEIFY_THRESHOLD = 6
      MIN_TREEIFY_CAPACITY = 64
      MIN_TRANSFER_STRIDE = 16
      RESIZE_STAMP_BITS = 16
      MAX_RESIZERS = 65535
      RESIZE_STAMP_SHIFT = 16
      MOVED = -1
      TREEBIN = -2
      RESERVED = -3
      HASH_BITS = 2147483647
      NCPU = 8
      serialPersistentFields = class java.io.ObjectStreamField[3]
      table = class java.util.concurrent.ConcurrentHashMap$Node[32]
      nextTable = null
      baseCount = 13
      sizeCtl = 24
      transferIndex = 0
      cellsBusy = 0
      counterCells = null
      keySet = null
      values = null
      entrySet = null
      U = class sun.misc.Unsafe@539d7dac
      SIZECTL = 20
      TRANSFERINDEX = 32
      BASECOUNT = 24
      CELLSBUSY = 36
      CELLVALUE = 144
      ABASE = 16
      ASHIFT = 2
      keySet = null
      values = null
    deferredMetaDataFactories = class com.ibm.wsspi.kernel.service.utils.ConcurrentServiceReferenceSet@12f927d2
      referenceName = "deferredMetaDataFactory"
      contextRef = class java.util.concurrent.atomic.AtomicReference@b0ad1f0
      elementMap = class java.util.LinkedHashMap@731b3bf1
      elementSet = class java.util.concurrent.ConcurrentSkipListSet@29db7ae5
      elementSetUnsorted = false
      serialVersionUID = 756240983881166148
      $$$tc$$$ = class com.ibm.websphere.ras.TraceComponent@29b17e0
    deferredMetaDataInitializers = class com.ibm.wsspi.kernel.service.utils.ConcurrentServiceReferenceMap@1057baa4
      referenceName = "deferredMetaDataFactory"
      context = class org.apache.felix.scr.impl.manager.ComponentContextImpl@6f3c52f4
      elementMap = class java.util.concurrent.ConcurrentHashMap@385ae574
      serialVersionUID = 6980924785166233786
      $$$tc$$$ = class com.ibm.websphere.ras.TraceComponent@5a1f9275
    serialVersionUID = -2494605732980966097
    $$$tc$$$ = class com.ibm.websphere.ras.TraceComponent@12ac7687
      strings[0] = "TraceComponent[com.ibm.ws.container.service.metadata.internal.MetaDataServiceImpl,class com.ibm.ws.container.service.metadata.internal.MetaDataServiceImpl,[Runtime],null,null]"
  stateChangeService = class com.ibm.ws.container.service.state.internal.StateChangeServiceImpl@39e26897
    applicationStateManager = class com.ibm.ws.container.service.state.internal.ApplicationStateManager@61f21489
      serialVersionUID = -6685368059484454124
      $$$tc$$$ = class com.ibm.websphere.ras.TraceComponent@2a584226
      listeners = class com.ibm.wsspi.kernel.service.utils.ConcurrentServiceReferenceSet@24100ec8
      serialVersionUID = 2284273176985484160
      $$$tc$$$ = class com.ibm.websphere.ras.TraceComponent@3d8e9b40
    moduleStateManager = class com.ibm.ws.container.service.state.internal.ModuleStateManager@7d546c22
      serialVersionUID = -5540260902341249963
      $$$tc$$$ = class com.ibm.websphere.ras.TraceComponent@32f69eac
      listeners = class com.ibm.wsspi.kernel.service.utils.ConcurrentServiceReferenceSet@20da3f83
      serialVersionUID = 2284273176985484160
      $$$tc$$$ = class com.ibm.websphere.ras.TraceComponent@3d8e9b40
    serialVersionUID = -537917915330350560
    $$$tc$$$ = class com.ibm.websphere.ras.TraceComponent@4fb56aa2
      strings[0] = "TraceComponent[com.ibm.ws.container.service.state.internal.StateChangeServiceImpl,class com.ibm.ws.container.service.state.internal.StateChangeServiceImpl,[Runtime],null,null]"
  moduleClassesInfo = class com.ibm.ws.app.manager.module.internal.SimpleDeployedAppInfoBase$ModuleClassesInfoProvider@d173bb2
    entryContainerInfosMap = class java.util.HashMap@3f706c14
      serialVersionUID = 362498820763181265
      DEFAULT_INITIAL_CAPACITY = 16
      MAXIMUM_CAPACITY = 1073741824
      DEFAULT_LOAD_FACTOR = 0.75
      TREEIFY_THRESHOLD = 8
      UNTREEIFY_THRESHOLD = 6
      MIN_TREEIFY_CAPACITY = 64
      table = null
      entrySet = null
      size = 0
      modCount = 0
      threshold = 0
      loadFactor = 0.75
      keySet = null
      values = null
    serialVersionUID = -70332790531324534
    $$$tc$$$ = class com.ibm.websphere.ras.TraceComponent@7c44fecd
      strings[0] = "TraceComponent[com.ibm.ws.app.manager.module.internal.SimpleDeployedAppInfoBase$ModuleClassesInfoProvider,class com.ibm.ws.app.manager.module.internal.SimpleDeployedAppInfoBase$ModuleClassesInfoProvider,[applications, app.manager],null,null]"
  moduleContainerInfos = class java.util.ArrayList@7ddfce69
    serialVersionUID = 8683452581122892189
    DEFAULT_CAPACITY = 10
    EMPTY_ELEMENTDATA = class java.lang.Object[0]
    DEFAULTCAPACITY_EMPTY_ELEMENTDATA = class java.lang.Object[0]
    elementData = class java.lang.Object[10]
      Object[0] = class com.ibm.ws.app.manager.module.internal.SimpleDeployedAppInfoBase$WebModuleContainerInfo@2babd0fa
      Object[1] = null
      Object[2] = null
      Object[3] = null
      Object[4] = null
      Object[5] = null
      Object[6] = null
      Object[7] = null
      Object[8] = null
      Object[9] = null
    size = 1
    MAX_ARRAY_SIZE = 2147483639
    modCount = 1
    MAX_ARRAY_SIZE = 2147483639
  activeModuleHandlers = class java.util.IdentityHashMap@1875bce1
    DEFAULT_CAPACITY = 32
    MINIMUM_CAPACITY = 4
    MAXIMUM_CAPACITY = 536870912
    table = class java.lang.Object[16]
      Object[0] = null
      Object[1] = null
      Object[2] = null
      Object[3] = null
      Object[4] = null
      Object[5] = null
      Object[6] = null
      Object[7] = null
      Object[8] = null
      Object[9] = null
      Object[10] = null
      Object[11] = null
      Object[12] = null
      Object[13] = null
      Object[14] = null
      Object[15] = null
    size = 0
    modCount = 2
    NULL_KEY = class java.lang.Object@242c530c
    entrySet = null
    serialVersionUID = 8188218128353913216
    keySet = null
    values = null
  serialVersionUID = -2685719801501752993
  $$$tc$$$ = class com.ibm.websphere.ras.TraceComponent@37d1f002
    strings[0] = "TraceComponent[com.ibm.ws.app.manager.module.internal.SimpleDeployedAppInfoBase,class com.ibm.ws.app.manager.module.internal.SimpleDeployedAppInfoBase,[applications, app.manager],null,null]"

Dump of objectArray[0]
Object type = com.ibm.ws.threading.internal.NonCancelableResultFuture
  _done = false
  _result = null
  _failure = null
  _listeners = class java.util.concurrent.ConcurrentLinkedQueue@317dec02
    serialVersionUID = 196745693267521676
    head = class java.util.concurrent.ConcurrentLinkedQueue$Node@10f15b64
      item = null
      next = null
      UNSAFE = class sun.misc.Unsafe@539d7dac
      itemOffset = 12
      nextOffset = 16
    tail = class java.util.concurrent.ConcurrentLinkedQueue$Node@10f15b64
    UNSAFE = class sun.misc.Unsafe@539d7dac
    headOffset = 12
    tailOffset = 16
    MAX_ARRAY_SIZE = 2147483639
  _notifiedListeners = class java.util.concurrent.atomic.AtomicBoolean@3dc4014c
    serialVersionUID = 4654671469794556979
    unsafe = class sun.misc.Unsafe@539d7dac
      theUnsafe = class sun.misc.Unsafe@539d7dac
      INVALID_FIELD_OFFSET = -1
      ARRAY_BOOLEAN_BASE_OFFSET = 16
      ARRAY_BYTE_BASE_OFFSET = 16
      ARRAY_SHORT_BASE_OFFSET = 16
      ARRAY_CHAR_BASE_OFFSET = 16
      ARRAY_INT_BASE_OFFSET = 16
      ARRAY_LONG_BASE_OFFSET = 16
      ARRAY_FLOAT_BASE_OFFSET = 16
      ARRAY_DOUBLE_BASE_OFFSET = 16
      ARRAY_OBJECT_BASE_OFFSET = 16
      ARRAY_BOOLEAN_INDEX_SCALE = 1
      ARRAY_BYTE_INDEX_SCALE = 1
      ARRAY_SHORT_INDEX_SCALE = 2
      ARRAY_CHAR_INDEX_SCALE = 2
      ARRAY_INT_INDEX_SCALE = 4
      ARRAY_LONG_INDEX_SCALE = 8
      ARRAY_FLOAT_INDEX_SCALE = 4
      ARRAY_DOUBLE_INDEX_SCALE = 8
      ARRAY_OBJECT_INDEX_SCALE = 4
      ADDRESS_SIZE = 8
    valueOffset = 12
    value = 0
  serialVersionUID = -296387658814354272
  $$$tc$$$ = class com.ibm.websphere.ras.TraceComponent@65c1f0de
    strings[0] = "TraceComponent[com.ibm.ws.threading.internal.NonCancelableResultFuture,class com.ibm.ws.threading.internal.NonCancelableResultFuture,[Threading],com.ibm.ws.threading.internal.resources.ThreadingMessages,null]"

