------Start of DE processing------ = [03/01/22 14:48:42:529 EET]
Exception = org.jboss.weld.exceptions.DefinitionException
Source = com.ibm.ws.container.service.state.internal.ApplicationStateManager
probeid = 54
Stack Dump = org.jboss.weld.exceptions.DefinitionException: CWMFT5020E: The com.example.documents.ResilienceController.someMethod() asynchronous method does not have a return type of either java.util.concurrent.Future or java.util.concurrent.CompletionStage.
	at org.jboss.weld.bootstrap.events.ContainerLifecycleEvents.fireProcessAnnotatedType(ContainerLifecycleEvents.java:189)
	at org.jboss.weld.bootstrap.events.ContainerLifecycleEvents.fireProcessAnnotatedType(ContainerLifecycleEvents.java:173)
	at org.jboss.weld.bootstrap.BeanDeployer.processAnnotatedTypes(BeanDeployer.java:166)
	at org.jboss.weld.bootstrap.BeanDeployment.createTypes(BeanDeployment.java:219)
	at org.jboss.weld.bootstrap.WeldStartup.startInitialization(WeldStartup.java:426)
	at org.jboss.weld.bootstrap.WeldBootstrap.startInitialization(WeldBootstrap.java:79)
	at com.ibm.ws.cdi.impl.CDIContainerImpl$2.run(CDIContainerImpl.java:155)
	at com.ibm.ws.cdi.impl.CDIContainerImpl$2.run(CDIContainerImpl.java:152)
	at java.security.AccessController.doPrivileged(Native Method)
	at com.ibm.ws.cdi.impl.CDIContainerImpl.startInitialization(CDIContainerImpl.java:152)
	at com.ibm.ws.cdi.liberty.CDIRuntimeImpl.applicationStarting(CDIRuntimeImpl.java:480)
	at com.ibm.ws.container.service.state.internal.ApplicationStateManager.fireStarting(ApplicationStateManager.java:51)
	at com.ibm.ws.container.service.state.internal.StateChangeServiceImpl.fireApplicationStarting(StateChangeServiceImpl.java:50)
	at com.ibm.ws.app.manager.module.internal.SimpleDeployedAppInfoBase.preDeployApp(SimpleDeployedAppInfoBase.java:547)
	at com.ibm.ws.app.manager.module.internal.SimpleDeployedAppInfoBase.installApp(SimpleDeployedAppInfoBase.java:508)
	at com.ibm.ws.app.manager.module.internal.DeployedAppInfoBase.deployApp(DeployedAppInfoBase.java:349)
	at com.ibm.ws.app.manager.war.internal.WARApplicationHandlerImpl.install(WARApplicationHandlerImpl.java:65)
	at com.ibm.ws.app.manager.internal.statemachine.StartAction.execute(StartAction.java:149)
	at com.ibm.ws.app.manager.internal.statemachine.ApplicationStateMachineImpl.enterState(ApplicationStateMachineImpl.java:1352)
	at com.ibm.ws.app.manager.internal.statemachine.ApplicationStateMachineImpl.performAction(ApplicationStateMachineImpl.java:1217)
	at com.ibm.ws.app.manager.internal.statemachine.ApplicationStateMachineImpl.run(ApplicationStateMachineImpl.java:905)
	at com.ibm.ws.threading.internal.ExecutorServiceImpl$RunnableWrapper.run(ExecutorServiceImpl.java:238)
	at java.util.concurrent.ThreadPoolExecutor.runWorker(ThreadPoolExecutor.java:1149)
	at java.util.concurrent.ThreadPoolExecutor$Worker.run(ThreadPoolExecutor.java:624)
	at java.lang.Thread.run(Thread.java:748)
Caused by: org.eclipse.microprofile.faulttolerance.exceptions.FaultToleranceDefinitionException: CWMFT5020E: The com.example.documents.ResilienceController.someMethod() asynchronous method does not have a return type of either java.util.concurrent.Future or java.util.concurrent.CompletionStage.
	at com.ibm.ws.microprofile.faulttolerance.cdi.config.impl.AsynchronousConfigImpl20.validate(AsynchronousConfigImpl20.java:49)
	at com.ibm.ws.microprofile.faulttolerance.cdi.FaultToleranceCDIExtension.processMethod(FaultToleranceCDIExtension.java:184)
	at com.ibm.ws.microprofile.faulttolerance.cdi.FaultToleranceCDIExtension.processAnnotatedType(FaultToleranceCDIExtension.java:133)
	at sun.reflect.GeneratedMethodAccessor879.invoke(Unknown Source)
	at java.lang.reflect.Method.invoke(Method.java:498)
	at org.jboss.weld.injection.StaticMethodInjectionPoint.invoke(StaticMethodInjectionPoint.java:95)
	at org.jboss.weld.injection.MethodInvocationStrategy$SpecialParamPlusBeanManagerStrategy.invoke(MethodInvocationStrategy.java:187)
	at org.jboss.weld.event.ObserverMethodImpl.sendEvent(ObserverMethodImpl.java:330)
	at org.jboss.weld.event.ExtensionObserverMethodImpl.sendEvent(ExtensionObserverMethodImpl.java:123)
	at org.jboss.weld.event.ObserverMethodImpl.sendEvent(ObserverMethodImpl.java:308)
	at org.jboss.weld.event.ObserverMethodImpl.notify(ObserverMethodImpl.java:286)
	at javax.enterprise.inject.spi.ObserverMethod.notify(ObserverMethod.java:124)
	at org.jboss.weld.util.Observers.notify(Observers.java:166)
	at org.jboss.weld.event.ObserverNotifier.notifySyncObservers(ObserverNotifier.java:285)
	at org.jboss.weld.event.ObserverNotifier.notify(ObserverNotifier.java:273)
	at org.jboss.weld.event.ObserverNotifier.fireEvent(ObserverNotifier.java:189)
	at org.jboss.weld.bootstrap.events.ContainerLifecycleEvents.fireProcessAnnotatedType(ContainerLifecycleEvents.java:187)
	... 24 more

Dump of callerThis
Object type = com.ibm.ws.container.service.state.internal.ApplicationStateManager
  serialVersionUID = -6685368059484454124
  $$$tc$$$ = class com.ibm.websphere.ras.TraceComponent@41fcaf84
    strings[0] = "TraceComponent[com.ibm.ws.container.service.state.internal.ApplicationStateManager,class com.ibm.ws.container.service.state.internal.ApplicationStateManager,[Runtime],null,null]"
  listeners = class com.ibm.wsspi.kernel.service.utils.ConcurrentServiceReferenceSet@4d6a9e22
    referenceName = "applicationStateListeners"
    contextRef = class java.util.concurrent.atomic.AtomicReference@366397c1
      serialVersionUID = -1848883965231344442
      unsafe = class sun.misc.Unsafe@435bb527
      valueOffset = 12
      value = class org.apache.felix.scr.impl.manager.ComponentContextImpl@35f881c8
    elementMap = class java.util.LinkedHashMap@3b9b789
      serialVersionUID = 3801124242820219131
      head = class java.util.LinkedHashMap$Entry@7a7e72df
      tail = class java.util.LinkedHashMap$Entry@50892fce
      accessOrder = false
      serialVersionUID = 362498820763181265
      DEFAULT_INITIAL_CAPACITY = 16
      MAXIMUM_CAPACITY = 1073741824
      DEFAULT_LOAD_FACTOR = 0.75
      TREEIFY_THRESHOLD = 8
      UNTREEIFY_THRESHOLD = 6
      MIN_TREEIFY_CAPACITY = 64
      table = class java.util.HashMap$Node[16]
      entrySet = null
      size = 12
      modCount = 12
      threshold = 12
      loadFactor = 0.75
      keySet = null
      values = null
    elementSet = class java.util.concurrent.ConcurrentSkipListSet@63fc7b0c
      serialVersionUID = -2479143111061671589
      m = class java.util.concurrent.ConcurrentSkipListMap@43150e7
      UNSAFE = class sun.misc.Unsafe@435bb527
      mapOffset = 12
      MAX_ARRAY_SIZE = 2147483639
    elementSetUnsorted = false
    serialVersionUID = 756240983881166148
    $$$tc$$$ = class com.ibm.websphere.ras.TraceComponent@78434fab
      strings[0] = "TraceComponent[com.ibm.wsspi.kernel.service.utils.ConcurrentServiceReferenceSet,class com.ibm.wsspi.kernel.service.utils.ConcurrentServiceReferenceSet,[kernelUtils],com.ibm.ws.kernel.service.utils.resources.ServiceMessages,null]"
  serialVersionUID = 2284273176985484160
  $$$tc$$$ = class com.ibm.websphere.ras.TraceComponent@7c6a6e90
    strings[0] = "TraceComponent[com.ibm.ws.container.service.state.internal.StateChangeManager,class com.ibm.ws.container.service.state.internal.StateChangeManager,[Runtime],null,null]"

Dump of objectArray[0]
Object type = com.ibm.ws.container.service.app.deploy.internal.ApplicationInfoImpl
  appName = "documents"
  appMetaData = class com.ibm.ws.container.service.app.deploy.internal.ApplicationMetaDataImpl@72c7f170
    j2eeName = class com.ibm.ws.container.service.metadata.internal.J2EENameImpl@1ed279e6
      serialVersionUID = 7488184044073147667
      application = "documents"
      module = null
      component = null
      string = "documents"
      j2eeNameBytes = null
      $$$tc$$$ = class com.ibm.websphere.ras.TraceComponent@5bf8b52d
    serialVersionUID = -7906531148367236579
    $$$tc$$$ = class com.ibm.websphere.ras.TraceComponent@6e562a82
      strings[0] = "TraceComponent[com.ibm.ws.container.service.app.deploy.internal.ApplicationMetaDataImpl,class com.ibm.ws.container.service.app.deploy.internal.ApplicationMetaDataImpl,[container.service],com.ibm.ws.container.service.resources.Messages,null]"
    tc = class com.ibm.websphere.ras.TraceComponent@4b865abb
      strings[0] = "TraceComponent[com.ibm.ws.runtime.metadata.MetaDataImpl,class com.ibm.ws.runtime.metadata.MetaDataImpl,[Runtime],null,null]"
    NUM_STATIC_SLOTS = 4
    ID_UNINITIALIZED = -1
    id = 6
    metaDataInterface = class java.lang.Class@2069a042
      ANNOTATION = 8192
      ENUM = 16384
      SYNTHETIC = 4096
      cachedConstructor = null
      newInstanceCallerCache = null
      name = "com.ibm.ws.runtime.metadata.ApplicationMetaData"
      allPermDomain = class java.security.ProtectionDomain@48db38c5
      useCaches = true
      reflectionData = null
      classRedefinedCount = 0
      genericInfo = null
      serialVersionUID = 3206093459760846163
      serialPersistentFields = class java.io.ObjectStreamField[0]
      reflectionFactory = class sun.reflect.ReflectionFactory@6d4aad02
      initted = true
      enumConstants = null
      enumConstantDirectory = null
      annotationData = null
      annotationType = null
      classValueMap = null
    staticSlots = class java.lang.Object[4]
      Object[0] = class com.ibm.ws.cdi.impl.weld.WebSphereCDIDeploymentImpl@7d43f595
      Object[1] = class com.ibm.ws.injectionengine.osgi.internal.OSGiInjectionScopeData@2bce863f
      Object[2] = "documents"
      Object[3] = null
    dynamicSlots = null
  appContainer = class com.ibm.ws.adaptable.module.internal.AdaptableContainerImpl@41a4b00b
    root = class com.ibm.ws.adaptable.module.internal.AdaptableContainerImpl@41a4b00b
    rootOverlay = class com.ibm.ws.artifact.overlay.internal.DirectoryBasedOverlayContainerImpl@5c8c2add
      base = class com.ibm.ws.artifact.loose.internal.LooseArchive@526ac37b
      maskSet = class java.util.HashSet@15e1a861
      cfHolder = class com.ibm.ws.artifact.overlay.internal.OverlayContainerFactoryImpl@1c3654da
      fileOverlayContainer = class com.ibm.ws.artifact.file.internal.FileContainer@9c79fed
      overlayDirectory = class java.io.File@4d81ed91
      cacheDirForOverlay = class java.io.File@49f48e41
      overlayNotifier = class com.ibm.ws.artifact.overlay.internal.DirectoryBasedOverlayNotifier@3eaec8e7
      enclosingContainer = null
      entryInEnclosingContainer = null
      nestedOverlays = class java.util.concurrent.ConcurrentHashMap@514e85be
      cacheStore = class com.ibm.ws.artifact.overlay.internal.OverlayCache@6443408d
      parentOverlay = null
      isPassThroughMode = true
      serialVersionUID = -6650153487216279998
      $$$tc$$$ = class com.ibm.websphere.ras.TraceComponent@97710ae
    factoryHolder = class com.ibm.ws.adaptable.module.internal.AdaptableModuleFactoryImpl@44a623fb
      adapterFactoryService = class com.ibm.ws.adaptable.module.internal.AdapterFactoryServiceImpl@5d85d3ad
      containerFactory = class com.ibm.ws.artifact.internal.ArtifactContainerFactoryService@7bd1b6b0
      overlayContainerFactory = class com.ibm.ws.artifact.overlay.internal.OverlayContainerFactoryImpl@1c3654da
      serialVersionUID = 4200251809856292987
      $$$tc$$$ = class com.ibm.websphere.ras.TraceComponent@52729a9c
    delegate = class com.ibm.ws.artifact.overlay.internal.DirectoryBasedOverlayContainerImpl@5c8c2add
    notifier = class com.ibm.ws.adaptable.module.internal.NotifierImpl@7601cbc8
      root = class com.ibm.ws.adaptable.module.internal.AdaptableContainerImpl@41a4b00b
      delegateNotifier = class com.ibm.ws.artifact.overlay.internal.DirectoryBasedOverlayNotifier@3eaec8e7
      delegateRoot = class com.ibm.ws.artifact.overlay.internal.DirectoryBasedOverlayContainerImpl@5c8c2add
      listenerDelegates = class java.util.HashMap@5c237dfa
      serialVersionUID = 6839382523957017880
      $$$tc$$$ = class com.ibm.websphere.ras.TraceComponent@7a46b372
    serialVersionUID = -5950528200509051684
    $$$tc$$$ = class com.ibm.websphere.ras.TraceComponent@66f92469
      strings[0] = "TraceComponent[com.ibm.ws.adaptable.module.internal.AdaptableContainerImpl,class com.ibm.ws.adaptable.module.internal.AdaptableContainerImpl,[archive.adaptable],null,null]"
  configHelper = class com.ibm.ws.app.manager.module.ApplicationNestedConfigHelper@55b995d7
    appInfo = class com.ibm.ws.app.manager.internal.ApplicationInstallInfo@4b22d6d7
    serialVersionUID = -3174031738676705046
    $$$tc$$$ = class com.ibm.websphere.ras.TraceComponent@1f5868c5
      strings[0] = "TraceComponent[com.ibm.ws.app.manager.module.ApplicationNestedConfigHelper,class com.ibm.ws.app.manager.module.ApplicationNestedConfigHelper,[applications, app.manager],null,null]"
  applicationInformation = class com.ibm.ws.app.manager.internal.ApplicationInstallInfo@4b22d6d7
    _config = class com.ibm.ws.app.manager.internal.ApplicationConfig@5c1c7f03
      tc = class com.ibm.websphere.ras.TraceComponent@4ec12bcb
      _configPid = "com.ibm.ws.app.manager_35"
      _config = class com.ibm.ws.config.admin.ConfigurationDictionary@387ac8d
      _applicationManager = class com.ibm.ws.app.manager.ApplicationManager@50e3edd8
      _location = "documents.war"
      _type = "war"
      _name = "documents"
      _notificationBroadcasterSupport = class javax.management.NotificationBroadcasterSupport@230844d2
      ONE_TIME_JANDEX_MSGS_DISPLAYED = true
      serialVersionUID = -2151423388299667431
    _handlerInfo = class java.util.concurrent.atomic.AtomicReference@2f62f589
      serialVersionUID = -1848883965231344442
      unsafe = class sun.misc.Unsafe@435bb527
      valueOffset = 12
      value = class com.ibm.ws.app.manager.war.internal.WARDeployedAppInfo@383f73f
    _container = class java.util.concurrent.atomic.AtomicReference@62e3dd64
      serialVersionUID = -1848883965231344442
      unsafe = class sun.misc.Unsafe@435bb527
      valueOffset = 12
      value = class com.ibm.ws.adaptable.module.internal.AdaptableContainerImpl@41a4b00b
    _resolvedLocation = class java.util.concurrent.atomic.AtomicReference@7bedebc2
      serialVersionUID = -1848883965231344442
      unsafe = class sun.misc.Unsafe@435bb527
      valueOffset = 12
      value = class com.ibm.ws.kernel.service.location.internal.LocalFileResource@1acbd935
    _handler = class com.ibm.ws.app.manager.war.internal.WARApplicationHandlerImpl@20042d19
      futureMonitor = class com.ibm.ws.threading.internal.FutureMonitorImpl@6c733198
      deployedAppFactory = class com.ibm.ws.app.manager.war.internal.WARDeployedAppInfoFactoryImpl@639c0266
      serialVersionUID = 4622845147410944782
      $$$tc$$$ = class com.ibm.websphere.ras.TraceComponent@6d1bf722
    _ami = class java.util.concurrent.atomic.AtomicReference@26a41e06
      serialVersionUID = -1848883965231344442
      unsafe = class sun.misc.Unsafe@435bb527
      valueOffset = 12
      value = class com.ibm.wsspi.application.handler.DefaultApplicationMonitoringInformation@70d3bf20
    _updateHandler = class com.ibm.ws.app.manager.internal.statemachine.ApplicationStateMachineImpl@37566e52
      _tc = class com.ibm.websphere.ras.TraceComponent@792462b0
      EMPTY_FUTURE_ARRAY = interface java.util.concurrent.Future[0]
      asmSequenceNumber = class java.util.concurrent.atomic.AtomicLong@5507c6b3
      _qscaCounter = class java.util.concurrent.atomic.AtomicInteger@54ea55ef
      _failedThrowable = class com.ibm.ws.container.service.state.StateChangeException@53e95705
      _interruptibleLock = class com.ibm.ws.app.manager.internal.statemachine.ApplicationStateMachineImpl$2@5872fa0a
      _interruptible = false
      _performingQueuedActions = true
      _queuedActions = class java.util.concurrent.ConcurrentLinkedQueue@5c523ba8
      _callbackState = class java.util.concurrent.atomic.AtomicReference@378b4ccf
      blockAppStartingFutures = class java.util.Collections$SetFromMap@31c822fc
      waitingForAppHandlerFuture = class java.util.concurrent.atomic.AtomicReference@7e252c65
      waitingForExplicitStartFuture = class java.util.concurrent.atomic.AtomicReference@33e7d772
      startAfterFutures = class java.util.Collections$SetFromMap@5e6708f5
      completionListener = class java.util.concurrent.atomic.AtomicReference@2ec81e07
      _notifyAppStopped = class java.util.concurrent.ConcurrentLinkedQueue@79d959bf
      _notifyAppStarting = class java.util.concurrent.ConcurrentLinkedQueue@74884db1
      _notifyAppInstallCalled = class java.util.concurrent.ConcurrentLinkedQueue@12cec375
      _notifyAppStarted = class java.util.concurrent.ConcurrentLinkedQueue@7c98df0d
      _notifyAppRemoved = class java.util.concurrent.ConcurrentLinkedQueue@4f3f6580
      _stateLock = class com.ibm.ws.app.manager.internal.statemachine.ApplicationStateMachineImpl$3@79ec5c13
      _internalState = class java.util.concurrent.atomic.AtomicReference@1d5dfd30
      _currentAction = class java.util.concurrent.atomic.AtomicReference@27873921
      _rfa = class java.util.concurrent.atomic.AtomicReference@13a04b34
      _appInstallInfo = class java.util.concurrent.atomic.AtomicReference@8378197
      _update = class java.util.concurrent.atomic.AtomicBoolean@7af159dc
      _appConfig = class java.util.concurrent.atomic.AtomicReference@64a13992
      _nextAppConfig = class java.util.concurrent.atomic.AtomicReference@754937d9
      _appContainer = class java.util.concurrent.atomic.AtomicReference@41462bde
      _resolvedLocation = class java.util.concurrent.atomic.AtomicReference@3109b593
      _handler = class java.util.concurrent.atomic.AtomicReference@5c896789
      _asmSeqNo = 0
      _ctx = class org.eclipse.osgi.internal.framework.BundleContextImpl@5de4427a
      _locAdmin = class com.ibm.ws.kernel.service.location.internal.WsLocationAdminImpl@102abb23
      _futureMonitor = class com.ibm.ws.threading.internal.FutureMonitorImpl@6c733198
      _artifactFactory = class com.ibm.ws.artifact.internal.ArtifactContainerFactoryService@7bd1b6b0
      _moduleFactory = class com.ibm.ws.adaptable.module.internal.AdaptableModuleFactoryImpl@44a623fb
      _executorService = class com.ibm.ws.threading.internal.ExecutorServiceImpl@8c1de60
      _scheduledExecutorService = class com.ibm.ws.threading.internal.ScheduledExecutorImpl@4d778ff8
      _asmHelper = class com.ibm.ws.app.manager.internal.ApplicationConfigurator$NamedApplication@8780f0f
      _appMonitor = class com.ibm.ws.app.manager.internal.monitor.ApplicationMonitor@38fd883f
      enterStateCalled = class java.util.concurrent.atomic.AtomicBoolean@4eefdda6
      serialVersionUID = 7990273947104993494
      serialVersionUID = 300267208965883056
      $$$tc$$$ = class com.ibm.websphere.ras.TraceComponent@7c0191c5
    serialVersionUID = 2630639237123415755
    $$$tc$$$ = class com.ibm.websphere.ras.TraceComponent@da736c
      strings[0] = "TraceComponent[com.ibm.ws.app.manager.internal.ApplicationInstallInfo,class com.ibm.ws.app.manager.internal.ApplicationInstallInfo,[applications, app.manager],com.ibm.ws.app.manager.internal.resources.AppManagerMessages,null]"
  serialVersionUID = 5227817860647895780
  $$$tc$$$ = class com.ibm.websphere.ras.TraceComponent@3c5334d5
    strings[0] = "TraceComponent[com.ibm.ws.container.service.app.deploy.internal.ApplicationInfoImpl,class com.ibm.ws.container.service.app.deploy.internal.ApplicationInfoImpl,[container.service],com.ibm.ws.container.service.resources.Messages,null]"

