------Start of DE processing------ = [03/01/22 12:31:43:566 EET]
Exception = org.jboss.weld.exceptions.DefinitionException
Source = com.ibm.ws.container.service.state.internal.ApplicationStateManager
probeid = 54
Stack Dump = org.jboss.weld.exceptions.DefinitionException: CWMFT5021E: The fallback method fallback with parameter and return types matching method checkTimeout was not found in the class hierarchy of class com.example.documents.DocumentController.
	at org.jboss.weld.bootstrap.events.ContainerLifecycleEvents.fireProcessAnnotatedType(ContainerLifecycleEvents.java:189)
	at org.jboss.weld.bootstrap.events.ContainerLifecycleEvents.fireProcessAnnotatedType(ContainerLifecycleEvents.java:173)
	at org.jboss.weld.bootstrap.BeanDeployer.processAnnotatedTypes(BeanDeployer.java:166)
	at org.jboss.weld.bootstrap.BeanDeployment.createTypes(BeanDeployment.java:219)
	at org.jboss.weld.bootstrap.WeldStartup.startInitialization(WeldStartup.java:426)
	at org.jboss.weld.bootstrap.WeldBootstrap.startInitialization(WeldBootstrap.java:79)
	at com.ibm.ws.cdi.impl.CDIContainerImpl$2.run(CDIContainerImpl.java:155)
	at com.ibm.ws.cdi.impl.CDIContainerImpl$2.run(CDIContainerImpl.java:152)
	at java.security.AccessController.doPrivileged(Native Method)
	at com.ibm.ws.cdi.impl.CDIContainerImpl.startInitialization(CDIContainerImpl.java:152)
	at com.ibm.ws.cdi.liberty.CDIRuntimeImpl.applicationStarting(CDIRuntimeImpl.java:480)
	at com.ibm.ws.container.service.state.internal.ApplicationStateManager.fireStarting(ApplicationStateManager.java:51)
	at com.ibm.ws.container.service.state.internal.StateChangeServiceImpl.fireApplicationStarting(StateChangeServiceImpl.java:50)
	at com.ibm.ws.app.manager.module.internal.SimpleDeployedAppInfoBase.preDeployApp(SimpleDeployedAppInfoBase.java:547)
	at com.ibm.ws.app.manager.module.internal.SimpleDeployedAppInfoBase.installApp(SimpleDeployedAppInfoBase.java:508)
	at com.ibm.ws.app.manager.module.internal.DeployedAppInfoBase.deployApp(DeployedAppInfoBase.java:349)
	at com.ibm.ws.app.manager.war.internal.WARApplicationHandlerImpl.install(WARApplicationHandlerImpl.java:65)
	at com.ibm.ws.app.manager.internal.statemachine.StartAction.execute(StartAction.java:149)
	at com.ibm.ws.app.manager.internal.statemachine.ApplicationStateMachineImpl.enterState(ApplicationStateMachineImpl.java:1352)
	at com.ibm.ws.app.manager.internal.statemachine.ApplicationStateMachineImpl.performAction(ApplicationStateMachineImpl.java:1217)
	at com.ibm.ws.app.manager.internal.statemachine.ApplicationStateMachineImpl.run(ApplicationStateMachineImpl.java:905)
	at com.ibm.ws.threading.internal.ExecutorServiceImpl$RunnableWrapper.run(ExecutorServiceImpl.java:238)
	at java.util.concurrent.ThreadPoolExecutor.runWorker(ThreadPoolExecutor.java:1149)
	at java.util.concurrent.ThreadPoolExecutor$Worker.run(ThreadPoolExecutor.java:624)
	at java.lang.Thread.run(Thread.java:748)
Caused by: org.eclipse.microprofile.faulttolerance.exceptions.FaultToleranceDefinitionException: CWMFT5021E: The fallback method fallback with parameter and return types matching method checkTimeout was not found in the class hierarchy of class com.example.documents.DocumentController.
	at com.ibm.ws.microprofile.faulttolerance.cdi.config.impl.FallbackConfigImpl.validate(FallbackConfigImpl.java:119)
	at com.ibm.ws.microprofile.faulttolerance.cdi.FaultToleranceCDIExtension.processMethod(FaultToleranceCDIExtension.java:187)
	at com.ibm.ws.microprofile.faulttolerance.cdi.FaultToleranceCDIExtension.processAnnotatedType(FaultToleranceCDIExtension.java:133)
	at sun.reflect.GeneratedMethodAccessor875.invoke(Unknown Source)
	at java.lang.reflect.Method.invoke(Method.java:498)
	at org.jboss.weld.injection.StaticMethodInjectionPoint.invoke(StaticMethodInjectionPoint.java:95)
	at org.jboss.weld.injection.MethodInvocationStrategy$SpecialParamPlusBeanManagerStrategy.invoke(MethodInvocationStrategy.java:187)
	at org.jboss.weld.event.ObserverMethodImpl.sendEvent(ObserverMethodImpl.java:330)
	at org.jboss.weld.event.ExtensionObserverMethodImpl.sendEvent(ExtensionObserverMethodImpl.java:123)
	at org.jboss.weld.event.ObserverMethodImpl.sendEvent(ObserverMethodImpl.java:308)
	at org.jboss.weld.event.ObserverMethodImpl.notify(ObserverMethodImpl.java:286)
	at javax.enterprise.inject.spi.ObserverMethod.notify(ObserverMethod.java:124)
	at org.jboss.weld.util.Observers.notify(Observers.java:166)
	at org.jboss.weld.event.ObserverNotifier.notifySyncObservers(ObserverNotifier.java:285)
	at org.jboss.weld.event.ObserverNotifier.notify(ObserverNotifier.java:273)
	at org.jboss.weld.event.ObserverNotifier.fireEvent(ObserverNotifier.java:189)
	at org.jboss.weld.bootstrap.events.ContainerLifecycleEvents.fireProcessAnnotatedType(ContainerLifecycleEvents.java:187)
	... 24 more

Dump of callerThis
Object type = com.ibm.ws.container.service.state.internal.ApplicationStateManager
  serialVersionUID = -6685368059484454124
  $$$tc$$$ = class com.ibm.websphere.ras.TraceComponent@364778a5
    strings[0] = "TraceComponent[com.ibm.ws.container.service.state.internal.ApplicationStateManager,class com.ibm.ws.container.service.state.internal.ApplicationStateManager,[Runtime],null,null]"
  listeners = class com.ibm.wsspi.kernel.service.utils.ConcurrentServiceReferenceSet@3183d341
    referenceName = "applicationStateListeners"
    contextRef = class java.util.concurrent.atomic.AtomicReference@7a293191
      serialVersionUID = -1848883965231344442
      unsafe = class sun.misc.Unsafe@59aaed7c
      valueOffset = 12
      value = class org.apache.felix.scr.impl.manager.ComponentContextImpl@6a3cea61
    elementMap = class java.util.LinkedHashMap@4332fc9f
      serialVersionUID = 3801124242820219131
      head = class java.util.LinkedHashMap$Entry@27736780
      tail = class java.util.LinkedHashMap$Entry@2a11feed
      accessOrder = false
      serialVersionUID = 362498820763181265
      DEFAULT_INITIAL_CAPACITY = 16
      MAXIMUM_CAPACITY = 1073741824
      DEFAULT_LOAD_FACTOR = 0.75
      TREEIFY_THRESHOLD = 8
      UNTREEIFY_THRESHOLD = 6
      MIN_TREEIFY_CAPACITY = 64
      table = class java.util.HashMap$Node[16]
      entrySet = null
      size = 12
      modCount = 12
      threshold = 12
      loadFactor = 0.75
      keySet = null
      values = null
    elementSet = class java.util.concurrent.ConcurrentSkipListSet@769c3135
      serialVersionUID = -2479143111061671589
      m = class java.util.concurrent.ConcurrentSkipListMap@3e3e25bd
      UNSAFE = class sun.misc.Unsafe@59aaed7c
      mapOffset = 12
      MAX_ARRAY_SIZE = 2147483639
    elementSetUnsorted = false
    serialVersionUID = 756240983881166148
    $$$tc$$$ = class com.ibm.websphere.ras.TraceComponent@29b17e0
      strings[0] = "TraceComponent[com.ibm.wsspi.kernel.service.utils.ConcurrentServiceReferenceSet,class com.ibm.wsspi.kernel.service.utils.ConcurrentServiceReferenceSet,[kernelUtils],com.ibm.ws.kernel.service.utils.resources.ServiceMessages,null]"
  serialVersionUID = 2284273176985484160
  $$$tc$$$ = class com.ibm.websphere.ras.TraceComponent@5877bd5b
    strings[0] = "TraceComponent[com.ibm.ws.container.service.state.internal.StateChangeManager,class com.ibm.ws.container.service.state.internal.StateChangeManager,[Runtime],null,null]"

Dump of objectArray[0]
Object type = com.ibm.ws.container.service.app.deploy.internal.ApplicationInfoImpl
  appName = "documents"
  appMetaData = class com.ibm.ws.container.service.app.deploy.internal.ApplicationMetaDataImpl@5e678446
    j2eeName = class com.ibm.ws.container.service.metadata.internal.J2EENameImpl@78a8119f
      serialVersionUID = 7488184044073147667
      application = "documents"
      module = null
      component = null
      string = "documents"
      j2eeNameBytes = null
      $$$tc$$$ = class com.ibm.websphere.ras.TraceComponent@636d1ffc
    serialVersionUID = -7906531148367236579
    $$$tc$$$ = class com.ibm.websphere.ras.TraceComponent@3049b797
      strings[0] = "TraceComponent[com.ibm.ws.container.service.app.deploy.internal.ApplicationMetaDataImpl,class com.ibm.ws.container.service.app.deploy.internal.ApplicationMetaDataImpl,[container.service],com.ibm.ws.container.service.resources.Messages,null]"
    tc = class com.ibm.websphere.ras.TraceComponent@1082c81e
      strings[0] = "TraceComponent[com.ibm.ws.runtime.metadata.MetaDataImpl,class com.ibm.ws.runtime.metadata.MetaDataImpl,[Runtime],null,null]"
    NUM_STATIC_SLOTS = 4
    ID_UNINITIALIZED = -1
    id = 6
    metaDataInterface = class java.lang.Class@7194827b
      ANNOTATION = 8192
      ENUM = 16384
      SYNTHETIC = 4096
      cachedConstructor = null
      newInstanceCallerCache = null
      name = "com.ibm.ws.runtime.metadata.ApplicationMetaData"
      allPermDomain = class java.security.ProtectionDomain@c9b4f85
      useCaches = true
      reflectionData = null
      classRedefinedCount = 0
      genericInfo = null
      serialVersionUID = 3206093459760846163
      serialPersistentFields = class java.io.ObjectStreamField[0]
      reflectionFactory = class sun.reflect.ReflectionFactory@487c9890
      initted = true
      enumConstants = null
      enumConstantDirectory = null
      annotationData = null
      annotationType = null
      classValueMap = null
    staticSlots = class java.lang.Object[4]
      Object[0] = class com.ibm.ws.cdi.impl.weld.WebSphereCDIDeploymentImpl@522327cb
      Object[1] = class com.ibm.ws.injectionengine.osgi.internal.OSGiInjectionScopeData@620e3268
      Object[2] = "documents"
      Object[3] = null
    dynamicSlots = null
  appContainer = class com.ibm.ws.adaptable.module.internal.AdaptableContainerImpl@6b3a502c
    root = class com.ibm.ws.adaptable.module.internal.AdaptableContainerImpl@6b3a502c
    rootOverlay = class com.ibm.ws.artifact.overlay.internal.DirectoryBasedOverlayContainerImpl@70aae0f5
      base = class com.ibm.ws.artifact.loose.internal.LooseArchive@2cbd11df
      maskSet = class java.util.HashSet@23f9c593
      cfHolder = class com.ibm.ws.artifact.overlay.internal.OverlayContainerFactoryImpl@29bca628
      fileOverlayContainer = class com.ibm.ws.artifact.file.internal.FileContainer@63b5ff7e
      overlayDirectory = class java.io.File@285e774b
      cacheDirForOverlay = class java.io.File@6c29a876
      overlayNotifier = class com.ibm.ws.artifact.overlay.internal.DirectoryBasedOverlayNotifier@293e67cb
      enclosingContainer = null
      entryInEnclosingContainer = null
      nestedOverlays = class java.util.concurrent.ConcurrentHashMap@1112d3d
      cacheStore = class com.ibm.ws.artifact.overlay.internal.OverlayCache@4d937c6e
      parentOverlay = null
      isPassThroughMode = true
      serialVersionUID = -6650153487216279998
      $$$tc$$$ = class com.ibm.websphere.ras.TraceComponent@2b83914a
    factoryHolder = class com.ibm.ws.adaptable.module.internal.AdaptableModuleFactoryImpl@117901b1
      adapterFactoryService = class com.ibm.ws.adaptable.module.internal.AdapterFactoryServiceImpl@71e432fc
      containerFactory = class com.ibm.ws.artifact.internal.ArtifactContainerFactoryService@3a325e74
      overlayContainerFactory = class com.ibm.ws.artifact.overlay.internal.OverlayContainerFactoryImpl@29bca628
      serialVersionUID = 4200251809856292987
      $$$tc$$$ = class com.ibm.websphere.ras.TraceComponent@812b6c3
    delegate = class com.ibm.ws.artifact.overlay.internal.DirectoryBasedOverlayContainerImpl@70aae0f5
    notifier = class com.ibm.ws.adaptable.module.internal.NotifierImpl@414e3a75
      root = class com.ibm.ws.adaptable.module.internal.AdaptableContainerImpl@6b3a502c
      delegateNotifier = class com.ibm.ws.artifact.overlay.internal.DirectoryBasedOverlayNotifier@293e67cb
      delegateRoot = class com.ibm.ws.artifact.overlay.internal.DirectoryBasedOverlayContainerImpl@70aae0f5
      listenerDelegates = class java.util.HashMap@42b7b6d6
      serialVersionUID = 6839382523957017880
      $$$tc$$$ = class com.ibm.websphere.ras.TraceComponent@5f4891ae
    serialVersionUID = -5950528200509051684
    $$$tc$$$ = class com.ibm.websphere.ras.TraceComponent@6fca12a5
      strings[0] = "TraceComponent[com.ibm.ws.adaptable.module.internal.AdaptableContainerImpl,class com.ibm.ws.adaptable.module.internal.AdaptableContainerImpl,[archive.adaptable],null,null]"
  configHelper = class com.ibm.ws.app.manager.module.ApplicationNestedConfigHelper@43a2aed2
    appInfo = class com.ibm.ws.app.manager.internal.ApplicationInstallInfo@7d88ec18
    serialVersionUID = -3174031738676705046
    $$$tc$$$ = class com.ibm.websphere.ras.TraceComponent@580a1a53
      strings[0] = "TraceComponent[com.ibm.ws.app.manager.module.ApplicationNestedConfigHelper,class com.ibm.ws.app.manager.module.ApplicationNestedConfigHelper,[applications, app.manager],null,null]"
  applicationInformation = class com.ibm.ws.app.manager.internal.ApplicationInstallInfo@7d88ec18
    _config = class com.ibm.ws.app.manager.internal.ApplicationConfig@7418bfc
      tc = class com.ibm.websphere.ras.TraceComponent@b25a65
      _configPid = "com.ibm.ws.app.manager_45"
      _config = class com.ibm.ws.config.admin.ConfigurationDictionary@63dd82d1
      _applicationManager = class com.ibm.ws.app.manager.ApplicationManager@99932a0
      _location = "documents.war"
      _type = "war"
      _name = "documents"
      _notificationBroadcasterSupport = class javax.management.NotificationBroadcasterSupport@53431c67
      ONE_TIME_JANDEX_MSGS_DISPLAYED = true
      serialVersionUID = -2151423388299667431
    _handlerInfo = class java.util.concurrent.atomic.AtomicReference@65e66ae6
      serialVersionUID = -1848883965231344442
      unsafe = class sun.misc.Unsafe@59aaed7c
      valueOffset = 12
      value = class com.ibm.ws.app.manager.war.internal.WARDeployedAppInfo@79d2ef2a
    _container = class java.util.concurrent.atomic.AtomicReference@33e48cb6
      serialVersionUID = -1848883965231344442
      unsafe = class sun.misc.Unsafe@59aaed7c
      valueOffset = 12
      value = class com.ibm.ws.adaptable.module.internal.AdaptableContainerImpl@6b3a502c
    _resolvedLocation = class java.util.concurrent.atomic.AtomicReference@9365efe
      serialVersionUID = -1848883965231344442
      unsafe = class sun.misc.Unsafe@59aaed7c
      valueOffset = 12
      value = class com.ibm.ws.kernel.service.location.internal.LocalFileResource@c4b2abc
    _handler = class com.ibm.ws.app.manager.war.internal.WARApplicationHandlerImpl@2a33a4f
      futureMonitor = class com.ibm.ws.threading.internal.FutureMonitorImpl@7c776769
      deployedAppFactory = class com.ibm.ws.app.manager.war.internal.WARDeployedAppInfoFactoryImpl@2c54c9c9
      serialVersionUID = 4622845147410944782
      $$$tc$$$ = class com.ibm.websphere.ras.TraceComponent@4131ea7a
    _ami = class java.util.concurrent.atomic.AtomicReference@5444d1a7
      serialVersionUID = -1848883965231344442
      unsafe = class sun.misc.Unsafe@59aaed7c
      valueOffset = 12
      value = class com.ibm.wsspi.application.handler.DefaultApplicationMonitoringInformation@b0ecb92
    _updateHandler = class com.ibm.ws.app.manager.internal.statemachine.ApplicationStateMachineImpl@435266a5
      _tc = class com.ibm.websphere.ras.TraceComponent@15cc50bc
      EMPTY_FUTURE_ARRAY = interface java.util.concurrent.Future[0]
      asmSequenceNumber = class java.util.concurrent.atomic.AtomicLong@ff7f2d9
      _qscaCounter = class java.util.concurrent.atomic.AtomicInteger@567786f
      _failedThrowable = null
      _interruptibleLock = class com.ibm.ws.app.manager.internal.statemachine.ApplicationStateMachineImpl$2@6eafe0b1
      _interruptible = false
      _performingQueuedActions = true
      _queuedActions = class java.util.concurrent.ConcurrentLinkedQueue@42bb5dec
      _callbackState = class java.util.concurrent.atomic.AtomicReference@72ea0e58
      blockAppStartingFutures = class java.util.Collections$SetFromMap@4c70a46a
      waitingForAppHandlerFuture = class java.util.concurrent.atomic.AtomicReference@5d4b6f3d
      waitingForExplicitStartFuture = class java.util.concurrent.atomic.AtomicReference@45871d45
      startAfterFutures = class java.util.Collections$SetFromMap@673d4363
      completionListener = class java.util.concurrent.atomic.AtomicReference@2ea7e81a
      _notifyAppStopped = class java.util.concurrent.ConcurrentLinkedQueue@28134874
      _notifyAppStarting = class java.util.concurrent.ConcurrentLinkedQueue@55031506
      _notifyAppInstallCalled = class java.util.concurrent.ConcurrentLinkedQueue@58a8629e
      _notifyAppStarted = class java.util.concurrent.ConcurrentLinkedQueue@49dea6a9
      _notifyAppRemoved = class java.util.concurrent.ConcurrentLinkedQueue@7b3c170e
      _stateLock = class com.ibm.ws.app.manager.internal.statemachine.ApplicationStateMachineImpl$3@36da864a
      _internalState = class java.util.concurrent.atomic.AtomicReference@2dfdbe9d
      _currentAction = class java.util.concurrent.atomic.AtomicReference@11aabe65
      _rfa = class java.util.concurrent.atomic.AtomicReference@a354f39
      _appInstallInfo = class java.util.concurrent.atomic.AtomicReference@68bf60e3
      _update = class java.util.concurrent.atomic.AtomicBoolean@2876223f
      _appConfig = class java.util.concurrent.atomic.AtomicReference@6cebe8c2
      _nextAppConfig = class java.util.concurrent.atomic.AtomicReference@4c873ee1
      _appContainer = class java.util.concurrent.atomic.AtomicReference@5f2ce7ea
      _resolvedLocation = class java.util.concurrent.atomic.AtomicReference@46d241ea
      _handler = class java.util.concurrent.atomic.AtomicReference@75cc1c0a
      _asmSeqNo = 0
      _ctx = class org.eclipse.osgi.internal.framework.BundleContextImpl@4bbfcbe1
      _locAdmin = class com.ibm.ws.kernel.service.location.internal.WsLocationAdminImpl@38e2e030
      _futureMonitor = class com.ibm.ws.threading.internal.FutureMonitorImpl@7c776769
      _artifactFactory = class com.ibm.ws.artifact.internal.ArtifactContainerFactoryService@3a325e74
      _moduleFactory = class com.ibm.ws.adaptable.module.internal.AdaptableModuleFactoryImpl@117901b1
      _executorService = class com.ibm.ws.threading.internal.ExecutorServiceImpl@6ceb3bd7
      _scheduledExecutorService = class com.ibm.ws.threading.internal.ScheduledExecutorImpl@7952560c
      _asmHelper = class com.ibm.ws.app.manager.internal.ApplicationConfigurator$NamedApplication@466cd630
      _appMonitor = class com.ibm.ws.app.manager.internal.monitor.ApplicationMonitor@33724726
      enterStateCalled = class java.util.concurrent.atomic.AtomicBoolean@1c3ed218
      serialVersionUID = 7990273947104993494
      serialVersionUID = 300267208965883056
      $$$tc$$$ = class com.ibm.websphere.ras.TraceComponent@79790fd
    serialVersionUID = 2630639237123415755
    $$$tc$$$ = class com.ibm.websphere.ras.TraceComponent@33e853bc
      strings[0] = "TraceComponent[com.ibm.ws.app.manager.internal.ApplicationInstallInfo,class com.ibm.ws.app.manager.internal.ApplicationInstallInfo,[applications, app.manager],com.ibm.ws.app.manager.internal.resources.AppManagerMessages,null]"
  serialVersionUID = 5227817860647895780
  $$$tc$$$ = class com.ibm.websphere.ras.TraceComponent@57af1991
    strings[0] = "TraceComponent[com.ibm.ws.container.service.app.deploy.internal.ApplicationInfoImpl,class com.ibm.ws.container.service.app.deploy.internal.ApplicationInfoImpl,[container.service],com.ibm.ws.container.service.resources.Messages,null]"

