------Start of DE processing------ = [03/01/22 11:56:55:159 EET]
Exception = com.ibm.ws.container.service.state.StateChangeException
Source = com.ibm.ws.app.manager.module.internal.SimpleDeployedAppInfoBase
probeid = 548
Stack Dump = com.ibm.ws.container.service.state.StateChangeException: org.jboss.weld.exceptions.DefinitionException: CWMFT5021E: The fallback method fallback with parameter and return types matching method checkTimeout was not found in the class hierarchy of class com.example.documents.DocumentController.
	at com.ibm.ws.container.service.state.internal.ApplicationStateManager.fireStarting(ApplicationStateManager.java:55)
	at com.ibm.ws.container.service.state.internal.StateChangeServiceImpl.fireApplicationStarting(StateChangeServiceImpl.java:50)
	at com.ibm.ws.app.manager.module.internal.SimpleDeployedAppInfoBase.preDeployApp(SimpleDeployedAppInfoBase.java:547)
	at com.ibm.ws.app.manager.module.internal.SimpleDeployedAppInfoBase.installApp(SimpleDeployedAppInfoBase.java:508)
	at com.ibm.ws.app.manager.module.internal.DeployedAppInfoBase.deployApp(DeployedAppInfoBase.java:349)
	at com.ibm.ws.app.manager.war.internal.WARApplicationHandlerImpl.install(WARApplicationHandlerImpl.java:65)
	at com.ibm.ws.app.manager.internal.statemachine.StartAction.execute(StartAction.java:149)
	at com.ibm.ws.app.manager.internal.statemachine.ApplicationStateMachineImpl.enterState(ApplicationStateMachineImpl.java:1352)
	at com.ibm.ws.app.manager.internal.statemachine.ApplicationStateMachineImpl.performAction(ApplicationStateMachineImpl.java:1217)
	at com.ibm.ws.app.manager.internal.statemachine.ApplicationStateMachineImpl.run(ApplicationStateMachineImpl.java:905)
	at com.ibm.ws.threading.internal.ExecutorServiceImpl$RunnableWrapper.run(ExecutorServiceImpl.java:238)
	at java.util.concurrent.ThreadPoolExecutor.runWorker(ThreadPoolExecutor.java:1149)
	at java.util.concurrent.ThreadPoolExecutor$Worker.run(ThreadPoolExecutor.java:624)
	at java.lang.Thread.run(Thread.java:748)
Caused by: org.jboss.weld.exceptions.DefinitionException: CWMFT5021E: The fallback method fallback with parameter and return types matching method checkTimeout was not found in the class hierarchy of class com.example.documents.DocumentController.
	at org.jboss.weld.bootstrap.events.ContainerLifecycleEvents.fireProcessAnnotatedType(ContainerLifecycleEvents.java:189)
	at org.jboss.weld.bootstrap.events.ContainerLifecycleEvents.fireProcessAnnotatedType(ContainerLifecycleEvents.java:173)
	at org.jboss.weld.bootstrap.BeanDeployer.processAnnotatedTypes(BeanDeployer.java:166)
	at org.jboss.weld.bootstrap.BeanDeployment.createTypes(BeanDeployment.java:219)
	at org.jboss.weld.bootstrap.WeldStartup.startInitialization(WeldStartup.java:426)
	at org.jboss.weld.bootstrap.WeldBootstrap.startInitialization(WeldBootstrap.java:79)
	at com.ibm.ws.cdi.impl.CDIContainerImpl$2.run(CDIContainerImpl.java:155)
	at com.ibm.ws.cdi.impl.CDIContainerImpl$2.run(CDIContainerImpl.java:152)
	at java.security.AccessController.doPrivileged(Native Method)
	at com.ibm.ws.cdi.impl.CDIContainerImpl.startInitialization(CDIContainerImpl.java:152)
	at com.ibm.ws.cdi.liberty.CDIRuntimeImpl.applicationStarting(CDIRuntimeImpl.java:480)
	at com.ibm.ws.container.service.state.internal.ApplicationStateManager.fireStarting(ApplicationStateManager.java:51)
	... 13 more
Caused by: org.eclipse.microprofile.faulttolerance.exceptions.FaultToleranceDefinitionException: CWMFT5021E: The fallback method fallback with parameter and return types matching method checkTimeout was not found in the class hierarchy of class com.example.documents.DocumentController.
	at com.ibm.ws.microprofile.faulttolerance.cdi.config.impl.FallbackConfigImpl.validate(FallbackConfigImpl.java:119)
	at com.ibm.ws.microprofile.faulttolerance.cdi.FaultToleranceCDIExtension.processMethod(FaultToleranceCDIExtension.java:187)
	at com.ibm.ws.microprofile.faulttolerance.cdi.FaultToleranceCDIExtension.processAnnotatedType(FaultToleranceCDIExtension.java:133)
	at sun.reflect.GeneratedMethodAccessor1159.invoke(Unknown Source)
	at java.lang.reflect.Method.invoke(Method.java:498)
	at org.jboss.weld.injection.StaticMethodInjectionPoint.invoke(StaticMethodInjectionPoint.java:95)
	at org.jboss.weld.injection.MethodInvocationStrategy$SpecialParamPlusBeanManagerStrategy.invoke(MethodInvocationStrategy.java:187)
	at org.jboss.weld.event.ObserverMethodImpl.sendEvent(ObserverMethodImpl.java:330)
	at org.jboss.weld.event.ExtensionObserverMethodImpl.sendEvent(ExtensionObserverMethodImpl.java:123)
	at org.jboss.weld.event.ObserverMethodImpl.sendEvent(ObserverMethodImpl.java:308)
	at org.jboss.weld.event.ObserverMethodImpl.notify(ObserverMethodImpl.java:286)
	at javax.enterprise.inject.spi.ObserverMethod.notify(ObserverMethod.java:124)
	at org.jboss.weld.util.Observers.notify(Observers.java:166)
	at org.jboss.weld.event.ObserverNotifier.notifySyncObservers(ObserverNotifier.java:285)
	at org.jboss.weld.event.ObserverNotifier.notify(ObserverNotifier.java:273)
	at org.jboss.weld.event.ObserverNotifier.fireEvent(ObserverNotifier.java:189)
	at org.jboss.weld.bootstrap.events.ContainerLifecycleEvents.fireProcessAnnotatedType(ContainerLifecycleEvents.java:187)
	... 24 more

Dump of callerThis
Object type = com.ibm.ws.app.manager.war.internal.WARDeployedAppInfo
  CONTEXT_ROOT = "context-root"
  webContainerModuleInfo = class com.ibm.ws.app.manager.module.internal.SimpleDeployedAppInfoBase$WebModuleContainerInfo@1b05dfd7
    contextRoot = "/"
    defaultContextRoot = "documents"
    serialVersionUID = 4617657913043497664
    $$$tc$$$ = class com.ibm.websphere.ras.TraceComponent@7f3e9aa4
      strings[0] = "TraceComponent[com.ibm.ws.app.manager.module.internal.SimpleDeployedAppInfoBase$WebModuleContainerInfo,class com.ibm.ws.app.manager.module.internal.SimpleDeployedAppInfoBase$WebModuleContainerInfo,[applications, app.manager],null,null]"
    moduleHandler = class com.ibm.ws.app.manager.web.internal.WebModuleHandlerImpl@7e6eb98
      serialVersionUID = 4795602325763828210
      $$$tc$$$ = class com.ibm.websphere.ras.TraceComponent@368cef46
      futureMonitor = class com.ibm.ws.threading.internal.FutureMonitorImpl@4f041f59
      metaDataService = class com.ibm.ws.container.service.metadata.internal.MetaDataServiceImpl@4c85cc19
      stateChangeService = class com.ibm.ws.container.service.state.internal.StateChangeServiceImpl@50cc71da
      moduleRuntimeContainer = class com.ibm.ws.webcontainer.osgi.WebContainer@29f1c802
      firstFailure = null
      serialVersionUID = -4563697739413190872
      $$$tc$$$ = class com.ibm.websphere.ras.TraceComponent@2c27eedf
    moduleMetaDataExtenders = class java.util.Collections$UnmodifiableRandomAccessList@69e0016d
      serialVersionUID = -2542308836966382001
      serialVersionUID = -283967356065247728
      list = class java.util.concurrent.CopyOnWriteArrayList@2dce3664
      serialVersionUID = 1820017752578914078
      c = class java.util.concurrent.CopyOnWriteArrayList@2dce3664
    nestedModuleMetaDataFactories = class java.util.Collections$UnmodifiableRandomAccessList@2cad16ba
      serialVersionUID = -2542308836966382001
      serialVersionUID = -283967356065247728
      list = class java.util.concurrent.CopyOnWriteArrayList@5e0c4458
      serialVersionUID = 1820017752578914078
      c = class java.util.concurrent.CopyOnWriteArrayList@5e0c4458
    nestedModules = null
    moduleName = "documents"
    moduleDD = null
    moduleInfo = class com.ibm.ws.app.manager.module.internal.WebModuleInfoImpl@333418
      contextRoot = "/"
      isDefaultContextRootUsed = false
      defaultContextRoot = "documents"
      serialVersionUID = -6699247856069243844
      $$$tc$$$ = class com.ibm.websphere.ras.TraceComponent@12ce96a3
      tc = class com.ibm.websphere.ras.TraceComponent@59cc1c6a
      appInfo = class com.ibm.ws.container.service.app.deploy.internal.ApplicationInfoImpl@22804690
      moduleName = "documents"
      path = "documents.war"
      moduleContainer = class com.ibm.ws.adaptable.module.internal.AdaptableContainerImpl@572fb3aa
      altDDEntry = null
      moduleClassesContainers = class java.util.ArrayList@25dfb6a7
      classLoaderFactory = class com.ibm.ws.app.manager.war.internal.WARDeployedAppInfo@3488b962
      containerInfoType = class com.ibm.ws.container.service.app.deploy.ContainerInfo$Type@330c931d
      classLoader = class com.ibm.ws.classloading.internal.AppClassLoader@52f774b9
      moduleMetaData = class com.ibm.ws.webcontainer.osgi.metadata.WebModuleMetaDataImpl@35d58045
      nestedModuleMetaDataTypes = null
      nestedModuleMetaDataValues = null
      serialVersionUID = 3986734351620206554
    serialVersionUID = 5122721995888983779
    $$$tc$$$ = class com.ibm.websphere.ras.TraceComponent@6b5719c4
      strings[0] = "TraceComponent[com.ibm.ws.app.manager.module.internal.SimpleDeployedAppInfoBase$ModuleContainerInfoBase,class com.ibm.ws.app.manager.module.internal.SimpleDeployedAppInfoBase$ModuleContainerInfoBase,[applications, app.manager],null,null]"
    type = class com.ibm.ws.container.service.app.deploy.ContainerInfo$Type@330c931d
      MANIFEST_CLASSPATH = class com.ibm.ws.container.service.app.deploy.ContainerInfo$Type@277f470d
      WEB_INF_CLASSES = class com.ibm.ws.container.service.app.deploy.ContainerInfo$Type@554d21c6
      WEB_INF_LIB = class com.ibm.ws.container.service.app.deploy.ContainerInfo$Type@370d3c8a
      EAR_LIB = class com.ibm.ws.container.service.app.deploy.ContainerInfo$Type@d90f7bb
      WEB_MODULE = class com.ibm.ws.container.service.app.deploy.ContainerInfo$Type@330c931d
      EJB_MODULE = class com.ibm.ws.container.service.app.deploy.ContainerInfo$Type@500a9e2b
      CLIENT_MODULE = class com.ibm.ws.container.service.app.deploy.ContainerInfo$Type@6c75d6fd
      RAR_MODULE = class com.ibm.ws.container.service.app.deploy.ContainerInfo$Type@32424e95
      JAR_MODULE = class com.ibm.ws.container.service.app.deploy.ContainerInfo$Type@38e54a49
      SHARED_LIB = class com.ibm.ws.container.service.app.deploy.ContainerInfo$Type@3c9a60b8
      $VALUES = class com.ibm.ws.container.service.app.deploy.ContainerInfo$Type[10]
      name = "WEB_MODULE"
      ordinal = 4
    name = "documents.war"
    container = class com.ibm.ws.adaptable.module.internal.AdaptableContainerImpl@572fb3aa
    moduleClassLoaderFactory = class com.ibm.ws.app.manager.war.internal.WARDeployedAppInfo@3488b962
    altDDEntry = null
    classesContainerInfo = class java.util.ArrayList@25dfb6a7
      serialVersionUID = 8683452581122892189
      DEFAULT_CAPACITY = 10
      EMPTY_ELEMENTDATA = class java.lang.Object[0]
      DEFAULTCAPACITY_EMPTY_ELEMENTDATA = class java.lang.Object[0]
      elementData = class java.lang.Object[33]
      size = 24
      MAX_ARRAY_SIZE = 2147483639
      modCount = 25
      MAX_ARRAY_SIZE = 2147483639
    serialVersionUID = 4636874131959542427
    $$$tc$$$ = class com.ibm.websphere.ras.TraceComponent@66aba2be
      strings[0] = "TraceComponent[com.ibm.ws.app.manager.module.internal.SimpleDeployedAppInfoBase$ExtendedContainerInfo,class com.ibm.ws.app.manager.module.internal.SimpleDeployedAppInfoBase$ExtendedContainerInfo,[applications, app.manager],null,null]"
  DYNAMIC_IMPORT_PACKAGE_LIST = class java.util.Collections$UnmodifiableRandomAccessList@1410bfe9
    serialVersionUID = -2542308836966382001
    serialVersionUID = -283967356065247728
    list = class java.util.Arrays$ArrayList@e042802
      serialVersionUID = -2764017481108945198
      a = class java.lang.String[1]
      modCount = 0
      MAX_ARRAY_SIZE = 2147483639
    serialVersionUID = 1820017752578914078
    c = class java.util.Arrays$ArrayList@e042802
  serialVersionUID = 6176035338244935179
  $$$tc$$$ = class com.ibm.websphere.ras.TraceComponent@c0d04d7
    strings[0] = "TraceComponent[com.ibm.ws.app.manager.war.internal.WARDeployedAppInfo,class com.ibm.ws.app.manager.war.internal.WARDeployedAppInfo,[webcontainer, applications, app.manager],com.ibm.ws.app.manager.war.internal.resources.Messages,null]"
  _tc = class com.ibm.websphere.ras.TraceComponent@36bf8fa8
    strings[0] = "TraceComponent[com.ibm.ws.app.manager.module.internal.DeployedAppInfoBase,class com.ibm.ws.app.manager.module.internal.DeployedAppInfoBase,[app.manager],com.ibm.ws.app.manager.module.internal.resources.Messages,null]"
  PERMISSION_XML = "permissions.xml"
  applicationInformation = class com.ibm.ws.app.manager.internal.ApplicationInstallInfo@4410a622
    _config = class com.ibm.ws.app.manager.internal.ApplicationConfig@3dbedca1
      tc = class com.ibm.websphere.ras.TraceComponent@186a1bd5
      _configPid = "com.ibm.ws.app.manager_16"
      _config = class com.ibm.ws.config.admin.ConfigurationDictionary@85472ac
      _applicationManager = class com.ibm.ws.app.manager.ApplicationManager@7c5e3f37
      _location = "documents.war"
      _type = "war"
      _name = "documents"
      _notificationBroadcasterSupport = class javax.management.NotificationBroadcasterSupport@71c500f7
      ONE_TIME_JANDEX_MSGS_DISPLAYED = true
      serialVersionUID = -2151423388299667431
    _handlerInfo = class java.util.concurrent.atomic.AtomicReference@7eb872d6
      serialVersionUID = -1848883965231344442
      unsafe = class sun.misc.Unsafe@61599191
      valueOffset = 12
      value = class com.ibm.ws.app.manager.war.internal.WARDeployedAppInfo@3488b962
    _container = class java.util.concurrent.atomic.AtomicReference@6f6aa04d
      serialVersionUID = -1848883965231344442
      unsafe = class sun.misc.Unsafe@61599191
      valueOffset = 12
      value = class com.ibm.ws.adaptable.module.internal.AdaptableContainerImpl@572fb3aa
    _resolvedLocation = class java.util.concurrent.atomic.AtomicReference@2e0a2a34
      serialVersionUID = -1848883965231344442
      unsafe = class sun.misc.Unsafe@61599191
      valueOffset = 12
      value = class com.ibm.ws.kernel.service.location.internal.LocalFileResource@3e1ceed
    _handler = class com.ibm.ws.app.manager.war.internal.WARApplicationHandlerImpl@651ab080
      futureMonitor = class com.ibm.ws.threading.internal.FutureMonitorImpl@4f041f59
      deployedAppFactory = class com.ibm.ws.app.manager.war.internal.WARDeployedAppInfoFactoryImpl@163b5bd0
      serialVersionUID = 4622845147410944782
      $$$tc$$$ = class com.ibm.websphere.ras.TraceComponent@3f13243
    _ami = class java.util.concurrent.atomic.AtomicReference@58094037
      serialVersionUID = -1848883965231344442
      unsafe = class sun.misc.Unsafe@61599191
      valueOffset = 12
      value = class com.ibm.wsspi.application.handler.DefaultApplicationMonitoringInformation@2ba66c3c
    _updateHandler = class com.ibm.ws.app.manager.internal.statemachine.ApplicationStateMachineImpl@62dbfbb3
      _tc = class com.ibm.websphere.ras.TraceComponent@1ba31fca
      EMPTY_FUTURE_ARRAY = interface java.util.concurrent.Future[0]
      asmSequenceNumber = class java.util.concurrent.atomic.AtomicLong@232daf86
      _qscaCounter = class java.util.concurrent.atomic.AtomicInteger@253f1bd2
      _failedThrowable = null
      _interruptibleLock = class com.ibm.ws.app.manager.internal.statemachine.ApplicationStateMachineImpl$2@972e1e1
      _interruptible = false
      _performingQueuedActions = true
      _queuedActions = class java.util.concurrent.ConcurrentLinkedQueue@52607e52
      _callbackState = class java.util.concurrent.atomic.AtomicReference@1cffaa07
      blockAppStartingFutures = class java.util.Collections$SetFromMap@4143c3c1
      waitingForAppHandlerFuture = class java.util.concurrent.atomic.AtomicReference@5f205fe1
      waitingForExplicitStartFuture = class java.util.concurrent.atomic.AtomicReference@e6328b9
      startAfterFutures = class java.util.Collections$SetFromMap@6f2d04e0
      completionListener = class java.util.concurrent.atomic.AtomicReference@302f9f0f
      _notifyAppStopped = class java.util.concurrent.ConcurrentLinkedQueue@6dad11bc
      _notifyAppStarting = class java.util.concurrent.ConcurrentLinkedQueue@7a1cda50
      _notifyAppInstallCalled = class java.util.concurrent.ConcurrentLinkedQueue@7d11cbf7
      _notifyAppStarted = class java.util.concurrent.ConcurrentLinkedQueue@318ae4bd
      _notifyAppRemoved = class java.util.concurrent.ConcurrentLinkedQueue@34af23c1
      _stateLock = class com.ibm.ws.app.manager.internal.statemachine.ApplicationStateMachineImpl$3@287da15e
      _internalState = class java.util.concurrent.atomic.AtomicReference@5b4089d5
      _currentAction = class java.util.concurrent.atomic.AtomicReference@3d09310c
      _rfa = class java.util.concurrent.atomic.AtomicReference@7075ac47
      _appInstallInfo = class java.util.concurrent.atomic.AtomicReference@35479446
      _update = class java.util.concurrent.atomic.AtomicBoolean@6a96ad1a
      _appConfig = class java.util.concurrent.atomic.AtomicReference@1e637015
      _nextAppConfig = class java.util.concurrent.atomic.AtomicReference@4329f00a
      _appContainer = class java.util.concurrent.atomic.AtomicReference@4a45b98d
      _resolvedLocation = class java.util.concurrent.atomic.AtomicReference@156423a2
      _handler = class java.util.concurrent.atomic.AtomicReference@10821ac3
      _asmSeqNo = 0
      _ctx = class org.eclipse.osgi.internal.framework.BundleContextImpl@629a7a2e
      _locAdmin = class com.ibm.ws.kernel.service.location.internal.WsLocationAdminImpl@7b494aa1
      _futureMonitor = class com.ibm.ws.threading.internal.FutureMonitorImpl@4f041f59
      _artifactFactory = class com.ibm.ws.artifact.internal.ArtifactContainerFactoryService@4f505078
      _moduleFactory = class com.ibm.ws.adaptable.module.internal.AdaptableModuleFactoryImpl@1d7f2656
      _executorService = class com.ibm.ws.threading.internal.ExecutorServiceImpl@6bd83c32
      _scheduledExecutorService = class com.ibm.ws.threading.internal.ScheduledExecutorImpl@5a757faa
      _asmHelper = class com.ibm.ws.app.manager.internal.ApplicationConfigurator$NamedApplication@2f62b5c
      _appMonitor = class com.ibm.ws.app.manager.internal.monitor.ApplicationMonitor@35645d6a
      enterStateCalled = class java.util.concurrent.atomic.AtomicBoolean@78fa082e
      serialVersionUID = 7990273947104993494
      serialVersionUID = 300267208965883056
      $$$tc$$$ = class com.ibm.websphere.ras.TraceComponent@8791ab1
    serialVersionUID = 2630639237123415755
    $$$tc$$$ = class com.ibm.websphere.ras.TraceComponent@1b52f40c
      strings[0] = "TraceComponent[com.ibm.ws.app.manager.internal.ApplicationInstallInfo,class com.ibm.ws.app.manager.internal.ApplicationInstallInfo,[applications, app.manager],com.ibm.ws.app.manager.internal.resources.AppManagerMessages,null]"
  location = "E:\facultate\master\java\java\tehnologii_java\lab10\target\liberty\wlp\usr\servers\documents\apps\documents.war.xml"
  classLoadingService = class com.ibm.ws.classloading.internal.ClassLoadingServiceImpl@d3b8404
    tc = class com.ibm.websphere.ras.TraceComponent@10ef6dee
      strings[0] = "TraceComponent[com.ibm.ws.classloading.internal.ClassLoadingServiceImpl,class com.ibm.ws.classloading.internal.ClassLoadingServiceImpl,[ClassLoadingService],com.ibm.ws.classloading.internal.resources.ClassLoadingServiceMessages,null]"
    leakDetectionMap = class java.util.HashMap@9aad179
      serialVersionUID = 362498820763181265
      DEFAULT_INITIAL_CAPACITY = 16
      MAXIMUM_CAPACITY = 1073741824
      DEFAULT_LOAD_FACTOR = 0.75
      TREEIFY_THRESHOLD = 8
      UNTREEIFY_THRESHOLD = 6
      MIN_TREEIFY_CAPACITY = 64
      table = null
      entrySet = null
      size = 0
      modCount = 0
      threshold = 0
      loadFactor = 0.75
      keySet = null
      values = null
    appClassLoaders = class java.util.Collections$SetFromMap@48a19d3f
      m = class java.util.WeakHashMap@7d25a721
      s = class java.util.WeakHashMap$KeySet@10988808
      serialVersionUID = 2454657854757543876
      MAX_ARRAY_SIZE = 2147483639
    TCCL_LOCK_WAIT = 15000
    REFERENCE_GENERATORS = "generators"
    bundleContext = class org.eclipse.osgi.internal.framework.BundleContextImpl@b8047a9
    aclStore = class com.ibm.ws.classloading.internal.util.CanonicalStore@a9d87b
      map = class java.util.concurrent.ConcurrentHashMap@62605d51
      q = class com.ibm.ws.classloading.internal.util.RefQueue@3f802e63
      serialVersionUID = 6715157558227169968
      $$$tc$$$ = class com.ibm.websphere.ras.TraceComponent@5c5dde4a
    tcclStore = class com.ibm.ws.classloading.internal.util.CanonicalStore@5a5fb6ac
      map = class java.util.concurrent.ConcurrentHashMap@40a0f653
      q = class com.ibm.ws.classloading.internal.util.RefQueue@41f59921
      serialVersionUID = 6715157558227169968
      $$$tc$$$ = class com.ibm.websphere.ras.TraceComponent@5c5dde4a
    tcclStoreLock = class java.util.concurrent.locks.ReentrantLock@5219587
      serialVersionUID = 7373984872572414699
      sync = class java.util.concurrent.locks.ReentrantLock$NonfairSync@315d4b4f
    digraph = class org.eclipse.equinox.internal.region.StandardRegionDigraph@412da879
      EMPTY_EDGE_SET = class java.util.Collections$UnmodifiableSet@4778e284
      monitor = class java.lang.Object@8de39c
      regions = class java.util.HashMap@11453b2e
      bundleIdToRegionMapping = class org.eclipse.equinox.internal.region.StandardBundleIdToRegionMapping@6c9e3a0c
      edges = class java.util.HashMap@6c7289d9
      bundleContext = class org.eclipse.osgi.internal.framework.BundleContextImpl@121314f7
      threadLocal = class java.lang.ThreadLocal@38c16c8
      subgraphTraverser = class org.eclipse.equinox.internal.region.SubgraphTraverser@3b28c1dc
      bundleCollisionHook = class org.eclipse.equinox.internal.region.hook.RegionBundleCollisionHook@267bd2ef
      bundleEventHook = class org.eclipse.equinox.internal.region.hook.RegionBundleEventHook@5ebfabb8
      bundleFindHook = class org.eclipse.equinox.internal.region.hook.RegionBundleFindHook@3de6dcf1
      serviceEventHook = class org.eclipse.equinox.internal.region.hook.RegionServiceEventHook@40bdccb0
      serviceFindHook = class org.eclipse.equinox.internal.region.hook.RegionServiceFindHook@38a992e2
      resolverHookFactory = class org.eclipse.equinox.internal.region.hook.RegionResolverHookFactory@1b681c24
      origin = null
      originUpdateCount = -1
      updateCount = class java.util.concurrent.atomic.AtomicLong@10e24aec
      defaultRegion = null
    redefiner = class com.ibm.ws.classloading.internal.util.ClassRedefiner@f89da27
      tc = class com.ibm.websphere.ras.TraceComponent@416cc21f
      LS = "
"
      inst = class com.sun.proxy.$Proxy0@1fbf84ba
      serialVersionUID = 2420101865139508526
    listener = class com.ibm.ws.classloading.internal.ClassLoadingServiceImpl$1@2844e7ac
      this$0 = class com.ibm.ws.classloading.internal.ClassLoadingServiceImpl@d3b8404
      serialVersionUID = -9159707349812113172
      $$$tc$$$ = class com.ibm.websphere.ras.TraceComponent@2c02efca
    classloaders = class java.util.Collections$SynchronizedMap@2140c28e
      serialVersionUID = 1978198479659022715
      m = class java.util.HashMap@a5486dc
      mutex = class java.util.Collections$SynchronizedMap@2140c28e
      keySet = null
      entrySet = null
      values = null
    resourceProviders = class com.ibm.ws.classloading.internal.CompositeResourceProvider@d82d8bf
      lockFactory = class java.util.concurrent.locks.ReentrantReadWriteLock@432a013e
      providerMap = class com.ibm.ws.classloading.internal.util.MultiMap@111ce48d
      serialVersionUID = -5576435894946156347
      $$$tc$$$ = class com.ibm.websphere.ras.TraceComponent@b5b3b8
    rememberedBundles = class java.util.concurrent.ConcurrentHashMap@4c9b63ca
      serialVersionUID = 7249069246763182397
      MAXIMUM_CAPACITY = 1073741824
      DEFAULT_CAPACITY = 16
      MAX_ARRAY_SIZE = 2147483639
      DEFAULT_CONCURRENCY_LEVEL = 16
      LOAD_FACTOR = 0.75
      TREEIFY_THRESHOLD = 8
      UNTREEIFY_THRESHOLD = 6
      MIN_TREEIFY_CAPACITY = 64
      MIN_TRANSFER_STRIDE = 16
      RESIZE_STAMP_BITS = 16
      MAX_RESIZERS = 65535
      RESIZE_STAMP_SHIFT = 16
      MOVED = -1
      TREEBIN = -2
      RESERVED = -3
      HASH_BITS = 2147483647
      NCPU = 8
      serialPersistentFields = class java.io.ObjectStreamField[3]
      table = class java.util.concurrent.ConcurrentHashMap$Node[16]
      nextTable = null
      baseCount = 2
      sizeCtl = 12
      transferIndex = 0
      cellsBusy = 0
      counterCells = null
      keySet = null
      values = null
      entrySet = null
      U = class sun.misc.Unsafe@61599191
      SIZECTL = 20
      TRANSFERINDEX = 32
      BASECOUNT = 24
      CELLSBUSY = 36
      CELLVALUE = 144
      ABASE = 16
      ASHIFT = 2
      keySet = null
      values = null
    collectedBundles = class java.lang.ref.ReferenceQueue@43ed9472
      NULL = class java.lang.ref.ReferenceQueue$Null@693c944d
      ENQUEUED = class java.lang.ref.ReferenceQueue$Null@359df218
      lock = class java.lang.ref.ReferenceQueue$Lock@65515725
      head = null
      queueLength = 0
      $assertionsDisabled = true
    generatorRefs = class com.ibm.wsspi.kernel.service.utils.ConcurrentServiceReferenceSet@641e7a33
      referenceName = "generators"
      contextRef = class java.util.concurrent.atomic.AtomicReference@74dbbaa8
      elementMap = class java.util.LinkedHashMap@b347d40
      elementSet = class java.util.concurrent.ConcurrentSkipListSet@1ea61cf
      elementSetUnsorted = false
      serialVersionUID = 756240983881166148
      $$$tc$$$ = class com.ibm.websphere.ras.TraceComponent@49b4258c
    generatorManager = class com.ibm.ws.classloading.internal.ClassGeneratorManager@7f42012f
      tc = class com.ibm.websphere.ras.TraceComponent@3afb1897
      generatorRefs = class com.ibm.wsspi.kernel.service.utils.ConcurrentServiceReferenceSet@641e7a33
      serialVersionUID = 4152663586056483310
    appExtLibs = class java.util.concurrent.CopyOnWriteArrayList@6850a83e
      serialVersionUID = 8673264195747942595
      lock = class java.util.concurrent.locks.ReentrantLock@201fe4e1
      array = class java.lang.Object[0]
      UNSAFE = class sun.misc.Unsafe@61599191
      lockOffset = 12
    globalConfig = class com.ibm.ws.classloading.configuration.GlobalClassloadingConfiguration@4731ef42
      properties = class org.apache.felix.scr.impl.helper.ReadOnlyDictionary@256abb67
      serialVersionUID = 452562347104713756
      $$$tc$$$ = class com.ibm.websphere.ras.TraceComponent@739d51d5
    metaInfServicesProviders = class java.util.concurrent.ConcurrentHashMap@50e9ca75
      serialVersionUID = 7249069246763182397
      MAXIMUM_CAPACITY = 1073741824
      DEFAULT_CAPACITY = 16
      MAX_ARRAY_SIZE = 2147483639
      DEFAULT_CONCURRENCY_LEVEL = 16
      LOAD_FACTOR = 0.75
      TREEIFY_THRESHOLD = 8
      UNTREEIFY_THRESHOLD = 6
      MIN_TREEIFY_CAPACITY = 64
      MIN_TRANSFER_STRIDE = 16
      RESIZE_STAMP_BITS = 16
      MAX_RESIZERS = 65535
      RESIZE_STAMP_SHIFT = 16
      MOVED = -1
      TREEBIN = -2
      RESERVED = -3
      HASH_BITS = 2147483647
      NCPU = 8
      serialPersistentFields = class java.io.ObjectStreamField[3]
      table = null
      nextTable = null
      baseCount = 0
      sizeCtl = 0
      transferIndex = 0
      cellsBusy = 0
      counterCells = null
      keySet = null
      values = null
      entrySet = null
      U = class sun.misc.Unsafe@61599191
      SIZECTL = 20
      TRANSFERINDEX = 32
      BASECOUNT = 24
      CELLSBUSY = 36
      CELLVALUE = 144
      ABASE = 16
      ASHIFT = 2
      keySet = null
      values = null
    metaInfServicesRefs = class com.ibm.wsspi.kernel.service.utils.ConcurrentServiceReferenceMap@3f4df23e
      referenceName = "MetaInfServicesProvider"
      context = class org.apache.felix.scr.impl.manager.ComponentContextImpl@231eb31d
      elementMap = class java.util.concurrent.ConcurrentHashMap@31902187
      serialVersionUID = 6980924785166233786
      $$$tc$$$ = class com.ibm.websphere.ras.TraceComponent@28eb7635
    protectionDomainMap = class java.util.HashMap@52b1acb1
      serialVersionUID = 362498820763181265
      DEFAULT_INITIAL_CAPACITY = 16
      MAXIMUM_CAPACITY = 1073741824
      DEFAULT_LOAD_FACTOR = 0.75
      TREEIFY_THRESHOLD = 8
      UNTREEIFY_THRESHOLD = 6
      MIN_TREEIFY_CAPACITY = 64
      table = class java.util.HashMap$Node[16]
      entrySet = null
      size = 1
      modCount = 1
      threshold = 12
      loadFactor = 0.75
      keySet = class java.util.HashMap$KeySet@549a17a5
      values = null
    metadataIdentifierService = class com.ibm.ws.container.service.metadata.internal.MetaDataServiceImpl@4c85cc19
    globalSharedLibrary = class java.util.concurrent.atomic.AtomicReference@1a32125a
      serialVersionUID = -1848883965231344442
      unsafe = class sun.misc.Unsafe@61599191
      valueOffset = 12
      value = null
    serialVersionUID = 4365026902615131286
  globalSharedLibrary = class com.ibm.ws.library.internal.SharedLibraryImpl@2e1a4737
    tc = class com.ibm.websphere.ras.TraceComponent@6b01886c
      strings[0] = "TraceComponent[com.ibm.ws.library.internal.SharedLibraryImpl,class com.ibm.ws.library.internal.SharedLibraryImpl,[SharedLibrary],com.ibm.ws.classloading.internal.resources.ClassLoadingServiceMessages,null]"
    EMPTY_LIBRARY_LISTENERS = interface com.ibm.wsspi.library.LibraryChangeListener[0]
    deleted = false
    libraryListenersTracker = class org.osgi.util.tracker.ServiceTracker@5068fb81
      DEBUG = false
      context = class org.eclipse.osgi.internal.framework.BundleContextImpl@b8047a9
      filter = class org.eclipse.osgi.internal.framework.FilterImpl$And@510a1bd5
      customizer = class org.osgi.util.tracker.ServiceTracker@5068fb81
      listenerFilter = "(&(objectClass=com.ibm.wsspi.library.LibraryChangeListener)(|(library=global)(libraryRef=*com.ibm.ws.classloading.sharedlibrary_21*)))"
      trackClass = null
      trackReference = null
      tracked = class org.osgi.util.tracker.ServiceTracker$Tracked@31605e70
      cachedReference = null
      cachedService = null
    libraryReg = class org.eclipse.osgi.internal.serviceregistry.ServiceRegistrationImpl@8007348
      registry = class org.eclipse.osgi.internal.serviceregistry.ServiceRegistry@6876ae1e
      context = class org.eclipse.osgi.internal.framework.BundleContextImpl@b8047a9
      bundle = class org.eclipse.osgi.internal.framework.EquinoxBundle@4ee3329f
      clazzes = class java.lang.String[1]
      service = class com.ibm.ws.library.internal.SharedLibraryImpl@2e1a4737
      reference = class org.eclipse.osgi.internal.serviceregistry.ServiceReferenceImpl@d177750
      contextsUsing = class java.util.ArrayList@5c33888a
      properties = class java.util.Collections$UnmodifiableMap@168db4c
      serviceid = 284
      serviceranking = 0
      registrationLock = class java.lang.Object@315411a2
      state = 0
      REGISTERED = 0
      UNREGISTERING = 1
      UNREGISTERED = 2
      FRAMEWORK_SET_SERVICE_PROPERTIES_COUNT = 4
      $assertionsDisabled = true
    ctx = class org.eclipse.osgi.internal.framework.BundleContextImpl@b8047a9
    classLoadingService = class com.ibm.ws.classloading.internal.ClassLoadingServiceImpl@d3b8404
    configAdmin = class com.ibm.ws.config.admin.internal.ConfigurationAdminImpl@1f7e0989
      tc = class com.ibm.websphere.ras.TraceComponent@16bd7a10
      bundle = class org.eclipse.osgi.internal.framework.EquinoxBundle@4ee3329f
      caFactory = class com.ibm.ws.config.admin.internal.ConfigAdminServiceFactory@3bdfdaf9
      serialVersionUID = -2875522750804142523
    resolvedBasePath = "E:/facultate/master/java/java/tehnologii_java/lab10/target/liberty/wlp/usr/servers/documents/"
    generationLock = class com.ibm.ws.library.internal.SharedLibraryImpl$1@1e3469bf
      this$0 = class com.ibm.ws.library.internal.SharedLibraryImpl@2e1a4737
      serialVersionUID = 2483639803450672373
      $$$tc$$$ = class com.ibm.websphere.ras.TraceComponent@7a79a295
    currentGeneration = class com.ibm.ws.library.internal.LibraryGeneration@7e65045a
      tc = class com.ibm.websphere.ras.TraceComponent@2437fb2
      nextInt = class java.util.concurrent.atomic.AtomicInteger@9e46da0
      libraryId = "global"
      genId = 0
      libraryProps = class java.util.Hashtable@74da41b
      filesetRefs = class java.util.Collections$UnmodifiableRandomAccessList@14fd663d
      apiTypeVisibility = class java.util.RegularEnumSet@6233d0a3
      files = class java.util.Collections$EmptyList@5fc20989
      folders = class java.util.ArrayList@48902828
      fileAndFolderContainers = class java.util.Collections$EmptyList@5fc20989
      filesets = class java.util.concurrent.ArrayBlockingQueue@2217205d
      filesetListenerRegs = class java.util.concurrent.ConcurrentLinkedQueue@5d2466ac
      cancelled = false
      library = class com.ibm.ws.library.internal.SharedLibraryImpl@2e1a4737
      serialVersionUID = 6965220007121905717
    nextGeneration = class com.ibm.ws.library.internal.LibraryGeneration@7e65045a
    artifactContainerFactory = class com.ibm.ws.library.internal.SharedLibraryFactory$1@69c65ce4
      this$0 = class com.ibm.ws.library.internal.SharedLibraryFactory@35247ded
      serialVersionUID = 7730244564205089330
      $$$tc$$$ = class com.ibm.websphere.ras.TraceComponent@7ead61d
    packageExporter = class com.ibm.ws.library.internal.LibraryPackageExporter@61b3214
      EXPORTER_POSTFIX = "_library_exporter"
      REGION_EXPORT_TO_LIBERTY = "liberty.library.export.to.liberty"
      REGION_EXPORT_TO_OSGI_APPS = "liberty.library.export.to.osgi.app"
      REGION_KERNEL = "org.eclipse.equinox.region.kernel"
      counter = class java.util.concurrent.atomic.AtomicLong@72d01206
      context = class org.eclipse.osgi.internal.framework.BundleContextImpl@b8047a9
      digraph = class org.eclipse.equinox.internal.region.StandardRegionDigraph@412da879
      bundleToLibrary = class java.util.concurrent.ConcurrentHashMap@23083550
      libraryToVisibility = class java.util.concurrent.ConcurrentHashMap@f76aa2a
      serialVersionUID = 8074378969667956573
      $$$tc$$$ = class com.ibm.websphere.ras.TraceComponent@256f9aef
    serialVersionUID = 6288237618632180389
  sharedLibDeploymentInfo = class com.ibm.ws.app.manager.module.internal.DeployedAppInfoBase$SharedLibDeploymentInfo@13ca389c
    locAdmin = class com.ibm.ws.kernel.service.location.internal.WsLocationAdminImpl@7b494aa1
    artifactFactory = class com.ibm.ws.artifact.internal.ArtifactContainerFactoryService@4f505078
    moduleFactory = class com.ibm.ws.adaptable.module.internal.AdaptableModuleFactoryImpl@1d7f2656
    classesContainerInfo = class java.util.ArrayList@25317e6f
      serialVersionUID = 8683452581122892189
      DEFAULT_CAPACITY = 10
      EMPTY_ELEMENTDATA = class java.lang.Object[0]
      DEFAULTCAPACITY_EMPTY_ELEMENTDATA = class java.lang.Object[0]
      elementData = class java.lang.Object[0]
      size = 0
      MAX_ARRAY_SIZE = 2147483639
      modCount = 0
      MAX_ARRAY_SIZE = 2147483639
    serialVersionUID = 5154735746662585226
    $$$tc$$$ = class com.ibm.websphere.ras.TraceComponent@68a78df3
      strings[0] = "TraceComponent[com.ibm.ws.app.manager.module.internal.DeployedAppInfoBase$SharedLibDeploymentInfo,class com.ibm.ws.app.manager.module.internal.DeployedAppInfoBase$SharedLibDeploymentInfo,[applications, app.manager],null,null]"
  configAdmin = class com.ibm.ws.config.admin.internal.ConfigurationAdminImpl@2b422fb
    tc = class com.ibm.websphere.ras.TraceComponent@16bd7a10
      strings[0] = "TraceComponent[com.ibm.ws.config.admin.internal.ConfigurationAdminImpl,class com.ibm.ws.config.admin.internal.ConfigurationAdminImpl,[config],com.ibm.ws.config.internal.resources.ConfigMessages,null]"
    bundle = class org.eclipse.osgi.internal.framework.EquinoxBundle@5e3ab893
      equinoxContainer = class org.eclipse.osgi.internal.framework.EquinoxContainer@2ab59903
      module = class org.eclipse.osgi.internal.framework.EquinoxBundle$EquinoxModule@91e9cef
      monitor = class java.lang.Object@5242b9b0
      context = class org.eclipse.osgi.internal.framework.BundleContextImpl@2653544e
      signerInfos = null
      $SWITCH_TABLE$org$eclipse$osgi$container$Module$State = {1,2,3,4,5,6,7} /* array length = 7 */
    caFactory = class com.ibm.ws.config.admin.internal.ConfigAdminServiceFactory@3bdfdaf9
      tc = class com.ibm.websphere.ras.TraceComponent@79f0b3d5
      configurationPermission = class org.osgi.service.cm.ConfigurationPermission@5b0ee7d1
      INDEX_DICTIONARY = 0
      INDEX_LOCATION = 1
      INDEX_METATYPE_PROCESSED = 2
      INDEX_IN_OVERRIDES_FILE = 3
      INDEX_REFERENCES = 4
      INDEX_UNIQUES = 5
      bundleContext = class org.eclipse.osgi.internal.framework.BundleContextImpl@6066ed0b
      msTracker = class com.ibm.ws.config.admin.internal.ManagedServiceTracker@643784d9
      msfTracker = class com.ibm.ws.config.admin.internal.ManagedServiceFactoryTracker@726a46a7
      pluginManager = class com.ibm.ws.config.admin.internal.PluginManager@334916d
      configurationStore = class com.ibm.ws.config.admin.internal.ConfigurationStore@2fa8deb5
      updateQueue = class com.ibm.ws.config.admin.internal.UpdateQueue@77e186d5
      ced = class com.ibm.ws.config.admin.internal.ConfigEventDispatcher@579ea9f0
      idMap = class java.util.Collections$SynchronizedMap@7006e597
      referenceMap = class java.util.Collections$SynchronizedMap@1932c054
      variableRegistryTracker = class org.osgi.util.tracker.ServiceTracker@629e3a89
      variableRegistry = class com.ibm.ws.kernel.service.location.internal.VariableRegistryHelper@40edce03
      configurationAdminRef = class org.eclipse.osgi.internal.serviceregistry.ServiceRegistrationImpl@3d7bea4c
      serialVersionUID = 6695202270027014725
    serialVersionUID = -2875522750804142523
  libraryConfigHelper = class com.ibm.ws.classloading.ClassLoaderConfigHelper@537e8d0d
    tc = class com.ibm.websphere.ras.TraceComponent@5caf634c
      strings[0] = "TraceComponent[com.ibm.ws.classloading.ClassLoaderConfigHelper,class com.ibm.ws.classloading.ClassLoaderConfigHelper,[ClassLoadingService],com.ibm.ws.classloading.internal.resources.ClassLoadingServiceMessages,null]"
    DEFAULT_API_TYPES = class java.util.RegularEnumSet@801e7ef
      serialVersionUID = 3411599620347842686
      elements = 23
      elementType = class java.lang.Class@e85a0e6
      universe = class com.ibm.wsspi.classloading.ApiType[5]
      ZERO_LENGTH_ENUM_ARRAY = class java.lang.Enum[0]
      MAX_ARRAY_SIZE = 2147483639
    sharedLibraries = class java.util.Collections$EmptyList@5fc20989
      serialVersionUID = 8842843931221139166
      modCount = 0
      MAX_ARRAY_SIZE = 2147483639
    commonLibraries = class java.util.Collections$EmptyList@5fc20989
    classProviders = class java.util.Collections$EmptyList@5fc20989
    sharedLibrariesPids = null
    commonLibrariesPids = null
    isDelegateLast = false
    apiTypes = class java.util.RegularEnumSet@770e658
      serialVersionUID = 3411599620347842686
      elements = 31
      elementType = class java.lang.Class@e85a0e6
      universe = class com.ibm.wsspi.classloading.ApiType[5]
      ZERO_LENGTH_ENUM_ARRAY = class java.lang.Enum[0]
      MAX_ARRAY_SIZE = 2147483639
    classLoaderConfigProps = class com.ibm.ws.config.admin.ConfigurationDictionary@2208db5e
      serialVersionUID = 7966152868712543805
      simpleTypes = class java.util.Arrays$ArrayList@dfbbb08
      primitiveArrayTypes = class java.util.Arrays$ArrayList@3d713b04
      simpleArrayTypes = class java.util.Arrays$ArrayList@73b0a3ed
      extendedTypes = class java.util.Arrays$ArrayList@2268257d
      CASE_INSENSITIVE = class com.ibm.ws.config.admin.ConfigurationDictionary$CaseInsensitive@721bf9c3
      properties = class java.util.Collections$SynchronizedMap@3e14cc0c
    serialVersionUID = 7643888529935916418
  isDelegateLast = false
  permissionManager = class com.ibm.ws.classloading.java2sec.PermissionManager@2f215baa
    tc = class com.ibm.websphere.ras.TraceComponent@bb03c95
      strings[0] = "TraceComponent[com.ibm.ws.classloading.java2sec.PermissionManager,class com.ibm.ws.classloading.java2sec.PermissionManager,[Java2SecurityUtil],com.ibm.ws.classloading.internal.resources.Java2SecurityUtilMessages,null]"
    bundleContext = class org.eclipse.osgi.internal.framework.BundleContextImpl@b8047a9
      valid = true
      bundle = class org.eclipse.osgi.internal.framework.EquinoxBundle@4ee3329f
      container = class org.eclipse.osgi.internal.framework.EquinoxContainer@2ab59903
      debug = class org.eclipse.osgi.internal.debug.Debug@30e7106c
      servicesInUse = class java.util.HashMap@83fe110
      activator = null
      contextLock = class java.lang.Object@1be6d8ec
    classLoadingService = class com.ibm.ws.classloading.internal.ClassLoadingServiceImpl@d3b8404
    DEFAULT_SERVER_RESTRICTABLE_PERMISSIONS = class java.security.Permission[4]
      Permission[0] = class java.lang.RuntimePermission@37f45f14
      Permission[1] = class java.lang.RuntimePermission@330c50bc
      Permission[2] = class java.security.SecurityPermission@6e984942
      Permission[3] = class javax.security.auth.AuthPermission@6749ed04
    DEFAULT_CLIENT_RESTRICTABLE_PERMISSIONS = class java.security.Permission[3]
      Permission[0] = class java.lang.RuntimePermission@10bd362
      Permission[1] = class java.security.SecurityPermission@798527c3
      Permission[2] = class javax.security.auth.AuthPermission@551708ed
    isServer = true
    wsjarUrlStreamHandlerAvailable = true
    restrictablePermissions = class java.util.ArrayList@2740df42
      serialVersionUID = 8683452581122892189
      DEFAULT_CAPACITY = 10
      EMPTY_ELEMENTDATA = class java.lang.Object[0]
      DEFAULTCAPACITY_EMPTY_ELEMENTDATA = class java.lang.Object[0]
      elementData = class java.lang.Object[10]
      size = 4
      MAX_ARRAY_SIZE = 2147483639
      modCount = 4
      MAX_ARRAY_SIZE = 2147483639
    javaAllCodeBasePermissions = class java.util.ArrayList@c2b6007
      serialVersionUID = 8683452581122892189
      DEFAULT_CAPACITY = 10
      EMPTY_ELEMENTDATA = class java.lang.Object[0]
      DEFAULTCAPACITY_EMPTY_ELEMENTDATA = class java.lang.Object[0]
      elementData = class java.lang.Object[22]
      size = 21
      MAX_ARRAY_SIZE = 2147483639
      modCount = 21
      MAX_ARRAY_SIZE = 2147483639
    expandProps = true
    grantedPermissions = class java.util.ArrayList@49406e5a
      serialVersionUID = 8683452581122892189
      DEFAULT_CAPACITY = 10
      EMPTY_ELEMENTDATA = class java.lang.Object[0]
      DEFAULTCAPACITY_EMPTY_ELEMENTDATA = class java.lang.Object[0]
      elementData = class java.lang.Object[10]
      size = 1
      MAX_ARRAY_SIZE = 2147483639
      modCount = 1
      MAX_ARRAY_SIZE = 2147483639
    KEY_PERMISSION = "permission"
    INCORRECT_PERMISSION_CONFIGURATION = "INCORRECT_PERMISSION_CONFIGURATION"
    PERMISSION_CLASSNOTFOUND = "PERMISSION_CLASSNOTFOUND"
    SERVER_XML = "server.xml"
    CLIENT_XML = "client.xml"
    JAVA_POLICY = "java.policy"
    os_name = "Windows 10"
    os_version = "10.0"
    originationFile = "server.xml"
    permissions = class com.ibm.wsspi.kernel.service.utils.ConcurrentServiceReferenceSet@57cb0b94
      referenceName = "permission"
      contextRef = class java.util.concurrent.atomic.AtomicReference@328de91e
      elementMap = class java.util.LinkedHashMap@45a91f91
      elementSet = class java.util.concurrent.ConcurrentSkipListSet@ceb9a38
      elementSetUnsorted = false
      serialVersionUID = 756240983881166148
      $$$tc$$$ = class com.ibm.websphere.ras.TraceComponent@49b4258c
    codeBasePermissionMap = class java.util.HashMap@76d064e0
      serialVersionUID = 362498820763181265
      DEFAULT_INITIAL_CAPACITY = 16
      MAXIMUM_CAPACITY = 1073741824
      DEFAULT_LOAD_FACTOR = 0.75
      TREEIFY_THRESHOLD = 8
      UNTREEIFY_THRESHOLD = 6
      MIN_TREEIFY_CAPACITY = 64
      table = class java.util.HashMap$Node[16]
      entrySet = null
      size = 1
      modCount = 1
      threshold = 12
      loadFactor = 0.75
      keySet = class java.util.HashMap$KeySet@6b5caf68
      values = null
    permissionXMLPermissionMap = class java.util.HashMap@212c1965
      serialVersionUID = 362498820763181265
      DEFAULT_INITIAL_CAPACITY = 16
      MAXIMUM_CAPACITY = 1073741824
      DEFAULT_LOAD_FACTOR = 0.75
      TREEIFY_THRESHOLD = 8
      UNTREEIFY_THRESHOLD = 6
      MIN_TREEIFY_CAPACITY = 64
      table = null
      entrySet = null
      size = 0
      modCount = 0
      threshold = 0
      loadFactor = 0.75
      keySet = null
      values = null
    serialVersionUID = 8583289148510585888
  permissionsConfig = null
  serialVersionUID = 1131686356392279747
  appInfo = class com.ibm.ws.container.service.app.deploy.internal.ApplicationInfoImpl@22804690
    appName = "documents"
    appMetaData = class com.ibm.ws.container.service.app.deploy.internal.ApplicationMetaDataImpl@63a41c3c
      j2eeName = class com.ibm.ws.container.service.metadata.internal.J2EENameImpl@3f4bfebc
      serialVersionUID = -7906531148367236579
      $$$tc$$$ = class com.ibm.websphere.ras.TraceComponent@71f43144
      tc = class com.ibm.websphere.ras.TraceComponent@20daa993
      NUM_STATIC_SLOTS = 4
      ID_UNINITIALIZED = -1
      id = 6
      metaDataInterface = class java.lang.Class@3af27355
      staticSlots = class java.lang.Object[4]
      dynamicSlots = null
    appContainer = class com.ibm.ws.adaptable.module.internal.AdaptableContainerImpl@572fb3aa
      root = class com.ibm.ws.adaptable.module.internal.AdaptableContainerImpl@572fb3aa
      rootOverlay = class com.ibm.ws.artifact.overlay.internal.DirectoryBasedOverlayContainerImpl@16c285be
      factoryHolder = class com.ibm.ws.adaptable.module.internal.AdaptableModuleFactoryImpl@1d7f2656
      delegate = class com.ibm.ws.artifact.overlay.internal.DirectoryBasedOverlayContainerImpl@16c285be
      notifier = class com.ibm.ws.adaptable.module.internal.NotifierImpl@2dd11bc9
      serialVersionUID = -5950528200509051684
      $$$tc$$$ = class com.ibm.websphere.ras.TraceComponent@63a924ac
    configHelper = class com.ibm.ws.app.manager.module.ApplicationNestedConfigHelper@19311e42
      appInfo = class com.ibm.ws.app.manager.internal.ApplicationInstallInfo@4410a622
      serialVersionUID = -3174031738676705046
      $$$tc$$$ = class com.ibm.websphere.ras.TraceComponent@19cf94e1
    applicationInformation = class com.ibm.ws.app.manager.internal.ApplicationInstallInfo@4410a622
    serialVersionUID = 5227817860647895780
    $$$tc$$$ = class com.ibm.websphere.ras.TraceComponent@2c113d01
      strings[0] = "TraceComponent[com.ibm.ws.container.service.app.deploy.internal.ApplicationInfoImpl,class com.ibm.ws.container.service.app.deploy.internal.ApplicationInfoImpl,[container.service],com.ibm.ws.container.service.resources.Messages,null]"
  appInfoRegistration = null
  modulesDeployed = class java.util.ArrayList@6d6d880a
    serialVersionUID = 8683452581122892189
    DEFAULT_CAPACITY = 10
    EMPTY_ELEMENTDATA = class java.lang.Object[0]
    DEFAULTCAPACITY_EMPTY_ELEMENTDATA = class java.lang.Object[0]
    elementData = class java.lang.Object[10]
      Object[0] = class com.ibm.ws.app.manager.module.internal.DeployedModuleInfoImpl@7f460087
      Object[1] = null
      Object[2] = null
      Object[3] = null
      Object[4] = null
      Object[5] = null
      Object[6] = null
      Object[7] = null
      Object[8] = null
      Object[9] = null
    size = 1
    MAX_ARRAY_SIZE = 2147483639
    modCount = 1
    MAX_ARRAY_SIZE = 2147483639
  starting = true
  started = false
  deployedAppServices = class com.ibm.ws.app.manager.module.internal.DeployedAppServicesImpl@4eeddca6
    SERVER_APPS_DIR = "${server.output.dir}/apps/"
    EXPANDED_APPS_DIR = "${server.output.dir}/apps/expanded/"
    bundleContext = class org.eclipse.osgi.internal.framework.BundleContextImpl@2653544e
      valid = true
      bundle = class org.eclipse.osgi.internal.framework.EquinoxBundle@5e3ab893
      container = class org.eclipse.osgi.internal.framework.EquinoxContainer@2ab59903
      debug = class org.eclipse.osgi.internal.debug.Debug@30e7106c
      servicesInUse = class java.util.HashMap@2359dc4f
      activator = null
      contextLock = class java.lang.Object@936c617
    applicationInfoFactory = class com.ibm.ws.container.service.app.deploy.internal.ApplicationInfoFactoryImpl@695c2693
    futureMonitor = class com.ibm.ws.threading.internal.FutureMonitorImpl@4f041f59
    classLoadingService = class com.ibm.ws.classloading.internal.ClassLoadingServiceImpl@d3b8404
    globalSharedLibrary = class com.ibm.ws.library.internal.SharedLibraryImpl@2e1a4737
    globalSharedLibraryPid = "com.ibm.ws.classloading.sharedlibrary_21"
    configAdmin = class com.ibm.ws.config.admin.internal.ConfigurationAdminImpl@2b422fb
    metaDataService = class com.ibm.ws.container.service.metadata.internal.MetaDataServiceImpl@4c85cc19
    stateChangeService = class com.ibm.ws.container.service.state.internal.StateChangeServiceImpl@50cc71da
    allModuleTypes = class java.lang.String[4]
      String[0] = "ejb"
      String[1] = "web"
      String[2] = "client"
      String[3] = "connector"
    moduleMetaDataExtenders = class java.util.concurrent.ConcurrentHashMap@644ca0f1
      serialVersionUID = 7249069246763182397
      MAXIMUM_CAPACITY = 1073741824
      DEFAULT_CAPACITY = 16
      MAX_ARRAY_SIZE = 2147483639
      DEFAULT_CONCURRENCY_LEVEL = 16
      LOAD_FACTOR = 0.75
      TREEIFY_THRESHOLD = 8
      UNTREEIFY_THRESHOLD = 6
      MIN_TREEIFY_CAPACITY = 64
      MIN_TRANSFER_STRIDE = 16
      RESIZE_STAMP_BITS = 16
      MAX_RESIZERS = 65535
      RESIZE_STAMP_SHIFT = 16
      MOVED = -1
      TREEBIN = -2
      RESERVED = -3
      HASH_BITS = 2147483647
      NCPU = 8
      serialPersistentFields = class java.io.ObjectStreamField[3]
      table = class java.util.concurrent.ConcurrentHashMap$Node[16]
      nextTable = null
      baseCount = 4
      sizeCtl = 12
      transferIndex = 0
      cellsBusy = 0
      counterCells = null
      keySet = null
      values = null
      entrySet = null
      U = class sun.misc.Unsafe@61599191
      SIZECTL = 20
      TRANSFERINDEX = 32
      BASECOUNT = 24
      CELLSBUSY = 36
      CELLVALUE = 144
      ABASE = 16
      ASHIFT = 2
      keySet = null
      values = null
    nestedModuleMetaDataFactories = class java.util.concurrent.ConcurrentHashMap@114e3ffc
      serialVersionUID = 7249069246763182397
      MAXIMUM_CAPACITY = 1073741824
      DEFAULT_CAPACITY = 16
      MAX_ARRAY_SIZE = 2147483639
      DEFAULT_CONCURRENCY_LEVEL = 16
      LOAD_FACTOR = 0.75
      TREEIFY_THRESHOLD = 8
      UNTREEIFY_THRESHOLD = 6
      MIN_TREEIFY_CAPACITY = 64
      MIN_TRANSFER_STRIDE = 16
      RESIZE_STAMP_BITS = 16
      MAX_RESIZERS = 65535
      RESIZE_STAMP_SHIFT = 16
      MOVED = -1
      TREEBIN = -2
      RESERVED = -3
      HASH_BITS = 2147483647
      NCPU = 8
      serialPersistentFields = class java.io.ObjectStreamField[3]
      table = class java.util.concurrent.ConcurrentHashMap$Node[16]
      nextTable = null
      baseCount = 4
      sizeCtl = 12
      transferIndex = 0
      cellsBusy = 0
      counterCells = null
      keySet = null
      values = null
      entrySet = null
      U = class sun.misc.Unsafe@61599191
      SIZECTL = 20
      TRANSFERINDEX = 32
      BASECOUNT = 24
      CELLSBUSY = 36
      CELLVALUE = 144
      ABASE = 16
      ASHIFT = 2
      keySet = null
      values = null
    permissionManager = class com.ibm.ws.classloading.java2sec.PermissionManager@2f215baa
    locAdmin = class com.ibm.ws.kernel.service.location.internal.WsLocationAdminImpl@7b494aa1
      tc = class com.ibm.websphere.ras.TraceComponent@2819fb93
      LOC_INTERNAL_LIB_DIR = "wlp.lib.dir"
      LOC_INTERNAL_WORKAREA_DIR = "wlp.workarea.dir"
      LOC_AREA_NAME_APPS = "shared/apps/"
      LOC_AREA_NAME_CONFIG = "shared/config/"
      LOC_AREA_NAME_RESC = "shared/resources/"
      LOC_AREA_NAME_STATE = "logs/state/"
      LOC_AREA_NAME_SERVERS = "servers/"
      LOC_AREA_NAME_CLIENTS = "clients/"
      LOC_AREA_NAME_WORKING = "workarea/"
      LOC_AREA_NAME_EXTENSION = "extension/"
      instance = class com.ibm.ws.kernel.service.location.internal.WsLocationAdminImpl@7b494aa1
      installRoot = class com.ibm.ws.kernel.service.location.internal.SymbolicRootResource@14954458
      installParentRoot = class com.ibm.ws.kernel.service.location.internal.SymbolicRootResource@4016ed15
      userRoot = class com.ibm.ws.kernel.service.location.internal.SymbolicRootResource@38f1a8dd
      usrExtensionRoot = class com.ibm.ws.kernel.service.location.internal.SymbolicRootResource@7fced25e
      serverConfigDir = class com.ibm.ws.kernel.service.location.internal.SymbolicRootResource@41c7ee7b
      serverOutputDir = class com.ibm.ws.kernel.service.location.internal.SymbolicRootResource@41c7ee7b
      bootstrapLib = class com.ibm.ws.kernel.service.location.internal.LocalFileResource@36cecd13
      serverWorkarea = class com.ibm.ws.kernel.service.location.internal.LocalFileResource@34c2c57
      serverState = class com.ibm.ws.kernel.service.location.internal.LocalFileResource@a194242
      sharedAppsRoot = class com.ibm.ws.kernel.service.location.internal.SymbolicRootResource@7453d14c
      sharedConfigRoot = class com.ibm.ws.kernel.service.location.internal.SymbolicRootResource@34352c80
      sharedResourceRoot = class com.ibm.ws.kernel.service.location.internal.SymbolicRootResource@56f980c5
      tmpRoot = class com.ibm.ws.kernel.service.location.internal.SymbolicRootResource@16b2d30a
      serverName = "documents"
      resourcePaths = class java.util.ArrayList@7c81b921
      resourceGroups = class java.util.HashMap@61cddb1d
      commonRoot = class com.ibm.ws.kernel.service.location.internal.VirtualRootResource@7ba89049
      serialVersionUID = -5748835026800463299
    artifactFactory = class com.ibm.ws.artifact.internal.ArtifactContainerFactoryService@4f505078
      CATEGORY_PROP_NAME = "category"
      ENTRY_KEY = "com.ibm.wsspi.artifact.ArtifactEntry"
      helperMap = class com.ibm.wsspi.kernel.service.utils.ConcurrentServiceReferenceSetMap@6b975716
      contributorMap = class com.ibm.wsspi.kernel.service.utils.ConcurrentServiceReferenceSetMap@46a43f78
      helperCategoryMap = class com.ibm.wsspi.kernel.service.utils.ConcurrentServiceReferenceSetMap@bceb569
      contributorCategoryMap = class com.ibm.wsspi.kernel.service.utils.ConcurrentServiceReferenceSetMap@6fc1df31
      categories = class java.util.Collections$SynchronizedSet@3e3f1a38
      baseProperties = class org.apache.felix.scr.impl.helper.ReadOnlyDictionary@5987ad78
      registration = class com.ibm.ws.kernel.service.util.ServiceRegistrationModifier@279c3edc
      serialVersionUID = 6566424214406946230
      $$$tc$$$ = class com.ibm.websphere.ras.TraceComponent@629c25ba
    moduleFactory = class com.ibm.ws.adaptable.module.internal.AdaptableModuleFactoryImpl@1d7f2656
      adapterFactoryService = class com.ibm.ws.adaptable.module.internal.AdapterFactoryServiceImpl@52e982af
      containerFactory = class com.ibm.ws.artifact.internal.ArtifactContainerFactoryService@4f505078
      overlayContainerFactory = class com.ibm.ws.artifact.overlay.internal.OverlayContainerFactoryImpl@23903f77
      serialVersionUID = 4200251809856292987
      $$$tc$$$ = class com.ibm.websphere.ras.TraceComponent@66536f6a
    serialVersionUID = 8537801607979767986
    $$$tc$$$ = class com.ibm.websphere.ras.TraceComponent@19f549a7
      strings[0] = "TraceComponent[com.ibm.ws.app.manager.module.internal.DeployedAppServicesImpl,class com.ibm.ws.app.manager.module.internal.DeployedAppServicesImpl,[applications, app.manager],null,null]"
  futureMonitor = class com.ibm.ws.threading.internal.FutureMonitorImpl@4f041f59
    _monitor = class java.util.concurrent.ConcurrentLinkedQueue@16bd6ed9
      serialVersionUID = 196745693267521676
      head = class java.util.concurrent.ConcurrentLinkedQueue$Node@6e0f8263
      tail = class java.util.concurrent.ConcurrentLinkedQueue$Node@6e0f8263
      UNSAFE = class sun.misc.Unsafe@61599191
      headOffset = 12
      tailOffset = 16
      MAX_ARRAY_SIZE = 2147483639
    _executor = class com.ibm.ws.threading.internal.DeferrableScheduledExecutorImpl@1403eb81
      PERIOD_MILLISECONDS = 15000
      executor = class com.ibm.ws.threading.internal.ScheduledExecutorImpl@5a757faa
      serialVersionUID = 117550544710569826
      $$$tc$$$ = class com.ibm.websphere.ras.TraceComponent@72179437
    _threadRunning = class java.util.concurrent.atomic.AtomicBoolean@5be54fdb
      serialVersionUID = 4654671469794556979
      unsafe = class sun.misc.Unsafe@61599191
      valueOffset = 12
      value = 0
    _thread = class com.ibm.ws.threading.internal.FutureMonitorImpl$1@59df1cf6
      this$0 = class com.ibm.ws.threading.internal.FutureMonitorImpl@4f041f59
      serialVersionUID = 2422512430832938099
      $$$tc$$$ = class com.ibm.websphere.ras.TraceComponent@24a23c25
    serialVersionUID = 2765238413969174390
    $$$tc$$$ = class com.ibm.websphere.ras.TraceComponent@682179fa
      strings[0] = "TraceComponent[com.ibm.ws.threading.internal.FutureMonitorImpl,class com.ibm.ws.threading.internal.FutureMonitorImpl,[Threading],com.ibm.ws.threading.internal.resources.ThreadingMessages,null]"
  appInfoFactory = class com.ibm.ws.container.service.app.deploy.internal.ApplicationInfoFactoryImpl@695c2693
    j2eeNameFactory = class com.ibm.wsspi.kernel.service.utils.AtomicServiceReference@6d4e5e0c
      referenceName = "j2eeNameFactory"
      tuple = class java.util.concurrent.atomic.AtomicReference@21ee0363
      serialVersionUID = 2226592364007985000
      $$$tc$$$ = class com.ibm.websphere.ras.TraceComponent@18c2bec0
    names = class java.util.HashSet@36b40e3d
      serialVersionUID = -5024744406713321676
      map = class java.util.HashMap@72816b95
      PRESENT = class java.lang.Object@31c0ea55
      MAX_ARRAY_SIZE = 2147483639
    serialVersionUID = 6232436640731165768
    $$$tc$$$ = class com.ibm.websphere.ras.TraceComponent@60a172c2
      strings[0] = "TraceComponent[com.ibm.ws.container.service.app.deploy.internal.ApplicationInfoFactoryImpl,class com.ibm.ws.container.service.app.deploy.internal.ApplicationInfoFactoryImpl,[container.service],com.ibm.ws.container.service.resources.Messages,null]"
  metaDataService = class com.ibm.ws.container.service.metadata.internal.MetaDataServiceImpl@4c85cc19
    applicationMetaDataManager = class com.ibm.ws.container.service.metadata.internal.ApplicationMetaDataManager@2068edab
      serialVersionUID = 1843747281024490904
      $$$tc$$$ = class com.ibm.websphere.ras.TraceComponent@3cdb677b
      listeners = class com.ibm.wsspi.kernel.service.utils.ConcurrentServiceReferenceSet@bffa6be
      metaDataIDs = class com.ibm.ws.container.service.metadata.internal.IndexList@6806792f
      metaDatas = class java.util.ArrayList@418821c1
      slotIDs = class com.ibm.ws.container.service.metadata.internal.IndexList@35064240
      serialVersionUID = 5464421863354792977
      $$$tc$$$ = class com.ibm.websphere.ras.TraceComponent@78dd99c2
    moduleMetaDataManager = class com.ibm.ws.container.service.metadata.internal.ModuleMetaDataManager@4fdf1c1a
      serialVersionUID = 2513574389899327209
      $$$tc$$$ = class com.ibm.websphere.ras.TraceComponent@67422b88
      listeners = class com.ibm.wsspi.kernel.service.utils.ConcurrentServiceReferenceSet@43bac808
      metaDataIDs = class com.ibm.ws.container.service.metadata.internal.IndexList@18ae1e51
      metaDatas = class java.util.ArrayList@1828b2ac
      slotIDs = class com.ibm.ws.container.service.metadata.internal.IndexList@1fbbe7ab
      serialVersionUID = 5464421863354792977
      $$$tc$$$ = class com.ibm.websphere.ras.TraceComponent@78dd99c2
    componentMetaDataManager = class com.ibm.ws.container.service.metadata.internal.ComponentMetaDataManager@33709214
      serialVersionUID = 8629793739641703882
      $$$tc$$$ = class com.ibm.websphere.ras.TraceComponent@3a335e19
      listeners = class com.ibm.wsspi.kernel.service.utils.ConcurrentServiceReferenceSet@3b6dde0c
      metaDataIDs = class com.ibm.ws.container.service.metadata.internal.IndexList@66f51566
      metaDatas = class java.util.ArrayList@6b2dcbbe
      slotIDs = class com.ibm.ws.container.service.metadata.internal.IndexList@3b47a6b9
      serialVersionUID = 5464421863354792977
      $$$tc$$$ = class com.ibm.websphere.ras.TraceComponent@78dd99c2
    methodMetaDataManager = class com.ibm.ws.container.service.metadata.internal.MethodMetaDataManager@1c1bf840
      serialVersionUID = -8002489041502300640
      $$$tc$$$ = class com.ibm.websphere.ras.TraceComponent@347e7804
      listeners = class com.ibm.wsspi.kernel.service.utils.ConcurrentServiceReferenceSet@4a5e67ae
      metaDataIDs = class com.ibm.ws.container.service.metadata.internal.IndexList@118ccbfd
      metaDatas = class java.util.ArrayList@13bb460a
      slotIDs = class com.ibm.ws.container.service.metadata.internal.IndexList@bd79cdd
      serialVersionUID = 5464421863354792977
      $$$tc$$$ = class com.ibm.websphere.ras.TraceComponent@78dd99c2
    appModuleNameToModuleContainer = class java.util.concurrent.ConcurrentHashMap@7bf95bdd
      serialVersionUID = 7249069246763182397
      MAXIMUM_CAPACITY = 1073741824
      DEFAULT_CAPACITY = 16
      MAX_ARRAY_SIZE = 2147483639
      DEFAULT_CONCURRENCY_LEVEL = 16
      LOAD_FACTOR = 0.75
      TREEIFY_THRESHOLD = 8
      UNTREEIFY_THRESHOLD = 6
      MIN_TREEIFY_CAPACITY = 64
      MIN_TRANSFER_STRIDE = 16
      RESIZE_STAMP_BITS = 16
      MAX_RESIZERS = 65535
      RESIZE_STAMP_SHIFT = 16
      MOVED = -1
      TREEBIN = -2
      RESERVED = -3
      HASH_BITS = 2147483647
      NCPU = 8
      serialPersistentFields = class java.io.ObjectStreamField[3]
      table = class java.util.concurrent.ConcurrentHashMap$Node[16]
      nextTable = null
      baseCount = 6
      sizeCtl = 12
      transferIndex = 0
      cellsBusy = 0
      counterCells = null
      keySet = null
      values = null
      entrySet = null
      U = class sun.misc.Unsafe@61599191
      SIZECTL = 20
      TRANSFERINDEX = 32
      BASECOUNT = 24
      CELLSBUSY = 36
      CELLVALUE = 144
      ABASE = 16
      ASHIFT = 2
      keySet = null
      values = null
    jeeNameToComponentMetaData = class java.util.concurrent.ConcurrentHashMap@4c71a774
      serialVersionUID = 7249069246763182397
      MAXIMUM_CAPACITY = 1073741824
      DEFAULT_CAPACITY = 16
      MAX_ARRAY_SIZE = 2147483639
      DEFAULT_CONCURRENCY_LEVEL = 16
      LOAD_FACTOR = 0.75
      TREEIFY_THRESHOLD = 8
      UNTREEIFY_THRESHOLD = 6
      MIN_TREEIFY_CAPACITY = 64
      MIN_TRANSFER_STRIDE = 16
      RESIZE_STAMP_BITS = 16
      MAX_RESIZERS = 65535
      RESIZE_STAMP_SHIFT = 16
      MOVED = -1
      TREEBIN = -2
      RESERVED = -3
      HASH_BITS = 2147483647
      NCPU = 8
      serialPersistentFields = class java.io.ObjectStreamField[3]
      table = class java.util.concurrent.ConcurrentHashMap$Node[32]
      nextTable = null
      baseCount = 13
      sizeCtl = 24
      transferIndex = 0
      cellsBusy = 0
      counterCells = null
      keySet = null
      values = null
      entrySet = null
      U = class sun.misc.Unsafe@61599191
      SIZECTL = 20
      TRANSFERINDEX = 32
      BASECOUNT = 24
      CELLSBUSY = 36
      CELLVALUE = 144
      ABASE = 16
      ASHIFT = 2
      keySet = null
      values = null
    deferredMetaDataFactories = class com.ibm.wsspi.kernel.service.utils.ConcurrentServiceReferenceSet@7ba66cdc
      referenceName = "deferredMetaDataFactory"
      contextRef = class java.util.concurrent.atomic.AtomicReference@1eb6cc82
      elementMap = class java.util.LinkedHashMap@48660212
      elementSet = class java.util.concurrent.ConcurrentSkipListSet@784a9e80
      elementSetUnsorted = false
      serialVersionUID = 756240983881166148
      $$$tc$$$ = class com.ibm.websphere.ras.TraceComponent@49b4258c
    deferredMetaDataInitializers = class com.ibm.wsspi.kernel.service.utils.ConcurrentServiceReferenceMap@383c5210
      referenceName = "deferredMetaDataFactory"
      context = class org.apache.felix.scr.impl.manager.ComponentContextImpl@401949a0
      elementMap = class java.util.concurrent.ConcurrentHashMap@6d95d8f7
      serialVersionUID = 6980924785166233786
      $$$tc$$$ = class com.ibm.websphere.ras.TraceComponent@28eb7635
    serialVersionUID = -2494605732980966097
    $$$tc$$$ = class com.ibm.websphere.ras.TraceComponent@159a3b11
      strings[0] = "TraceComponent[com.ibm.ws.container.service.metadata.internal.MetaDataServiceImpl,class com.ibm.ws.container.service.metadata.internal.MetaDataServiceImpl,[Runtime],null,null]"
  stateChangeService = class com.ibm.ws.container.service.state.internal.StateChangeServiceImpl@50cc71da
    applicationStateManager = class com.ibm.ws.container.service.state.internal.ApplicationStateManager@3e64fa09
      serialVersionUID = -6685368059484454124
      $$$tc$$$ = class com.ibm.websphere.ras.TraceComponent@154d1086
      listeners = class com.ibm.wsspi.kernel.service.utils.ConcurrentServiceReferenceSet@4c5822ee
      serialVersionUID = 2284273176985484160
      $$$tc$$$ = class com.ibm.websphere.ras.TraceComponent@78ac49ad
    moduleStateManager = class com.ibm.ws.container.service.state.internal.ModuleStateManager@6af0b501
      serialVersionUID = -5540260902341249963
      $$$tc$$$ = class com.ibm.websphere.ras.TraceComponent@f61a0f7
      listeners = class com.ibm.wsspi.kernel.service.utils.ConcurrentServiceReferenceSet@f2d9d09
      serialVersionUID = 2284273176985484160
      $$$tc$$$ = class com.ibm.websphere.ras.TraceComponent@78ac49ad
    serialVersionUID = -537917915330350560
    $$$tc$$$ = class com.ibm.websphere.ras.TraceComponent@7c19b8fe
      strings[0] = "TraceComponent[com.ibm.ws.container.service.state.internal.StateChangeServiceImpl,class com.ibm.ws.container.service.state.internal.StateChangeServiceImpl,[Runtime],null,null]"
  moduleClassesInfo = class com.ibm.ws.app.manager.module.internal.SimpleDeployedAppInfoBase$ModuleClassesInfoProvider@4da9205b
    entryContainerInfosMap = class java.util.HashMap@4c5d3018
      serialVersionUID = 362498820763181265
      DEFAULT_INITIAL_CAPACITY = 16
      MAXIMUM_CAPACITY = 1073741824
      DEFAULT_LOAD_FACTOR = 0.75
      TREEIFY_THRESHOLD = 8
      UNTREEIFY_THRESHOLD = 6
      MIN_TREEIFY_CAPACITY = 64
      table = null
      entrySet = null
      size = 0
      modCount = 0
      threshold = 0
      loadFactor = 0.75
      keySet = null
      values = null
    serialVersionUID = -70332790531324534
    $$$tc$$$ = class com.ibm.websphere.ras.TraceComponent@610ee749
      strings[0] = "TraceComponent[com.ibm.ws.app.manager.module.internal.SimpleDeployedAppInfoBase$ModuleClassesInfoProvider,class com.ibm.ws.app.manager.module.internal.SimpleDeployedAppInfoBase$ModuleClassesInfoProvider,[applications, app.manager],null,null]"
  moduleContainerInfos = class java.util.ArrayList@6d81dda4
    serialVersionUID = 8683452581122892189
    DEFAULT_CAPACITY = 10
    EMPTY_ELEMENTDATA = class java.lang.Object[0]
    DEFAULTCAPACITY_EMPTY_ELEMENTDATA = class java.lang.Object[0]
    elementData = class java.lang.Object[10]
      Object[0] = class com.ibm.ws.app.manager.module.internal.SimpleDeployedAppInfoBase$WebModuleContainerInfo@1b05dfd7
      Object[1] = null
      Object[2] = null
      Object[3] = null
      Object[4] = null
      Object[5] = null
      Object[6] = null
      Object[7] = null
      Object[8] = null
      Object[9] = null
    size = 1
    MAX_ARRAY_SIZE = 2147483639
    modCount = 1
    MAX_ARRAY_SIZE = 2147483639
  activeModuleHandlers = class java.util.IdentityHashMap@65e11639
    DEFAULT_CAPACITY = 32
    MINIMUM_CAPACITY = 4
    MAXIMUM_CAPACITY = 536870912
    table = class java.lang.Object[16]
      Object[0] = null
      Object[1] = null
      Object[2] = null
      Object[3] = null
      Object[4] = null
      Object[5] = null
      Object[6] = null
      Object[7] = null
      Object[8] = null
      Object[9] = null
      Object[10] = null
      Object[11] = null
      Object[12] = null
      Object[13] = null
      Object[14] = null
      Object[15] = null
    size = 0
    modCount = 2
    NULL_KEY = class java.lang.Object@291e0d90
    entrySet = null
    serialVersionUID = 8188218128353913216
    keySet = null
    values = null
  serialVersionUID = -2685719801501752993
  $$$tc$$$ = class com.ibm.websphere.ras.TraceComponent@7e821102
    strings[0] = "TraceComponent[com.ibm.ws.app.manager.module.internal.SimpleDeployedAppInfoBase,class com.ibm.ws.app.manager.module.internal.SimpleDeployedAppInfoBase,[applications, app.manager],null,null]"

Dump of objectArray[0]
Object type = com.ibm.ws.threading.internal.NonCancelableResultFuture
  _done = false
  _result = null
  _failure = null
  _listeners = class java.util.concurrent.ConcurrentLinkedQueue@5be9dffa
    serialVersionUID = 196745693267521676
    head = class java.util.concurrent.ConcurrentLinkedQueue$Node@730fe82b
      item = null
      next = null
      UNSAFE = class sun.misc.Unsafe@61599191
      itemOffset = 12
      nextOffset = 16
    tail = class java.util.concurrent.ConcurrentLinkedQueue$Node@730fe82b
    UNSAFE = class sun.misc.Unsafe@61599191
      theUnsafe = class sun.misc.Unsafe@61599191
      INVALID_FIELD_OFFSET = -1
      ARRAY_BOOLEAN_BASE_OFFSET = 16
      ARRAY_BYTE_BASE_OFFSET = 16
      ARRAY_SHORT_BASE_OFFSET = 16
      ARRAY_CHAR_BASE_OFFSET = 16
      ARRAY_INT_BASE_OFFSET = 16
      ARRAY_LONG_BASE_OFFSET = 16
      ARRAY_FLOAT_BASE_OFFSET = 16
      ARRAY_DOUBLE_BASE_OFFSET = 16
      ARRAY_OBJECT_BASE_OFFSET = 16
      ARRAY_BOOLEAN_INDEX_SCALE = 1
      ARRAY_BYTE_INDEX_SCALE = 1
      ARRAY_SHORT_INDEX_SCALE = 2
      ARRAY_CHAR_INDEX_SCALE = 2
      ARRAY_INT_INDEX_SCALE = 4
      ARRAY_LONG_INDEX_SCALE = 8
      ARRAY_FLOAT_INDEX_SCALE = 4
      ARRAY_DOUBLE_INDEX_SCALE = 8
      ARRAY_OBJECT_INDEX_SCALE = 4
      ADDRESS_SIZE = 8
    headOffset = 12
    tailOffset = 16
    MAX_ARRAY_SIZE = 2147483639
  _notifiedListeners = class java.util.concurrent.atomic.AtomicBoolean@36ac8c2f
    serialVersionUID = 4654671469794556979
    unsafe = class sun.misc.Unsafe@61599191
    valueOffset = 12
    value = 0
  serialVersionUID = -296387658814354272
  $$$tc$$$ = class com.ibm.websphere.ras.TraceComponent@66df154f
    strings[0] = "TraceComponent[com.ibm.ws.threading.internal.NonCancelableResultFuture,class com.ibm.ws.threading.internal.NonCancelableResultFuture,[Threading],com.ibm.ws.threading.internal.resources.ThreadingMessages,null]"

