------Start of DE processing------ = [03/01/22 12:31:43:622 EET]
Exception = com.ibm.ws.container.service.state.StateChangeException
Source = com.ibm.ws.app.manager.module.internal.SimpleDeployedAppInfoBase
probeid = 548
Stack Dump = com.ibm.ws.container.service.state.StateChangeException: org.jboss.weld.exceptions.DefinitionException: CWMFT5021E: The fallback method fallback with parameter and return types matching method checkTimeout was not found in the class hierarchy of class com.example.documents.DocumentController.
	at com.ibm.ws.container.service.state.internal.ApplicationStateManager.fireStarting(ApplicationStateManager.java:55)
	at com.ibm.ws.container.service.state.internal.StateChangeServiceImpl.fireApplicationStarting(StateChangeServiceImpl.java:50)
	at com.ibm.ws.app.manager.module.internal.SimpleDeployedAppInfoBase.preDeployApp(SimpleDeployedAppInfoBase.java:547)
	at com.ibm.ws.app.manager.module.internal.SimpleDeployedAppInfoBase.installApp(SimpleDeployedAppInfoBase.java:508)
	at com.ibm.ws.app.manager.module.internal.DeployedAppInfoBase.deployApp(DeployedAppInfoBase.java:349)
	at com.ibm.ws.app.manager.war.internal.WARApplicationHandlerImpl.install(WARApplicationHandlerImpl.java:65)
	at com.ibm.ws.app.manager.internal.statemachine.StartAction.execute(StartAction.java:149)
	at com.ibm.ws.app.manager.internal.statemachine.ApplicationStateMachineImpl.enterState(ApplicationStateMachineImpl.java:1352)
	at com.ibm.ws.app.manager.internal.statemachine.ApplicationStateMachineImpl.performAction(ApplicationStateMachineImpl.java:1217)
	at com.ibm.ws.app.manager.internal.statemachine.ApplicationStateMachineImpl.run(ApplicationStateMachineImpl.java:905)
	at com.ibm.ws.threading.internal.ExecutorServiceImpl$RunnableWrapper.run(ExecutorServiceImpl.java:238)
	at java.util.concurrent.ThreadPoolExecutor.runWorker(ThreadPoolExecutor.java:1149)
	at java.util.concurrent.ThreadPoolExecutor$Worker.run(ThreadPoolExecutor.java:624)
	at java.lang.Thread.run(Thread.java:748)
Caused by: org.jboss.weld.exceptions.DefinitionException: CWMFT5021E: The fallback method fallback with parameter and return types matching method checkTimeout was not found in the class hierarchy of class com.example.documents.DocumentController.
	at org.jboss.weld.bootstrap.events.ContainerLifecycleEvents.fireProcessAnnotatedType(ContainerLifecycleEvents.java:189)
	at org.jboss.weld.bootstrap.events.ContainerLifecycleEvents.fireProcessAnnotatedType(ContainerLifecycleEvents.java:173)
	at org.jboss.weld.bootstrap.BeanDeployer.processAnnotatedTypes(BeanDeployer.java:166)
	at org.jboss.weld.bootstrap.BeanDeployment.createTypes(BeanDeployment.java:219)
	at org.jboss.weld.bootstrap.WeldStartup.startInitialization(WeldStartup.java:426)
	at org.jboss.weld.bootstrap.WeldBootstrap.startInitialization(WeldBootstrap.java:79)
	at com.ibm.ws.cdi.impl.CDIContainerImpl$2.run(CDIContainerImpl.java:155)
	at com.ibm.ws.cdi.impl.CDIContainerImpl$2.run(CDIContainerImpl.java:152)
	at java.security.AccessController.doPrivileged(Native Method)
	at com.ibm.ws.cdi.impl.CDIContainerImpl.startInitialization(CDIContainerImpl.java:152)
	at com.ibm.ws.cdi.liberty.CDIRuntimeImpl.applicationStarting(CDIRuntimeImpl.java:480)
	at com.ibm.ws.container.service.state.internal.ApplicationStateManager.fireStarting(ApplicationStateManager.java:51)
	... 13 more
Caused by: org.eclipse.microprofile.faulttolerance.exceptions.FaultToleranceDefinitionException: CWMFT5021E: The fallback method fallback with parameter and return types matching method checkTimeout was not found in the class hierarchy of class com.example.documents.DocumentController.
	at com.ibm.ws.microprofile.faulttolerance.cdi.config.impl.FallbackConfigImpl.validate(FallbackConfigImpl.java:119)
	at com.ibm.ws.microprofile.faulttolerance.cdi.FaultToleranceCDIExtension.processMethod(FaultToleranceCDIExtension.java:187)
	at com.ibm.ws.microprofile.faulttolerance.cdi.FaultToleranceCDIExtension.processAnnotatedType(FaultToleranceCDIExtension.java:133)
	at sun.reflect.GeneratedMethodAccessor875.invoke(Unknown Source)
	at java.lang.reflect.Method.invoke(Method.java:498)
	at org.jboss.weld.injection.StaticMethodInjectionPoint.invoke(StaticMethodInjectionPoint.java:95)
	at org.jboss.weld.injection.MethodInvocationStrategy$SpecialParamPlusBeanManagerStrategy.invoke(MethodInvocationStrategy.java:187)
	at org.jboss.weld.event.ObserverMethodImpl.sendEvent(ObserverMethodImpl.java:330)
	at org.jboss.weld.event.ExtensionObserverMethodImpl.sendEvent(ExtensionObserverMethodImpl.java:123)
	at org.jboss.weld.event.ObserverMethodImpl.sendEvent(ObserverMethodImpl.java:308)
	at org.jboss.weld.event.ObserverMethodImpl.notify(ObserverMethodImpl.java:286)
	at javax.enterprise.inject.spi.ObserverMethod.notify(ObserverMethod.java:124)
	at org.jboss.weld.util.Observers.notify(Observers.java:166)
	at org.jboss.weld.event.ObserverNotifier.notifySyncObservers(ObserverNotifier.java:285)
	at org.jboss.weld.event.ObserverNotifier.notify(ObserverNotifier.java:273)
	at org.jboss.weld.event.ObserverNotifier.fireEvent(ObserverNotifier.java:189)
	at org.jboss.weld.bootstrap.events.ContainerLifecycleEvents.fireProcessAnnotatedType(ContainerLifecycleEvents.java:187)
	... 24 more

Dump of callerThis
Object type = com.ibm.ws.app.manager.war.internal.WARDeployedAppInfo
  CONTEXT_ROOT = "context-root"
  webContainerModuleInfo = class com.ibm.ws.app.manager.module.internal.SimpleDeployedAppInfoBase$WebModuleContainerInfo@6d257174
    contextRoot = "/"
    defaultContextRoot = "documents"
    serialVersionUID = 4617657913043497664
    $$$tc$$$ = class com.ibm.websphere.ras.TraceComponent@9569590
      strings[0] = "TraceComponent[com.ibm.ws.app.manager.module.internal.SimpleDeployedAppInfoBase$WebModuleContainerInfo,class com.ibm.ws.app.manager.module.internal.SimpleDeployedAppInfoBase$WebModuleContainerInfo,[applications, app.manager],null,null]"
    moduleHandler = class com.ibm.ws.app.manager.web.internal.WebModuleHandlerImpl@2f80134
      serialVersionUID = 4795602325763828210
      $$$tc$$$ = class com.ibm.websphere.ras.TraceComponent@64e9c593
      futureMonitor = class com.ibm.ws.threading.internal.FutureMonitorImpl@7c776769
      metaDataService = class com.ibm.ws.container.service.metadata.internal.MetaDataServiceImpl@7da24bcc
      stateChangeService = class com.ibm.ws.container.service.state.internal.StateChangeServiceImpl@36d561b1
      moduleRuntimeContainer = class com.ibm.ws.webcontainer.osgi.WebContainer@1b430f3f
      firstFailure = null
      serialVersionUID = -4563697739413190872
      $$$tc$$$ = class com.ibm.websphere.ras.TraceComponent@7d68b077
    moduleMetaDataExtenders = class java.util.Collections$UnmodifiableRandomAccessList@7ea72d70
      serialVersionUID = -2542308836966382001
      serialVersionUID = -283967356065247728
      list = class java.util.concurrent.CopyOnWriteArrayList@55998a0d
      serialVersionUID = 1820017752578914078
      c = class java.util.concurrent.CopyOnWriteArrayList@55998a0d
    nestedModuleMetaDataFactories = class java.util.Collections$UnmodifiableRandomAccessList@79f4f0d2
      serialVersionUID = -2542308836966382001
      serialVersionUID = -283967356065247728
      list = class java.util.concurrent.CopyOnWriteArrayList@3ea4db56
      serialVersionUID = 1820017752578914078
      c = class java.util.concurrent.CopyOnWriteArrayList@3ea4db56
    nestedModules = null
    moduleName = "documents"
    moduleDD = null
    moduleInfo = class com.ibm.ws.app.manager.module.internal.WebModuleInfoImpl@54d86bd5
      contextRoot = "/"
      isDefaultContextRootUsed = false
      defaultContextRoot = "documents"
      serialVersionUID = -6699247856069243844
      $$$tc$$$ = class com.ibm.websphere.ras.TraceComponent@3ee46b43
      tc = class com.ibm.websphere.ras.TraceComponent@792fd7f9
      appInfo = class com.ibm.ws.container.service.app.deploy.internal.ApplicationInfoImpl@3329477f
      moduleName = "documents"
      path = "documents.war"
      moduleContainer = class com.ibm.ws.adaptable.module.internal.AdaptableContainerImpl@6b3a502c
      altDDEntry = null
      moduleClassesContainers = class java.util.ArrayList@1360d39f
      classLoaderFactory = class com.ibm.ws.app.manager.war.internal.WARDeployedAppInfo@79d2ef2a
      containerInfoType = class com.ibm.ws.container.service.app.deploy.ContainerInfo$Type@23657cda
      classLoader = class com.ibm.ws.classloading.internal.AppClassLoader@6a996092
      moduleMetaData = class com.ibm.ws.webcontainer.osgi.metadata.WebModuleMetaDataImpl@65416955
      nestedModuleMetaDataTypes = null
      nestedModuleMetaDataValues = null
      serialVersionUID = 3986734351620206554
    serialVersionUID = 5122721995888983779
    $$$tc$$$ = class com.ibm.websphere.ras.TraceComponent@3f500f0a
      strings[0] = "TraceComponent[com.ibm.ws.app.manager.module.internal.SimpleDeployedAppInfoBase$ModuleContainerInfoBase,class com.ibm.ws.app.manager.module.internal.SimpleDeployedAppInfoBase$ModuleContainerInfoBase,[applications, app.manager],null,null]"
    type = class com.ibm.ws.container.service.app.deploy.ContainerInfo$Type@23657cda
      MANIFEST_CLASSPATH = class com.ibm.ws.container.service.app.deploy.ContainerInfo$Type@7455e07c
      WEB_INF_CLASSES = class com.ibm.ws.container.service.app.deploy.ContainerInfo$Type@33031221
      WEB_INF_LIB = class com.ibm.ws.container.service.app.deploy.ContainerInfo$Type@753db518
      EAR_LIB = class com.ibm.ws.container.service.app.deploy.ContainerInfo$Type@68ca0d9d
      WEB_MODULE = class com.ibm.ws.container.service.app.deploy.ContainerInfo$Type@23657cda
      EJB_MODULE = class com.ibm.ws.container.service.app.deploy.ContainerInfo$Type@33c756f8
      CLIENT_MODULE = class com.ibm.ws.container.service.app.deploy.ContainerInfo$Type@187ed8bb
      RAR_MODULE = class com.ibm.ws.container.service.app.deploy.ContainerInfo$Type@733bd9
      JAR_MODULE = class com.ibm.ws.container.service.app.deploy.ContainerInfo$Type@38ed68af
      SHARED_LIB = class com.ibm.ws.container.service.app.deploy.ContainerInfo$Type@319499dc
      $VALUES = class com.ibm.ws.container.service.app.deploy.ContainerInfo$Type[10]
      name = "WEB_MODULE"
      ordinal = 4
    name = "documents.war"
    container = class com.ibm.ws.adaptable.module.internal.AdaptableContainerImpl@6b3a502c
      root = class com.ibm.ws.adaptable.module.internal.AdaptableContainerImpl@6b3a502c
      rootOverlay = class com.ibm.ws.artifact.overlay.internal.DirectoryBasedOverlayContainerImpl@70aae0f5
      factoryHolder = class com.ibm.ws.adaptable.module.internal.AdaptableModuleFactoryImpl@117901b1
      delegate = class com.ibm.ws.artifact.overlay.internal.DirectoryBasedOverlayContainerImpl@70aae0f5
      notifier = class com.ibm.ws.adaptable.module.internal.NotifierImpl@414e3a75
      serialVersionUID = -5950528200509051684
      $$$tc$$$ = class com.ibm.websphere.ras.TraceComponent@6fca12a5
    moduleClassLoaderFactory = class com.ibm.ws.app.manager.war.internal.WARDeployedAppInfo@79d2ef2a
    altDDEntry = null
    classesContainerInfo = class java.util.ArrayList@1360d39f
      serialVersionUID = 8683452581122892189
      DEFAULT_CAPACITY = 10
      EMPTY_ELEMENTDATA = class java.lang.Object[0]
      DEFAULTCAPACITY_EMPTY_ELEMENTDATA = class java.lang.Object[0]
      elementData = class java.lang.Object[33]
      size = 24
      MAX_ARRAY_SIZE = 2147483639
      modCount = 25
      MAX_ARRAY_SIZE = 2147483639
    serialVersionUID = 4636874131959542427
    $$$tc$$$ = class com.ibm.websphere.ras.TraceComponent@62dedbb3
      strings[0] = "TraceComponent[com.ibm.ws.app.manager.module.internal.SimpleDeployedAppInfoBase$ExtendedContainerInfo,class com.ibm.ws.app.manager.module.internal.SimpleDeployedAppInfoBase$ExtendedContainerInfo,[applications, app.manager],null,null]"
  DYNAMIC_IMPORT_PACKAGE_LIST = class java.util.Collections$UnmodifiableRandomAccessList@5d0f7c02
    serialVersionUID = -2542308836966382001
    serialVersionUID = -283967356065247728
    list = class java.util.Arrays$ArrayList@331335b6
      serialVersionUID = -2764017481108945198
      a = class java.lang.String[1]
      modCount = 0
      MAX_ARRAY_SIZE = 2147483639
    serialVersionUID = 1820017752578914078
    c = class java.util.Arrays$ArrayList@331335b6
  serialVersionUID = 6176035338244935179
  $$$tc$$$ = class com.ibm.websphere.ras.TraceComponent@177aab67
    strings[0] = "TraceComponent[com.ibm.ws.app.manager.war.internal.WARDeployedAppInfo,class com.ibm.ws.app.manager.war.internal.WARDeployedAppInfo,[webcontainer, applications, app.manager],com.ibm.ws.app.manager.war.internal.resources.Messages,null]"
  _tc = class com.ibm.websphere.ras.TraceComponent@5a2e054c
    strings[0] = "TraceComponent[com.ibm.ws.app.manager.module.internal.DeployedAppInfoBase,class com.ibm.ws.app.manager.module.internal.DeployedAppInfoBase,[app.manager],com.ibm.ws.app.manager.module.internal.resources.Messages,null]"
  PERMISSION_XML = "permissions.xml"
  applicationInformation = class com.ibm.ws.app.manager.internal.ApplicationInstallInfo@7d88ec18
    _config = class com.ibm.ws.app.manager.internal.ApplicationConfig@7418bfc
      tc = class com.ibm.websphere.ras.TraceComponent@b25a65
      _configPid = "com.ibm.ws.app.manager_45"
      _config = class com.ibm.ws.config.admin.ConfigurationDictionary@63dd82d1
      _applicationManager = class com.ibm.ws.app.manager.ApplicationManager@99932a0
      _location = "documents.war"
      _type = "war"
      _name = "documents"
      _notificationBroadcasterSupport = class javax.management.NotificationBroadcasterSupport@53431c67
      ONE_TIME_JANDEX_MSGS_DISPLAYED = true
      serialVersionUID = -2151423388299667431
    _handlerInfo = class java.util.concurrent.atomic.AtomicReference@65e66ae6
      serialVersionUID = -1848883965231344442
      unsafe = class sun.misc.Unsafe@59aaed7c
      valueOffset = 12
      value = class com.ibm.ws.app.manager.war.internal.WARDeployedAppInfo@79d2ef2a
    _container = class java.util.concurrent.atomic.AtomicReference@33e48cb6
      serialVersionUID = -1848883965231344442
      unsafe = class sun.misc.Unsafe@59aaed7c
      valueOffset = 12
      value = class com.ibm.ws.adaptable.module.internal.AdaptableContainerImpl@6b3a502c
    _resolvedLocation = class java.util.concurrent.atomic.AtomicReference@9365efe
      serialVersionUID = -1848883965231344442
      unsafe = class sun.misc.Unsafe@59aaed7c
      valueOffset = 12
      value = class com.ibm.ws.kernel.service.location.internal.LocalFileResource@c4b2abc
    _handler = class com.ibm.ws.app.manager.war.internal.WARApplicationHandlerImpl@2a33a4f
      futureMonitor = class com.ibm.ws.threading.internal.FutureMonitorImpl@7c776769
      deployedAppFactory = class com.ibm.ws.app.manager.war.internal.WARDeployedAppInfoFactoryImpl@2c54c9c9
      serialVersionUID = 4622845147410944782
      $$$tc$$$ = class com.ibm.websphere.ras.TraceComponent@4131ea7a
    _ami = class java.util.concurrent.atomic.AtomicReference@5444d1a7
      serialVersionUID = -1848883965231344442
      unsafe = class sun.misc.Unsafe@59aaed7c
      valueOffset = 12
      value = class com.ibm.wsspi.application.handler.DefaultApplicationMonitoringInformation@b0ecb92
    _updateHandler = class com.ibm.ws.app.manager.internal.statemachine.ApplicationStateMachineImpl@435266a5
      _tc = class com.ibm.websphere.ras.TraceComponent@15cc50bc
      EMPTY_FUTURE_ARRAY = interface java.util.concurrent.Future[0]
      asmSequenceNumber = class java.util.concurrent.atomic.AtomicLong@ff7f2d9
      _qscaCounter = class java.util.concurrent.atomic.AtomicInteger@567786f
      _failedThrowable = null
      _interruptibleLock = class com.ibm.ws.app.manager.internal.statemachine.ApplicationStateMachineImpl$2@6eafe0b1
      _interruptible = false
      _performingQueuedActions = true
      _queuedActions = class java.util.concurrent.ConcurrentLinkedQueue@42bb5dec
      _callbackState = class java.util.concurrent.atomic.AtomicReference@72ea0e58
      blockAppStartingFutures = class java.util.Collections$SetFromMap@4c70a46a
      waitingForAppHandlerFuture = class java.util.concurrent.atomic.AtomicReference@5d4b6f3d
      waitingForExplicitStartFuture = class java.util.concurrent.atomic.AtomicReference@45871d45
      startAfterFutures = class java.util.Collections$SetFromMap@673d4363
      completionListener = class java.util.concurrent.atomic.AtomicReference@2ea7e81a
      _notifyAppStopped = class java.util.concurrent.ConcurrentLinkedQueue@28134874
      _notifyAppStarting = class java.util.concurrent.ConcurrentLinkedQueue@55031506
      _notifyAppInstallCalled = class java.util.concurrent.ConcurrentLinkedQueue@58a8629e
      _notifyAppStarted = class java.util.concurrent.ConcurrentLinkedQueue@49dea6a9
      _notifyAppRemoved = class java.util.concurrent.ConcurrentLinkedQueue@7b3c170e
      _stateLock = class com.ibm.ws.app.manager.internal.statemachine.ApplicationStateMachineImpl$3@36da864a
      _internalState = class java.util.concurrent.atomic.AtomicReference@2dfdbe9d
      _currentAction = class java.util.concurrent.atomic.AtomicReference@11aabe65
      _rfa = class java.util.concurrent.atomic.AtomicReference@a354f39
      _appInstallInfo = class java.util.concurrent.atomic.AtomicReference@68bf60e3
      _update = class java.util.concurrent.atomic.AtomicBoolean@2876223f
      _appConfig = class java.util.concurrent.atomic.AtomicReference@6cebe8c2
      _nextAppConfig = class java.util.concurrent.atomic.AtomicReference@4c873ee1
      _appContainer = class java.util.concurrent.atomic.AtomicReference@5f2ce7ea
      _resolvedLocation = class java.util.concurrent.atomic.AtomicReference@46d241ea
      _handler = class java.util.concurrent.atomic.AtomicReference@75cc1c0a
      _asmSeqNo = 0
      _ctx = class org.eclipse.osgi.internal.framework.BundleContextImpl@4bbfcbe1
      _locAdmin = class com.ibm.ws.kernel.service.location.internal.WsLocationAdminImpl@38e2e030
      _futureMonitor = class com.ibm.ws.threading.internal.FutureMonitorImpl@7c776769
      _artifactFactory = class com.ibm.ws.artifact.internal.ArtifactContainerFactoryService@3a325e74
      _moduleFactory = class com.ibm.ws.adaptable.module.internal.AdaptableModuleFactoryImpl@117901b1
      _executorService = class com.ibm.ws.threading.internal.ExecutorServiceImpl@6ceb3bd7
      _scheduledExecutorService = class com.ibm.ws.threading.internal.ScheduledExecutorImpl@7952560c
      _asmHelper = class com.ibm.ws.app.manager.internal.ApplicationConfigurator$NamedApplication@466cd630
      _appMonitor = class com.ibm.ws.app.manager.internal.monitor.ApplicationMonitor@33724726
      enterStateCalled = class java.util.concurrent.atomic.AtomicBoolean@1c3ed218
      serialVersionUID = 7990273947104993494
      serialVersionUID = 300267208965883056
      $$$tc$$$ = class com.ibm.websphere.ras.TraceComponent@79790fd
    serialVersionUID = 2630639237123415755
    $$$tc$$$ = class com.ibm.websphere.ras.TraceComponent@33e853bc
      strings[0] = "TraceComponent[com.ibm.ws.app.manager.internal.ApplicationInstallInfo,class com.ibm.ws.app.manager.internal.ApplicationInstallInfo,[applications, app.manager],com.ibm.ws.app.manager.internal.resources.AppManagerMessages,null]"
  location = "E:\facultate\master\java\java\tehnologii_java\lab10\target\liberty\wlp\usr\servers\documents\apps\documents.war.xml"
  classLoadingService = class com.ibm.ws.classloading.internal.ClassLoadingServiceImpl@54f26f0
    tc = class com.ibm.websphere.ras.TraceComponent@58ddb0c9
      strings[0] = "TraceComponent[com.ibm.ws.classloading.internal.ClassLoadingServiceImpl,class com.ibm.ws.classloading.internal.ClassLoadingServiceImpl,[ClassLoadingService],com.ibm.ws.classloading.internal.resources.ClassLoadingServiceMessages,null]"
    leakDetectionMap = class java.util.HashMap@72fba8b0
      serialVersionUID = 362498820763181265
      DEFAULT_INITIAL_CAPACITY = 16
      MAXIMUM_CAPACITY = 1073741824
      DEFAULT_LOAD_FACTOR = 0.75
      TREEIFY_THRESHOLD = 8
      UNTREEIFY_THRESHOLD = 6
      MIN_TREEIFY_CAPACITY = 64
      table = null
      entrySet = null
      size = 0
      modCount = 0
      threshold = 0
      loadFactor = 0.75
      keySet = null
      values = null
    appClassLoaders = class java.util.Collections$SetFromMap@5fde978e
      m = class java.util.WeakHashMap@6b201875
      s = class java.util.WeakHashMap$KeySet@678af0de
      serialVersionUID = 2454657854757543876
      MAX_ARRAY_SIZE = 2147483639
    TCCL_LOCK_WAIT = 15000
    REFERENCE_GENERATORS = "generators"
    bundleContext = class org.eclipse.osgi.internal.framework.BundleContextImpl@6c590492
    aclStore = class com.ibm.ws.classloading.internal.util.CanonicalStore@40dad281
      map = class java.util.concurrent.ConcurrentHashMap@69bb47a8
      q = class com.ibm.ws.classloading.internal.util.RefQueue@39bfa244
      serialVersionUID = 6715157558227169968
      $$$tc$$$ = class com.ibm.websphere.ras.TraceComponent@7145457
    tcclStore = class com.ibm.ws.classloading.internal.util.CanonicalStore@61c8d26f
      map = class java.util.concurrent.ConcurrentHashMap@22788bf
      q = class com.ibm.ws.classloading.internal.util.RefQueue@62e84635
      serialVersionUID = 6715157558227169968
      $$$tc$$$ = class com.ibm.websphere.ras.TraceComponent@7145457
    tcclStoreLock = class java.util.concurrent.locks.ReentrantLock@4ed958ce
      serialVersionUID = 7373984872572414699
      sync = class java.util.concurrent.locks.ReentrantLock$NonfairSync@50411bca
    digraph = class org.eclipse.equinox.internal.region.StandardRegionDigraph@6590d47c
      EMPTY_EDGE_SET = class java.util.Collections$UnmodifiableSet@1c665c05
      monitor = class java.lang.Object@5f4506b3
      regions = class java.util.HashMap@6305c318
      bundleIdToRegionMapping = class org.eclipse.equinox.internal.region.StandardBundleIdToRegionMapping@4d15cb27
      edges = class java.util.HashMap@63bd30f4
      bundleContext = class org.eclipse.osgi.internal.framework.BundleContextImpl@7e094740
      threadLocal = class java.lang.ThreadLocal@143ad2ae
      subgraphTraverser = class org.eclipse.equinox.internal.region.SubgraphTraverser@59eade32
      bundleCollisionHook = class org.eclipse.equinox.internal.region.hook.RegionBundleCollisionHook@3a456adb
      bundleEventHook = class org.eclipse.equinox.internal.region.hook.RegionBundleEventHook@30f5d7f7
      bundleFindHook = class org.eclipse.equinox.internal.region.hook.RegionBundleFindHook@7218dce5
      serviceEventHook = class org.eclipse.equinox.internal.region.hook.RegionServiceEventHook@7d0c87da
      serviceFindHook = class org.eclipse.equinox.internal.region.hook.RegionServiceFindHook@6c8e2912
      resolverHookFactory = class org.eclipse.equinox.internal.region.hook.RegionResolverHookFactory@725a111b
      origin = null
      originUpdateCount = -1
      updateCount = class java.util.concurrent.atomic.AtomicLong@46111441
      defaultRegion = null
    redefiner = class com.ibm.ws.classloading.internal.util.ClassRedefiner@73c84c95
      tc = class com.ibm.websphere.ras.TraceComponent@16ed456
      LS = "
"
      inst = class com.sun.proxy.$Proxy0@1e3a03d1
      serialVersionUID = 2420101865139508526
    listener = class com.ibm.ws.classloading.internal.ClassLoadingServiceImpl$1@5434b329
      this$0 = class com.ibm.ws.classloading.internal.ClassLoadingServiceImpl@54f26f0
      serialVersionUID = -9159707349812113172
      $$$tc$$$ = class com.ibm.websphere.ras.TraceComponent@be59f32
    classloaders = class java.util.Collections$SynchronizedMap@50af9e49
      serialVersionUID = 1978198479659022715
      m = class java.util.HashMap@65236cef
      mutex = class java.util.Collections$SynchronizedMap@50af9e49
      keySet = null
      entrySet = null
      values = null
    resourceProviders = class com.ibm.ws.classloading.internal.CompositeResourceProvider@337f9314
      lockFactory = class java.util.concurrent.locks.ReentrantReadWriteLock@822e546
      providerMap = class com.ibm.ws.classloading.internal.util.MultiMap@36b74a53
      serialVersionUID = -5576435894946156347
      $$$tc$$$ = class com.ibm.websphere.ras.TraceComponent@60bdd13d
    rememberedBundles = class java.util.concurrent.ConcurrentHashMap@2e2cd0a
      serialVersionUID = 7249069246763182397
      MAXIMUM_CAPACITY = 1073741824
      DEFAULT_CAPACITY = 16
      MAX_ARRAY_SIZE = 2147483639
      DEFAULT_CONCURRENCY_LEVEL = 16
      LOAD_FACTOR = 0.75
      TREEIFY_THRESHOLD = 8
      UNTREEIFY_THRESHOLD = 6
      MIN_TREEIFY_CAPACITY = 64
      MIN_TRANSFER_STRIDE = 16
      RESIZE_STAMP_BITS = 16
      MAX_RESIZERS = 65535
      RESIZE_STAMP_SHIFT = 16
      MOVED = -1
      TREEBIN = -2
      RESERVED = -3
      HASH_BITS = 2147483647
      NCPU = 8
      serialPersistentFields = class java.io.ObjectStreamField[3]
      table = class java.util.concurrent.ConcurrentHashMap$Node[16]
      nextTable = null
      baseCount = 2
      sizeCtl = 12
      transferIndex = 0
      cellsBusy = 0
      counterCells = null
      keySet = null
      values = null
      entrySet = null
      U = class sun.misc.Unsafe@59aaed7c
      SIZECTL = 20
      TRANSFERINDEX = 32
      BASECOUNT = 24
      CELLSBUSY = 36
      CELLVALUE = 144
      ABASE = 16
      ASHIFT = 2
      keySet = null
      values = null
    collectedBundles = class java.lang.ref.ReferenceQueue@733e8b84
      NULL = class java.lang.ref.ReferenceQueue$Null@26fc2daa
      ENQUEUED = class java.lang.ref.ReferenceQueue$Null@60b4d980
      lock = class java.lang.ref.ReferenceQueue$Lock@5089ac7e
      head = null
      queueLength = 0
      $assertionsDisabled = true
    generatorRefs = class com.ibm.wsspi.kernel.service.utils.ConcurrentServiceReferenceSet@5f4f1e7c
      referenceName = "generators"
      contextRef = class java.util.concurrent.atomic.AtomicReference@5ee1aedb
      elementMap = class java.util.LinkedHashMap@48e1a697
      elementSet = class java.util.concurrent.ConcurrentSkipListSet@551fc068
      elementSetUnsorted = false
      serialVersionUID = 756240983881166148
      $$$tc$$$ = class com.ibm.websphere.ras.TraceComponent@29b17e0
    generatorManager = class com.ibm.ws.classloading.internal.ClassGeneratorManager@10e7d1b2
      tc = class com.ibm.websphere.ras.TraceComponent@44aaf20
      generatorRefs = class com.ibm.wsspi.kernel.service.utils.ConcurrentServiceReferenceSet@5f4f1e7c
      serialVersionUID = 4152663586056483310
    appExtLibs = class java.util.concurrent.CopyOnWriteArrayList@4f9d439
      serialVersionUID = 8673264195747942595
      lock = class java.util.concurrent.locks.ReentrantLock@46756187
      array = class java.lang.Object[0]
      UNSAFE = class sun.misc.Unsafe@59aaed7c
      lockOffset = 12
    globalConfig = class com.ibm.ws.classloading.configuration.GlobalClassloadingConfiguration@39c1d89
      properties = class org.apache.felix.scr.impl.helper.ReadOnlyDictionary@6c162e33
      serialVersionUID = 452562347104713756
      $$$tc$$$ = class com.ibm.websphere.ras.TraceComponent@195a916e
    metaInfServicesProviders = class java.util.concurrent.ConcurrentHashMap@24875f78
      serialVersionUID = 7249069246763182397
      MAXIMUM_CAPACITY = 1073741824
      DEFAULT_CAPACITY = 16
      MAX_ARRAY_SIZE = 2147483639
      DEFAULT_CONCURRENCY_LEVEL = 16
      LOAD_FACTOR = 0.75
      TREEIFY_THRESHOLD = 8
      UNTREEIFY_THRESHOLD = 6
      MIN_TREEIFY_CAPACITY = 64
      MIN_TRANSFER_STRIDE = 16
      RESIZE_STAMP_BITS = 16
      MAX_RESIZERS = 65535
      RESIZE_STAMP_SHIFT = 16
      MOVED = -1
      TREEBIN = -2
      RESERVED = -3
      HASH_BITS = 2147483647
      NCPU = 8
      serialPersistentFields = class java.io.ObjectStreamField[3]
      table = null
      nextTable = null
      baseCount = 0
      sizeCtl = 0
      transferIndex = 0
      cellsBusy = 0
      counterCells = null
      keySet = null
      values = null
      entrySet = null
      U = class sun.misc.Unsafe@59aaed7c
      SIZECTL = 20
      TRANSFERINDEX = 32
      BASECOUNT = 24
      CELLSBUSY = 36
      CELLVALUE = 144
      ABASE = 16
      ASHIFT = 2
      keySet = null
      values = null
    metaInfServicesRefs = class com.ibm.wsspi.kernel.service.utils.ConcurrentServiceReferenceMap@a43601b
      referenceName = "MetaInfServicesProvider"
      context = class org.apache.felix.scr.impl.manager.ComponentContextImpl@3a83b426
      elementMap = class java.util.concurrent.ConcurrentHashMap@1ce24c1f
      serialVersionUID = 6980924785166233786
      $$$tc$$$ = class com.ibm.websphere.ras.TraceComponent@5a1f9275
    protectionDomainMap = class java.util.HashMap@40d12576
      serialVersionUID = 362498820763181265
      DEFAULT_INITIAL_CAPACITY = 16
      MAXIMUM_CAPACITY = 1073741824
      DEFAULT_LOAD_FACTOR = 0.75
      TREEIFY_THRESHOLD = 8
      UNTREEIFY_THRESHOLD = 6
      MIN_TREEIFY_CAPACITY = 64
      table = class java.util.HashMap$Node[16]
      entrySet = null
      size = 1
      modCount = 1
      threshold = 12
      loadFactor = 0.75
      keySet = class java.util.HashMap$KeySet@491d2218
      values = null
    metadataIdentifierService = class com.ibm.ws.container.service.metadata.internal.MetaDataServiceImpl@7da24bcc
    globalSharedLibrary = class java.util.concurrent.atomic.AtomicReference@234218b0
      serialVersionUID = -1848883965231344442
      unsafe = class sun.misc.Unsafe@59aaed7c
      valueOffset = 12
      value = null
    serialVersionUID = 4365026902615131286
  globalSharedLibrary = class com.ibm.ws.library.internal.SharedLibraryImpl@1f685dee
    tc = class com.ibm.websphere.ras.TraceComponent@8fb335b
      strings[0] = "TraceComponent[com.ibm.ws.library.internal.SharedLibraryImpl,class com.ibm.ws.library.internal.SharedLibraryImpl,[SharedLibrary],com.ibm.ws.classloading.internal.resources.ClassLoadingServiceMessages,null]"
    EMPTY_LIBRARY_LISTENERS = interface com.ibm.wsspi.library.LibraryChangeListener[0]
    deleted = false
    libraryListenersTracker = class org.osgi.util.tracker.ServiceTracker@3e464fc7
      DEBUG = false
      context = class org.eclipse.osgi.internal.framework.BundleContextImpl@6c590492
      filter = class org.eclipse.osgi.internal.framework.FilterImpl$And@1eff4175
      customizer = class org.osgi.util.tracker.ServiceTracker@3e464fc7
      listenerFilter = "(&(objectClass=com.ibm.wsspi.library.LibraryChangeListener)(|(library=global)(libraryRef=*com.ibm.ws.classloading.sharedlibrary_35*)))"
      trackClass = null
      trackReference = null
      tracked = class org.osgi.util.tracker.ServiceTracker$Tracked@40ef692b
      cachedReference = null
      cachedService = null
    libraryReg = class org.eclipse.osgi.internal.serviceregistry.ServiceRegistrationImpl@9da4e82
      registry = class org.eclipse.osgi.internal.serviceregistry.ServiceRegistry@28520cea
      context = class org.eclipse.osgi.internal.framework.BundleContextImpl@6c590492
      bundle = class org.eclipse.osgi.internal.framework.EquinoxBundle@1807853e
      clazzes = class java.lang.String[1]
      service = class com.ibm.ws.library.internal.SharedLibraryImpl@1f685dee
      reference = class org.eclipse.osgi.internal.serviceregistry.ServiceReferenceImpl@1b7daf70
      contextsUsing = class java.util.ArrayList@2b41a0c1
      properties = class java.util.Collections$UnmodifiableMap@134ccc1f
      serviceid = 361
      serviceranking = 1
      registrationLock = class java.lang.Object@4c7394f7
      state = 0
      REGISTERED = 0
      UNREGISTERING = 1
      UNREGISTERED = 2
      FRAMEWORK_SET_SERVICE_PROPERTIES_COUNT = 4
      $assertionsDisabled = true
    ctx = class org.eclipse.osgi.internal.framework.BundleContextImpl@6c590492
      valid = true
      bundle = class org.eclipse.osgi.internal.framework.EquinoxBundle@1807853e
      container = class org.eclipse.osgi.internal.framework.EquinoxContainer@8a84d6d
      debug = class org.eclipse.osgi.internal.debug.Debug@46ac0386
      servicesInUse = class java.util.HashMap@574bff5a
      activator = null
      contextLock = class java.lang.Object@21306f17
    classLoadingService = class com.ibm.ws.classloading.internal.ClassLoadingServiceImpl@54f26f0
    configAdmin = class com.ibm.ws.config.admin.internal.ConfigurationAdminImpl@1ca8767c
      tc = class com.ibm.websphere.ras.TraceComponent@3b7645ec
      bundle = class org.eclipse.osgi.internal.framework.EquinoxBundle@1807853e
      caFactory = class com.ibm.ws.config.admin.internal.ConfigAdminServiceFactory@1b3163d8
      serialVersionUID = -2875522750804142523
    resolvedBasePath = "E:/facultate/master/java/java/tehnologii_java/lab10/target/liberty/wlp/usr/servers/documents/"
    generationLock = class com.ibm.ws.library.internal.SharedLibraryImpl$1@7d15515c
      this$0 = class com.ibm.ws.library.internal.SharedLibraryImpl@1f685dee
      serialVersionUID = 2483639803450672373
      $$$tc$$$ = class com.ibm.websphere.ras.TraceComponent@1e47ae07
    currentGeneration = class com.ibm.ws.library.internal.LibraryGeneration@1f098766
      tc = class com.ibm.websphere.ras.TraceComponent@2af4fab0
      nextInt = class java.util.concurrent.atomic.AtomicInteger@59b4db9
      libraryId = "global"
      genId = 1
      libraryProps = class java.util.Hashtable@2d5b201a
      filesetRefs = class java.util.Collections$UnmodifiableRandomAccessList@324cf822
      apiTypeVisibility = class java.util.RegularEnumSet@3e25c9ea
      files = class java.util.Collections$EmptyList@4e451c54
      folders = class java.util.ArrayList@618cad12
      fileAndFolderContainers = class java.util.Collections$EmptyList@4e451c54
      filesets = class java.util.concurrent.ArrayBlockingQueue@15231ac9
      filesetListenerRegs = class java.util.concurrent.ConcurrentLinkedQueue@40fb7da7
      cancelled = false
      library = class com.ibm.ws.library.internal.SharedLibraryImpl@1f685dee
      serialVersionUID = 6965220007121905717
    nextGeneration = class com.ibm.ws.library.internal.LibraryGeneration@1f098766
    artifactContainerFactory = class com.ibm.ws.library.internal.SharedLibraryFactory$1@133dcb37
      this$0 = class com.ibm.ws.library.internal.SharedLibraryFactory@2cf21328
      serialVersionUID = 7730244564205089330
      $$$tc$$$ = class com.ibm.websphere.ras.TraceComponent@63a77b29
    packageExporter = class com.ibm.ws.library.internal.LibraryPackageExporter@4c7944ba
      EXPORTER_POSTFIX = "_library_exporter"
      REGION_EXPORT_TO_LIBERTY = "liberty.library.export.to.liberty"
      REGION_EXPORT_TO_OSGI_APPS = "liberty.library.export.to.osgi.app"
      REGION_KERNEL = "org.eclipse.equinox.region.kernel"
      counter = class java.util.concurrent.atomic.AtomicLong@150ed1f6
      context = class org.eclipse.osgi.internal.framework.BundleContextImpl@6c590492
      digraph = class org.eclipse.equinox.internal.region.StandardRegionDigraph@6590d47c
      bundleToLibrary = class java.util.concurrent.ConcurrentHashMap@41e0f2
      libraryToVisibility = class java.util.concurrent.ConcurrentHashMap@56740f33
      serialVersionUID = 8074378969667956573
      $$$tc$$$ = class com.ibm.websphere.ras.TraceComponent@5eeab7ed
    serialVersionUID = 6288237618632180389
  sharedLibDeploymentInfo = class com.ibm.ws.app.manager.module.internal.DeployedAppInfoBase$SharedLibDeploymentInfo@1bf403eb
    locAdmin = class com.ibm.ws.kernel.service.location.internal.WsLocationAdminImpl@38e2e030
    artifactFactory = class com.ibm.ws.artifact.internal.ArtifactContainerFactoryService@3a325e74
    moduleFactory = class com.ibm.ws.adaptable.module.internal.AdaptableModuleFactoryImpl@117901b1
    classesContainerInfo = class java.util.ArrayList@3da0ff3f
      serialVersionUID = 8683452581122892189
      DEFAULT_CAPACITY = 10
      EMPTY_ELEMENTDATA = class java.lang.Object[0]
      DEFAULTCAPACITY_EMPTY_ELEMENTDATA = class java.lang.Object[0]
      elementData = class java.lang.Object[0]
      size = 0
      MAX_ARRAY_SIZE = 2147483639
      modCount = 0
      MAX_ARRAY_SIZE = 2147483639
    serialVersionUID = 5154735746662585226
    $$$tc$$$ = class com.ibm.websphere.ras.TraceComponent@5d59d5bf
      strings[0] = "TraceComponent[com.ibm.ws.app.manager.module.internal.DeployedAppInfoBase$SharedLibDeploymentInfo,class com.ibm.ws.app.manager.module.internal.DeployedAppInfoBase$SharedLibDeploymentInfo,[applications, app.manager],null,null]"
  configAdmin = class com.ibm.ws.config.admin.internal.ConfigurationAdminImpl@3dbd93fb
    tc = class com.ibm.websphere.ras.TraceComponent@3b7645ec
      strings[0] = "TraceComponent[com.ibm.ws.config.admin.internal.ConfigurationAdminImpl,class com.ibm.ws.config.admin.internal.ConfigurationAdminImpl,[config],com.ibm.ws.config.internal.resources.ConfigMessages,null]"
    bundle = class org.eclipse.osgi.internal.framework.EquinoxBundle@54833732
      equinoxContainer = class org.eclipse.osgi.internal.framework.EquinoxContainer@8a84d6d
      module = class org.eclipse.osgi.internal.framework.EquinoxBundle$EquinoxModule@17ba268b
      monitor = class java.lang.Object@5cad840c
      context = class org.eclipse.osgi.internal.framework.BundleContextImpl@7ff509be
      signerInfos = null
      $SWITCH_TABLE$org$eclipse$osgi$container$Module$State = {1,2,3,4,5,6,7} /* array length = 7 */
    caFactory = class com.ibm.ws.config.admin.internal.ConfigAdminServiceFactory@1b3163d8
      tc = class com.ibm.websphere.ras.TraceComponent@731be880
      configurationPermission = class org.osgi.service.cm.ConfigurationPermission@754d07db
      INDEX_DICTIONARY = 0
      INDEX_LOCATION = 1
      INDEX_METATYPE_PROCESSED = 2
      INDEX_IN_OVERRIDES_FILE = 3
      INDEX_REFERENCES = 4
      INDEX_UNIQUES = 5
      bundleContext = class org.eclipse.osgi.internal.framework.BundleContextImpl@5af0667f
      msTracker = class com.ibm.ws.config.admin.internal.ManagedServiceTracker@b775989
      msfTracker = class com.ibm.ws.config.admin.internal.ManagedServiceFactoryTracker@702226e1
      pluginManager = class com.ibm.ws.config.admin.internal.PluginManager@3991a91
      configurationStore = class com.ibm.ws.config.admin.internal.ConfigurationStore@1ef7a6e6
      updateQueue = class com.ibm.ws.config.admin.internal.UpdateQueue@2ffd1fa0
      ced = class com.ibm.ws.config.admin.internal.ConfigEventDispatcher@4e092190
      idMap = class java.util.Collections$SynchronizedMap@50fe752
      referenceMap = class java.util.Collections$SynchronizedMap@26eca183
      variableRegistryTracker = class org.osgi.util.tracker.ServiceTracker@612baae1
      variableRegistry = class com.ibm.ws.kernel.service.location.internal.VariableRegistryHelper@66a902f5
      configurationAdminRef = class org.eclipse.osgi.internal.serviceregistry.ServiceRegistrationImpl@416ace5f
      serialVersionUID = 6695202270027014725
    serialVersionUID = -2875522750804142523
  libraryConfigHelper = class com.ibm.ws.classloading.ClassLoaderConfigHelper@41b94a1a
    tc = class com.ibm.websphere.ras.TraceComponent@775640d4
      strings[0] = "TraceComponent[com.ibm.ws.classloading.ClassLoaderConfigHelper,class com.ibm.ws.classloading.ClassLoaderConfigHelper,[ClassLoadingService],com.ibm.ws.classloading.internal.resources.ClassLoadingServiceMessages,null]"
    DEFAULT_API_TYPES = class java.util.RegularEnumSet@2f5c4910
      serialVersionUID = 3411599620347842686
      elements = 23
      elementType = class java.lang.Class@49ff087b
      universe = class com.ibm.wsspi.classloading.ApiType[5]
      ZERO_LENGTH_ENUM_ARRAY = class java.lang.Enum[0]
      MAX_ARRAY_SIZE = 2147483639
    sharedLibraries = class java.util.Collections$EmptyList@4e451c54
      serialVersionUID = 8842843931221139166
      modCount = 0
      MAX_ARRAY_SIZE = 2147483639
    commonLibraries = class java.util.Collections$EmptyList@4e451c54
    classProviders = class java.util.Collections$EmptyList@4e451c54
    sharedLibrariesPids = null
    commonLibrariesPids = null
    isDelegateLast = false
    apiTypes = class java.util.RegularEnumSet@6518fa81
      serialVersionUID = 3411599620347842686
      elements = 31
      elementType = class java.lang.Class@49ff087b
      universe = class com.ibm.wsspi.classloading.ApiType[5]
      ZERO_LENGTH_ENUM_ARRAY = class java.lang.Enum[0]
      MAX_ARRAY_SIZE = 2147483639
    classLoaderConfigProps = class com.ibm.ws.config.admin.ConfigurationDictionary@155e904d
      serialVersionUID = 7966152868712543805
      simpleTypes = class java.util.Arrays$ArrayList@3f977507
      primitiveArrayTypes = class java.util.Arrays$ArrayList@69311e97
      simpleArrayTypes = class java.util.Arrays$ArrayList@1a9b3477
      extendedTypes = class java.util.Arrays$ArrayList@1305f6e1
      CASE_INSENSITIVE = class com.ibm.ws.config.admin.ConfigurationDictionary$CaseInsensitive@173e86cb
      properties = class java.util.Collections$SynchronizedMap@56f56ad5
    serialVersionUID = 7643888529935916418
  isDelegateLast = false
  permissionManager = class com.ibm.ws.classloading.java2sec.PermissionManager@1ce3e8ee
    tc = class com.ibm.websphere.ras.TraceComponent@21a5f14c
      strings[0] = "TraceComponent[com.ibm.ws.classloading.java2sec.PermissionManager,class com.ibm.ws.classloading.java2sec.PermissionManager,[Java2SecurityUtil],com.ibm.ws.classloading.internal.resources.Java2SecurityUtilMessages,null]"
    bundleContext = class org.eclipse.osgi.internal.framework.BundleContextImpl@6c590492
    classLoadingService = class com.ibm.ws.classloading.internal.ClassLoadingServiceImpl@54f26f0
    DEFAULT_SERVER_RESTRICTABLE_PERMISSIONS = class java.security.Permission[4]
      Permission[0] = class java.lang.RuntimePermission@3155e0e3
      Permission[1] = class java.lang.RuntimePermission@5545eb55
      Permission[2] = class java.security.SecurityPermission@6ed876e7
      Permission[3] = class javax.security.auth.AuthPermission@6eac6ee
    DEFAULT_CLIENT_RESTRICTABLE_PERMISSIONS = class java.security.Permission[3]
      Permission[0] = class java.lang.RuntimePermission@1411b08b
      Permission[1] = class java.security.SecurityPermission@3382476
      Permission[2] = class javax.security.auth.AuthPermission@2b3c1c0c
    isServer = true
    wsjarUrlStreamHandlerAvailable = true
    restrictablePermissions = class java.util.ArrayList@16f23369
      serialVersionUID = 8683452581122892189
      DEFAULT_CAPACITY = 10
      EMPTY_ELEMENTDATA = class java.lang.Object[0]
      DEFAULTCAPACITY_EMPTY_ELEMENTDATA = class java.lang.Object[0]
      elementData = class java.lang.Object[10]
      size = 4
      MAX_ARRAY_SIZE = 2147483639
      modCount = 4
      MAX_ARRAY_SIZE = 2147483639
    javaAllCodeBasePermissions = class java.util.ArrayList@3c661a84
      serialVersionUID = 8683452581122892189
      DEFAULT_CAPACITY = 10
      EMPTY_ELEMENTDATA = class java.lang.Object[0]
      DEFAULTCAPACITY_EMPTY_ELEMENTDATA = class java.lang.Object[0]
      elementData = class java.lang.Object[22]
      size = 21
      MAX_ARRAY_SIZE = 2147483639
      modCount = 21
      MAX_ARRAY_SIZE = 2147483639
    expandProps = true
    grantedPermissions = class java.util.ArrayList@7af18b70
      serialVersionUID = 8683452581122892189
      DEFAULT_CAPACITY = 10
      EMPTY_ELEMENTDATA = class java.lang.Object[0]
      DEFAULTCAPACITY_EMPTY_ELEMENTDATA = class java.lang.Object[0]
      elementData = class java.lang.Object[10]
      size = 1
      MAX_ARRAY_SIZE = 2147483639
      modCount = 1
      MAX_ARRAY_SIZE = 2147483639
    KEY_PERMISSION = "permission"
    INCORRECT_PERMISSION_CONFIGURATION = "INCORRECT_PERMISSION_CONFIGURATION"
    PERMISSION_CLASSNOTFOUND = "PERMISSION_CLASSNOTFOUND"
    SERVER_XML = "server.xml"
    CLIENT_XML = "client.xml"
    JAVA_POLICY = "java.policy"
    os_name = "Windows 10"
    os_version = "10.0"
    originationFile = "server.xml"
    permissions = class com.ibm.wsspi.kernel.service.utils.ConcurrentServiceReferenceSet@502af88b
      referenceName = "permission"
      contextRef = class java.util.concurrent.atomic.AtomicReference@87183a6
      elementMap = class java.util.LinkedHashMap@74e289bf
      elementSet = class java.util.concurrent.ConcurrentSkipListSet@4012f701
      elementSetUnsorted = false
      serialVersionUID = 756240983881166148
      $$$tc$$$ = class com.ibm.websphere.ras.TraceComponent@29b17e0
    codeBasePermissionMap = class java.util.HashMap@5744e09c
      serialVersionUID = 362498820763181265
      DEFAULT_INITIAL_CAPACITY = 16
      MAXIMUM_CAPACITY = 1073741824
      DEFAULT_LOAD_FACTOR = 0.75
      TREEIFY_THRESHOLD = 8
      UNTREEIFY_THRESHOLD = 6
      MIN_TREEIFY_CAPACITY = 64
      table = class java.util.HashMap$Node[16]
      entrySet = null
      size = 1
      modCount = 1
      threshold = 12
      loadFactor = 0.75
      keySet = class java.util.HashMap$KeySet@7fca8aaf
      values = null
    permissionXMLPermissionMap = class java.util.HashMap@5b7a62ca
      serialVersionUID = 362498820763181265
      DEFAULT_INITIAL_CAPACITY = 16
      MAXIMUM_CAPACITY = 1073741824
      DEFAULT_LOAD_FACTOR = 0.75
      TREEIFY_THRESHOLD = 8
      UNTREEIFY_THRESHOLD = 6
      MIN_TREEIFY_CAPACITY = 64
      table = null
      entrySet = null
      size = 0
      modCount = 0
      threshold = 0
      loadFactor = 0.75
      keySet = null
      values = null
    serialVersionUID = 8583289148510585888
  permissionsConfig = null
  serialVersionUID = 1131686356392279747
  appInfo = class com.ibm.ws.container.service.app.deploy.internal.ApplicationInfoImpl@3329477f
    appName = "documents"
    appMetaData = class com.ibm.ws.container.service.app.deploy.internal.ApplicationMetaDataImpl@5e678446
      j2eeName = class com.ibm.ws.container.service.metadata.internal.J2EENameImpl@78a8119f
      serialVersionUID = -7906531148367236579
      $$$tc$$$ = class com.ibm.websphere.ras.TraceComponent@3049b797
      tc = class com.ibm.websphere.ras.TraceComponent@1082c81e
      NUM_STATIC_SLOTS = 4
      ID_UNINITIALIZED = -1
      id = 6
      metaDataInterface = class java.lang.Class@7194827b
      staticSlots = class java.lang.Object[4]
      dynamicSlots = null
    appContainer = class com.ibm.ws.adaptable.module.internal.AdaptableContainerImpl@6b3a502c
    configHelper = class com.ibm.ws.app.manager.module.ApplicationNestedConfigHelper@43a2aed2
      appInfo = class com.ibm.ws.app.manager.internal.ApplicationInstallInfo@7d88ec18
      serialVersionUID = -3174031738676705046
      $$$tc$$$ = class com.ibm.websphere.ras.TraceComponent@580a1a53
    applicationInformation = class com.ibm.ws.app.manager.internal.ApplicationInstallInfo@7d88ec18
    serialVersionUID = 5227817860647895780
    $$$tc$$$ = class com.ibm.websphere.ras.TraceComponent@57af1991
      strings[0] = "TraceComponent[com.ibm.ws.container.service.app.deploy.internal.ApplicationInfoImpl,class com.ibm.ws.container.service.app.deploy.internal.ApplicationInfoImpl,[container.service],com.ibm.ws.container.service.resources.Messages,null]"
  appInfoRegistration = null
  modulesDeployed = class java.util.ArrayList@27334bc2
    serialVersionUID = 8683452581122892189
    DEFAULT_CAPACITY = 10
    EMPTY_ELEMENTDATA = class java.lang.Object[0]
    DEFAULTCAPACITY_EMPTY_ELEMENTDATA = class java.lang.Object[0]
    elementData = class java.lang.Object[10]
      Object[0] = class com.ibm.ws.app.manager.module.internal.DeployedModuleInfoImpl@3be03523
      Object[1] = null
      Object[2] = null
      Object[3] = null
      Object[4] = null
      Object[5] = null
      Object[6] = null
      Object[7] = null
      Object[8] = null
      Object[9] = null
    size = 1
    MAX_ARRAY_SIZE = 2147483639
    modCount = 1
    MAX_ARRAY_SIZE = 2147483639
  starting = true
  started = false
  deployedAppServices = class com.ibm.ws.app.manager.module.internal.DeployedAppServicesImpl@6a7bdd6
    SERVER_APPS_DIR = "${server.output.dir}/apps/"
    EXPANDED_APPS_DIR = "${server.output.dir}/apps/expanded/"
    bundleContext = class org.eclipse.osgi.internal.framework.BundleContextImpl@7ff509be
      valid = true
      bundle = class org.eclipse.osgi.internal.framework.EquinoxBundle@54833732
      container = class org.eclipse.osgi.internal.framework.EquinoxContainer@8a84d6d
      debug = class org.eclipse.osgi.internal.debug.Debug@46ac0386
      servicesInUse = class java.util.HashMap@7dbe331c
      activator = null
      contextLock = class java.lang.Object@38aef722
    applicationInfoFactory = class com.ibm.ws.container.service.app.deploy.internal.ApplicationInfoFactoryImpl@76c03694
    futureMonitor = class com.ibm.ws.threading.internal.FutureMonitorImpl@7c776769
    classLoadingService = class com.ibm.ws.classloading.internal.ClassLoadingServiceImpl@54f26f0
    globalSharedLibrary = class com.ibm.ws.library.internal.SharedLibraryImpl@1f685dee
    globalSharedLibraryPid = "com.ibm.ws.classloading.sharedlibrary_35"
    configAdmin = class com.ibm.ws.config.admin.internal.ConfigurationAdminImpl@3dbd93fb
    metaDataService = class com.ibm.ws.container.service.metadata.internal.MetaDataServiceImpl@7da24bcc
    stateChangeService = class com.ibm.ws.container.service.state.internal.StateChangeServiceImpl@36d561b1
    allModuleTypes = class java.lang.String[4]
      String[0] = "ejb"
      String[1] = "web"
      String[2] = "client"
      String[3] = "connector"
    moduleMetaDataExtenders = class java.util.concurrent.ConcurrentHashMap@24c863f
      serialVersionUID = 7249069246763182397
      MAXIMUM_CAPACITY = 1073741824
      DEFAULT_CAPACITY = 16
      MAX_ARRAY_SIZE = 2147483639
      DEFAULT_CONCURRENCY_LEVEL = 16
      LOAD_FACTOR = 0.75
      TREEIFY_THRESHOLD = 8
      UNTREEIFY_THRESHOLD = 6
      MIN_TREEIFY_CAPACITY = 64
      MIN_TRANSFER_STRIDE = 16
      RESIZE_STAMP_BITS = 16
      MAX_RESIZERS = 65535
      RESIZE_STAMP_SHIFT = 16
      MOVED = -1
      TREEBIN = -2
      RESERVED = -3
      HASH_BITS = 2147483647
      NCPU = 8
      serialPersistentFields = class java.io.ObjectStreamField[3]
      table = class java.util.concurrent.ConcurrentHashMap$Node[16]
      nextTable = null
      baseCount = 4
      sizeCtl = 12
      transferIndex = 0
      cellsBusy = 0
      counterCells = null
      keySet = null
      values = null
      entrySet = null
      U = class sun.misc.Unsafe@59aaed7c
      SIZECTL = 20
      TRANSFERINDEX = 32
      BASECOUNT = 24
      CELLSBUSY = 36
      CELLVALUE = 144
      ABASE = 16
      ASHIFT = 2
      keySet = null
      values = null
    nestedModuleMetaDataFactories = class java.util.concurrent.ConcurrentHashMap@172541c2
      serialVersionUID = 7249069246763182397
      MAXIMUM_CAPACITY = 1073741824
      DEFAULT_CAPACITY = 16
      MAX_ARRAY_SIZE = 2147483639
      DEFAULT_CONCURRENCY_LEVEL = 16
      LOAD_FACTOR = 0.75
      TREEIFY_THRESHOLD = 8
      UNTREEIFY_THRESHOLD = 6
      MIN_TREEIFY_CAPACITY = 64
      MIN_TRANSFER_STRIDE = 16
      RESIZE_STAMP_BITS = 16
      MAX_RESIZERS = 65535
      RESIZE_STAMP_SHIFT = 16
      MOVED = -1
      TREEBIN = -2
      RESERVED = -3
      HASH_BITS = 2147483647
      NCPU = 8
      serialPersistentFields = class java.io.ObjectStreamField[3]
      table = class java.util.concurrent.ConcurrentHashMap$Node[16]
      nextTable = null
      baseCount = 4
      sizeCtl = 12
      transferIndex = 0
      cellsBusy = 0
      counterCells = null
      keySet = null
      values = null
      entrySet = null
      U = class sun.misc.Unsafe@59aaed7c
      SIZECTL = 20
      TRANSFERINDEX = 32
      BASECOUNT = 24
      CELLSBUSY = 36
      CELLVALUE = 144
      ABASE = 16
      ASHIFT = 2
      keySet = null
      values = null
    permissionManager = class com.ibm.ws.classloading.java2sec.PermissionManager@1ce3e8ee
    locAdmin = class com.ibm.ws.kernel.service.location.internal.WsLocationAdminImpl@38e2e030
      tc = class com.ibm.websphere.ras.TraceComponent@79c00400
      LOC_INTERNAL_LIB_DIR = "wlp.lib.dir"
      LOC_INTERNAL_WORKAREA_DIR = "wlp.workarea.dir"
      LOC_AREA_NAME_APPS = "shared/apps/"
      LOC_AREA_NAME_CONFIG = "shared/config/"
      LOC_AREA_NAME_RESC = "shared/resources/"
      LOC_AREA_NAME_STATE = "logs/state/"
      LOC_AREA_NAME_SERVERS = "servers/"
      LOC_AREA_NAME_CLIENTS = "clients/"
      LOC_AREA_NAME_WORKING = "workarea/"
      LOC_AREA_NAME_EXTENSION = "extension/"
      instance = class com.ibm.ws.kernel.service.location.internal.WsLocationAdminImpl@38e2e030
      installRoot = class com.ibm.ws.kernel.service.location.internal.SymbolicRootResource@67a38e23
      installParentRoot = class com.ibm.ws.kernel.service.location.internal.SymbolicRootResource@359c0e6d
      userRoot = class com.ibm.ws.kernel.service.location.internal.SymbolicRootResource@32d551b4
      usrExtensionRoot = class com.ibm.ws.kernel.service.location.internal.SymbolicRootResource@6fb51836
      serverConfigDir = class com.ibm.ws.kernel.service.location.internal.SymbolicRootResource@141c5175
      serverOutputDir = class com.ibm.ws.kernel.service.location.internal.SymbolicRootResource@141c5175
      bootstrapLib = class com.ibm.ws.kernel.service.location.internal.LocalFileResource@4126dafd
      serverWorkarea = class com.ibm.ws.kernel.service.location.internal.LocalFileResource@59e66b9c
      serverState = class com.ibm.ws.kernel.service.location.internal.LocalFileResource@1e55bc3e
      sharedAppsRoot = class com.ibm.ws.kernel.service.location.internal.SymbolicRootResource@6834c178
      sharedConfigRoot = class com.ibm.ws.kernel.service.location.internal.SymbolicRootResource@1f320fb1
      sharedResourceRoot = class com.ibm.ws.kernel.service.location.internal.SymbolicRootResource@75e22d40
      tmpRoot = class com.ibm.ws.kernel.service.location.internal.SymbolicRootResource@4665cb8e
      serverName = "documents"
      resourcePaths = class java.util.ArrayList@894ed3b
      resourceGroups = class java.util.HashMap@7d4241f
      commonRoot = class com.ibm.ws.kernel.service.location.internal.VirtualRootResource@63b88188
      serialVersionUID = -5748835026800463299
    artifactFactory = class com.ibm.ws.artifact.internal.ArtifactContainerFactoryService@3a325e74
      CATEGORY_PROP_NAME = "category"
      ENTRY_KEY = "com.ibm.wsspi.artifact.ArtifactEntry"
      helperMap = class com.ibm.wsspi.kernel.service.utils.ConcurrentServiceReferenceSetMap@6db69084
      contributorMap = class com.ibm.wsspi.kernel.service.utils.ConcurrentServiceReferenceSetMap@4d44e1a1
      helperCategoryMap = class com.ibm.wsspi.kernel.service.utils.ConcurrentServiceReferenceSetMap@2896dc53
      contributorCategoryMap = class com.ibm.wsspi.kernel.service.utils.ConcurrentServiceReferenceSetMap@e8d861
      categories = class java.util.Collections$SynchronizedSet@59035a48
      baseProperties = class org.apache.felix.scr.impl.helper.ReadOnlyDictionary@3320e120
      registration = class com.ibm.ws.kernel.service.util.ServiceRegistrationModifier@2dcac753
      serialVersionUID = 6566424214406946230
      $$$tc$$$ = class com.ibm.websphere.ras.TraceComponent@17e53edc
    moduleFactory = class com.ibm.ws.adaptable.module.internal.AdaptableModuleFactoryImpl@117901b1
      adapterFactoryService = class com.ibm.ws.adaptable.module.internal.AdapterFactoryServiceImpl@71e432fc
      containerFactory = class com.ibm.ws.artifact.internal.ArtifactContainerFactoryService@3a325e74
      overlayContainerFactory = class com.ibm.ws.artifact.overlay.internal.OverlayContainerFactoryImpl@29bca628
      serialVersionUID = 4200251809856292987
      $$$tc$$$ = class com.ibm.websphere.ras.TraceComponent@812b6c3
    serialVersionUID = 8537801607979767986
    $$$tc$$$ = class com.ibm.websphere.ras.TraceComponent@4a0ca66e
      strings[0] = "TraceComponent[com.ibm.ws.app.manager.module.internal.DeployedAppServicesImpl,class com.ibm.ws.app.manager.module.internal.DeployedAppServicesImpl,[applications, app.manager],null,null]"
  futureMonitor = class com.ibm.ws.threading.internal.FutureMonitorImpl@7c776769
    _monitor = class java.util.concurrent.ConcurrentLinkedQueue@65945cd4
      serialVersionUID = 196745693267521676
      head = class java.util.concurrent.ConcurrentLinkedQueue$Node@2efac76e
      tail = class java.util.concurrent.ConcurrentLinkedQueue$Node@2efac76e
      UNSAFE = class sun.misc.Unsafe@59aaed7c
      headOffset = 12
      tailOffset = 16
      MAX_ARRAY_SIZE = 2147483639
    _executor = class com.ibm.ws.threading.internal.ScheduledExecutorImpl@7952560c
      threadGroupName = "Scheduled Executor Thread Group"
      executor = class com.ibm.ws.threading.internal.ExecutorServiceImpl@6ceb3bd7
      serialVersionUID = -9110693807503469597
      $$$tc$$$ = class com.ibm.websphere.ras.TraceComponent@4ab822c4
      continueExistingPeriodicTasksAfterShutdown = false
      executeExistingDelayedTasksAfterShutdown = true
      removeOnCancel = false
      sequencer = class java.util.concurrent.atomic.AtomicLong@1d63a7dc
      ctl = class java.util.concurrent.atomic.AtomicInteger@3b7537c5
      COUNT_BITS = 29
      CAPACITY = 536870911
      RUNNING = -536870912
      SHUTDOWN = 0
      STOP = 536870912
      TIDYING = 1073741824
      TERMINATED = 1610612736
      workQueue = class java.util.concurrent.ScheduledThreadPoolExecutor$DelayedWorkQueue@5b9677e
      mainLock = class java.util.concurrent.locks.ReentrantLock@8dc533
      workers = class java.util.HashSet@50cfb9
      termination = class java.util.concurrent.locks.AbstractQueuedSynchronizer$ConditionObject@12091b69
      largestPoolSize = 1
      completedTaskCount = 0
      threadFactory = class com.ibm.ws.threading.internal.ThreadFactoryImpl@5cc51cc1
      handler = class java.util.concurrent.ThreadPoolExecutor$AbortPolicy@328ffe37
      keepAliveTime = 0
      allowCoreThreadTimeOut = false
      corePoolSize = 1
      maximumPoolSize = 2147483647
      defaultHandler = class java.util.concurrent.ThreadPoolExecutor$AbortPolicy@328ffe37
      shutdownPerm = class java.lang.RuntimePermission@3424d2d8
      acc = null
      ONLY_ONE = true
      $assertionsDisabled = true
    _threadRunning = class java.util.concurrent.atomic.AtomicBoolean@29bf103d
      serialVersionUID = 4654671469794556979
      unsafe = class sun.misc.Unsafe@59aaed7c
      valueOffset = 12
      value = 0
    _thread = class com.ibm.ws.threading.internal.FutureMonitorImpl$1@124d41d1
      this$0 = class com.ibm.ws.threading.internal.FutureMonitorImpl@7c776769
      serialVersionUID = 2422512430832938099
      $$$tc$$$ = class com.ibm.websphere.ras.TraceComponent@e5d010f
    serialVersionUID = 2765238413969174390
    $$$tc$$$ = class com.ibm.websphere.ras.TraceComponent@1f1ab76a
      strings[0] = "TraceComponent[com.ibm.ws.threading.internal.FutureMonitorImpl,class com.ibm.ws.threading.internal.FutureMonitorImpl,[Threading],com.ibm.ws.threading.internal.resources.ThreadingMessages,null]"
  appInfoFactory = class com.ibm.ws.container.service.app.deploy.internal.ApplicationInfoFactoryImpl@76c03694
    j2eeNameFactory = class com.ibm.wsspi.kernel.service.utils.AtomicServiceReference@2976cdb1
      referenceName = "j2eeNameFactory"
      tuple = class java.util.concurrent.atomic.AtomicReference@5882d2c8
      serialVersionUID = 2226592364007985000
      $$$tc$$$ = class com.ibm.websphere.ras.TraceComponent@4477ec46
    names = class java.util.HashSet@4feddbde
      serialVersionUID = -5024744406713321676
      map = class java.util.HashMap@4607b326
      PRESENT = class java.lang.Object@51482f96
      MAX_ARRAY_SIZE = 2147483639
    serialVersionUID = 6232436640731165768
    $$$tc$$$ = class com.ibm.websphere.ras.TraceComponent@11cede6b
      strings[0] = "TraceComponent[com.ibm.ws.container.service.app.deploy.internal.ApplicationInfoFactoryImpl,class com.ibm.ws.container.service.app.deploy.internal.ApplicationInfoFactoryImpl,[container.service],com.ibm.ws.container.service.resources.Messages,null]"
  metaDataService = class com.ibm.ws.container.service.metadata.internal.MetaDataServiceImpl@7da24bcc
    applicationMetaDataManager = class com.ibm.ws.container.service.metadata.internal.ApplicationMetaDataManager@2d26d8de
      serialVersionUID = 1843747281024490904
      $$$tc$$$ = class com.ibm.websphere.ras.TraceComponent@67ff8b9d
      listeners = class com.ibm.wsspi.kernel.service.utils.ConcurrentServiceReferenceSet@42610d42
      metaDataIDs = class com.ibm.ws.container.service.metadata.internal.IndexList@60111edc
      metaDatas = class java.util.ArrayList@2eecad83
      slotIDs = class com.ibm.ws.container.service.metadata.internal.IndexList@2292d349
      serialVersionUID = 5464421863354792977
      $$$tc$$$ = class com.ibm.websphere.ras.TraceComponent@612db2cd
    moduleMetaDataManager = class com.ibm.ws.container.service.metadata.internal.ModuleMetaDataManager@2acf9351
      serialVersionUID = 2513574389899327209
      $$$tc$$$ = class com.ibm.websphere.ras.TraceComponent@670920a4
      listeners = class com.ibm.wsspi.kernel.service.utils.ConcurrentServiceReferenceSet@4f010edb
      metaDataIDs = class com.ibm.ws.container.service.metadata.internal.IndexList@1f0c6c63
      metaDatas = class java.util.ArrayList@34e00496
      slotIDs = class com.ibm.ws.container.service.metadata.internal.IndexList@4f413b43
      serialVersionUID = 5464421863354792977
      $$$tc$$$ = class com.ibm.websphere.ras.TraceComponent@612db2cd
    componentMetaDataManager = class com.ibm.ws.container.service.metadata.internal.ComponentMetaDataManager@5affd694
      serialVersionUID = 8629793739641703882
      $$$tc$$$ = class com.ibm.websphere.ras.TraceComponent@3a232286
      listeners = class com.ibm.wsspi.kernel.service.utils.ConcurrentServiceReferenceSet@103626bd
      metaDataIDs = class com.ibm.ws.container.service.metadata.internal.IndexList@2383a514
      metaDatas = class java.util.ArrayList@67ea8ea2
      slotIDs = class com.ibm.ws.container.service.metadata.internal.IndexList@29803d05
      serialVersionUID = 5464421863354792977
      $$$tc$$$ = class com.ibm.websphere.ras.TraceComponent@612db2cd
    methodMetaDataManager = class com.ibm.ws.container.service.metadata.internal.MethodMetaDataManager@529b8333
      serialVersionUID = -8002489041502300640
      $$$tc$$$ = class com.ibm.websphere.ras.TraceComponent@62a329bd
      listeners = class com.ibm.wsspi.kernel.service.utils.ConcurrentServiceReferenceSet@77c129f4
      metaDataIDs = class com.ibm.ws.container.service.metadata.internal.IndexList@57b810d7
      metaDatas = class java.util.ArrayList@4acc5c09
      slotIDs = class com.ibm.ws.container.service.metadata.internal.IndexList@6ae1baaa
      serialVersionUID = 5464421863354792977
      $$$tc$$$ = class com.ibm.websphere.ras.TraceComponent@612db2cd
    appModuleNameToModuleContainer = class java.util.concurrent.ConcurrentHashMap@49604196
      serialVersionUID = 7249069246763182397
      MAXIMUM_CAPACITY = 1073741824
      DEFAULT_CAPACITY = 16
      MAX_ARRAY_SIZE = 2147483639
      DEFAULT_CONCURRENCY_LEVEL = 16
      LOAD_FACTOR = 0.75
      TREEIFY_THRESHOLD = 8
      UNTREEIFY_THRESHOLD = 6
      MIN_TREEIFY_CAPACITY = 64
      MIN_TRANSFER_STRIDE = 16
      RESIZE_STAMP_BITS = 16
      MAX_RESIZERS = 65535
      RESIZE_STAMP_SHIFT = 16
      MOVED = -1
      TREEBIN = -2
      RESERVED = -3
      HASH_BITS = 2147483647
      NCPU = 8
      serialPersistentFields = class java.io.ObjectStreamField[3]
      table = class java.util.concurrent.ConcurrentHashMap$Node[16]
      nextTable = null
      baseCount = 6
      sizeCtl = 12
      transferIndex = 0
      cellsBusy = 0
      counterCells = null
      keySet = null
      values = null
      entrySet = null
      U = class sun.misc.Unsafe@59aaed7c
      SIZECTL = 20
      TRANSFERINDEX = 32
      BASECOUNT = 24
      CELLSBUSY = 36
      CELLVALUE = 144
      ABASE = 16
      ASHIFT = 2
      keySet = null
      values = null
    jeeNameToComponentMetaData = class java.util.concurrent.ConcurrentHashMap@1f6306f0
      serialVersionUID = 7249069246763182397
      MAXIMUM_CAPACITY = 1073741824
      DEFAULT_CAPACITY = 16
      MAX_ARRAY_SIZE = 2147483639
      DEFAULT_CONCURRENCY_LEVEL = 16
      LOAD_FACTOR = 0.75
      TREEIFY_THRESHOLD = 8
      UNTREEIFY_THRESHOLD = 6
      MIN_TREEIFY_CAPACITY = 64
      MIN_TRANSFER_STRIDE = 16
      RESIZE_STAMP_BITS = 16
      MAX_RESIZERS = 65535
      RESIZE_STAMP_SHIFT = 16
      MOVED = -1
      TREEBIN = -2
      RESERVED = -3
      HASH_BITS = 2147483647
      NCPU = 8
      serialPersistentFields = class java.io.ObjectStreamField[3]
      table = class java.util.concurrent.ConcurrentHashMap$Node[32]
      nextTable = null
      baseCount = 13
      sizeCtl = 24
      transferIndex = 0
      cellsBusy = 0
      counterCells = null
      keySet = null
      values = null
      entrySet = null
      U = class sun.misc.Unsafe@59aaed7c
      SIZECTL = 20
      TRANSFERINDEX = 32
      BASECOUNT = 24
      CELLSBUSY = 36
      CELLVALUE = 144
      ABASE = 16
      ASHIFT = 2
      keySet = null
      values = null
    deferredMetaDataFactories = class com.ibm.wsspi.kernel.service.utils.ConcurrentServiceReferenceSet@3b8c38fe
      referenceName = "deferredMetaDataFactory"
      contextRef = class java.util.concurrent.atomic.AtomicReference@500186cb
      elementMap = class java.util.LinkedHashMap@546145e4
      elementSet = class java.util.concurrent.ConcurrentSkipListSet@5999e8f3
      elementSetUnsorted = false
      serialVersionUID = 756240983881166148
      $$$tc$$$ = class com.ibm.websphere.ras.TraceComponent@29b17e0
    deferredMetaDataInitializers = class com.ibm.wsspi.kernel.service.utils.ConcurrentServiceReferenceMap@3580b6a7
      referenceName = "deferredMetaDataFactory"
      context = class org.apache.felix.scr.impl.manager.ComponentContextImpl@437aad95
      elementMap = class java.util.concurrent.ConcurrentHashMap@1ec0647f
      serialVersionUID = 6980924785166233786
      $$$tc$$$ = class com.ibm.websphere.ras.TraceComponent@5a1f9275
    serialVersionUID = -2494605732980966097
    $$$tc$$$ = class com.ibm.websphere.ras.TraceComponent@64dc5104
      strings[0] = "TraceComponent[com.ibm.ws.container.service.metadata.internal.MetaDataServiceImpl,class com.ibm.ws.container.service.metadata.internal.MetaDataServiceImpl,[Runtime],null,null]"
  stateChangeService = class com.ibm.ws.container.service.state.internal.StateChangeServiceImpl@36d561b1
    applicationStateManager = class com.ibm.ws.container.service.state.internal.ApplicationStateManager@7b351dc0
      serialVersionUID = -6685368059484454124
      $$$tc$$$ = class com.ibm.websphere.ras.TraceComponent@364778a5
      listeners = class com.ibm.wsspi.kernel.service.utils.ConcurrentServiceReferenceSet@3183d341
      serialVersionUID = 2284273176985484160
      $$$tc$$$ = class com.ibm.websphere.ras.TraceComponent@5877bd5b
    moduleStateManager = class com.ibm.ws.container.service.state.internal.ModuleStateManager@58875f3f
      serialVersionUID = -5540260902341249963
      $$$tc$$$ = class com.ibm.websphere.ras.TraceComponent@5cbadd1e
      listeners = class com.ibm.wsspi.kernel.service.utils.ConcurrentServiceReferenceSet@6ec9562d
      serialVersionUID = 2284273176985484160
      $$$tc$$$ = class com.ibm.websphere.ras.TraceComponent@5877bd5b
    serialVersionUID = -537917915330350560
    $$$tc$$$ = class com.ibm.websphere.ras.TraceComponent@20ab9e5d
      strings[0] = "TraceComponent[com.ibm.ws.container.service.state.internal.StateChangeServiceImpl,class com.ibm.ws.container.service.state.internal.StateChangeServiceImpl,[Runtime],null,null]"
  moduleClassesInfo = class com.ibm.ws.app.manager.module.internal.SimpleDeployedAppInfoBase$ModuleClassesInfoProvider@7e85680e
    entryContainerInfosMap = class java.util.HashMap@35c9fb21
      serialVersionUID = 362498820763181265
      DEFAULT_INITIAL_CAPACITY = 16
      MAXIMUM_CAPACITY = 1073741824
      DEFAULT_LOAD_FACTOR = 0.75
      TREEIFY_THRESHOLD = 8
      UNTREEIFY_THRESHOLD = 6
      MIN_TREEIFY_CAPACITY = 64
      table = null
      entrySet = null
      size = 0
      modCount = 0
      threshold = 0
      loadFactor = 0.75
      keySet = null
      values = null
    serialVersionUID = -70332790531324534
    $$$tc$$$ = class com.ibm.websphere.ras.TraceComponent@78683e0d
      strings[0] = "TraceComponent[com.ibm.ws.app.manager.module.internal.SimpleDeployedAppInfoBase$ModuleClassesInfoProvider,class com.ibm.ws.app.manager.module.internal.SimpleDeployedAppInfoBase$ModuleClassesInfoProvider,[applications, app.manager],null,null]"
  moduleContainerInfos = class java.util.ArrayList@43d55147
    serialVersionUID = 8683452581122892189
    DEFAULT_CAPACITY = 10
    EMPTY_ELEMENTDATA = class java.lang.Object[0]
    DEFAULTCAPACITY_EMPTY_ELEMENTDATA = class java.lang.Object[0]
    elementData = class java.lang.Object[10]
      Object[0] = class com.ibm.ws.app.manager.module.internal.SimpleDeployedAppInfoBase$WebModuleContainerInfo@6d257174
      Object[1] = null
      Object[2] = null
      Object[3] = null
      Object[4] = null
      Object[5] = null
      Object[6] = null
      Object[7] = null
      Object[8] = null
      Object[9] = null
    size = 1
    MAX_ARRAY_SIZE = 2147483639
    modCount = 1
    MAX_ARRAY_SIZE = 2147483639
  activeModuleHandlers = class java.util.IdentityHashMap@34d6bb3f
    DEFAULT_CAPACITY = 32
    MINIMUM_CAPACITY = 4
    MAXIMUM_CAPACITY = 536870912
    table = class java.lang.Object[16]
      Object[0] = null
      Object[1] = null
      Object[2] = null
      Object[3] = null
      Object[4] = null
      Object[5] = null
      Object[6] = null
      Object[7] = null
      Object[8] = null
      Object[9] = null
      Object[10] = null
      Object[11] = null
      Object[12] = null
      Object[13] = null
      Object[14] = null
      Object[15] = null
    size = 0
    modCount = 2
    NULL_KEY = class java.lang.Object@3efa19d4
    entrySet = null
    serialVersionUID = 8188218128353913216
    keySet = null
    values = null
  serialVersionUID = -2685719801501752993
  $$$tc$$$ = class com.ibm.websphere.ras.TraceComponent@5356d756
    strings[0] = "TraceComponent[com.ibm.ws.app.manager.module.internal.SimpleDeployedAppInfoBase,class com.ibm.ws.app.manager.module.internal.SimpleDeployedAppInfoBase,[applications, app.manager],null,null]"

Dump of objectArray[0]
Object type = com.ibm.ws.threading.internal.NonCancelableResultFuture
  _done = false
  _result = null
  _failure = null
  _listeners = class java.util.concurrent.ConcurrentLinkedQueue@ba86267
    serialVersionUID = 196745693267521676
    head = class java.util.concurrent.ConcurrentLinkedQueue$Node@42498a3a
      item = null
      next = null
      UNSAFE = class sun.misc.Unsafe@59aaed7c
      itemOffset = 12
      nextOffset = 16
    tail = class java.util.concurrent.ConcurrentLinkedQueue$Node@42498a3a
    UNSAFE = class sun.misc.Unsafe@59aaed7c
    headOffset = 12
    tailOffset = 16
    MAX_ARRAY_SIZE = 2147483639
  _notifiedListeners = class java.util.concurrent.atomic.AtomicBoolean@e5734e1
    serialVersionUID = 4654671469794556979
    unsafe = class sun.misc.Unsafe@59aaed7c
      theUnsafe = class sun.misc.Unsafe@59aaed7c
      INVALID_FIELD_OFFSET = -1
      ARRAY_BOOLEAN_BASE_OFFSET = 16
      ARRAY_BYTE_BASE_OFFSET = 16
      ARRAY_SHORT_BASE_OFFSET = 16
      ARRAY_CHAR_BASE_OFFSET = 16
      ARRAY_INT_BASE_OFFSET = 16
      ARRAY_LONG_BASE_OFFSET = 16
      ARRAY_FLOAT_BASE_OFFSET = 16
      ARRAY_DOUBLE_BASE_OFFSET = 16
      ARRAY_OBJECT_BASE_OFFSET = 16
      ARRAY_BOOLEAN_INDEX_SCALE = 1
      ARRAY_BYTE_INDEX_SCALE = 1
      ARRAY_SHORT_INDEX_SCALE = 2
      ARRAY_CHAR_INDEX_SCALE = 2
      ARRAY_INT_INDEX_SCALE = 4
      ARRAY_LONG_INDEX_SCALE = 8
      ARRAY_FLOAT_INDEX_SCALE = 4
      ARRAY_DOUBLE_INDEX_SCALE = 8
      ARRAY_OBJECT_INDEX_SCALE = 4
      ADDRESS_SIZE = 8
    valueOffset = 12
    value = 0
  serialVersionUID = -296387658814354272
  $$$tc$$$ = class com.ibm.websphere.ras.TraceComponent@6eaa9a98
    strings[0] = "TraceComponent[com.ibm.ws.threading.internal.NonCancelableResultFuture,class com.ibm.ws.threading.internal.NonCancelableResultFuture,[Threading],com.ibm.ws.threading.internal.resources.ThreadingMessages,null]"

