------Start of DE processing------ = [03/01/22 14:18:35:030 EET]
Exception = org.jboss.weld.exceptions.DefinitionException
Source = com.ibm.ws.container.service.state.internal.ApplicationStateManager
probeid = 54
Stack Dump = org.jboss.weld.exceptions.DefinitionException: CWMFT5021E: The fallback method fallbackAsync with parameter and return types matching method checkConcurrentRequests was not found in the class hierarchy of class com.example.documents.ResilienceController.
	at org.jboss.weld.bootstrap.events.ContainerLifecycleEvents.fireProcessAnnotatedType(ContainerLifecycleEvents.java:189)
	at org.jboss.weld.bootstrap.events.ContainerLifecycleEvents.fireProcessAnnotatedType(ContainerLifecycleEvents.java:173)
	at org.jboss.weld.bootstrap.BeanDeployer.processAnnotatedTypes(BeanDeployer.java:166)
	at org.jboss.weld.bootstrap.BeanDeployment.createTypes(BeanDeployment.java:219)
	at org.jboss.weld.bootstrap.WeldStartup.startInitialization(WeldStartup.java:426)
	at org.jboss.weld.bootstrap.WeldBootstrap.startInitialization(WeldBootstrap.java:79)
	at com.ibm.ws.cdi.impl.CDIContainerImpl$2.run(CDIContainerImpl.java:155)
	at com.ibm.ws.cdi.impl.CDIContainerImpl$2.run(CDIContainerImpl.java:152)
	at java.security.AccessController.doPrivileged(Native Method)
	at com.ibm.ws.cdi.impl.CDIContainerImpl.startInitialization(CDIContainerImpl.java:152)
	at com.ibm.ws.cdi.liberty.CDIRuntimeImpl.applicationStarting(CDIRuntimeImpl.java:480)
	at com.ibm.ws.container.service.state.internal.ApplicationStateManager.fireStarting(ApplicationStateManager.java:51)
	at com.ibm.ws.container.service.state.internal.StateChangeServiceImpl.fireApplicationStarting(StateChangeServiceImpl.java:50)
	at com.ibm.ws.app.manager.module.internal.SimpleDeployedAppInfoBase.preDeployApp(SimpleDeployedAppInfoBase.java:547)
	at com.ibm.ws.app.manager.module.internal.SimpleDeployedAppInfoBase.installApp(SimpleDeployedAppInfoBase.java:508)
	at com.ibm.ws.app.manager.module.internal.DeployedAppInfoBase.deployApp(DeployedAppInfoBase.java:349)
	at com.ibm.ws.app.manager.war.internal.WARApplicationHandlerImpl.install(WARApplicationHandlerImpl.java:65)
	at com.ibm.ws.app.manager.internal.statemachine.StartAction.execute(StartAction.java:149)
	at com.ibm.ws.app.manager.internal.statemachine.ApplicationStateMachineImpl.enterState(ApplicationStateMachineImpl.java:1352)
	at com.ibm.ws.app.manager.internal.statemachine.ApplicationStateMachineImpl.performAction(ApplicationStateMachineImpl.java:1229)
	at com.ibm.ws.app.manager.internal.statemachine.ApplicationStateMachineImpl.run(ApplicationStateMachineImpl.java:905)
	at com.ibm.ws.threading.internal.ExecutorServiceImpl$RunnableWrapper.run(ExecutorServiceImpl.java:238)
	at java.util.concurrent.ThreadPoolExecutor.runWorker(ThreadPoolExecutor.java:1149)
	at java.util.concurrent.ThreadPoolExecutor$Worker.run(ThreadPoolExecutor.java:624)
	at java.lang.Thread.run(Thread.java:748)
Caused by: org.eclipse.microprofile.faulttolerance.exceptions.FaultToleranceDefinitionException: CWMFT5021E: The fallback method fallbackAsync with parameter and return types matching method checkConcurrentRequests was not found in the class hierarchy of class com.example.documents.ResilienceController.
	at com.ibm.ws.microprofile.faulttolerance.cdi.config.impl.FallbackConfigImpl.validate(FallbackConfigImpl.java:119)
	at com.ibm.ws.microprofile.faulttolerance.cdi.FaultToleranceCDIExtension.processMethod(FaultToleranceCDIExtension.java:187)
	at com.ibm.ws.microprofile.faulttolerance.cdi.FaultToleranceCDIExtension.processAnnotatedType(FaultToleranceCDIExtension.java:133)
	at sun.reflect.GeneratedMethodAccessor879.invoke(Unknown Source)
	at java.lang.reflect.Method.invoke(Method.java:498)
	at org.jboss.weld.injection.StaticMethodInjectionPoint.invoke(StaticMethodInjectionPoint.java:95)
	at org.jboss.weld.injection.MethodInvocationStrategy$SpecialParamPlusBeanManagerStrategy.invoke(MethodInvocationStrategy.java:187)
	at org.jboss.weld.event.ObserverMethodImpl.sendEvent(ObserverMethodImpl.java:330)
	at org.jboss.weld.event.ExtensionObserverMethodImpl.sendEvent(ExtensionObserverMethodImpl.java:123)
	at org.jboss.weld.event.ObserverMethodImpl.sendEvent(ObserverMethodImpl.java:308)
	at org.jboss.weld.event.ObserverMethodImpl.notify(ObserverMethodImpl.java:286)
	at javax.enterprise.inject.spi.ObserverMethod.notify(ObserverMethod.java:124)
	at org.jboss.weld.util.Observers.notify(Observers.java:166)
	at org.jboss.weld.event.ObserverNotifier.notifySyncObservers(ObserverNotifier.java:285)
	at org.jboss.weld.event.ObserverNotifier.notify(ObserverNotifier.java:273)
	at org.jboss.weld.event.ObserverNotifier.fireEvent(ObserverNotifier.java:189)
	at org.jboss.weld.bootstrap.events.ContainerLifecycleEvents.fireProcessAnnotatedType(ContainerLifecycleEvents.java:187)
	... 24 more

Dump of callerThis
Object type = com.ibm.ws.container.service.state.internal.ApplicationStateManager
  serialVersionUID = -6685368059484454124
  $$$tc$$$ = class com.ibm.websphere.ras.TraceComponent@2a584226
    strings[0] = "TraceComponent[com.ibm.ws.container.service.state.internal.ApplicationStateManager,class com.ibm.ws.container.service.state.internal.ApplicationStateManager,[Runtime],null,null]"
  listeners = class com.ibm.wsspi.kernel.service.utils.ConcurrentServiceReferenceSet@24100ec8
    referenceName = "applicationStateListeners"
    contextRef = class java.util.concurrent.atomic.AtomicReference@288515ce
      serialVersionUID = -1848883965231344442
      unsafe = class sun.misc.Unsafe@539d7dac
      valueOffset = 12
      value = class org.apache.felix.scr.impl.manager.ComponentContextImpl@53363974
    elementMap = class java.util.LinkedHashMap@50599986
      serialVersionUID = 3801124242820219131
      head = class java.util.LinkedHashMap$Entry@7afb31af
      tail = class java.util.LinkedHashMap$Entry@18644a1d
      accessOrder = false
      serialVersionUID = 362498820763181265
      DEFAULT_INITIAL_CAPACITY = 16
      MAXIMUM_CAPACITY = 1073741824
      DEFAULT_LOAD_FACTOR = 0.75
      TREEIFY_THRESHOLD = 8
      UNTREEIFY_THRESHOLD = 6
      MIN_TREEIFY_CAPACITY = 64
      table = class java.util.HashMap$Node[16]
      entrySet = null
      size = 12
      modCount = 12
      threshold = 12
      loadFactor = 0.75
      keySet = null
      values = null
    elementSet = class java.util.concurrent.ConcurrentSkipListSet@775f4bc1
      serialVersionUID = -2479143111061671589
      m = class java.util.concurrent.ConcurrentSkipListMap@4f3f1f3d
      UNSAFE = class sun.misc.Unsafe@539d7dac
      mapOffset = 12
      MAX_ARRAY_SIZE = 2147483639
    elementSetUnsorted = false
    serialVersionUID = 756240983881166148
    $$$tc$$$ = class com.ibm.websphere.ras.TraceComponent@29b17e0
      strings[0] = "TraceComponent[com.ibm.wsspi.kernel.service.utils.ConcurrentServiceReferenceSet,class com.ibm.wsspi.kernel.service.utils.ConcurrentServiceReferenceSet,[kernelUtils],com.ibm.ws.kernel.service.utils.resources.ServiceMessages,null]"
  serialVersionUID = 2284273176985484160
  $$$tc$$$ = class com.ibm.websphere.ras.TraceComponent@3d8e9b40
    strings[0] = "TraceComponent[com.ibm.ws.container.service.state.internal.StateChangeManager,class com.ibm.ws.container.service.state.internal.StateChangeManager,[Runtime],null,null]"

Dump of objectArray[0]
Object type = com.ibm.ws.container.service.app.deploy.internal.ApplicationInfoImpl
  appName = "documents"
  appMetaData = class com.ibm.ws.container.service.app.deploy.internal.ApplicationMetaDataImpl@d04a10d
    j2eeName = class com.ibm.ws.container.service.metadata.internal.J2EENameImpl@61c4aa53
      serialVersionUID = 7488184044073147667
      application = "documents"
      module = null
      component = null
      string = "documents"
      j2eeNameBytes = null
      $$$tc$$$ = class com.ibm.websphere.ras.TraceComponent@4e5bcf54
    serialVersionUID = -7906531148367236579
    $$$tc$$$ = class com.ibm.websphere.ras.TraceComponent@71dc0daa
      strings[0] = "TraceComponent[com.ibm.ws.container.service.app.deploy.internal.ApplicationMetaDataImpl,class com.ibm.ws.container.service.app.deploy.internal.ApplicationMetaDataImpl,[container.service],com.ibm.ws.container.service.resources.Messages,null]"
    tc = class com.ibm.websphere.ras.TraceComponent@511ef511
      strings[0] = "TraceComponent[com.ibm.ws.runtime.metadata.MetaDataImpl,class com.ibm.ws.runtime.metadata.MetaDataImpl,[Runtime],null,null]"
    NUM_STATIC_SLOTS = 4
    ID_UNINITIALIZED = -1
    id = 6
    metaDataInterface = class java.lang.Class@4ff58e51
      ANNOTATION = 8192
      ENUM = 16384
      SYNTHETIC = 4096
      cachedConstructor = null
      newInstanceCallerCache = null
      name = "com.ibm.ws.runtime.metadata.ApplicationMetaData"
      allPermDomain = class java.security.ProtectionDomain@54a873df
      useCaches = true
      reflectionData = null
      classRedefinedCount = 0
      genericInfo = null
      serialVersionUID = 3206093459760846163
      serialPersistentFields = class java.io.ObjectStreamField[0]
      reflectionFactory = class sun.reflect.ReflectionFactory@20527684
      initted = true
      enumConstants = null
      enumConstantDirectory = null
      annotationData = null
      annotationType = null
      classValueMap = null
    staticSlots = class java.lang.Object[4]
      Object[0] = class com.ibm.ws.cdi.impl.weld.WebSphereCDIDeploymentImpl@cf6320b
      Object[1] = class com.ibm.ws.injectionengine.osgi.internal.OSGiInjectionScopeData@2ee818c0
      Object[2] = "documents"
      Object[3] = null
    dynamicSlots = null
  appContainer = class com.ibm.ws.adaptable.module.internal.AdaptableContainerImpl@4363bb3d
    root = class com.ibm.ws.adaptable.module.internal.AdaptableContainerImpl@4363bb3d
    rootOverlay = class com.ibm.ws.artifact.overlay.internal.DirectoryBasedOverlayContainerImpl@34535bd3
      base = class com.ibm.ws.artifact.loose.internal.LooseArchive@6658cd48
      maskSet = class java.util.HashSet@60022c2c
      cfHolder = class com.ibm.ws.artifact.overlay.internal.OverlayContainerFactoryImpl@785c74fb
      fileOverlayContainer = class com.ibm.ws.artifact.file.internal.FileContainer@132fc9bb
      overlayDirectory = class java.io.File@13f54617
      cacheDirForOverlay = class java.io.File@3367ebac
      overlayNotifier = class com.ibm.ws.artifact.overlay.internal.DirectoryBasedOverlayNotifier@42f5c2a0
      enclosingContainer = null
      entryInEnclosingContainer = null
      nestedOverlays = class java.util.concurrent.ConcurrentHashMap@2f7aa954
      cacheStore = class com.ibm.ws.artifact.overlay.internal.OverlayCache@16869752
      parentOverlay = null
      isPassThroughMode = true
      serialVersionUID = -6650153487216279998
      $$$tc$$$ = class com.ibm.websphere.ras.TraceComponent@31943e4a
    factoryHolder = class com.ibm.ws.adaptable.module.internal.AdaptableModuleFactoryImpl@936e71
      adapterFactoryService = class com.ibm.ws.adaptable.module.internal.AdapterFactoryServiceImpl@262b0359
      containerFactory = class com.ibm.ws.artifact.internal.ArtifactContainerFactoryService@5d78b6d2
      overlayContainerFactory = class com.ibm.ws.artifact.overlay.internal.OverlayContainerFactoryImpl@785c74fb
      serialVersionUID = 4200251809856292987
      $$$tc$$$ = class com.ibm.websphere.ras.TraceComponent@7dade654
    delegate = class com.ibm.ws.artifact.overlay.internal.DirectoryBasedOverlayContainerImpl@34535bd3
    notifier = class com.ibm.ws.adaptable.module.internal.NotifierImpl@3166378e
      root = class com.ibm.ws.adaptable.module.internal.AdaptableContainerImpl@4363bb3d
      delegateNotifier = class com.ibm.ws.artifact.overlay.internal.DirectoryBasedOverlayNotifier@42f5c2a0
      delegateRoot = class com.ibm.ws.artifact.overlay.internal.DirectoryBasedOverlayContainerImpl@34535bd3
      listenerDelegates = class java.util.HashMap@1ab024a5
      serialVersionUID = 6839382523957017880
      $$$tc$$$ = class com.ibm.websphere.ras.TraceComponent@2005cd4
    serialVersionUID = -5950528200509051684
    $$$tc$$$ = class com.ibm.websphere.ras.TraceComponent@5b5098e8
      strings[0] = "TraceComponent[com.ibm.ws.adaptable.module.internal.AdaptableContainerImpl,class com.ibm.ws.adaptable.module.internal.AdaptableContainerImpl,[archive.adaptable],null,null]"
  configHelper = class com.ibm.ws.app.manager.module.ApplicationNestedConfigHelper@fd14240
    appInfo = class com.ibm.ws.app.manager.internal.ApplicationInstallInfo@1f72ebc9
    serialVersionUID = -3174031738676705046
    $$$tc$$$ = class com.ibm.websphere.ras.TraceComponent@bcf2924
      strings[0] = "TraceComponent[com.ibm.ws.app.manager.module.ApplicationNestedConfigHelper,class com.ibm.ws.app.manager.module.ApplicationNestedConfigHelper,[applications, app.manager],null,null]"
  applicationInformation = class com.ibm.ws.app.manager.internal.ApplicationInstallInfo@1f72ebc9
    _config = class com.ibm.ws.app.manager.internal.ApplicationConfig@667b06a8
      tc = class com.ibm.websphere.ras.TraceComponent@4af65618
      _configPid = "com.ibm.ws.app.manager_38"
      _config = class com.ibm.ws.config.admin.ConfigurationDictionary@3bdb6971
      _applicationManager = class com.ibm.ws.app.manager.ApplicationManager@400ab
      _location = "documents.war"
      _type = "war"
      _name = "documents"
      _notificationBroadcasterSupport = class javax.management.NotificationBroadcasterSupport@2587ee24
      ONE_TIME_JANDEX_MSGS_DISPLAYED = true
      serialVersionUID = -2151423388299667431
    _handlerInfo = class java.util.concurrent.atomic.AtomicReference@4c26eb91
      serialVersionUID = -1848883965231344442
      unsafe = class sun.misc.Unsafe@539d7dac
      valueOffset = 12
      value = class com.ibm.ws.app.manager.war.internal.WARDeployedAppInfo@35e694b4
    _container = class java.util.concurrent.atomic.AtomicReference@44026d7f
      serialVersionUID = -1848883965231344442
      unsafe = class sun.misc.Unsafe@539d7dac
      valueOffset = 12
      value = class com.ibm.ws.adaptable.module.internal.AdaptableContainerImpl@4363bb3d
    _resolvedLocation = class java.util.concurrent.atomic.AtomicReference@d0c19e
      serialVersionUID = -1848883965231344442
      unsafe = class sun.misc.Unsafe@539d7dac
      valueOffset = 12
      value = class com.ibm.ws.kernel.service.location.internal.LocalFileResource@763c0591
    _handler = class com.ibm.ws.app.manager.war.internal.WARApplicationHandlerImpl@5be11464
      futureMonitor = class com.ibm.ws.threading.internal.FutureMonitorImpl@23e4ca3d
      deployedAppFactory = class com.ibm.ws.app.manager.war.internal.WARDeployedAppInfoFactoryImpl@11f5423b
      serialVersionUID = 4622845147410944782
      $$$tc$$$ = class com.ibm.websphere.ras.TraceComponent@4e9f3583
    _ami = class java.util.concurrent.atomic.AtomicReference@4a672730
      serialVersionUID = -1848883965231344442
      unsafe = class sun.misc.Unsafe@539d7dac
      valueOffset = 12
      value = class com.ibm.wsspi.application.handler.DefaultApplicationMonitoringInformation@23600f14
    _updateHandler = class com.ibm.ws.app.manager.internal.statemachine.ApplicationStateMachineImpl@18c7a8de
      _tc = class com.ibm.websphere.ras.TraceComponent@4ee6e5ca
      EMPTY_FUTURE_ARRAY = interface java.util.concurrent.Future[0]
      asmSequenceNumber = class java.util.concurrent.atomic.AtomicLong@61cf66dc
      _qscaCounter = class java.util.concurrent.atomic.AtomicInteger@745ea866
      _failedThrowable = class com.ibm.ws.container.service.state.StateChangeException@439f4e2
      _interruptibleLock = class com.ibm.ws.app.manager.internal.statemachine.ApplicationStateMachineImpl$2@16e21f6b
      _interruptible = false
      _performingQueuedActions = true
      _queuedActions = class java.util.concurrent.ConcurrentLinkedQueue@7936206b
      _callbackState = class java.util.concurrent.atomic.AtomicReference@63d55017
      blockAppStartingFutures = class java.util.Collections$SetFromMap@6249d993
      waitingForAppHandlerFuture = class java.util.concurrent.atomic.AtomicReference@64569bf6
      waitingForExplicitStartFuture = class java.util.concurrent.atomic.AtomicReference@2cabca6f
      startAfterFutures = class java.util.Collections$SetFromMap@65377205
      completionListener = class java.util.concurrent.atomic.AtomicReference@491eaa71
      _notifyAppStopped = class java.util.concurrent.ConcurrentLinkedQueue@19c7018f
      _notifyAppStarting = class java.util.concurrent.ConcurrentLinkedQueue@6b4d486a
      _notifyAppInstallCalled = class java.util.concurrent.ConcurrentLinkedQueue@35b4b85c
      _notifyAppStarted = class java.util.concurrent.ConcurrentLinkedQueue@945d1b9
      _notifyAppRemoved = class java.util.concurrent.ConcurrentLinkedQueue@28af7267
      _stateLock = class com.ibm.ws.app.manager.internal.statemachine.ApplicationStateMachineImpl$3@29a07100
      _internalState = class java.util.concurrent.atomic.AtomicReference@39464a30
      _currentAction = class java.util.concurrent.atomic.AtomicReference@1e299cb8
      _rfa = class java.util.concurrent.atomic.AtomicReference@4dc6f950
      _appInstallInfo = class java.util.concurrent.atomic.AtomicReference@6744a999
      _update = class java.util.concurrent.atomic.AtomicBoolean@6c58688b
      _appConfig = class java.util.concurrent.atomic.AtomicReference@3e46e5e4
      _nextAppConfig = class java.util.concurrent.atomic.AtomicReference@44309705
      _appContainer = class java.util.concurrent.atomic.AtomicReference@6faf67b
      _resolvedLocation = class java.util.concurrent.atomic.AtomicReference@29c9ca1f
      _handler = class java.util.concurrent.atomic.AtomicReference@20a97307
      _asmSeqNo = 0
      _ctx = class org.eclipse.osgi.internal.framework.BundleContextImpl@248c8652
      _locAdmin = class com.ibm.ws.kernel.service.location.internal.WsLocationAdminImpl@31f93be1
      _futureMonitor = class com.ibm.ws.threading.internal.FutureMonitorImpl@23e4ca3d
      _artifactFactory = class com.ibm.ws.artifact.internal.ArtifactContainerFactoryService@5d78b6d2
      _moduleFactory = class com.ibm.ws.adaptable.module.internal.AdaptableModuleFactoryImpl@936e71
      _executorService = class com.ibm.ws.threading.internal.ExecutorServiceImpl@568796f3
      _scheduledExecutorService = class com.ibm.ws.threading.internal.ScheduledExecutorImpl@3d5df66f
      _asmHelper = class com.ibm.ws.app.manager.internal.ApplicationConfigurator$NamedApplication@f78cbff
      _appMonitor = class com.ibm.ws.app.manager.internal.monitor.ApplicationMonitor@5753857c
      enterStateCalled = class java.util.concurrent.atomic.AtomicBoolean@2f8d9a44
      serialVersionUID = 7990273947104993494
      serialVersionUID = 300267208965883056
      $$$tc$$$ = class com.ibm.websphere.ras.TraceComponent@4ab38afd
    serialVersionUID = 2630639237123415755
    $$$tc$$$ = class com.ibm.websphere.ras.TraceComponent@26b2e8f8
      strings[0] = "TraceComponent[com.ibm.ws.app.manager.internal.ApplicationInstallInfo,class com.ibm.ws.app.manager.internal.ApplicationInstallInfo,[applications, app.manager],com.ibm.ws.app.manager.internal.resources.AppManagerMessages,null]"
  serialVersionUID = 5227817860647895780
  $$$tc$$$ = class com.ibm.websphere.ras.TraceComponent@669b6cf6
    strings[0] = "TraceComponent[com.ibm.ws.container.service.app.deploy.internal.ApplicationInfoImpl,class com.ibm.ws.container.service.app.deploy.internal.ApplicationInfoImpl,[container.service],com.ibm.ws.container.service.resources.Messages,null]"

