------Start of DE processing------ = [28/12/21 19:28:48:382 EET]
Exception = com.ibm.ws.container.service.state.StateChangeException
Source = com.ibm.ws.app.manager.module.internal.SimpleDeployedAppInfoBase
probeid = 548
Stack Dump = com.ibm.ws.container.service.state.StateChangeException: org.jboss.weld.exceptions.DeploymentException: WELD-001408: Unsatisfied dependencies for type DocumentDaoImpl with qualifiers @Default
  at injection point [BackedAnnotatedField] @Inject com.example.documents.HelloController.documentDaoImpl
  at com.example.documents.HelloController.documentDaoImpl(HelloController.java:0)
WELD-001474: Class com.example.documents.dao.DocumentDaoImpl is on the classpath, but was ignored because a class it references was not found: javax.persistence.EntityManager.

	at com.ibm.ws.container.service.state.internal.ApplicationStateManager.fireStarting(ApplicationStateManager.java:55)
	at com.ibm.ws.container.service.state.internal.StateChangeServiceImpl.fireApplicationStarting(StateChangeServiceImpl.java:50)
	at com.ibm.ws.app.manager.module.internal.SimpleDeployedAppInfoBase.preDeployApp(SimpleDeployedAppInfoBase.java:547)
	at com.ibm.ws.app.manager.module.internal.SimpleDeployedAppInfoBase.installApp(SimpleDeployedAppInfoBase.java:508)
	at com.ibm.ws.app.manager.module.internal.DeployedAppInfoBase.deployApp(DeployedAppInfoBase.java:349)
	at com.ibm.ws.app.manager.war.internal.WARApplicationHandlerImpl.install(WARApplicationHandlerImpl.java:65)
	at com.ibm.ws.app.manager.internal.statemachine.StartAction.execute(StartAction.java:149)
	at com.ibm.ws.app.manager.internal.statemachine.ApplicationStateMachineImpl.enterState(ApplicationStateMachineImpl.java:1352)
	at com.ibm.ws.app.manager.internal.statemachine.ApplicationStateMachineImpl.run(ApplicationStateMachineImpl.java:897)
	at com.ibm.ws.threading.internal.ExecutorServiceImpl$RunnableWrapper.run(ExecutorServiceImpl.java:238)
	at java.util.concurrent.ThreadPoolExecutor.runWorker(ThreadPoolExecutor.java:1149)
	at java.util.concurrent.ThreadPoolExecutor$Worker.run(ThreadPoolExecutor.java:624)
	at java.lang.Thread.run(Thread.java:748)
Caused by: org.jboss.weld.exceptions.DeploymentException: WELD-001408: Unsatisfied dependencies for type DocumentDaoImpl with qualifiers @Default
  at injection point [BackedAnnotatedField] @Inject com.example.documents.HelloController.documentDaoImpl
  at com.example.documents.HelloController.documentDaoImpl(HelloController.java:0)
WELD-001474: Class com.example.documents.dao.DocumentDaoImpl is on the classpath, but was ignored because a class it references was not found: javax.persistence.EntityManager.

	at org.jboss.weld.bootstrap.Validator.validateInjectionPointForDeploymentProblems(Validator.java:378)
	at org.jboss.weld.bootstrap.Validator.validateInjectionPoint(Validator.java:290)
	at org.jboss.weld.bootstrap.Validator.validateGeneralBean(Validator.java:143)
	at org.jboss.weld.bootstrap.Validator.validateRIBean(Validator.java:164)
	at org.jboss.weld.bootstrap.Validator.validateBean(Validator.java:526)
	at org.jboss.weld.bootstrap.ConcurrentValidator$1.doWork(ConcurrentValidator.java:64)
	at org.jboss.weld.bootstrap.ConcurrentValidator$1.doWork(ConcurrentValidator.java:62)
	at org.jboss.weld.executor.IterativeWorkerTaskFactory$1.call(IterativeWorkerTaskFactory.java:62)
	at org.jboss.weld.executor.IterativeWorkerTaskFactory$1.call(IterativeWorkerTaskFactory.java:55)
	at java.util.concurrent.FutureTask.run(FutureTask.java:266)
	... 3 more

Dump of callerThis
Object type = com.ibm.ws.app.manager.war.internal.WARDeployedAppInfo
  CONTEXT_ROOT = "context-root"
  webContainerModuleInfo = class com.ibm.ws.app.manager.module.internal.SimpleDeployedAppInfoBase$WebModuleContainerInfo@7944828b
    contextRoot = "/"
    defaultContextRoot = "documents"
    serialVersionUID = 4617657913043497664
    $$$tc$$$ = class com.ibm.websphere.ras.TraceComponent@4f3b1683
      strings[0] = "TraceComponent[com.ibm.ws.app.manager.module.internal.SimpleDeployedAppInfoBase$WebModuleContainerInfo,class com.ibm.ws.app.manager.module.internal.SimpleDeployedAppInfoBase$WebModuleContainerInfo,[applications, app.manager],null,null]"
    moduleHandler = class com.ibm.ws.app.manager.web.internal.WebModuleHandlerImpl@45a8c06
      serialVersionUID = 4795602325763828210
      $$$tc$$$ = class com.ibm.websphere.ras.TraceComponent@5facd769
      futureMonitor = class com.ibm.ws.threading.internal.FutureMonitorImpl@1b30f2ad
      metaDataService = class com.ibm.ws.container.service.metadata.internal.MetaDataServiceImpl@7d483131
      stateChangeService = class com.ibm.ws.container.service.state.internal.StateChangeServiceImpl@76290dab
      moduleRuntimeContainer = class com.ibm.ws.webcontainer.osgi.WebContainer@18bee929
      firstFailure = null
      serialVersionUID = -4563697739413190872
      $$$tc$$$ = class com.ibm.websphere.ras.TraceComponent@460cbfae
    moduleMetaDataExtenders = class java.util.Collections$UnmodifiableRandomAccessList@7f07af88
      serialVersionUID = -2542308836966382001
      serialVersionUID = -283967356065247728
      list = class java.util.concurrent.CopyOnWriteArrayList@52727c1
      serialVersionUID = 1820017752578914078
      c = class java.util.concurrent.CopyOnWriteArrayList@52727c1
    nestedModuleMetaDataFactories = class java.util.Collections$UnmodifiableRandomAccessList@48df86ba
      serialVersionUID = -2542308836966382001
      serialVersionUID = -283967356065247728
      list = class java.util.concurrent.CopyOnWriteArrayList@ab26fe2
      serialVersionUID = 1820017752578914078
      c = class java.util.concurrent.CopyOnWriteArrayList@ab26fe2
    nestedModules = null
    moduleName = "documents"
    moduleDD = null
    moduleInfo = class com.ibm.ws.app.manager.module.internal.WebModuleInfoImpl@477d6ebb
      contextRoot = "/"
      isDefaultContextRootUsed = false
      defaultContextRoot = "documents"
      serialVersionUID = -6699247856069243844
      $$$tc$$$ = class com.ibm.websphere.ras.TraceComponent@4a1e60e0
      tc = class com.ibm.websphere.ras.TraceComponent@2d6a6076
      appInfo = class com.ibm.ws.container.service.app.deploy.internal.ApplicationInfoImpl@40720d3c
      moduleName = "documents"
      path = "documents.war"
      moduleContainer = class com.ibm.ws.adaptable.module.internal.AdaptableContainerImpl@452dee3a
      altDDEntry = null
      moduleClassesContainers = class java.util.ArrayList@692a4a39
      classLoaderFactory = class com.ibm.ws.app.manager.war.internal.WARDeployedAppInfo@3492f3c5
      containerInfoType = class com.ibm.ws.container.service.app.deploy.ContainerInfo$Type@45eaac87
      classLoader = class com.ibm.ws.classloading.internal.AppClassLoader@3d301d46
      moduleMetaData = class com.ibm.ws.webcontainer.osgi.metadata.WebModuleMetaDataImpl@58bc0d24
      nestedModuleMetaDataTypes = null
      nestedModuleMetaDataValues = null
      serialVersionUID = 3986734351620206554
    serialVersionUID = 5122721995888983779
    $$$tc$$$ = class com.ibm.websphere.ras.TraceComponent@11ca310c
      strings[0] = "TraceComponent[com.ibm.ws.app.manager.module.internal.SimpleDeployedAppInfoBase$ModuleContainerInfoBase,class com.ibm.ws.app.manager.module.internal.SimpleDeployedAppInfoBase$ModuleContainerInfoBase,[applications, app.manager],null,null]"
    type = class com.ibm.ws.container.service.app.deploy.ContainerInfo$Type@45eaac87
      MANIFEST_CLASSPATH = class com.ibm.ws.container.service.app.deploy.ContainerInfo$Type@76d0105b
      WEB_INF_CLASSES = class com.ibm.ws.container.service.app.deploy.ContainerInfo$Type@659642de
      WEB_INF_LIB = class com.ibm.ws.container.service.app.deploy.ContainerInfo$Type@1ad453a6
      EAR_LIB = class com.ibm.ws.container.service.app.deploy.ContainerInfo$Type@59c2d2db
      WEB_MODULE = class com.ibm.ws.container.service.app.deploy.ContainerInfo$Type@45eaac87
      EJB_MODULE = class com.ibm.ws.container.service.app.deploy.ContainerInfo$Type@2fe64370
      CLIENT_MODULE = class com.ibm.ws.container.service.app.deploy.ContainerInfo$Type@783174e0
      RAR_MODULE = class com.ibm.ws.container.service.app.deploy.ContainerInfo$Type@40405123
      JAR_MODULE = class com.ibm.ws.container.service.app.deploy.ContainerInfo$Type@f5b07fa
      SHARED_LIB = class com.ibm.ws.container.service.app.deploy.ContainerInfo$Type@12bb38a2
      $VALUES = class com.ibm.ws.container.service.app.deploy.ContainerInfo$Type[10]
      name = "WEB_MODULE"
      ordinal = 4
    name = "documents.war"
    container = class com.ibm.ws.adaptable.module.internal.AdaptableContainerImpl@452dee3a
    moduleClassLoaderFactory = class com.ibm.ws.app.manager.war.internal.WARDeployedAppInfo@3492f3c5
    altDDEntry = null
    classesContainerInfo = class java.util.ArrayList@692a4a39
      serialVersionUID = 8683452581122892189
      DEFAULT_CAPACITY = 10
      EMPTY_ELEMENTDATA = class java.lang.Object[0]
      DEFAULTCAPACITY_EMPTY_ELEMENTDATA = class java.lang.Object[0]
      elementData = class java.lang.Object[33]
      size = 23
      MAX_ARRAY_SIZE = 2147483639
      modCount = 24
      MAX_ARRAY_SIZE = 2147483639
    serialVersionUID = 4636874131959542427
    $$$tc$$$ = class com.ibm.websphere.ras.TraceComponent@47af72db
      strings[0] = "TraceComponent[com.ibm.ws.app.manager.module.internal.SimpleDeployedAppInfoBase$ExtendedContainerInfo,class com.ibm.ws.app.manager.module.internal.SimpleDeployedAppInfoBase$ExtendedContainerInfo,[applications, app.manager],null,null]"
  DYNAMIC_IMPORT_PACKAGE_LIST = class java.util.Collections$UnmodifiableRandomAccessList@f0e96b6
    serialVersionUID = -2542308836966382001
    serialVersionUID = -283967356065247728
    list = class java.util.Arrays$ArrayList@7ab7038e
      serialVersionUID = -2764017481108945198
      a = class java.lang.String[1]
      modCount = 0
      MAX_ARRAY_SIZE = 2147483639
    serialVersionUID = 1820017752578914078
    c = class java.util.Arrays$ArrayList@7ab7038e
  serialVersionUID = 6176035338244935179
  $$$tc$$$ = class com.ibm.websphere.ras.TraceComponent@3089c569
    strings[0] = "TraceComponent[com.ibm.ws.app.manager.war.internal.WARDeployedAppInfo,class com.ibm.ws.app.manager.war.internal.WARDeployedAppInfo,[webcontainer, applications, app.manager],com.ibm.ws.app.manager.war.internal.resources.Messages,null]"
  _tc = class com.ibm.websphere.ras.TraceComponent@1b2b0d8b
    strings[0] = "TraceComponent[com.ibm.ws.app.manager.module.internal.DeployedAppInfoBase,class com.ibm.ws.app.manager.module.internal.DeployedAppInfoBase,[app.manager],com.ibm.ws.app.manager.module.internal.resources.Messages,null]"
  PERMISSION_XML = "permissions.xml"
  applicationInformation = class com.ibm.ws.app.manager.internal.ApplicationInstallInfo@4e0720ee
    _config = class com.ibm.ws.app.manager.internal.ApplicationConfig@7451c403
      tc = class com.ibm.websphere.ras.TraceComponent@44c509eb
      _configPid = "com.ibm.ws.app.manager_27"
      _config = class com.ibm.ws.config.admin.ConfigurationDictionary@225ca96e
      _applicationManager = class com.ibm.ws.app.manager.ApplicationManager@76809d33
      _location = "documents.war"
      _type = "war"
      _name = "documents"
      _notificationBroadcasterSupport = class javax.management.NotificationBroadcasterSupport@3cd90283
      ONE_TIME_JANDEX_MSGS_DISPLAYED = true
      serialVersionUID = -2151423388299667431
    _handlerInfo = class java.util.concurrent.atomic.AtomicReference@45fc94ef
      serialVersionUID = -1848883965231344442
      unsafe = class sun.misc.Unsafe@4f817a24
      valueOffset = 12
      value = class com.ibm.ws.app.manager.war.internal.WARDeployedAppInfo@3492f3c5
    _container = class java.util.concurrent.atomic.AtomicReference@61130e4d
      serialVersionUID = -1848883965231344442
      unsafe = class sun.misc.Unsafe@4f817a24
      valueOffset = 12
      value = class com.ibm.ws.adaptable.module.internal.AdaptableContainerImpl@452dee3a
    _resolvedLocation = class java.util.concurrent.atomic.AtomicReference@84c4c9d
      serialVersionUID = -1848883965231344442
      unsafe = class sun.misc.Unsafe@4f817a24
      valueOffset = 12
      value = class com.ibm.ws.kernel.service.location.internal.LocalFileResource@4b686578
    _handler = class com.ibm.ws.app.manager.war.internal.WARApplicationHandlerImpl@72c7e04b
      futureMonitor = class com.ibm.ws.threading.internal.FutureMonitorImpl@1b30f2ad
      deployedAppFactory = class com.ibm.ws.app.manager.war.internal.WARDeployedAppInfoFactoryImpl@3a976fdd
      serialVersionUID = 4622845147410944782
      $$$tc$$$ = class com.ibm.websphere.ras.TraceComponent@2a78f5b8
    _ami = class java.util.concurrent.atomic.AtomicReference@53bd4910
      serialVersionUID = -1848883965231344442
      unsafe = class sun.misc.Unsafe@4f817a24
      valueOffset = 12
      value = class com.ibm.wsspi.application.handler.DefaultApplicationMonitoringInformation@3d5a80e3
    _updateHandler = class com.ibm.ws.app.manager.internal.statemachine.ApplicationStateMachineImpl@2a25544c
      _tc = class com.ibm.websphere.ras.TraceComponent@4a21a668
      EMPTY_FUTURE_ARRAY = interface java.util.concurrent.Future[0]
      asmSequenceNumber = class java.util.concurrent.atomic.AtomicLong@34a385ba
      _qscaCounter = class java.util.concurrent.atomic.AtomicInteger@34242056
      _failedThrowable = null
      _interruptibleLock = class com.ibm.ws.app.manager.internal.statemachine.ApplicationStateMachineImpl$2@4ad4edb6
      _interruptible = false
      _performingQueuedActions = true
      _queuedActions = class java.util.concurrent.ConcurrentLinkedQueue@3a0d05fa
      _callbackState = class java.util.concurrent.atomic.AtomicReference@122bd954
      blockAppStartingFutures = class java.util.Collections$SetFromMap@7987dd7
      waitingForAppHandlerFuture = class java.util.concurrent.atomic.AtomicReference@6a4c99cf
      waitingForExplicitStartFuture = class java.util.concurrent.atomic.AtomicReference@383c63a9
      startAfterFutures = class java.util.Collections$SetFromMap@7411fc83
      completionListener = class java.util.concurrent.atomic.AtomicReference@30a35113
      _notifyAppStopped = class java.util.concurrent.ConcurrentLinkedQueue@3e2f3429
      _notifyAppStarting = class java.util.concurrent.ConcurrentLinkedQueue@65d5396e
      _notifyAppInstallCalled = class java.util.concurrent.ConcurrentLinkedQueue@1e5b34b3
      _notifyAppStarted = class java.util.concurrent.ConcurrentLinkedQueue@345ac5a2
      _notifyAppRemoved = class java.util.concurrent.ConcurrentLinkedQueue@7393217c
      _stateLock = class com.ibm.ws.app.manager.internal.statemachine.ApplicationStateMachineImpl$3@3fc16829
      _internalState = class java.util.concurrent.atomic.AtomicReference@78782dce
      _currentAction = class java.util.concurrent.atomic.AtomicReference@1a6d90b6
      _rfa = class java.util.concurrent.atomic.AtomicReference@709fda46
      _appInstallInfo = class java.util.concurrent.atomic.AtomicReference@44ab645c
      _update = class java.util.concurrent.atomic.AtomicBoolean@7d84275a
      _appConfig = class java.util.concurrent.atomic.AtomicReference@b9ae07c
      _nextAppConfig = class java.util.concurrent.atomic.AtomicReference@5d956a3
      _appContainer = class java.util.concurrent.atomic.AtomicReference@1a4f4bc0
      _resolvedLocation = class java.util.concurrent.atomic.AtomicReference@46ad1124
      _handler = class java.util.concurrent.atomic.AtomicReference@1a68908d
      _asmSeqNo = 0
      _ctx = class org.eclipse.osgi.internal.framework.BundleContextImpl@3938c048
      _locAdmin = class com.ibm.ws.kernel.service.location.internal.WsLocationAdminImpl@35bae10f
      _futureMonitor = class com.ibm.ws.threading.internal.FutureMonitorImpl@1b30f2ad
      _artifactFactory = class com.ibm.ws.artifact.internal.ArtifactContainerFactoryService@4502f5be
      _moduleFactory = class com.ibm.ws.adaptable.module.internal.AdaptableModuleFactoryImpl@f0569d4
      _executorService = class com.ibm.ws.threading.internal.ExecutorServiceImpl@4dc876fa
      _scheduledExecutorService = class com.ibm.ws.threading.internal.ScheduledExecutorImpl@2f9844d5
      _asmHelper = class com.ibm.ws.app.manager.internal.ApplicationConfigurator$NamedApplication@3f737acb
      _appMonitor = class com.ibm.ws.app.manager.internal.monitor.ApplicationMonitor@33217e11
      enterStateCalled = class java.util.concurrent.atomic.AtomicBoolean@61dcd2ce
      serialVersionUID = 7990273947104993494
      serialVersionUID = 300267208965883056
      $$$tc$$$ = class com.ibm.websphere.ras.TraceComponent@7ff0d793
    serialVersionUID = 2630639237123415755
    $$$tc$$$ = class com.ibm.websphere.ras.TraceComponent@af62567
      strings[0] = "TraceComponent[com.ibm.ws.app.manager.internal.ApplicationInstallInfo,class com.ibm.ws.app.manager.internal.ApplicationInstallInfo,[applications, app.manager],com.ibm.ws.app.manager.internal.resources.AppManagerMessages,null]"
  location = "E:\facultate\master\java\java\tehnologii_java\documents\documents\target\liberty\wlp\usr\servers\documents\apps\documents.war.xml"
  classLoadingService = class com.ibm.ws.classloading.internal.ClassLoadingServiceImpl@411ba9fb
    tc = class com.ibm.websphere.ras.TraceComponent@12a9175f
      strings[0] = "TraceComponent[com.ibm.ws.classloading.internal.ClassLoadingServiceImpl,class com.ibm.ws.classloading.internal.ClassLoadingServiceImpl,[ClassLoadingService],com.ibm.ws.classloading.internal.resources.ClassLoadingServiceMessages,null]"
    leakDetectionMap = class java.util.HashMap@782e745c
      serialVersionUID = 362498820763181265
      DEFAULT_INITIAL_CAPACITY = 16
      MAXIMUM_CAPACITY = 1073741824
      DEFAULT_LOAD_FACTOR = 0.75
      TREEIFY_THRESHOLD = 8
      UNTREEIFY_THRESHOLD = 6
      MIN_TREEIFY_CAPACITY = 64
      table = null
      entrySet = null
      size = 0
      modCount = 0
      threshold = 0
      loadFactor = 0.75
      keySet = null
      values = null
    appClassLoaders = class java.util.Collections$SetFromMap@7509c708
      m = class java.util.WeakHashMap@2870295d
      s = class java.util.WeakHashMap$KeySet@4aeabead
      serialVersionUID = 2454657854757543876
      MAX_ARRAY_SIZE = 2147483639
    TCCL_LOCK_WAIT = 15000
    REFERENCE_GENERATORS = "generators"
    bundleContext = class org.eclipse.osgi.internal.framework.BundleContextImpl@6dd0c709
      valid = true
      bundle = class org.eclipse.osgi.internal.framework.EquinoxBundle@4ef91114
      container = class org.eclipse.osgi.internal.framework.EquinoxContainer@469cf1e6
      debug = class org.eclipse.osgi.internal.debug.Debug@49eb0fb8
      servicesInUse = class java.util.HashMap@b215329
      activator = null
      contextLock = class java.lang.Object@28529275
    aclStore = class com.ibm.ws.classloading.internal.util.CanonicalStore@1e5af73a
      map = class java.util.concurrent.ConcurrentHashMap@2b82e1f2
      q = class com.ibm.ws.classloading.internal.util.RefQueue@41abda19
      serialVersionUID = 6715157558227169968
      $$$tc$$$ = class com.ibm.websphere.ras.TraceComponent@27c02c82
    tcclStore = class com.ibm.ws.classloading.internal.util.CanonicalStore@6cc6cbad
      map = class java.util.concurrent.ConcurrentHashMap@138c83e
      q = class com.ibm.ws.classloading.internal.util.RefQueue@6a1f2946
      serialVersionUID = 6715157558227169968
      $$$tc$$$ = class com.ibm.websphere.ras.TraceComponent@27c02c82
    tcclStoreLock = class java.util.concurrent.locks.ReentrantLock@67c1cefd
      serialVersionUID = 7373984872572414699
      sync = class java.util.concurrent.locks.ReentrantLock$NonfairSync@d42ad1e
    digraph = class org.eclipse.equinox.internal.region.StandardRegionDigraph@5ccb748a
      EMPTY_EDGE_SET = class java.util.Collections$UnmodifiableSet@51cc6b74
      monitor = class java.lang.Object@1eac46e1
      regions = class java.util.HashMap@3baa835a
      bundleIdToRegionMapping = class org.eclipse.equinox.internal.region.StandardBundleIdToRegionMapping@2459772
      edges = class java.util.HashMap@30e0cb85
      bundleContext = class org.eclipse.osgi.internal.framework.BundleContextImpl@751d3241
      threadLocal = class java.lang.ThreadLocal@4c871836
      subgraphTraverser = class org.eclipse.equinox.internal.region.SubgraphTraverser@23d8e2af
      bundleCollisionHook = class org.eclipse.equinox.internal.region.hook.RegionBundleCollisionHook@d081fa1
      bundleEventHook = class org.eclipse.equinox.internal.region.hook.RegionBundleEventHook@3b824166
      bundleFindHook = class org.eclipse.equinox.internal.region.hook.RegionBundleFindHook@4f30a888
      serviceEventHook = class org.eclipse.equinox.internal.region.hook.RegionServiceEventHook@2b19e65b
      serviceFindHook = class org.eclipse.equinox.internal.region.hook.RegionServiceFindHook@66a1018e
      resolverHookFactory = class org.eclipse.equinox.internal.region.hook.RegionResolverHookFactory@4f01f54d
      origin = null
      originUpdateCount = -1
      updateCount = class java.util.concurrent.atomic.AtomicLong@53f60cd
      defaultRegion = null
    redefiner = class com.ibm.ws.classloading.internal.util.ClassRedefiner@1561bb0e
      tc = class com.ibm.websphere.ras.TraceComponent@2202eb6
      LS = "
"
      inst = class com.sun.proxy.$Proxy0@2124c4c5
      serialVersionUID = 2420101865139508526
    listener = class com.ibm.ws.classloading.internal.ClassLoadingServiceImpl$1@4f2081ac
      this$0 = class com.ibm.ws.classloading.internal.ClassLoadingServiceImpl@411ba9fb
      serialVersionUID = -9159707349812113172
      $$$tc$$$ = class com.ibm.websphere.ras.TraceComponent@178f6285
    classloaders = class java.util.Collections$SynchronizedMap@26ff0893
      serialVersionUID = 1978198479659022715
      m = class java.util.HashMap@31ee4760
      mutex = class java.util.Collections$SynchronizedMap@26ff0893
      keySet = null
      entrySet = null
      values = null
    resourceProviders = class com.ibm.ws.classloading.internal.CompositeResourceProvider@219757e2
      lockFactory = class java.util.concurrent.locks.ReentrantReadWriteLock@629a76cd
      providerMap = class com.ibm.ws.classloading.internal.util.MultiMap@4030514c
      serialVersionUID = -5576435894946156347
      $$$tc$$$ = class com.ibm.websphere.ras.TraceComponent@4c02261d
    rememberedBundles = class java.util.concurrent.ConcurrentHashMap@39363115
      serialVersionUID = 7249069246763182397
      MAXIMUM_CAPACITY = 1073741824
      DEFAULT_CAPACITY = 16
      MAX_ARRAY_SIZE = 2147483639
      DEFAULT_CONCURRENCY_LEVEL = 16
      LOAD_FACTOR = 0.75
      TREEIFY_THRESHOLD = 8
      UNTREEIFY_THRESHOLD = 6
      MIN_TREEIFY_CAPACITY = 64
      MIN_TRANSFER_STRIDE = 16
      RESIZE_STAMP_BITS = 16
      MAX_RESIZERS = 65535
      RESIZE_STAMP_SHIFT = 16
      MOVED = -1
      TREEBIN = -2
      RESERVED = -3
      HASH_BITS = 2147483647
      NCPU = 8
      serialPersistentFields = class java.io.ObjectStreamField[3]
      table = class java.util.concurrent.ConcurrentHashMap$Node[16]
      nextTable = null
      baseCount = 1
      sizeCtl = 12
      transferIndex = 0
      cellsBusy = 0
      counterCells = null
      keySet = null
      values = null
      entrySet = null
      U = class sun.misc.Unsafe@4f817a24
      SIZECTL = 20
      TRANSFERINDEX = 32
      BASECOUNT = 24
      CELLSBUSY = 36
      CELLVALUE = 144
      ABASE = 16
      ASHIFT = 2
      keySet = null
      values = null
    collectedBundles = class java.lang.ref.ReferenceQueue@72d0ea7e
      NULL = class java.lang.ref.ReferenceQueue$Null@4b85a4e4
      ENQUEUED = class java.lang.ref.ReferenceQueue$Null@72dd166d
      lock = class java.lang.ref.ReferenceQueue$Lock@632cb4f2
      head = null
      queueLength = 0
      $assertionsDisabled = true
    generatorRefs = class com.ibm.wsspi.kernel.service.utils.ConcurrentServiceReferenceSet@2c35cf27
      referenceName = "generators"
      contextRef = class java.util.concurrent.atomic.AtomicReference@33032c21
      elementMap = class java.util.LinkedHashMap@700d33b5
      elementSet = class java.util.concurrent.ConcurrentSkipListSet@213cc1ae
      elementSetUnsorted = false
      serialVersionUID = 756240983881166148
      $$$tc$$$ = class com.ibm.websphere.ras.TraceComponent@5ae3042b
    generatorManager = class com.ibm.ws.classloading.internal.ClassGeneratorManager@3706a504
      tc = class com.ibm.websphere.ras.TraceComponent@21665776
      generatorRefs = class com.ibm.wsspi.kernel.service.utils.ConcurrentServiceReferenceSet@2c35cf27
      serialVersionUID = 4152663586056483310
    appExtLibs = class java.util.concurrent.CopyOnWriteArrayList@3fb08468
      serialVersionUID = 8673264195747942595
      lock = class java.util.concurrent.locks.ReentrantLock@7f991ec2
      array = class java.lang.Object[0]
      UNSAFE = class sun.misc.Unsafe@4f817a24
      lockOffset = 12
    globalConfig = class com.ibm.ws.classloading.configuration.GlobalClassloadingConfiguration@4ac61afa
      properties = class org.apache.felix.scr.impl.helper.ReadOnlyDictionary@3aeea824
      serialVersionUID = 452562347104713756
      $$$tc$$$ = class com.ibm.websphere.ras.TraceComponent@358f3d99
    metaInfServicesProviders = class java.util.concurrent.ConcurrentHashMap@4808b872
      serialVersionUID = 7249069246763182397
      MAXIMUM_CAPACITY = 1073741824
      DEFAULT_CAPACITY = 16
      MAX_ARRAY_SIZE = 2147483639
      DEFAULT_CONCURRENCY_LEVEL = 16
      LOAD_FACTOR = 0.75
      TREEIFY_THRESHOLD = 8
      UNTREEIFY_THRESHOLD = 6
      MIN_TREEIFY_CAPACITY = 64
      MIN_TRANSFER_STRIDE = 16
      RESIZE_STAMP_BITS = 16
      MAX_RESIZERS = 65535
      RESIZE_STAMP_SHIFT = 16
      MOVED = -1
      TREEBIN = -2
      RESERVED = -3
      HASH_BITS = 2147483647
      NCPU = 8
      serialPersistentFields = class java.io.ObjectStreamField[3]
      table = null
      nextTable = null
      baseCount = 0
      sizeCtl = 0
      transferIndex = 0
      cellsBusy = 0
      counterCells = null
      keySet = null
      values = null
      entrySet = null
      U = class sun.misc.Unsafe@4f817a24
      SIZECTL = 20
      TRANSFERINDEX = 32
      BASECOUNT = 24
      CELLSBUSY = 36
      CELLVALUE = 144
      ABASE = 16
      ASHIFT = 2
      keySet = null
      values = null
    metaInfServicesRefs = class com.ibm.wsspi.kernel.service.utils.ConcurrentServiceReferenceMap@4a241af2
      referenceName = "MetaInfServicesProvider"
      context = class org.apache.felix.scr.impl.manager.ComponentContextImpl@95540b8
      elementMap = class java.util.concurrent.ConcurrentHashMap@86fc188
      serialVersionUID = 6980924785166233786
      $$$tc$$$ = class com.ibm.websphere.ras.TraceComponent@712b39f5
    protectionDomainMap = class java.util.HashMap@710c441a
      serialVersionUID = 362498820763181265
      DEFAULT_INITIAL_CAPACITY = 16
      MAXIMUM_CAPACITY = 1073741824
      DEFAULT_LOAD_FACTOR = 0.75
      TREEIFY_THRESHOLD = 8
      UNTREEIFY_THRESHOLD = 6
      MIN_TREEIFY_CAPACITY = 64
      table = class java.util.HashMap$Node[16]
      entrySet = null
      size = 1
      modCount = 1
      threshold = 12
      loadFactor = 0.75
      keySet = null
      values = null
    metadataIdentifierService = class com.ibm.ws.container.service.metadata.internal.MetaDataServiceImpl@7d483131
    globalSharedLibrary = class java.util.concurrent.atomic.AtomicReference@be7810b
      serialVersionUID = -1848883965231344442
      unsafe = class sun.misc.Unsafe@4f817a24
      valueOffset = 12
      value = null
    serialVersionUID = 4365026902615131286
  globalSharedLibrary = class com.ibm.ws.library.internal.SharedLibraryImpl@101eee26
    tc = class com.ibm.websphere.ras.TraceComponent@52104cd7
      strings[0] = "TraceComponent[com.ibm.ws.library.internal.SharedLibraryImpl,class com.ibm.ws.library.internal.SharedLibraryImpl,[SharedLibrary],com.ibm.ws.classloading.internal.resources.ClassLoadingServiceMessages,null]"
    EMPTY_LIBRARY_LISTENERS = interface com.ibm.wsspi.library.LibraryChangeListener[0]
    deleted = false
    libraryListenersTracker = class org.osgi.util.tracker.ServiceTracker@3dfa2a3
      DEBUG = false
      context = class org.eclipse.osgi.internal.framework.BundleContextImpl@6dd0c709
      filter = class org.eclipse.osgi.internal.framework.FilterImpl$And@50098827
      customizer = class org.osgi.util.tracker.ServiceTracker@3dfa2a3
      listenerFilter = "(&(objectClass=com.ibm.wsspi.library.LibraryChangeListener)(|(library=global)(libraryRef=*com.ibm.ws.classloading.sharedlibrary_20*)))"
      trackClass = null
      trackReference = null
      tracked = class org.osgi.util.tracker.ServiceTracker$Tracked@4f73f010
      cachedReference = null
      cachedService = null
    libraryReg = class org.eclipse.osgi.internal.serviceregistry.ServiceRegistrationImpl@468e9c13
      registry = class org.eclipse.osgi.internal.serviceregistry.ServiceRegistry@27e7cd0a
      context = class org.eclipse.osgi.internal.framework.BundleContextImpl@6dd0c709
      bundle = class org.eclipse.osgi.internal.framework.EquinoxBundle@4ef91114
      clazzes = class java.lang.String[1]
      service = class com.ibm.ws.library.internal.SharedLibraryImpl@101eee26
      reference = class org.eclipse.osgi.internal.serviceregistry.ServiceReferenceImpl@326c7366
      contextsUsing = class java.util.ArrayList@bc433c6
      properties = class java.util.Collections$UnmodifiableMap@12d22029
      serviceid = 333
      serviceranking = 0
      registrationLock = class java.lang.Object@6e567bcc
      state = 0
      REGISTERED = 0
      UNREGISTERING = 1
      UNREGISTERED = 2
      FRAMEWORK_SET_SERVICE_PROPERTIES_COUNT = 4
      $assertionsDisabled = true
    ctx = class org.eclipse.osgi.internal.framework.BundleContextImpl@6dd0c709
    classLoadingService = class com.ibm.ws.classloading.internal.ClassLoadingServiceImpl@411ba9fb
    configAdmin = class com.ibm.ws.config.admin.internal.ConfigurationAdminImpl@769e97f2
      tc = class com.ibm.websphere.ras.TraceComponent@30edfad5
      bundle = class org.eclipse.osgi.internal.framework.EquinoxBundle@4ef91114
      caFactory = class com.ibm.ws.config.admin.internal.ConfigAdminServiceFactory@6092a6f1
      serialVersionUID = -2875522750804142523
    resolvedBasePath = "E:/facultate/master/java/java/tehnologii_java/documents/documents/target/liberty/wlp/usr/servers/documents/"
    generationLock = class com.ibm.ws.library.internal.SharedLibraryImpl$1@77dd8344
      this$0 = class com.ibm.ws.library.internal.SharedLibraryImpl@101eee26
      serialVersionUID = 2483639803450672373
      $$$tc$$$ = class com.ibm.websphere.ras.TraceComponent@1cafc93e
    currentGeneration = class com.ibm.ws.library.internal.LibraryGeneration@35344542
      tc = class com.ibm.websphere.ras.TraceComponent@29a10f2a
      nextInt = class java.util.concurrent.atomic.AtomicInteger@2303a8c1
      libraryId = "global"
      genId = 0
      libraryProps = class java.util.Hashtable@24865288
      filesetRefs = class java.util.Collections$UnmodifiableRandomAccessList@159b64cb
      apiTypeVisibility = class java.util.RegularEnumSet@5763ed05
      files = class java.util.Collections$EmptyList@1f4d7ae5
      folders = class java.util.ArrayList@69980288
      fileAndFolderContainers = class java.util.Collections$EmptyList@1f4d7ae5
      filesets = class java.util.concurrent.ArrayBlockingQueue@7f9c1f21
      filesetListenerRegs = class java.util.concurrent.ConcurrentLinkedQueue@31ef8125
      cancelled = false
      library = class com.ibm.ws.library.internal.SharedLibraryImpl@101eee26
      serialVersionUID = 6965220007121905717
    nextGeneration = class com.ibm.ws.library.internal.LibraryGeneration@35344542
    artifactContainerFactory = class com.ibm.ws.library.internal.SharedLibraryFactory$1@4b0023fd
      this$0 = class com.ibm.ws.library.internal.SharedLibraryFactory@691f1f72
      serialVersionUID = 7730244564205089330
      $$$tc$$$ = class com.ibm.websphere.ras.TraceComponent@d71c2dd
    packageExporter = class com.ibm.ws.library.internal.LibraryPackageExporter@49a30c68
      EXPORTER_POSTFIX = "_library_exporter"
      REGION_EXPORT_TO_LIBERTY = "liberty.library.export.to.liberty"
      REGION_EXPORT_TO_OSGI_APPS = "liberty.library.export.to.osgi.app"
      REGION_KERNEL = "org.eclipse.equinox.region.kernel"
      counter = class java.util.concurrent.atomic.AtomicLong@14a2a331
      context = class org.eclipse.osgi.internal.framework.BundleContextImpl@6dd0c709
      digraph = class org.eclipse.equinox.internal.region.StandardRegionDigraph@5ccb748a
      bundleToLibrary = class java.util.concurrent.ConcurrentHashMap@1ffd1f98
      libraryToVisibility = class java.util.concurrent.ConcurrentHashMap@31b8ae86
      serialVersionUID = 8074378969667956573
      $$$tc$$$ = class com.ibm.websphere.ras.TraceComponent@3c34f8db
    serialVersionUID = 6288237618632180389
  sharedLibDeploymentInfo = class com.ibm.ws.app.manager.module.internal.DeployedAppInfoBase$SharedLibDeploymentInfo@23741551
    locAdmin = class com.ibm.ws.kernel.service.location.internal.WsLocationAdminImpl@35bae10f
      tc = class com.ibm.websphere.ras.TraceComponent@249af266
      LOC_INTERNAL_LIB_DIR = "wlp.lib.dir"
      LOC_INTERNAL_WORKAREA_DIR = "wlp.workarea.dir"
      LOC_AREA_NAME_APPS = "shared/apps/"
      LOC_AREA_NAME_CONFIG = "shared/config/"
      LOC_AREA_NAME_RESC = "shared/resources/"
      LOC_AREA_NAME_STATE = "logs/state/"
      LOC_AREA_NAME_SERVERS = "servers/"
      LOC_AREA_NAME_CLIENTS = "clients/"
      LOC_AREA_NAME_WORKING = "workarea/"
      LOC_AREA_NAME_EXTENSION = "extension/"
      instance = class com.ibm.ws.kernel.service.location.internal.WsLocationAdminImpl@35bae10f
      installRoot = class com.ibm.ws.kernel.service.location.internal.SymbolicRootResource@2fb5bfc2
      installParentRoot = class com.ibm.ws.kernel.service.location.internal.SymbolicRootResource@58cda375
      userRoot = class com.ibm.ws.kernel.service.location.internal.SymbolicRootResource@4c8bccc8
      usrExtensionRoot = class com.ibm.ws.kernel.service.location.internal.SymbolicRootResource@ec5c93d
      serverConfigDir = class com.ibm.ws.kernel.service.location.internal.SymbolicRootResource@c0c3c88
      serverOutputDir = class com.ibm.ws.kernel.service.location.internal.SymbolicRootResource@c0c3c88
      bootstrapLib = class com.ibm.ws.kernel.service.location.internal.LocalFileResource@396fe077
      serverWorkarea = class com.ibm.ws.kernel.service.location.internal.LocalFileResource@2b90961e
      serverState = class com.ibm.ws.kernel.service.location.internal.LocalFileResource@bbc2e70
      sharedAppsRoot = class com.ibm.ws.kernel.service.location.internal.SymbolicRootResource@6639bbf3
      sharedConfigRoot = class com.ibm.ws.kernel.service.location.internal.SymbolicRootResource@2093831b
      sharedResourceRoot = class com.ibm.ws.kernel.service.location.internal.SymbolicRootResource@f9cd171
      tmpRoot = class com.ibm.ws.kernel.service.location.internal.SymbolicRootResource@65b9a15c
      serverName = "documents"
      resourcePaths = class java.util.ArrayList@4ef4683b
      resourceGroups = class java.util.HashMap@7243a1a5
      commonRoot = class com.ibm.ws.kernel.service.location.internal.VirtualRootResource@1b3df1c5
      serialVersionUID = -5748835026800463299
    artifactFactory = class com.ibm.ws.artifact.internal.ArtifactContainerFactoryService@4502f5be
      CATEGORY_PROP_NAME = "category"
      ENTRY_KEY = "com.ibm.wsspi.artifact.ArtifactEntry"
      helperMap = class com.ibm.wsspi.kernel.service.utils.ConcurrentServiceReferenceSetMap@55b9bfe9
      contributorMap = class com.ibm.wsspi.kernel.service.utils.ConcurrentServiceReferenceSetMap@f7f8061
      helperCategoryMap = class com.ibm.wsspi.kernel.service.utils.ConcurrentServiceReferenceSetMap@541d3241
      contributorCategoryMap = class com.ibm.wsspi.kernel.service.utils.ConcurrentServiceReferenceSetMap@77a7ef42
      categories = class java.util.Collections$SynchronizedSet@6ff950a8
      baseProperties = class org.apache.felix.scr.impl.helper.ReadOnlyDictionary@1cf6a9be
      registration = class com.ibm.ws.kernel.service.util.ServiceRegistrationModifier@21441f5b
      serialVersionUID = 6566424214406946230
      $$$tc$$$ = class com.ibm.websphere.ras.TraceComponent@306c0770
    moduleFactory = class com.ibm.ws.adaptable.module.internal.AdaptableModuleFactoryImpl@f0569d4
      adapterFactoryService = class com.ibm.ws.adaptable.module.internal.AdapterFactoryServiceImpl@3acdc8ae
      containerFactory = class com.ibm.ws.artifact.internal.ArtifactContainerFactoryService@4502f5be
      overlayContainerFactory = class com.ibm.ws.artifact.overlay.internal.OverlayContainerFactoryImpl@4a001262
      serialVersionUID = 4200251809856292987
      $$$tc$$$ = class com.ibm.websphere.ras.TraceComponent@2b261e20
    classesContainerInfo = class java.util.ArrayList@6cb81a91
      serialVersionUID = 8683452581122892189
      DEFAULT_CAPACITY = 10
      EMPTY_ELEMENTDATA = class java.lang.Object[0]
      DEFAULTCAPACITY_EMPTY_ELEMENTDATA = class java.lang.Object[0]
      elementData = class java.lang.Object[0]
      size = 0
      MAX_ARRAY_SIZE = 2147483639
      modCount = 0
      MAX_ARRAY_SIZE = 2147483639
    serialVersionUID = 5154735746662585226
    $$$tc$$$ = class com.ibm.websphere.ras.TraceComponent@64b958e0
      strings[0] = "TraceComponent[com.ibm.ws.app.manager.module.internal.DeployedAppInfoBase$SharedLibDeploymentInfo,class com.ibm.ws.app.manager.module.internal.DeployedAppInfoBase$SharedLibDeploymentInfo,[applications, app.manager],null,null]"
  configAdmin = class com.ibm.ws.config.admin.internal.ConfigurationAdminImpl@58b48caf
    tc = class com.ibm.websphere.ras.TraceComponent@30edfad5
      strings[0] = "TraceComponent[com.ibm.ws.config.admin.internal.ConfigurationAdminImpl,class com.ibm.ws.config.admin.internal.ConfigurationAdminImpl,[config],com.ibm.ws.config.internal.resources.ConfigMessages,null]"
    bundle = class org.eclipse.osgi.internal.framework.EquinoxBundle@29fa4bb8
      equinoxContainer = class org.eclipse.osgi.internal.framework.EquinoxContainer@469cf1e6
      module = class org.eclipse.osgi.internal.framework.EquinoxBundle$EquinoxModule@4fd892f8
      monitor = class java.lang.Object@311fbac6
      context = class org.eclipse.osgi.internal.framework.BundleContextImpl@20aca809
      signerInfos = null
      $SWITCH_TABLE$org$eclipse$osgi$container$Module$State = {1,2,3,4,5,6,7} /* array length = 7 */
    caFactory = class com.ibm.ws.config.admin.internal.ConfigAdminServiceFactory@6092a6f1
      tc = class com.ibm.websphere.ras.TraceComponent@3f4d6787
      configurationPermission = class org.osgi.service.cm.ConfigurationPermission@2eb384a4
      INDEX_DICTIONARY = 0
      INDEX_LOCATION = 1
      INDEX_METATYPE_PROCESSED = 2
      INDEX_IN_OVERRIDES_FILE = 3
      INDEX_REFERENCES = 4
      INDEX_UNIQUES = 5
      bundleContext = class org.eclipse.osgi.internal.framework.BundleContextImpl@1f4ef9a3
      msTracker = class com.ibm.ws.config.admin.internal.ManagedServiceTracker@5cef2146
      msfTracker = class com.ibm.ws.config.admin.internal.ManagedServiceFactoryTracker@605ed658
      pluginManager = class com.ibm.ws.config.admin.internal.PluginManager@7f3ab358
      configurationStore = class com.ibm.ws.config.admin.internal.ConfigurationStore@4d9e8ebf
      updateQueue = class com.ibm.ws.config.admin.internal.UpdateQueue@685e735b
      ced = class com.ibm.ws.config.admin.internal.ConfigEventDispatcher@7e24841e
      idMap = class java.util.Collections$SynchronizedMap@542e48f1
      referenceMap = class java.util.Collections$SynchronizedMap@6d7cdfbd
      variableRegistryTracker = class org.osgi.util.tracker.ServiceTracker@7623ade2
      variableRegistry = class com.ibm.ws.kernel.service.location.internal.VariableRegistryHelper@2cfdd34c
      configurationAdminRef = class org.eclipse.osgi.internal.serviceregistry.ServiceRegistrationImpl@2db188d3
      serialVersionUID = 6695202270027014725
    serialVersionUID = -2875522750804142523
  libraryConfigHelper = class com.ibm.ws.classloading.ClassLoaderConfigHelper@447ca233
    tc = class com.ibm.websphere.ras.TraceComponent@79c69a1e
      strings[0] = "TraceComponent[com.ibm.ws.classloading.ClassLoaderConfigHelper,class com.ibm.ws.classloading.ClassLoaderConfigHelper,[ClassLoadingService],com.ibm.ws.classloading.internal.resources.ClassLoadingServiceMessages,null]"
    DEFAULT_API_TYPES = class java.util.RegularEnumSet@2b93d37b
      serialVersionUID = 3411599620347842686
      elements = 23
      elementType = class java.lang.Class@6c538eb6
      universe = class com.ibm.wsspi.classloading.ApiType[5]
      ZERO_LENGTH_ENUM_ARRAY = class java.lang.Enum[0]
      MAX_ARRAY_SIZE = 2147483639
    sharedLibraries = class java.util.Collections$EmptyList@1f4d7ae5
      serialVersionUID = 8842843931221139166
      modCount = 0
      MAX_ARRAY_SIZE = 2147483639
    commonLibraries = class java.util.Collections$EmptyList@1f4d7ae5
    classProviders = class java.util.Collections$EmptyList@1f4d7ae5
    sharedLibrariesPids = null
    commonLibrariesPids = null
    isDelegateLast = false
    apiTypes = class java.util.RegularEnumSet@f53731f
      serialVersionUID = 3411599620347842686
      elements = 31
      elementType = class java.lang.Class@6c538eb6
      universe = class com.ibm.wsspi.classloading.ApiType[5]
      ZERO_LENGTH_ENUM_ARRAY = class java.lang.Enum[0]
      MAX_ARRAY_SIZE = 2147483639
    classLoaderConfigProps = class com.ibm.ws.config.admin.ConfigurationDictionary@34138b4e
      serialVersionUID = 7966152868712543805
      simpleTypes = class java.util.Arrays$ArrayList@580832d7
      primitiveArrayTypes = class java.util.Arrays$ArrayList@4e0e1a5b
      simpleArrayTypes = class java.util.Arrays$ArrayList@22dacfd
      extendedTypes = class java.util.Arrays$ArrayList@76b933b1
      CASE_INSENSITIVE = class com.ibm.ws.config.admin.ConfigurationDictionary$CaseInsensitive@6fbe293b
      properties = class java.util.Collections$SynchronizedMap@8df4e2a
    serialVersionUID = 7643888529935916418
  isDelegateLast = false
  permissionManager = class com.ibm.ws.classloading.java2sec.PermissionManager@23740b44
    tc = class com.ibm.websphere.ras.TraceComponent@4a144616
      strings[0] = "TraceComponent[com.ibm.ws.classloading.java2sec.PermissionManager,class com.ibm.ws.classloading.java2sec.PermissionManager,[Java2SecurityUtil],com.ibm.ws.classloading.internal.resources.Java2SecurityUtilMessages,null]"
    bundleContext = class org.eclipse.osgi.internal.framework.BundleContextImpl@6dd0c709
    classLoadingService = class com.ibm.ws.classloading.internal.ClassLoadingServiceImpl@411ba9fb
    DEFAULT_SERVER_RESTRICTABLE_PERMISSIONS = class java.security.Permission[4]
      Permission[0] = class java.lang.RuntimePermission@23554430
      Permission[1] = class java.lang.RuntimePermission@74e6e377
      Permission[2] = class java.security.SecurityPermission@3f53bb61
      Permission[3] = class javax.security.auth.AuthPermission@2859613a
    DEFAULT_CLIENT_RESTRICTABLE_PERMISSIONS = class java.security.Permission[3]
      Permission[0] = class java.lang.RuntimePermission@1e854a0
      Permission[1] = class java.security.SecurityPermission@50802c06
      Permission[2] = class javax.security.auth.AuthPermission@18f3e4f8
    isServer = true
    wsjarUrlStreamHandlerAvailable = true
    restrictablePermissions = class java.util.ArrayList@49fea684
      serialVersionUID = 8683452581122892189
      DEFAULT_CAPACITY = 10
      EMPTY_ELEMENTDATA = class java.lang.Object[0]
      DEFAULTCAPACITY_EMPTY_ELEMENTDATA = class java.lang.Object[0]
      elementData = class java.lang.Object[10]
      size = 4
      MAX_ARRAY_SIZE = 2147483639
      modCount = 4
      MAX_ARRAY_SIZE = 2147483639
    javaAllCodeBasePermissions = class java.util.ArrayList@3cd08a69
      serialVersionUID = 8683452581122892189
      DEFAULT_CAPACITY = 10
      EMPTY_ELEMENTDATA = class java.lang.Object[0]
      DEFAULTCAPACITY_EMPTY_ELEMENTDATA = class java.lang.Object[0]
      elementData = class java.lang.Object[22]
      size = 21
      MAX_ARRAY_SIZE = 2147483639
      modCount = 21
      MAX_ARRAY_SIZE = 2147483639
    expandProps = true
    grantedPermissions = class java.util.ArrayList@4b56daeb
      serialVersionUID = 8683452581122892189
      DEFAULT_CAPACITY = 10
      EMPTY_ELEMENTDATA = class java.lang.Object[0]
      DEFAULTCAPACITY_EMPTY_ELEMENTDATA = class java.lang.Object[0]
      elementData = class java.lang.Object[10]
      size = 1
      MAX_ARRAY_SIZE = 2147483639
      modCount = 1
      MAX_ARRAY_SIZE = 2147483639
    KEY_PERMISSION = "permission"
    INCORRECT_PERMISSION_CONFIGURATION = "INCORRECT_PERMISSION_CONFIGURATION"
    PERMISSION_CLASSNOTFOUND = "PERMISSION_CLASSNOTFOUND"
    SERVER_XML = "server.xml"
    CLIENT_XML = "client.xml"
    JAVA_POLICY = "java.policy"
    os_name = "Windows 10"
    os_version = "10.0"
    originationFile = "server.xml"
    permissions = class com.ibm.wsspi.kernel.service.utils.ConcurrentServiceReferenceSet@5210841b
      referenceName = "permission"
      contextRef = class java.util.concurrent.atomic.AtomicReference@6020e6c2
      elementMap = class java.util.LinkedHashMap@4933115a
      elementSet = class java.util.concurrent.ConcurrentSkipListSet@56b3d107
      elementSetUnsorted = false
      serialVersionUID = 756240983881166148
      $$$tc$$$ = class com.ibm.websphere.ras.TraceComponent@5ae3042b
    codeBasePermissionMap = class java.util.HashMap@6ee6d25b
      serialVersionUID = 362498820763181265
      DEFAULT_INITIAL_CAPACITY = 16
      MAXIMUM_CAPACITY = 1073741824
      DEFAULT_LOAD_FACTOR = 0.75
      TREEIFY_THRESHOLD = 8
      UNTREEIFY_THRESHOLD = 6
      MIN_TREEIFY_CAPACITY = 64
      table = class java.util.HashMap$Node[16]
      entrySet = null
      size = 1
      modCount = 1
      threshold = 12
      loadFactor = 0.75
      keySet = class java.util.HashMap$KeySet@ef9ae70
      values = null
    permissionXMLPermissionMap = class java.util.HashMap@565d8e2c
      serialVersionUID = 362498820763181265
      DEFAULT_INITIAL_CAPACITY = 16
      MAXIMUM_CAPACITY = 1073741824
      DEFAULT_LOAD_FACTOR = 0.75
      TREEIFY_THRESHOLD = 8
      UNTREEIFY_THRESHOLD = 6
      MIN_TREEIFY_CAPACITY = 64
      table = null
      entrySet = null
      size = 0
      modCount = 0
      threshold = 0
      loadFactor = 0.75
      keySet = null
      values = null
    serialVersionUID = 8583289148510585888
  permissionsConfig = null
  serialVersionUID = 1131686356392279747
  appInfo = class com.ibm.ws.container.service.app.deploy.internal.ApplicationInfoImpl@40720d3c
    appName = "documents"
    appMetaData = class com.ibm.ws.container.service.app.deploy.internal.ApplicationMetaDataImpl@4a1a108e
      j2eeName = class com.ibm.ws.container.service.metadata.internal.J2EENameImpl@408984db
      serialVersionUID = -7906531148367236579
      $$$tc$$$ = class com.ibm.websphere.ras.TraceComponent@6d7ad91f
      tc = class com.ibm.websphere.ras.TraceComponent@79e14ea7
      NUM_STATIC_SLOTS = 4
      ID_UNINITIALIZED = -1
      id = 6
      metaDataInterface = class java.lang.Class@4a12d77e
      staticSlots = class java.lang.Object[4]
      dynamicSlots = null
    appContainer = class com.ibm.ws.adaptable.module.internal.AdaptableContainerImpl@452dee3a
      root = class com.ibm.ws.adaptable.module.internal.AdaptableContainerImpl@452dee3a
      rootOverlay = class com.ibm.ws.artifact.overlay.internal.DirectoryBasedOverlayContainerImpl@af5dc4f
      factoryHolder = class com.ibm.ws.adaptable.module.internal.AdaptableModuleFactoryImpl@f0569d4
      delegate = class com.ibm.ws.artifact.overlay.internal.DirectoryBasedOverlayContainerImpl@af5dc4f
      notifier = class com.ibm.ws.adaptable.module.internal.NotifierImpl@7872288a
      serialVersionUID = -5950528200509051684
      $$$tc$$$ = class com.ibm.websphere.ras.TraceComponent@4b533cda
    configHelper = class com.ibm.ws.app.manager.module.ApplicationNestedConfigHelper@4032adfc
      appInfo = class com.ibm.ws.app.manager.internal.ApplicationInstallInfo@4e0720ee
      serialVersionUID = -3174031738676705046
      $$$tc$$$ = class com.ibm.websphere.ras.TraceComponent@3d345a05
    applicationInformation = class com.ibm.ws.app.manager.internal.ApplicationInstallInfo@4e0720ee
    serialVersionUID = 5227817860647895780
    $$$tc$$$ = class com.ibm.websphere.ras.TraceComponent@10eaa513
      strings[0] = "TraceComponent[com.ibm.ws.container.service.app.deploy.internal.ApplicationInfoImpl,class com.ibm.ws.container.service.app.deploy.internal.ApplicationInfoImpl,[container.service],com.ibm.ws.container.service.resources.Messages,null]"
  appInfoRegistration = null
  modulesDeployed = class java.util.ArrayList@20295ce6
    serialVersionUID = 8683452581122892189
    DEFAULT_CAPACITY = 10
    EMPTY_ELEMENTDATA = class java.lang.Object[0]
    DEFAULTCAPACITY_EMPTY_ELEMENTDATA = class java.lang.Object[0]
    elementData = class java.lang.Object[10]
      Object[0] = class com.ibm.ws.app.manager.module.internal.DeployedModuleInfoImpl@29c81ad0
      Object[1] = null
      Object[2] = null
      Object[3] = null
      Object[4] = null
      Object[5] = null
      Object[6] = null
      Object[7] = null
      Object[8] = null
      Object[9] = null
    size = 1
    MAX_ARRAY_SIZE = 2147483639
    modCount = 1
    MAX_ARRAY_SIZE = 2147483639
  starting = true
  started = false
  deployedAppServices = class com.ibm.ws.app.manager.module.internal.DeployedAppServicesImpl@64a5d615
    SERVER_APPS_DIR = "${server.output.dir}/apps/"
    EXPANDED_APPS_DIR = "${server.output.dir}/apps/expanded/"
    bundleContext = class org.eclipse.osgi.internal.framework.BundleContextImpl@20aca809
      valid = true
      bundle = class org.eclipse.osgi.internal.framework.EquinoxBundle@29fa4bb8
      container = class org.eclipse.osgi.internal.framework.EquinoxContainer@469cf1e6
      debug = class org.eclipse.osgi.internal.debug.Debug@49eb0fb8
      servicesInUse = class java.util.HashMap@3f70c223
      activator = null
      contextLock = class java.lang.Object@15008c08
    applicationInfoFactory = class com.ibm.ws.container.service.app.deploy.internal.ApplicationInfoFactoryImpl@5c047db8
    futureMonitor = class com.ibm.ws.threading.internal.FutureMonitorImpl@1b30f2ad
    classLoadingService = class com.ibm.ws.classloading.internal.ClassLoadingServiceImpl@411ba9fb
    globalSharedLibrary = class com.ibm.ws.library.internal.SharedLibraryImpl@101eee26
    globalSharedLibraryPid = "com.ibm.ws.classloading.sharedlibrary_20"
    configAdmin = class com.ibm.ws.config.admin.internal.ConfigurationAdminImpl@58b48caf
    metaDataService = class com.ibm.ws.container.service.metadata.internal.MetaDataServiceImpl@7d483131
    stateChangeService = class com.ibm.ws.container.service.state.internal.StateChangeServiceImpl@76290dab
    allModuleTypes = class java.lang.String[4]
      String[0] = "ejb"
      String[1] = "web"
      String[2] = "client"
      String[3] = "connector"
    moduleMetaDataExtenders = class java.util.concurrent.ConcurrentHashMap@7d47fead
      serialVersionUID = 7249069246763182397
      MAXIMUM_CAPACITY = 1073741824
      DEFAULT_CAPACITY = 16
      MAX_ARRAY_SIZE = 2147483639
      DEFAULT_CONCURRENCY_LEVEL = 16
      LOAD_FACTOR = 0.75
      TREEIFY_THRESHOLD = 8
      UNTREEIFY_THRESHOLD = 6
      MIN_TREEIFY_CAPACITY = 64
      MIN_TRANSFER_STRIDE = 16
      RESIZE_STAMP_BITS = 16
      MAX_RESIZERS = 65535
      RESIZE_STAMP_SHIFT = 16
      MOVED = -1
      TREEBIN = -2
      RESERVED = -3
      HASH_BITS = 2147483647
      NCPU = 8
      serialPersistentFields = class java.io.ObjectStreamField[3]
      table = class java.util.concurrent.ConcurrentHashMap$Node[16]
      nextTable = null
      baseCount = 4
      sizeCtl = 12
      transferIndex = 0
      cellsBusy = 0
      counterCells = null
      keySet = null
      values = null
      entrySet = null
      U = class sun.misc.Unsafe@4f817a24
      SIZECTL = 20
      TRANSFERINDEX = 32
      BASECOUNT = 24
      CELLSBUSY = 36
      CELLVALUE = 144
      ABASE = 16
      ASHIFT = 2
      keySet = null
      values = null
    nestedModuleMetaDataFactories = class java.util.concurrent.ConcurrentHashMap@25eb8f54
      serialVersionUID = 7249069246763182397
      MAXIMUM_CAPACITY = 1073741824
      DEFAULT_CAPACITY = 16
      MAX_ARRAY_SIZE = 2147483639
      DEFAULT_CONCURRENCY_LEVEL = 16
      LOAD_FACTOR = 0.75
      TREEIFY_THRESHOLD = 8
      UNTREEIFY_THRESHOLD = 6
      MIN_TREEIFY_CAPACITY = 64
      MIN_TRANSFER_STRIDE = 16
      RESIZE_STAMP_BITS = 16
      MAX_RESIZERS = 65535
      RESIZE_STAMP_SHIFT = 16
      MOVED = -1
      TREEBIN = -2
      RESERVED = -3
      HASH_BITS = 2147483647
      NCPU = 8
      serialPersistentFields = class java.io.ObjectStreamField[3]
      table = class java.util.concurrent.ConcurrentHashMap$Node[16]
      nextTable = null
      baseCount = 4
      sizeCtl = 12
      transferIndex = 0
      cellsBusy = 0
      counterCells = null
      keySet = null
      values = null
      entrySet = null
      U = class sun.misc.Unsafe@4f817a24
      SIZECTL = 20
      TRANSFERINDEX = 32
      BASECOUNT = 24
      CELLSBUSY = 36
      CELLVALUE = 144
      ABASE = 16
      ASHIFT = 2
      keySet = null
      values = null
    permissionManager = class com.ibm.ws.classloading.java2sec.PermissionManager@23740b44
    locAdmin = class com.ibm.ws.kernel.service.location.internal.WsLocationAdminImpl@35bae10f
    artifactFactory = class com.ibm.ws.artifact.internal.ArtifactContainerFactoryService@4502f5be
    moduleFactory = class com.ibm.ws.adaptable.module.internal.AdaptableModuleFactoryImpl@f0569d4
    serialVersionUID = 8537801607979767986
    $$$tc$$$ = class com.ibm.websphere.ras.TraceComponent@6464bf07
      strings[0] = "TraceComponent[com.ibm.ws.app.manager.module.internal.DeployedAppServicesImpl,class com.ibm.ws.app.manager.module.internal.DeployedAppServicesImpl,[applications, app.manager],null,null]"
  futureMonitor = class com.ibm.ws.threading.internal.FutureMonitorImpl@1b30f2ad
    _monitor = class java.util.concurrent.ConcurrentLinkedQueue@2f71fc1a
      serialVersionUID = 196745693267521676
      head = class java.util.concurrent.ConcurrentLinkedQueue$Node@283ae0fa
      tail = class java.util.concurrent.ConcurrentLinkedQueue$Node@283ae0fa
      UNSAFE = class sun.misc.Unsafe@4f817a24
      headOffset = 12
      tailOffset = 16
      MAX_ARRAY_SIZE = 2147483639
    _executor = class com.ibm.ws.threading.internal.ScheduledExecutorImpl@2f9844d5
      threadGroupName = "Scheduled Executor Thread Group"
      executor = class com.ibm.ws.threading.internal.ExecutorServiceImpl@4dc876fa
      serialVersionUID = -9110693807503469597
      $$$tc$$$ = class com.ibm.websphere.ras.TraceComponent@fcb7442
      continueExistingPeriodicTasksAfterShutdown = false
      executeExistingDelayedTasksAfterShutdown = true
      removeOnCancel = false
      sequencer = class java.util.concurrent.atomic.AtomicLong@a1e6ef9
      ctl = class java.util.concurrent.atomic.AtomicInteger@3aad9f63
      COUNT_BITS = 29
      CAPACITY = 536870911
      RUNNING = -536870912
      SHUTDOWN = 0
      STOP = 536870912
      TIDYING = 1073741824
      TERMINATED = 1610612736
      workQueue = class java.util.concurrent.ScheduledThreadPoolExecutor$DelayedWorkQueue@70f2e35d
      mainLock = class java.util.concurrent.locks.ReentrantLock@20987bf9
      workers = class java.util.HashSet@5908a0b5
      termination = class java.util.concurrent.locks.AbstractQueuedSynchronizer$ConditionObject@f887a70
      largestPoolSize = 1
      completedTaskCount = 0
      threadFactory = class com.ibm.ws.threading.internal.ThreadFactoryImpl@680788d7
      handler = class java.util.concurrent.ThreadPoolExecutor$AbortPolicy@b23619d
      keepAliveTime = 0
      allowCoreThreadTimeOut = false
      corePoolSize = 1
      maximumPoolSize = 2147483647
      defaultHandler = class java.util.concurrent.ThreadPoolExecutor$AbortPolicy@b23619d
      shutdownPerm = class java.lang.RuntimePermission@17327544
      acc = null
      ONLY_ONE = true
      $assertionsDisabled = true
    _threadRunning = class java.util.concurrent.atomic.AtomicBoolean@3866dead
      serialVersionUID = 4654671469794556979
      unsafe = class sun.misc.Unsafe@4f817a24
      valueOffset = 12
      value = 0
    _thread = class com.ibm.ws.threading.internal.FutureMonitorImpl$1@62ac6d5c
      this$0 = class com.ibm.ws.threading.internal.FutureMonitorImpl@1b30f2ad
      serialVersionUID = 2422512430832938099
      $$$tc$$$ = class com.ibm.websphere.ras.TraceComponent@55e91e8a
    serialVersionUID = 2765238413969174390
    $$$tc$$$ = class com.ibm.websphere.ras.TraceComponent@6c561f97
      strings[0] = "TraceComponent[com.ibm.ws.threading.internal.FutureMonitorImpl,class com.ibm.ws.threading.internal.FutureMonitorImpl,[Threading],com.ibm.ws.threading.internal.resources.ThreadingMessages,null]"
  appInfoFactory = class com.ibm.ws.container.service.app.deploy.internal.ApplicationInfoFactoryImpl@5c047db8
    j2eeNameFactory = class com.ibm.wsspi.kernel.service.utils.AtomicServiceReference@73f03f30
      referenceName = "j2eeNameFactory"
      tuple = class java.util.concurrent.atomic.AtomicReference@49bd4fc8
      serialVersionUID = 2226592364007985000
      $$$tc$$$ = class com.ibm.websphere.ras.TraceComponent@3160f551
    names = class java.util.HashSet@5d20a926
      serialVersionUID = -5024744406713321676
      map = class java.util.HashMap@3811117f
      PRESENT = class java.lang.Object@346cbda3
      MAX_ARRAY_SIZE = 2147483639
    serialVersionUID = 6232436640731165768
    $$$tc$$$ = class com.ibm.websphere.ras.TraceComponent@7e7dd0a2
      strings[0] = "TraceComponent[com.ibm.ws.container.service.app.deploy.internal.ApplicationInfoFactoryImpl,class com.ibm.ws.container.service.app.deploy.internal.ApplicationInfoFactoryImpl,[container.service],com.ibm.ws.container.service.resources.Messages,null]"
  metaDataService = class com.ibm.ws.container.service.metadata.internal.MetaDataServiceImpl@7d483131
    applicationMetaDataManager = class com.ibm.ws.container.service.metadata.internal.ApplicationMetaDataManager@527f71bb
      serialVersionUID = 1843747281024490904
      $$$tc$$$ = class com.ibm.websphere.ras.TraceComponent@47279234
      listeners = class com.ibm.wsspi.kernel.service.utils.ConcurrentServiceReferenceSet@61e46787
      metaDataIDs = class com.ibm.ws.container.service.metadata.internal.IndexList@222dcfe5
      metaDatas = class java.util.ArrayList@39c64247
      slotIDs = class com.ibm.ws.container.service.metadata.internal.IndexList@1a2699b8
      serialVersionUID = 5464421863354792977
      $$$tc$$$ = class com.ibm.websphere.ras.TraceComponent@51b079a3
    moduleMetaDataManager = class com.ibm.ws.container.service.metadata.internal.ModuleMetaDataManager@457620e3
      serialVersionUID = 2513574389899327209
      $$$tc$$$ = class com.ibm.websphere.ras.TraceComponent@752387ec
      listeners = class com.ibm.wsspi.kernel.service.utils.ConcurrentServiceReferenceSet@49d6fc61
      metaDataIDs = class com.ibm.ws.container.service.metadata.internal.IndexList@c7ea28a
      metaDatas = class java.util.ArrayList@305b95eb
      slotIDs = class com.ibm.ws.container.service.metadata.internal.IndexList@59ac17aa
      serialVersionUID = 5464421863354792977
      $$$tc$$$ = class com.ibm.websphere.ras.TraceComponent@51b079a3
    componentMetaDataManager = class com.ibm.ws.container.service.metadata.internal.ComponentMetaDataManager@f23ec7b
      serialVersionUID = 8629793739641703882
      $$$tc$$$ = class com.ibm.websphere.ras.TraceComponent@628167ce
      listeners = class com.ibm.wsspi.kernel.service.utils.ConcurrentServiceReferenceSet@7afd4fed
      metaDataIDs = class com.ibm.ws.container.service.metadata.internal.IndexList@6e9fddc1
      metaDatas = class java.util.ArrayList@513e4813
      slotIDs = class com.ibm.ws.container.service.metadata.internal.IndexList@82c4de6
      serialVersionUID = 5464421863354792977
      $$$tc$$$ = class com.ibm.websphere.ras.TraceComponent@51b079a3
    methodMetaDataManager = class com.ibm.ws.container.service.metadata.internal.MethodMetaDataManager@5e3271bb
      serialVersionUID = -8002489041502300640
      $$$tc$$$ = class com.ibm.websphere.ras.TraceComponent@caef481
      listeners = class com.ibm.wsspi.kernel.service.utils.ConcurrentServiceReferenceSet@1921dd78
      metaDataIDs = class com.ibm.ws.container.service.metadata.internal.IndexList@57526cb
      metaDatas = class java.util.ArrayList@5556a505
      slotIDs = class com.ibm.ws.container.service.metadata.internal.IndexList@12faf2fb
      serialVersionUID = 5464421863354792977
      $$$tc$$$ = class com.ibm.websphere.ras.TraceComponent@51b079a3
    appModuleNameToModuleContainer = class java.util.concurrent.ConcurrentHashMap@77e9216f
      serialVersionUID = 7249069246763182397
      MAXIMUM_CAPACITY = 1073741824
      DEFAULT_CAPACITY = 16
      MAX_ARRAY_SIZE = 2147483639
      DEFAULT_CONCURRENCY_LEVEL = 16
      LOAD_FACTOR = 0.75
      TREEIFY_THRESHOLD = 8
      UNTREEIFY_THRESHOLD = 6
      MIN_TREEIFY_CAPACITY = 64
      MIN_TRANSFER_STRIDE = 16
      RESIZE_STAMP_BITS = 16
      MAX_RESIZERS = 65535
      RESIZE_STAMP_SHIFT = 16
      MOVED = -1
      TREEBIN = -2
      RESERVED = -3
      HASH_BITS = 2147483647
      NCPU = 8
      serialPersistentFields = class java.io.ObjectStreamField[3]
      table = class java.util.concurrent.ConcurrentHashMap$Node[16]
      nextTable = null
      baseCount = 6
      sizeCtl = 12
      transferIndex = 0
      cellsBusy = 0
      counterCells = null
      keySet = null
      values = null
      entrySet = null
      U = class sun.misc.Unsafe@4f817a24
      SIZECTL = 20
      TRANSFERINDEX = 32
      BASECOUNT = 24
      CELLSBUSY = 36
      CELLVALUE = 144
      ABASE = 16
      ASHIFT = 2
      keySet = null
      values = null
    jeeNameToComponentMetaData = class java.util.concurrent.ConcurrentHashMap@3ec6649
      serialVersionUID = 7249069246763182397
      MAXIMUM_CAPACITY = 1073741824
      DEFAULT_CAPACITY = 16
      MAX_ARRAY_SIZE = 2147483639
      DEFAULT_CONCURRENCY_LEVEL = 16
      LOAD_FACTOR = 0.75
      TREEIFY_THRESHOLD = 8
      UNTREEIFY_THRESHOLD = 6
      MIN_TREEIFY_CAPACITY = 64
      MIN_TRANSFER_STRIDE = 16
      RESIZE_STAMP_BITS = 16
      MAX_RESIZERS = 65535
      RESIZE_STAMP_SHIFT = 16
      MOVED = -1
      TREEBIN = -2
      RESERVED = -3
      HASH_BITS = 2147483647
      NCPU = 8
      serialPersistentFields = class java.io.ObjectStreamField[3]
      table = class java.util.concurrent.ConcurrentHashMap$Node[32]
      nextTable = null
      baseCount = 13
      sizeCtl = 24
      transferIndex = 0
      cellsBusy = 0
      counterCells = null
      keySet = null
      values = null
      entrySet = null
      U = class sun.misc.Unsafe@4f817a24
      SIZECTL = 20
      TRANSFERINDEX = 32
      BASECOUNT = 24
      CELLSBUSY = 36
      CELLVALUE = 144
      ABASE = 16
      ASHIFT = 2
      keySet = null
      values = null
    deferredMetaDataFactories = class com.ibm.wsspi.kernel.service.utils.ConcurrentServiceReferenceSet@133c127b
      referenceName = "deferredMetaDataFactory"
      contextRef = class java.util.concurrent.atomic.AtomicReference@5325e9e7
      elementMap = class java.util.LinkedHashMap@41aabb88
      elementSet = class java.util.concurrent.ConcurrentSkipListSet@4aeeae17
      elementSetUnsorted = false
      serialVersionUID = 756240983881166148
      $$$tc$$$ = class com.ibm.websphere.ras.TraceComponent@5ae3042b
    deferredMetaDataInitializers = class com.ibm.wsspi.kernel.service.utils.ConcurrentServiceReferenceMap@5e4e160e
      referenceName = "deferredMetaDataFactory"
      context = class org.apache.felix.scr.impl.manager.ComponentContextImpl@5c4f2d9b
      elementMap = class java.util.concurrent.ConcurrentHashMap@49fe1508
      serialVersionUID = 6980924785166233786
      $$$tc$$$ = class com.ibm.websphere.ras.TraceComponent@712b39f5
    serialVersionUID = -2494605732980966097
    $$$tc$$$ = class com.ibm.websphere.ras.TraceComponent@943e841
      strings[0] = "TraceComponent[com.ibm.ws.container.service.metadata.internal.MetaDataServiceImpl,class com.ibm.ws.container.service.metadata.internal.MetaDataServiceImpl,[Runtime],null,null]"
  stateChangeService = class com.ibm.ws.container.service.state.internal.StateChangeServiceImpl@76290dab
    applicationStateManager = class com.ibm.ws.container.service.state.internal.ApplicationStateManager@55bd52e7
      serialVersionUID = -6685368059484454124
      $$$tc$$$ = class com.ibm.websphere.ras.TraceComponent@396f6e0d
      listeners = class com.ibm.wsspi.kernel.service.utils.ConcurrentServiceReferenceSet@314b0018
      serialVersionUID = 2284273176985484160
      $$$tc$$$ = class com.ibm.websphere.ras.TraceComponent@3c0db47a
    moduleStateManager = class com.ibm.ws.container.service.state.internal.ModuleStateManager@621632d
      serialVersionUID = -5540260902341249963
      $$$tc$$$ = class com.ibm.websphere.ras.TraceComponent@51663dbd
      listeners = class com.ibm.wsspi.kernel.service.utils.ConcurrentServiceReferenceSet@6699b847
      serialVersionUID = 2284273176985484160
      $$$tc$$$ = class com.ibm.websphere.ras.TraceComponent@3c0db47a
    serialVersionUID = -537917915330350560
    $$$tc$$$ = class com.ibm.websphere.ras.TraceComponent@2e2f2b5d
      strings[0] = "TraceComponent[com.ibm.ws.container.service.state.internal.StateChangeServiceImpl,class com.ibm.ws.container.service.state.internal.StateChangeServiceImpl,[Runtime],null,null]"
  moduleClassesInfo = class com.ibm.ws.app.manager.module.internal.SimpleDeployedAppInfoBase$ModuleClassesInfoProvider@7e652bf7
    entryContainerInfosMap = class java.util.HashMap@384730bd
      serialVersionUID = 362498820763181265
      DEFAULT_INITIAL_CAPACITY = 16
      MAXIMUM_CAPACITY = 1073741824
      DEFAULT_LOAD_FACTOR = 0.75
      TREEIFY_THRESHOLD = 8
      UNTREEIFY_THRESHOLD = 6
      MIN_TREEIFY_CAPACITY = 64
      table = null
      entrySet = null
      size = 0
      modCount = 0
      threshold = 0
      loadFactor = 0.75
      keySet = null
      values = null
    serialVersionUID = -70332790531324534
    $$$tc$$$ = class com.ibm.websphere.ras.TraceComponent@60e1a9a
      strings[0] = "TraceComponent[com.ibm.ws.app.manager.module.internal.SimpleDeployedAppInfoBase$ModuleClassesInfoProvider,class com.ibm.ws.app.manager.module.internal.SimpleDeployedAppInfoBase$ModuleClassesInfoProvider,[applications, app.manager],null,null]"
  moduleContainerInfos = class java.util.ArrayList@14c196b1
    serialVersionUID = 8683452581122892189
    DEFAULT_CAPACITY = 10
    EMPTY_ELEMENTDATA = class java.lang.Object[0]
    DEFAULTCAPACITY_EMPTY_ELEMENTDATA = class java.lang.Object[0]
    elementData = class java.lang.Object[10]
      Object[0] = class com.ibm.ws.app.manager.module.internal.SimpleDeployedAppInfoBase$WebModuleContainerInfo@7944828b
      Object[1] = null
      Object[2] = null
      Object[3] = null
      Object[4] = null
      Object[5] = null
      Object[6] = null
      Object[7] = null
      Object[8] = null
      Object[9] = null
    size = 1
    MAX_ARRAY_SIZE = 2147483639
    modCount = 1
    MAX_ARRAY_SIZE = 2147483639
  activeModuleHandlers = class java.util.IdentityHashMap@6bd7d02c
    DEFAULT_CAPACITY = 32
    MINIMUM_CAPACITY = 4
    MAXIMUM_CAPACITY = 536870912
    table = class java.lang.Object[16]
      Object[0] = null
      Object[1] = null
      Object[2] = null
      Object[3] = null
      Object[4] = null
      Object[5] = null
      Object[6] = null
      Object[7] = null
      Object[8] = null
      Object[9] = null
      Object[10] = null
      Object[11] = null
      Object[12] = null
      Object[13] = null
      Object[14] = null
      Object[15] = null
    size = 0
    modCount = 2
    NULL_KEY = class java.lang.Object@5a09b064
    entrySet = null
    serialVersionUID = 8188218128353913216
    keySet = null
    values = null
  serialVersionUID = -2685719801501752993
  $$$tc$$$ = class com.ibm.websphere.ras.TraceComponent@209ec17
    strings[0] = "TraceComponent[com.ibm.ws.app.manager.module.internal.SimpleDeployedAppInfoBase,class com.ibm.ws.app.manager.module.internal.SimpleDeployedAppInfoBase,[applications, app.manager],null,null]"

Dump of objectArray[0]
Object type = com.ibm.ws.threading.internal.NonCancelableResultFuture
  _done = false
  _result = null
  _failure = null
  _listeners = class java.util.concurrent.ConcurrentLinkedQueue@74f56532
    serialVersionUID = 196745693267521676
    head = class java.util.concurrent.ConcurrentLinkedQueue$Node@eaf9710
      item = null
      next = null
      UNSAFE = class sun.misc.Unsafe@4f817a24
      itemOffset = 12
      nextOffset = 16
    tail = class java.util.concurrent.ConcurrentLinkedQueue$Node@eaf9710
    UNSAFE = class sun.misc.Unsafe@4f817a24
      theUnsafe = class sun.misc.Unsafe@4f817a24
      INVALID_FIELD_OFFSET = -1
      ARRAY_BOOLEAN_BASE_OFFSET = 16
      ARRAY_BYTE_BASE_OFFSET = 16
      ARRAY_SHORT_BASE_OFFSET = 16
      ARRAY_CHAR_BASE_OFFSET = 16
      ARRAY_INT_BASE_OFFSET = 16
      ARRAY_LONG_BASE_OFFSET = 16
      ARRAY_FLOAT_BASE_OFFSET = 16
      ARRAY_DOUBLE_BASE_OFFSET = 16
      ARRAY_OBJECT_BASE_OFFSET = 16
      ARRAY_BOOLEAN_INDEX_SCALE = 1
      ARRAY_BYTE_INDEX_SCALE = 1
      ARRAY_SHORT_INDEX_SCALE = 2
      ARRAY_CHAR_INDEX_SCALE = 2
      ARRAY_INT_INDEX_SCALE = 4
      ARRAY_LONG_INDEX_SCALE = 8
      ARRAY_FLOAT_INDEX_SCALE = 4
      ARRAY_DOUBLE_INDEX_SCALE = 8
      ARRAY_OBJECT_INDEX_SCALE = 4
      ADDRESS_SIZE = 8
    headOffset = 12
    tailOffset = 16
    MAX_ARRAY_SIZE = 2147483639
  _notifiedListeners = class java.util.concurrent.atomic.AtomicBoolean@7982bdea
    serialVersionUID = 4654671469794556979
    unsafe = class sun.misc.Unsafe@4f817a24
    valueOffset = 12
    value = 0
  serialVersionUID = -296387658814354272
  $$$tc$$$ = class com.ibm.websphere.ras.TraceComponent@18053938
    strings[0] = "TraceComponent[com.ibm.ws.threading.internal.NonCancelableResultFuture,class com.ibm.ws.threading.internal.NonCancelableResultFuture,[Threading],com.ibm.ws.threading.internal.resources.ThreadingMessages,null]"

