------Start of DE processing------ = [28/12/21 20:12:20:971 EET]
Exception = org.jboss.weld.exceptions.DeploymentException
Source = com.ibm.ws.container.service.state.internal.ApplicationStateManager
probeid = 54
Stack Dump = org.jboss.weld.exceptions.DeploymentException: WELD-001408: Unsatisfied dependencies for type DocumentDaoImpl with qualifiers @Default
  at injection point [BackedAnnotatedField] @Inject com.example.documents.HelloController.documentDaoImpl
  at com.example.documents.HelloController.documentDaoImpl(HelloController.java:0)
WELD-001474: Class com.example.documents.dao.DocumentDaoImpl is on the classpath, but was ignored because a class it references was not found: javax.persistence.EntityManagerFactory.

	at org.jboss.weld.bootstrap.Validator.validateInjectionPointForDeploymentProblems(Validator.java:378)
	at org.jboss.weld.bootstrap.Validator.validateInjectionPoint(Validator.java:290)
	at org.jboss.weld.bootstrap.Validator.validateGeneralBean(Validator.java:143)
	at org.jboss.weld.bootstrap.Validator.validateRIBean(Validator.java:164)
	at org.jboss.weld.bootstrap.Validator.validateBean(Validator.java:526)
	at org.jboss.weld.bootstrap.ConcurrentValidator$1.doWork(ConcurrentValidator.java:64)
	at org.jboss.weld.bootstrap.ConcurrentValidator$1.doWork(ConcurrentValidator.java:62)
	at org.jboss.weld.executor.IterativeWorkerTaskFactory$1.call(IterativeWorkerTaskFactory.java:62)
	at org.jboss.weld.executor.IterativeWorkerTaskFactory$1.call(IterativeWorkerTaskFactory.java:55)
	at java.util.concurrent.FutureTask.run(FutureTask.java:266)
	at java.util.concurrent.ThreadPoolExecutor.runWorker(ThreadPoolExecutor.java:1149)
	at java.util.concurrent.ThreadPoolExecutor$Worker.run(ThreadPoolExecutor.java:624)
	at java.lang.Thread.run(Thread.java:748)

Dump of callerThis
Object type = com.ibm.ws.container.service.state.internal.ApplicationStateManager
  serialVersionUID = -6685368059484454124
  $$$tc$$$ = class com.ibm.websphere.ras.TraceComponent@2ab44c19
    strings[0] = "TraceComponent[com.ibm.ws.container.service.state.internal.ApplicationStateManager,class com.ibm.ws.container.service.state.internal.ApplicationStateManager,[Runtime],null,null]"
  listeners = class com.ibm.wsspi.kernel.service.utils.ConcurrentServiceReferenceSet@3ea801d5
    referenceName = "applicationStateListeners"
    contextRef = class java.util.concurrent.atomic.AtomicReference@60668456
      serialVersionUID = -1848883965231344442
      unsafe = class sun.misc.Unsafe@29c211a7
      valueOffset = 12
      value = class org.apache.felix.scr.impl.manager.ComponentContextImpl@7dd274fd
    elementMap = class java.util.LinkedHashMap@c0e412
      serialVersionUID = 3801124242820219131
      head = class java.util.LinkedHashMap$Entry@7ab5ff21
      tail = class java.util.LinkedHashMap$Entry@7d099f0b
      accessOrder = false
      serialVersionUID = 362498820763181265
      DEFAULT_INITIAL_CAPACITY = 16
      MAXIMUM_CAPACITY = 1073741824
      DEFAULT_LOAD_FACTOR = 0.75
      TREEIFY_THRESHOLD = 8
      UNTREEIFY_THRESHOLD = 6
      MIN_TREEIFY_CAPACITY = 64
      table = class java.util.HashMap$Node[16]
      entrySet = null
      size = 11
      modCount = 11
      threshold = 12
      loadFactor = 0.75
      keySet = null
      values = null
    elementSet = class java.util.concurrent.ConcurrentSkipListSet@579a1428
      serialVersionUID = -2479143111061671589
      m = class java.util.concurrent.ConcurrentSkipListMap@6d3d1368
      UNSAFE = class sun.misc.Unsafe@29c211a7
      mapOffset = 12
      MAX_ARRAY_SIZE = 2147483639
    elementSetUnsorted = false
    serialVersionUID = 756240983881166148
    $$$tc$$$ = class com.ibm.websphere.ras.TraceComponent@22fafa53
      strings[0] = "TraceComponent[com.ibm.wsspi.kernel.service.utils.ConcurrentServiceReferenceSet,class com.ibm.wsspi.kernel.service.utils.ConcurrentServiceReferenceSet,[kernelUtils],com.ibm.ws.kernel.service.utils.resources.ServiceMessages,null]"
  serialVersionUID = 2284273176985484160
  $$$tc$$$ = class com.ibm.websphere.ras.TraceComponent@1f4c0ddb
    strings[0] = "TraceComponent[com.ibm.ws.container.service.state.internal.StateChangeManager,class com.ibm.ws.container.service.state.internal.StateChangeManager,[Runtime],null,null]"

Dump of objectArray[0]
Object type = com.ibm.ws.container.service.app.deploy.internal.ApplicationInfoImpl
  appName = "documents"
  appMetaData = class com.ibm.ws.container.service.app.deploy.internal.ApplicationMetaDataImpl@214ae5de
    j2eeName = class com.ibm.ws.container.service.metadata.internal.J2EENameImpl@52ea787f
      serialVersionUID = 7488184044073147667
      application = "documents"
      module = null
      component = null
      string = "documents"
      j2eeNameBytes = null
      $$$tc$$$ = class com.ibm.websphere.ras.TraceComponent@61775770
    serialVersionUID = -7906531148367236579
    $$$tc$$$ = class com.ibm.websphere.ras.TraceComponent@1140f6b7
      strings[0] = "TraceComponent[com.ibm.ws.container.service.app.deploy.internal.ApplicationMetaDataImpl,class com.ibm.ws.container.service.app.deploy.internal.ApplicationMetaDataImpl,[container.service],com.ibm.ws.container.service.resources.Messages,null]"
    tc = class com.ibm.websphere.ras.TraceComponent@152b0bc4
      strings[0] = "TraceComponent[com.ibm.ws.runtime.metadata.MetaDataImpl,class com.ibm.ws.runtime.metadata.MetaDataImpl,[Runtime],null,null]"
    NUM_STATIC_SLOTS = 4
    ID_UNINITIALIZED = -1
    id = 6
    metaDataInterface = class java.lang.Class@672d15a5
      ANNOTATION = 8192
      ENUM = 16384
      SYNTHETIC = 4096
      cachedConstructor = null
      newInstanceCallerCache = null
      name = "com.ibm.ws.runtime.metadata.ApplicationMetaData"
      allPermDomain = class java.security.ProtectionDomain@79c7a2da
      useCaches = true
      reflectionData = null
      classRedefinedCount = 0
      genericInfo = null
      serialVersionUID = 3206093459760846163
      serialPersistentFields = class java.io.ObjectStreamField[0]
      reflectionFactory = class sun.reflect.ReflectionFactory@377e2120
      initted = true
      enumConstants = null
      enumConstantDirectory = null
      annotationData = null
      annotationType = null
      classValueMap = null
    staticSlots = class java.lang.Object[4]
      Object[0] = class com.ibm.ws.cdi.impl.weld.WebSphereCDIDeploymentImpl@3cbf23cf
      Object[1] = class com.ibm.ws.injectionengine.osgi.internal.OSGiInjectionScopeData@4f46da5f
      Object[2] = "documents"
      Object[3] = null
    dynamicSlots = null
  appContainer = class com.ibm.ws.adaptable.module.internal.AdaptableContainerImpl@7630a931
    root = class com.ibm.ws.adaptable.module.internal.AdaptableContainerImpl@7630a931
    rootOverlay = class com.ibm.ws.artifact.overlay.internal.DirectoryBasedOverlayContainerImpl@6fc65d6
      base = class com.ibm.ws.artifact.loose.internal.LooseArchive@494536eb
      maskSet = class java.util.HashSet@6069cdda
      cfHolder = class com.ibm.ws.artifact.overlay.internal.OverlayContainerFactoryImpl@3d2e6084
      fileOverlayContainer = class com.ibm.ws.artifact.file.internal.FileContainer@4f5329e0
      overlayDirectory = class java.io.File@24184eae
      cacheDirForOverlay = class java.io.File@448ad6a8
      overlayNotifier = class com.ibm.ws.artifact.overlay.internal.DirectoryBasedOverlayNotifier@59be076e
      enclosingContainer = null
      entryInEnclosingContainer = null
      nestedOverlays = class java.util.concurrent.ConcurrentHashMap@6a23c4fe
      cacheStore = class com.ibm.ws.artifact.overlay.internal.OverlayCache@3ce9ec73
      parentOverlay = null
      isPassThroughMode = true
      serialVersionUID = -6650153487216279998
      $$$tc$$$ = class com.ibm.websphere.ras.TraceComponent@745ff39c
    factoryHolder = class com.ibm.ws.adaptable.module.internal.AdaptableModuleFactoryImpl@3f524f2c
      adapterFactoryService = class com.ibm.ws.adaptable.module.internal.AdapterFactoryServiceImpl@4dc8311d
      containerFactory = class com.ibm.ws.artifact.internal.ArtifactContainerFactoryService@7953ef31
      overlayContainerFactory = class com.ibm.ws.artifact.overlay.internal.OverlayContainerFactoryImpl@3d2e6084
      serialVersionUID = 4200251809856292987
      $$$tc$$$ = class com.ibm.websphere.ras.TraceComponent@32242d22
    delegate = class com.ibm.ws.artifact.overlay.internal.DirectoryBasedOverlayContainerImpl@6fc65d6
    notifier = class com.ibm.ws.adaptable.module.internal.NotifierImpl@7718cb91
      root = class com.ibm.ws.adaptable.module.internal.AdaptableContainerImpl@7630a931
      delegateNotifier = class com.ibm.ws.artifact.overlay.internal.DirectoryBasedOverlayNotifier@59be076e
      delegateRoot = class com.ibm.ws.artifact.overlay.internal.DirectoryBasedOverlayContainerImpl@6fc65d6
      listenerDelegates = class java.util.HashMap@527fbd5a
      serialVersionUID = 6839382523957017880
      $$$tc$$$ = class com.ibm.websphere.ras.TraceComponent@3e972f2a
    serialVersionUID = -5950528200509051684
    $$$tc$$$ = class com.ibm.websphere.ras.TraceComponent@47c6eeed
      strings[0] = "TraceComponent[com.ibm.ws.adaptable.module.internal.AdaptableContainerImpl,class com.ibm.ws.adaptable.module.internal.AdaptableContainerImpl,[archive.adaptable],null,null]"
  configHelper = class com.ibm.ws.app.manager.module.ApplicationNestedConfigHelper@31d25b91
    appInfo = class com.ibm.ws.app.manager.internal.ApplicationInstallInfo@571859c9
    serialVersionUID = -3174031738676705046
    $$$tc$$$ = class com.ibm.websphere.ras.TraceComponent@121ca19d
      strings[0] = "TraceComponent[com.ibm.ws.app.manager.module.ApplicationNestedConfigHelper,class com.ibm.ws.app.manager.module.ApplicationNestedConfigHelper,[applications, app.manager],null,null]"
  applicationInformation = class com.ibm.ws.app.manager.internal.ApplicationInstallInfo@571859c9
    _config = class com.ibm.ws.app.manager.internal.ApplicationConfig@3baaddb5
      tc = class com.ibm.websphere.ras.TraceComponent@2a59528d
      _configPid = "com.ibm.ws.app.manager_46"
      _config = class com.ibm.ws.config.admin.ConfigurationDictionary@1d6b8af9
      _applicationManager = class com.ibm.ws.app.manager.ApplicationManager@1b78cfad
      _location = "documents.war"
      _type = "war"
      _name = "documents"
      _notificationBroadcasterSupport = class javax.management.NotificationBroadcasterSupport@19af3345
      ONE_TIME_JANDEX_MSGS_DISPLAYED = true
      serialVersionUID = -2151423388299667431
    _handlerInfo = class java.util.concurrent.atomic.AtomicReference@10ab4b9
      serialVersionUID = -1848883965231344442
      unsafe = class sun.misc.Unsafe@29c211a7
      valueOffset = 12
      value = class com.ibm.ws.app.manager.war.internal.WARDeployedAppInfo@484f0a0c
    _container = class java.util.concurrent.atomic.AtomicReference@22a769da
      serialVersionUID = -1848883965231344442
      unsafe = class sun.misc.Unsafe@29c211a7
      valueOffset = 12
      value = class com.ibm.ws.adaptable.module.internal.AdaptableContainerImpl@7630a931
    _resolvedLocation = class java.util.concurrent.atomic.AtomicReference@37e4ba56
      serialVersionUID = -1848883965231344442
      unsafe = class sun.misc.Unsafe@29c211a7
      valueOffset = 12
      value = class com.ibm.ws.kernel.service.location.internal.LocalFileResource@5a62b87e
    _handler = class com.ibm.ws.app.manager.war.internal.WARApplicationHandlerImpl@51f7a564
      futureMonitor = class com.ibm.ws.threading.internal.FutureMonitorImpl@143c308d
      deployedAppFactory = class com.ibm.ws.app.manager.war.internal.WARDeployedAppInfoFactoryImpl@738268b
      serialVersionUID = 4622845147410944782
      $$$tc$$$ = class com.ibm.websphere.ras.TraceComponent@63590284
    _ami = class java.util.concurrent.atomic.AtomicReference@611bb78
      serialVersionUID = -1848883965231344442
      unsafe = class sun.misc.Unsafe@29c211a7
      valueOffset = 12
      value = class com.ibm.wsspi.application.handler.DefaultApplicationMonitoringInformation@53d71eea
    _updateHandler = class com.ibm.ws.app.manager.internal.statemachine.ApplicationStateMachineImpl@4c3725ab
      _tc = class com.ibm.websphere.ras.TraceComponent@1cdb3967
      EMPTY_FUTURE_ARRAY = interface java.util.concurrent.Future[0]
      asmSequenceNumber = class java.util.concurrent.atomic.AtomicLong@792c0483
      _qscaCounter = class java.util.concurrent.atomic.AtomicInteger@2cc449ac
      _failedThrowable = class com.ibm.ws.container.service.state.StateChangeException@283a81
      _interruptibleLock = class com.ibm.ws.app.manager.internal.statemachine.ApplicationStateMachineImpl$2@5909bce1
      _interruptible = false
      _performingQueuedActions = true
      _queuedActions = class java.util.concurrent.ConcurrentLinkedQueue@1f43d535
      _callbackState = class java.util.concurrent.atomic.AtomicReference@6d2d242
      blockAppStartingFutures = class java.util.Collections$SetFromMap@8d5721d
      waitingForAppHandlerFuture = class java.util.concurrent.atomic.AtomicReference@1caf3952
      waitingForExplicitStartFuture = class java.util.concurrent.atomic.AtomicReference@1dc4ad8f
      startAfterFutures = class java.util.Collections$SetFromMap@d143cb7
      completionListener = class java.util.concurrent.atomic.AtomicReference@2e72e292
      _notifyAppStopped = class java.util.concurrent.ConcurrentLinkedQueue@4b722ba7
      _notifyAppStarting = class java.util.concurrent.ConcurrentLinkedQueue@73625f93
      _notifyAppInstallCalled = class java.util.concurrent.ConcurrentLinkedQueue@5f3f34cc
      _notifyAppStarted = class java.util.concurrent.ConcurrentLinkedQueue@66e02bcb
      _notifyAppRemoved = class java.util.concurrent.ConcurrentLinkedQueue@3c150ba3
      _stateLock = class com.ibm.ws.app.manager.internal.statemachine.ApplicationStateMachineImpl$3@5d6a5575
      _internalState = class java.util.concurrent.atomic.AtomicReference@7b558340
      _currentAction = class java.util.concurrent.atomic.AtomicReference@1c0c4192
      _rfa = class java.util.concurrent.atomic.AtomicReference@8d009a3
      _appInstallInfo = class java.util.concurrent.atomic.AtomicReference@79e3431
      _update = class java.util.concurrent.atomic.AtomicBoolean@5006e801
      _appConfig = class java.util.concurrent.atomic.AtomicReference@2ef83342
      _nextAppConfig = class java.util.concurrent.atomic.AtomicReference@26edaa2f
      _appContainer = class java.util.concurrent.atomic.AtomicReference@50a42d7f
      _resolvedLocation = class java.util.concurrent.atomic.AtomicReference@3785818a
      _handler = class java.util.concurrent.atomic.AtomicReference@5888c61b
      _asmSeqNo = 0
      _ctx = class org.eclipse.osgi.internal.framework.BundleContextImpl@2a31146e
      _locAdmin = class com.ibm.ws.kernel.service.location.internal.WsLocationAdminImpl@62c1bb32
      _futureMonitor = class com.ibm.ws.threading.internal.FutureMonitorImpl@143c308d
      _artifactFactory = class com.ibm.ws.artifact.internal.ArtifactContainerFactoryService@7953ef31
      _moduleFactory = class com.ibm.ws.adaptable.module.internal.AdaptableModuleFactoryImpl@3f524f2c
      _executorService = class com.ibm.ws.threading.internal.ExecutorServiceImpl@67f5461e
      _scheduledExecutorService = class com.ibm.ws.threading.internal.ScheduledExecutorImpl@97b310c
      _asmHelper = class com.ibm.ws.app.manager.internal.ApplicationConfigurator$NamedApplication@343fcb1d
      _appMonitor = class com.ibm.ws.app.manager.internal.monitor.ApplicationMonitor@660c133a
      enterStateCalled = class java.util.concurrent.atomic.AtomicBoolean@c042ad
      serialVersionUID = 7990273947104993494
      serialVersionUID = 300267208965883056
      $$$tc$$$ = class com.ibm.websphere.ras.TraceComponent@148312ca
    serialVersionUID = 2630639237123415755
    $$$tc$$$ = class com.ibm.websphere.ras.TraceComponent@4a05fc3a
      strings[0] = "TraceComponent[com.ibm.ws.app.manager.internal.ApplicationInstallInfo,class com.ibm.ws.app.manager.internal.ApplicationInstallInfo,[applications, app.manager],com.ibm.ws.app.manager.internal.resources.AppManagerMessages,null]"
  serialVersionUID = 5227817860647895780
  $$$tc$$$ = class com.ibm.websphere.ras.TraceComponent@4d4587ea
    strings[0] = "TraceComponent[com.ibm.ws.container.service.app.deploy.internal.ApplicationInfoImpl,class com.ibm.ws.container.service.app.deploy.internal.ApplicationInfoImpl,[container.service],com.ibm.ws.container.service.resources.Messages,null]"

