------Start of DE processing------ = [28/12/21 19:56:54:806 EET]
Exception = org.jboss.weld.exceptions.DeploymentException
Source = com.ibm.ws.container.service.state.internal.ApplicationStateManager
probeid = 54
Stack Dump = org.jboss.weld.exceptions.DeploymentException: WELD-001408: Unsatisfied dependencies for type DocumentDaoImpl with qualifiers @Default
  at injection point [BackedAnnotatedField] @Inject com.example.documents.HelloController.documentDaoImpl
  at com.example.documents.HelloController.documentDaoImpl(HelloController.java:0)
WELD-001474: Class com.example.documents.dao.DocumentDaoImpl is on the classpath, but was ignored because a class it references was not found: javax.persistence.EntityManager.

	at org.jboss.weld.bootstrap.Validator.validateInjectionPointForDeploymentProblems(Validator.java:378)
	at org.jboss.weld.bootstrap.Validator.validateInjectionPoint(Validator.java:290)
	at org.jboss.weld.bootstrap.Validator.validateGeneralBean(Validator.java:143)
	at org.jboss.weld.bootstrap.Validator.validateRIBean(Validator.java:164)
	at org.jboss.weld.bootstrap.Validator.validateBean(Validator.java:526)
	at org.jboss.weld.bootstrap.ConcurrentValidator$1.doWork(ConcurrentValidator.java:64)
	at org.jboss.weld.bootstrap.ConcurrentValidator$1.doWork(ConcurrentValidator.java:62)
	at org.jboss.weld.executor.IterativeWorkerTaskFactory$1.call(IterativeWorkerTaskFactory.java:62)
	at org.jboss.weld.executor.IterativeWorkerTaskFactory$1.call(IterativeWorkerTaskFactory.java:55)
	at java.util.concurrent.FutureTask.run(FutureTask.java:266)
	at java.util.concurrent.ThreadPoolExecutor.runWorker(ThreadPoolExecutor.java:1149)
	at java.util.concurrent.ThreadPoolExecutor$Worker.run(ThreadPoolExecutor.java:624)
	at java.lang.Thread.run(Thread.java:748)

Dump of callerThis
Object type = com.ibm.ws.container.service.state.internal.ApplicationStateManager
  serialVersionUID = -6685368059484454124
  $$$tc$$$ = class com.ibm.websphere.ras.TraceComponent@4601b04b
    strings[0] = "TraceComponent[com.ibm.ws.container.service.state.internal.ApplicationStateManager,class com.ibm.ws.container.service.state.internal.ApplicationStateManager,[Runtime],null,null]"
  listeners = class com.ibm.wsspi.kernel.service.utils.ConcurrentServiceReferenceSet@1684a5af
    referenceName = "applicationStateListeners"
    contextRef = class java.util.concurrent.atomic.AtomicReference@70c74a87
      serialVersionUID = -1848883965231344442
      unsafe = class sun.misc.Unsafe@3243dcec
      valueOffset = 12
      value = class org.apache.felix.scr.impl.manager.ComponentContextImpl@789a3b51
    elementMap = class java.util.LinkedHashMap@3ca51f01
      serialVersionUID = 3801124242820219131
      head = class java.util.LinkedHashMap$Entry@6cd37e54
      tail = class java.util.LinkedHashMap$Entry@2003ff6b
      accessOrder = false
      serialVersionUID = 362498820763181265
      DEFAULT_INITIAL_CAPACITY = 16
      MAXIMUM_CAPACITY = 1073741824
      DEFAULT_LOAD_FACTOR = 0.75
      TREEIFY_THRESHOLD = 8
      UNTREEIFY_THRESHOLD = 6
      MIN_TREEIFY_CAPACITY = 64
      table = class java.util.HashMap$Node[16]
      entrySet = null
      size = 11
      modCount = 11
      threshold = 12
      loadFactor = 0.75
      keySet = null
      values = null
    elementSet = class java.util.concurrent.ConcurrentSkipListSet@159b8b5
      serialVersionUID = -2479143111061671589
      m = class java.util.concurrent.ConcurrentSkipListMap@7e7d490c
      UNSAFE = class sun.misc.Unsafe@3243dcec
      mapOffset = 12
      MAX_ARRAY_SIZE = 2147483639
    elementSetUnsorted = false
    serialVersionUID = 756240983881166148
    $$$tc$$$ = class com.ibm.websphere.ras.TraceComponent@5ae3042b
      strings[0] = "TraceComponent[com.ibm.wsspi.kernel.service.utils.ConcurrentServiceReferenceSet,class com.ibm.wsspi.kernel.service.utils.ConcurrentServiceReferenceSet,[kernelUtils],com.ibm.ws.kernel.service.utils.resources.ServiceMessages,null]"
  serialVersionUID = 2284273176985484160
  $$$tc$$$ = class com.ibm.websphere.ras.TraceComponent@2f1133de
    strings[0] = "TraceComponent[com.ibm.ws.container.service.state.internal.StateChangeManager,class com.ibm.ws.container.service.state.internal.StateChangeManager,[Runtime],null,null]"

Dump of objectArray[0]
Object type = com.ibm.ws.container.service.app.deploy.internal.ApplicationInfoImpl
  appName = "documents"
  appMetaData = class com.ibm.ws.container.service.app.deploy.internal.ApplicationMetaDataImpl@5f5ed2d3
    j2eeName = class com.ibm.ws.container.service.metadata.internal.J2EENameImpl@53a99e48
      serialVersionUID = 7488184044073147667
      application = "documents"
      module = null
      component = null
      string = "documents"
      j2eeNameBytes = null
      $$$tc$$$ = class com.ibm.websphere.ras.TraceComponent@72a8c1e4
    serialVersionUID = -7906531148367236579
    $$$tc$$$ = class com.ibm.websphere.ras.TraceComponent@2fcab5e3
      strings[0] = "TraceComponent[com.ibm.ws.container.service.app.deploy.internal.ApplicationMetaDataImpl,class com.ibm.ws.container.service.app.deploy.internal.ApplicationMetaDataImpl,[container.service],com.ibm.ws.container.service.resources.Messages,null]"
    tc = class com.ibm.websphere.ras.TraceComponent@1b96d29c
      strings[0] = "TraceComponent[com.ibm.ws.runtime.metadata.MetaDataImpl,class com.ibm.ws.runtime.metadata.MetaDataImpl,[Runtime],null,null]"
    NUM_STATIC_SLOTS = 4
    ID_UNINITIALIZED = -1
    id = 6
    metaDataInterface = class java.lang.Class@13dce8e2
      ANNOTATION = 8192
      ENUM = 16384
      SYNTHETIC = 4096
      cachedConstructor = null
      newInstanceCallerCache = null
      name = "com.ibm.ws.runtime.metadata.ApplicationMetaData"
      allPermDomain = class java.security.ProtectionDomain@68b64eb5
      useCaches = true
      reflectionData = null
      classRedefinedCount = 0
      genericInfo = null
      serialVersionUID = 3206093459760846163
      serialPersistentFields = class java.io.ObjectStreamField[0]
      reflectionFactory = class sun.reflect.ReflectionFactory@16a4bcc3
      initted = true
      enumConstants = null
      enumConstantDirectory = null
      annotationData = null
      annotationType = null
      classValueMap = null
    staticSlots = class java.lang.Object[4]
      Object[0] = class com.ibm.ws.cdi.impl.weld.WebSphereCDIDeploymentImpl@4593f575
      Object[1] = class com.ibm.ws.injectionengine.osgi.internal.OSGiInjectionScopeData@7d85d4e6
      Object[2] = "documents"
      Object[3] = null
    dynamicSlots = null
  appContainer = class com.ibm.ws.adaptable.module.internal.AdaptableContainerImpl@5af3a5f8
    root = class com.ibm.ws.adaptable.module.internal.AdaptableContainerImpl@5af3a5f8
    rootOverlay = class com.ibm.ws.artifact.overlay.internal.DirectoryBasedOverlayContainerImpl@3e66e846
      base = class com.ibm.ws.artifact.loose.internal.LooseArchive@6c73812c
      maskSet = class java.util.HashSet@3b0ea30f
      cfHolder = class com.ibm.ws.artifact.overlay.internal.OverlayContainerFactoryImpl@1ea4baf9
      fileOverlayContainer = class com.ibm.ws.artifact.file.internal.FileContainer@4f951dfe
      overlayDirectory = class java.io.File@3f9f8fc1
      cacheDirForOverlay = class java.io.File@714745e6
      overlayNotifier = class com.ibm.ws.artifact.overlay.internal.DirectoryBasedOverlayNotifier@4a0f5a45
      enclosingContainer = null
      entryInEnclosingContainer = null
      nestedOverlays = class java.util.concurrent.ConcurrentHashMap@2d92d417
      cacheStore = class com.ibm.ws.artifact.overlay.internal.OverlayCache@6eb0b7e3
      parentOverlay = null
      isPassThroughMode = true
      serialVersionUID = -6650153487216279998
      $$$tc$$$ = class com.ibm.websphere.ras.TraceComponent@50340e83
    factoryHolder = class com.ibm.ws.adaptable.module.internal.AdaptableModuleFactoryImpl@3b036462
      adapterFactoryService = class com.ibm.ws.adaptable.module.internal.AdapterFactoryServiceImpl@2513b7a6
      containerFactory = class com.ibm.ws.artifact.internal.ArtifactContainerFactoryService@157e1c33
      overlayContainerFactory = class com.ibm.ws.artifact.overlay.internal.OverlayContainerFactoryImpl@1ea4baf9
      serialVersionUID = 4200251809856292987
      $$$tc$$$ = class com.ibm.websphere.ras.TraceComponent@1128ab24
    delegate = class com.ibm.ws.artifact.overlay.internal.DirectoryBasedOverlayContainerImpl@3e66e846
    notifier = class com.ibm.ws.adaptable.module.internal.NotifierImpl@1262e19b
      root = class com.ibm.ws.adaptable.module.internal.AdaptableContainerImpl@5af3a5f8
      delegateNotifier = class com.ibm.ws.artifact.overlay.internal.DirectoryBasedOverlayNotifier@4a0f5a45
      delegateRoot = class com.ibm.ws.artifact.overlay.internal.DirectoryBasedOverlayContainerImpl@3e66e846
      listenerDelegates = class java.util.HashMap@19e1511
      serialVersionUID = 6839382523957017880
      $$$tc$$$ = class com.ibm.websphere.ras.TraceComponent@6fe375bf
    serialVersionUID = -5950528200509051684
    $$$tc$$$ = class com.ibm.websphere.ras.TraceComponent@f260eff
      strings[0] = "TraceComponent[com.ibm.ws.adaptable.module.internal.AdaptableContainerImpl,class com.ibm.ws.adaptable.module.internal.AdaptableContainerImpl,[archive.adaptable],null,null]"
  configHelper = class com.ibm.ws.app.manager.module.ApplicationNestedConfigHelper@6c35a7f8
    appInfo = class com.ibm.ws.app.manager.internal.ApplicationInstallInfo@702a4f44
    serialVersionUID = -3174031738676705046
    $$$tc$$$ = class com.ibm.websphere.ras.TraceComponent@128480c8
      strings[0] = "TraceComponent[com.ibm.ws.app.manager.module.ApplicationNestedConfigHelper,class com.ibm.ws.app.manager.module.ApplicationNestedConfigHelper,[applications, app.manager],null,null]"
  applicationInformation = class com.ibm.ws.app.manager.internal.ApplicationInstallInfo@702a4f44
    _config = class com.ibm.ws.app.manager.internal.ApplicationConfig@515be12b
      tc = class com.ibm.websphere.ras.TraceComponent@1f4cd02a
      _configPid = "com.ibm.ws.app.manager_43"
      _config = class com.ibm.ws.config.admin.ConfigurationDictionary@187fd0e1
      _applicationManager = class com.ibm.ws.app.manager.ApplicationManager@c9bdb61
      _location = "documents.war"
      _type = "war"
      _name = "documents"
      _notificationBroadcasterSupport = class javax.management.NotificationBroadcasterSupport@5679bfda
      ONE_TIME_JANDEX_MSGS_DISPLAYED = true
      serialVersionUID = -2151423388299667431
    _handlerInfo = class java.util.concurrent.atomic.AtomicReference@54b0aca2
      serialVersionUID = -1848883965231344442
      unsafe = class sun.misc.Unsafe@3243dcec
      valueOffset = 12
      value = class com.ibm.ws.app.manager.war.internal.WARDeployedAppInfo@6316439f
    _container = class java.util.concurrent.atomic.AtomicReference@4bf423a2
      serialVersionUID = -1848883965231344442
      unsafe = class sun.misc.Unsafe@3243dcec
      valueOffset = 12
      value = class com.ibm.ws.adaptable.module.internal.AdaptableContainerImpl@5af3a5f8
    _resolvedLocation = class java.util.concurrent.atomic.AtomicReference@67db32d1
      serialVersionUID = -1848883965231344442
      unsafe = class sun.misc.Unsafe@3243dcec
      valueOffset = 12
      value = class com.ibm.ws.kernel.service.location.internal.LocalFileResource@2ef750e7
    _handler = class com.ibm.ws.app.manager.war.internal.WARApplicationHandlerImpl@6987d5b8
      futureMonitor = class com.ibm.ws.threading.internal.FutureMonitorImpl@521a305f
      deployedAppFactory = class com.ibm.ws.app.manager.war.internal.WARDeployedAppInfoFactoryImpl@2499f4b8
      serialVersionUID = 4622845147410944782
      $$$tc$$$ = class com.ibm.websphere.ras.TraceComponent@7ec8ae42
    _ami = class java.util.concurrent.atomic.AtomicReference@3883b196
      serialVersionUID = -1848883965231344442
      unsafe = class sun.misc.Unsafe@3243dcec
      valueOffset = 12
      value = class com.ibm.wsspi.application.handler.DefaultApplicationMonitoringInformation@3184dc4f
    _updateHandler = class com.ibm.ws.app.manager.internal.statemachine.ApplicationStateMachineImpl@52807c17
      _tc = class com.ibm.websphere.ras.TraceComponent@2a0ca25d
      EMPTY_FUTURE_ARRAY = interface java.util.concurrent.Future[0]
      asmSequenceNumber = class java.util.concurrent.atomic.AtomicLong@2a1822ca
      _qscaCounter = class java.util.concurrent.atomic.AtomicInteger@6cce7c45
      _failedThrowable = null
      _interruptibleLock = class com.ibm.ws.app.manager.internal.statemachine.ApplicationStateMachineImpl$2@3d15d0f8
      _interruptible = false
      _performingQueuedActions = true
      _queuedActions = class java.util.concurrent.ConcurrentLinkedQueue@2ae415b1
      _callbackState = class java.util.concurrent.atomic.AtomicReference@41817c55
      blockAppStartingFutures = class java.util.Collections$SetFromMap@5e321c74
      waitingForAppHandlerFuture = class java.util.concurrent.atomic.AtomicReference@4d33955a
      waitingForExplicitStartFuture = class java.util.concurrent.atomic.AtomicReference@47f058d0
      startAfterFutures = class java.util.Collections$SetFromMap@d59e7af
      completionListener = class java.util.concurrent.atomic.AtomicReference@43469bcc
      _notifyAppStopped = class java.util.concurrent.ConcurrentLinkedQueue@128e4fbb
      _notifyAppStarting = class java.util.concurrent.ConcurrentLinkedQueue@577da3e2
      _notifyAppInstallCalled = class java.util.concurrent.ConcurrentLinkedQueue@155b423d
      _notifyAppStarted = class java.util.concurrent.ConcurrentLinkedQueue@62b433a1
      _notifyAppRemoved = class java.util.concurrent.ConcurrentLinkedQueue@2274bdb
      _stateLock = class com.ibm.ws.app.manager.internal.statemachine.ApplicationStateMachineImpl$3@387f8ace
      _internalState = class java.util.concurrent.atomic.AtomicReference@777a7d56
      _currentAction = class java.util.concurrent.atomic.AtomicReference@34107123
      _rfa = class java.util.concurrent.atomic.AtomicReference@cd18de9
      _appInstallInfo = class java.util.concurrent.atomic.AtomicReference@48bc5f47
      _update = class java.util.concurrent.atomic.AtomicBoolean@6c080bcb
      _appConfig = class java.util.concurrent.atomic.AtomicReference@5ba6f600
      _nextAppConfig = class java.util.concurrent.atomic.AtomicReference@5b988658
      _appContainer = class java.util.concurrent.atomic.AtomicReference@7174bc0b
      _resolvedLocation = class java.util.concurrent.atomic.AtomicReference@5d0eb7bd
      _handler = class java.util.concurrent.atomic.AtomicReference@31745cea
      _asmSeqNo = 0
      _ctx = class org.eclipse.osgi.internal.framework.BundleContextImpl@25809c98
      _locAdmin = class com.ibm.ws.kernel.service.location.internal.WsLocationAdminImpl@7a81c3ed
      _futureMonitor = class com.ibm.ws.threading.internal.FutureMonitorImpl@521a305f
      _artifactFactory = class com.ibm.ws.artifact.internal.ArtifactContainerFactoryService@157e1c33
      _moduleFactory = class com.ibm.ws.adaptable.module.internal.AdaptableModuleFactoryImpl@3b036462
      _executorService = class com.ibm.ws.threading.internal.ExecutorServiceImpl@411ab5fa
      _scheduledExecutorService = class com.ibm.ws.threading.internal.ScheduledExecutorImpl@624eac65
      _asmHelper = class com.ibm.ws.app.manager.internal.ApplicationConfigurator$NamedApplication@4f066bac
      _appMonitor = class com.ibm.ws.app.manager.internal.monitor.ApplicationMonitor@1624956a
      enterStateCalled = class java.util.concurrent.atomic.AtomicBoolean@15bfd739
      serialVersionUID = 7990273947104993494
      serialVersionUID = 300267208965883056
      $$$tc$$$ = class com.ibm.websphere.ras.TraceComponent@7e8e88ad
    serialVersionUID = 2630639237123415755
    $$$tc$$$ = class com.ibm.websphere.ras.TraceComponent@47d053b3
      strings[0] = "TraceComponent[com.ibm.ws.app.manager.internal.ApplicationInstallInfo,class com.ibm.ws.app.manager.internal.ApplicationInstallInfo,[applications, app.manager],com.ibm.ws.app.manager.internal.resources.AppManagerMessages,null]"
  serialVersionUID = 5227817860647895780
  $$$tc$$$ = class com.ibm.websphere.ras.TraceComponent@197cae14
    strings[0] = "TraceComponent[com.ibm.ws.container.service.app.deploy.internal.ApplicationInfoImpl,class com.ibm.ws.container.service.app.deploy.internal.ApplicationInfoImpl,[container.service],com.ibm.ws.container.service.resources.Messages,null]"

