------Start of DE processing------ = [28/12/21 20:44:18:879 EET]
Exception = org.jboss.weld.exceptions.DeploymentException
Source = com.ibm.ws.container.service.state.internal.ApplicationStateManager
probeid = 54
Stack Dump = org.jboss.weld.exceptions.DeploymentException: WELD-001408: Unsatisfied dependencies for type DocumentDaoImpl with qualifiers @Default
  at injection point [BackedAnnotatedField] @Inject com.example.documents.HelloController.documentDaoImpl
  at com.example.documents.HelloController.documentDaoImpl(HelloController.java:0)
WELD-001474: Class com.example.documents.dao.DocumentDaoImpl is on the classpath, but was ignored because a class it references was not found: javax.persistence.EntityManager.

	at org.jboss.weld.bootstrap.Validator.validateInjectionPointForDeploymentProblems(Validator.java:378)
	at org.jboss.weld.bootstrap.Validator.validateInjectionPoint(Validator.java:290)
	at org.jboss.weld.bootstrap.Validator.validateGeneralBean(Validator.java:143)
	at org.jboss.weld.bootstrap.Validator.validateRIBean(Validator.java:164)
	at org.jboss.weld.bootstrap.Validator.validateBean(Validator.java:526)
	at org.jboss.weld.bootstrap.ConcurrentValidator$1.doWork(ConcurrentValidator.java:64)
	at org.jboss.weld.bootstrap.ConcurrentValidator$1.doWork(ConcurrentValidator.java:62)
	at org.jboss.weld.executor.IterativeWorkerTaskFactory$1.call(IterativeWorkerTaskFactory.java:62)
	at org.jboss.weld.executor.IterativeWorkerTaskFactory$1.call(IterativeWorkerTaskFactory.java:55)
	at java.util.concurrent.FutureTask.run(FutureTask.java:266)
	at java.util.concurrent.ThreadPoolExecutor.runWorker(ThreadPoolExecutor.java:1149)
	at java.util.concurrent.ThreadPoolExecutor$Worker.run(ThreadPoolExecutor.java:624)
	at java.lang.Thread.run(Thread.java:748)

Dump of callerThis
Object type = com.ibm.ws.container.service.state.internal.ApplicationStateManager
  serialVersionUID = -6685368059484454124
  $$$tc$$$ = class com.ibm.websphere.ras.TraceComponent@71cc33f0
    strings[0] = "TraceComponent[com.ibm.ws.container.service.state.internal.ApplicationStateManager,class com.ibm.ws.container.service.state.internal.ApplicationStateManager,[Runtime],null,null]"
  listeners = class com.ibm.wsspi.kernel.service.utils.ConcurrentServiceReferenceSet@1055b628
    referenceName = "applicationStateListeners"
    contextRef = class java.util.concurrent.atomic.AtomicReference@7fe4cfb8
      serialVersionUID = -1848883965231344442
      unsafe = class sun.misc.Unsafe@6ca2c0db
      valueOffset = 12
      value = class org.apache.felix.scr.impl.manager.ComponentContextImpl@4acc2ea7
    elementMap = class java.util.LinkedHashMap@7a71d35e
      serialVersionUID = 3801124242820219131
      head = class java.util.LinkedHashMap$Entry@6d0f137e
      tail = class java.util.LinkedHashMap$Entry@1751a21c
      accessOrder = false
      serialVersionUID = 362498820763181265
      DEFAULT_INITIAL_CAPACITY = 16
      MAXIMUM_CAPACITY = 1073741824
      DEFAULT_LOAD_FACTOR = 0.75
      TREEIFY_THRESHOLD = 8
      UNTREEIFY_THRESHOLD = 6
      MIN_TREEIFY_CAPACITY = 64
      table = class java.util.HashMap$Node[16]
      entrySet = null
      size = 11
      modCount = 11
      threshold = 12
      loadFactor = 0.75
      keySet = null
      values = null
    elementSet = class java.util.concurrent.ConcurrentSkipListSet@83b5319
      serialVersionUID = -2479143111061671589
      m = class java.util.concurrent.ConcurrentSkipListMap@356240c0
      UNSAFE = class sun.misc.Unsafe@6ca2c0db
      mapOffset = 12
      MAX_ARRAY_SIZE = 2147483639
    elementSetUnsorted = false
    serialVersionUID = 756240983881166148
    $$$tc$$$ = class com.ibm.websphere.ras.TraceComponent@5ae3042b
      strings[0] = "TraceComponent[com.ibm.wsspi.kernel.service.utils.ConcurrentServiceReferenceSet,class com.ibm.wsspi.kernel.service.utils.ConcurrentServiceReferenceSet,[kernelUtils],com.ibm.ws.kernel.service.utils.resources.ServiceMessages,null]"
  serialVersionUID = 2284273176985484160
  $$$tc$$$ = class com.ibm.websphere.ras.TraceComponent@52b6b473
    strings[0] = "TraceComponent[com.ibm.ws.container.service.state.internal.StateChangeManager,class com.ibm.ws.container.service.state.internal.StateChangeManager,[Runtime],null,null]"

Dump of objectArray[0]
Object type = com.ibm.ws.container.service.app.deploy.internal.ApplicationInfoImpl
  appName = "documents"
  appMetaData = class com.ibm.ws.container.service.app.deploy.internal.ApplicationMetaDataImpl@49789d5
    j2eeName = class com.ibm.ws.container.service.metadata.internal.J2EENameImpl@16cbfa48
      serialVersionUID = 7488184044073147667
      application = "documents"
      module = null
      component = null
      string = "documents"
      j2eeNameBytes = null
      $$$tc$$$ = class com.ibm.websphere.ras.TraceComponent@882710f
    serialVersionUID = -7906531148367236579
    $$$tc$$$ = class com.ibm.websphere.ras.TraceComponent@628ac220
      strings[0] = "TraceComponent[com.ibm.ws.container.service.app.deploy.internal.ApplicationMetaDataImpl,class com.ibm.ws.container.service.app.deploy.internal.ApplicationMetaDataImpl,[container.service],com.ibm.ws.container.service.resources.Messages,null]"
    tc = class com.ibm.websphere.ras.TraceComponent@3bd29c95
      strings[0] = "TraceComponent[com.ibm.ws.runtime.metadata.MetaDataImpl,class com.ibm.ws.runtime.metadata.MetaDataImpl,[Runtime],null,null]"
    NUM_STATIC_SLOTS = 4
    ID_UNINITIALIZED = -1
    id = 6
    metaDataInterface = class java.lang.Class@ce814cd
      ANNOTATION = 8192
      ENUM = 16384
      SYNTHETIC = 4096
      cachedConstructor = null
      newInstanceCallerCache = null
      name = "com.ibm.ws.runtime.metadata.ApplicationMetaData"
      allPermDomain = class java.security.ProtectionDomain@2d61b10f
      useCaches = true
      reflectionData = null
      classRedefinedCount = 0
      genericInfo = null
      serialVersionUID = 3206093459760846163
      serialPersistentFields = class java.io.ObjectStreamField[0]
      reflectionFactory = class sun.reflect.ReflectionFactory@53baf09b
      initted = true
      enumConstants = null
      enumConstantDirectory = null
      annotationData = null
      annotationType = null
      classValueMap = null
    staticSlots = class java.lang.Object[4]
      Object[0] = class com.ibm.ws.cdi.impl.weld.WebSphereCDIDeploymentImpl@1b0c1e50
      Object[1] = class com.ibm.ws.injectionengine.osgi.internal.OSGiInjectionScopeData@536cb2fe
      Object[2] = "documents"
      Object[3] = null
    dynamicSlots = null
  appContainer = class com.ibm.ws.adaptable.module.internal.AdaptableContainerImpl@291374bb
    root = class com.ibm.ws.adaptable.module.internal.AdaptableContainerImpl@291374bb
    rootOverlay = class com.ibm.ws.artifact.overlay.internal.DirectoryBasedOverlayContainerImpl@35a81fdb
      base = class com.ibm.ws.artifact.loose.internal.LooseArchive@7cfa1ed4
      maskSet = class java.util.HashSet@4a37b8f7
      cfHolder = class com.ibm.ws.artifact.overlay.internal.OverlayContainerFactoryImpl@6bd853c9
      fileOverlayContainer = class com.ibm.ws.artifact.file.internal.FileContainer@5f48853a
      overlayDirectory = class java.io.File@23bcc060
      cacheDirForOverlay = class java.io.File@f9c767d
      overlayNotifier = class com.ibm.ws.artifact.overlay.internal.DirectoryBasedOverlayNotifier@765c66c5
      enclosingContainer = null
      entryInEnclosingContainer = null
      nestedOverlays = class java.util.concurrent.ConcurrentHashMap@781b8779
      cacheStore = class com.ibm.ws.artifact.overlay.internal.OverlayCache@63e1bc15
      parentOverlay = null
      isPassThroughMode = true
      serialVersionUID = -6650153487216279998
      $$$tc$$$ = class com.ibm.websphere.ras.TraceComponent@30e271c5
    factoryHolder = class com.ibm.ws.adaptable.module.internal.AdaptableModuleFactoryImpl@5e16fc94
      adapterFactoryService = class com.ibm.ws.adaptable.module.internal.AdapterFactoryServiceImpl@58e509bc
      containerFactory = class com.ibm.ws.artifact.internal.ArtifactContainerFactoryService@bb21988
      overlayContainerFactory = class com.ibm.ws.artifact.overlay.internal.OverlayContainerFactoryImpl@6bd853c9
      serialVersionUID = 4200251809856292987
      $$$tc$$$ = class com.ibm.websphere.ras.TraceComponent@2651ff59
    delegate = class com.ibm.ws.artifact.overlay.internal.DirectoryBasedOverlayContainerImpl@35a81fdb
    notifier = class com.ibm.ws.adaptable.module.internal.NotifierImpl@82e779f
      root = class com.ibm.ws.adaptable.module.internal.AdaptableContainerImpl@291374bb
      delegateNotifier = class com.ibm.ws.artifact.overlay.internal.DirectoryBasedOverlayNotifier@765c66c5
      delegateRoot = class com.ibm.ws.artifact.overlay.internal.DirectoryBasedOverlayContainerImpl@35a81fdb
      listenerDelegates = class java.util.HashMap@7ff7ee5
      serialVersionUID = 6839382523957017880
      $$$tc$$$ = class com.ibm.websphere.ras.TraceComponent@70a20113
    serialVersionUID = -5950528200509051684
    $$$tc$$$ = class com.ibm.websphere.ras.TraceComponent@7c4b198f
      strings[0] = "TraceComponent[com.ibm.ws.adaptable.module.internal.AdaptableContainerImpl,class com.ibm.ws.adaptable.module.internal.AdaptableContainerImpl,[archive.adaptable],null,null]"
  configHelper = class com.ibm.ws.app.manager.module.ApplicationNestedConfigHelper@75a0bd81
    appInfo = class com.ibm.ws.app.manager.internal.ApplicationInstallInfo@28dfd627
    serialVersionUID = -3174031738676705046
    $$$tc$$$ = class com.ibm.websphere.ras.TraceComponent@4c132cf1
      strings[0] = "TraceComponent[com.ibm.ws.app.manager.module.ApplicationNestedConfigHelper,class com.ibm.ws.app.manager.module.ApplicationNestedConfigHelper,[applications, app.manager],null,null]"
  applicationInformation = class com.ibm.ws.app.manager.internal.ApplicationInstallInfo@28dfd627
    _config = class com.ibm.ws.app.manager.internal.ApplicationConfig@417ed568
      tc = class com.ibm.websphere.ras.TraceComponent@65982948
      _configPid = "com.ibm.ws.app.manager_35"
      _config = class com.ibm.ws.config.admin.ConfigurationDictionary@6a590ba6
      _applicationManager = class com.ibm.ws.app.manager.ApplicationManager@184fc6c3
      _location = "documents.war"
      _type = "war"
      _name = "documents"
      _notificationBroadcasterSupport = class javax.management.NotificationBroadcasterSupport@12ce01e3
      ONE_TIME_JANDEX_MSGS_DISPLAYED = true
      serialVersionUID = -2151423388299667431
    _handlerInfo = class java.util.concurrent.atomic.AtomicReference@3f29dc0a
      serialVersionUID = -1848883965231344442
      unsafe = class sun.misc.Unsafe@6ca2c0db
      valueOffset = 12
      value = class com.ibm.ws.app.manager.war.internal.WARDeployedAppInfo@38079804
    _container = class java.util.concurrent.atomic.AtomicReference@56327527
      serialVersionUID = -1848883965231344442
      unsafe = class sun.misc.Unsafe@6ca2c0db
      valueOffset = 12
      value = class com.ibm.ws.adaptable.module.internal.AdaptableContainerImpl@291374bb
    _resolvedLocation = class java.util.concurrent.atomic.AtomicReference@2ddb72f1
      serialVersionUID = -1848883965231344442
      unsafe = class sun.misc.Unsafe@6ca2c0db
      valueOffset = 12
      value = class com.ibm.ws.kernel.service.location.internal.LocalFileResource@7e16d7d8
    _handler = class com.ibm.ws.app.manager.war.internal.WARApplicationHandlerImpl@1ab927b7
      futureMonitor = class com.ibm.ws.threading.internal.FutureMonitorImpl@488da31d
      deployedAppFactory = class com.ibm.ws.app.manager.war.internal.WARDeployedAppInfoFactoryImpl@4c37acbf
      serialVersionUID = 4622845147410944782
      $$$tc$$$ = class com.ibm.websphere.ras.TraceComponent@62e98651
    _ami = class java.util.concurrent.atomic.AtomicReference@6b016166
      serialVersionUID = -1848883965231344442
      unsafe = class sun.misc.Unsafe@6ca2c0db
      valueOffset = 12
      value = class com.ibm.wsspi.application.handler.DefaultApplicationMonitoringInformation@7ad5a73e
    _updateHandler = class com.ibm.ws.app.manager.internal.statemachine.ApplicationStateMachineImpl@2edfba6c
      _tc = class com.ibm.websphere.ras.TraceComponent@3d2f585b
      EMPTY_FUTURE_ARRAY = interface java.util.concurrent.Future[0]
      asmSequenceNumber = class java.util.concurrent.atomic.AtomicLong@269bdfc9
      _qscaCounter = class java.util.concurrent.atomic.AtomicInteger@4a586af9
      _failedThrowable = null
      _interruptibleLock = class com.ibm.ws.app.manager.internal.statemachine.ApplicationStateMachineImpl$2@6edc1c84
      _interruptible = false
      _performingQueuedActions = true
      _queuedActions = class java.util.concurrent.ConcurrentLinkedQueue@33045e
      _callbackState = class java.util.concurrent.atomic.AtomicReference@78aee606
      blockAppStartingFutures = class java.util.Collections$SetFromMap@71a84448
      waitingForAppHandlerFuture = class java.util.concurrent.atomic.AtomicReference@7f1e4ec5
      waitingForExplicitStartFuture = class java.util.concurrent.atomic.AtomicReference@6717b48c
      startAfterFutures = class java.util.Collections$SetFromMap@6886e0be
      completionListener = class java.util.concurrent.atomic.AtomicReference@5b3f73e2
      _notifyAppStopped = class java.util.concurrent.ConcurrentLinkedQueue@565a6626
      _notifyAppStarting = class java.util.concurrent.ConcurrentLinkedQueue@cb31bb5
      _notifyAppInstallCalled = class java.util.concurrent.ConcurrentLinkedQueue@53ef998d
      _notifyAppStarted = class java.util.concurrent.ConcurrentLinkedQueue@736f5071
      _notifyAppRemoved = class java.util.concurrent.ConcurrentLinkedQueue@7601636c
      _stateLock = class com.ibm.ws.app.manager.internal.statemachine.ApplicationStateMachineImpl$3@627bb0aa
      _internalState = class java.util.concurrent.atomic.AtomicReference@4d776e99
      _currentAction = class java.util.concurrent.atomic.AtomicReference@4492539e
      _rfa = class java.util.concurrent.atomic.AtomicReference@39f54263
      _appInstallInfo = class java.util.concurrent.atomic.AtomicReference@6b45b17
      _update = class java.util.concurrent.atomic.AtomicBoolean@7041eefe
      _appConfig = class java.util.concurrent.atomic.AtomicReference@26994dcb
      _nextAppConfig = class java.util.concurrent.atomic.AtomicReference@35ece521
      _appContainer = class java.util.concurrent.atomic.AtomicReference@11a46c68
      _resolvedLocation = class java.util.concurrent.atomic.AtomicReference@6eed46bc
      _handler = class java.util.concurrent.atomic.AtomicReference@276a9bf
      _asmSeqNo = 0
      _ctx = class org.eclipse.osgi.internal.framework.BundleContextImpl@325eabac
      _locAdmin = class com.ibm.ws.kernel.service.location.internal.WsLocationAdminImpl@62146065
      _futureMonitor = class com.ibm.ws.threading.internal.FutureMonitorImpl@488da31d
      _artifactFactory = class com.ibm.ws.artifact.internal.ArtifactContainerFactoryService@bb21988
      _moduleFactory = class com.ibm.ws.adaptable.module.internal.AdaptableModuleFactoryImpl@5e16fc94
      _executorService = class com.ibm.ws.threading.internal.ExecutorServiceImpl@66c8123d
      _scheduledExecutorService = class com.ibm.ws.threading.internal.ScheduledExecutorImpl@5144740a
      _asmHelper = class com.ibm.ws.app.manager.internal.ApplicationConfigurator$NamedApplication@2c431492
      _appMonitor = class com.ibm.ws.app.manager.internal.monitor.ApplicationMonitor@df0ef76
      enterStateCalled = class java.util.concurrent.atomic.AtomicBoolean@4c26a1e5
      serialVersionUID = 7990273947104993494
      serialVersionUID = 300267208965883056
      $$$tc$$$ = class com.ibm.websphere.ras.TraceComponent@6a75bf8c
    serialVersionUID = 2630639237123415755
    $$$tc$$$ = class com.ibm.websphere.ras.TraceComponent@4f354a7f
      strings[0] = "TraceComponent[com.ibm.ws.app.manager.internal.ApplicationInstallInfo,class com.ibm.ws.app.manager.internal.ApplicationInstallInfo,[applications, app.manager],com.ibm.ws.app.manager.internal.resources.AppManagerMessages,null]"
  serialVersionUID = 5227817860647895780
  $$$tc$$$ = class com.ibm.websphere.ras.TraceComponent@458b095
    strings[0] = "TraceComponent[com.ibm.ws.container.service.app.deploy.internal.ApplicationInfoImpl,class com.ibm.ws.container.service.app.deploy.internal.ApplicationInfoImpl,[container.service],com.ibm.ws.container.service.resources.Messages,null]"

