------Start of DE processing------ = [28/12/21 20:53:57:402 EET]
Exception = java.security.PrivilegedActionException
Source = com.ibm.ws.cdi.impl.weld.injection.WebSphereInjectionServicesImpl
probeid = 116
Stack Dump = java.security.PrivilegedActionException: com.ibm.wsspi.injectionengine.InjectionException: CWNEN0030E: The server was unable to obtain an object instance for the java:comp/env/lab7 reference.  The exception message was: Exception [EclipseLink-28018] (Eclipse Persistence Services - 2.7.9.v20210604-2c549e2208): org.eclipse.persistence.exceptions.EntityManagerSetupException
Exception Description: Predeployment of PersistenceUnit [lab7] failed.
Internal Exception: javax.persistence.PersistenceException: CWWJP0013E: The server cannot locate the jdbc/lab7 data source for the lab7 persistence unit because it has encountered the following exception: javax.naming.NameNotFoundException: Intermediate context does not exist: jdbc/lab7.
	at java.security.AccessController.doPrivileged(Native Method)
	at com.ibm.ws.cdi.impl.weld.injection.WebSphereInjectionServicesImpl.callInject(WebSphereInjectionServicesImpl.java:130)
	at com.ibm.ws.cdi.impl.weld.injection.WebSphereInjectionServicesImpl.injectJavaEEResources(WebSphereInjectionServicesImpl.java:112)
	at com.ibm.ws.cdi.impl.weld.injection.WebSphereInjectionServicesImpl.aroundInject(WebSphereInjectionServicesImpl.java:317)
	at org.jboss.weld.injection.InjectionContextImpl.run(InjectionContextImpl.java:46)
	at org.jboss.weld.injection.producer.ResourceInjector.inject(ResourceInjector.java:71)
	at org.jboss.weld.injection.producer.BasicInjectionTarget.inject(BasicInjectionTarget.java:117)
	at org.jboss.weld.bean.ManagedBean.create(ManagedBean.java:161)
	at org.jboss.weld.contexts.unbound.DependentContextImpl.get(DependentContextImpl.java:64)
	at org.jboss.weld.bean.ContextualInstanceStrategy$DefaultContextualInstanceStrategy.get(ContextualInstanceStrategy.java:100)
	at org.jboss.weld.bean.ContextualInstance.get(ContextualInstance.java:50)
	at org.jboss.weld.manager.BeanManagerImpl.getReference(BeanManagerImpl.java:694)
	at org.jboss.weld.manager.BeanManagerImpl.getInjectableReference(BeanManagerImpl.java:794)
	at org.jboss.weld.injection.FieldInjectionPoint.inject(FieldInjectionPoint.java:92)
	at org.jboss.weld.util.Beans.injectBoundFields(Beans.java:345)
	at org.jboss.weld.util.Beans.injectFieldsAndInitializers(Beans.java:356)
	at org.jboss.weld.injection.producer.ResourceInjector$1.proceed(ResourceInjector.java:69)
	at com.ibm.ws.cdi.impl.weld.injection.WebSphereInjectionServicesImpl$3.run(WebSphereInjectionServicesImpl.java:323)
	at com.ibm.ws.cdi.impl.weld.injection.WebSphereInjectionServicesImpl$3.run(WebSphereInjectionServicesImpl.java:320)
	at java.security.AccessController.doPrivileged(Native Method)
	at com.ibm.ws.cdi.impl.weld.injection.WebSphereInjectionServicesImpl.aroundInject(WebSphereInjectionServicesImpl.java:320)
	at org.jboss.weld.injection.InjectionContextImpl.run(InjectionContextImpl.java:46)
	at org.jboss.weld.injection.producer.ResourceInjector.inject(ResourceInjector.java:71)
	at org.jboss.weld.injection.producer.BasicInjectionTarget.inject(BasicInjectionTarget.java:117)
	at org.jboss.weld.bean.ManagedBean.create(ManagedBean.java:161)
	at org.jboss.weld.contexts.AbstractContext.get(AbstractContext.java:96)
	at org.jboss.weld.bean.ContextualInstanceStrategy$DefaultContextualInstanceStrategy.get(ContextualInstanceStrategy.java:100)
	at org.jboss.weld.bean.ContextualInstanceStrategy$ApplicationScopedContextualInstanceStrategy.get(ContextualInstanceStrategy.java:140)
	at org.jboss.weld.bean.ContextualInstance.get(ContextualInstance.java:50)
	at org.jboss.weld.manager.BeanManagerImpl.getReference(BeanManagerImpl.java:694)
	at org.jboss.weld.manager.BeanManagerImpl.getReference(BeanManagerImpl.java:717)
	at com.ibm.ws.jaxrs20.cdi.component.JaxRsFactoryImplicitBeanCDICustomizer.getClassFromCDI(JaxRsFactoryImplicitBeanCDICustomizer.java:243)
	at com.ibm.ws.jaxrs20.cdi.component.JaxRsFactoryImplicitBeanCDICustomizer.getInstanceFromManagedObject(JaxRsFactoryImplicitBeanCDICustomizer.java:257)
	at com.ibm.ws.jaxrs20.cdi.component.JaxRsFactoryImplicitBeanCDICustomizer.beforeServiceInvoke(JaxRsFactoryImplicitBeanCDICustomizer.java:219)
	at com.ibm.ws.jaxrs20.server.LibertyJaxRsInvoker.invoke(LibertyJaxRsInvoker.java:212)
	at org.apache.cxf.jaxrs.JAXRSInvoker.invoke(JAXRSInvoker.java:213)
	at com.ibm.ws.jaxrs20.server.LibertyJaxRsInvoker.invoke(LibertyJaxRsInvoker.java:444)
	at org.apache.cxf.jaxrs.JAXRSInvoker.invoke(JAXRSInvoker.java:112)
	at org.apache.cxf.interceptor.ServiceInvokerInterceptor$1.run(ServiceInvokerInterceptor.java:59)
	at org.apache.cxf.interceptor.ServiceInvokerInterceptor.handleMessage(ServiceInvokerInterceptor.java:96)
	at org.apache.cxf.phase.PhaseInterceptorChain.doIntercept(PhaseInterceptorChain.java:308)
	at org.apache.cxf.transport.ChainInitiationObserver.onMessage(ChainInitiationObserver.java:123)
	at org.apache.cxf.transport.http.AbstractHTTPDestination.invoke(AbstractHTTPDestination.java:277)
	at com.ibm.ws.jaxrs20.endpoint.AbstractJaxRsWebEndpoint.invoke(AbstractJaxRsWebEndpoint.java:137)
	at com.ibm.websphere.jaxrs.server.IBMRestServlet.handleRequest(IBMRestServlet.java:146)
	at com.ibm.websphere.jaxrs.server.IBMRestServlet.doGet(IBMRestServlet.java:112)
	at javax.servlet.http.HttpServlet.service(HttpServlet.java:686)
	at com.ibm.websphere.jaxrs.server.IBMRestServlet.service(IBMRestServlet.java:96)
	at com.ibm.ws.webcontainer.servlet.ServletWrapper.service(ServletWrapper.java:1258)
	at com.ibm.ws.webcontainer.servlet.ServletWrapper.handleRequest(ServletWrapper.java:746)
	at com.ibm.ws.webcontainer.servlet.ServletWrapper.handleRequest(ServletWrapper.java:443)
	at com.ibm.ws.webcontainer.filter.WebAppFilterChain.invokeTarget(WebAppFilterChain.java:193)
	at com.ibm.ws.webcontainer.filter.WebAppFilterChain.doFilter(WebAppFilterChain.java:98)
	at com.ibm.ws.security.jaspi.JaspiServletFilter.doFilter(JaspiServletFilter.java:56)
	at com.ibm.ws.webcontainer.filter.FilterInstanceWrapper.doFilter(FilterInstanceWrapper.java:201)
	at com.ibm.ws.webcontainer.filter.WebAppFilterChain.doFilter(WebAppFilterChain.java:91)
	at com.ibm.ws.webcontainer.filter.WebAppFilterManager.doFilter(WebAppFilterManager.java:1002)
	at com.ibm.ws.webcontainer.filter.WebAppFilterManager.invokeFilters(WebAppFilterManager.java:1140)
	at com.ibm.ws.webcontainer.webapp.WebApp.handleRequest(WebApp.java:5049)
	at com.ibm.ws.webcontainer.osgi.DynamicVirtualHost$2.handleRequest(DynamicVirtualHost.java:320)
	at com.ibm.ws.webcontainer.WebContainer.handleRequest(WebContainer.java:1007)
	at com.ibm.ws.webcontainer.osgi.DynamicVirtualHost$2.run(DynamicVirtualHost.java:285)
	at com.ibm.ws.http.dispatcher.internal.channel.HttpDispatcherLink$TaskWrapper.run(HttpDispatcherLink.java:1184)
	at com.ibm.ws.http.dispatcher.internal.channel.HttpDispatcherLink.wrapHandlerAndExecute(HttpDispatcherLink.java:453)
	at com.ibm.ws.http.dispatcher.internal.channel.HttpDispatcherLink.ready(HttpDispatcherLink.java:412)
	at com.ibm.ws.http.channel.internal.inbound.HttpInboundLink.handleDiscrimination(HttpInboundLink.java:566)
	at com.ibm.ws.http.channel.internal.inbound.HttpInboundLink.handleNewRequest(HttpInboundLink.java:500)
	at com.ibm.ws.http.channel.internal.inbound.HttpInboundLink.processRequest(HttpInboundLink.java:360)
	at com.ibm.ws.http.channel.internal.inbound.HttpInboundLink.ready(HttpInboundLink.java:327)
	at com.ibm.ws.tcpchannel.internal.NewConnectionInitialReadCallback.sendToDiscriminators(NewConnectionInitialReadCallback.java:167)
	at com.ibm.ws.tcpchannel.internal.NewConnectionInitialReadCallback.complete(NewConnectionInitialReadCallback.java:75)
	at com.ibm.ws.tcpchannel.internal.WorkQueueManager.requestComplete(WorkQueueManager.java:504)
	at com.ibm.ws.tcpchannel.internal.WorkQueueManager.attemptIO(WorkQueueManager.java:574)
	at com.ibm.ws.tcpchannel.internal.WorkQueueManager.workerRun(WorkQueueManager.java:958)
	at com.ibm.ws.tcpchannel.internal.WorkQueueManager$Worker.run(WorkQueueManager.java:1047)
	at com.ibm.ws.threading.internal.ExecutorServiceImpl$RunnableWrapper.run(ExecutorServiceImpl.java:238)
	at java.util.concurrent.ThreadPoolExecutor.runWorker(ThreadPoolExecutor.java:1149)
	at java.util.concurrent.ThreadPoolExecutor$Worker.run(ThreadPoolExecutor.java:624)
	at java.lang.Thread.run(Thread.java:748)
Caused by: com.ibm.wsspi.injectionengine.InjectionException: CWNEN0030E: The server was unable to obtain an object instance for the java:comp/env/lab7 reference.  The exception message was: Exception [EclipseLink-28018] (Eclipse Persistence Services - 2.7.9.v20210604-2c549e2208): org.eclipse.persistence.exceptions.EntityManagerSetupException
Exception Description: Predeployment of PersistenceUnit [lab7] failed.
Internal Exception: javax.persistence.PersistenceException: CWWJP0013E: The server cannot locate the jdbc/lab7 data source for the lab7 persistence unit because it has encountered the following exception: javax.naming.NameNotFoundException: Intermediate context does not exist: jdbc/lab7.
	at com.ibm.wsspi.injectionengine.InjectionBinding.getInjectionObject(InjectionBinding.java:1454)
	at com.ibm.wsspi.injectionengine.InjectionBinding.getInjectableObject(InjectionBinding.java:1368)
	at com.ibm.wsspi.injectionengine.InjectionTarget.inject(InjectionTarget.java:104)
	at com.ibm.ws.cdi.impl.weld.injection.WebSphereInjectionServicesImpl.inject(WebSphereInjectionServicesImpl.java:198)
	at com.ibm.ws.cdi.impl.weld.injection.WebSphereInjectionServicesImpl.inject(WebSphereInjectionServicesImpl.java:150)
	at com.ibm.ws.cdi.impl.weld.injection.WebSphereInjectionServicesImpl.access$000(WebSphereInjectionServicesImpl.java:74)
	at com.ibm.ws.cdi.impl.weld.injection.WebSphereInjectionServicesImpl$1.run(WebSphereInjectionServicesImpl.java:134)
	at com.ibm.ws.cdi.impl.weld.injection.WebSphereInjectionServicesImpl$1.run(WebSphereInjectionServicesImpl.java:130)
	... 79 more
Caused by: javax.persistence.PersistenceException: Exception [EclipseLink-28018] (Eclipse Persistence Services - 2.7.9.v20210604-2c549e2208): org.eclipse.persistence.exceptions.EntityManagerSetupException
Exception Description: Predeployment of PersistenceUnit [lab7] failed.
Internal Exception: javax.persistence.PersistenceException: CWWJP0013E: The server cannot locate the jdbc/lab7 data source for the lab7 persistence unit because it has encountered the following exception: javax.naming.NameNotFoundException: Intermediate context does not exist: jdbc/lab7.
	at org.eclipse.persistence.internal.jpa.EntityManagerSetupImpl.createPredeployFailedPersistenceException(EntityManagerSetupImpl.java:2112)
	at org.eclipse.persistence.internal.jpa.EntityManagerSetupImpl.predeploy(EntityManagerSetupImpl.java:2088)
	at org.eclipse.persistence.jpa.PersistenceProvider.createContainerEntityManagerFactoryImpl(PersistenceProvider.java:350)
	at org.eclipse.persistence.jpa.PersistenceProvider.createContainerEntityManagerFactory(PersistenceProvider.java:316)
	at com.ibm.ws.jpa.management.JPAPUnitInfo.createEMFactory(JPAPUnitInfo.java:925)
	at com.ibm.ws.jpa.management.JPAPUnitInfo.getEntityManagerFactory(JPAPUnitInfo.java:834)
	at com.ibm.ws.jpa.management.JPAPUnitInfo.getEntityManagerPool(JPAPUnitInfo.java:1012)
	at com.ibm.ws.jpa.management.JPATxEntityManager.<init>(JPATxEntityManager.java:147)
	at com.ibm.ws.jpa.container.v22.JPATxEntityManagerV22.<init>(JPATxEntityManagerV22.java:45)
	at com.ibm.ws.jpa.container.v22.internal.JPA22Runtime.createJPATxEntityManager(JPA22Runtime.java:71)
	at com.ibm.ws.jpa.management.AbstractJPAComponent.getEntityManager(AbstractJPAComponent.java:255)
	at com.ibm.ws.jpa.container.osgi.jndi.JPAJndiLookupObjectFactory.getObjectInstance(JPAJndiLookupObjectFactory.java:149)
	at com.ibm.wsspi.injectionengine.InjectionBinding.getInjectionObjectInstance(InjectionBinding.java:1552)
	at com.ibm.wsspi.injectionengine.InjectionBinding.getInjectionObject(InjectionBinding.java:1428)
	... 86 more
Caused by: Exception [EclipseLink-28018] (Eclipse Persistence Services - 2.7.9.v20210604-2c549e2208): org.eclipse.persistence.exceptions.EntityManagerSetupException
Exception Description: Predeployment of PersistenceUnit [lab7] failed.
Internal Exception: javax.persistence.PersistenceException: CWWJP0013E: The server cannot locate the jdbc/lab7 data source for the lab7 persistence unit because it has encountered the following exception: javax.naming.NameNotFoundException: Intermediate context does not exist: jdbc/lab7.
	at org.eclipse.persistence.exceptions.EntityManagerSetupException.predeployFailed(EntityManagerSetupException.java:233)
	... 100 more
Caused by: javax.persistence.PersistenceException: CWWJP0013E: The server cannot locate the jdbc/lab7 data source for the lab7 persistence unit because it has encountered the following exception: javax.naming.NameNotFoundException: Intermediate context does not exist: jdbc/lab7.
	at com.ibm.ws.jpa.management.JPAPUnitInfo.getJPADataSource(JPAPUnitInfo.java:357)
	at com.ibm.ws.jpa.management.JPAPUnitInfo.lookupJtaDataSource(JPAPUnitInfo.java:425)
	at com.ibm.ws.jpa.management.JPACompPUnitInfo.getJtaDataSource(JPACompPUnitInfo.java:137)
	at org.eclipse.persistence.internal.jpa.EntityManagerSetupImpl.predeploy(EntityManagerSetupImpl.java:1892)
	... 98 more
Caused by: javax.naming.NameNotFoundException: Intermediate context does not exist: jdbc/lab7
	at com.ibm.ws.jndi.internal.ContextNode.getTargetNode(ContextNode.java:125)
	at com.ibm.ws.jndi.internal.ContextNode.lookup(ContextNode.java:211)
	at com.ibm.ws.jndi.internal.WSContext.lookup(WSContext.java:308)
	at com.ibm.ws.jndi.WSContextBase.lookup(WSContextBase.java:61)
	at org.apache.aries.jndi.DelegateContext.lookup(DelegateContext.java:149)
	at javax.naming.InitialContext.lookup(InitialContext.java:417)
	at com.ibm.ws.jpa.container.osgi.internal.OSGiJPAPUnitInfo.lookupDataSource(OSGiJPAPUnitInfo.java:317)
	at com.ibm.ws.jpa.management.JPAPUnitInfo.getJPADataSource(JPAPUnitInfo.java:338)
	... 101 more

Dump of callerThis
Object type = com.ibm.ws.cdi.impl.weld.injection.WebSphereInjectionServicesImpl
  tc = class com.ibm.websphere.ras.TraceComponent@22e08fdc
    strings[0] = "TraceComponent[com.ibm.ws.cdi.impl.weld.injection.WebSphereInjectionServicesImpl,class com.ibm.ws.cdi.impl.weld.injection.WebSphereInjectionServicesImpl,[JCDI],com.ibm.ws.cdi.internal.resources.CDI,null]"
  ANNOTATIONS_KNOWN_TO_WELD = class java.util.HashSet@4be04b14
    serialVersionUID = -5024744406713321676
    map = class java.util.HashMap@3d5d0e9d
      serialVersionUID = 362498820763181265
      DEFAULT_INITIAL_CAPACITY = 16
      MAXIMUM_CAPACITY = 1073741824
      DEFAULT_LOAD_FACTOR = 0.75
      TREEIFY_THRESHOLD = 8
      UNTREEIFY_THRESHOLD = 6
      MIN_TREEIFY_CAPACITY = 64
      table = class java.util.HashMap$Node[16]
      entrySet = null
      size = 1
      modCount = 1
      threshold = 12
      loadFactor = 0.75
      keySet = null
      values = null
    PRESENT = class java.lang.Object@787959ce
    MAX_ARRAY_SIZE = 2147483639
  referenceContextMap = class java.util.concurrent.ConcurrentHashMap@377b8662
    serialVersionUID = 7249069246763182397
    MAXIMUM_CAPACITY = 1073741824
    DEFAULT_CAPACITY = 16
    MAX_ARRAY_SIZE = 2147483639
    DEFAULT_CONCURRENCY_LEVEL = 16
    LOAD_FACTOR = 0.75
    TREEIFY_THRESHOLD = 8
    UNTREEIFY_THRESHOLD = 6
    MIN_TREEIFY_CAPACITY = 64
    MIN_TRANSFER_STRIDE = 16
    RESIZE_STAMP_BITS = 16
    MAX_RESIZERS = 65535
    RESIZE_STAMP_SHIFT = 16
    MOVED = -1
    TREEBIN = -2
    RESERVED = -3
    HASH_BITS = 2147483647
    NCPU = 8
    serialPersistentFields = class java.io.ObjectStreamField[3]
    table = class java.util.concurrent.ConcurrentHashMap$Node[16]
      Node[0] = null
      Node[1] = null
      Node[2] = null
      Node[3] = null
      Node[4] = null
      Node[5] = class java.util.concurrent.ConcurrentHashMap$Node@6552b1ae
      Node[6] = null
      Node[7] = null
      Node[8] = null
      Node[9] = null
      Node[10] = class java.util.concurrent.ConcurrentHashMap$Node@11127f76
      Node[11] = null
      Node[12] = null
      Node[13] = class java.util.concurrent.ConcurrentHashMap$Node@257204da
      Node[14] = class java.util.concurrent.ConcurrentHashMap$Node@1441c09b
      Node[15] = null
    nextTable = null
    baseCount = 6
    sizeCtl = 12
    transferIndex = 0
    cellsBusy = 0
    counterCells = null
    keySet = null
    values = null
    entrySet = null
    U = class sun.misc.Unsafe@390134fc
    SIZECTL = 20
    TRANSFERINDEX = 32
    BASECOUNT = 24
    CELLSBUSY = 36
    CELLVALUE = 144
    ABASE = 16
    ASHIFT = 2
    keySet = null
    values = null
  referenceContexts = class java.util.Collections$SetFromMap@3eaf79c9
    m = class java.util.concurrent.ConcurrentHashMap@3bcb0497
      serialVersionUID = 7249069246763182397
      MAXIMUM_CAPACITY = 1073741824
      DEFAULT_CAPACITY = 16
      MAX_ARRAY_SIZE = 2147483639
      DEFAULT_CONCURRENCY_LEVEL = 16
      LOAD_FACTOR = 0.75
      TREEIFY_THRESHOLD = 8
      UNTREEIFY_THRESHOLD = 6
      MIN_TREEIFY_CAPACITY = 64
      MIN_TRANSFER_STRIDE = 16
      RESIZE_STAMP_BITS = 16
      MAX_RESIZERS = 65535
      RESIZE_STAMP_SHIFT = 16
      MOVED = -1
      TREEBIN = -2
      RESERVED = -3
      HASH_BITS = 2147483647
      NCPU = 8
      serialPersistentFields = class java.io.ObjectStreamField[3]
      table = class java.util.concurrent.ConcurrentHashMap$Node[16]
      nextTable = null
      baseCount = 1
      sizeCtl = 12
      transferIndex = 0
      cellsBusy = 0
      counterCells = null
      keySet = class java.util.concurrent.ConcurrentHashMap$KeySetView@6e37dc95
      values = null
      entrySet = null
      U = class sun.misc.Unsafe@390134fc
      SIZECTL = 20
      TRANSFERINDEX = 32
      BASECOUNT = 24
      CELLSBUSY = 36
      CELLVALUE = 144
      ABASE = 16
      ASHIFT = 2
      keySet = null
      values = null
    s = class java.util.concurrent.ConcurrentHashMap$KeySetView@6e37dc95
      serialVersionUID = 7249069246763182397
      value = null
      serialVersionUID = 7249069246763182397
      map = class java.util.concurrent.ConcurrentHashMap@3bcb0497
      oomeMsg = "Required array size too large"
    serialVersionUID = 2454657854757543876
    MAX_ARRAY_SIZE = 2147483639
  injectionTargetListeners = class java.util.concurrent.ConcurrentHashMap@1f8f8aa8
    serialVersionUID = 7249069246763182397
    MAXIMUM_CAPACITY = 1073741824
    DEFAULT_CAPACITY = 16
    MAX_ARRAY_SIZE = 2147483639
    DEFAULT_CONCURRENCY_LEVEL = 16
    LOAD_FACTOR = 0.75
    TREEIFY_THRESHOLD = 8
    UNTREEIFY_THRESHOLD = 6
    MIN_TREEIFY_CAPACITY = 64
    MIN_TRANSFER_STRIDE = 16
    RESIZE_STAMP_BITS = 16
    MAX_RESIZERS = 65535
    RESIZE_STAMP_SHIFT = 16
    MOVED = -1
    TREEBIN = -2
    RESERVED = -3
    HASH_BITS = 2147483647
    NCPU = 8
    serialPersistentFields = class java.io.ObjectStreamField[3]
      ObjectStreamField[0] = class java.io.ObjectStreamField@5a02ba76
      ObjectStreamField[1] = class java.io.ObjectStreamField@4d0cdb4c
      ObjectStreamField[2] = class java.io.ObjectStreamField@75008bea
    table = class java.util.concurrent.ConcurrentHashMap$Node[16]
      Node[0] = null
      Node[1] = null
      Node[2] = null
      Node[3] = null
      Node[4] = null
      Node[5] = null
      Node[6] = null
      Node[7] = null
      Node[8] = null
      Node[9] = null
      Node[10] = null
      Node[11] = null
      Node[12] = null
      Node[13] = null
      Node[14] = null
      Node[15] = null
    nextTable = null
    baseCount = 0
    sizeCtl = 12
    transferIndex = 0
    cellsBusy = 0
    counterCells = null
    keySet = null
    values = null
    entrySet = null
    U = class sun.misc.Unsafe@390134fc
      theUnsafe = class sun.misc.Unsafe@390134fc
      INVALID_FIELD_OFFSET = -1
      ARRAY_BOOLEAN_BASE_OFFSET = 16
      ARRAY_BYTE_BASE_OFFSET = 16
      ARRAY_SHORT_BASE_OFFSET = 16
      ARRAY_CHAR_BASE_OFFSET = 16
      ARRAY_INT_BASE_OFFSET = 16
      ARRAY_LONG_BASE_OFFSET = 16
      ARRAY_FLOAT_BASE_OFFSET = 16
      ARRAY_DOUBLE_BASE_OFFSET = 16
      ARRAY_OBJECT_BASE_OFFSET = 16
      ARRAY_BOOLEAN_INDEX_SCALE = 1
      ARRAY_BYTE_INDEX_SCALE = 1
      ARRAY_SHORT_INDEX_SCALE = 2
      ARRAY_CHAR_INDEX_SCALE = 2
      ARRAY_INT_INDEX_SCALE = 4
      ARRAY_LONG_INDEX_SCALE = 8
      ARRAY_FLOAT_INDEX_SCALE = 4
      ARRAY_DOUBLE_INDEX_SCALE = 8
      ARRAY_OBJECT_INDEX_SCALE = 4
      ADDRESS_SIZE = 8
    SIZECTL = 20
    TRANSFERINDEX = 32
    BASECOUNT = 24
    CELLSBUSY = 36
    CELLVALUE = 144
    ABASE = 16
    ASHIFT = 2
    keySet = null
    values = null
  deployment = class com.ibm.ws.cdi.impl.weld.WebSphereCDIDeploymentImpl@567edaa6
    tc = class com.ibm.websphere.ras.TraceComponent@4aa8fa3e
      strings[0] = "TraceComponent[com.ibm.ws.cdi.impl.weld.WebSphereCDIDeploymentImpl,class com.ibm.ws.cdi.impl.weld.WebSphereCDIDeploymentImpl,[JCDI],com.ibm.ws.cdi.internal.resources.CDI,null]"
    id = "documents"
    deploymentDBAs = class java.util.HashMap@47156e8f
      serialVersionUID = 362498820763181265
      DEFAULT_INITIAL_CAPACITY = 16
      MAXIMUM_CAPACITY = 1073741824
      DEFAULT_LOAD_FACTOR = 0.75
      TREEIFY_THRESHOLD = 8
      UNTREEIFY_THRESHOLD = 6
      MIN_TREEIFY_CAPACITY = 64
      table = class java.util.HashMap$Node[64]
      entrySet = null
      size = 35
      modCount = 35
      threshold = 48
      loadFactor = 0.75
      keySet = null
      values = class java.util.HashMap$Values@125a8f94
    applicationBDAs = class java.util.HashSet@7ab77809
      serialVersionUID = -5024744406713321676
      map = class java.util.HashMap@9ad397c
      PRESENT = class java.lang.Object@787959ce
      MAX_ARRAY_SIZE = 2147483639
    extensionBDAs = class java.util.HashMap@6022d949
      serialVersionUID = 362498820763181265
      DEFAULT_INITIAL_CAPACITY = 16
      MAXIMUM_CAPACITY = 1073741824
      DEFAULT_LOAD_FACTOR = 0.75
      TREEIFY_THRESHOLD = 8
      UNTREEIFY_THRESHOLD = 6
      MIN_TREEIFY_CAPACITY = 64
      table = class java.util.HashMap$Node[16]
      entrySet = null
      size = 11
      modCount = 11
      threshold = 12
      loadFactor = 0.75
      keySet = null
      values = class java.util.HashMap$Values@1ec13b09
    orderedBDAs = class java.util.ArrayList@50b4b765
      serialVersionUID = 8683452581122892189
      DEFAULT_CAPACITY = 10
      EMPTY_ELEMENTDATA = class java.lang.Object[0]
      DEFAULTCAPACITY_EMPTY_ELEMENTDATA = class java.lang.Object[0]
      elementData = class java.lang.Object[33]
      size = 33
      MAX_ARRAY_SIZE = 2147483639
      modCount = 2
      MAX_ARRAY_SIZE = 2147483639
    bootstrap = class org.jboss.weld.bootstrap.WeldBootstrap@3c39daea
      weldStartup = null
      weldRuntime = class org.jboss.weld.bootstrap.WeldRuntime@53647a86
      beansXmlValidator = null
    classloader = class com.ibm.ws.classloading.internal.AppClassLoader@6edb189a
      tc = class com.ibm.websphere.ras.TraceComponent@ebc02aa
      disableSharedClassesCache = false
      PARENT_FIRST_SEARCH_ORDER = class java.util.Collections$UnmodifiableRandomAccessList@660c4898
      packagesDefined = class java.util.Collections$SetFromMap@1fd98c09
      CLASS_LOADING_TRACE_PREFIX = "com.ibm.ws.class.load."
      DEFAULT_PACKAGE = "default.package"
      perPackageClassLoadingTraceComponents = class java.util.concurrent.ConcurrentHashMap@5aae4f6
      config = class com.ibm.ws.classloading.internal.ClassLoaderConfigurationImpl@70240a43
      privateLibraries = null
      delegateLoaders = class com.ibm.ws.classloading.internal.util.CompositeIterable@7468c457
      nativeLibraryFiles = class java.util.ArrayList@2702b717
      transformers = class java.util.ArrayList@755d7a55
      apiAccess = class com.ibm.ws.classloading.internal.GatewayClassLoader@7b795f21
      generator = class com.ibm.ws.classloading.internal.ClassGeneratorManager@257b10af
      protectionDomains = class java.util.concurrent.ConcurrentHashMap@1703222b
      parent = class com.ibm.ws.classloading.internal.GatewayClassLoader@7b795f21
      hook = null
      serialVersionUID = 8734164900246230615
      tc = class com.ibm.websphere.ras.TraceComponent@da90096
      smartClassPath = class com.ibm.ws.classloading.internal.ContainerClassLoader$SmartClassPathImpl@250b95d3
      nativeLibraryContainers = class java.util.ArrayList@3b1adcf5
      redefiner = class com.ibm.ws.classloading.internal.util.ClassRedefiner@46194d51
      jarProtocol = "wsjar:"
      mapCreationQueue = class java.util.concurrent.Executors$FinalizableDelegatedExecutorService@48053dc3
      serialVersionUID = 6399598832433768509
      serialVersionUID = 1837293532091806117
      $$$tc$$$ = class com.ibm.websphere.ras.TraceComponent@4f24fa5b
      serialVersionUID = -4586727107834513475
      $$$tc$$$ = class com.ibm.websphere.ras.TraceComponent@7d055125
      serialVersionUID = -7709588811276454856
      $$$tc$$$ = class com.ibm.websphere.ras.TraceComponent@1d89f1b7
      initialized = true
      pdcache = class java.util.HashMap@5c4903b7
      debug = null
      parent = class com.ibm.ws.classloading.internal.GatewayClassLoader@7b795f21
      parallelLockMap = class java.util.concurrent.ConcurrentHashMap@5036aeaa
      package2certs = class java.util.concurrent.ConcurrentHashMap@313c7a4a
      nocerts = class java.security.cert.Certificate[0]
      classes = class java.util.Vector@4cf82114
      defaultDomain = class java.security.ProtectionDomain@5838d787
      packages = class java.util.HashMap@3d1e61d4
      scl = class sun.misc.Launcher$AppClassLoader@4e0e2f2a
      sclSet = true
      loadedLibraryNames = class java.util.Vector@6f22a217
      systemNativeLibraries = class java.util.Vector@62dfce66
      nativeLibraries = class java.util.Vector@7cc5b955
      nativeLibraryContext = class java.util.Stack@321b67d8
      usr_paths = class java.lang.String[63]
      sys_paths = class java.lang.String[1]
      assertionLock = class java.lang.Object@53d16dc
      defaultAssertionStatus = false
      packageAssertionStatus = null
      classAssertionStatus = null
    extensionClassLoaders = class java.util.HashSet@7d8f9a54
      serialVersionUID = -5024744406713321676
      map = class java.util.HashMap@621a6713
      PRESENT = class java.lang.Object@787959ce
      MAX_ARRAY_SIZE = 2147483639
    cdiEnabled = true
    cdiStatusMap = class java.util.HashMap@b91fc3d
      serialVersionUID = 362498820763181265
      DEFAULT_INITIAL_CAPACITY = 16
      MAXIMUM_CAPACITY = 1073741824
      DEFAULT_LOAD_FACTOR = 0.75
      TREEIFY_THRESHOLD = 8
      UNTREEIFY_THRESHOLD = 6
      MIN_TREEIFY_CAPACITY = 64
      table = class java.util.HashMap$Node[16]
      entrySet = null
      size = 3
      modCount = 3
      threshold = 12
      loadFactor = 0.75
      keySet = null
      values = null
    classBDAMap = class java.util.concurrent.ConcurrentHashMap@7eeb6db5
      serialVersionUID = 7249069246763182397
      MAXIMUM_CAPACITY = 1073741824
      DEFAULT_CAPACITY = 16
      MAX_ARRAY_SIZE = 2147483639
      DEFAULT_CONCURRENCY_LEVEL = 16
      LOAD_FACTOR = 0.75
      TREEIFY_THRESHOLD = 8
      UNTREEIFY_THRESHOLD = 6
      MIN_TREEIFY_CAPACITY = 64
      MIN_TRANSFER_STRIDE = 16
      RESIZE_STAMP_BITS = 16
      MAX_RESIZERS = 65535
      RESIZE_STAMP_SHIFT = 16
      MOVED = -1
      TREEBIN = -2
      RESERVED = -3
      HASH_BITS = 2147483647
      NCPU = 8
      serialPersistentFields = class java.io.ObjectStreamField[3]
      table = class java.util.concurrent.ConcurrentHashMap$Node[256]
      nextTable = null
      baseCount = 49
      sizeCtl = 192
      transferIndex = 0
      cellsBusy = 0
      counterCells = class java.util.concurrent.ConcurrentHashMap$CounterCell[2]
      keySet = null
      values = null
      entrySet = null
      U = class sun.misc.Unsafe@390134fc
      SIZECTL = 20
      TRANSFERINDEX = 32
      BASECOUNT = 24
      CELLSBUSY = 36
      CELLVALUE = 144
      ABASE = 16
      ASHIFT = 2
      keySet = null
      values = null
    application = class com.ibm.ws.cdi.internal.archive.liberty.ApplicationImpl@cf70608
      tc = class com.ibm.websphere.ras.TraceComponent@53a9d0af
      applicationInfo = class com.ibm.ws.container.service.app.deploy.internal.ApplicationInfoImpl@1468b80f
      earApplicationInfo = null
      factory = class com.ibm.ws.cdi.internal.archive.liberty.RuntimeFactory@59cdec35
      type = class com.ibm.ws.cdi.internal.interfaces.ApplicationType@5ed66c4e
      moduleArchives = class java.util.HashMap$Values@3e50d831
      libraryArchives = class java.util.HashMap$Values@1834bcb8
      serialVersionUID = 2750581203715901427
    serviceRegistry = class org.jboss.weld.bootstrap.api.helpers.SimpleServiceRegistry@d2b70f8
      services = class java.util.HashMap@49bb3d69
    extensions = class java.util.HashSet@9df1574
      serialVersionUID = -5024744406713321676
      map = class java.util.HashMap@655bbdea
      PRESENT = class java.lang.Object@787959ce
      MAX_ARRAY_SIZE = 2147483639
    injectionServices = class com.ibm.ws.cdi.impl.weld.injection.WebSphereInjectionServicesImpl@7eebfd41
    cdiRuntime = class com.ibm.ws.cdi.liberty.CDIRuntimeImpl@2c7c473f
      tc = class com.ibm.websphere.ras.TraceComponent@4aa42d1
      metaDataSlotServiceSR = class com.ibm.wsspi.kernel.service.utils.AtomicServiceReference@6c719404
      ejbEndpointServiceSR = class com.ibm.wsspi.kernel.service.utils.AtomicServiceReference@3ebc6ff5
      classLoadingSRRef = class com.ibm.wsspi.kernel.service.utils.AtomicServiceReference@7283a994
      ejbServices = class com.ibm.wsspi.kernel.service.utils.AtomicServiceReference@1fe5caee
      transactionService = class com.ibm.wsspi.kernel.service.utils.AtomicServiceReference@7fd4aca2
      securityServices = class com.ibm.wsspi.kernel.service.utils.AtomicServiceReference@224ab76a
      extensionsSR = class com.ibm.wsspi.kernel.service.utils.ConcurrentServiceReferenceSet@4d6a65be
      spiExtensionsSR = class com.ibm.wsspi.kernel.service.utils.ConcurrentServiceReferenceSet@7ce96447
      containerFactorySRRef = class com.ibm.wsspi.kernel.service.utils.AtomicServiceReference@260266c4
      adaptableModuleFactorySRRef = class com.ibm.wsspi.kernel.service.utils.AtomicServiceReference@51047489
      injectionEngineServiceRef = class com.ibm.wsspi.kernel.service.utils.AtomicServiceReference@4f5dbc82
      scheduledExecutorServiceRef = class com.ibm.wsspi.kernel.service.utils.AtomicServiceReference@78a13272
      executorServiceRef = class com.ibm.wsspi.kernel.service.utils.AtomicServiceReference@4da05fe4
      managedExecutorServiceRef = class com.ibm.wsspi.kernel.service.utils.AtomicServiceReference@3ff2dae5
      containerConfigRef = class com.ibm.wsspi.kernel.service.utils.AtomicServiceReference@1d69c835
      resourceRefConfigFactoryRef = class com.ibm.wsspi.kernel.service.utils.AtomicServiceReference@6caa5b48
      deferredMetaDataFactoryRef = class com.ibm.wsspi.kernel.service.utils.AtomicServiceReference@233a6646
      applicationSlot = class com.ibm.ws.runtime.metadata.MetaDataSlotImpl@ab6b536
      isClientProcess = false
      runtimeFactory = class com.ibm.ws.cdi.internal.archive.liberty.RuntimeFactory@59cdec35
      proxyServices = class com.ibm.ws.cdi.proxy.ProxyServicesImpl@67039c5f
      appTccls = class java.util.concurrent.ConcurrentHashMap@17fbceaf
      serialVersionUID = 6266056952601457608
      cdiContainer = class com.ibm.ws.cdi.impl.CDIContainerImpl@620d62bc
      serialVersionUID = -3685775177967064433
      $$$tc$$$ = class com.ibm.websphere.ras.TraceComponent@144534a9
    cdi = class com.ibm.ws.cdi.impl.CDIImpl@188fd3fe
      cdiService = class com.ibm.ws.cdi.liberty.CDIRuntimeImpl@2c7c473f
      serialVersionUID = -7939958868102936626
      $$$tc$$$ = class com.ibm.websphere.ras.TraceComponent@363572cf
      knownClassNames = class org.jboss.weld.util.collections.ImmutableTinySet$Tripleton@7280d684
      instanceCache = class org.jboss.weld.util.cache.ReentrantMapBackedComputingCache@597db523
      lock = class java.lang.Object@28d33a3d
      discoveredProviders = null
      configuredProvider = class com.ibm.ws.cdi.liberty.CDIRuntimeImpl@2c7c473f
    serialVersionUID = 741167280954358959
  serialVersionUID = 2515575801175940133

Dump of objectArray[0]
Object type = org.jboss.weld.injection.producer.ResourceInjector$1
  val$instance = class com.example.documents.dao.DocumentDaoImpl$Proxy$_$$_WeldSubclass@5ede07a6
    weld$$$170 = class java.lang.reflect.Method@257641e0
      clazz = class java.lang.Class@1a50932e
      slot = 2
      name = "getAll"
      returnType = class java.lang.Class@22927a81
      parameterTypes = class java.lang.Class[0]
      exceptionTypes = class java.lang.Class[0]
      modifiers = 1
      signature = "()Ljava/util/List<Lcom/example/documents/entity/Document;>;"
      genericInfo = null
      annotations = null
      parameterAnnotations = null
      annotationDefault = null
      methodAccessor = null
      root = class java.lang.reflect.Method@13d814c3
      hasRealParameterData = false
      parameters = null
      declaredAnnotations = null
      ACCESS_PERMISSION = class java.lang.reflect.ReflectPermission@79ac6b67
      override = false
      reflectionFactory = class sun.reflect.ReflectionFactory@423ddfdf
      securityCheckCache = null
    weld$$$172 = class java.lang.reflect.Method@3ff171c
      clazz = class java.lang.Class@1236b1b
      slot = 0
      name = "lifecycle_mixin_$$_postConstruct"
      returnType = class java.lang.Class@703580bf
      parameterTypes = class java.lang.Class[0]
      exceptionTypes = class java.lang.Class[0]
      modifiers = 1025
      signature = null
      genericInfo = null
      annotations = null
      parameterAnnotations = null
      annotationDefault = null
      methodAccessor = null
      root = class java.lang.reflect.Method@12ec893f
      hasRealParameterData = false
      parameters = null
      declaredAnnotations = null
      ACCESS_PERMISSION = class java.lang.reflect.ReflectPermission@79ac6b67
      override = false
      reflectionFactory = class sun.reflect.ReflectionFactory@423ddfdf
      securityCheckCache = null
    weld$$$171 = class java.lang.reflect.Method@2e2b9b03
      clazz = class java.lang.Class@1250dabc
      slot = 5
      name = "getAll$$super"
      returnType = class java.lang.Class@22927a81
      parameterTypes = class java.lang.Class[0]
      exceptionTypes = class java.lang.Class[0]
      modifiers = 4098
      signature = null
      genericInfo = null
      annotations = {0,0} /* array length = 2 */
      parameterAnnotations = {0} /* array length = 1 */
      annotationDefault = null
      methodAccessor = null
      root = class java.lang.reflect.Method@935b28c
      hasRealParameterData = false
      parameters = null
      declaredAnnotations = null
      ACCESS_PERMISSION = class java.lang.reflect.ReflectPermission@79ac6b67
      override = false
      reflectionFactory = class sun.reflect.ReflectionFactory@423ddfdf
      securityCheckCache = null
    weld$$$173 = class java.lang.reflect.Method@782253f7
      clazz = class java.lang.Class@1236b1b
      slot = 1
      name = "lifecycle_mixin_$$_preDestroy"
      returnType = class java.lang.Class@703580bf
      parameterTypes = class java.lang.Class[0]
      exceptionTypes = class java.lang.Class[0]
      modifiers = 1025
      signature = null
      genericInfo = null
      annotations = null
      parameterAnnotations = null
      annotationDefault = null
      methodAccessor = null
      root = class java.lang.reflect.Method@658bdc3c
      hasRealParameterData = false
      parameters = null
      declaredAnnotations = null
      ACCESS_PERMISSION = class java.lang.reflect.ReflectPermission@79ac6b67
      override = false
      reflectionFactory = class sun.reflect.ReflectionFactory@423ddfdf
      securityCheckCache = null
    weld$$$169 = class java.lang.reflect.Method@6fcc6452
      clazz = class java.lang.Class@1250dabc
      slot = 6
      name = "getAll$$super"
      returnType = class java.lang.Class@22927a81
      parameterTypes = class java.lang.Class[1]
      exceptionTypes = class java.lang.Class[0]
      modifiers = 4098
      signature = null
      genericInfo = null
      annotations = {0,0} /* array length = 2 */
      parameterAnnotations = {1,0,0} /* array length = 3 */
      annotationDefault = null
      methodAccessor = null
      root = class java.lang.reflect.Method@1e8b15f9
      hasRealParameterData = false
      parameters = null
      declaredAnnotations = null
      ACCESS_PERMISSION = class java.lang.reflect.ReflectPermission@79ac6b67
      override = false
      reflectionFactory = class sun.reflect.ReflectionFactory@423ddfdf
      securityCheckCache = null
    methodHandler = class org.jboss.weld.bean.proxy.CombinedInterceptorAndDecoratorStackMethodHandler@14f0c940
      NULL_INSTANCE = class org.jboss.weld.bean.proxy.CombinedInterceptorAndDecoratorStackMethodHandler$1@c26f19c
      interceptorMethodHandler = class org.jboss.weld.interceptor.proxy.InterceptorMethodHandler@44eabe
      outerDecorator = null
    constructed = true
    weld$$$168 = class java.lang.reflect.Method@66f1ab5e
      clazz = class java.lang.Class@1a50932e
      slot = 1
      name = "getAll"
      returnType = class java.lang.Class@22927a81
      parameterTypes = class java.lang.Class[1]
      exceptionTypes = class java.lang.Class[0]
      modifiers = 1
      signature = "(Ljava/lang/String;)Ljava/util/List<Lcom/example/documents/entity/Document;>;"
      genericInfo = null
      annotations = null
      parameterAnnotations = null
      annotationDefault = null
      methodAccessor = null
      root = class java.lang.reflect.Method@69230e1d
      hasRealParameterData = false
      parameters = null
      declaredAnnotations = null
      ACCESS_PERMISSION = class java.lang.reflect.ReflectPermission@79ac6b67
      override = false
      reflectionFactory = class sun.reflect.ReflectionFactory@423ddfdf
      securityCheckCache = null
    em = null
  val$ctx = class org.jboss.weld.contexts.CreationalContextImpl@6c736cc3
    serialVersionUID = 7375854583908262422
    SERIALIZATION_PROXY = class org.jboss.weld.contexts.CreationalContextImpl$SerializationProxy@be3d7b5
      serialVersionUID = 5261112077771498097
    incompleteInstances = class java.util.HashMap@7c01a77e
      serialVersionUID = 362498820763181265
      DEFAULT_INITIAL_CAPACITY = 16
      MAXIMUM_CAPACITY = 1073741824
      DEFAULT_LOAD_FACTOR = 0.75
      TREEIFY_THRESHOLD = 8
      UNTREEIFY_THRESHOLD = 6
      MIN_TREEIFY_CAPACITY = 64
      table = class java.util.HashMap$Node[16]
      entrySet = null
      size = 1
      modCount = 1
      threshold = 12
      loadFactor = 0.75
      keySet = null
      values = null
    contextual = class org.jboss.weld.bean.ManagedBean@71adf529
      proxiable = true
      passivationCapableBean = false
      passivationCapableDependency = false
      hasPostConstructCallback = false
      annotatedType = class org.jboss.weld.annotated.slim.backed.BackedAnnotatedType@1677b995
      enhancedAnnotatedItem = null
      producer = class org.jboss.weld.injection.producer.BeanInjectionTarget@321abde6
      type = class java.lang.Class@1a50932e
      preInitialized = false
      proxyRequired = false
      producer = null
      ignoreFinalMethods = false
      beanManager = class org.jboss.weld.manager.BeanManagerImpl@2dc2c126
      initialized = true
      qualifiers = class org.jboss.weld.util.collections.ImmutableTinySet$Doubleton@d7f458b
      contextualInstanceStrategy = class org.jboss.weld.bean.ContextualInstanceStrategy$DefaultContextualInstanceStrategy@f9cc0d
      attributes = class org.jboss.weld.bean.attributes.ImmutableBeanAttributes@402df1a3
      identifier = class org.jboss.weld.bean.ManagedBeanIdentifier@6ffe3176
    dependentInstances = class java.util.Collections$SynchronizedRandomAccessList@16bf9377
      serialVersionUID = 1530674583602358482
      serialVersionUID = -7754090372962971524
      list = class java.util.ArrayList@7d71eecb
      serialVersionUID = 3053995032091335093
      c = class java.util.ArrayList@7d71eecb
      mutex = class java.util.Collections$SynchronizedRandomAccessList@16bf9377
    parentDependentInstances = class java.util.Collections$SynchronizedRandomAccessList@374b06a
      serialVersionUID = 1530674583602358482
      serialVersionUID = -7754090372962971524
      list = class java.util.ArrayList@5925f25d
      serialVersionUID = 3053995032091335093
      c = class java.util.ArrayList@5925f25d
      mutex = class java.util.Collections$SynchronizedRandomAccessList@374b06a
    parentCreationalContext = class org.jboss.weld.contexts.CreationalContextImpl@723fcd2d
      serialVersionUID = 7375854583908262422
      SERIALIZATION_PROXY = class org.jboss.weld.contexts.CreationalContextImpl$SerializationProxy@be3d7b5
      incompleteInstances = class java.util.HashMap@7c01a77e
      contextual = class org.jboss.weld.bean.ManagedBean@43d4562b
      dependentInstances = class java.util.Collections$SynchronizedRandomAccessList@374b06a
      parentDependentInstances = class java.util.Collections$SynchronizedRandomAccessList@525801a8
      parentCreationalContext = class org.jboss.weld.contexts.CreationalContextImpl@20c4719c
      resourceReferences = null
      constructorInterceptionSuppressed = false
      aroundConstructCallbacks = null
      aroundConstructInterceptionContext = null
    resourceReferences = null
    constructorInterceptionSuppressed = false
    aroundConstructCallbacks = null
    aroundConstructInterceptionContext = null
  val$manager = class org.jboss.weld.manager.BeanManagerImpl@2dc2c126
    serialVersionUID = 3021562879133838561
    CREATIONAL_CONTEXT = "creationalContext"
    services = class org.jboss.weld.bootstrap.api.helpers.SimpleServiceRegistry@6d1f6d64
      services = class java.util.HashMap@2d767b0a
    contexts = class java.util.concurrent.ConcurrentHashMap@29a6c894
      serialVersionUID = 7249069246763182397
      MAXIMUM_CAPACITY = 1073741824
      DEFAULT_CAPACITY = 16
      MAX_ARRAY_SIZE = 2147483639
      DEFAULT_CONCURRENCY_LEVEL = 16
      LOAD_FACTOR = 0.75
      TREEIFY_THRESHOLD = 8
      UNTREEIFY_THRESHOLD = 6
      MIN_TREEIFY_CAPACITY = 64
      MIN_TRANSFER_STRIDE = 16
      RESIZE_STAMP_BITS = 16
      MAX_RESIZERS = 65535
      RESIZE_STAMP_SHIFT = 16
      MOVED = -1
      TREEBIN = -2
      RESERVED = -3
      HASH_BITS = 2147483647
      NCPU = 8
      serialPersistentFields = class java.io.ObjectStreamField[3]
      table = class java.util.concurrent.ConcurrentHashMap$Node[16]
      nextTable = null
      baseCount = 7
      sizeCtl = 12
      transferIndex = 0
      cellsBusy = 0
      counterCells = null
      keySet = null
      values = null
      entrySet = null
      U = class sun.misc.Unsafe@390134fc
      SIZECTL = 20
      TRANSFERINDEX = 32
      BASECOUNT = 24
      CELLSBUSY = 36
      CELLVALUE = 144
      ABASE = 16
      ASHIFT = 2
      keySet = null
      values = null
    clientProxyProvider = class org.jboss.weld.bean.proxy.ClientProxyProvider@ff621b8
      BEAN_NOT_PROXYABLE_MARKER = class java.lang.Object@6da51512
      beanTypeClosureProxyPool = class org.jboss.weld.util.cache.ReentrantMapBackedComputingCache@52fc53b6
      requestedTypeClosureProxyPool = class org.jboss.weld.util.cache.ReentrantMapBackedComputingCache@2009f894
      contextId = "documents"
      services = class org.jboss.weld.bootstrap.api.helpers.ServiceRegistries$1@6f203aa9
    enterpriseBeans = class java.util.concurrent.ConcurrentHashMap@4bf44c2c
      serialVersionUID = 7249069246763182397
      MAXIMUM_CAPACITY = 1073741824
      DEFAULT_CAPACITY = 16
      MAX_ARRAY_SIZE = 2147483639
      DEFAULT_CONCURRENCY_LEVEL = 16
      LOAD_FACTOR = 0.75
      TREEIFY_THRESHOLD = 8
      UNTREEIFY_THRESHOLD = 6
      MIN_TREEIFY_CAPACITY = 64
      MIN_TRANSFER_STRIDE = 16
      RESIZE_STAMP_BITS = 16
      MAX_RESIZERS = 65535
      RESIZE_STAMP_SHIFT = 16
      MOVED = -1
      TREEBIN = -2
      RESERVED = -3
      HASH_BITS = 2147483647
      NCPU = 8
      serialPersistentFields = class java.io.ObjectStreamField[3]
      table = null
      nextTable = null
      baseCount = 0
      sizeCtl = 0
      transferIndex = 0
      cellsBusy = 0
      counterCells = null
      keySet = null
      values = null
      entrySet = null
      U = class sun.misc.Unsafe@390134fc
      SIZECTL = 20
      TRANSFERINDEX = 32
      BASECOUNT = 24
      CELLSBUSY = 36
      CELLVALUE = 144
      ABASE = 16
      ASHIFT = 2
      keySet = null
      values = null
    enabled = class org.jboss.weld.bootstrap.enablement.ModuleEnablement@5d967c7b
      EMPTY_ENABLEMENT = class org.jboss.weld.bootstrap.enablement.ModuleEnablement@31dbc348
      interceptors = class org.jboss.weld.util.collections.ImmutableArrayList@7e1bdde5
      decorators = class java.util.Collections$EmptyList@747b5a9f
      interceptorMap = class java.util.Collections$UnmodifiableMap@3b394415
      decoratorMap = class java.util.Collections$EmptyMap@62a08683
      globalAlternatives = class java.util.Collections$UnmodifiableMap@71d2af4a
      localAlternativeClasses = class java.util.Collections$EmptySet@35f51af4
      localAlternativeStereotypes = class java.util.Collections$EmptySet@35f51af4
      decoratorComparator = class org.jboss.weld.bootstrap.enablement.ModuleEnablement$EnablementComparator@1efce3bb
      interceptorComparator = class org.jboss.weld.bootstrap.enablement.ModuleEnablement$EnablementComparator@3ea8f174
    beanResolver = class org.jboss.weld.resolution.TypeSafeBeanResolver@42ebfd35
      beanManager = class org.jboss.weld.manager.BeanManagerImpl@2dc2c126
      disambiguatedBeans = class org.jboss.weld.util.cache.ReentrantMapBackedComputingCache@1a3938c2
      store = class org.jboss.weld.metadata.cache.MetaAnnotationStore@7c4f98f6
      beansByType = class org.jboss.weld.resolution.AbstractTypeSafeBeanResolver$1@759bbe49
      resolved = class org.jboss.weld.util.cache.ReentrantMapBackedComputingCache@1b802721
      allBeans = class org.jboss.weld.util.collections.Iterables$$Lambda$269/178227640@74794df4
      resolverFunction = class org.jboss.weld.resolution.TypeSafeResolver$ResolvableToBeanCollection@27d58491
    decoratorResolver = class org.jboss.weld.resolution.TypeSafeDecoratorResolver@7c2eff31
      rules = class org.jboss.weld.resolution.DelegateInjectionPointAssignabilityRules@4be2ed90
      beanManager = class org.jboss.weld.manager.BeanManagerImpl@2dc2c126
      disambiguatedBeans = class org.jboss.weld.util.cache.ReentrantMapBackedComputingCache@48a92de1
      store = class org.jboss.weld.metadata.cache.MetaAnnotationStore@7c4f98f6
      beansByType = class org.jboss.weld.resolution.AbstractTypeSafeBeanResolver$1@a8e2a38
      resolved = class org.jboss.weld.util.cache.ReentrantMapBackedComputingCache@56dcd894
      allBeans = class org.jboss.weld.util.collections.Iterables$$Lambda$269/178227640@579b318b
      resolverFunction = class org.jboss.weld.resolution.TypeSafeResolver$ResolvableToBeanCollection@57938ba6
    interceptorResolver = class org.jboss.weld.resolution.TypeSafeInterceptorResolver@155259b4
      manager = class org.jboss.weld.manager.BeanManagerImpl@2dc2c126
      resolved = class org.jboss.weld.util.cache.ReentrantMapBackedComputingCache@73779f01
      allBeans = class org.jboss.weld.util.collections.Iterables$$Lambda$269/178227640@2eed6142
      resolverFunction = class org.jboss.weld.resolution.TypeSafeResolver$ResolvableToBeanCollection@3d8ef5e5
    nameBasedResolver = class org.jboss.weld.resolution.NameBasedResolver@7bc98ac1
      resolvedNames = class org.jboss.weld.util.cache.ReentrantMapBackedComputingCache@6769e4f1
    weldELResolver = class org.jboss.weld.module.web.el.WeldELResolver@6656c2d8
      beanManager = class org.jboss.weld.manager.BeanManagerImpl@2dc2c126
      rootNamespace = class org.jboss.weld.util.LazyValueHolder$1@4bca66ee
      TYPE = "type"
      RESOLVABLE_AT_DESIGN_TIME = "resolvableAtDesignTime"
    accessibleLenientObserverNotifier = class org.jboss.weld.module.jta.TransactionalObserverNotifier@6d0a6e54
      FACTORY = class org.jboss.weld.module.jta.TransactionalObserverNotifier$1@f8179b4
      transactionServices = class com.ibm.ws.cdi.impl.weld.TransactionServicesImpl@93072d1
      contextId = "documents"
      NO_EXCEPTION_MARKER = class java.lang.RuntimeException@502ebbc7
      resolver = class org.jboss.weld.resolution.TypeSafeObserverResolver@f940fd4
      sharedObjectCache = class org.jboss.weld.resources.SharedObjectCache@2ce088ee
      strict = false
      currentEventMetadata = class org.jboss.weld.event.CurrentEventMetadata@6c6a838b
      eventTypeCheckCache = null
      asyncEventExecutor = class com.ibm.ws.threading.internal.ExecutorServiceImpl@4393adb1
      timerExecutor = class com.ibm.ws.threading.internal.ScheduledExecutorImpl@3b96d3aa
      securityServices = class com.ibm.ws.cdi.impl.DefaultCDI20SecurityService@3d87988
      requestContextHolder = class org.jboss.weld.util.LazyValueHolder$1@15378828
    globalLenientObserverNotifier = class org.jboss.weld.module.jta.TransactionalObserverNotifier@6a1215b8
      FACTORY = class org.jboss.weld.module.jta.TransactionalObserverNotifier$1@f8179b4
      transactionServices = class com.ibm.ws.cdi.impl.weld.TransactionServicesImpl@93072d1
      contextId = "documents"
      NO_EXCEPTION_MARKER = class java.lang.RuntimeException@502ebbc7
      resolver = class org.jboss.weld.resolution.TypeSafeObserverResolver@68a20bf2
      sharedObjectCache = class org.jboss.weld.resources.SharedObjectCache@2ce088ee
      strict = false
      currentEventMetadata = class org.jboss.weld.event.CurrentEventMetadata@6c6a838b
      eventTypeCheckCache = null
      asyncEventExecutor = class com.ibm.ws.threading.internal.ExecutorServiceImpl@4393adb1
      timerExecutor = class com.ibm.ws.threading.internal.ScheduledExecutorImpl@3b96d3aa
      securityServices = class com.ibm.ws.cdi.impl.DefaultCDI20SecurityService@3d87988
      requestContextHolder = class org.jboss.weld.util.LazyValueHolder$1@1206bc9d
    globalStrictObserverNotifier = class org.jboss.weld.module.jta.TransactionalObserverNotifier@5d3a05b9
      FACTORY = class org.jboss.weld.module.jta.TransactionalObserverNotifier$1@f8179b4
      transactionServices = class com.ibm.ws.cdi.impl.weld.TransactionServicesImpl@93072d1
      contextId = "documents"
      NO_EXCEPTION_MARKER = class java.lang.RuntimeException@502ebbc7
      resolver = class org.jboss.weld.resolution.TypeSafeObserverResolver@68a20bf2
      sharedObjectCache = class org.jboss.weld.resources.SharedObjectCache@2ce088ee
      strict = true
      currentEventMetadata = class org.jboss.weld.event.CurrentEventMetadata@6c6a838b
      eventTypeCheckCache = class org.jboss.weld.util.cache.ReentrantMapBackedComputingCache@66c6d22d
      asyncEventExecutor = class com.ibm.ws.threading.internal.ExecutorServiceImpl@4393adb1
      timerExecutor = class com.ibm.ws.threading.internal.ScheduledExecutorImpl@3b96d3aa
      securityServices = class com.ibm.ws.cdi.impl.DefaultCDI20SecurityService@3d87988
      requestContextHolder = class org.jboss.weld.util.LazyValueHolder$1@53df9464
    enabledBeans = class java.util.concurrent.CopyOnWriteArrayList@daa5cc4
      serialVersionUID = 8673264195747942595
      lock = class java.util.concurrent.locks.ReentrantLock@4fc00358
      array = class java.lang.Object[35]
      UNSAFE = class sun.misc.Unsafe@390134fc
      lockOffset = 12
    sharedBeans = class java.util.concurrent.CopyOnWriteArrayList@336cebeb
      serialVersionUID = 8673264195747942595
      lock = class java.util.concurrent.locks.ReentrantLock@185a621f
      array = class java.lang.Object[4]
      UNSAFE = class sun.misc.Unsafe@390134fc
      lockOffset = 12
    specializedBeans = class java.util.concurrent.CopyOnWriteArrayList@492997eb
      serialVersionUID = 8673264195747942595
      lock = class java.util.concurrent.locks.ReentrantLock@2037f5e
      array = class java.lang.Object[0]
      UNSAFE = class sun.misc.Unsafe@390134fc
      lockOffset = 12
    decorators = class java.util.concurrent.CopyOnWriteArrayList@443344ba
      serialVersionUID = 8673264195747942595
      lock = class java.util.concurrent.locks.ReentrantLock@2ce83899
      array = class java.lang.Object[0]
      UNSAFE = class sun.misc.Unsafe@390134fc
      lockOffset = 12
    interceptors = class java.util.concurrent.CopyOnWriteArrayList@1b207c84
      serialVersionUID = 8673264195747942595
      lock = class java.util.concurrent.locks.ReentrantLock@1c1fc1fc
      array = class java.lang.Object[0]
      UNSAFE = class sun.misc.Unsafe@390134fc
      lockOffset = 12
    namespaces = class java.util.concurrent.CopyOnWriteArrayList@4fc7ffb8
      serialVersionUID = 8673264195747942595
      lock = class java.util.concurrent.locks.ReentrantLock@7c53ce3
      array = class java.lang.Object[3]
      UNSAFE = class sun.misc.Unsafe@390134fc
      lockOffset = 12
    observers = class java.util.concurrent.CopyOnWriteArrayList@4a54bf64
      serialVersionUID = 8673264195747942595
      lock = class java.util.concurrent.locks.ReentrantLock@5903cbc0
      array = class java.lang.Object[0]
      UNSAFE = class sun.misc.Unsafe@390134fc
      lockOffset = 12
    beanSet = null
    managers = class java.util.HashSet@149c2400
      serialVersionUID = -5024744406713321676
      map = class java.util.HashMap@38219e7c
      PRESENT = class java.lang.Object@787959ce
      MAX_ARRAY_SIZE = 2147483639
    accessibleManagers = class java.util.HashSet@c40be4b
      serialVersionUID = -5024744406713321676
      map = class java.util.HashMap@10bcf10d
      PRESENT = class java.lang.Object@787959ce
      MAX_ARRAY_SIZE = 2147483639
    id = "documents#documents.war"
    contextId = "documents"
    interceptorModelRegistry = class java.util.concurrent.ConcurrentHashMap@7c8aba44
      serialVersionUID = 7249069246763182397
      MAXIMUM_CAPACITY = 1073741824
      DEFAULT_CAPACITY = 16
      MAX_ARRAY_SIZE = 2147483639
      DEFAULT_CONCURRENCY_LEVEL = 16
      LOAD_FACTOR = 0.75
      TREEIFY_THRESHOLD = 8
      UNTREEIFY_THRESHOLD = 6
      MIN_TREEIFY_CAPACITY = 64
      MIN_TRANSFER_STRIDE = 16
      RESIZE_STAMP_BITS = 16
      MAX_RESIZERS = 65535
      RESIZE_STAMP_SHIFT = 16
      MOVED = -1
      TREEBIN = -2
      RESERVED = -3
      HASH_BITS = 2147483647
      NCPU = 8
      serialPersistentFields = class java.io.ObjectStreamField[3]
      table = class java.util.concurrent.ConcurrentHashMap$Node[16]
      nextTable = null
      baseCount = 1
      sizeCtl = 12
      transferIndex = 0
      cellsBusy = 0
      counterCells = null
      keySet = null
      values = null
      entrySet = null
      U = class sun.misc.Unsafe@390134fc
      SIZECTL = 20
      TRANSFERINDEX = 32
      BASECOUNT = 24
      CELLSBUSY = 36
      CELLVALUE = 144
      ABASE = 16
      ASHIFT = 2
      keySet = null
      values = null
    interceptorMetadataReader = class org.jboss.weld.interceptor.reader.InterceptorMetadataReader@134a952e
      manager = class org.jboss.weld.manager.BeanManagerImpl@2dc2c126
      plainInterceptorMetadataCache = class org.jboss.weld.util.cache.ReentrantMapBackedComputingCache@267f770a
      cdiInterceptorMetadataCache = class org.jboss.weld.util.cache.ReentrantMapBackedComputingCache@763ca98b
      interceptorToInterceptorMetadataFunction = class org.jboss.weld.interceptor.reader.InterceptorMetadataReader$$Lambda$270/1140708168@7a1ed8e4
    containerLifecycleEvents = class org.jboss.weld.bootstrap.events.ContainerLifecycleEvents@66031f63
      everythingObserved = false
      processAnnotatedTypeObserved = true
      processBeanObserved = true
      processBeanAttributesObserved = true
      processInjectionPointObserved = true
      processInjectionTargetObserved = true
      processProducerObserved = false
      processObserverMethodObserved = false
      discovery = class org.jboss.weld.bootstrap.events.RequiredAnnotationDiscovery@20e58969
      preloader = class org.jboss.weld.bootstrap.events.ContainerLifecycleEventPreloader@f20d80e
    registry = class org.jboss.weld.bootstrap.SpecializationAndEnablementRegistry@6fb8470e
      specializedBeanResolvers = class org.jboss.weld.util.cache.ReentrantMapBackedComputingCache@2af36f3f
      environmentByManager = class java.util.concurrent.ConcurrentHashMap@d36dca8
      specializedBeans = class org.jboss.weld.util.cache.ReentrantMapBackedComputingCache@4aac4b05
      specializedBeansMap = class java.util.concurrent.ConcurrentHashMap@8503be5
    currentInjectionPoint = class org.jboss.weld.injection.CurrentInjectionPoint@46498827
      threadLocalStack = class org.jboss.weld.injection.ThreadLocalStack$1@521492e4
      NULL_REFERENCE = class org.jboss.weld.injection.ThreadLocalStack$2@2b4efa83
    clientProxyOptimization = false
    validationFailureCallbacks = class java.util.concurrent.CopyOnWriteArrayList@16d9625
      serialVersionUID = 8673264195747942595
      lock = class java.util.concurrent.locks.ReentrantLock@79e6c01c
      array = class java.lang.Object[0]
      UNSAFE = class sun.misc.Unsafe@390134fc
      lockOffset = 12
    requestInitializedEvent = class org.jboss.weld.util.LazyValueHolder$1@7feb696c
      val$supplier = class org.jboss.weld.manager.BeanManagerImpl$$Lambda$276/642333007@79021f26
      value = null
    requestBeforeDestroyedEvent = class org.jboss.weld.util.LazyValueHolder$1@52c6d1a8
      val$supplier = class org.jboss.weld.manager.BeanManagerImpl$$Lambda$277/565619922@64dbf671
      value = null
    requestDestroyedEvent = class org.jboss.weld.util.LazyValueHolder$1@58447367
      val$supplier = class org.jboss.weld.manager.BeanManagerImpl$$Lambda$278/2020178368@2cb7b486
      value = null
  this$0 = class org.jboss.weld.injection.producer.ResourceInjector@2c0424ab
    resourceInjectionsHierarchy = class java.util.Collections$EmptyList@747b5a9f
      serialVersionUID = 8842843931221139166
      modCount = 0
      MAX_ARRAY_SIZE = 2147483639
    injectableFields = class org.jboss.weld.util.collections.ImmutableTinyList$Singleton@e7ae7af
      serialVersionUID = 1
      element = class java.util.Collections$EmptySet@35f51af4
      modCount = 0
      MAX_ARRAY_SIZE = 2147483639
    initializerMethods = class org.jboss.weld.util.collections.ImmutableTinyList$Singleton@13c56e2e
      serialVersionUID = 1
      element = class java.util.Collections$EmptySet@35f51af4
      modCount = 0
      MAX_ARRAY_SIZE = 2147483639
  beanManager = class org.jboss.weld.manager.BeanManagerImpl@2dc2c126
  injectionTarget = class org.jboss.weld.injection.producer.BeanInjectionTarget@321abde6
    bean = class org.jboss.weld.bean.ManagedBean@71adf529
    beanManager = class org.jboss.weld.manager.BeanManagerImpl@2dc2c126
    type = class org.jboss.weld.annotated.slim.backed.BackedAnnotatedType@1677b995
    injectionPoints = class java.util.Collections$EmptySet@35f51af4
      serialVersionUID = 1582296315990362920
      MAX_ARRAY_SIZE = 2147483639
    instantiator = class org.jboss.weld.injection.producer.InterceptorApplyingInstantiator@1171b52f
      interceptionModel = class org.jboss.weld.interceptor.builder.InterceptionModelImpl@7289189
      annotatedType = class org.jboss.weld.annotated.slim.backed.BackedAnnotatedType@1677b995
      delegate = class org.jboss.weld.injection.producer.SubclassedComponentInstantiator@2b1f6197
    injector = class org.jboss.weld.injection.producer.ResourceInjector@2c0424ab
    invoker = class org.jboss.weld.injection.producer.DefaultLifecycleCallbackInvoker@75de6d38
      accessiblePostConstructMethods = class java.util.Collections$EmptyList@747b5a9f
      accessiblePreDestroyMethods = class java.util.Collections$EmptyList@747b5a9f
  annotatedType = class org.jboss.weld.annotated.slim.backed.BackedAnnotatedType@1677b995
    javaClass = class java.lang.Class@1a50932e
      ANNOTATION = 8192
      ENUM = 16384
      SYNTHETIC = 4096
      cachedConstructor = null
      newInstanceCallerCache = null
      name = "com.example.documents.dao.DocumentDaoImpl"
      allPermDomain = class java.security.ProtectionDomain@26b66487
      useCaches = true
      reflectionData = class java.lang.ref.SoftReference@6d01aeab
      classRedefinedCount = 0
      genericInfo = class sun.reflect.generics.repository.ClassRepository@570b29c1
      serialVersionUID = 3206093459760846163
      serialPersistentFields = class java.io.ObjectStreamField[0]
      reflectionFactory = class sun.reflect.ReflectionFactory@423ddfdf
      initted = true
      enumConstants = null
      enumConstantDirectory = null
      annotationData = class java.lang.Class$AnnotationData@3af779af
      annotationType = null
      classValueMap = class java.lang.ClassValue$ClassValueMap@7f8e0633
    constructors = class org.jboss.weld.annotated.slim.backed.BackedAnnotatedType$BackedAnnotatedConstructors@6ca56afe
      this$0 = class org.jboss.weld.annotated.slim.backed.BackedAnnotatedType@1677b995
      this$0 = class org.jboss.weld.annotated.slim.backed.BackedAnnotatedType@1677b995
      value = null
    methods = class org.jboss.weld.annotated.slim.backed.BackedAnnotatedType$BackedAnnotatedMethods@66b6836
      this$0 = class org.jboss.weld.annotated.slim.backed.BackedAnnotatedType@1677b995
      this$0 = class org.jboss.weld.annotated.slim.backed.BackedAnnotatedType@1677b995
      value = null
    fields = class org.jboss.weld.annotated.slim.backed.BackedAnnotatedType$BackedAnnotatedFields@20ba6f71
      this$0 = class org.jboss.weld.annotated.slim.backed.BackedAnnotatedType@1677b995
      this$0 = class org.jboss.weld.annotated.slim.backed.BackedAnnotatedType@1677b995
      value = null
    sharedObjectCache = class org.jboss.weld.resources.SharedObjectCache@2ce088ee
      sharedSets = class org.jboss.weld.util.cache.ReentrantMapBackedComputingCache@792e3713
      sharedMaps = class org.jboss.weld.util.cache.ReentrantMapBackedComputingCache@51480aab
      typeClosureHolders = class org.jboss.weld.util.cache.ReentrantMapBackedComputingCache@3c89cceb
    reflectionCache = class org.jboss.weld.resources.HotspotReflectionCache@6b55f516
      annotationTypeLock = class java.lang.Class@7af707e0
      store = class org.jboss.weld.metadata.TypeStore@2a5fe878
      ANNOTATIONS_FUNCTION = class org.jboss.weld.resources.DefaultReflectionCache$$Lambda$253/707264171@235961c5
      DECLARED_ANNOTATIONS_FUNCTION = class org.jboss.weld.resources.DefaultReflectionCache$$Lambda$254/1862668316@43e82bf6
      annotations = class org.jboss.weld.util.cache.ReentrantMapBackedComputingCache@5a08455a
      declaredAnnotations = class org.jboss.weld.util.cache.ReentrantMapBackedComputingCache@f416a4b
      backedAnnotatedTypeAnnotations = class org.jboss.weld.util.cache.ReentrantMapBackedComputingCache@67fe652f
      annotationClasses = class org.jboss.weld.util.cache.ReentrantMapBackedComputingCache@65cb45bd
    identifier = class org.jboss.weld.annotated.slim.AnnotatedTypeIdentifier@36a21a92
      NULL_BDA_ID = "org.jboss.weld.annotated.slim.AnnotatedTypeIdentifier.null"
      SYNTHETIC_ANNOTATION_SUFFIX = "syntheticAnnotation"
      serialVersionUID = -264184070652700144
      contextId = "documents"
      bdaId = "documents#documents.war"
      className = "com.example.documents.dao.DocumentDaoImpl"
      suffix = null
      modified = false
      hashCode = -885190151
    typeClosure = class org.jboss.weld.annotated.enhanced.TypeClosureLazyValueHolder@45103ad0
      type = class java.lang.Class@1a50932e
      value = class org.jboss.weld.util.collections.ImmutableTinySet$Doubleton@396b2747
    baseType = class java.lang.Class@1a50932e
  target = class com.example.documents.dao.DocumentDaoImpl$Proxy$_$$_WeldSubclass@5ede07a6

