------Start of DE processing------ = [28/12/21 19:08:40:477 EET]
Exception = com.ibm.ws.container.service.state.StateChangeException
Source = com.ibm.ws.app.manager.module.internal.SimpleDeployedAppInfoBase
probeid = 548
Stack Dump = com.ibm.ws.container.service.state.StateChangeException: org.jboss.weld.exceptions.DeploymentException: WELD-001408: Unsatisfied dependencies for type DocumentDaoImpl with qualifiers @Default
  at injection point [BackedAnnotatedField] @Inject com.example.documents.HelloController.documentDaoImpl
  at com.example.documents.HelloController.documentDaoImpl(HelloController.java:0)
WELD-001474: Class com.example.documents.dao.DocumentDaoImpl is on the classpath, but was ignored because a class it references was not found: javax.persistence.EntityManager.

	at com.ibm.ws.container.service.state.internal.ApplicationStateManager.fireStarting(ApplicationStateManager.java:55)
	at com.ibm.ws.container.service.state.internal.StateChangeServiceImpl.fireApplicationStarting(StateChangeServiceImpl.java:50)
	at com.ibm.ws.app.manager.module.internal.SimpleDeployedAppInfoBase.preDeployApp(SimpleDeployedAppInfoBase.java:547)
	at com.ibm.ws.app.manager.module.internal.SimpleDeployedAppInfoBase.installApp(SimpleDeployedAppInfoBase.java:508)
	at com.ibm.ws.app.manager.module.internal.DeployedAppInfoBase.deployApp(DeployedAppInfoBase.java:349)
	at com.ibm.ws.app.manager.war.internal.WARApplicationHandlerImpl.install(WARApplicationHandlerImpl.java:65)
	at com.ibm.ws.app.manager.internal.statemachine.StartAction.execute(StartAction.java:149)
	at com.ibm.ws.app.manager.internal.statemachine.ApplicationStateMachineImpl.enterState(ApplicationStateMachineImpl.java:1352)
	at com.ibm.ws.app.manager.internal.statemachine.ApplicationStateMachineImpl.run(ApplicationStateMachineImpl.java:897)
	at com.ibm.ws.threading.internal.ExecutorServiceImpl$RunnableWrapper.run(ExecutorServiceImpl.java:238)
	at java.util.concurrent.ThreadPoolExecutor.runWorker(ThreadPoolExecutor.java:1149)
	at java.util.concurrent.ThreadPoolExecutor$Worker.run(ThreadPoolExecutor.java:624)
	at java.lang.Thread.run(Thread.java:748)
Caused by: org.jboss.weld.exceptions.DeploymentException: WELD-001408: Unsatisfied dependencies for type DocumentDaoImpl with qualifiers @Default
  at injection point [BackedAnnotatedField] @Inject com.example.documents.HelloController.documentDaoImpl
  at com.example.documents.HelloController.documentDaoImpl(HelloController.java:0)
WELD-001474: Class com.example.documents.dao.DocumentDaoImpl is on the classpath, but was ignored because a class it references was not found: javax.persistence.EntityManager.

	at org.jboss.weld.bootstrap.Validator.validateInjectionPointForDeploymentProblems(Validator.java:378)
	at org.jboss.weld.bootstrap.Validator.validateInjectionPoint(Validator.java:290)
	at org.jboss.weld.bootstrap.Validator.validateGeneralBean(Validator.java:143)
	at org.jboss.weld.bootstrap.Validator.validateRIBean(Validator.java:164)
	at org.jboss.weld.bootstrap.Validator.validateBean(Validator.java:526)
	at org.jboss.weld.bootstrap.ConcurrentValidator$1.doWork(ConcurrentValidator.java:64)
	at org.jboss.weld.bootstrap.ConcurrentValidator$1.doWork(ConcurrentValidator.java:62)
	at org.jboss.weld.executor.IterativeWorkerTaskFactory$1.call(IterativeWorkerTaskFactory.java:62)
	at org.jboss.weld.executor.IterativeWorkerTaskFactory$1.call(IterativeWorkerTaskFactory.java:55)
	at java.util.concurrent.FutureTask.run(FutureTask.java:266)
	... 3 more

Dump of callerThis
Object type = com.ibm.ws.app.manager.war.internal.WARDeployedAppInfo
  CONTEXT_ROOT = "context-root"
  webContainerModuleInfo = class com.ibm.ws.app.manager.module.internal.SimpleDeployedAppInfoBase$WebModuleContainerInfo@cff1735
    contextRoot = "/"
    defaultContextRoot = "documents"
    serialVersionUID = 4617657913043497664
    $$$tc$$$ = class com.ibm.websphere.ras.TraceComponent@33747288
      strings[0] = "TraceComponent[com.ibm.ws.app.manager.module.internal.SimpleDeployedAppInfoBase$WebModuleContainerInfo,class com.ibm.ws.app.manager.module.internal.SimpleDeployedAppInfoBase$WebModuleContainerInfo,[applications, app.manager],null,null]"
    moduleHandler = class com.ibm.ws.app.manager.web.internal.WebModuleHandlerImpl@2e64e673
      serialVersionUID = 4795602325763828210
      $$$tc$$$ = class com.ibm.websphere.ras.TraceComponent@69697d3
      futureMonitor = class com.ibm.ws.threading.internal.FutureMonitorImpl@6e89be64
      metaDataService = class com.ibm.ws.container.service.metadata.internal.MetaDataServiceImpl@5766d050
      stateChangeService = class com.ibm.ws.container.service.state.internal.StateChangeServiceImpl@6cc3c9dc
      moduleRuntimeContainer = class com.ibm.ws.webcontainer.osgi.WebContainer@39db2de6
      firstFailure = null
      serialVersionUID = -4563697739413190872
      $$$tc$$$ = class com.ibm.websphere.ras.TraceComponent@68f3dfef
    moduleMetaDataExtenders = class java.util.Collections$UnmodifiableRandomAccessList@5c384d97
      serialVersionUID = -2542308836966382001
      serialVersionUID = -283967356065247728
      list = class java.util.concurrent.CopyOnWriteArrayList@79ffdc02
      serialVersionUID = 1820017752578914078
      c = class java.util.concurrent.CopyOnWriteArrayList@79ffdc02
    nestedModuleMetaDataFactories = class java.util.Collections$UnmodifiableRandomAccessList@467939f
      serialVersionUID = -2542308836966382001
      serialVersionUID = -283967356065247728
      list = class java.util.concurrent.CopyOnWriteArrayList@1b6e3fba
      serialVersionUID = 1820017752578914078
      c = class java.util.concurrent.CopyOnWriteArrayList@1b6e3fba
    nestedModules = null
    moduleName = "documents"
    moduleDD = null
    moduleInfo = class com.ibm.ws.app.manager.module.internal.WebModuleInfoImpl@69f65f20
      contextRoot = "/"
      isDefaultContextRootUsed = false
      defaultContextRoot = "documents"
      serialVersionUID = -6699247856069243844
      $$$tc$$$ = class com.ibm.websphere.ras.TraceComponent@58b2502c
      tc = class com.ibm.websphere.ras.TraceComponent@68b52a53
      appInfo = class com.ibm.ws.container.service.app.deploy.internal.ApplicationInfoImpl@5c0ac96d
      moduleName = "documents"
      path = "documents.war"
      moduleContainer = class com.ibm.ws.adaptable.module.internal.AdaptableContainerImpl@a0ec642
      altDDEntry = null
      moduleClassesContainers = class java.util.ArrayList@b39b137
      classLoaderFactory = class com.ibm.ws.app.manager.war.internal.WARDeployedAppInfo@209531cb
      containerInfoType = class com.ibm.ws.container.service.app.deploy.ContainerInfo$Type@30133c0f
      classLoader = class com.ibm.ws.classloading.internal.AppClassLoader@362ec4eb
      moduleMetaData = class com.ibm.ws.webcontainer.osgi.metadata.WebModuleMetaDataImpl@6884d808
      nestedModuleMetaDataTypes = null
      nestedModuleMetaDataValues = null
      serialVersionUID = 3986734351620206554
    serialVersionUID = 5122721995888983779
    $$$tc$$$ = class com.ibm.websphere.ras.TraceComponent@2d7ce368
      strings[0] = "TraceComponent[com.ibm.ws.app.manager.module.internal.SimpleDeployedAppInfoBase$ModuleContainerInfoBase,class com.ibm.ws.app.manager.module.internal.SimpleDeployedAppInfoBase$ModuleContainerInfoBase,[applications, app.manager],null,null]"
    type = class com.ibm.ws.container.service.app.deploy.ContainerInfo$Type@30133c0f
      MANIFEST_CLASSPATH = class com.ibm.ws.container.service.app.deploy.ContainerInfo$Type@71bb844f
      WEB_INF_CLASSES = class com.ibm.ws.container.service.app.deploy.ContainerInfo$Type@116f3383
      WEB_INF_LIB = class com.ibm.ws.container.service.app.deploy.ContainerInfo$Type@92e6f06
      EAR_LIB = class com.ibm.ws.container.service.app.deploy.ContainerInfo$Type@5237bd2c
      WEB_MODULE = class com.ibm.ws.container.service.app.deploy.ContainerInfo$Type@30133c0f
      EJB_MODULE = class com.ibm.ws.container.service.app.deploy.ContainerInfo$Type@7f83d2d9
      CLIENT_MODULE = class com.ibm.ws.container.service.app.deploy.ContainerInfo$Type@17980581
      RAR_MODULE = class com.ibm.ws.container.service.app.deploy.ContainerInfo$Type@6db41e2b
      JAR_MODULE = class com.ibm.ws.container.service.app.deploy.ContainerInfo$Type@285006c
      SHARED_LIB = class com.ibm.ws.container.service.app.deploy.ContainerInfo$Type@63f10fff
      $VALUES = class com.ibm.ws.container.service.app.deploy.ContainerInfo$Type[10]
      name = "WEB_MODULE"
      ordinal = 4
    name = "documents.war"
    container = class com.ibm.ws.adaptable.module.internal.AdaptableContainerImpl@a0ec642
    moduleClassLoaderFactory = class com.ibm.ws.app.manager.war.internal.WARDeployedAppInfo@209531cb
    altDDEntry = null
    classesContainerInfo = class java.util.ArrayList@b39b137
      serialVersionUID = 8683452581122892189
      DEFAULT_CAPACITY = 10
      EMPTY_ELEMENTDATA = class java.lang.Object[0]
      DEFAULTCAPACITY_EMPTY_ELEMENTDATA = class java.lang.Object[0]
      elementData = class java.lang.Object[22]
      size = 22
      MAX_ARRAY_SIZE = 2147483639
      modCount = 23
      MAX_ARRAY_SIZE = 2147483639
    serialVersionUID = 4636874131959542427
    $$$tc$$$ = class com.ibm.websphere.ras.TraceComponent@5b3bd1b7
      strings[0] = "TraceComponent[com.ibm.ws.app.manager.module.internal.SimpleDeployedAppInfoBase$ExtendedContainerInfo,class com.ibm.ws.app.manager.module.internal.SimpleDeployedAppInfoBase$ExtendedContainerInfo,[applications, app.manager],null,null]"
  DYNAMIC_IMPORT_PACKAGE_LIST = class java.util.Collections$UnmodifiableRandomAccessList@397f472c
    serialVersionUID = -2542308836966382001
    serialVersionUID = -283967356065247728
    list = class java.util.Arrays$ArrayList@5dbc4641
      serialVersionUID = -2764017481108945198
      a = class java.lang.String[1]
      modCount = 0
      MAX_ARRAY_SIZE = 2147483639
    serialVersionUID = 1820017752578914078
    c = class java.util.Arrays$ArrayList@5dbc4641
  serialVersionUID = 6176035338244935179
  $$$tc$$$ = class com.ibm.websphere.ras.TraceComponent@3fbc9dc1
    strings[0] = "TraceComponent[com.ibm.ws.app.manager.war.internal.WARDeployedAppInfo,class com.ibm.ws.app.manager.war.internal.WARDeployedAppInfo,[webcontainer, applications, app.manager],com.ibm.ws.app.manager.war.internal.resources.Messages,null]"
  _tc = class com.ibm.websphere.ras.TraceComponent@46f4a5a9
    strings[0] = "TraceComponent[com.ibm.ws.app.manager.module.internal.DeployedAppInfoBase,class com.ibm.ws.app.manager.module.internal.DeployedAppInfoBase,[app.manager],com.ibm.ws.app.manager.module.internal.resources.Messages,null]"
  PERMISSION_XML = "permissions.xml"
  applicationInformation = class com.ibm.ws.app.manager.internal.ApplicationInstallInfo@4e5ba54e
    _config = class com.ibm.ws.app.manager.internal.ApplicationConfig@75c4879a
      tc = class com.ibm.websphere.ras.TraceComponent@28fb1d7f
      _configPid = "com.ibm.ws.app.manager_40"
      _config = class com.ibm.ws.config.admin.ConfigurationDictionary@104563c0
      _applicationManager = class com.ibm.ws.app.manager.ApplicationManager@39fa8245
      _location = "documents.war"
      _type = "war"
      _name = "documents"
      _notificationBroadcasterSupport = class javax.management.NotificationBroadcasterSupport@373934e1
      ONE_TIME_JANDEX_MSGS_DISPLAYED = true
      serialVersionUID = -2151423388299667431
    _handlerInfo = class java.util.concurrent.atomic.AtomicReference@17f7e02
      serialVersionUID = -1848883965231344442
      unsafe = class sun.misc.Unsafe@796a62cb
      valueOffset = 12
      value = class com.ibm.ws.app.manager.war.internal.WARDeployedAppInfo@209531cb
    _container = class java.util.concurrent.atomic.AtomicReference@827b6ca
      serialVersionUID = -1848883965231344442
      unsafe = class sun.misc.Unsafe@796a62cb
      valueOffset = 12
      value = class com.ibm.ws.adaptable.module.internal.AdaptableContainerImpl@a0ec642
    _resolvedLocation = class java.util.concurrent.atomic.AtomicReference@1b451355
      serialVersionUID = -1848883965231344442
      unsafe = class sun.misc.Unsafe@796a62cb
      valueOffset = 12
      value = class com.ibm.ws.kernel.service.location.internal.LocalFileResource@3b596193
    _handler = class com.ibm.ws.app.manager.war.internal.WARApplicationHandlerImpl@4a6cbff0
      futureMonitor = class com.ibm.ws.threading.internal.FutureMonitorImpl@6e89be64
      deployedAppFactory = class com.ibm.ws.app.manager.war.internal.WARDeployedAppInfoFactoryImpl@7cee5477
      serialVersionUID = 4622845147410944782
      $$$tc$$$ = class com.ibm.websphere.ras.TraceComponent@6c5f4ef7
    _ami = class java.util.concurrent.atomic.AtomicReference@309947d1
      serialVersionUID = -1848883965231344442
      unsafe = class sun.misc.Unsafe@796a62cb
      valueOffset = 12
      value = class com.ibm.wsspi.application.handler.DefaultApplicationMonitoringInformation@1b4e7640
    _updateHandler = class com.ibm.ws.app.manager.internal.statemachine.ApplicationStateMachineImpl@53d26ee
      _tc = class com.ibm.websphere.ras.TraceComponent@6dce5c86
      EMPTY_FUTURE_ARRAY = interface java.util.concurrent.Future[0]
      asmSequenceNumber = class java.util.concurrent.atomic.AtomicLong@1379bb64
      _qscaCounter = class java.util.concurrent.atomic.AtomicInteger@635c0561
      _failedThrowable = null
      _interruptibleLock = class com.ibm.ws.app.manager.internal.statemachine.ApplicationStateMachineImpl$2@18abb34
      _interruptible = false
      _performingQueuedActions = true
      _queuedActions = class java.util.concurrent.ConcurrentLinkedQueue@aec7e1f
      _callbackState = class java.util.concurrent.atomic.AtomicReference@541046bd
      blockAppStartingFutures = class java.util.Collections$SetFromMap@57643653
      waitingForAppHandlerFuture = class java.util.concurrent.atomic.AtomicReference@3e37490
      waitingForExplicitStartFuture = class java.util.concurrent.atomic.AtomicReference@6a96fe75
      startAfterFutures = class java.util.Collections$SetFromMap@3c656834
      completionListener = class java.util.concurrent.atomic.AtomicReference@4ac51745
      _notifyAppStopped = class java.util.concurrent.ConcurrentLinkedQueue@521aad79
      _notifyAppStarting = class java.util.concurrent.ConcurrentLinkedQueue@f228419
      _notifyAppInstallCalled = class java.util.concurrent.ConcurrentLinkedQueue@18117901
      _notifyAppStarted = class java.util.concurrent.ConcurrentLinkedQueue@7a0c2a79
      _notifyAppRemoved = class java.util.concurrent.ConcurrentLinkedQueue@7d7a2124
      _stateLock = class com.ibm.ws.app.manager.internal.statemachine.ApplicationStateMachineImpl$3@66e370de
      _internalState = class java.util.concurrent.atomic.AtomicReference@7529d472
      _currentAction = class java.util.concurrent.atomic.AtomicReference@6eed674c
      _rfa = class java.util.concurrent.atomic.AtomicReference@42b208b4
      _appInstallInfo = class java.util.concurrent.atomic.AtomicReference@3faaf5bc
      _update = class java.util.concurrent.atomic.AtomicBoolean@41b2c7f
      _appConfig = class java.util.concurrent.atomic.AtomicReference@149ecb7
      _nextAppConfig = class java.util.concurrent.atomic.AtomicReference@53ecb382
      _appContainer = class java.util.concurrent.atomic.AtomicReference@3b03ab56
      _resolvedLocation = class java.util.concurrent.atomic.AtomicReference@6626109d
      _handler = class java.util.concurrent.atomic.AtomicReference@284474ba
      _asmSeqNo = 0
      _ctx = class org.eclipse.osgi.internal.framework.BundleContextImpl@45714b1c
      _locAdmin = class com.ibm.ws.kernel.service.location.internal.WsLocationAdminImpl@38fde31e
      _futureMonitor = class com.ibm.ws.threading.internal.FutureMonitorImpl@6e89be64
      _artifactFactory = class com.ibm.ws.artifact.internal.ArtifactContainerFactoryService@45f02ac7
      _moduleFactory = class com.ibm.ws.adaptable.module.internal.AdaptableModuleFactoryImpl@63308391
      _executorService = class com.ibm.ws.threading.internal.ExecutorServiceImpl@65e3e6ab
      _scheduledExecutorService = class com.ibm.ws.threading.internal.ScheduledExecutorImpl@6efe56ae
      _asmHelper = class com.ibm.ws.app.manager.internal.ApplicationConfigurator$NamedApplication@49ad193e
      _appMonitor = class com.ibm.ws.app.manager.internal.monitor.ApplicationMonitor@39ccbd7c
      enterStateCalled = class java.util.concurrent.atomic.AtomicBoolean@1a155ebf
      serialVersionUID = 7990273947104993494
      serialVersionUID = 300267208965883056
      $$$tc$$$ = class com.ibm.websphere.ras.TraceComponent@6160745d
    serialVersionUID = 2630639237123415755
    $$$tc$$$ = class com.ibm.websphere.ras.TraceComponent@26c79fc2
      strings[0] = "TraceComponent[com.ibm.ws.app.manager.internal.ApplicationInstallInfo,class com.ibm.ws.app.manager.internal.ApplicationInstallInfo,[applications, app.manager],com.ibm.ws.app.manager.internal.resources.AppManagerMessages,null]"
  location = "E:\facultate\master\java\java\tehnologii_java\documents\documents\target\liberty\wlp\usr\servers\documents\apps\documents.war.xml"
  classLoadingService = class com.ibm.ws.classloading.internal.ClassLoadingServiceImpl@2f15650e
    tc = class com.ibm.websphere.ras.TraceComponent@2916bc23
      strings[0] = "TraceComponent[com.ibm.ws.classloading.internal.ClassLoadingServiceImpl,class com.ibm.ws.classloading.internal.ClassLoadingServiceImpl,[ClassLoadingService],com.ibm.ws.classloading.internal.resources.ClassLoadingServiceMessages,null]"
    leakDetectionMap = class java.util.HashMap@2669cf46
      serialVersionUID = 362498820763181265
      DEFAULT_INITIAL_CAPACITY = 16
      MAXIMUM_CAPACITY = 1073741824
      DEFAULT_LOAD_FACTOR = 0.75
      TREEIFY_THRESHOLD = 8
      UNTREEIFY_THRESHOLD = 6
      MIN_TREEIFY_CAPACITY = 64
      table = null
      entrySet = null
      size = 0
      modCount = 0
      threshold = 0
      loadFactor = 0.75
      keySet = null
      values = null
    appClassLoaders = class java.util.Collections$SetFromMap@7312441d
      m = class java.util.WeakHashMap@32209ce
      s = class java.util.WeakHashMap$KeySet@6f4186c7
      serialVersionUID = 2454657854757543876
      MAX_ARRAY_SIZE = 2147483639
    TCCL_LOCK_WAIT = 15000
    REFERENCE_GENERATORS = "generators"
    bundleContext = class org.eclipse.osgi.internal.framework.BundleContextImpl@72796c89
    aclStore = class com.ibm.ws.classloading.internal.util.CanonicalStore@d3afe90
      map = class java.util.concurrent.ConcurrentHashMap@1ed8e286
      q = class com.ibm.ws.classloading.internal.util.RefQueue@775ac2b7
      serialVersionUID = 6715157558227169968
      $$$tc$$$ = class com.ibm.websphere.ras.TraceComponent@3ac09a71
    tcclStore = class com.ibm.ws.classloading.internal.util.CanonicalStore@47247671
      map = class java.util.concurrent.ConcurrentHashMap@1db9b5db
      q = class com.ibm.ws.classloading.internal.util.RefQueue@596a1c32
      serialVersionUID = 6715157558227169968
      $$$tc$$$ = class com.ibm.websphere.ras.TraceComponent@3ac09a71
    tcclStoreLock = class java.util.concurrent.locks.ReentrantLock@2fdf822c
      serialVersionUID = 7373984872572414699
      sync = class java.util.concurrent.locks.ReentrantLock$NonfairSync@2229c34
    digraph = class org.eclipse.equinox.internal.region.StandardRegionDigraph@4e0c1966
      EMPTY_EDGE_SET = class java.util.Collections$UnmodifiableSet@73b0530
      monitor = class java.lang.Object@47bb68df
      regions = class java.util.HashMap@14c7853c
      bundleIdToRegionMapping = class org.eclipse.equinox.internal.region.StandardBundleIdToRegionMapping@524f5cf4
      edges = class java.util.HashMap@d82d108
      bundleContext = class org.eclipse.osgi.internal.framework.BundleContextImpl@751d3241
      threadLocal = class java.lang.ThreadLocal@1163bdf7
      subgraphTraverser = class org.eclipse.equinox.internal.region.SubgraphTraverser@39253482
      bundleCollisionHook = class org.eclipse.equinox.internal.region.hook.RegionBundleCollisionHook@112577ae
      bundleEventHook = class org.eclipse.equinox.internal.region.hook.RegionBundleEventHook@a34ee13
      bundleFindHook = class org.eclipse.equinox.internal.region.hook.RegionBundleFindHook@6b466a7
      serviceEventHook = class org.eclipse.equinox.internal.region.hook.RegionServiceEventHook@16a5c3d7
      serviceFindHook = class org.eclipse.equinox.internal.region.hook.RegionServiceFindHook@2c074eaa
      resolverHookFactory = class org.eclipse.equinox.internal.region.hook.RegionResolverHookFactory@1ee694f
      origin = null
      originUpdateCount = -1
      updateCount = class java.util.concurrent.atomic.AtomicLong@24cab68b
      defaultRegion = null
    redefiner = class com.ibm.ws.classloading.internal.util.ClassRedefiner@1498b049
      tc = class com.ibm.websphere.ras.TraceComponent@499ceef5
      LS = "
"
      inst = class com.sun.proxy.$Proxy0@736f2bb8
      serialVersionUID = 2420101865139508526
    listener = class com.ibm.ws.classloading.internal.ClassLoadingServiceImpl$1@70ebcb55
      this$0 = class com.ibm.ws.classloading.internal.ClassLoadingServiceImpl@2f15650e
      serialVersionUID = -9159707349812113172
      $$$tc$$$ = class com.ibm.websphere.ras.TraceComponent@452f8a9f
    classloaders = class java.util.Collections$SynchronizedMap@23f6e986
      serialVersionUID = 1978198479659022715
      m = class java.util.HashMap@1cc962be
      mutex = class java.util.Collections$SynchronizedMap@23f6e986
      keySet = null
      entrySet = null
      values = null
    resourceProviders = class com.ibm.ws.classloading.internal.CompositeResourceProvider@d9f13b7
      lockFactory = class java.util.concurrent.locks.ReentrantReadWriteLock@19b02276
      providerMap = class com.ibm.ws.classloading.internal.util.MultiMap@35f96b0d
      serialVersionUID = -5576435894946156347
      $$$tc$$$ = class com.ibm.websphere.ras.TraceComponent@1989da5a
    rememberedBundles = class java.util.concurrent.ConcurrentHashMap@5cd4f0b5
      serialVersionUID = 7249069246763182397
      MAXIMUM_CAPACITY = 1073741824
      DEFAULT_CAPACITY = 16
      MAX_ARRAY_SIZE = 2147483639
      DEFAULT_CONCURRENCY_LEVEL = 16
      LOAD_FACTOR = 0.75
      TREEIFY_THRESHOLD = 8
      UNTREEIFY_THRESHOLD = 6
      MIN_TREEIFY_CAPACITY = 64
      MIN_TRANSFER_STRIDE = 16
      RESIZE_STAMP_BITS = 16
      MAX_RESIZERS = 65535
      RESIZE_STAMP_SHIFT = 16
      MOVED = -1
      TREEBIN = -2
      RESERVED = -3
      HASH_BITS = 2147483647
      NCPU = 8
      serialPersistentFields = class java.io.ObjectStreamField[3]
      table = class java.util.concurrent.ConcurrentHashMap$Node[16]
      nextTable = null
      baseCount = 1
      sizeCtl = 12
      transferIndex = 0
      cellsBusy = 0
      counterCells = null
      keySet = null
      values = null
      entrySet = null
      U = class sun.misc.Unsafe@796a62cb
      SIZECTL = 20
      TRANSFERINDEX = 32
      BASECOUNT = 24
      CELLSBUSY = 36
      CELLVALUE = 144
      ABASE = 16
      ASHIFT = 2
      keySet = null
      values = null
    collectedBundles = class java.lang.ref.ReferenceQueue@724b2919
      NULL = class java.lang.ref.ReferenceQueue$Null@138a5e3
      ENQUEUED = class java.lang.ref.ReferenceQueue$Null@14ffacd2
      lock = class java.lang.ref.ReferenceQueue$Lock@576a661a
      head = null
      queueLength = 0
      $assertionsDisabled = true
    generatorRefs = class com.ibm.wsspi.kernel.service.utils.ConcurrentServiceReferenceSet@66e5440f
      referenceName = "generators"
      contextRef = class java.util.concurrent.atomic.AtomicReference@17e27969
      elementMap = class java.util.LinkedHashMap@17585d04
      elementSet = class java.util.concurrent.ConcurrentSkipListSet@1d6096bc
      elementSetUnsorted = false
      serialVersionUID = 756240983881166148
      $$$tc$$$ = class com.ibm.websphere.ras.TraceComponent@5ae3042b
    generatorManager = class com.ibm.ws.classloading.internal.ClassGeneratorManager@1312e1cf
      tc = class com.ibm.websphere.ras.TraceComponent@28e94e
      generatorRefs = class com.ibm.wsspi.kernel.service.utils.ConcurrentServiceReferenceSet@66e5440f
      serialVersionUID = 4152663586056483310
    appExtLibs = class java.util.concurrent.CopyOnWriteArrayList@68b8fa40
      serialVersionUID = 8673264195747942595
      lock = class java.util.concurrent.locks.ReentrantLock@1a49d30e
      array = class java.lang.Object[0]
      UNSAFE = class sun.misc.Unsafe@796a62cb
      lockOffset = 12
    globalConfig = class com.ibm.ws.classloading.configuration.GlobalClassloadingConfiguration@439015af
      properties = class org.apache.felix.scr.impl.helper.ReadOnlyDictionary@486b2a5f
      serialVersionUID = 452562347104713756
      $$$tc$$$ = class com.ibm.websphere.ras.TraceComponent@7eb11584
    metaInfServicesProviders = class java.util.concurrent.ConcurrentHashMap@f19e4ee
      serialVersionUID = 7249069246763182397
      MAXIMUM_CAPACITY = 1073741824
      DEFAULT_CAPACITY = 16
      MAX_ARRAY_SIZE = 2147483639
      DEFAULT_CONCURRENCY_LEVEL = 16
      LOAD_FACTOR = 0.75
      TREEIFY_THRESHOLD = 8
      UNTREEIFY_THRESHOLD = 6
      MIN_TREEIFY_CAPACITY = 64
      MIN_TRANSFER_STRIDE = 16
      RESIZE_STAMP_BITS = 16
      MAX_RESIZERS = 65535
      RESIZE_STAMP_SHIFT = 16
      MOVED = -1
      TREEBIN = -2
      RESERVED = -3
      HASH_BITS = 2147483647
      NCPU = 8
      serialPersistentFields = class java.io.ObjectStreamField[3]
      table = null
      nextTable = null
      baseCount = 0
      sizeCtl = 0
      transferIndex = 0
      cellsBusy = 0
      counterCells = null
      keySet = null
      values = null
      entrySet = null
      U = class sun.misc.Unsafe@796a62cb
      SIZECTL = 20
      TRANSFERINDEX = 32
      BASECOUNT = 24
      CELLSBUSY = 36
      CELLVALUE = 144
      ABASE = 16
      ASHIFT = 2
      keySet = null
      values = null
    metaInfServicesRefs = class com.ibm.wsspi.kernel.service.utils.ConcurrentServiceReferenceMap@b01605b
      referenceName = "MetaInfServicesProvider"
      context = class org.apache.felix.scr.impl.manager.ComponentContextImpl@64833460
      elementMap = class java.util.concurrent.ConcurrentHashMap@6d812f4e
      serialVersionUID = 6980924785166233786
      $$$tc$$$ = class com.ibm.websphere.ras.TraceComponent@712b39f5
    protectionDomainMap = class java.util.HashMap@24c4f181
      serialVersionUID = 362498820763181265
      DEFAULT_INITIAL_CAPACITY = 16
      MAXIMUM_CAPACITY = 1073741824
      DEFAULT_LOAD_FACTOR = 0.75
      TREEIFY_THRESHOLD = 8
      UNTREEIFY_THRESHOLD = 6
      MIN_TREEIFY_CAPACITY = 64
      table = class java.util.HashMap$Node[16]
      entrySet = null
      size = 1
      modCount = 1
      threshold = 12
      loadFactor = 0.75
      keySet = null
      values = null
    metadataIdentifierService = class com.ibm.ws.container.service.metadata.internal.MetaDataServiceImpl@5766d050
    globalSharedLibrary = class java.util.concurrent.atomic.AtomicReference@673ab5db
      serialVersionUID = -1848883965231344442
      unsafe = class sun.misc.Unsafe@796a62cb
      valueOffset = 12
      value = null
    serialVersionUID = 4365026902615131286
  globalSharedLibrary = class com.ibm.ws.library.internal.SharedLibraryImpl@4b9b758a
    tc = class com.ibm.websphere.ras.TraceComponent@1543b00f
      strings[0] = "TraceComponent[com.ibm.ws.library.internal.SharedLibraryImpl,class com.ibm.ws.library.internal.SharedLibraryImpl,[SharedLibrary],com.ibm.ws.classloading.internal.resources.ClassLoadingServiceMessages,null]"
    EMPTY_LIBRARY_LISTENERS = interface com.ibm.wsspi.library.LibraryChangeListener[0]
    deleted = false
    libraryListenersTracker = class org.osgi.util.tracker.ServiceTracker@528ee697
      DEBUG = false
      context = class org.eclipse.osgi.internal.framework.BundleContextImpl@72796c89
      filter = class org.eclipse.osgi.internal.framework.FilterImpl$And@1ba06f3f
      customizer = class org.osgi.util.tracker.ServiceTracker@528ee697
      listenerFilter = "(&(objectClass=com.ibm.wsspi.library.LibraryChangeListener)(|(library=global)(libraryRef=*com.ibm.ws.classloading.sharedlibrary_27*)))"
      trackClass = null
      trackReference = null
      tracked = class org.osgi.util.tracker.ServiceTracker$Tracked@284e619e
      cachedReference = null
      cachedService = null
    libraryReg = class org.eclipse.osgi.internal.serviceregistry.ServiceRegistrationImpl@18108800
      registry = class org.eclipse.osgi.internal.serviceregistry.ServiceRegistry@76c38a0d
      context = class org.eclipse.osgi.internal.framework.BundleContextImpl@72796c89
      bundle = class org.eclipse.osgi.internal.framework.EquinoxBundle@4529ae3c
      clazzes = class java.lang.String[1]
      service = class com.ibm.ws.library.internal.SharedLibraryImpl@4b9b758a
      reference = class org.eclipse.osgi.internal.serviceregistry.ServiceReferenceImpl@58d3c81a
      contextsUsing = class java.util.ArrayList@3bc70a79
      properties = class java.util.Collections$UnmodifiableMap@51be7cee
      serviceid = 338
      serviceranking = 2
      registrationLock = class java.lang.Object@7c19e895
      state = 0
      REGISTERED = 0
      UNREGISTERING = 1
      UNREGISTERED = 2
      FRAMEWORK_SET_SERVICE_PROPERTIES_COUNT = 4
      $assertionsDisabled = true
    ctx = class org.eclipse.osgi.internal.framework.BundleContextImpl@72796c89
    classLoadingService = class com.ibm.ws.classloading.internal.ClassLoadingServiceImpl@2f15650e
    configAdmin = class com.ibm.ws.config.admin.internal.ConfigurationAdminImpl@543c5655
      tc = class com.ibm.websphere.ras.TraceComponent@2b261e20
      bundle = class org.eclipse.osgi.internal.framework.EquinoxBundle@4529ae3c
      caFactory = class com.ibm.ws.config.admin.internal.ConfigAdminServiceFactory@20428ce
      serialVersionUID = -2875522750804142523
    resolvedBasePath = "E:/facultate/master/java/java/tehnologii_java/documents/documents/target/liberty/wlp/usr/servers/documents/"
    generationLock = class com.ibm.ws.library.internal.SharedLibraryImpl$1@65338f88
      this$0 = class com.ibm.ws.library.internal.SharedLibraryImpl@4b9b758a
      serialVersionUID = 2483639803450672373
      $$$tc$$$ = class com.ibm.websphere.ras.TraceComponent@252b8282
    currentGeneration = class com.ibm.ws.library.internal.LibraryGeneration@37ad5256
      tc = class com.ibm.websphere.ras.TraceComponent@4cf72518
      nextInt = class java.util.concurrent.atomic.AtomicInteger@5f17db59
      libraryId = "global"
      genId = 2
      libraryProps = class java.util.Hashtable@5967078b
      filesetRefs = class java.util.Collections$UnmodifiableRandomAccessList@66f418f1
      apiTypeVisibility = class java.util.RegularEnumSet@78bcca21
      files = class java.util.Collections$EmptyList@4de309a7
      folders = class java.util.ArrayList@19101b7c
      fileAndFolderContainers = class java.util.Collections$EmptyList@4de309a7
      filesets = class java.util.concurrent.ArrayBlockingQueue@782a1c8a
      filesetListenerRegs = class java.util.concurrent.ConcurrentLinkedQueue@3edfb0ee
      cancelled = false
      library = class com.ibm.ws.library.internal.SharedLibraryImpl@4b9b758a
      serialVersionUID = 6965220007121905717
    nextGeneration = class com.ibm.ws.library.internal.LibraryGeneration@37ad5256
    artifactContainerFactory = class com.ibm.ws.library.internal.SharedLibraryFactory$1@1232a06a
      this$0 = class com.ibm.ws.library.internal.SharedLibraryFactory@301aa2f1
      serialVersionUID = 7730244564205089330
      $$$tc$$$ = class com.ibm.websphere.ras.TraceComponent@756628cc
    packageExporter = class com.ibm.ws.library.internal.LibraryPackageExporter@240ac287
      EXPORTER_POSTFIX = "_library_exporter"
      REGION_EXPORT_TO_LIBERTY = "liberty.library.export.to.liberty"
      REGION_EXPORT_TO_OSGI_APPS = "liberty.library.export.to.osgi.app"
      REGION_KERNEL = "org.eclipse.equinox.region.kernel"
      counter = class java.util.concurrent.atomic.AtomicLong@235a8946
      context = class org.eclipse.osgi.internal.framework.BundleContextImpl@72796c89
      digraph = class org.eclipse.equinox.internal.region.StandardRegionDigraph@4e0c1966
      bundleToLibrary = class java.util.concurrent.ConcurrentHashMap@3aab8c7a
      libraryToVisibility = class java.util.concurrent.ConcurrentHashMap@2cb9d1f2
      serialVersionUID = 8074378969667956573
      $$$tc$$$ = class com.ibm.websphere.ras.TraceComponent@5ef7d3bd
    serialVersionUID = 6288237618632180389
  sharedLibDeploymentInfo = class com.ibm.ws.app.manager.module.internal.DeployedAppInfoBase$SharedLibDeploymentInfo@69e9b8ed
    locAdmin = class com.ibm.ws.kernel.service.location.internal.WsLocationAdminImpl@38fde31e
      tc = class com.ibm.websphere.ras.TraceComponent@69bbdf2f
      LOC_INTERNAL_LIB_DIR = "wlp.lib.dir"
      LOC_INTERNAL_WORKAREA_DIR = "wlp.workarea.dir"
      LOC_AREA_NAME_APPS = "shared/apps/"
      LOC_AREA_NAME_CONFIG = "shared/config/"
      LOC_AREA_NAME_RESC = "shared/resources/"
      LOC_AREA_NAME_STATE = "logs/state/"
      LOC_AREA_NAME_SERVERS = "servers/"
      LOC_AREA_NAME_CLIENTS = "clients/"
      LOC_AREA_NAME_WORKING = "workarea/"
      LOC_AREA_NAME_EXTENSION = "extension/"
      instance = class com.ibm.ws.kernel.service.location.internal.WsLocationAdminImpl@38fde31e
      installRoot = class com.ibm.ws.kernel.service.location.internal.SymbolicRootResource@6b0f026f
      installParentRoot = class com.ibm.ws.kernel.service.location.internal.SymbolicRootResource@396a5d4f
      userRoot = class com.ibm.ws.kernel.service.location.internal.SymbolicRootResource@2762959c
      usrExtensionRoot = class com.ibm.ws.kernel.service.location.internal.SymbolicRootResource@73afed5a
      serverConfigDir = class com.ibm.ws.kernel.service.location.internal.SymbolicRootResource@60a0853a
      serverOutputDir = class com.ibm.ws.kernel.service.location.internal.SymbolicRootResource@60a0853a
      bootstrapLib = class com.ibm.ws.kernel.service.location.internal.LocalFileResource@bcb2c44
      serverWorkarea = class com.ibm.ws.kernel.service.location.internal.LocalFileResource@38b686d4
      serverState = class com.ibm.ws.kernel.service.location.internal.LocalFileResource@347f79a5
      sharedAppsRoot = class com.ibm.ws.kernel.service.location.internal.SymbolicRootResource@5092a345
      sharedConfigRoot = class com.ibm.ws.kernel.service.location.internal.SymbolicRootResource@2e90c1f
      sharedResourceRoot = class com.ibm.ws.kernel.service.location.internal.SymbolicRootResource@ee5bab0
      tmpRoot = class com.ibm.ws.kernel.service.location.internal.SymbolicRootResource@41985898
      serverName = "documents"
      resourcePaths = class java.util.ArrayList@4d54365
      resourceGroups = class java.util.HashMap@4e963e14
      commonRoot = class com.ibm.ws.kernel.service.location.internal.VirtualRootResource@6d852d4c
      serialVersionUID = -5748835026800463299
    artifactFactory = class com.ibm.ws.artifact.internal.ArtifactContainerFactoryService@45f02ac7
      CATEGORY_PROP_NAME = "category"
      ENTRY_KEY = "com.ibm.wsspi.artifact.ArtifactEntry"
      helperMap = class com.ibm.wsspi.kernel.service.utils.ConcurrentServiceReferenceSetMap@72bab276
      contributorMap = class com.ibm.wsspi.kernel.service.utils.ConcurrentServiceReferenceSetMap@2d81558c
      helperCategoryMap = class com.ibm.wsspi.kernel.service.utils.ConcurrentServiceReferenceSetMap@32293750
      contributorCategoryMap = class com.ibm.wsspi.kernel.service.utils.ConcurrentServiceReferenceSetMap@4fec75d6
      categories = class java.util.Collections$SynchronizedSet@68e2475f
      baseProperties = class org.apache.felix.scr.impl.helper.ReadOnlyDictionary@4f6842fa
      registration = class com.ibm.ws.kernel.service.util.ServiceRegistrationModifier@34006ff0
      serialVersionUID = 6566424214406946230
      $$$tc$$$ = class com.ibm.websphere.ras.TraceComponent@19d2966b
    moduleFactory = class com.ibm.ws.adaptable.module.internal.AdaptableModuleFactoryImpl@63308391
      adapterFactoryService = class com.ibm.ws.adaptable.module.internal.AdapterFactoryServiceImpl@332efc68
      containerFactory = class com.ibm.ws.artifact.internal.ArtifactContainerFactoryService@45f02ac7
      overlayContainerFactory = class com.ibm.ws.artifact.overlay.internal.OverlayContainerFactoryImpl@223b05e3
      serialVersionUID = 4200251809856292987
      $$$tc$$$ = class com.ibm.websphere.ras.TraceComponent@13497551
    classesContainerInfo = class java.util.ArrayList@1fc49aa0
      serialVersionUID = 8683452581122892189
      DEFAULT_CAPACITY = 10
      EMPTY_ELEMENTDATA = class java.lang.Object[0]
      DEFAULTCAPACITY_EMPTY_ELEMENTDATA = class java.lang.Object[0]
      elementData = class java.lang.Object[0]
      size = 0
      MAX_ARRAY_SIZE = 2147483639
      modCount = 0
      MAX_ARRAY_SIZE = 2147483639
    serialVersionUID = 5154735746662585226
    $$$tc$$$ = class com.ibm.websphere.ras.TraceComponent@67fe7bea
      strings[0] = "TraceComponent[com.ibm.ws.app.manager.module.internal.DeployedAppInfoBase$SharedLibDeploymentInfo,class com.ibm.ws.app.manager.module.internal.DeployedAppInfoBase$SharedLibDeploymentInfo,[applications, app.manager],null,null]"
  configAdmin = class com.ibm.ws.config.admin.internal.ConfigurationAdminImpl@2a6cd4db
    tc = class com.ibm.websphere.ras.TraceComponent@2b261e20
      strings[0] = "TraceComponent[com.ibm.ws.config.admin.internal.ConfigurationAdminImpl,class com.ibm.ws.config.admin.internal.ConfigurationAdminImpl,[config],com.ibm.ws.config.internal.resources.ConfigMessages,null]"
    bundle = class org.eclipse.osgi.internal.framework.EquinoxBundle@a40d96d
      equinoxContainer = class org.eclipse.osgi.internal.framework.EquinoxContainer@6edaf4fc
      module = class org.eclipse.osgi.internal.framework.EquinoxBundle$EquinoxModule@6dfc3590
      monitor = class java.lang.Object@13238a21
      context = class org.eclipse.osgi.internal.framework.BundleContextImpl@4c893120
      signerInfos = null
      $SWITCH_TABLE$org$eclipse$osgi$container$Module$State = {1,2,3,4,5,6,7} /* array length = 7 */
    caFactory = class com.ibm.ws.config.admin.internal.ConfigAdminServiceFactory@20428ce
      tc = class com.ibm.websphere.ras.TraceComponent@5b4f82cf
      configurationPermission = class org.osgi.service.cm.ConfigurationPermission@fc85d85
      INDEX_DICTIONARY = 0
      INDEX_LOCATION = 1
      INDEX_METATYPE_PROCESSED = 2
      INDEX_IN_OVERRIDES_FILE = 3
      INDEX_REFERENCES = 4
      INDEX_UNIQUES = 5
      bundleContext = class org.eclipse.osgi.internal.framework.BundleContextImpl@23723aba
      msTracker = class com.ibm.ws.config.admin.internal.ManagedServiceTracker@492699f1
      msfTracker = class com.ibm.ws.config.admin.internal.ManagedServiceFactoryTracker@4ef64652
      pluginManager = class com.ibm.ws.config.admin.internal.PluginManager@241e286a
      configurationStore = class com.ibm.ws.config.admin.internal.ConfigurationStore@69f76d19
      updateQueue = class com.ibm.ws.config.admin.internal.UpdateQueue@14e398c7
      ced = class com.ibm.ws.config.admin.internal.ConfigEventDispatcher@68db98df
      idMap = class java.util.Collections$SynchronizedMap@3dd3b0d6
      referenceMap = class java.util.Collections$SynchronizedMap@6f9e8dd0
      variableRegistryTracker = class org.osgi.util.tracker.ServiceTracker@67331544
      variableRegistry = class com.ibm.ws.kernel.service.location.internal.VariableRegistryHelper@539a641d
      configurationAdminRef = class org.eclipse.osgi.internal.serviceregistry.ServiceRegistrationImpl@50d6630b
      serialVersionUID = 6695202270027014725
    serialVersionUID = -2875522750804142523
  libraryConfigHelper = class com.ibm.ws.classloading.ClassLoaderConfigHelper@2ed5e98d
    tc = class com.ibm.websphere.ras.TraceComponent@5c858e9f
      strings[0] = "TraceComponent[com.ibm.ws.classloading.ClassLoaderConfigHelper,class com.ibm.ws.classloading.ClassLoaderConfigHelper,[ClassLoadingService],com.ibm.ws.classloading.internal.resources.ClassLoadingServiceMessages,null]"
    DEFAULT_API_TYPES = class java.util.RegularEnumSet@5f2ef2e0
      serialVersionUID = 3411599620347842686
      elements = 23
      elementType = class java.lang.Class@6e948acc
      universe = class com.ibm.wsspi.classloading.ApiType[5]
      ZERO_LENGTH_ENUM_ARRAY = class java.lang.Enum[0]
      MAX_ARRAY_SIZE = 2147483639
    sharedLibraries = class java.util.Collections$EmptyList@4de309a7
      serialVersionUID = 8842843931221139166
      modCount = 0
      MAX_ARRAY_SIZE = 2147483639
    commonLibraries = class java.util.Collections$EmptyList@4de309a7
    classProviders = class java.util.Collections$EmptyList@4de309a7
    sharedLibrariesPids = null
    commonLibrariesPids = null
    isDelegateLast = false
    apiTypes = class java.util.RegularEnumSet@6e820a8d
      serialVersionUID = 3411599620347842686
      elements = 31
      elementType = class java.lang.Class@6e948acc
      universe = class com.ibm.wsspi.classloading.ApiType[5]
      ZERO_LENGTH_ENUM_ARRAY = class java.lang.Enum[0]
      MAX_ARRAY_SIZE = 2147483639
    classLoaderConfigProps = class com.ibm.ws.config.admin.ConfigurationDictionary@ef8958b
      serialVersionUID = 7966152868712543805
      simpleTypes = class java.util.Arrays$ArrayList@684e2d94
      primitiveArrayTypes = class java.util.Arrays$ArrayList@162e9240
      simpleArrayTypes = class java.util.Arrays$ArrayList@7264de41
      extendedTypes = class java.util.Arrays$ArrayList@2c8f8aa0
      CASE_INSENSITIVE = class com.ibm.ws.config.admin.ConfigurationDictionary$CaseInsensitive@35343028
      properties = class java.util.Collections$SynchronizedMap@a2d0d93
    serialVersionUID = 7643888529935916418
  isDelegateLast = false
  permissionManager = class com.ibm.ws.classloading.java2sec.PermissionManager@3e72fef8
    tc = class com.ibm.websphere.ras.TraceComponent@45ceaa0b
      strings[0] = "TraceComponent[com.ibm.ws.classloading.java2sec.PermissionManager,class com.ibm.ws.classloading.java2sec.PermissionManager,[Java2SecurityUtil],com.ibm.ws.classloading.internal.resources.Java2SecurityUtilMessages,null]"
    bundleContext = class org.eclipse.osgi.internal.framework.BundleContextImpl@72796c89
      valid = true
      bundle = class org.eclipse.osgi.internal.framework.EquinoxBundle@4529ae3c
      container = class org.eclipse.osgi.internal.framework.EquinoxContainer@6edaf4fc
      debug = class org.eclipse.osgi.internal.debug.Debug@40ba4c29
      servicesInUse = class java.util.HashMap@536a5980
      activator = null
      contextLock = class java.lang.Object@57c75bb5
    classLoadingService = class com.ibm.ws.classloading.internal.ClassLoadingServiceImpl@2f15650e
    DEFAULT_SERVER_RESTRICTABLE_PERMISSIONS = class java.security.Permission[4]
      Permission[0] = class java.lang.RuntimePermission@5829c338
      Permission[1] = class java.lang.RuntimePermission@7947fdf0
      Permission[2] = class java.security.SecurityPermission@7e5f2116
      Permission[3] = class javax.security.auth.AuthPermission@19ee7d83
    DEFAULT_CLIENT_RESTRICTABLE_PERMISSIONS = class java.security.Permission[3]
      Permission[0] = class java.lang.RuntimePermission@704cb3cd
      Permission[1] = class java.security.SecurityPermission@61645649
      Permission[2] = class javax.security.auth.AuthPermission@1b9a206c
    isServer = true
    wsjarUrlStreamHandlerAvailable = true
    restrictablePermissions = class java.util.ArrayList@46a3195
      serialVersionUID = 8683452581122892189
      DEFAULT_CAPACITY = 10
      EMPTY_ELEMENTDATA = class java.lang.Object[0]
      DEFAULTCAPACITY_EMPTY_ELEMENTDATA = class java.lang.Object[0]
      elementData = class java.lang.Object[10]
      size = 4
      MAX_ARRAY_SIZE = 2147483639
      modCount = 4
      MAX_ARRAY_SIZE = 2147483639
    javaAllCodeBasePermissions = class java.util.ArrayList@421c8826
      serialVersionUID = 8683452581122892189
      DEFAULT_CAPACITY = 10
      EMPTY_ELEMENTDATA = class java.lang.Object[0]
      DEFAULTCAPACITY_EMPTY_ELEMENTDATA = class java.lang.Object[0]
      elementData = class java.lang.Object[22]
      size = 21
      MAX_ARRAY_SIZE = 2147483639
      modCount = 21
      MAX_ARRAY_SIZE = 2147483639
    expandProps = true
    grantedPermissions = class java.util.ArrayList@4f6b6bd6
      serialVersionUID = 8683452581122892189
      DEFAULT_CAPACITY = 10
      EMPTY_ELEMENTDATA = class java.lang.Object[0]
      DEFAULTCAPACITY_EMPTY_ELEMENTDATA = class java.lang.Object[0]
      elementData = class java.lang.Object[10]
      size = 1
      MAX_ARRAY_SIZE = 2147483639
      modCount = 1
      MAX_ARRAY_SIZE = 2147483639
    KEY_PERMISSION = "permission"
    INCORRECT_PERMISSION_CONFIGURATION = "INCORRECT_PERMISSION_CONFIGURATION"
    PERMISSION_CLASSNOTFOUND = "PERMISSION_CLASSNOTFOUND"
    SERVER_XML = "server.xml"
    CLIENT_XML = "client.xml"
    JAVA_POLICY = "java.policy"
    os_name = "Windows 10"
    os_version = "10.0"
    originationFile = "server.xml"
    permissions = class com.ibm.wsspi.kernel.service.utils.ConcurrentServiceReferenceSet@66e98a10
      referenceName = "permission"
      contextRef = class java.util.concurrent.atomic.AtomicReference@773e3901
      elementMap = class java.util.LinkedHashMap@61ebc8ee
      elementSet = class java.util.concurrent.ConcurrentSkipListSet@b92b886
      elementSetUnsorted = false
      serialVersionUID = 756240983881166148
      $$$tc$$$ = class com.ibm.websphere.ras.TraceComponent@5ae3042b
    codeBasePermissionMap = class java.util.HashMap@335ae9c1
      serialVersionUID = 362498820763181265
      DEFAULT_INITIAL_CAPACITY = 16
      MAXIMUM_CAPACITY = 1073741824
      DEFAULT_LOAD_FACTOR = 0.75
      TREEIFY_THRESHOLD = 8
      UNTREEIFY_THRESHOLD = 6
      MIN_TREEIFY_CAPACITY = 64
      table = class java.util.HashMap$Node[16]
      entrySet = null
      size = 1
      modCount = 1
      threshold = 12
      loadFactor = 0.75
      keySet = class java.util.HashMap$KeySet@3071e7a2
      values = null
    permissionXMLPermissionMap = class java.util.HashMap@15211a34
      serialVersionUID = 362498820763181265
      DEFAULT_INITIAL_CAPACITY = 16
      MAXIMUM_CAPACITY = 1073741824
      DEFAULT_LOAD_FACTOR = 0.75
      TREEIFY_THRESHOLD = 8
      UNTREEIFY_THRESHOLD = 6
      MIN_TREEIFY_CAPACITY = 64
      table = null
      entrySet = null
      size = 0
      modCount = 0
      threshold = 0
      loadFactor = 0.75
      keySet = null
      values = null
    serialVersionUID = 8583289148510585888
  permissionsConfig = null
  serialVersionUID = 1131686356392279747
  appInfo = class com.ibm.ws.container.service.app.deploy.internal.ApplicationInfoImpl@5c0ac96d
    appName = "documents"
    appMetaData = class com.ibm.ws.container.service.app.deploy.internal.ApplicationMetaDataImpl@f8f6808
      j2eeName = class com.ibm.ws.container.service.metadata.internal.J2EENameImpl@36d152a7
      serialVersionUID = -7906531148367236579
      $$$tc$$$ = class com.ibm.websphere.ras.TraceComponent@260a1bcd
      tc = class com.ibm.websphere.ras.TraceComponent@26f31527
      NUM_STATIC_SLOTS = 4
      ID_UNINITIALIZED = -1
      id = 6
      metaDataInterface = class java.lang.Class@160d3ddd
      staticSlots = class java.lang.Object[4]
      dynamicSlots = null
    appContainer = class com.ibm.ws.adaptable.module.internal.AdaptableContainerImpl@a0ec642
      root = class com.ibm.ws.adaptable.module.internal.AdaptableContainerImpl@a0ec642
      rootOverlay = class com.ibm.ws.artifact.overlay.internal.DirectoryBasedOverlayContainerImpl@6addd257
      factoryHolder = class com.ibm.ws.adaptable.module.internal.AdaptableModuleFactoryImpl@63308391
      delegate = class com.ibm.ws.artifact.overlay.internal.DirectoryBasedOverlayContainerImpl@6addd257
      notifier = class com.ibm.ws.adaptable.module.internal.NotifierImpl@f56d34f
      serialVersionUID = -5950528200509051684
      $$$tc$$$ = class com.ibm.websphere.ras.TraceComponent@17e8e67f
    configHelper = class com.ibm.ws.app.manager.module.ApplicationNestedConfigHelper@7a1e79ee
      appInfo = class com.ibm.ws.app.manager.internal.ApplicationInstallInfo@4e5ba54e
      serialVersionUID = -3174031738676705046
      $$$tc$$$ = class com.ibm.websphere.ras.TraceComponent@3e4b9e39
    applicationInformation = class com.ibm.ws.app.manager.internal.ApplicationInstallInfo@4e5ba54e
    serialVersionUID = 5227817860647895780
    $$$tc$$$ = class com.ibm.websphere.ras.TraceComponent@5e877ab1
      strings[0] = "TraceComponent[com.ibm.ws.container.service.app.deploy.internal.ApplicationInfoImpl,class com.ibm.ws.container.service.app.deploy.internal.ApplicationInfoImpl,[container.service],com.ibm.ws.container.service.resources.Messages,null]"
  appInfoRegistration = null
  modulesDeployed = class java.util.ArrayList@1a78170b
    serialVersionUID = 8683452581122892189
    DEFAULT_CAPACITY = 10
    EMPTY_ELEMENTDATA = class java.lang.Object[0]
    DEFAULTCAPACITY_EMPTY_ELEMENTDATA = class java.lang.Object[0]
    elementData = class java.lang.Object[10]
      Object[0] = class com.ibm.ws.app.manager.module.internal.DeployedModuleInfoImpl@791abfe2
      Object[1] = null
      Object[2] = null
      Object[3] = null
      Object[4] = null
      Object[5] = null
      Object[6] = null
      Object[7] = null
      Object[8] = null
      Object[9] = null
    size = 1
    MAX_ARRAY_SIZE = 2147483639
    modCount = 1
    MAX_ARRAY_SIZE = 2147483639
  starting = true
  started = false
  deployedAppServices = class com.ibm.ws.app.manager.module.internal.DeployedAppServicesImpl@2d164f42
    SERVER_APPS_DIR = "${server.output.dir}/apps/"
    EXPANDED_APPS_DIR = "${server.output.dir}/apps/expanded/"
    bundleContext = class org.eclipse.osgi.internal.framework.BundleContextImpl@4c893120
      valid = true
      bundle = class org.eclipse.osgi.internal.framework.EquinoxBundle@a40d96d
      container = class org.eclipse.osgi.internal.framework.EquinoxContainer@6edaf4fc
      debug = class org.eclipse.osgi.internal.debug.Debug@40ba4c29
      servicesInUse = class java.util.HashMap@2eb403f5
      activator = null
      contextLock = class java.lang.Object@5555bdc3
    applicationInfoFactory = class com.ibm.ws.container.service.app.deploy.internal.ApplicationInfoFactoryImpl@567ec293
    futureMonitor = class com.ibm.ws.threading.internal.FutureMonitorImpl@6e89be64
    classLoadingService = class com.ibm.ws.classloading.internal.ClassLoadingServiceImpl@2f15650e
    globalSharedLibrary = class com.ibm.ws.library.internal.SharedLibraryImpl@4b9b758a
    globalSharedLibraryPid = "com.ibm.ws.classloading.sharedlibrary_27"
    configAdmin = class com.ibm.ws.config.admin.internal.ConfigurationAdminImpl@2a6cd4db
    metaDataService = class com.ibm.ws.container.service.metadata.internal.MetaDataServiceImpl@5766d050
    stateChangeService = class com.ibm.ws.container.service.state.internal.StateChangeServiceImpl@6cc3c9dc
    allModuleTypes = class java.lang.String[4]
      String[0] = "ejb"
      String[1] = "web"
      String[2] = "client"
      String[3] = "connector"
    moduleMetaDataExtenders = class java.util.concurrent.ConcurrentHashMap@7504a543
      serialVersionUID = 7249069246763182397
      MAXIMUM_CAPACITY = 1073741824
      DEFAULT_CAPACITY = 16
      MAX_ARRAY_SIZE = 2147483639
      DEFAULT_CONCURRENCY_LEVEL = 16
      LOAD_FACTOR = 0.75
      TREEIFY_THRESHOLD = 8
      UNTREEIFY_THRESHOLD = 6
      MIN_TREEIFY_CAPACITY = 64
      MIN_TRANSFER_STRIDE = 16
      RESIZE_STAMP_BITS = 16
      MAX_RESIZERS = 65535
      RESIZE_STAMP_SHIFT = 16
      MOVED = -1
      TREEBIN = -2
      RESERVED = -3
      HASH_BITS = 2147483647
      NCPU = 8
      serialPersistentFields = class java.io.ObjectStreamField[3]
      table = class java.util.concurrent.ConcurrentHashMap$Node[16]
      nextTable = null
      baseCount = 4
      sizeCtl = 12
      transferIndex = 0
      cellsBusy = 0
      counterCells = null
      keySet = null
      values = null
      entrySet = null
      U = class sun.misc.Unsafe@796a62cb
      SIZECTL = 20
      TRANSFERINDEX = 32
      BASECOUNT = 24
      CELLSBUSY = 36
      CELLVALUE = 144
      ABASE = 16
      ASHIFT = 2
      keySet = null
      values = null
    nestedModuleMetaDataFactories = class java.util.concurrent.ConcurrentHashMap@4ab56bec
      serialVersionUID = 7249069246763182397
      MAXIMUM_CAPACITY = 1073741824
      DEFAULT_CAPACITY = 16
      MAX_ARRAY_SIZE = 2147483639
      DEFAULT_CONCURRENCY_LEVEL = 16
      LOAD_FACTOR = 0.75
      TREEIFY_THRESHOLD = 8
      UNTREEIFY_THRESHOLD = 6
      MIN_TREEIFY_CAPACITY = 64
      MIN_TRANSFER_STRIDE = 16
      RESIZE_STAMP_BITS = 16
      MAX_RESIZERS = 65535
      RESIZE_STAMP_SHIFT = 16
      MOVED = -1
      TREEBIN = -2
      RESERVED = -3
      HASH_BITS = 2147483647
      NCPU = 8
      serialPersistentFields = class java.io.ObjectStreamField[3]
      table = class java.util.concurrent.ConcurrentHashMap$Node[16]
      nextTable = null
      baseCount = 4
      sizeCtl = 12
      transferIndex = 0
      cellsBusy = 0
      counterCells = null
      keySet = null
      values = null
      entrySet = null
      U = class sun.misc.Unsafe@796a62cb
      SIZECTL = 20
      TRANSFERINDEX = 32
      BASECOUNT = 24
      CELLSBUSY = 36
      CELLVALUE = 144
      ABASE = 16
      ASHIFT = 2
      keySet = null
      values = null
    permissionManager = class com.ibm.ws.classloading.java2sec.PermissionManager@3e72fef8
    locAdmin = class com.ibm.ws.kernel.service.location.internal.WsLocationAdminImpl@38fde31e
    artifactFactory = class com.ibm.ws.artifact.internal.ArtifactContainerFactoryService@45f02ac7
    moduleFactory = class com.ibm.ws.adaptable.module.internal.AdaptableModuleFactoryImpl@63308391
    serialVersionUID = 8537801607979767986
    $$$tc$$$ = class com.ibm.websphere.ras.TraceComponent@56c32ca8
      strings[0] = "TraceComponent[com.ibm.ws.app.manager.module.internal.DeployedAppServicesImpl,class com.ibm.ws.app.manager.module.internal.DeployedAppServicesImpl,[applications, app.manager],null,null]"
  futureMonitor = class com.ibm.ws.threading.internal.FutureMonitorImpl@6e89be64
    _monitor = class java.util.concurrent.ConcurrentLinkedQueue@42cc6fd8
      serialVersionUID = 196745693267521676
      head = class java.util.concurrent.ConcurrentLinkedQueue$Node@3a4c6c14
      tail = class java.util.concurrent.ConcurrentLinkedQueue$Node@3a4c6c14
      UNSAFE = class sun.misc.Unsafe@796a62cb
      headOffset = 12
      tailOffset = 16
      MAX_ARRAY_SIZE = 2147483639
    _executor = class com.ibm.ws.threading.internal.ScheduledExecutorImpl@6efe56ae
      threadGroupName = "Scheduled Executor Thread Group"
      executor = class com.ibm.ws.threading.internal.ExecutorServiceImpl@65e3e6ab
      serialVersionUID = -9110693807503469597
      $$$tc$$$ = class com.ibm.websphere.ras.TraceComponent@194f6c02
      continueExistingPeriodicTasksAfterShutdown = false
      executeExistingDelayedTasksAfterShutdown = true
      removeOnCancel = false
      sequencer = class java.util.concurrent.atomic.AtomicLong@57f2b692
      ctl = class java.util.concurrent.atomic.AtomicInteger@55bceeea
      COUNT_BITS = 29
      CAPACITY = 536870911
      RUNNING = -536870912
      SHUTDOWN = 0
      STOP = 536870912
      TIDYING = 1073741824
      TERMINATED = 1610612736
      workQueue = class java.util.concurrent.ScheduledThreadPoolExecutor$DelayedWorkQueue@81445bf
      mainLock = class java.util.concurrent.locks.ReentrantLock@4a208f7b
      workers = class java.util.HashSet@824e68b
      termination = class java.util.concurrent.locks.AbstractQueuedSynchronizer$ConditionObject@3a5d92db
      largestPoolSize = 1
      completedTaskCount = 0
      threadFactory = class com.ibm.ws.threading.internal.ThreadFactoryImpl@10ce0192
      handler = class java.util.concurrent.ThreadPoolExecutor$AbortPolicy@5edb0fa7
      keepAliveTime = 0
      allowCoreThreadTimeOut = false
      corePoolSize = 1
      maximumPoolSize = 2147483647
      defaultHandler = class java.util.concurrent.ThreadPoolExecutor$AbortPolicy@5edb0fa7
      shutdownPerm = class java.lang.RuntimePermission@71e4aa49
      acc = null
      ONLY_ONE = true
      $assertionsDisabled = true
    _threadRunning = class java.util.concurrent.atomic.AtomicBoolean@5085a8ac
      serialVersionUID = 4654671469794556979
      unsafe = class sun.misc.Unsafe@796a62cb
      valueOffset = 12
      value = 0
    _thread = class com.ibm.ws.threading.internal.FutureMonitorImpl$1@72e1f814
      this$0 = class com.ibm.ws.threading.internal.FutureMonitorImpl@6e89be64
      serialVersionUID = 2422512430832938099
      $$$tc$$$ = class com.ibm.websphere.ras.TraceComponent@563ec716
    serialVersionUID = 2765238413969174390
    $$$tc$$$ = class com.ibm.websphere.ras.TraceComponent@5ae3ff42
      strings[0] = "TraceComponent[com.ibm.ws.threading.internal.FutureMonitorImpl,class com.ibm.ws.threading.internal.FutureMonitorImpl,[Threading],com.ibm.ws.threading.internal.resources.ThreadingMessages,null]"
  appInfoFactory = class com.ibm.ws.container.service.app.deploy.internal.ApplicationInfoFactoryImpl@567ec293
    j2eeNameFactory = class com.ibm.wsspi.kernel.service.utils.AtomicServiceReference@180e69d
      referenceName = "j2eeNameFactory"
      tuple = class java.util.concurrent.atomic.AtomicReference@53b656cd
      serialVersionUID = 2226592364007985000
      $$$tc$$$ = class com.ibm.websphere.ras.TraceComponent@185e98f1
    names = class java.util.HashSet@2b9355b7
      serialVersionUID = -5024744406713321676
      map = class java.util.HashMap@38d325b3
      PRESENT = class java.lang.Object@64d687b3
      MAX_ARRAY_SIZE = 2147483639
    serialVersionUID = 6232436640731165768
    $$$tc$$$ = class com.ibm.websphere.ras.TraceComponent@730f3e6c
      strings[0] = "TraceComponent[com.ibm.ws.container.service.app.deploy.internal.ApplicationInfoFactoryImpl,class com.ibm.ws.container.service.app.deploy.internal.ApplicationInfoFactoryImpl,[container.service],com.ibm.ws.container.service.resources.Messages,null]"
  metaDataService = class com.ibm.ws.container.service.metadata.internal.MetaDataServiceImpl@5766d050
    applicationMetaDataManager = class com.ibm.ws.container.service.metadata.internal.ApplicationMetaDataManager@3e1dae68
      serialVersionUID = 1843747281024490904
      $$$tc$$$ = class com.ibm.websphere.ras.TraceComponent@24705a06
      listeners = class com.ibm.wsspi.kernel.service.utils.ConcurrentServiceReferenceSet@78fba988
      metaDataIDs = class com.ibm.ws.container.service.metadata.internal.IndexList@97426f2
      metaDatas = class java.util.ArrayList@5eff69f0
      slotIDs = class com.ibm.ws.container.service.metadata.internal.IndexList@3c5cb629
      serialVersionUID = 5464421863354792977
      $$$tc$$$ = class com.ibm.websphere.ras.TraceComponent@47468eba
    moduleMetaDataManager = class com.ibm.ws.container.service.metadata.internal.ModuleMetaDataManager@7b3e06a1
      serialVersionUID = 2513574389899327209
      $$$tc$$$ = class com.ibm.websphere.ras.TraceComponent@9be0e9
      listeners = class com.ibm.wsspi.kernel.service.utils.ConcurrentServiceReferenceSet@16f06f75
      metaDataIDs = class com.ibm.ws.container.service.metadata.internal.IndexList@7ad03951
      metaDatas = class java.util.ArrayList@4d9f3fc
      slotIDs = class com.ibm.ws.container.service.metadata.internal.IndexList@3baa4832
      serialVersionUID = 5464421863354792977
      $$$tc$$$ = class com.ibm.websphere.ras.TraceComponent@47468eba
    componentMetaDataManager = class com.ibm.ws.container.service.metadata.internal.ComponentMetaDataManager@2b408a38
      serialVersionUID = 8629793739641703882
      $$$tc$$$ = class com.ibm.websphere.ras.TraceComponent@109bfc04
      listeners = class com.ibm.wsspi.kernel.service.utils.ConcurrentServiceReferenceSet@19ceffc3
      metaDataIDs = class com.ibm.ws.container.service.metadata.internal.IndexList@312519be
      metaDatas = class java.util.ArrayList@14304683
      slotIDs = class com.ibm.ws.container.service.metadata.internal.IndexList@4d8447d2
      serialVersionUID = 5464421863354792977
      $$$tc$$$ = class com.ibm.websphere.ras.TraceComponent@47468eba
    methodMetaDataManager = class com.ibm.ws.container.service.metadata.internal.MethodMetaDataManager@4a4b7eb7
      serialVersionUID = -8002489041502300640
      $$$tc$$$ = class com.ibm.websphere.ras.TraceComponent@2656c7dd
      listeners = class com.ibm.wsspi.kernel.service.utils.ConcurrentServiceReferenceSet@20ac88d6
      metaDataIDs = class com.ibm.ws.container.service.metadata.internal.IndexList@39febc44
      metaDatas = class java.util.ArrayList@111829bd
      slotIDs = class com.ibm.ws.container.service.metadata.internal.IndexList@5203a3b0
      serialVersionUID = 5464421863354792977
      $$$tc$$$ = class com.ibm.websphere.ras.TraceComponent@47468eba
    appModuleNameToModuleContainer = class java.util.concurrent.ConcurrentHashMap@1976f778
      serialVersionUID = 7249069246763182397
      MAXIMUM_CAPACITY = 1073741824
      DEFAULT_CAPACITY = 16
      MAX_ARRAY_SIZE = 2147483639
      DEFAULT_CONCURRENCY_LEVEL = 16
      LOAD_FACTOR = 0.75
      TREEIFY_THRESHOLD = 8
      UNTREEIFY_THRESHOLD = 6
      MIN_TREEIFY_CAPACITY = 64
      MIN_TRANSFER_STRIDE = 16
      RESIZE_STAMP_BITS = 16
      MAX_RESIZERS = 65535
      RESIZE_STAMP_SHIFT = 16
      MOVED = -1
      TREEBIN = -2
      RESERVED = -3
      HASH_BITS = 2147483647
      NCPU = 8
      serialPersistentFields = class java.io.ObjectStreamField[3]
      table = class java.util.concurrent.ConcurrentHashMap$Node[16]
      nextTable = null
      baseCount = 6
      sizeCtl = 12
      transferIndex = 0
      cellsBusy = 0
      counterCells = null
      keySet = null
      values = null
      entrySet = null
      U = class sun.misc.Unsafe@796a62cb
      SIZECTL = 20
      TRANSFERINDEX = 32
      BASECOUNT = 24
      CELLSBUSY = 36
      CELLVALUE = 144
      ABASE = 16
      ASHIFT = 2
      keySet = null
      values = null
    jeeNameToComponentMetaData = class java.util.concurrent.ConcurrentHashMap@1276f1f9
      serialVersionUID = 7249069246763182397
      MAXIMUM_CAPACITY = 1073741824
      DEFAULT_CAPACITY = 16
      MAX_ARRAY_SIZE = 2147483639
      DEFAULT_CONCURRENCY_LEVEL = 16
      LOAD_FACTOR = 0.75
      TREEIFY_THRESHOLD = 8
      UNTREEIFY_THRESHOLD = 6
      MIN_TREEIFY_CAPACITY = 64
      MIN_TRANSFER_STRIDE = 16
      RESIZE_STAMP_BITS = 16
      MAX_RESIZERS = 65535
      RESIZE_STAMP_SHIFT = 16
      MOVED = -1
      TREEBIN = -2
      RESERVED = -3
      HASH_BITS = 2147483647
      NCPU = 8
      serialPersistentFields = class java.io.ObjectStreamField[3]
      table = class java.util.concurrent.ConcurrentHashMap$Node[32]
      nextTable = null
      baseCount = 13
      sizeCtl = 24
      transferIndex = 0
      cellsBusy = 0
      counterCells = null
      keySet = null
      values = null
      entrySet = null
      U = class sun.misc.Unsafe@796a62cb
      SIZECTL = 20
      TRANSFERINDEX = 32
      BASECOUNT = 24
      CELLSBUSY = 36
      CELLVALUE = 144
      ABASE = 16
      ASHIFT = 2
      keySet = null
      values = null
    deferredMetaDataFactories = class com.ibm.wsspi.kernel.service.utils.ConcurrentServiceReferenceSet@3dc8a8c5
      referenceName = "deferredMetaDataFactory"
      contextRef = class java.util.concurrent.atomic.AtomicReference@240c19dd
      elementMap = class java.util.LinkedHashMap@162ae4ea
      elementSet = class java.util.concurrent.ConcurrentSkipListSet@11f38b4a
      elementSetUnsorted = false
      serialVersionUID = 756240983881166148
      $$$tc$$$ = class com.ibm.websphere.ras.TraceComponent@5ae3042b
    deferredMetaDataInitializers = class com.ibm.wsspi.kernel.service.utils.ConcurrentServiceReferenceMap@2c67c70d
      referenceName = "deferredMetaDataFactory"
      context = class org.apache.felix.scr.impl.manager.ComponentContextImpl@1e79aace
      elementMap = class java.util.concurrent.ConcurrentHashMap@63a4ad55
      serialVersionUID = 6980924785166233786
      $$$tc$$$ = class com.ibm.websphere.ras.TraceComponent@712b39f5
    serialVersionUID = -2494605732980966097
    $$$tc$$$ = class com.ibm.websphere.ras.TraceComponent@185f714d
      strings[0] = "TraceComponent[com.ibm.ws.container.service.metadata.internal.MetaDataServiceImpl,class com.ibm.ws.container.service.metadata.internal.MetaDataServiceImpl,[Runtime],null,null]"
  stateChangeService = class com.ibm.ws.container.service.state.internal.StateChangeServiceImpl@6cc3c9dc
    applicationStateManager = class com.ibm.ws.container.service.state.internal.ApplicationStateManager@6a96912a
      serialVersionUID = -6685368059484454124
      $$$tc$$$ = class com.ibm.websphere.ras.TraceComponent@3bbdf3ba
      listeners = class com.ibm.wsspi.kernel.service.utils.ConcurrentServiceReferenceSet@4462c9ea
      serialVersionUID = 2284273176985484160
      $$$tc$$$ = class com.ibm.websphere.ras.TraceComponent@5db6919b
    moduleStateManager = class com.ibm.ws.container.service.state.internal.ModuleStateManager@27c7bc5d
      serialVersionUID = -5540260902341249963
      $$$tc$$$ = class com.ibm.websphere.ras.TraceComponent@6d8692ac
      listeners = class com.ibm.wsspi.kernel.service.utils.ConcurrentServiceReferenceSet@340b08e2
      serialVersionUID = 2284273176985484160
      $$$tc$$$ = class com.ibm.websphere.ras.TraceComponent@5db6919b
    serialVersionUID = -537917915330350560
    $$$tc$$$ = class com.ibm.websphere.ras.TraceComponent@427513d2
      strings[0] = "TraceComponent[com.ibm.ws.container.service.state.internal.StateChangeServiceImpl,class com.ibm.ws.container.service.state.internal.StateChangeServiceImpl,[Runtime],null,null]"
  moduleClassesInfo = class com.ibm.ws.app.manager.module.internal.SimpleDeployedAppInfoBase$ModuleClassesInfoProvider@7eca717a
    entryContainerInfosMap = class java.util.HashMap@4fe3b5e5
      serialVersionUID = 362498820763181265
      DEFAULT_INITIAL_CAPACITY = 16
      MAXIMUM_CAPACITY = 1073741824
      DEFAULT_LOAD_FACTOR = 0.75
      TREEIFY_THRESHOLD = 8
      UNTREEIFY_THRESHOLD = 6
      MIN_TREEIFY_CAPACITY = 64
      table = null
      entrySet = null
      size = 0
      modCount = 0
      threshold = 0
      loadFactor = 0.75
      keySet = null
      values = null
    serialVersionUID = -70332790531324534
    $$$tc$$$ = class com.ibm.websphere.ras.TraceComponent@7fb44b82
      strings[0] = "TraceComponent[com.ibm.ws.app.manager.module.internal.SimpleDeployedAppInfoBase$ModuleClassesInfoProvider,class com.ibm.ws.app.manager.module.internal.SimpleDeployedAppInfoBase$ModuleClassesInfoProvider,[applications, app.manager],null,null]"
  moduleContainerInfos = class java.util.ArrayList@2450e1e7
    serialVersionUID = 8683452581122892189
    DEFAULT_CAPACITY = 10
    EMPTY_ELEMENTDATA = class java.lang.Object[0]
    DEFAULTCAPACITY_EMPTY_ELEMENTDATA = class java.lang.Object[0]
    elementData = class java.lang.Object[10]
      Object[0] = class com.ibm.ws.app.manager.module.internal.SimpleDeployedAppInfoBase$WebModuleContainerInfo@cff1735
      Object[1] = null
      Object[2] = null
      Object[3] = null
      Object[4] = null
      Object[5] = null
      Object[6] = null
      Object[7] = null
      Object[8] = null
      Object[9] = null
    size = 1
    MAX_ARRAY_SIZE = 2147483639
    modCount = 1
    MAX_ARRAY_SIZE = 2147483639
  activeModuleHandlers = class java.util.IdentityHashMap@49ac5a4
    DEFAULT_CAPACITY = 32
    MINIMUM_CAPACITY = 4
    MAXIMUM_CAPACITY = 536870912
    table = class java.lang.Object[16]
      Object[0] = null
      Object[1] = null
      Object[2] = null
      Object[3] = null
      Object[4] = null
      Object[5] = null
      Object[6] = null
      Object[7] = null
      Object[8] = null
      Object[9] = null
      Object[10] = null
      Object[11] = null
      Object[12] = null
      Object[13] = null
      Object[14] = null
      Object[15] = null
    size = 0
    modCount = 2
    NULL_KEY = class java.lang.Object@7e97e47e
    entrySet = null
    serialVersionUID = 8188218128353913216
    keySet = null
    values = null
  serialVersionUID = -2685719801501752993
  $$$tc$$$ = class com.ibm.websphere.ras.TraceComponent@44ec80bb
    strings[0] = "TraceComponent[com.ibm.ws.app.manager.module.internal.SimpleDeployedAppInfoBase,class com.ibm.ws.app.manager.module.internal.SimpleDeployedAppInfoBase,[applications, app.manager],null,null]"

Dump of objectArray[0]
Object type = com.ibm.ws.threading.internal.NonCancelableResultFuture
  _done = false
  _result = null
  _failure = null
  _listeners = class java.util.concurrent.ConcurrentLinkedQueue@24a8c550
    serialVersionUID = 196745693267521676
    head = class java.util.concurrent.ConcurrentLinkedQueue$Node@84f0a2f
      item = null
      next = null
      UNSAFE = class sun.misc.Unsafe@796a62cb
      itemOffset = 12
      nextOffset = 16
    tail = class java.util.concurrent.ConcurrentLinkedQueue$Node@84f0a2f
    UNSAFE = class sun.misc.Unsafe@796a62cb
      theUnsafe = class sun.misc.Unsafe@796a62cb
      INVALID_FIELD_OFFSET = -1
      ARRAY_BOOLEAN_BASE_OFFSET = 16
      ARRAY_BYTE_BASE_OFFSET = 16
      ARRAY_SHORT_BASE_OFFSET = 16
      ARRAY_CHAR_BASE_OFFSET = 16
      ARRAY_INT_BASE_OFFSET = 16
      ARRAY_LONG_BASE_OFFSET = 16
      ARRAY_FLOAT_BASE_OFFSET = 16
      ARRAY_DOUBLE_BASE_OFFSET = 16
      ARRAY_OBJECT_BASE_OFFSET = 16
      ARRAY_BOOLEAN_INDEX_SCALE = 1
      ARRAY_BYTE_INDEX_SCALE = 1
      ARRAY_SHORT_INDEX_SCALE = 2
      ARRAY_CHAR_INDEX_SCALE = 2
      ARRAY_INT_INDEX_SCALE = 4
      ARRAY_LONG_INDEX_SCALE = 8
      ARRAY_FLOAT_INDEX_SCALE = 4
      ARRAY_DOUBLE_INDEX_SCALE = 8
      ARRAY_OBJECT_INDEX_SCALE = 4
      ADDRESS_SIZE = 8
    headOffset = 12
    tailOffset = 16
    MAX_ARRAY_SIZE = 2147483639
  _notifiedListeners = class java.util.concurrent.atomic.AtomicBoolean@7cda5f46
    serialVersionUID = 4654671469794556979
    unsafe = class sun.misc.Unsafe@796a62cb
    valueOffset = 12
    value = 0
  serialVersionUID = -296387658814354272
  $$$tc$$$ = class com.ibm.websphere.ras.TraceComponent@eb0e851
    strings[0] = "TraceComponent[com.ibm.ws.threading.internal.NonCancelableResultFuture,class com.ibm.ws.threading.internal.NonCancelableResultFuture,[Threading],com.ibm.ws.threading.internal.resources.ThreadingMessages,null]"

