------Start of DE processing------ = [28/12/21 19:34:01:461 EET]
Exception = org.jboss.weld.exceptions.DeploymentException
Source = com.ibm.ws.container.service.state.internal.ApplicationStateManager
probeid = 54
Stack Dump = org.jboss.weld.exceptions.DeploymentException: WELD-001408: Unsatisfied dependencies for type DocumentDaoImpl with qualifiers @Default
  at injection point [BackedAnnotatedField] @Inject com.example.documents.HelloController.documentDaoImpl
  at com.example.documents.HelloController.documentDaoImpl(HelloController.java:0)
WELD-001474: Class com.example.documents.dao.DocumentDaoImpl is on the classpath, but was ignored because a class it references was not found: javax.persistence.EntityManager.

	at org.jboss.weld.bootstrap.Validator.validateInjectionPointForDeploymentProblems(Validator.java:378)
	at org.jboss.weld.bootstrap.Validator.validateInjectionPoint(Validator.java:290)
	at org.jboss.weld.bootstrap.Validator.validateGeneralBean(Validator.java:143)
	at org.jboss.weld.bootstrap.Validator.validateRIBean(Validator.java:164)
	at org.jboss.weld.bootstrap.Validator.validateBean(Validator.java:526)
	at org.jboss.weld.bootstrap.ConcurrentValidator$1.doWork(ConcurrentValidator.java:64)
	at org.jboss.weld.bootstrap.ConcurrentValidator$1.doWork(ConcurrentValidator.java:62)
	at org.jboss.weld.executor.IterativeWorkerTaskFactory$1.call(IterativeWorkerTaskFactory.java:62)
	at org.jboss.weld.executor.IterativeWorkerTaskFactory$1.call(IterativeWorkerTaskFactory.java:55)
	at java.util.concurrent.FutureTask.run(FutureTask.java:266)
	at java.util.concurrent.ThreadPoolExecutor.runWorker(ThreadPoolExecutor.java:1149)
	at java.util.concurrent.ThreadPoolExecutor$Worker.run(ThreadPoolExecutor.java:624)
	at java.lang.Thread.run(Thread.java:748)

Dump of callerThis
Object type = com.ibm.ws.container.service.state.internal.ApplicationStateManager
  serialVersionUID = -6685368059484454124
  $$$tc$$$ = class com.ibm.websphere.ras.TraceComponent@5d22c9f8
    strings[0] = "TraceComponent[com.ibm.ws.container.service.state.internal.ApplicationStateManager,class com.ibm.ws.container.service.state.internal.ApplicationStateManager,[Runtime],null,null]"
  listeners = class com.ibm.wsspi.kernel.service.utils.ConcurrentServiceReferenceSet@28c8d94b
    referenceName = "applicationStateListeners"
    contextRef = class java.util.concurrent.atomic.AtomicReference@2da0f78
      serialVersionUID = -1848883965231344442
      unsafe = class sun.misc.Unsafe@44da40b9
      valueOffset = 12
      value = class org.apache.felix.scr.impl.manager.ComponentContextImpl@16a92695
    elementMap = class java.util.LinkedHashMap@462dfc33
      serialVersionUID = 3801124242820219131
      head = class java.util.LinkedHashMap$Entry@351e31fe
      tail = class java.util.LinkedHashMap$Entry@6a5c3446
      accessOrder = false
      serialVersionUID = 362498820763181265
      DEFAULT_INITIAL_CAPACITY = 16
      MAXIMUM_CAPACITY = 1073741824
      DEFAULT_LOAD_FACTOR = 0.75
      TREEIFY_THRESHOLD = 8
      UNTREEIFY_THRESHOLD = 6
      MIN_TREEIFY_CAPACITY = 64
      table = class java.util.HashMap$Node[16]
      entrySet = null
      size = 11
      modCount = 11
      threshold = 12
      loadFactor = 0.75
      keySet = null
      values = null
    elementSet = class java.util.concurrent.ConcurrentSkipListSet@2a36d635
      serialVersionUID = -2479143111061671589
      m = class java.util.concurrent.ConcurrentSkipListMap@3fcc9c17
      UNSAFE = class sun.misc.Unsafe@44da40b9
      mapOffset = 12
      MAX_ARRAY_SIZE = 2147483639
    elementSetUnsorted = false
    serialVersionUID = 756240983881166148
    $$$tc$$$ = class com.ibm.websphere.ras.TraceComponent@6c1bceb0
      strings[0] = "TraceComponent[com.ibm.wsspi.kernel.service.utils.ConcurrentServiceReferenceSet,class com.ibm.wsspi.kernel.service.utils.ConcurrentServiceReferenceSet,[kernelUtils],com.ibm.ws.kernel.service.utils.resources.ServiceMessages,null]"
  serialVersionUID = 2284273176985484160
  $$$tc$$$ = class com.ibm.websphere.ras.TraceComponent@749e35c3
    strings[0] = "TraceComponent[com.ibm.ws.container.service.state.internal.StateChangeManager,class com.ibm.ws.container.service.state.internal.StateChangeManager,[Runtime],null,null]"

Dump of objectArray[0]
Object type = com.ibm.ws.container.service.app.deploy.internal.ApplicationInfoImpl
  appName = "documents"
  appMetaData = class com.ibm.ws.container.service.app.deploy.internal.ApplicationMetaDataImpl@3a9b75b6
    j2eeName = class com.ibm.ws.container.service.metadata.internal.J2EENameImpl@3cbea3eb
      serialVersionUID = 7488184044073147667
      application = "documents"
      module = null
      component = null
      string = "documents"
      j2eeNameBytes = null
      $$$tc$$$ = class com.ibm.websphere.ras.TraceComponent@2bd18141
    serialVersionUID = -7906531148367236579
    $$$tc$$$ = class com.ibm.websphere.ras.TraceComponent@2eade67f
      strings[0] = "TraceComponent[com.ibm.ws.container.service.app.deploy.internal.ApplicationMetaDataImpl,class com.ibm.ws.container.service.app.deploy.internal.ApplicationMetaDataImpl,[container.service],com.ibm.ws.container.service.resources.Messages,null]"
    tc = class com.ibm.websphere.ras.TraceComponent@464d02c4
      strings[0] = "TraceComponent[com.ibm.ws.runtime.metadata.MetaDataImpl,class com.ibm.ws.runtime.metadata.MetaDataImpl,[Runtime],null,null]"
    NUM_STATIC_SLOTS = 4
    ID_UNINITIALIZED = -1
    id = 6
    metaDataInterface = class java.lang.Class@1bd3b65f
      ANNOTATION = 8192
      ENUM = 16384
      SYNTHETIC = 4096
      cachedConstructor = null
      newInstanceCallerCache = null
      name = "com.ibm.ws.runtime.metadata.ApplicationMetaData"
      allPermDomain = class java.security.ProtectionDomain@12d5829
      useCaches = true
      reflectionData = null
      classRedefinedCount = 0
      genericInfo = null
      serialVersionUID = 3206093459760846163
      serialPersistentFields = class java.io.ObjectStreamField[0]
      reflectionFactory = class sun.reflect.ReflectionFactory@46eb9a93
      initted = true
      enumConstants = null
      enumConstantDirectory = null
      annotationData = null
      annotationType = null
      classValueMap = null
    staticSlots = class java.lang.Object[4]
      Object[0] = class com.ibm.ws.cdi.impl.weld.WebSphereCDIDeploymentImpl@4bf6af70
      Object[1] = class com.ibm.ws.injectionengine.osgi.internal.OSGiInjectionScopeData@4ab70400
      Object[2] = "documents"
      Object[3] = null
    dynamicSlots = null
  appContainer = class com.ibm.ws.adaptable.module.internal.AdaptableContainerImpl@5fe0e33a
    root = class com.ibm.ws.adaptable.module.internal.AdaptableContainerImpl@5fe0e33a
    rootOverlay = class com.ibm.ws.artifact.overlay.internal.DirectoryBasedOverlayContainerImpl@605a4a5
      base = class com.ibm.ws.artifact.loose.internal.LooseArchive@d385c88
      maskSet = class java.util.HashSet@3b0b7f1b
      cfHolder = class com.ibm.ws.artifact.overlay.internal.OverlayContainerFactoryImpl@7263226a
      fileOverlayContainer = class com.ibm.ws.artifact.file.internal.FileContainer@7d6bc23b
      overlayDirectory = class java.io.File@32f80d02
      cacheDirForOverlay = class java.io.File@526b5fe1
      overlayNotifier = class com.ibm.ws.artifact.overlay.internal.DirectoryBasedOverlayNotifier@39f057b4
      enclosingContainer = null
      entryInEnclosingContainer = null
      nestedOverlays = class java.util.concurrent.ConcurrentHashMap@1aa920ab
      cacheStore = class com.ibm.ws.artifact.overlay.internal.OverlayCache@68cbbee1
      parentOverlay = null
      isPassThroughMode = true
      serialVersionUID = -6650153487216279998
      $$$tc$$$ = class com.ibm.websphere.ras.TraceComponent@3bde298f
    factoryHolder = class com.ibm.ws.adaptable.module.internal.AdaptableModuleFactoryImpl@52364449
      adapterFactoryService = class com.ibm.ws.adaptable.module.internal.AdapterFactoryServiceImpl@3e78abf3
      containerFactory = class com.ibm.ws.artifact.internal.ArtifactContainerFactoryService@25bf01d7
      overlayContainerFactory = class com.ibm.ws.artifact.overlay.internal.OverlayContainerFactoryImpl@7263226a
      serialVersionUID = 4200251809856292987
      $$$tc$$$ = class com.ibm.websphere.ras.TraceComponent@559df456
    delegate = class com.ibm.ws.artifact.overlay.internal.DirectoryBasedOverlayContainerImpl@605a4a5
    notifier = class com.ibm.ws.adaptable.module.internal.NotifierImpl@7bf9af83
      root = class com.ibm.ws.adaptable.module.internal.AdaptableContainerImpl@5fe0e33a
      delegateNotifier = class com.ibm.ws.artifact.overlay.internal.DirectoryBasedOverlayNotifier@39f057b4
      delegateRoot = class com.ibm.ws.artifact.overlay.internal.DirectoryBasedOverlayContainerImpl@605a4a5
      listenerDelegates = class java.util.HashMap@669113ab
      serialVersionUID = 6839382523957017880
      $$$tc$$$ = class com.ibm.websphere.ras.TraceComponent@706844fe
    serialVersionUID = -5950528200509051684
    $$$tc$$$ = class com.ibm.websphere.ras.TraceComponent@6b0ee936
      strings[0] = "TraceComponent[com.ibm.ws.adaptable.module.internal.AdaptableContainerImpl,class com.ibm.ws.adaptable.module.internal.AdaptableContainerImpl,[archive.adaptable],null,null]"
  configHelper = class com.ibm.ws.app.manager.module.ApplicationNestedConfigHelper@5a307cc6
    appInfo = class com.ibm.ws.app.manager.internal.ApplicationInstallInfo@1e05df27
    serialVersionUID = -3174031738676705046
    $$$tc$$$ = class com.ibm.websphere.ras.TraceComponent@31660f71
      strings[0] = "TraceComponent[com.ibm.ws.app.manager.module.ApplicationNestedConfigHelper,class com.ibm.ws.app.manager.module.ApplicationNestedConfigHelper,[applications, app.manager],null,null]"
  applicationInformation = class com.ibm.ws.app.manager.internal.ApplicationInstallInfo@1e05df27
    _config = class com.ibm.ws.app.manager.internal.ApplicationConfig@544a61ae
      tc = class com.ibm.websphere.ras.TraceComponent@327eb6a7
      _configPid = "com.ibm.ws.app.manager_50"
      _config = class com.ibm.ws.config.admin.ConfigurationDictionary@6057704e
      _applicationManager = class com.ibm.ws.app.manager.ApplicationManager@5b21c607
      _location = "documents.war"
      _type = "war"
      _name = "documents"
      _notificationBroadcasterSupport = class javax.management.NotificationBroadcasterSupport@85e19b0
      ONE_TIME_JANDEX_MSGS_DISPLAYED = true
      serialVersionUID = -2151423388299667431
    _handlerInfo = class java.util.concurrent.atomic.AtomicReference@351d9854
      serialVersionUID = -1848883965231344442
      unsafe = class sun.misc.Unsafe@44da40b9
      valueOffset = 12
      value = class com.ibm.ws.app.manager.war.internal.WARDeployedAppInfo@6642545e
    _container = class java.util.concurrent.atomic.AtomicReference@6c92047d
      serialVersionUID = -1848883965231344442
      unsafe = class sun.misc.Unsafe@44da40b9
      valueOffset = 12
      value = class com.ibm.ws.adaptable.module.internal.AdaptableContainerImpl@5fe0e33a
    _resolvedLocation = class java.util.concurrent.atomic.AtomicReference@5c5e122f
      serialVersionUID = -1848883965231344442
      unsafe = class sun.misc.Unsafe@44da40b9
      valueOffset = 12
      value = class com.ibm.ws.kernel.service.location.internal.LocalFileResource@348e114a
    _handler = class com.ibm.ws.app.manager.war.internal.WARApplicationHandlerImpl@5b1e4f1b
      futureMonitor = class com.ibm.ws.threading.internal.FutureMonitorImpl@66594008
      deployedAppFactory = class com.ibm.ws.app.manager.war.internal.WARDeployedAppInfoFactoryImpl@331da33a
      serialVersionUID = 4622845147410944782
      $$$tc$$$ = class com.ibm.websphere.ras.TraceComponent@2af27b4
    _ami = class java.util.concurrent.atomic.AtomicReference@218a314
      serialVersionUID = -1848883965231344442
      unsafe = class sun.misc.Unsafe@44da40b9
      valueOffset = 12
      value = class com.ibm.wsspi.application.handler.DefaultApplicationMonitoringInformation@38983fdf
    _updateHandler = class com.ibm.ws.app.manager.internal.statemachine.ApplicationStateMachineImpl@7e55eec6
      _tc = class com.ibm.websphere.ras.TraceComponent@2c181ae5
      EMPTY_FUTURE_ARRAY = interface java.util.concurrent.Future[0]
      asmSequenceNumber = class java.util.concurrent.atomic.AtomicLong@409a5321
      _qscaCounter = class java.util.concurrent.atomic.AtomicInteger@3905ea2a
      _failedThrowable = null
      _interruptibleLock = class com.ibm.ws.app.manager.internal.statemachine.ApplicationStateMachineImpl$2@23a0d09b
      _interruptible = false
      _performingQueuedActions = true
      _queuedActions = class java.util.concurrent.ConcurrentLinkedQueue@67e081e4
      _callbackState = class java.util.concurrent.atomic.AtomicReference@75f1c562
      blockAppStartingFutures = class java.util.Collections$SetFromMap@63b3354c
      waitingForAppHandlerFuture = class java.util.concurrent.atomic.AtomicReference@463205a9
      waitingForExplicitStartFuture = class java.util.concurrent.atomic.AtomicReference@253e432a
      startAfterFutures = class java.util.Collections$SetFromMap@5e9f583a
      completionListener = class java.util.concurrent.atomic.AtomicReference@24fc0ff0
      _notifyAppStopped = class java.util.concurrent.ConcurrentLinkedQueue@7235498b
      _notifyAppStarting = class java.util.concurrent.ConcurrentLinkedQueue@254573f4
      _notifyAppInstallCalled = class java.util.concurrent.ConcurrentLinkedQueue@13fa1ee
      _notifyAppStarted = class java.util.concurrent.ConcurrentLinkedQueue@45f8adb6
      _notifyAppRemoved = class java.util.concurrent.ConcurrentLinkedQueue@1d59cd93
      _stateLock = class com.ibm.ws.app.manager.internal.statemachine.ApplicationStateMachineImpl$3@138dd71f
      _internalState = class java.util.concurrent.atomic.AtomicReference@6f412451
      _currentAction = class java.util.concurrent.atomic.AtomicReference@6f54a112
      _rfa = class java.util.concurrent.atomic.AtomicReference@3c32dc3e
      _appInstallInfo = class java.util.concurrent.atomic.AtomicReference@41fad188
      _update = class java.util.concurrent.atomic.AtomicBoolean@27ff164a
      _appConfig = class java.util.concurrent.atomic.AtomicReference@6de97f96
      _nextAppConfig = class java.util.concurrent.atomic.AtomicReference@47108d39
      _appContainer = class java.util.concurrent.atomic.AtomicReference@50f162c2
      _resolvedLocation = class java.util.concurrent.atomic.AtomicReference@f6373d0
      _handler = class java.util.concurrent.atomic.AtomicReference@2950a865
      _asmSeqNo = 0
      _ctx = class org.eclipse.osgi.internal.framework.BundleContextImpl@4c6ae35e
      _locAdmin = class com.ibm.ws.kernel.service.location.internal.WsLocationAdminImpl@315619de
      _futureMonitor = class com.ibm.ws.threading.internal.FutureMonitorImpl@66594008
      _artifactFactory = class com.ibm.ws.artifact.internal.ArtifactContainerFactoryService@25bf01d7
      _moduleFactory = class com.ibm.ws.adaptable.module.internal.AdaptableModuleFactoryImpl@52364449
      _executorService = class com.ibm.ws.threading.internal.ExecutorServiceImpl@9008685
      _scheduledExecutorService = class com.ibm.ws.threading.internal.ScheduledExecutorImpl@37dded9f
      _asmHelper = class com.ibm.ws.app.manager.internal.ApplicationConfigurator$NamedApplication@40b60c04
      _appMonitor = class com.ibm.ws.app.manager.internal.monitor.ApplicationMonitor@36448a53
      enterStateCalled = class java.util.concurrent.atomic.AtomicBoolean@6ba894f5
      serialVersionUID = 7990273947104993494
      serialVersionUID = 300267208965883056
      $$$tc$$$ = class com.ibm.websphere.ras.TraceComponent@148b4948
    serialVersionUID = 2630639237123415755
    $$$tc$$$ = class com.ibm.websphere.ras.TraceComponent@198da86
      strings[0] = "TraceComponent[com.ibm.ws.app.manager.internal.ApplicationInstallInfo,class com.ibm.ws.app.manager.internal.ApplicationInstallInfo,[applications, app.manager],com.ibm.ws.app.manager.internal.resources.AppManagerMessages,null]"
  serialVersionUID = 5227817860647895780
  $$$tc$$$ = class com.ibm.websphere.ras.TraceComponent@74f52032
    strings[0] = "TraceComponent[com.ibm.ws.container.service.app.deploy.internal.ApplicationInfoImpl,class com.ibm.ws.container.service.app.deploy.internal.ApplicationInfoImpl,[container.service],com.ibm.ws.container.service.resources.Messages,null]"

