------Start of DE processing------ = [28/12/21 20:07:38:916 EET]
Exception = com.ibm.ws.container.service.state.StateChangeException
Source = com.ibm.ws.app.manager.module.internal.SimpleDeployedAppInfoBase
probeid = 548
Stack Dump = com.ibm.ws.container.service.state.StateChangeException: org.jboss.weld.exceptions.DeploymentException: WELD-001408: Unsatisfied dependencies for type DocumentDaoImpl with qualifiers @Default
  at injection point [BackedAnnotatedField] @Inject com.example.documents.HelloController.documentDaoImpl
  at com.example.documents.HelloController.documentDaoImpl(HelloController.java:0)
WELD-001474: Class com.example.documents.dao.DocumentDaoImpl is on the classpath, but was ignored because a class it references was not found: javax.persistence.EntityManager.

	at com.ibm.ws.container.service.state.internal.ApplicationStateManager.fireStarting(ApplicationStateManager.java:55)
	at com.ibm.ws.container.service.state.internal.StateChangeServiceImpl.fireApplicationStarting(StateChangeServiceImpl.java:50)
	at com.ibm.ws.app.manager.module.internal.SimpleDeployedAppInfoBase.preDeployApp(SimpleDeployedAppInfoBase.java:547)
	at com.ibm.ws.app.manager.module.internal.SimpleDeployedAppInfoBase.installApp(SimpleDeployedAppInfoBase.java:508)
	at com.ibm.ws.app.manager.module.internal.DeployedAppInfoBase.deployApp(DeployedAppInfoBase.java:349)
	at com.ibm.ws.app.manager.war.internal.WARApplicationHandlerImpl.install(WARApplicationHandlerImpl.java:65)
	at com.ibm.ws.app.manager.internal.statemachine.StartAction.execute(StartAction.java:149)
	at com.ibm.ws.app.manager.internal.statemachine.ApplicationStateMachineImpl.enterState(ApplicationStateMachineImpl.java:1352)
	at com.ibm.ws.app.manager.internal.statemachine.ApplicationStateMachineImpl.performAction(ApplicationStateMachineImpl.java:1217)
	at com.ibm.ws.app.manager.internal.statemachine.ApplicationStateMachineImpl.run(ApplicationStateMachineImpl.java:905)
	at com.ibm.ws.threading.internal.ExecutorServiceImpl$RunnableWrapper.run(ExecutorServiceImpl.java:238)
	at java.util.concurrent.ThreadPoolExecutor.runWorker(ThreadPoolExecutor.java:1149)
	at java.util.concurrent.ThreadPoolExecutor$Worker.run(ThreadPoolExecutor.java:624)
	at java.lang.Thread.run(Thread.java:748)
Caused by: org.jboss.weld.exceptions.DeploymentException: WELD-001408: Unsatisfied dependencies for type DocumentDaoImpl with qualifiers @Default
  at injection point [BackedAnnotatedField] @Inject com.example.documents.HelloController.documentDaoImpl
  at com.example.documents.HelloController.documentDaoImpl(HelloController.java:0)
WELD-001474: Class com.example.documents.dao.DocumentDaoImpl is on the classpath, but was ignored because a class it references was not found: javax.persistence.EntityManager.

	at org.jboss.weld.bootstrap.Validator.validateInjectionPointForDeploymentProblems(Validator.java:378)
	at org.jboss.weld.bootstrap.Validator.validateInjectionPoint(Validator.java:290)
	at org.jboss.weld.bootstrap.Validator.validateGeneralBean(Validator.java:143)
	at org.jboss.weld.bootstrap.Validator.validateRIBean(Validator.java:164)
	at org.jboss.weld.bootstrap.Validator.validateBean(Validator.java:526)
	at org.jboss.weld.bootstrap.ConcurrentValidator$1.doWork(ConcurrentValidator.java:64)
	at org.jboss.weld.bootstrap.ConcurrentValidator$1.doWork(ConcurrentValidator.java:62)
	at org.jboss.weld.executor.IterativeWorkerTaskFactory$1.call(IterativeWorkerTaskFactory.java:62)
	at org.jboss.weld.executor.IterativeWorkerTaskFactory$1.call(IterativeWorkerTaskFactory.java:55)
	at java.util.concurrent.FutureTask.run(FutureTask.java:266)
	... 3 more

Dump of callerThis
Object type = com.ibm.ws.app.manager.war.internal.WARDeployedAppInfo
  CONTEXT_ROOT = "context-root"
  webContainerModuleInfo = class com.ibm.ws.app.manager.module.internal.SimpleDeployedAppInfoBase$WebModuleContainerInfo@4f7d237d
    contextRoot = "/"
    defaultContextRoot = "documents"
    serialVersionUID = 4617657913043497664
    $$$tc$$$ = class com.ibm.websphere.ras.TraceComponent@45062676
      strings[0] = "TraceComponent[com.ibm.ws.app.manager.module.internal.SimpleDeployedAppInfoBase$WebModuleContainerInfo,class com.ibm.ws.app.manager.module.internal.SimpleDeployedAppInfoBase$WebModuleContainerInfo,[applications, app.manager],null,null]"
    moduleHandler = class com.ibm.ws.app.manager.web.internal.WebModuleHandlerImpl@6d2de138
      serialVersionUID = 4795602325763828210
      $$$tc$$$ = class com.ibm.websphere.ras.TraceComponent@45e7f95
      futureMonitor = class com.ibm.ws.threading.internal.FutureMonitorImpl@143c308d
      metaDataService = class com.ibm.ws.container.service.metadata.internal.MetaDataServiceImpl@635addb3
      stateChangeService = class com.ibm.ws.container.service.state.internal.StateChangeServiceImpl@6730dbb3
      moduleRuntimeContainer = class com.ibm.ws.webcontainer.osgi.WebContainer@286171c8
      firstFailure = null
      serialVersionUID = -4563697739413190872
      $$$tc$$$ = class com.ibm.websphere.ras.TraceComponent@3010dc9b
    moduleMetaDataExtenders = class java.util.Collections$UnmodifiableRandomAccessList@2a38a0e5
      serialVersionUID = -2542308836966382001
      serialVersionUID = -283967356065247728
      list = class java.util.concurrent.CopyOnWriteArrayList@25cbb278
      serialVersionUID = 1820017752578914078
      c = class java.util.concurrent.CopyOnWriteArrayList@25cbb278
    nestedModuleMetaDataFactories = class java.util.Collections$UnmodifiableRandomAccessList@f2ab273
      serialVersionUID = -2542308836966382001
      serialVersionUID = -283967356065247728
      list = class java.util.concurrent.CopyOnWriteArrayList@199c08f
      serialVersionUID = 1820017752578914078
      c = class java.util.concurrent.CopyOnWriteArrayList@199c08f
    nestedModules = null
    moduleName = "documents"
    moduleDD = null
    moduleInfo = class com.ibm.ws.app.manager.module.internal.WebModuleInfoImpl@4c909ced
      contextRoot = "/"
      isDefaultContextRootUsed = false
      defaultContextRoot = "documents"
      serialVersionUID = -6699247856069243844
      $$$tc$$$ = class com.ibm.websphere.ras.TraceComponent@54f8b04f
      tc = class com.ibm.websphere.ras.TraceComponent@355bd14d
      appInfo = class com.ibm.ws.container.service.app.deploy.internal.ApplicationInfoImpl@5f466387
      moduleName = "documents"
      path = "documents.war"
      moduleContainer = class com.ibm.ws.adaptable.module.internal.AdaptableContainerImpl@482ba6ab
      altDDEntry = null
      moduleClassesContainers = class java.util.ArrayList@12b2e950
      classLoaderFactory = class com.ibm.ws.app.manager.war.internal.WARDeployedAppInfo@25761ec1
      containerInfoType = class com.ibm.ws.container.service.app.deploy.ContainerInfo$Type@1d18008d
      classLoader = class com.ibm.ws.classloading.internal.AppClassLoader@4f895545
      moduleMetaData = class com.ibm.ws.webcontainer.osgi.metadata.WebModuleMetaDataImpl@64cae213
      nestedModuleMetaDataTypes = null
      nestedModuleMetaDataValues = null
      serialVersionUID = 3986734351620206554
    serialVersionUID = 5122721995888983779
    $$$tc$$$ = class com.ibm.websphere.ras.TraceComponent@26b5af1b
      strings[0] = "TraceComponent[com.ibm.ws.app.manager.module.internal.SimpleDeployedAppInfoBase$ModuleContainerInfoBase,class com.ibm.ws.app.manager.module.internal.SimpleDeployedAppInfoBase$ModuleContainerInfoBase,[applications, app.manager],null,null]"
    type = class com.ibm.ws.container.service.app.deploy.ContainerInfo$Type@1d18008d
      MANIFEST_CLASSPATH = class com.ibm.ws.container.service.app.deploy.ContainerInfo$Type@62616e07
      WEB_INF_CLASSES = class com.ibm.ws.container.service.app.deploy.ContainerInfo$Type@249e7ea
      WEB_INF_LIB = class com.ibm.ws.container.service.app.deploy.ContainerInfo$Type@3e92a746
      EAR_LIB = class com.ibm.ws.container.service.app.deploy.ContainerInfo$Type@7d2b4f2c
      WEB_MODULE = class com.ibm.ws.container.service.app.deploy.ContainerInfo$Type@1d18008d
      EJB_MODULE = class com.ibm.ws.container.service.app.deploy.ContainerInfo$Type@14d317d8
      CLIENT_MODULE = class com.ibm.ws.container.service.app.deploy.ContainerInfo$Type@5968d41f
      RAR_MODULE = class com.ibm.ws.container.service.app.deploy.ContainerInfo$Type@72ebf0e3
      JAR_MODULE = class com.ibm.ws.container.service.app.deploy.ContainerInfo$Type@551e93bd
      SHARED_LIB = class com.ibm.ws.container.service.app.deploy.ContainerInfo$Type@59ff2311
      $VALUES = class com.ibm.ws.container.service.app.deploy.ContainerInfo$Type[10]
      name = "WEB_MODULE"
      ordinal = 4
    name = "documents.war"
    container = class com.ibm.ws.adaptable.module.internal.AdaptableContainerImpl@482ba6ab
      root = class com.ibm.ws.adaptable.module.internal.AdaptableContainerImpl@482ba6ab
      rootOverlay = class com.ibm.ws.artifact.overlay.internal.DirectoryBasedOverlayContainerImpl@1761490f
      factoryHolder = class com.ibm.ws.adaptable.module.internal.AdaptableModuleFactoryImpl@3f524f2c
      delegate = class com.ibm.ws.artifact.overlay.internal.DirectoryBasedOverlayContainerImpl@1761490f
      notifier = class com.ibm.ws.adaptable.module.internal.NotifierImpl@78625044
      serialVersionUID = -5950528200509051684
      $$$tc$$$ = class com.ibm.websphere.ras.TraceComponent@47c6eeed
    moduleClassLoaderFactory = class com.ibm.ws.app.manager.war.internal.WARDeployedAppInfo@25761ec1
    altDDEntry = null
    classesContainerInfo = class java.util.ArrayList@12b2e950
      serialVersionUID = 8683452581122892189
      DEFAULT_CAPACITY = 10
      EMPTY_ELEMENTDATA = class java.lang.Object[0]
      DEFAULTCAPACITY_EMPTY_ELEMENTDATA = class java.lang.Object[0]
      elementData = class java.lang.Object[33]
      size = 23
      MAX_ARRAY_SIZE = 2147483639
      modCount = 24
      MAX_ARRAY_SIZE = 2147483639
    serialVersionUID = 4636874131959542427
    $$$tc$$$ = class com.ibm.websphere.ras.TraceComponent@26ea3636
      strings[0] = "TraceComponent[com.ibm.ws.app.manager.module.internal.SimpleDeployedAppInfoBase$ExtendedContainerInfo,class com.ibm.ws.app.manager.module.internal.SimpleDeployedAppInfoBase$ExtendedContainerInfo,[applications, app.manager],null,null]"
  DYNAMIC_IMPORT_PACKAGE_LIST = class java.util.Collections$UnmodifiableRandomAccessList@66051bf8
    serialVersionUID = -2542308836966382001
    serialVersionUID = -283967356065247728
    list = class java.util.Arrays$ArrayList@6ce3ebdd
      serialVersionUID = -2764017481108945198
      a = class java.lang.String[1]
      modCount = 0
      MAX_ARRAY_SIZE = 2147483639
    serialVersionUID = 1820017752578914078
    c = class java.util.Arrays$ArrayList@6ce3ebdd
  serialVersionUID = 6176035338244935179
  $$$tc$$$ = class com.ibm.websphere.ras.TraceComponent@2506f17c
    strings[0] = "TraceComponent[com.ibm.ws.app.manager.war.internal.WARDeployedAppInfo,class com.ibm.ws.app.manager.war.internal.WARDeployedAppInfo,[webcontainer, applications, app.manager],com.ibm.ws.app.manager.war.internal.resources.Messages,null]"
  _tc = class com.ibm.websphere.ras.TraceComponent@387866e9
    strings[0] = "TraceComponent[com.ibm.ws.app.manager.module.internal.DeployedAppInfoBase,class com.ibm.ws.app.manager.module.internal.DeployedAppInfoBase,[app.manager],com.ibm.ws.app.manager.module.internal.resources.Messages,null]"
  PERMISSION_XML = "permissions.xml"
  applicationInformation = class com.ibm.ws.app.manager.internal.ApplicationInstallInfo@193b3008
    _config = class com.ibm.ws.app.manager.internal.ApplicationConfig@3baaddb5
      tc = class com.ibm.websphere.ras.TraceComponent@2a59528d
      _configPid = "com.ibm.ws.app.manager_46"
      _config = class com.ibm.ws.config.admin.ConfigurationDictionary@1d6b8af9
      _applicationManager = class com.ibm.ws.app.manager.ApplicationManager@1b78cfad
      _location = "documents.war"
      _type = "war"
      _name = "documents"
      _notificationBroadcasterSupport = class javax.management.NotificationBroadcasterSupport@19af3345
      ONE_TIME_JANDEX_MSGS_DISPLAYED = true
      serialVersionUID = -2151423388299667431
    _handlerInfo = class java.util.concurrent.atomic.AtomicReference@7bd111b8
      serialVersionUID = -1848883965231344442
      unsafe = class sun.misc.Unsafe@29c211a7
      valueOffset = 12
      value = class com.ibm.ws.app.manager.war.internal.WARDeployedAppInfo@25761ec1
    _container = class java.util.concurrent.atomic.AtomicReference@56570ac1
      serialVersionUID = -1848883965231344442
      unsafe = class sun.misc.Unsafe@29c211a7
      valueOffset = 12
      value = class com.ibm.ws.adaptable.module.internal.AdaptableContainerImpl@482ba6ab
    _resolvedLocation = class java.util.concurrent.atomic.AtomicReference@3cdd903f
      serialVersionUID = -1848883965231344442
      unsafe = class sun.misc.Unsafe@29c211a7
      valueOffset = 12
      value = class com.ibm.ws.kernel.service.location.internal.LocalFileResource@13a13f94
    _handler = class com.ibm.ws.app.manager.war.internal.WARApplicationHandlerImpl@51f7a564
      futureMonitor = class com.ibm.ws.threading.internal.FutureMonitorImpl@143c308d
      deployedAppFactory = class com.ibm.ws.app.manager.war.internal.WARDeployedAppInfoFactoryImpl@738268b
      serialVersionUID = 4622845147410944782
      $$$tc$$$ = class com.ibm.websphere.ras.TraceComponent@63590284
    _ami = class java.util.concurrent.atomic.AtomicReference@22d82233
      serialVersionUID = -1848883965231344442
      unsafe = class sun.misc.Unsafe@29c211a7
      valueOffset = 12
      value = class com.ibm.wsspi.application.handler.DefaultApplicationMonitoringInformation@1305a7b9
    _updateHandler = class com.ibm.ws.app.manager.internal.statemachine.ApplicationStateMachineImpl@4c3725ab
      _tc = class com.ibm.websphere.ras.TraceComponent@1cdb3967
      EMPTY_FUTURE_ARRAY = interface java.util.concurrent.Future[0]
      asmSequenceNumber = class java.util.concurrent.atomic.AtomicLong@792c0483
      _qscaCounter = class java.util.concurrent.atomic.AtomicInteger@2cc449ac
      _failedThrowable = null
      _interruptibleLock = class com.ibm.ws.app.manager.internal.statemachine.ApplicationStateMachineImpl$2@5909bce1
      _interruptible = false
      _performingQueuedActions = true
      _queuedActions = class java.util.concurrent.ConcurrentLinkedQueue@1f43d535
      _callbackState = class java.util.concurrent.atomic.AtomicReference@6d2d242
      blockAppStartingFutures = class java.util.Collections$SetFromMap@8d5721d
      waitingForAppHandlerFuture = class java.util.concurrent.atomic.AtomicReference@1caf3952
      waitingForExplicitStartFuture = class java.util.concurrent.atomic.AtomicReference@1dc4ad8f
      startAfterFutures = class java.util.Collections$SetFromMap@d143cb7
      completionListener = class java.util.concurrent.atomic.AtomicReference@2e72e292
      _notifyAppStopped = class java.util.concurrent.ConcurrentLinkedQueue@4b722ba7
      _notifyAppStarting = class java.util.concurrent.ConcurrentLinkedQueue@73625f93
      _notifyAppInstallCalled = class java.util.concurrent.ConcurrentLinkedQueue@5f3f34cc
      _notifyAppStarted = class java.util.concurrent.ConcurrentLinkedQueue@66e02bcb
      _notifyAppRemoved = class java.util.concurrent.ConcurrentLinkedQueue@3c150ba3
      _stateLock = class com.ibm.ws.app.manager.internal.statemachine.ApplicationStateMachineImpl$3@5d6a5575
      _internalState = class java.util.concurrent.atomic.AtomicReference@7b558340
      _currentAction = class java.util.concurrent.atomic.AtomicReference@1c0c4192
      _rfa = class java.util.concurrent.atomic.AtomicReference@8d009a3
      _appInstallInfo = class java.util.concurrent.atomic.AtomicReference@79e3431
      _update = class java.util.concurrent.atomic.AtomicBoolean@5006e801
      _appConfig = class java.util.concurrent.atomic.AtomicReference@2ef83342
      _nextAppConfig = class java.util.concurrent.atomic.AtomicReference@26edaa2f
      _appContainer = class java.util.concurrent.atomic.AtomicReference@50a42d7f
      _resolvedLocation = class java.util.concurrent.atomic.AtomicReference@3785818a
      _handler = class java.util.concurrent.atomic.AtomicReference@5888c61b
      _asmSeqNo = 0
      _ctx = class org.eclipse.osgi.internal.framework.BundleContextImpl@2a31146e
      _locAdmin = class com.ibm.ws.kernel.service.location.internal.WsLocationAdminImpl@62c1bb32
      _futureMonitor = class com.ibm.ws.threading.internal.FutureMonitorImpl@143c308d
      _artifactFactory = class com.ibm.ws.artifact.internal.ArtifactContainerFactoryService@7953ef31
      _moduleFactory = class com.ibm.ws.adaptable.module.internal.AdaptableModuleFactoryImpl@3f524f2c
      _executorService = class com.ibm.ws.threading.internal.ExecutorServiceImpl@67f5461e
      _scheduledExecutorService = class com.ibm.ws.threading.internal.ScheduledExecutorImpl@97b310c
      _asmHelper = class com.ibm.ws.app.manager.internal.ApplicationConfigurator$NamedApplication@343fcb1d
      _appMonitor = class com.ibm.ws.app.manager.internal.monitor.ApplicationMonitor@660c133a
      enterStateCalled = class java.util.concurrent.atomic.AtomicBoolean@c042ad
      serialVersionUID = 7990273947104993494
      serialVersionUID = 300267208965883056
      $$$tc$$$ = class com.ibm.websphere.ras.TraceComponent@148312ca
    serialVersionUID = 2630639237123415755
    $$$tc$$$ = class com.ibm.websphere.ras.TraceComponent@4a05fc3a
      strings[0] = "TraceComponent[com.ibm.ws.app.manager.internal.ApplicationInstallInfo,class com.ibm.ws.app.manager.internal.ApplicationInstallInfo,[applications, app.manager],com.ibm.ws.app.manager.internal.resources.AppManagerMessages,null]"
  location = "E:\facultate\master\java\java\tehnologii_java\documents\documents\target\liberty\wlp\usr\servers\documents\apps\documents.war.xml"
  classLoadingService = class com.ibm.ws.classloading.internal.ClassLoadingServiceImpl@48f9b0fb
    tc = class com.ibm.websphere.ras.TraceComponent@140f4ff0
      strings[0] = "TraceComponent[com.ibm.ws.classloading.internal.ClassLoadingServiceImpl,class com.ibm.ws.classloading.internal.ClassLoadingServiceImpl,[ClassLoadingService],com.ibm.ws.classloading.internal.resources.ClassLoadingServiceMessages,null]"
    leakDetectionMap = class java.util.HashMap@7d624c6b
      serialVersionUID = 362498820763181265
      DEFAULT_INITIAL_CAPACITY = 16
      MAXIMUM_CAPACITY = 1073741824
      DEFAULT_LOAD_FACTOR = 0.75
      TREEIFY_THRESHOLD = 8
      UNTREEIFY_THRESHOLD = 6
      MIN_TREEIFY_CAPACITY = 64
      table = null
      entrySet = null
      size = 0
      modCount = 0
      threshold = 0
      loadFactor = 0.75
      keySet = null
      values = null
    appClassLoaders = class java.util.Collections$SetFromMap@2701d09e
      m = class java.util.WeakHashMap@6ac481e3
      s = class java.util.WeakHashMap$KeySet@4b8a2b30
      serialVersionUID = 2454657854757543876
      MAX_ARRAY_SIZE = 2147483639
    TCCL_LOCK_WAIT = 15000
    REFERENCE_GENERATORS = "generators"
    bundleContext = class org.eclipse.osgi.internal.framework.BundleContextImpl@79f3cc73
      valid = true
      bundle = class org.eclipse.osgi.internal.framework.EquinoxBundle@68b57dd0
      container = class org.eclipse.osgi.internal.framework.EquinoxContainer@2bbc9abb
      debug = class org.eclipse.osgi.internal.debug.Debug@3f8de8bd
      servicesInUse = class java.util.HashMap@4dac2fdd
      activator = null
      contextLock = class java.lang.Object@4d3c8be7
    aclStore = class com.ibm.ws.classloading.internal.util.CanonicalStore@7a40b09b
      map = class java.util.concurrent.ConcurrentHashMap@30951252
      q = class com.ibm.ws.classloading.internal.util.RefQueue@1e3f1be1
      serialVersionUID = 6715157558227169968
      $$$tc$$$ = class com.ibm.websphere.ras.TraceComponent@ab0410d
    tcclStore = class com.ibm.ws.classloading.internal.util.CanonicalStore@7fbd3eea
      map = class java.util.concurrent.ConcurrentHashMap@253bf5d8
      q = class com.ibm.ws.classloading.internal.util.RefQueue@55c1b168
      serialVersionUID = 6715157558227169968
      $$$tc$$$ = class com.ibm.websphere.ras.TraceComponent@ab0410d
    tcclStoreLock = class java.util.concurrent.locks.ReentrantLock@10d33462
      serialVersionUID = 7373984872572414699
      sync = class java.util.concurrent.locks.ReentrantLock$NonfairSync@5b43fd1
    digraph = class org.eclipse.equinox.internal.region.StandardRegionDigraph@39ff83c6
      EMPTY_EDGE_SET = class java.util.Collections$UnmodifiableSet@69bd6ae3
      monitor = class java.lang.Object@3972624
      regions = class java.util.HashMap@9f0cef0
      bundleIdToRegionMapping = class org.eclipse.equinox.internal.region.StandardBundleIdToRegionMapping@4a422a84
      edges = class java.util.HashMap@48aaab5d
      bundleContext = class org.eclipse.osgi.internal.framework.BundleContextImpl@751d3241
      threadLocal = class java.lang.ThreadLocal@7236126a
      subgraphTraverser = class org.eclipse.equinox.internal.region.SubgraphTraverser@7d3ec592
      bundleCollisionHook = class org.eclipse.equinox.internal.region.hook.RegionBundleCollisionHook@26f3d6bb
      bundleEventHook = class org.eclipse.equinox.internal.region.hook.RegionBundleEventHook@3b9e717b
      bundleFindHook = class org.eclipse.equinox.internal.region.hook.RegionBundleFindHook@79799120
      serviceEventHook = class org.eclipse.equinox.internal.region.hook.RegionServiceEventHook@72e0d9c8
      serviceFindHook = class org.eclipse.equinox.internal.region.hook.RegionServiceFindHook@4a9e8f21
      resolverHookFactory = class org.eclipse.equinox.internal.region.hook.RegionResolverHookFactory@2432aa0
      origin = null
      originUpdateCount = -1
      updateCount = class java.util.concurrent.atomic.AtomicLong@37064b59
      defaultRegion = null
    redefiner = class com.ibm.ws.classloading.internal.util.ClassRedefiner@46c4280a
      tc = class com.ibm.websphere.ras.TraceComponent@2ae916ba
      LS = "
"
      inst = class com.sun.proxy.$Proxy0@44dd4b3a
      serialVersionUID = 2420101865139508526
    listener = class com.ibm.ws.classloading.internal.ClassLoadingServiceImpl$1@50981456
      this$0 = class com.ibm.ws.classloading.internal.ClassLoadingServiceImpl@48f9b0fb
      serialVersionUID = -9159707349812113172
      $$$tc$$$ = class com.ibm.websphere.ras.TraceComponent@6572069a
    classloaders = class java.util.Collections$SynchronizedMap@59e15a03
      serialVersionUID = 1978198479659022715
      m = class java.util.HashMap@9b9fb3f
      mutex = class java.util.Collections$SynchronizedMap@59e15a03
      keySet = null
      entrySet = null
      values = null
    resourceProviders = class com.ibm.ws.classloading.internal.CompositeResourceProvider@1cc5134a
      lockFactory = class java.util.concurrent.locks.ReentrantReadWriteLock@55dd2752
      providerMap = class com.ibm.ws.classloading.internal.util.MultiMap@7c97edbd
      serialVersionUID = -5576435894946156347
      $$$tc$$$ = class com.ibm.websphere.ras.TraceComponent@663f2e73
    rememberedBundles = class java.util.concurrent.ConcurrentHashMap@7ba6eca0
      serialVersionUID = 7249069246763182397
      MAXIMUM_CAPACITY = 1073741824
      DEFAULT_CAPACITY = 16
      MAX_ARRAY_SIZE = 2147483639
      DEFAULT_CONCURRENCY_LEVEL = 16
      LOAD_FACTOR = 0.75
      TREEIFY_THRESHOLD = 8
      UNTREEIFY_THRESHOLD = 6
      MIN_TREEIFY_CAPACITY = 64
      MIN_TRANSFER_STRIDE = 16
      RESIZE_STAMP_BITS = 16
      MAX_RESIZERS = 65535
      RESIZE_STAMP_SHIFT = 16
      MOVED = -1
      TREEBIN = -2
      RESERVED = -3
      HASH_BITS = 2147483647
      NCPU = 8
      serialPersistentFields = class java.io.ObjectStreamField[3]
      table = class java.util.concurrent.ConcurrentHashMap$Node[16]
      nextTable = null
      baseCount = 1
      sizeCtl = 12
      transferIndex = 0
      cellsBusy = 0
      counterCells = null
      keySet = null
      values = null
      entrySet = null
      U = class sun.misc.Unsafe@29c211a7
      SIZECTL = 20
      TRANSFERINDEX = 32
      BASECOUNT = 24
      CELLSBUSY = 36
      CELLVALUE = 144
      ABASE = 16
      ASHIFT = 2
      keySet = null
      values = null
    collectedBundles = class java.lang.ref.ReferenceQueue@6b8c6d26
      NULL = class java.lang.ref.ReferenceQueue$Null@5c7d27dc
      ENQUEUED = class java.lang.ref.ReferenceQueue$Null@51781ce0
      lock = class java.lang.ref.ReferenceQueue$Lock@1ffd54b5
      head = null
      queueLength = 0
      $assertionsDisabled = true
    generatorRefs = class com.ibm.wsspi.kernel.service.utils.ConcurrentServiceReferenceSet@386e0316
      referenceName = "generators"
      contextRef = class java.util.concurrent.atomic.AtomicReference@eb07fa5
      elementMap = class java.util.LinkedHashMap@269f9041
      elementSet = class java.util.concurrent.ConcurrentSkipListSet@6dbec3be
      elementSetUnsorted = false
      serialVersionUID = 756240983881166148
      $$$tc$$$ = class com.ibm.websphere.ras.TraceComponent@22fafa53
    generatorManager = class com.ibm.ws.classloading.internal.ClassGeneratorManager@c051812
      tc = class com.ibm.websphere.ras.TraceComponent@776fbaff
      generatorRefs = class com.ibm.wsspi.kernel.service.utils.ConcurrentServiceReferenceSet@386e0316
      serialVersionUID = 4152663586056483310
    appExtLibs = class java.util.concurrent.CopyOnWriteArrayList@400a36de
      serialVersionUID = 8673264195747942595
      lock = class java.util.concurrent.locks.ReentrantLock@aa62d2b
      array = class java.lang.Object[0]
      UNSAFE = class sun.misc.Unsafe@29c211a7
      lockOffset = 12
    globalConfig = class com.ibm.ws.classloading.configuration.GlobalClassloadingConfiguration@486796a4
      properties = class org.apache.felix.scr.impl.helper.ReadOnlyDictionary@e97c016
      serialVersionUID = 452562347104713756
      $$$tc$$$ = class com.ibm.websphere.ras.TraceComponent@327d55ad
    metaInfServicesProviders = class java.util.concurrent.ConcurrentHashMap@595a0d
      serialVersionUID = 7249069246763182397
      MAXIMUM_CAPACITY = 1073741824
      DEFAULT_CAPACITY = 16
      MAX_ARRAY_SIZE = 2147483639
      DEFAULT_CONCURRENCY_LEVEL = 16
      LOAD_FACTOR = 0.75
      TREEIFY_THRESHOLD = 8
      UNTREEIFY_THRESHOLD = 6
      MIN_TREEIFY_CAPACITY = 64
      MIN_TRANSFER_STRIDE = 16
      RESIZE_STAMP_BITS = 16
      MAX_RESIZERS = 65535
      RESIZE_STAMP_SHIFT = 16
      MOVED = -1
      TREEBIN = -2
      RESERVED = -3
      HASH_BITS = 2147483647
      NCPU = 8
      serialPersistentFields = class java.io.ObjectStreamField[3]
      table = null
      nextTable = null
      baseCount = 0
      sizeCtl = 0
      transferIndex = 0
      cellsBusy = 0
      counterCells = null
      keySet = null
      values = null
      entrySet = null
      U = class sun.misc.Unsafe@29c211a7
      SIZECTL = 20
      TRANSFERINDEX = 32
      BASECOUNT = 24
      CELLSBUSY = 36
      CELLVALUE = 144
      ABASE = 16
      ASHIFT = 2
      keySet = null
      values = null
    metaInfServicesRefs = class com.ibm.wsspi.kernel.service.utils.ConcurrentServiceReferenceMap@24b8179c
      referenceName = "MetaInfServicesProvider"
      context = class org.apache.felix.scr.impl.manager.ComponentContextImpl@59e9124d
      elementMap = class java.util.concurrent.ConcurrentHashMap@128f19e1
      serialVersionUID = 6980924785166233786
      $$$tc$$$ = class com.ibm.websphere.ras.TraceComponent@33ceabce
    protectionDomainMap = class java.util.HashMap@35956913
      serialVersionUID = 362498820763181265
      DEFAULT_INITIAL_CAPACITY = 16
      MAXIMUM_CAPACITY = 1073741824
      DEFAULT_LOAD_FACTOR = 0.75
      TREEIFY_THRESHOLD = 8
      UNTREEIFY_THRESHOLD = 6
      MIN_TREEIFY_CAPACITY = 64
      table = class java.util.HashMap$Node[16]
      entrySet = null
      size = 1
      modCount = 1
      threshold = 12
      loadFactor = 0.75
      keySet = null
      values = null
    metadataIdentifierService = class com.ibm.ws.container.service.metadata.internal.MetaDataServiceImpl@635addb3
    globalSharedLibrary = class java.util.concurrent.atomic.AtomicReference@41331bb3
      serialVersionUID = -1848883965231344442
      unsafe = class sun.misc.Unsafe@29c211a7
      valueOffset = 12
      value = null
    serialVersionUID = 4365026902615131286
  globalSharedLibrary = class com.ibm.ws.library.internal.SharedLibraryImpl@61577d3a
    tc = class com.ibm.websphere.ras.TraceComponent@330abb50
      strings[0] = "TraceComponent[com.ibm.ws.library.internal.SharedLibraryImpl,class com.ibm.ws.library.internal.SharedLibraryImpl,[SharedLibrary],com.ibm.ws.classloading.internal.resources.ClassLoadingServiceMessages,null]"
    EMPTY_LIBRARY_LISTENERS = interface com.ibm.wsspi.library.LibraryChangeListener[0]
    deleted = false
    libraryListenersTracker = class org.osgi.util.tracker.ServiceTracker@2ad325ca
      DEBUG = false
      context = class org.eclipse.osgi.internal.framework.BundleContextImpl@79f3cc73
      filter = class org.eclipse.osgi.internal.framework.FilterImpl$And@453b3506
      customizer = class org.osgi.util.tracker.ServiceTracker@2ad325ca
      listenerFilter = "(&(objectClass=com.ibm.wsspi.library.LibraryChangeListener)(|(library=global)(libraryRef=*com.ibm.ws.classloading.sharedlibrary_22*)))"
      trackClass = null
      trackReference = null
      tracked = class org.osgi.util.tracker.ServiceTracker$Tracked@21eaf964
      cachedReference = null
      cachedService = null
    libraryReg = class org.eclipse.osgi.internal.serviceregistry.ServiceRegistrationImpl@31779800
      registry = class org.eclipse.osgi.internal.serviceregistry.ServiceRegistry@39d04417
      context = class org.eclipse.osgi.internal.framework.BundleContextImpl@79f3cc73
      bundle = class org.eclipse.osgi.internal.framework.EquinoxBundle@68b57dd0
      clazzes = class java.lang.String[1]
      service = class com.ibm.ws.library.internal.SharedLibraryImpl@61577d3a
      reference = class org.eclipse.osgi.internal.serviceregistry.ServiceReferenceImpl@74dcd37d
      contextsUsing = class java.util.ArrayList@418d214b
      properties = class java.util.Collections$UnmodifiableMap@7a463591
      serviceid = 337
      serviceranking = 2
      registrationLock = class java.lang.Object@1ce5107f
      state = 0
      REGISTERED = 0
      UNREGISTERING = 1
      UNREGISTERED = 2
      FRAMEWORK_SET_SERVICE_PROPERTIES_COUNT = 4
      $assertionsDisabled = true
    ctx = class org.eclipse.osgi.internal.framework.BundleContextImpl@79f3cc73
    classLoadingService = class com.ibm.ws.classloading.internal.ClassLoadingServiceImpl@48f9b0fb
    configAdmin = class com.ibm.ws.config.admin.internal.ConfigurationAdminImpl@789ec05d
      tc = class com.ibm.websphere.ras.TraceComponent@7197f8af
      bundle = class org.eclipse.osgi.internal.framework.EquinoxBundle@68b57dd0
      caFactory = class com.ibm.ws.config.admin.internal.ConfigAdminServiceFactory@280ee1b6
      serialVersionUID = -2875522750804142523
    resolvedBasePath = "E:/facultate/master/java/java/tehnologii_java/documents/documents/target/liberty/wlp/usr/servers/documents/"
    generationLock = class com.ibm.ws.library.internal.SharedLibraryImpl$1@155bc882
      this$0 = class com.ibm.ws.library.internal.SharedLibraryImpl@61577d3a
      serialVersionUID = 2483639803450672373
      $$$tc$$$ = class com.ibm.websphere.ras.TraceComponent@2073b40a
    currentGeneration = class com.ibm.ws.library.internal.LibraryGeneration@76cbc5de
      tc = class com.ibm.websphere.ras.TraceComponent@7fedef5b
      nextInt = class java.util.concurrent.atomic.AtomicInteger@70a9ed09
      libraryId = "global"
      genId = 2
      libraryProps = class java.util.Hashtable@3f272843
      filesetRefs = class java.util.Collections$UnmodifiableRandomAccessList@1a8eff08
      apiTypeVisibility = class java.util.RegularEnumSet@39c222a0
      files = class java.util.Collections$EmptyList@5c28dda
      folders = class java.util.ArrayList@6bc5134
      fileAndFolderContainers = class java.util.Collections$EmptyList@5c28dda
      filesets = class java.util.concurrent.ArrayBlockingQueue@5f0490
      filesetListenerRegs = class java.util.concurrent.ConcurrentLinkedQueue@6d44dd2c
      cancelled = false
      library = class com.ibm.ws.library.internal.SharedLibraryImpl@61577d3a
      serialVersionUID = 6965220007121905717
    nextGeneration = class com.ibm.ws.library.internal.LibraryGeneration@76cbc5de
    artifactContainerFactory = class com.ibm.ws.library.internal.SharedLibraryFactory$1@450553b8
      this$0 = class com.ibm.ws.library.internal.SharedLibraryFactory@2be42d6f
      serialVersionUID = 7730244564205089330
      $$$tc$$$ = class com.ibm.websphere.ras.TraceComponent@592c8dd2
    packageExporter = class com.ibm.ws.library.internal.LibraryPackageExporter@4b17ff6d
      EXPORTER_POSTFIX = "_library_exporter"
      REGION_EXPORT_TO_LIBERTY = "liberty.library.export.to.liberty"
      REGION_EXPORT_TO_OSGI_APPS = "liberty.library.export.to.osgi.app"
      REGION_KERNEL = "org.eclipse.equinox.region.kernel"
      counter = class java.util.concurrent.atomic.AtomicLong@48dbc128
      context = class org.eclipse.osgi.internal.framework.BundleContextImpl@79f3cc73
      digraph = class org.eclipse.equinox.internal.region.StandardRegionDigraph@39ff83c6
      bundleToLibrary = class java.util.concurrent.ConcurrentHashMap@47fdc659
      libraryToVisibility = class java.util.concurrent.ConcurrentHashMap@697d3da2
      serialVersionUID = 8074378969667956573
      $$$tc$$$ = class com.ibm.websphere.ras.TraceComponent@66a26b74
    serialVersionUID = 6288237618632180389
  sharedLibDeploymentInfo = class com.ibm.ws.app.manager.module.internal.DeployedAppInfoBase$SharedLibDeploymentInfo@7a95e443
    locAdmin = class com.ibm.ws.kernel.service.location.internal.WsLocationAdminImpl@62c1bb32
    artifactFactory = class com.ibm.ws.artifact.internal.ArtifactContainerFactoryService@7953ef31
    moduleFactory = class com.ibm.ws.adaptable.module.internal.AdaptableModuleFactoryImpl@3f524f2c
    classesContainerInfo = class java.util.ArrayList@4779ff9c
      serialVersionUID = 8683452581122892189
      DEFAULT_CAPACITY = 10
      EMPTY_ELEMENTDATA = class java.lang.Object[0]
      DEFAULTCAPACITY_EMPTY_ELEMENTDATA = class java.lang.Object[0]
      elementData = class java.lang.Object[0]
      size = 0
      MAX_ARRAY_SIZE = 2147483639
      modCount = 0
      MAX_ARRAY_SIZE = 2147483639
    serialVersionUID = 5154735746662585226
    $$$tc$$$ = class com.ibm.websphere.ras.TraceComponent@56a65f3e
      strings[0] = "TraceComponent[com.ibm.ws.app.manager.module.internal.DeployedAppInfoBase$SharedLibDeploymentInfo,class com.ibm.ws.app.manager.module.internal.DeployedAppInfoBase$SharedLibDeploymentInfo,[applications, app.manager],null,null]"
  configAdmin = class com.ibm.ws.config.admin.internal.ConfigurationAdminImpl@3401fa32
    tc = class com.ibm.websphere.ras.TraceComponent@7197f8af
      strings[0] = "TraceComponent[com.ibm.ws.config.admin.internal.ConfigurationAdminImpl,class com.ibm.ws.config.admin.internal.ConfigurationAdminImpl,[config],com.ibm.ws.config.internal.resources.ConfigMessages,null]"
    bundle = class org.eclipse.osgi.internal.framework.EquinoxBundle@65a5a1dd
      equinoxContainer = class org.eclipse.osgi.internal.framework.EquinoxContainer@2bbc9abb
      module = class org.eclipse.osgi.internal.framework.EquinoxBundle$EquinoxModule@2e8015d9
      monitor = class java.lang.Object@18906f01
      context = class org.eclipse.osgi.internal.framework.BundleContextImpl@55314549
      signerInfos = null
      $SWITCH_TABLE$org$eclipse$osgi$container$Module$State = {1,2,3,4,5,6,7} /* array length = 7 */
    caFactory = class com.ibm.ws.config.admin.internal.ConfigAdminServiceFactory@280ee1b6
      tc = class com.ibm.websphere.ras.TraceComponent@1aa65cb
      configurationPermission = class org.osgi.service.cm.ConfigurationPermission@46c994a0
      INDEX_DICTIONARY = 0
      INDEX_LOCATION = 1
      INDEX_METATYPE_PROCESSED = 2
      INDEX_IN_OVERRIDES_FILE = 3
      INDEX_REFERENCES = 4
      INDEX_UNIQUES = 5
      bundleContext = class org.eclipse.osgi.internal.framework.BundleContextImpl@12604b9
      msTracker = class com.ibm.ws.config.admin.internal.ManagedServiceTracker@a9f9348
      msfTracker = class com.ibm.ws.config.admin.internal.ManagedServiceFactoryTracker@44555f26
      pluginManager = class com.ibm.ws.config.admin.internal.PluginManager@24af363c
      configurationStore = class com.ibm.ws.config.admin.internal.ConfigurationStore@2ec9ca9d
      updateQueue = class com.ibm.ws.config.admin.internal.UpdateQueue@583a19df
      ced = class com.ibm.ws.config.admin.internal.ConfigEventDispatcher@36f8c191
      idMap = class java.util.Collections$SynchronizedMap@6bbb1fa4
      referenceMap = class java.util.Collections$SynchronizedMap@b46bd6c
      variableRegistryTracker = class org.osgi.util.tracker.ServiceTracker@3bab93a
      variableRegistry = class com.ibm.ws.kernel.service.location.internal.VariableRegistryHelper@733e1495
      configurationAdminRef = class org.eclipse.osgi.internal.serviceregistry.ServiceRegistrationImpl@67509ec6
      serialVersionUID = 6695202270027014725
    serialVersionUID = -2875522750804142523
  libraryConfigHelper = class com.ibm.ws.classloading.ClassLoaderConfigHelper@31fafa21
    tc = class com.ibm.websphere.ras.TraceComponent@46b44326
      strings[0] = "TraceComponent[com.ibm.ws.classloading.ClassLoaderConfigHelper,class com.ibm.ws.classloading.ClassLoaderConfigHelper,[ClassLoadingService],com.ibm.ws.classloading.internal.resources.ClassLoadingServiceMessages,null]"
    DEFAULT_API_TYPES = class java.util.RegularEnumSet@1622692c
      serialVersionUID = 3411599620347842686
      elements = 23
      elementType = class java.lang.Class@4f6a9e88
      universe = class com.ibm.wsspi.classloading.ApiType[5]
      ZERO_LENGTH_ENUM_ARRAY = class java.lang.Enum[0]
      MAX_ARRAY_SIZE = 2147483639
    sharedLibraries = class java.util.Collections$EmptyList@5c28dda
      serialVersionUID = 8842843931221139166
      modCount = 0
      MAX_ARRAY_SIZE = 2147483639
    commonLibraries = class java.util.Collections$EmptyList@5c28dda
    classProviders = class java.util.Collections$EmptyList@5c28dda
    sharedLibrariesPids = null
    commonLibrariesPids = null
    isDelegateLast = false
    apiTypes = class java.util.RegularEnumSet@4de193b6
      serialVersionUID = 3411599620347842686
      elements = 31
      elementType = class java.lang.Class@4f6a9e88
      universe = class com.ibm.wsspi.classloading.ApiType[5]
      ZERO_LENGTH_ENUM_ARRAY = class java.lang.Enum[0]
      MAX_ARRAY_SIZE = 2147483639
    classLoaderConfigProps = class com.ibm.ws.config.admin.ConfigurationDictionary@78b078d2
      serialVersionUID = 7966152868712543805
      simpleTypes = class java.util.Arrays$ArrayList@79318068
      primitiveArrayTypes = class java.util.Arrays$ArrayList@ac33c30
      simpleArrayTypes = class java.util.Arrays$ArrayList@40fa3e4b
      extendedTypes = class java.util.Arrays$ArrayList@23e9041d
      CASE_INSENSITIVE = class com.ibm.ws.config.admin.ConfigurationDictionary$CaseInsensitive@562ef2c8
      properties = class java.util.Collections$SynchronizedMap@75ca9bcd
    serialVersionUID = 7643888529935916418
  isDelegateLast = false
  permissionManager = class com.ibm.ws.classloading.java2sec.PermissionManager@6b1eef89
    tc = class com.ibm.websphere.ras.TraceComponent@f52f9
      strings[0] = "TraceComponent[com.ibm.ws.classloading.java2sec.PermissionManager,class com.ibm.ws.classloading.java2sec.PermissionManager,[Java2SecurityUtil],com.ibm.ws.classloading.internal.resources.Java2SecurityUtilMessages,null]"
    bundleContext = class org.eclipse.osgi.internal.framework.BundleContextImpl@79f3cc73
    classLoadingService = class com.ibm.ws.classloading.internal.ClassLoadingServiceImpl@48f9b0fb
    DEFAULT_SERVER_RESTRICTABLE_PERMISSIONS = class java.security.Permission[4]
      Permission[0] = class java.lang.RuntimePermission@64bc0a50
      Permission[1] = class java.lang.RuntimePermission@a3d6f46
      Permission[2] = class java.security.SecurityPermission@515f479a
      Permission[3] = class javax.security.auth.AuthPermission@7fc203c4
    DEFAULT_CLIENT_RESTRICTABLE_PERMISSIONS = class java.security.Permission[3]
      Permission[0] = class java.lang.RuntimePermission@6b6950c3
      Permission[1] = class java.security.SecurityPermission@4a4bb568
      Permission[2] = class javax.security.auth.AuthPermission@6a8cf09b
    isServer = true
    wsjarUrlStreamHandlerAvailable = true
    restrictablePermissions = class java.util.ArrayList@756d8d98
      serialVersionUID = 8683452581122892189
      DEFAULT_CAPACITY = 10
      EMPTY_ELEMENTDATA = class java.lang.Object[0]
      DEFAULTCAPACITY_EMPTY_ELEMENTDATA = class java.lang.Object[0]
      elementData = class java.lang.Object[10]
      size = 4
      MAX_ARRAY_SIZE = 2147483639
      modCount = 4
      MAX_ARRAY_SIZE = 2147483639
    javaAllCodeBasePermissions = class java.util.ArrayList@7d6019b6
      serialVersionUID = 8683452581122892189
      DEFAULT_CAPACITY = 10
      EMPTY_ELEMENTDATA = class java.lang.Object[0]
      DEFAULTCAPACITY_EMPTY_ELEMENTDATA = class java.lang.Object[0]
      elementData = class java.lang.Object[22]
      size = 21
      MAX_ARRAY_SIZE = 2147483639
      modCount = 21
      MAX_ARRAY_SIZE = 2147483639
    expandProps = true
    grantedPermissions = class java.util.ArrayList@42dac757
      serialVersionUID = 8683452581122892189
      DEFAULT_CAPACITY = 10
      EMPTY_ELEMENTDATA = class java.lang.Object[0]
      DEFAULTCAPACITY_EMPTY_ELEMENTDATA = class java.lang.Object[0]
      elementData = class java.lang.Object[10]
      size = 1
      MAX_ARRAY_SIZE = 2147483639
      modCount = 1
      MAX_ARRAY_SIZE = 2147483639
    KEY_PERMISSION = "permission"
    INCORRECT_PERMISSION_CONFIGURATION = "INCORRECT_PERMISSION_CONFIGURATION"
    PERMISSION_CLASSNOTFOUND = "PERMISSION_CLASSNOTFOUND"
    SERVER_XML = "server.xml"
    CLIENT_XML = "client.xml"
    JAVA_POLICY = "java.policy"
    os_name = "Windows 10"
    os_version = "10.0"
    originationFile = "server.xml"
    permissions = class com.ibm.wsspi.kernel.service.utils.ConcurrentServiceReferenceSet@661eada7
      referenceName = "permission"
      contextRef = class java.util.concurrent.atomic.AtomicReference@404b7369
      elementMap = class java.util.LinkedHashMap@7e581bd1
      elementSet = class java.util.concurrent.ConcurrentSkipListSet@287d0e49
      elementSetUnsorted = false
      serialVersionUID = 756240983881166148
      $$$tc$$$ = class com.ibm.websphere.ras.TraceComponent@22fafa53
    codeBasePermissionMap = class java.util.HashMap@7f06edb1
      serialVersionUID = 362498820763181265
      DEFAULT_INITIAL_CAPACITY = 16
      MAXIMUM_CAPACITY = 1073741824
      DEFAULT_LOAD_FACTOR = 0.75
      TREEIFY_THRESHOLD = 8
      UNTREEIFY_THRESHOLD = 6
      MIN_TREEIFY_CAPACITY = 64
      table = class java.util.HashMap$Node[16]
      entrySet = null
      size = 1
      modCount = 1
      threshold = 12
      loadFactor = 0.75
      keySet = class java.util.HashMap$KeySet@4d85b3fb
      values = null
    permissionXMLPermissionMap = class java.util.HashMap@256e64e
      serialVersionUID = 362498820763181265
      DEFAULT_INITIAL_CAPACITY = 16
      MAXIMUM_CAPACITY = 1073741824
      DEFAULT_LOAD_FACTOR = 0.75
      TREEIFY_THRESHOLD = 8
      UNTREEIFY_THRESHOLD = 6
      MIN_TREEIFY_CAPACITY = 64
      table = null
      entrySet = null
      size = 0
      modCount = 0
      threshold = 0
      loadFactor = 0.75
      keySet = null
      values = null
    serialVersionUID = 8583289148510585888
  permissionsConfig = null
  serialVersionUID = 1131686356392279747
  appInfo = class com.ibm.ws.container.service.app.deploy.internal.ApplicationInfoImpl@5f466387
    appName = "documents"
    appMetaData = class com.ibm.ws.container.service.app.deploy.internal.ApplicationMetaDataImpl@74807ed
      j2eeName = class com.ibm.ws.container.service.metadata.internal.J2EENameImpl@1cbb087a
      serialVersionUID = -7906531148367236579
      $$$tc$$$ = class com.ibm.websphere.ras.TraceComponent@1140f6b7
      tc = class com.ibm.websphere.ras.TraceComponent@152b0bc4
      NUM_STATIC_SLOTS = 4
      ID_UNINITIALIZED = -1
      id = 6
      metaDataInterface = class java.lang.Class@672d15a5
      staticSlots = class java.lang.Object[4]
      dynamicSlots = null
    appContainer = class com.ibm.ws.adaptable.module.internal.AdaptableContainerImpl@482ba6ab
    configHelper = class com.ibm.ws.app.manager.module.ApplicationNestedConfigHelper@66c4a9f4
      appInfo = class com.ibm.ws.app.manager.internal.ApplicationInstallInfo@193b3008
      serialVersionUID = -3174031738676705046
      $$$tc$$$ = class com.ibm.websphere.ras.TraceComponent@121ca19d
    applicationInformation = class com.ibm.ws.app.manager.internal.ApplicationInstallInfo@193b3008
    serialVersionUID = 5227817860647895780
    $$$tc$$$ = class com.ibm.websphere.ras.TraceComponent@4d4587ea
      strings[0] = "TraceComponent[com.ibm.ws.container.service.app.deploy.internal.ApplicationInfoImpl,class com.ibm.ws.container.service.app.deploy.internal.ApplicationInfoImpl,[container.service],com.ibm.ws.container.service.resources.Messages,null]"
  appInfoRegistration = null
  modulesDeployed = class java.util.ArrayList@3efca955
    serialVersionUID = 8683452581122892189
    DEFAULT_CAPACITY = 10
    EMPTY_ELEMENTDATA = class java.lang.Object[0]
    DEFAULTCAPACITY_EMPTY_ELEMENTDATA = class java.lang.Object[0]
    elementData = class java.lang.Object[10]
      Object[0] = class com.ibm.ws.app.manager.module.internal.DeployedModuleInfoImpl@728eafeb
      Object[1] = null
      Object[2] = null
      Object[3] = null
      Object[4] = null
      Object[5] = null
      Object[6] = null
      Object[7] = null
      Object[8] = null
      Object[9] = null
    size = 1
    MAX_ARRAY_SIZE = 2147483639
    modCount = 1
    MAX_ARRAY_SIZE = 2147483639
  starting = true
  started = false
  deployedAppServices = class com.ibm.ws.app.manager.module.internal.DeployedAppServicesImpl@1e83d460
    SERVER_APPS_DIR = "${server.output.dir}/apps/"
    EXPANDED_APPS_DIR = "${server.output.dir}/apps/expanded/"
    bundleContext = class org.eclipse.osgi.internal.framework.BundleContextImpl@55314549
      valid = true
      bundle = class org.eclipse.osgi.internal.framework.EquinoxBundle@65a5a1dd
      container = class org.eclipse.osgi.internal.framework.EquinoxContainer@2bbc9abb
      debug = class org.eclipse.osgi.internal.debug.Debug@3f8de8bd
      servicesInUse = class java.util.HashMap@596c509e
      activator = null
      contextLock = class java.lang.Object@542c4141
    applicationInfoFactory = class com.ibm.ws.container.service.app.deploy.internal.ApplicationInfoFactoryImpl@59714d2
    futureMonitor = class com.ibm.ws.threading.internal.FutureMonitorImpl@143c308d
    classLoadingService = class com.ibm.ws.classloading.internal.ClassLoadingServiceImpl@48f9b0fb
    globalSharedLibrary = class com.ibm.ws.library.internal.SharedLibraryImpl@61577d3a
    globalSharedLibraryPid = "com.ibm.ws.classloading.sharedlibrary_22"
    configAdmin = class com.ibm.ws.config.admin.internal.ConfigurationAdminImpl@3401fa32
    metaDataService = class com.ibm.ws.container.service.metadata.internal.MetaDataServiceImpl@635addb3
    stateChangeService = class com.ibm.ws.container.service.state.internal.StateChangeServiceImpl@6730dbb3
    allModuleTypes = class java.lang.String[4]
      String[0] = "ejb"
      String[1] = "web"
      String[2] = "client"
      String[3] = "connector"
    moduleMetaDataExtenders = class java.util.concurrent.ConcurrentHashMap@6f904aaf
      serialVersionUID = 7249069246763182397
      MAXIMUM_CAPACITY = 1073741824
      DEFAULT_CAPACITY = 16
      MAX_ARRAY_SIZE = 2147483639
      DEFAULT_CONCURRENCY_LEVEL = 16
      LOAD_FACTOR = 0.75
      TREEIFY_THRESHOLD = 8
      UNTREEIFY_THRESHOLD = 6
      MIN_TREEIFY_CAPACITY = 64
      MIN_TRANSFER_STRIDE = 16
      RESIZE_STAMP_BITS = 16
      MAX_RESIZERS = 65535
      RESIZE_STAMP_SHIFT = 16
      MOVED = -1
      TREEBIN = -2
      RESERVED = -3
      HASH_BITS = 2147483647
      NCPU = 8
      serialPersistentFields = class java.io.ObjectStreamField[3]
      table = class java.util.concurrent.ConcurrentHashMap$Node[16]
      nextTable = null
      baseCount = 4
      sizeCtl = 12
      transferIndex = 0
      cellsBusy = 0
      counterCells = null
      keySet = null
      values = null
      entrySet = null
      U = class sun.misc.Unsafe@29c211a7
      SIZECTL = 20
      TRANSFERINDEX = 32
      BASECOUNT = 24
      CELLSBUSY = 36
      CELLVALUE = 144
      ABASE = 16
      ASHIFT = 2
      keySet = null
      values = null
    nestedModuleMetaDataFactories = class java.util.concurrent.ConcurrentHashMap@71537bbf
      serialVersionUID = 7249069246763182397
      MAXIMUM_CAPACITY = 1073741824
      DEFAULT_CAPACITY = 16
      MAX_ARRAY_SIZE = 2147483639
      DEFAULT_CONCURRENCY_LEVEL = 16
      LOAD_FACTOR = 0.75
      TREEIFY_THRESHOLD = 8
      UNTREEIFY_THRESHOLD = 6
      MIN_TREEIFY_CAPACITY = 64
      MIN_TRANSFER_STRIDE = 16
      RESIZE_STAMP_BITS = 16
      MAX_RESIZERS = 65535
      RESIZE_STAMP_SHIFT = 16
      MOVED = -1
      TREEBIN = -2
      RESERVED = -3
      HASH_BITS = 2147483647
      NCPU = 8
      serialPersistentFields = class java.io.ObjectStreamField[3]
      table = class java.util.concurrent.ConcurrentHashMap$Node[16]
      nextTable = null
      baseCount = 4
      sizeCtl = 12
      transferIndex = 0
      cellsBusy = 0
      counterCells = null
      keySet = null
      values = null
      entrySet = null
      U = class sun.misc.Unsafe@29c211a7
      SIZECTL = 20
      TRANSFERINDEX = 32
      BASECOUNT = 24
      CELLSBUSY = 36
      CELLVALUE = 144
      ABASE = 16
      ASHIFT = 2
      keySet = null
      values = null
    permissionManager = class com.ibm.ws.classloading.java2sec.PermissionManager@6b1eef89
    locAdmin = class com.ibm.ws.kernel.service.location.internal.WsLocationAdminImpl@62c1bb32
      tc = class com.ibm.websphere.ras.TraceComponent@47cb4017
      LOC_INTERNAL_LIB_DIR = "wlp.lib.dir"
      LOC_INTERNAL_WORKAREA_DIR = "wlp.workarea.dir"
      LOC_AREA_NAME_APPS = "shared/apps/"
      LOC_AREA_NAME_CONFIG = "shared/config/"
      LOC_AREA_NAME_RESC = "shared/resources/"
      LOC_AREA_NAME_STATE = "logs/state/"
      LOC_AREA_NAME_SERVERS = "servers/"
      LOC_AREA_NAME_CLIENTS = "clients/"
      LOC_AREA_NAME_WORKING = "workarea/"
      LOC_AREA_NAME_EXTENSION = "extension/"
      instance = class com.ibm.ws.kernel.service.location.internal.WsLocationAdminImpl@62c1bb32
      installRoot = class com.ibm.ws.kernel.service.location.internal.SymbolicRootResource@1b562f84
      installParentRoot = class com.ibm.ws.kernel.service.location.internal.SymbolicRootResource@69717b24
      userRoot = class com.ibm.ws.kernel.service.location.internal.SymbolicRootResource@7f2a273e
      usrExtensionRoot = class com.ibm.ws.kernel.service.location.internal.SymbolicRootResource@10746eff
      serverConfigDir = class com.ibm.ws.kernel.service.location.internal.SymbolicRootResource@3a74497a
      serverOutputDir = class com.ibm.ws.kernel.service.location.internal.SymbolicRootResource@3a74497a
      bootstrapLib = class com.ibm.ws.kernel.service.location.internal.LocalFileResource@583ebd4b
      serverWorkarea = class com.ibm.ws.kernel.service.location.internal.LocalFileResource@768362a5
      serverState = class com.ibm.ws.kernel.service.location.internal.LocalFileResource@4533f91c
      sharedAppsRoot = class com.ibm.ws.kernel.service.location.internal.SymbolicRootResource@5d944759
      sharedConfigRoot = class com.ibm.ws.kernel.service.location.internal.SymbolicRootResource@706d7d45
      sharedResourceRoot = class com.ibm.ws.kernel.service.location.internal.SymbolicRootResource@1d96afa7
      tmpRoot = class com.ibm.ws.kernel.service.location.internal.SymbolicRootResource@47374e10
      serverName = "documents"
      resourcePaths = class java.util.ArrayList@38666720
      resourceGroups = class java.util.HashMap@23faa23c
      commonRoot = class com.ibm.ws.kernel.service.location.internal.VirtualRootResource@bb9ca73
      serialVersionUID = -5748835026800463299
    artifactFactory = class com.ibm.ws.artifact.internal.ArtifactContainerFactoryService@7953ef31
      CATEGORY_PROP_NAME = "category"
      ENTRY_KEY = "com.ibm.wsspi.artifact.ArtifactEntry"
      helperMap = class com.ibm.wsspi.kernel.service.utils.ConcurrentServiceReferenceSetMap@439104bc
      contributorMap = class com.ibm.wsspi.kernel.service.utils.ConcurrentServiceReferenceSetMap@1309d473
      helperCategoryMap = class com.ibm.wsspi.kernel.service.utils.ConcurrentServiceReferenceSetMap@4cbc8afa
      contributorCategoryMap = class com.ibm.wsspi.kernel.service.utils.ConcurrentServiceReferenceSetMap@79c87418
      categories = class java.util.Collections$SynchronizedSet@32373b79
      baseProperties = class org.apache.felix.scr.impl.helper.ReadOnlyDictionary@6f40cb00
      registration = class com.ibm.ws.kernel.service.util.ServiceRegistrationModifier@47837748
      serialVersionUID = 6566424214406946230
      $$$tc$$$ = class com.ibm.websphere.ras.TraceComponent@6d38b25a
    moduleFactory = class com.ibm.ws.adaptable.module.internal.AdaptableModuleFactoryImpl@3f524f2c
      adapterFactoryService = class com.ibm.ws.adaptable.module.internal.AdapterFactoryServiceImpl@4dc8311d
      containerFactory = class com.ibm.ws.artifact.internal.ArtifactContainerFactoryService@7953ef31
      overlayContainerFactory = class com.ibm.ws.artifact.overlay.internal.OverlayContainerFactoryImpl@3d2e6084
      serialVersionUID = 4200251809856292987
      $$$tc$$$ = class com.ibm.websphere.ras.TraceComponent@32242d22
    serialVersionUID = 8537801607979767986
    $$$tc$$$ = class com.ibm.websphere.ras.TraceComponent@40955680
      strings[0] = "TraceComponent[com.ibm.ws.app.manager.module.internal.DeployedAppServicesImpl,class com.ibm.ws.app.manager.module.internal.DeployedAppServicesImpl,[applications, app.manager],null,null]"
  futureMonitor = class com.ibm.ws.threading.internal.FutureMonitorImpl@143c308d
    _monitor = class java.util.concurrent.ConcurrentLinkedQueue@40c66373
      serialVersionUID = 196745693267521676
      head = class java.util.concurrent.ConcurrentLinkedQueue$Node@55b33524
      tail = class java.util.concurrent.ConcurrentLinkedQueue$Node@55b33524
      UNSAFE = class sun.misc.Unsafe@29c211a7
      headOffset = 12
      tailOffset = 16
      MAX_ARRAY_SIZE = 2147483639
    _executor = class com.ibm.ws.threading.internal.ScheduledExecutorImpl@97b310c
      threadGroupName = "Scheduled Executor Thread Group"
      executor = class com.ibm.ws.threading.internal.ExecutorServiceImpl@67f5461e
      serialVersionUID = -9110693807503469597
      $$$tc$$$ = class com.ibm.websphere.ras.TraceComponent@77375322
      continueExistingPeriodicTasksAfterShutdown = false
      executeExistingDelayedTasksAfterShutdown = true
      removeOnCancel = false
      sequencer = class java.util.concurrent.atomic.AtomicLong@b4ac299
      ctl = class java.util.concurrent.atomic.AtomicInteger@4e657bd1
      COUNT_BITS = 29
      CAPACITY = 536870911
      RUNNING = -536870912
      SHUTDOWN = 0
      STOP = 536870912
      TIDYING = 1073741824
      TERMINATED = 1610612736
      workQueue = class java.util.concurrent.ScheduledThreadPoolExecutor$DelayedWorkQueue@229ce555
      mainLock = class java.util.concurrent.locks.ReentrantLock@64af98d7
      workers = class java.util.HashSet@39acd0d1
      termination = class java.util.concurrent.locks.AbstractQueuedSynchronizer$ConditionObject@5cf28fc6
      largestPoolSize = 1
      completedTaskCount = 0
      threadFactory = class com.ibm.ws.threading.internal.ThreadFactoryImpl@19817f40
      handler = class java.util.concurrent.ThreadPoolExecutor$AbortPolicy@1702587
      keepAliveTime = 0
      allowCoreThreadTimeOut = false
      corePoolSize = 1
      maximumPoolSize = 2147483647
      defaultHandler = class java.util.concurrent.ThreadPoolExecutor$AbortPolicy@1702587
      shutdownPerm = class java.lang.RuntimePermission@5e855720
      acc = null
      ONLY_ONE = true
      $assertionsDisabled = true
    _threadRunning = class java.util.concurrent.atomic.AtomicBoolean@1fae91c1
      serialVersionUID = 4654671469794556979
      unsafe = class sun.misc.Unsafe@29c211a7
      valueOffset = 12
      value = 0
    _thread = class com.ibm.ws.threading.internal.FutureMonitorImpl$1@54305fe0
      this$0 = class com.ibm.ws.threading.internal.FutureMonitorImpl@143c308d
      serialVersionUID = 2422512430832938099
      $$$tc$$$ = class com.ibm.websphere.ras.TraceComponent@5763f362
    serialVersionUID = 2765238413969174390
    $$$tc$$$ = class com.ibm.websphere.ras.TraceComponent@229dc3d1
      strings[0] = "TraceComponent[com.ibm.ws.threading.internal.FutureMonitorImpl,class com.ibm.ws.threading.internal.FutureMonitorImpl,[Threading],com.ibm.ws.threading.internal.resources.ThreadingMessages,null]"
  appInfoFactory = class com.ibm.ws.container.service.app.deploy.internal.ApplicationInfoFactoryImpl@59714d2
    j2eeNameFactory = class com.ibm.wsspi.kernel.service.utils.AtomicServiceReference@26df40fb
      referenceName = "j2eeNameFactory"
      tuple = class java.util.concurrent.atomic.AtomicReference@e808db3
      serialVersionUID = 2226592364007985000
      $$$tc$$$ = class com.ibm.websphere.ras.TraceComponent@7a6995a6
    names = class java.util.HashSet@4b77b3bd
      serialVersionUID = -5024744406713321676
      map = class java.util.HashMap@4e5888cb
      PRESENT = class java.lang.Object@64d49e70
      MAX_ARRAY_SIZE = 2147483639
    serialVersionUID = 6232436640731165768
    $$$tc$$$ = class com.ibm.websphere.ras.TraceComponent@33e03aa7
      strings[0] = "TraceComponent[com.ibm.ws.container.service.app.deploy.internal.ApplicationInfoFactoryImpl,class com.ibm.ws.container.service.app.deploy.internal.ApplicationInfoFactoryImpl,[container.service],com.ibm.ws.container.service.resources.Messages,null]"
  metaDataService = class com.ibm.ws.container.service.metadata.internal.MetaDataServiceImpl@635addb3
    applicationMetaDataManager = class com.ibm.ws.container.service.metadata.internal.ApplicationMetaDataManager@29ba3258
      serialVersionUID = 1843747281024490904
      $$$tc$$$ = class com.ibm.websphere.ras.TraceComponent@105dabaf
      listeners = class com.ibm.wsspi.kernel.service.utils.ConcurrentServiceReferenceSet@6f3f09fa
      metaDataIDs = class com.ibm.ws.container.service.metadata.internal.IndexList@179f2e17
      metaDatas = class java.util.ArrayList@35fdd89b
      slotIDs = class com.ibm.ws.container.service.metadata.internal.IndexList@735bad18
      serialVersionUID = 5464421863354792977
      $$$tc$$$ = class com.ibm.websphere.ras.TraceComponent@7f762ff
    moduleMetaDataManager = class com.ibm.ws.container.service.metadata.internal.ModuleMetaDataManager@75be670c
      serialVersionUID = 2513574389899327209
      $$$tc$$$ = class com.ibm.websphere.ras.TraceComponent@31dd752
      listeners = class com.ibm.wsspi.kernel.service.utils.ConcurrentServiceReferenceSet@30c2bb7c
      metaDataIDs = class com.ibm.ws.container.service.metadata.internal.IndexList@214c3e98
      metaDatas = class java.util.ArrayList@54619ef8
      slotIDs = class com.ibm.ws.container.service.metadata.internal.IndexList@708f6912
      serialVersionUID = 5464421863354792977
      $$$tc$$$ = class com.ibm.websphere.ras.TraceComponent@7f762ff
    componentMetaDataManager = class com.ibm.ws.container.service.metadata.internal.ComponentMetaDataManager@3a2d85d
      serialVersionUID = 8629793739641703882
      $$$tc$$$ = class com.ibm.websphere.ras.TraceComponent@107d93be
      listeners = class com.ibm.wsspi.kernel.service.utils.ConcurrentServiceReferenceSet@314688d6
      metaDataIDs = class com.ibm.ws.container.service.metadata.internal.IndexList@5ef57119
      metaDatas = class java.util.ArrayList@66a24d79
      slotIDs = class com.ibm.ws.container.service.metadata.internal.IndexList@f391c98
      serialVersionUID = 5464421863354792977
      $$$tc$$$ = class com.ibm.websphere.ras.TraceComponent@7f762ff
    methodMetaDataManager = class com.ibm.ws.container.service.metadata.internal.MethodMetaDataManager@3f322b09
      serialVersionUID = -8002489041502300640
      $$$tc$$$ = class com.ibm.websphere.ras.TraceComponent@61e1dcdb
      listeners = class com.ibm.wsspi.kernel.service.utils.ConcurrentServiceReferenceSet@43dceae8
      metaDataIDs = class com.ibm.ws.container.service.metadata.internal.IndexList@7d058235
      metaDatas = class java.util.ArrayList@6608b11f
      slotIDs = class com.ibm.ws.container.service.metadata.internal.IndexList@63d16204
      serialVersionUID = 5464421863354792977
      $$$tc$$$ = class com.ibm.websphere.ras.TraceComponent@7f762ff
    appModuleNameToModuleContainer = class java.util.concurrent.ConcurrentHashMap@4762f645
      serialVersionUID = 7249069246763182397
      MAXIMUM_CAPACITY = 1073741824
      DEFAULT_CAPACITY = 16
      MAX_ARRAY_SIZE = 2147483639
      DEFAULT_CONCURRENCY_LEVEL = 16
      LOAD_FACTOR = 0.75
      TREEIFY_THRESHOLD = 8
      UNTREEIFY_THRESHOLD = 6
      MIN_TREEIFY_CAPACITY = 64
      MIN_TRANSFER_STRIDE = 16
      RESIZE_STAMP_BITS = 16
      MAX_RESIZERS = 65535
      RESIZE_STAMP_SHIFT = 16
      MOVED = -1
      TREEBIN = -2
      RESERVED = -3
      HASH_BITS = 2147483647
      NCPU = 8
      serialPersistentFields = class java.io.ObjectStreamField[3]
      table = class java.util.concurrent.ConcurrentHashMap$Node[16]
      nextTable = null
      baseCount = 6
      sizeCtl = 12
      transferIndex = 0
      cellsBusy = 0
      counterCells = null
      keySet = null
      values = null
      entrySet = null
      U = class sun.misc.Unsafe@29c211a7
      SIZECTL = 20
      TRANSFERINDEX = 32
      BASECOUNT = 24
      CELLSBUSY = 36
      CELLVALUE = 144
      ABASE = 16
      ASHIFT = 2
      keySet = null
      values = null
    jeeNameToComponentMetaData = class java.util.concurrent.ConcurrentHashMap@41627fa2
      serialVersionUID = 7249069246763182397
      MAXIMUM_CAPACITY = 1073741824
      DEFAULT_CAPACITY = 16
      MAX_ARRAY_SIZE = 2147483639
      DEFAULT_CONCURRENCY_LEVEL = 16
      LOAD_FACTOR = 0.75
      TREEIFY_THRESHOLD = 8
      UNTREEIFY_THRESHOLD = 6
      MIN_TREEIFY_CAPACITY = 64
      MIN_TRANSFER_STRIDE = 16
      RESIZE_STAMP_BITS = 16
      MAX_RESIZERS = 65535
      RESIZE_STAMP_SHIFT = 16
      MOVED = -1
      TREEBIN = -2
      RESERVED = -3
      HASH_BITS = 2147483647
      NCPU = 8
      serialPersistentFields = class java.io.ObjectStreamField[3]
      table = class java.util.concurrent.ConcurrentHashMap$Node[32]
      nextTable = null
      baseCount = 13
      sizeCtl = 24
      transferIndex = 0
      cellsBusy = 0
      counterCells = null
      keySet = null
      values = null
      entrySet = null
      U = class sun.misc.Unsafe@29c211a7
      SIZECTL = 20
      TRANSFERINDEX = 32
      BASECOUNT = 24
      CELLSBUSY = 36
      CELLVALUE = 144
      ABASE = 16
      ASHIFT = 2
      keySet = null
      values = null
    deferredMetaDataFactories = class com.ibm.wsspi.kernel.service.utils.ConcurrentServiceReferenceSet@549737e3
      referenceName = "deferredMetaDataFactory"
      contextRef = class java.util.concurrent.atomic.AtomicReference@fa52599
      elementMap = class java.util.LinkedHashMap@57379ff4
      elementSet = class java.util.concurrent.ConcurrentSkipListSet@1865a025
      elementSetUnsorted = false
      serialVersionUID = 756240983881166148
      $$$tc$$$ = class com.ibm.websphere.ras.TraceComponent@22fafa53
    deferredMetaDataInitializers = class com.ibm.wsspi.kernel.service.utils.ConcurrentServiceReferenceMap@7a53341b
      referenceName = "deferredMetaDataFactory"
      context = class org.apache.felix.scr.impl.manager.ComponentContextImpl@5db127b8
      elementMap = class java.util.concurrent.ConcurrentHashMap@6803948d
      serialVersionUID = 6980924785166233786
      $$$tc$$$ = class com.ibm.websphere.ras.TraceComponent@33ceabce
    serialVersionUID = -2494605732980966097
    $$$tc$$$ = class com.ibm.websphere.ras.TraceComponent@4a9ba4da
      strings[0] = "TraceComponent[com.ibm.ws.container.service.metadata.internal.MetaDataServiceImpl,class com.ibm.ws.container.service.metadata.internal.MetaDataServiceImpl,[Runtime],null,null]"
  stateChangeService = class com.ibm.ws.container.service.state.internal.StateChangeServiceImpl@6730dbb3
    applicationStateManager = class com.ibm.ws.container.service.state.internal.ApplicationStateManager@5788bef
      serialVersionUID = -6685368059484454124
      $$$tc$$$ = class com.ibm.websphere.ras.TraceComponent@2ab44c19
      listeners = class com.ibm.wsspi.kernel.service.utils.ConcurrentServiceReferenceSet@3ea801d5
      serialVersionUID = 2284273176985484160
      $$$tc$$$ = class com.ibm.websphere.ras.TraceComponent@1f4c0ddb
    moduleStateManager = class com.ibm.ws.container.service.state.internal.ModuleStateManager@28e408a5
      serialVersionUID = -5540260902341249963
      $$$tc$$$ = class com.ibm.websphere.ras.TraceComponent@271b001d
      listeners = class com.ibm.wsspi.kernel.service.utils.ConcurrentServiceReferenceSet@3518a25d
      serialVersionUID = 2284273176985484160
      $$$tc$$$ = class com.ibm.websphere.ras.TraceComponent@1f4c0ddb
    serialVersionUID = -537917915330350560
    $$$tc$$$ = class com.ibm.websphere.ras.TraceComponent@1a5d75e
      strings[0] = "TraceComponent[com.ibm.ws.container.service.state.internal.StateChangeServiceImpl,class com.ibm.ws.container.service.state.internal.StateChangeServiceImpl,[Runtime],null,null]"
  moduleClassesInfo = class com.ibm.ws.app.manager.module.internal.SimpleDeployedAppInfoBase$ModuleClassesInfoProvider@7fa414f6
    entryContainerInfosMap = class java.util.HashMap@433155
      serialVersionUID = 362498820763181265
      DEFAULT_INITIAL_CAPACITY = 16
      MAXIMUM_CAPACITY = 1073741824
      DEFAULT_LOAD_FACTOR = 0.75
      TREEIFY_THRESHOLD = 8
      UNTREEIFY_THRESHOLD = 6
      MIN_TREEIFY_CAPACITY = 64
      table = null
      entrySet = null
      size = 0
      modCount = 0
      threshold = 0
      loadFactor = 0.75
      keySet = null
      values = null
    serialVersionUID = -70332790531324534
    $$$tc$$$ = class com.ibm.websphere.ras.TraceComponent@7090d6f2
      strings[0] = "TraceComponent[com.ibm.ws.app.manager.module.internal.SimpleDeployedAppInfoBase$ModuleClassesInfoProvider,class com.ibm.ws.app.manager.module.internal.SimpleDeployedAppInfoBase$ModuleClassesInfoProvider,[applications, app.manager],null,null]"
  moduleContainerInfos = class java.util.ArrayList@24c9bc56
    serialVersionUID = 8683452581122892189
    DEFAULT_CAPACITY = 10
    EMPTY_ELEMENTDATA = class java.lang.Object[0]
    DEFAULTCAPACITY_EMPTY_ELEMENTDATA = class java.lang.Object[0]
    elementData = class java.lang.Object[10]
      Object[0] = class com.ibm.ws.app.manager.module.internal.SimpleDeployedAppInfoBase$WebModuleContainerInfo@4f7d237d
      Object[1] = null
      Object[2] = null
      Object[3] = null
      Object[4] = null
      Object[5] = null
      Object[6] = null
      Object[7] = null
      Object[8] = null
      Object[9] = null
    size = 1
    MAX_ARRAY_SIZE = 2147483639
    modCount = 1
    MAX_ARRAY_SIZE = 2147483639
  activeModuleHandlers = class java.util.IdentityHashMap@19c50d99
    DEFAULT_CAPACITY = 32
    MINIMUM_CAPACITY = 4
    MAXIMUM_CAPACITY = 536870912
    table = class java.lang.Object[16]
      Object[0] = null
      Object[1] = null
      Object[2] = null
      Object[3] = null
      Object[4] = null
      Object[5] = null
      Object[6] = null
      Object[7] = null
      Object[8] = null
      Object[9] = null
      Object[10] = null
      Object[11] = null
      Object[12] = null
      Object[13] = null
      Object[14] = null
      Object[15] = null
    size = 0
    modCount = 2
    NULL_KEY = class java.lang.Object@224805a9
    entrySet = null
    serialVersionUID = 8188218128353913216
    keySet = null
    values = null
  serialVersionUID = -2685719801501752993
  $$$tc$$$ = class com.ibm.websphere.ras.TraceComponent@7bac84d1
    strings[0] = "TraceComponent[com.ibm.ws.app.manager.module.internal.SimpleDeployedAppInfoBase,class com.ibm.ws.app.manager.module.internal.SimpleDeployedAppInfoBase,[applications, app.manager],null,null]"

Dump of objectArray[0]
Object type = com.ibm.ws.threading.internal.NonCancelableResultFuture
  _done = false
  _result = null
  _failure = null
  _listeners = class java.util.concurrent.ConcurrentLinkedQueue@4f766af5
    serialVersionUID = 196745693267521676
    head = class java.util.concurrent.ConcurrentLinkedQueue$Node@513686e8
      item = null
      next = null
      UNSAFE = class sun.misc.Unsafe@29c211a7
      itemOffset = 12
      nextOffset = 16
    tail = class java.util.concurrent.ConcurrentLinkedQueue$Node@513686e8
    UNSAFE = class sun.misc.Unsafe@29c211a7
      theUnsafe = class sun.misc.Unsafe@29c211a7
      INVALID_FIELD_OFFSET = -1
      ARRAY_BOOLEAN_BASE_OFFSET = 16
      ARRAY_BYTE_BASE_OFFSET = 16
      ARRAY_SHORT_BASE_OFFSET = 16
      ARRAY_CHAR_BASE_OFFSET = 16
      ARRAY_INT_BASE_OFFSET = 16
      ARRAY_LONG_BASE_OFFSET = 16
      ARRAY_FLOAT_BASE_OFFSET = 16
      ARRAY_DOUBLE_BASE_OFFSET = 16
      ARRAY_OBJECT_BASE_OFFSET = 16
      ARRAY_BOOLEAN_INDEX_SCALE = 1
      ARRAY_BYTE_INDEX_SCALE = 1
      ARRAY_SHORT_INDEX_SCALE = 2
      ARRAY_CHAR_INDEX_SCALE = 2
      ARRAY_INT_INDEX_SCALE = 4
      ARRAY_LONG_INDEX_SCALE = 8
      ARRAY_FLOAT_INDEX_SCALE = 4
      ARRAY_DOUBLE_INDEX_SCALE = 8
      ARRAY_OBJECT_INDEX_SCALE = 4
      ADDRESS_SIZE = 8
    headOffset = 12
    tailOffset = 16
    MAX_ARRAY_SIZE = 2147483639
  _notifiedListeners = class java.util.concurrent.atomic.AtomicBoolean@47034a39
    serialVersionUID = 4654671469794556979
    unsafe = class sun.misc.Unsafe@29c211a7
    valueOffset = 12
    value = 0
  serialVersionUID = -296387658814354272
  $$$tc$$$ = class com.ibm.websphere.ras.TraceComponent@16319b93
    strings[0] = "TraceComponent[com.ibm.ws.threading.internal.NonCancelableResultFuture,class com.ibm.ws.threading.internal.NonCancelableResultFuture,[Threading],com.ibm.ws.threading.internal.resources.ThreadingMessages,null]"

