------Start of DE processing------ = [28/12/21 20:03:20:126 EET]
Exception = org.jboss.weld.exceptions.DeploymentException
Source = com.ibm.ws.container.service.state.internal.ApplicationStateManager
probeid = 54
Stack Dump = org.jboss.weld.exceptions.DeploymentException: WELD-001408: Unsatisfied dependencies for type DocumentDaoImpl with qualifiers @Default
  at injection point [BackedAnnotatedField] @Inject com.example.documents.HelloController.documentDaoImpl
  at com.example.documents.HelloController.documentDaoImpl(HelloController.java:0)
WELD-001474: Class com.example.documents.dao.DocumentDaoImpl is on the classpath, but was ignored because a class it references was not found: javax.persistence.EntityManager.

	at org.jboss.weld.bootstrap.Validator.validateInjectionPointForDeploymentProblems(Validator.java:378)
	at org.jboss.weld.bootstrap.Validator.validateInjectionPoint(Validator.java:290)
	at org.jboss.weld.bootstrap.Validator.validateGeneralBean(Validator.java:143)
	at org.jboss.weld.bootstrap.Validator.validateRIBean(Validator.java:164)
	at org.jboss.weld.bootstrap.Validator.validateBean(Validator.java:526)
	at org.jboss.weld.bootstrap.ConcurrentValidator$1.doWork(ConcurrentValidator.java:64)
	at org.jboss.weld.bootstrap.ConcurrentValidator$1.doWork(ConcurrentValidator.java:62)
	at org.jboss.weld.executor.IterativeWorkerTaskFactory$1.call(IterativeWorkerTaskFactory.java:62)
	at org.jboss.weld.executor.IterativeWorkerTaskFactory$1.call(IterativeWorkerTaskFactory.java:55)
	at java.util.concurrent.FutureTask.run(FutureTask.java:266)
	at java.util.concurrent.ThreadPoolExecutor.runWorker(ThreadPoolExecutor.java:1149)
	at java.util.concurrent.ThreadPoolExecutor$Worker.run(ThreadPoolExecutor.java:624)
	at java.lang.Thread.run(Thread.java:748)

Dump of callerThis
Object type = com.ibm.ws.container.service.state.internal.ApplicationStateManager
  serialVersionUID = -6685368059484454124
  $$$tc$$$ = class com.ibm.websphere.ras.TraceComponent@50471dd4
    strings[0] = "TraceComponent[com.ibm.ws.container.service.state.internal.ApplicationStateManager,class com.ibm.ws.container.service.state.internal.ApplicationStateManager,[Runtime],null,null]"
  listeners = class com.ibm.wsspi.kernel.service.utils.ConcurrentServiceReferenceSet@25e2862c
    referenceName = "applicationStateListeners"
    contextRef = class java.util.concurrent.atomic.AtomicReference@6df786f6
      serialVersionUID = -1848883965231344442
      unsafe = class sun.misc.Unsafe@20eb1685
      valueOffset = 12
      value = class org.apache.felix.scr.impl.manager.ComponentContextImpl@717ae458
    elementMap = class java.util.LinkedHashMap@6de3295c
      serialVersionUID = 3801124242820219131
      head = class java.util.LinkedHashMap$Entry@255a33fd
      tail = class java.util.LinkedHashMap$Entry@3a45b2a
      accessOrder = false
      serialVersionUID = 362498820763181265
      DEFAULT_INITIAL_CAPACITY = 16
      MAXIMUM_CAPACITY = 1073741824
      DEFAULT_LOAD_FACTOR = 0.75
      TREEIFY_THRESHOLD = 8
      UNTREEIFY_THRESHOLD = 6
      MIN_TREEIFY_CAPACITY = 64
      table = class java.util.HashMap$Node[16]
      entrySet = null
      size = 11
      modCount = 11
      threshold = 12
      loadFactor = 0.75
      keySet = null
      values = null
    elementSet = class java.util.concurrent.ConcurrentSkipListSet@1189317e
      serialVersionUID = -2479143111061671589
      m = class java.util.concurrent.ConcurrentSkipListMap@5a78ae2
      UNSAFE = class sun.misc.Unsafe@20eb1685
      mapOffset = 12
      MAX_ARRAY_SIZE = 2147483639
    elementSetUnsorted = false
    serialVersionUID = 756240983881166148
    $$$tc$$$ = class com.ibm.websphere.ras.TraceComponent@51e8ea25
      strings[0] = "TraceComponent[com.ibm.wsspi.kernel.service.utils.ConcurrentServiceReferenceSet,class com.ibm.wsspi.kernel.service.utils.ConcurrentServiceReferenceSet,[kernelUtils],com.ibm.ws.kernel.service.utils.resources.ServiceMessages,null]"
  serialVersionUID = 2284273176985484160
  $$$tc$$$ = class com.ibm.websphere.ras.TraceComponent@3afdbad3
    strings[0] = "TraceComponent[com.ibm.ws.container.service.state.internal.StateChangeManager,class com.ibm.ws.container.service.state.internal.StateChangeManager,[Runtime],null,null]"

Dump of objectArray[0]
Object type = com.ibm.ws.container.service.app.deploy.internal.ApplicationInfoImpl
  appName = "documents"
  appMetaData = class com.ibm.ws.container.service.app.deploy.internal.ApplicationMetaDataImpl@3f15cb40
    j2eeName = class com.ibm.ws.container.service.metadata.internal.J2EENameImpl@25a7d198
      serialVersionUID = 7488184044073147667
      application = "documents"
      module = null
      component = null
      string = "documents"
      j2eeNameBytes = null
      $$$tc$$$ = class com.ibm.websphere.ras.TraceComponent@277ec76d
    serialVersionUID = -7906531148367236579
    $$$tc$$$ = class com.ibm.websphere.ras.TraceComponent@4b70af32
      strings[0] = "TraceComponent[com.ibm.ws.container.service.app.deploy.internal.ApplicationMetaDataImpl,class com.ibm.ws.container.service.app.deploy.internal.ApplicationMetaDataImpl,[container.service],com.ibm.ws.container.service.resources.Messages,null]"
    tc = class com.ibm.websphere.ras.TraceComponent@167adb32
      strings[0] = "TraceComponent[com.ibm.ws.runtime.metadata.MetaDataImpl,class com.ibm.ws.runtime.metadata.MetaDataImpl,[Runtime],null,null]"
    NUM_STATIC_SLOTS = 4
    ID_UNINITIALIZED = -1
    id = 6
    metaDataInterface = class java.lang.Class@534c8b96
      ANNOTATION = 8192
      ENUM = 16384
      SYNTHETIC = 4096
      cachedConstructor = null
      newInstanceCallerCache = null
      name = "com.ibm.ws.runtime.metadata.ApplicationMetaData"
      allPermDomain = class java.security.ProtectionDomain@45cd2705
      useCaches = true
      reflectionData = null
      classRedefinedCount = 0
      genericInfo = null
      serialVersionUID = 3206093459760846163
      serialPersistentFields = class java.io.ObjectStreamField[0]
      reflectionFactory = class sun.reflect.ReflectionFactory@21934458
      initted = true
      enumConstants = null
      enumConstantDirectory = null
      annotationData = null
      annotationType = null
      classValueMap = null
    staticSlots = class java.lang.Object[4]
      Object[0] = class com.ibm.ws.cdi.impl.weld.WebSphereCDIDeploymentImpl@57ac84b5
      Object[1] = class com.ibm.ws.injectionengine.osgi.internal.OSGiInjectionScopeData@29481859
      Object[2] = "documents"
      Object[3] = null
    dynamicSlots = null
  appContainer = class com.ibm.ws.adaptable.module.internal.AdaptableContainerImpl@1beebc15
    root = class com.ibm.ws.adaptable.module.internal.AdaptableContainerImpl@1beebc15
    rootOverlay = class com.ibm.ws.artifact.overlay.internal.DirectoryBasedOverlayContainerImpl@27e424d5
      base = class com.ibm.ws.artifact.loose.internal.LooseArchive@71520048
      maskSet = class java.util.HashSet@47e0a5b8
      cfHolder = class com.ibm.ws.artifact.overlay.internal.OverlayContainerFactoryImpl@17eb5a22
      fileOverlayContainer = class com.ibm.ws.artifact.file.internal.FileContainer@538b76bd
      overlayDirectory = class java.io.File@32ba6cc4
      cacheDirForOverlay = class java.io.File@70b5c24e
      overlayNotifier = class com.ibm.ws.artifact.overlay.internal.DirectoryBasedOverlayNotifier@3dc2ac30
      enclosingContainer = null
      entryInEnclosingContainer = null
      nestedOverlays = class java.util.concurrent.ConcurrentHashMap@35f41bab
      cacheStore = class com.ibm.ws.artifact.overlay.internal.OverlayCache@54c99d9d
      parentOverlay = null
      isPassThroughMode = true
      serialVersionUID = -6650153487216279998
      $$$tc$$$ = class com.ibm.websphere.ras.TraceComponent@36e585cc
    factoryHolder = class com.ibm.ws.adaptable.module.internal.AdaptableModuleFactoryImpl@53af2991
      adapterFactoryService = class com.ibm.ws.adaptable.module.internal.AdapterFactoryServiceImpl@124238ac
      containerFactory = class com.ibm.ws.artifact.internal.ArtifactContainerFactoryService@71003992
      overlayContainerFactory = class com.ibm.ws.artifact.overlay.internal.OverlayContainerFactoryImpl@17eb5a22
      serialVersionUID = 4200251809856292987
      $$$tc$$$ = class com.ibm.websphere.ras.TraceComponent@f9b64de
    delegate = class com.ibm.ws.artifact.overlay.internal.DirectoryBasedOverlayContainerImpl@27e424d5
    notifier = class com.ibm.ws.adaptable.module.internal.NotifierImpl@5beb3db1
      root = class com.ibm.ws.adaptable.module.internal.AdaptableContainerImpl@1beebc15
      delegateNotifier = class com.ibm.ws.artifact.overlay.internal.DirectoryBasedOverlayNotifier@3dc2ac30
      delegateRoot = class com.ibm.ws.artifact.overlay.internal.DirectoryBasedOverlayContainerImpl@27e424d5
      listenerDelegates = class java.util.HashMap@5bb702d4
      serialVersionUID = 6839382523957017880
      $$$tc$$$ = class com.ibm.websphere.ras.TraceComponent@73f98a00
    serialVersionUID = -5950528200509051684
    $$$tc$$$ = class com.ibm.websphere.ras.TraceComponent@a0acfa4
      strings[0] = "TraceComponent[com.ibm.ws.adaptable.module.internal.AdaptableContainerImpl,class com.ibm.ws.adaptable.module.internal.AdaptableContainerImpl,[archive.adaptable],null,null]"
  configHelper = class com.ibm.ws.app.manager.module.ApplicationNestedConfigHelper@304aff66
    appInfo = class com.ibm.ws.app.manager.internal.ApplicationInstallInfo@6f9cfa17
    serialVersionUID = -3174031738676705046
    $$$tc$$$ = class com.ibm.websphere.ras.TraceComponent@5bd1d5f5
      strings[0] = "TraceComponent[com.ibm.ws.app.manager.module.ApplicationNestedConfigHelper,class com.ibm.ws.app.manager.module.ApplicationNestedConfigHelper,[applications, app.manager],null,null]"
  applicationInformation = class com.ibm.ws.app.manager.internal.ApplicationInstallInfo@6f9cfa17
    _config = class com.ibm.ws.app.manager.internal.ApplicationConfig@40db1c45
      tc = class com.ibm.websphere.ras.TraceComponent@6dd5723a
      _configPid = "com.ibm.ws.app.manager_44"
      _config = class com.ibm.ws.config.admin.ConfigurationDictionary@423a822b
      _applicationManager = class com.ibm.ws.app.manager.ApplicationManager@2b59d0e5
      _location = "documents.war"
      _type = "war"
      _name = "documents"
      _notificationBroadcasterSupport = class javax.management.NotificationBroadcasterSupport@28dd1a7a
      ONE_TIME_JANDEX_MSGS_DISPLAYED = true
      serialVersionUID = -2151423388299667431
    _handlerInfo = class java.util.concurrent.atomic.AtomicReference@3e511990
      serialVersionUID = -1848883965231344442
      unsafe = class sun.misc.Unsafe@20eb1685
      valueOffset = 12
      value = class com.ibm.ws.app.manager.war.internal.WARDeployedAppInfo@1fb9ec5a
    _container = class java.util.concurrent.atomic.AtomicReference@14185c6a
      serialVersionUID = -1848883965231344442
      unsafe = class sun.misc.Unsafe@20eb1685
      valueOffset = 12
      value = class com.ibm.ws.adaptable.module.internal.AdaptableContainerImpl@1beebc15
    _resolvedLocation = class java.util.concurrent.atomic.AtomicReference@169cfded
      serialVersionUID = -1848883965231344442
      unsafe = class sun.misc.Unsafe@20eb1685
      valueOffset = 12
      value = class com.ibm.ws.kernel.service.location.internal.LocalFileResource@a3082f8
    _handler = class com.ibm.ws.app.manager.war.internal.WARApplicationHandlerImpl@ebdf24f
      futureMonitor = class com.ibm.ws.threading.internal.FutureMonitorImpl@223b0ca2
      deployedAppFactory = class com.ibm.ws.app.manager.war.internal.WARDeployedAppInfoFactoryImpl@3707720d
      serialVersionUID = 4622845147410944782
      $$$tc$$$ = class com.ibm.websphere.ras.TraceComponent@37cb7b14
    _ami = class java.util.concurrent.atomic.AtomicReference@3896f791
      serialVersionUID = -1848883965231344442
      unsafe = class sun.misc.Unsafe@20eb1685
      valueOffset = 12
      value = class com.ibm.wsspi.application.handler.DefaultApplicationMonitoringInformation@7e774a68
    _updateHandler = class com.ibm.ws.app.manager.internal.statemachine.ApplicationStateMachineImpl@6e3b17e5
      _tc = class com.ibm.websphere.ras.TraceComponent@2adeb819
      EMPTY_FUTURE_ARRAY = interface java.util.concurrent.Future[0]
      asmSequenceNumber = class java.util.concurrent.atomic.AtomicLong@58e16a5a
      _qscaCounter = class java.util.concurrent.atomic.AtomicInteger@4e5c90b7
      _failedThrowable = null
      _interruptibleLock = class com.ibm.ws.app.manager.internal.statemachine.ApplicationStateMachineImpl$2@2be7af61
      _interruptible = false
      _performingQueuedActions = true
      _queuedActions = class java.util.concurrent.ConcurrentLinkedQueue@6ba97ead
      _callbackState = class java.util.concurrent.atomic.AtomicReference@38496a38
      blockAppStartingFutures = class java.util.Collections$SetFromMap@12ba8cae
      waitingForAppHandlerFuture = class java.util.concurrent.atomic.AtomicReference@4b0a53f
      waitingForExplicitStartFuture = class java.util.concurrent.atomic.AtomicReference@244cef12
      startAfterFutures = class java.util.Collections$SetFromMap@57a74909
      completionListener = class java.util.concurrent.atomic.AtomicReference@113e60af
      _notifyAppStopped = class java.util.concurrent.ConcurrentLinkedQueue@1026a6ea
      _notifyAppStarting = class java.util.concurrent.ConcurrentLinkedQueue@53d1ff83
      _notifyAppInstallCalled = class java.util.concurrent.ConcurrentLinkedQueue@3e531bf1
      _notifyAppStarted = class java.util.concurrent.ConcurrentLinkedQueue@5c8a3f8c
      _notifyAppRemoved = class java.util.concurrent.ConcurrentLinkedQueue@793ec301
      _stateLock = class com.ibm.ws.app.manager.internal.statemachine.ApplicationStateMachineImpl$3@25cf0642
      _internalState = class java.util.concurrent.atomic.AtomicReference@3e50d99
      _currentAction = class java.util.concurrent.atomic.AtomicReference@e1e2436
      _rfa = class java.util.concurrent.atomic.AtomicReference@1b7d83f
      _appInstallInfo = class java.util.concurrent.atomic.AtomicReference@5c97335d
      _update = class java.util.concurrent.atomic.AtomicBoolean@77356493
      _appConfig = class java.util.concurrent.atomic.AtomicReference@875d1d7
      _nextAppConfig = class java.util.concurrent.atomic.AtomicReference@37bc96c6
      _appContainer = class java.util.concurrent.atomic.AtomicReference@52d446b7
      _resolvedLocation = class java.util.concurrent.atomic.AtomicReference@e99a182
      _handler = class java.util.concurrent.atomic.AtomicReference@284432ef
      _asmSeqNo = 0
      _ctx = class org.eclipse.osgi.internal.framework.BundleContextImpl@118202d5
      _locAdmin = class com.ibm.ws.kernel.service.location.internal.WsLocationAdminImpl@b8c9bbd
      _futureMonitor = class com.ibm.ws.threading.internal.FutureMonitorImpl@223b0ca2
      _artifactFactory = class com.ibm.ws.artifact.internal.ArtifactContainerFactoryService@71003992
      _moduleFactory = class com.ibm.ws.adaptable.module.internal.AdaptableModuleFactoryImpl@53af2991
      _executorService = class com.ibm.ws.threading.internal.ExecutorServiceImpl@48dabeff
      _scheduledExecutorService = class com.ibm.ws.threading.internal.ScheduledExecutorImpl@41003e41
      _asmHelper = class com.ibm.ws.app.manager.internal.ApplicationConfigurator$NamedApplication@190b2b8b
      _appMonitor = class com.ibm.ws.app.manager.internal.monitor.ApplicationMonitor@5656c445
      enterStateCalled = class java.util.concurrent.atomic.AtomicBoolean@3968fc41
      serialVersionUID = 7990273947104993494
      serialVersionUID = 300267208965883056
      $$$tc$$$ = class com.ibm.websphere.ras.TraceComponent@3864e372
    serialVersionUID = 2630639237123415755
    $$$tc$$$ = class com.ibm.websphere.ras.TraceComponent@126ebb08
      strings[0] = "TraceComponent[com.ibm.ws.app.manager.internal.ApplicationInstallInfo,class com.ibm.ws.app.manager.internal.ApplicationInstallInfo,[applications, app.manager],com.ibm.ws.app.manager.internal.resources.AppManagerMessages,null]"
  serialVersionUID = 5227817860647895780
  $$$tc$$$ = class com.ibm.websphere.ras.TraceComponent@118f3d3d
    strings[0] = "TraceComponent[com.ibm.ws.container.service.app.deploy.internal.ApplicationInfoImpl,class com.ibm.ws.container.service.app.deploy.internal.ApplicationInfoImpl,[container.service],com.ibm.ws.container.service.resources.Messages,null]"

