------Start of DE processing------ = [28/12/21 19:20:13:102 EET]
Exception = org.jboss.weld.exceptions.DeploymentException
Source = com.ibm.ws.container.service.state.internal.ApplicationStateManager
probeid = 54
Stack Dump = org.jboss.weld.exceptions.DeploymentException: WELD-001408: Unsatisfied dependencies for type DocumentDaoImpl with qualifiers @Default
  at injection point [BackedAnnotatedField] @Inject com.example.documents.HelloController.documentDaoImpl
  at com.example.documents.HelloController.documentDaoImpl(HelloController.java:0)
WELD-001474: Class com.example.documents.dao.DocumentDaoImpl is on the classpath, but was ignored because a class it references was not found: javax.persistence.EntityManager.

	at org.jboss.weld.bootstrap.Validator.validateInjectionPointForDeploymentProblems(Validator.java:378)
	at org.jboss.weld.bootstrap.Validator.validateInjectionPoint(Validator.java:290)
	at org.jboss.weld.bootstrap.Validator.validateGeneralBean(Validator.java:143)
	at org.jboss.weld.bootstrap.Validator.validateRIBean(Validator.java:164)
	at org.jboss.weld.bootstrap.Validator.validateBean(Validator.java:526)
	at org.jboss.weld.bootstrap.ConcurrentValidator$1.doWork(ConcurrentValidator.java:64)
	at org.jboss.weld.bootstrap.ConcurrentValidator$1.doWork(ConcurrentValidator.java:62)
	at org.jboss.weld.executor.IterativeWorkerTaskFactory$1.call(IterativeWorkerTaskFactory.java:62)
	at org.jboss.weld.executor.IterativeWorkerTaskFactory$1.call(IterativeWorkerTaskFactory.java:55)
	at java.util.concurrent.FutureTask.run(FutureTask.java:266)
	at java.util.concurrent.ThreadPoolExecutor.runWorker(ThreadPoolExecutor.java:1149)
	at java.util.concurrent.ThreadPoolExecutor$Worker.run(ThreadPoolExecutor.java:624)
	at java.lang.Thread.run(Thread.java:748)

Dump of callerThis
Object type = com.ibm.ws.container.service.state.internal.ApplicationStateManager
  serialVersionUID = -6685368059484454124
  $$$tc$$$ = class com.ibm.websphere.ras.TraceComponent@59b1d84e
    strings[0] = "TraceComponent[com.ibm.ws.container.service.state.internal.ApplicationStateManager,class com.ibm.ws.container.service.state.internal.ApplicationStateManager,[Runtime],null,null]"
  listeners = class com.ibm.wsspi.kernel.service.utils.ConcurrentServiceReferenceSet@4902bd69
    referenceName = "applicationStateListeners"
    contextRef = class java.util.concurrent.atomic.AtomicReference@38a7105e
      serialVersionUID = -1848883965231344442
      unsafe = class sun.misc.Unsafe@4ba7cbf2
      valueOffset = 12
      value = class org.apache.felix.scr.impl.manager.ComponentContextImpl@5e6c64a5
    elementMap = class java.util.LinkedHashMap@6d5aff34
      serialVersionUID = 3801124242820219131
      head = class java.util.LinkedHashMap$Entry@50ca333
      tail = class java.util.LinkedHashMap$Entry@7081103b
      accessOrder = false
      serialVersionUID = 362498820763181265
      DEFAULT_INITIAL_CAPACITY = 16
      MAXIMUM_CAPACITY = 1073741824
      DEFAULT_LOAD_FACTOR = 0.75
      TREEIFY_THRESHOLD = 8
      UNTREEIFY_THRESHOLD = 6
      MIN_TREEIFY_CAPACITY = 64
      table = class java.util.HashMap$Node[16]
      entrySet = null
      size = 11
      modCount = 11
      threshold = 12
      loadFactor = 0.75
      keySet = null
      values = null
    elementSet = class java.util.concurrent.ConcurrentSkipListSet@17b71946
      serialVersionUID = -2479143111061671589
      m = class java.util.concurrent.ConcurrentSkipListMap@4b02172c
      UNSAFE = class sun.misc.Unsafe@4ba7cbf2
      mapOffset = 12
      MAX_ARRAY_SIZE = 2147483639
    elementSetUnsorted = false
    serialVersionUID = 756240983881166148
    $$$tc$$$ = class com.ibm.websphere.ras.TraceComponent@51e8ea25
      strings[0] = "TraceComponent[com.ibm.wsspi.kernel.service.utils.ConcurrentServiceReferenceSet,class com.ibm.wsspi.kernel.service.utils.ConcurrentServiceReferenceSet,[kernelUtils],com.ibm.ws.kernel.service.utils.resources.ServiceMessages,null]"
  serialVersionUID = 2284273176985484160
  $$$tc$$$ = class com.ibm.websphere.ras.TraceComponent@70ed090b
    strings[0] = "TraceComponent[com.ibm.ws.container.service.state.internal.StateChangeManager,class com.ibm.ws.container.service.state.internal.StateChangeManager,[Runtime],null,null]"

Dump of objectArray[0]
Object type = com.ibm.ws.container.service.app.deploy.internal.ApplicationInfoImpl
  appName = "documents"
  appMetaData = class com.ibm.ws.container.service.app.deploy.internal.ApplicationMetaDataImpl@59872425
    j2eeName = class com.ibm.ws.container.service.metadata.internal.J2EENameImpl@18574c26
      serialVersionUID = 7488184044073147667
      application = "documents"
      module = null
      component = null
      string = "documents"
      j2eeNameBytes = null
      $$$tc$$$ = class com.ibm.websphere.ras.TraceComponent@76ee70de
    serialVersionUID = -7906531148367236579
    $$$tc$$$ = class com.ibm.websphere.ras.TraceComponent@202b453
      strings[0] = "TraceComponent[com.ibm.ws.container.service.app.deploy.internal.ApplicationMetaDataImpl,class com.ibm.ws.container.service.app.deploy.internal.ApplicationMetaDataImpl,[container.service],com.ibm.ws.container.service.resources.Messages,null]"
    tc = class com.ibm.websphere.ras.TraceComponent@f396aea
      strings[0] = "TraceComponent[com.ibm.ws.runtime.metadata.MetaDataImpl,class com.ibm.ws.runtime.metadata.MetaDataImpl,[Runtime],null,null]"
    NUM_STATIC_SLOTS = 4
    ID_UNINITIALIZED = -1
    id = 6
    metaDataInterface = class java.lang.Class@7103a950
      ANNOTATION = 8192
      ENUM = 16384
      SYNTHETIC = 4096
      cachedConstructor = null
      newInstanceCallerCache = null
      name = "com.ibm.ws.runtime.metadata.ApplicationMetaData"
      allPermDomain = class java.security.ProtectionDomain@43371f24
      useCaches = true
      reflectionData = null
      classRedefinedCount = 0
      genericInfo = null
      serialVersionUID = 3206093459760846163
      serialPersistentFields = class java.io.ObjectStreamField[0]
      reflectionFactory = class sun.reflect.ReflectionFactory@408d37ff
      initted = true
      enumConstants = null
      enumConstantDirectory = null
      annotationData = null
      annotationType = null
      classValueMap = null
    staticSlots = class java.lang.Object[4]
      Object[0] = class com.ibm.ws.cdi.impl.weld.WebSphereCDIDeploymentImpl@7014634a
      Object[1] = class com.ibm.ws.injectionengine.osgi.internal.OSGiInjectionScopeData@6a3bd0f5
      Object[2] = "documents"
      Object[3] = null
    dynamicSlots = null
  appContainer = class com.ibm.ws.adaptable.module.internal.AdaptableContainerImpl@2fe6f3c0
    root = class com.ibm.ws.adaptable.module.internal.AdaptableContainerImpl@2fe6f3c0
    rootOverlay = class com.ibm.ws.artifact.overlay.internal.DirectoryBasedOverlayContainerImpl@7e2fac21
      base = class com.ibm.ws.artifact.loose.internal.LooseArchive@251fda66
      maskSet = class java.util.HashSet@8bcf791
      cfHolder = class com.ibm.ws.artifact.overlay.internal.OverlayContainerFactoryImpl@24713ff3
      fileOverlayContainer = class com.ibm.ws.artifact.file.internal.FileContainer@37930b49
      overlayDirectory = class java.io.File@42a9f06e
      cacheDirForOverlay = class java.io.File@19beceb7
      overlayNotifier = class com.ibm.ws.artifact.overlay.internal.DirectoryBasedOverlayNotifier@547d7da2
      enclosingContainer = null
      entryInEnclosingContainer = null
      nestedOverlays = class java.util.concurrent.ConcurrentHashMap@7651b26e
      cacheStore = class com.ibm.ws.artifact.overlay.internal.OverlayCache@59b726ae
      parentOverlay = null
      isPassThroughMode = true
      serialVersionUID = -6650153487216279998
      $$$tc$$$ = class com.ibm.websphere.ras.TraceComponent@2ece2642
    factoryHolder = class com.ibm.ws.adaptable.module.internal.AdaptableModuleFactoryImpl@5b78b7fb
      adapterFactoryService = class com.ibm.ws.adaptable.module.internal.AdapterFactoryServiceImpl@7ff9f943
      containerFactory = class com.ibm.ws.artifact.internal.ArtifactContainerFactoryService@3e160ff0
      overlayContainerFactory = class com.ibm.ws.artifact.overlay.internal.OverlayContainerFactoryImpl@24713ff3
      serialVersionUID = 4200251809856292987
      $$$tc$$$ = class com.ibm.websphere.ras.TraceComponent@85f59f0
    delegate = class com.ibm.ws.artifact.overlay.internal.DirectoryBasedOverlayContainerImpl@7e2fac21
    notifier = class com.ibm.ws.adaptable.module.internal.NotifierImpl@3aed6b04
      root = class com.ibm.ws.adaptable.module.internal.AdaptableContainerImpl@2fe6f3c0
      delegateNotifier = class com.ibm.ws.artifact.overlay.internal.DirectoryBasedOverlayNotifier@547d7da2
      delegateRoot = class com.ibm.ws.artifact.overlay.internal.DirectoryBasedOverlayContainerImpl@7e2fac21
      listenerDelegates = class java.util.HashMap@159c1a77
      serialVersionUID = 6839382523957017880
      $$$tc$$$ = class com.ibm.websphere.ras.TraceComponent@1b542b2d
    serialVersionUID = -5950528200509051684
    $$$tc$$$ = class com.ibm.websphere.ras.TraceComponent@9137e74
      strings[0] = "TraceComponent[com.ibm.ws.adaptable.module.internal.AdaptableContainerImpl,class com.ibm.ws.adaptable.module.internal.AdaptableContainerImpl,[archive.adaptable],null,null]"
  configHelper = class com.ibm.ws.app.manager.module.ApplicationNestedConfigHelper@db5dffb
    appInfo = class com.ibm.ws.app.manager.internal.ApplicationInstallInfo@2c29bbb3
    serialVersionUID = -3174031738676705046
    $$$tc$$$ = class com.ibm.websphere.ras.TraceComponent@658b42ef
      strings[0] = "TraceComponent[com.ibm.ws.app.manager.module.ApplicationNestedConfigHelper,class com.ibm.ws.app.manager.module.ApplicationNestedConfigHelper,[applications, app.manager],null,null]"
  applicationInformation = class com.ibm.ws.app.manager.internal.ApplicationInstallInfo@2c29bbb3
    _config = class com.ibm.ws.app.manager.internal.ApplicationConfig@18f92603
      tc = class com.ibm.websphere.ras.TraceComponent@64b83c2a
      _configPid = "com.ibm.ws.app.manager_19"
      _config = class com.ibm.ws.config.admin.ConfigurationDictionary@43a02082
      _applicationManager = class com.ibm.ws.app.manager.ApplicationManager@1cc8c4ab
      _location = "documents.war"
      _type = "war"
      _name = "documents"
      _notificationBroadcasterSupport = class javax.management.NotificationBroadcasterSupport@4f15fa4b
      ONE_TIME_JANDEX_MSGS_DISPLAYED = true
      serialVersionUID = -2151423388299667431
    _handlerInfo = class java.util.concurrent.atomic.AtomicReference@6fb741c4
      serialVersionUID = -1848883965231344442
      unsafe = class sun.misc.Unsafe@4ba7cbf2
      valueOffset = 12
      value = class com.ibm.ws.app.manager.war.internal.WARDeployedAppInfo@206ffb16
    _container = class java.util.concurrent.atomic.AtomicReference@71eef4a6
      serialVersionUID = -1848883965231344442
      unsafe = class sun.misc.Unsafe@4ba7cbf2
      valueOffset = 12
      value = class com.ibm.ws.adaptable.module.internal.AdaptableContainerImpl@2fe6f3c0
    _resolvedLocation = class java.util.concurrent.atomic.AtomicReference@200a04d4
      serialVersionUID = -1848883965231344442
      unsafe = class sun.misc.Unsafe@4ba7cbf2
      valueOffset = 12
      value = class com.ibm.ws.kernel.service.location.internal.LocalFileResource@397bbcf5
    _handler = class com.ibm.ws.app.manager.war.internal.WARApplicationHandlerImpl@7112f7e8
      futureMonitor = class com.ibm.ws.threading.internal.FutureMonitorImpl@58244e86
      deployedAppFactory = class com.ibm.ws.app.manager.war.internal.WARDeployedAppInfoFactoryImpl@7b1d2724
      serialVersionUID = 4622845147410944782
      $$$tc$$$ = class com.ibm.websphere.ras.TraceComponent@200565e
    _ami = class java.util.concurrent.atomic.AtomicReference@24fe316f
      serialVersionUID = -1848883965231344442
      unsafe = class sun.misc.Unsafe@4ba7cbf2
      valueOffset = 12
      value = class com.ibm.wsspi.application.handler.DefaultApplicationMonitoringInformation@54109776
    _updateHandler = class com.ibm.ws.app.manager.internal.statemachine.ApplicationStateMachineImpl@22b3aa92
      _tc = class com.ibm.websphere.ras.TraceComponent@5380bf2f
      EMPTY_FUTURE_ARRAY = interface java.util.concurrent.Future[0]
      asmSequenceNumber = class java.util.concurrent.atomic.AtomicLong@52ef36b4
      _qscaCounter = class java.util.concurrent.atomic.AtomicInteger@342436b6
      _failedThrowable = null
      _interruptibleLock = class com.ibm.ws.app.manager.internal.statemachine.ApplicationStateMachineImpl$2@61041c14
      _interruptible = false
      _performingQueuedActions = true
      _queuedActions = class java.util.concurrent.ConcurrentLinkedQueue@5edcdd9c
      _callbackState = class java.util.concurrent.atomic.AtomicReference@752d0a65
      blockAppStartingFutures = class java.util.Collections$SetFromMap@602913f0
      waitingForAppHandlerFuture = class java.util.concurrent.atomic.AtomicReference@210c575d
      waitingForExplicitStartFuture = class java.util.concurrent.atomic.AtomicReference@19045edd
      startAfterFutures = class java.util.Collections$SetFromMap@46701ba
      completionListener = class java.util.concurrent.atomic.AtomicReference@2c792455
      _notifyAppStopped = class java.util.concurrent.ConcurrentLinkedQueue@6f8c3838
      _notifyAppStarting = class java.util.concurrent.ConcurrentLinkedQueue@544561a2
      _notifyAppInstallCalled = class java.util.concurrent.ConcurrentLinkedQueue@6813c041
      _notifyAppStarted = class java.util.concurrent.ConcurrentLinkedQueue@d2d0a9a
      _notifyAppRemoved = class java.util.concurrent.ConcurrentLinkedQueue@3eeaeff
      _stateLock = class com.ibm.ws.app.manager.internal.statemachine.ApplicationStateMachineImpl$3@7c599751
      _internalState = class java.util.concurrent.atomic.AtomicReference@a3e5153
      _currentAction = class java.util.concurrent.atomic.AtomicReference@6fa2e354
      _rfa = class java.util.concurrent.atomic.AtomicReference@194d2109
      _appInstallInfo = class java.util.concurrent.atomic.AtomicReference@299ede6e
      _update = class java.util.concurrent.atomic.AtomicBoolean@5152a6c7
      _appConfig = class java.util.concurrent.atomic.AtomicReference@299257fa
      _nextAppConfig = class java.util.concurrent.atomic.AtomicReference@59a77ea8
      _appContainer = class java.util.concurrent.atomic.AtomicReference@615b65c
      _resolvedLocation = class java.util.concurrent.atomic.AtomicReference@42b55cc7
      _handler = class java.util.concurrent.atomic.AtomicReference@7923feec
      _asmSeqNo = 0
      _ctx = class org.eclipse.osgi.internal.framework.BundleContextImpl@5bd9f734
      _locAdmin = class com.ibm.ws.kernel.service.location.internal.WsLocationAdminImpl@309f6f36
      _futureMonitor = class com.ibm.ws.threading.internal.FutureMonitorImpl@58244e86
      _artifactFactory = class com.ibm.ws.artifact.internal.ArtifactContainerFactoryService@3e160ff0
      _moduleFactory = class com.ibm.ws.adaptable.module.internal.AdaptableModuleFactoryImpl@5b78b7fb
      _executorService = class com.ibm.ws.threading.internal.ExecutorServiceImpl@39681c11
      _scheduledExecutorService = class com.ibm.ws.threading.internal.ScheduledExecutorImpl@72c532d5
      _asmHelper = class com.ibm.ws.app.manager.internal.ApplicationConfigurator$NamedApplication@76ce643d
      _appMonitor = class com.ibm.ws.app.manager.internal.monitor.ApplicationMonitor@8ef0275
      enterStateCalled = class java.util.concurrent.atomic.AtomicBoolean@688f517
      serialVersionUID = 7990273947104993494
      serialVersionUID = 300267208965883056
      $$$tc$$$ = class com.ibm.websphere.ras.TraceComponent@76fb3c73
    serialVersionUID = 2630639237123415755
    $$$tc$$$ = class com.ibm.websphere.ras.TraceComponent@4dc82296
      strings[0] = "TraceComponent[com.ibm.ws.app.manager.internal.ApplicationInstallInfo,class com.ibm.ws.app.manager.internal.ApplicationInstallInfo,[applications, app.manager],com.ibm.ws.app.manager.internal.resources.AppManagerMessages,null]"
  serialVersionUID = 5227817860647895780
  $$$tc$$$ = class com.ibm.websphere.ras.TraceComponent@7bcaa1ee
    strings[0] = "TraceComponent[com.ibm.ws.container.service.app.deploy.internal.ApplicationInfoImpl,class com.ibm.ws.container.service.app.deploy.internal.ApplicationInfoImpl,[container.service],com.ibm.ws.container.service.resources.Messages,null]"

