------Start of DE processing------ = [28/12/21 19:56:54:853 EET]
Exception = com.ibm.ws.container.service.state.StateChangeException
Source = com.ibm.ws.app.manager.module.internal.SimpleDeployedAppInfoBase
probeid = 548
Stack Dump = com.ibm.ws.container.service.state.StateChangeException: org.jboss.weld.exceptions.DeploymentException: WELD-001408: Unsatisfied dependencies for type DocumentDaoImpl with qualifiers @Default
  at injection point [BackedAnnotatedField] @Inject com.example.documents.HelloController.documentDaoImpl
  at com.example.documents.HelloController.documentDaoImpl(HelloController.java:0)
WELD-001474: Class com.example.documents.dao.DocumentDaoImpl is on the classpath, but was ignored because a class it references was not found: javax.persistence.EntityManager.

	at com.ibm.ws.container.service.state.internal.ApplicationStateManager.fireStarting(ApplicationStateManager.java:55)
	at com.ibm.ws.container.service.state.internal.StateChangeServiceImpl.fireApplicationStarting(StateChangeServiceImpl.java:50)
	at com.ibm.ws.app.manager.module.internal.SimpleDeployedAppInfoBase.preDeployApp(SimpleDeployedAppInfoBase.java:547)
	at com.ibm.ws.app.manager.module.internal.SimpleDeployedAppInfoBase.installApp(SimpleDeployedAppInfoBase.java:508)
	at com.ibm.ws.app.manager.module.internal.DeployedAppInfoBase.deployApp(DeployedAppInfoBase.java:349)
	at com.ibm.ws.app.manager.war.internal.WARApplicationHandlerImpl.install(WARApplicationHandlerImpl.java:65)
	at com.ibm.ws.app.manager.internal.statemachine.StartAction.execute(StartAction.java:149)
	at com.ibm.ws.app.manager.internal.statemachine.ApplicationStateMachineImpl.enterState(ApplicationStateMachineImpl.java:1352)
	at com.ibm.ws.app.manager.internal.statemachine.ApplicationStateMachineImpl.run(ApplicationStateMachineImpl.java:897)
	at com.ibm.ws.threading.internal.ExecutorServiceImpl$RunnableWrapper.run(ExecutorServiceImpl.java:238)
	at java.util.concurrent.ThreadPoolExecutor.runWorker(ThreadPoolExecutor.java:1149)
	at java.util.concurrent.ThreadPoolExecutor$Worker.run(ThreadPoolExecutor.java:624)
	at java.lang.Thread.run(Thread.java:748)
Caused by: org.jboss.weld.exceptions.DeploymentException: WELD-001408: Unsatisfied dependencies for type DocumentDaoImpl with qualifiers @Default
  at injection point [BackedAnnotatedField] @Inject com.example.documents.HelloController.documentDaoImpl
  at com.example.documents.HelloController.documentDaoImpl(HelloController.java:0)
WELD-001474: Class com.example.documents.dao.DocumentDaoImpl is on the classpath, but was ignored because a class it references was not found: javax.persistence.EntityManager.

	at org.jboss.weld.bootstrap.Validator.validateInjectionPointForDeploymentProblems(Validator.java:378)
	at org.jboss.weld.bootstrap.Validator.validateInjectionPoint(Validator.java:290)
	at org.jboss.weld.bootstrap.Validator.validateGeneralBean(Validator.java:143)
	at org.jboss.weld.bootstrap.Validator.validateRIBean(Validator.java:164)
	at org.jboss.weld.bootstrap.Validator.validateBean(Validator.java:526)
	at org.jboss.weld.bootstrap.ConcurrentValidator$1.doWork(ConcurrentValidator.java:64)
	at org.jboss.weld.bootstrap.ConcurrentValidator$1.doWork(ConcurrentValidator.java:62)
	at org.jboss.weld.executor.IterativeWorkerTaskFactory$1.call(IterativeWorkerTaskFactory.java:62)
	at org.jboss.weld.executor.IterativeWorkerTaskFactory$1.call(IterativeWorkerTaskFactory.java:55)
	at java.util.concurrent.FutureTask.run(FutureTask.java:266)
	... 3 more

Dump of callerThis
Object type = com.ibm.ws.app.manager.war.internal.WARDeployedAppInfo
  CONTEXT_ROOT = "context-root"
  webContainerModuleInfo = class com.ibm.ws.app.manager.module.internal.SimpleDeployedAppInfoBase$WebModuleContainerInfo@33ec93cf
    contextRoot = "/"
    defaultContextRoot = "documents"
    serialVersionUID = 4617657913043497664
    $$$tc$$$ = class com.ibm.websphere.ras.TraceComponent@22920c9b
      strings[0] = "TraceComponent[com.ibm.ws.app.manager.module.internal.SimpleDeployedAppInfoBase$WebModuleContainerInfo,class com.ibm.ws.app.manager.module.internal.SimpleDeployedAppInfoBase$WebModuleContainerInfo,[applications, app.manager],null,null]"
    moduleHandler = class com.ibm.ws.app.manager.web.internal.WebModuleHandlerImpl@11c7a706
      serialVersionUID = 4795602325763828210
      $$$tc$$$ = class com.ibm.websphere.ras.TraceComponent@4e5ecf72
      futureMonitor = class com.ibm.ws.threading.internal.FutureMonitorImpl@521a305f
      metaDataService = class com.ibm.ws.container.service.metadata.internal.MetaDataServiceImpl@3bd5184d
      stateChangeService = class com.ibm.ws.container.service.state.internal.StateChangeServiceImpl@4bef16e6
      moduleRuntimeContainer = class com.ibm.ws.webcontainer.osgi.WebContainer@1f851592
      firstFailure = null
      serialVersionUID = -4563697739413190872
      $$$tc$$$ = class com.ibm.websphere.ras.TraceComponent@62292e69
    moduleMetaDataExtenders = class java.util.Collections$UnmodifiableRandomAccessList@64de6019
      serialVersionUID = -2542308836966382001
      serialVersionUID = -283967356065247728
      list = class java.util.concurrent.CopyOnWriteArrayList@5910c58c
      serialVersionUID = 1820017752578914078
      c = class java.util.concurrent.CopyOnWriteArrayList@5910c58c
    nestedModuleMetaDataFactories = class java.util.Collections$UnmodifiableRandomAccessList@5dbd3f66
      serialVersionUID = -2542308836966382001
      serialVersionUID = -283967356065247728
      list = class java.util.concurrent.CopyOnWriteArrayList@73098967
      serialVersionUID = 1820017752578914078
      c = class java.util.concurrent.CopyOnWriteArrayList@73098967
    nestedModules = null
    moduleName = "documents"
    moduleDD = null
    moduleInfo = class com.ibm.ws.app.manager.module.internal.WebModuleInfoImpl@7d70693b
      contextRoot = "/"
      isDefaultContextRootUsed = false
      defaultContextRoot = "documents"
      serialVersionUID = -6699247856069243844
      $$$tc$$$ = class com.ibm.websphere.ras.TraceComponent@2534701d
      tc = class com.ibm.websphere.ras.TraceComponent@71f60e34
      appInfo = class com.ibm.ws.container.service.app.deploy.internal.ApplicationInfoImpl@32dbb90c
      moduleName = "documents"
      path = "documents.war"
      moduleContainer = class com.ibm.ws.adaptable.module.internal.AdaptableContainerImpl@5af3a5f8
      altDDEntry = null
      moduleClassesContainers = class java.util.ArrayList@48972464
      classLoaderFactory = class com.ibm.ws.app.manager.war.internal.WARDeployedAppInfo@6316439f
      containerInfoType = class com.ibm.ws.container.service.app.deploy.ContainerInfo$Type@569752be
      classLoader = class com.ibm.ws.classloading.internal.AppClassLoader@5df9db45
      moduleMetaData = class com.ibm.ws.webcontainer.osgi.metadata.WebModuleMetaDataImpl@6e9e8cf3
      nestedModuleMetaDataTypes = null
      nestedModuleMetaDataValues = null
      serialVersionUID = 3986734351620206554
    serialVersionUID = 5122721995888983779
    $$$tc$$$ = class com.ibm.websphere.ras.TraceComponent@14ab1ca3
      strings[0] = "TraceComponent[com.ibm.ws.app.manager.module.internal.SimpleDeployedAppInfoBase$ModuleContainerInfoBase,class com.ibm.ws.app.manager.module.internal.SimpleDeployedAppInfoBase$ModuleContainerInfoBase,[applications, app.manager],null,null]"
    type = class com.ibm.ws.container.service.app.deploy.ContainerInfo$Type@569752be
      MANIFEST_CLASSPATH = class com.ibm.ws.container.service.app.deploy.ContainerInfo$Type@4d15bc13
      WEB_INF_CLASSES = class com.ibm.ws.container.service.app.deploy.ContainerInfo$Type@3993a82c
      WEB_INF_LIB = class com.ibm.ws.container.service.app.deploy.ContainerInfo$Type@46dfdb6
      EAR_LIB = class com.ibm.ws.container.service.app.deploy.ContainerInfo$Type@60afc635
      WEB_MODULE = class com.ibm.ws.container.service.app.deploy.ContainerInfo$Type@569752be
      EJB_MODULE = class com.ibm.ws.container.service.app.deploy.ContainerInfo$Type@3a1b17
      CLIENT_MODULE = class com.ibm.ws.container.service.app.deploy.ContainerInfo$Type@24cc01f4
      RAR_MODULE = class com.ibm.ws.container.service.app.deploy.ContainerInfo$Type@4f27c896
      JAR_MODULE = class com.ibm.ws.container.service.app.deploy.ContainerInfo$Type@51a73129
      SHARED_LIB = class com.ibm.ws.container.service.app.deploy.ContainerInfo$Type@1957aa9
      $VALUES = class com.ibm.ws.container.service.app.deploy.ContainerInfo$Type[10]
      name = "WEB_MODULE"
      ordinal = 4
    name = "documents.war"
    container = class com.ibm.ws.adaptable.module.internal.AdaptableContainerImpl@5af3a5f8
      root = class com.ibm.ws.adaptable.module.internal.AdaptableContainerImpl@5af3a5f8
      rootOverlay = class com.ibm.ws.artifact.overlay.internal.DirectoryBasedOverlayContainerImpl@3e66e846
      factoryHolder = class com.ibm.ws.adaptable.module.internal.AdaptableModuleFactoryImpl@3b036462
      delegate = class com.ibm.ws.artifact.overlay.internal.DirectoryBasedOverlayContainerImpl@3e66e846
      notifier = class com.ibm.ws.adaptable.module.internal.NotifierImpl@1262e19b
      serialVersionUID = -5950528200509051684
      $$$tc$$$ = class com.ibm.websphere.ras.TraceComponent@f260eff
    moduleClassLoaderFactory = class com.ibm.ws.app.manager.war.internal.WARDeployedAppInfo@6316439f
    altDDEntry = null
    classesContainerInfo = class java.util.ArrayList@48972464
      serialVersionUID = 8683452581122892189
      DEFAULT_CAPACITY = 10
      EMPTY_ELEMENTDATA = class java.lang.Object[0]
      DEFAULTCAPACITY_EMPTY_ELEMENTDATA = class java.lang.Object[0]
      elementData = class java.lang.Object[33]
      size = 23
      MAX_ARRAY_SIZE = 2147483639
      modCount = 24
      MAX_ARRAY_SIZE = 2147483639
    serialVersionUID = 4636874131959542427
    $$$tc$$$ = class com.ibm.websphere.ras.TraceComponent@609f66b5
      strings[0] = "TraceComponent[com.ibm.ws.app.manager.module.internal.SimpleDeployedAppInfoBase$ExtendedContainerInfo,class com.ibm.ws.app.manager.module.internal.SimpleDeployedAppInfoBase$ExtendedContainerInfo,[applications, app.manager],null,null]"
  DYNAMIC_IMPORT_PACKAGE_LIST = class java.util.Collections$UnmodifiableRandomAccessList@7940ecac
    serialVersionUID = -2542308836966382001
    serialVersionUID = -283967356065247728
    list = class java.util.Arrays$ArrayList@7ea8dd32
      serialVersionUID = -2764017481108945198
      a = class java.lang.String[1]
      modCount = 0
      MAX_ARRAY_SIZE = 2147483639
    serialVersionUID = 1820017752578914078
    c = class java.util.Arrays$ArrayList@7ea8dd32
  serialVersionUID = 6176035338244935179
  $$$tc$$$ = class com.ibm.websphere.ras.TraceComponent@757b45a5
    strings[0] = "TraceComponent[com.ibm.ws.app.manager.war.internal.WARDeployedAppInfo,class com.ibm.ws.app.manager.war.internal.WARDeployedAppInfo,[webcontainer, applications, app.manager],com.ibm.ws.app.manager.war.internal.resources.Messages,null]"
  _tc = class com.ibm.websphere.ras.TraceComponent@edac783
    strings[0] = "TraceComponent[com.ibm.ws.app.manager.module.internal.DeployedAppInfoBase,class com.ibm.ws.app.manager.module.internal.DeployedAppInfoBase,[app.manager],com.ibm.ws.app.manager.module.internal.resources.Messages,null]"
  PERMISSION_XML = "permissions.xml"
  applicationInformation = class com.ibm.ws.app.manager.internal.ApplicationInstallInfo@702a4f44
    _config = class com.ibm.ws.app.manager.internal.ApplicationConfig@515be12b
      tc = class com.ibm.websphere.ras.TraceComponent@1f4cd02a
      _configPid = "com.ibm.ws.app.manager_43"
      _config = class com.ibm.ws.config.admin.ConfigurationDictionary@187fd0e1
      _applicationManager = class com.ibm.ws.app.manager.ApplicationManager@c9bdb61
      _location = "documents.war"
      _type = "war"
      _name = "documents"
      _notificationBroadcasterSupport = class javax.management.NotificationBroadcasterSupport@5679bfda
      ONE_TIME_JANDEX_MSGS_DISPLAYED = true
      serialVersionUID = -2151423388299667431
    _handlerInfo = class java.util.concurrent.atomic.AtomicReference@54b0aca2
      serialVersionUID = -1848883965231344442
      unsafe = class sun.misc.Unsafe@3243dcec
      valueOffset = 12
      value = class com.ibm.ws.app.manager.war.internal.WARDeployedAppInfo@6316439f
    _container = class java.util.concurrent.atomic.AtomicReference@4bf423a2
      serialVersionUID = -1848883965231344442
      unsafe = class sun.misc.Unsafe@3243dcec
      valueOffset = 12
      value = class com.ibm.ws.adaptable.module.internal.AdaptableContainerImpl@5af3a5f8
    _resolvedLocation = class java.util.concurrent.atomic.AtomicReference@67db32d1
      serialVersionUID = -1848883965231344442
      unsafe = class sun.misc.Unsafe@3243dcec
      valueOffset = 12
      value = class com.ibm.ws.kernel.service.location.internal.LocalFileResource@2ef750e7
    _handler = class com.ibm.ws.app.manager.war.internal.WARApplicationHandlerImpl@6987d5b8
      futureMonitor = class com.ibm.ws.threading.internal.FutureMonitorImpl@521a305f
      deployedAppFactory = class com.ibm.ws.app.manager.war.internal.WARDeployedAppInfoFactoryImpl@2499f4b8
      serialVersionUID = 4622845147410944782
      $$$tc$$$ = class com.ibm.websphere.ras.TraceComponent@7ec8ae42
    _ami = class java.util.concurrent.atomic.AtomicReference@3883b196
      serialVersionUID = -1848883965231344442
      unsafe = class sun.misc.Unsafe@3243dcec
      valueOffset = 12
      value = class com.ibm.wsspi.application.handler.DefaultApplicationMonitoringInformation@3184dc4f
    _updateHandler = class com.ibm.ws.app.manager.internal.statemachine.ApplicationStateMachineImpl@52807c17
      _tc = class com.ibm.websphere.ras.TraceComponent@2a0ca25d
      EMPTY_FUTURE_ARRAY = interface java.util.concurrent.Future[0]
      asmSequenceNumber = class java.util.concurrent.atomic.AtomicLong@2a1822ca
      _qscaCounter = class java.util.concurrent.atomic.AtomicInteger@6cce7c45
      _failedThrowable = null
      _interruptibleLock = class com.ibm.ws.app.manager.internal.statemachine.ApplicationStateMachineImpl$2@3d15d0f8
      _interruptible = false
      _performingQueuedActions = true
      _queuedActions = class java.util.concurrent.ConcurrentLinkedQueue@2ae415b1
      _callbackState = class java.util.concurrent.atomic.AtomicReference@41817c55
      blockAppStartingFutures = class java.util.Collections$SetFromMap@5e321c74
      waitingForAppHandlerFuture = class java.util.concurrent.atomic.AtomicReference@4d33955a
      waitingForExplicitStartFuture = class java.util.concurrent.atomic.AtomicReference@47f058d0
      startAfterFutures = class java.util.Collections$SetFromMap@d59e7af
      completionListener = class java.util.concurrent.atomic.AtomicReference@43469bcc
      _notifyAppStopped = class java.util.concurrent.ConcurrentLinkedQueue@128e4fbb
      _notifyAppStarting = class java.util.concurrent.ConcurrentLinkedQueue@577da3e2
      _notifyAppInstallCalled = class java.util.concurrent.ConcurrentLinkedQueue@155b423d
      _notifyAppStarted = class java.util.concurrent.ConcurrentLinkedQueue@62b433a1
      _notifyAppRemoved = class java.util.concurrent.ConcurrentLinkedQueue@2274bdb
      _stateLock = class com.ibm.ws.app.manager.internal.statemachine.ApplicationStateMachineImpl$3@387f8ace
      _internalState = class java.util.concurrent.atomic.AtomicReference@777a7d56
      _currentAction = class java.util.concurrent.atomic.AtomicReference@34107123
      _rfa = class java.util.concurrent.atomic.AtomicReference@cd18de9
      _appInstallInfo = class java.util.concurrent.atomic.AtomicReference@48bc5f47
      _update = class java.util.concurrent.atomic.AtomicBoolean@6c080bcb
      _appConfig = class java.util.concurrent.atomic.AtomicReference@5ba6f600
      _nextAppConfig = class java.util.concurrent.atomic.AtomicReference@5b988658
      _appContainer = class java.util.concurrent.atomic.AtomicReference@7174bc0b
      _resolvedLocation = class java.util.concurrent.atomic.AtomicReference@5d0eb7bd
      _handler = class java.util.concurrent.atomic.AtomicReference@31745cea
      _asmSeqNo = 0
      _ctx = class org.eclipse.osgi.internal.framework.BundleContextImpl@25809c98
      _locAdmin = class com.ibm.ws.kernel.service.location.internal.WsLocationAdminImpl@7a81c3ed
      _futureMonitor = class com.ibm.ws.threading.internal.FutureMonitorImpl@521a305f
      _artifactFactory = class com.ibm.ws.artifact.internal.ArtifactContainerFactoryService@157e1c33
      _moduleFactory = class com.ibm.ws.adaptable.module.internal.AdaptableModuleFactoryImpl@3b036462
      _executorService = class com.ibm.ws.threading.internal.ExecutorServiceImpl@411ab5fa
      _scheduledExecutorService = class com.ibm.ws.threading.internal.ScheduledExecutorImpl@624eac65
      _asmHelper = class com.ibm.ws.app.manager.internal.ApplicationConfigurator$NamedApplication@4f066bac
      _appMonitor = class com.ibm.ws.app.manager.internal.monitor.ApplicationMonitor@1624956a
      enterStateCalled = class java.util.concurrent.atomic.AtomicBoolean@15bfd739
      serialVersionUID = 7990273947104993494
      serialVersionUID = 300267208965883056
      $$$tc$$$ = class com.ibm.websphere.ras.TraceComponent@7e8e88ad
    serialVersionUID = 2630639237123415755
    $$$tc$$$ = class com.ibm.websphere.ras.TraceComponent@47d053b3
      strings[0] = "TraceComponent[com.ibm.ws.app.manager.internal.ApplicationInstallInfo,class com.ibm.ws.app.manager.internal.ApplicationInstallInfo,[applications, app.manager],com.ibm.ws.app.manager.internal.resources.AppManagerMessages,null]"
  location = "E:\facultate\master\java\java\tehnologii_java\documents\documents\target\liberty\wlp\usr\servers\documents\apps\documents.war.xml"
  classLoadingService = class com.ibm.ws.classloading.internal.ClassLoadingServiceImpl@7f129502
    tc = class com.ibm.websphere.ras.TraceComponent@2e4d10f4
      strings[0] = "TraceComponent[com.ibm.ws.classloading.internal.ClassLoadingServiceImpl,class com.ibm.ws.classloading.internal.ClassLoadingServiceImpl,[ClassLoadingService],com.ibm.ws.classloading.internal.resources.ClassLoadingServiceMessages,null]"
    leakDetectionMap = class java.util.HashMap@64afa259
      serialVersionUID = 362498820763181265
      DEFAULT_INITIAL_CAPACITY = 16
      MAXIMUM_CAPACITY = 1073741824
      DEFAULT_LOAD_FACTOR = 0.75
      TREEIFY_THRESHOLD = 8
      UNTREEIFY_THRESHOLD = 6
      MIN_TREEIFY_CAPACITY = 64
      table = null
      entrySet = null
      size = 0
      modCount = 0
      threshold = 0
      loadFactor = 0.75
      keySet = null
      values = null
    appClassLoaders = class java.util.Collections$SetFromMap@472a92b3
      m = class java.util.WeakHashMap@68e4345b
      s = class java.util.WeakHashMap$KeySet@5a2ba120
      serialVersionUID = 2454657854757543876
      MAX_ARRAY_SIZE = 2147483639
    TCCL_LOCK_WAIT = 15000
    REFERENCE_GENERATORS = "generators"
    bundleContext = class org.eclipse.osgi.internal.framework.BundleContextImpl@334183a9
    aclStore = class com.ibm.ws.classloading.internal.util.CanonicalStore@3f7474d9
      map = class java.util.concurrent.ConcurrentHashMap@1e1d0a68
      q = class com.ibm.ws.classloading.internal.util.RefQueue@4550607e
      serialVersionUID = 6715157558227169968
      $$$tc$$$ = class com.ibm.websphere.ras.TraceComponent@ca958d5
    tcclStore = class com.ibm.ws.classloading.internal.util.CanonicalStore@1dcebb
      map = class java.util.concurrent.ConcurrentHashMap@25caa8f6
      q = class com.ibm.ws.classloading.internal.util.RefQueue@71d5a333
      serialVersionUID = 6715157558227169968
      $$$tc$$$ = class com.ibm.websphere.ras.TraceComponent@ca958d5
    tcclStoreLock = class java.util.concurrent.locks.ReentrantLock@1939198b
      serialVersionUID = 7373984872572414699
      sync = class java.util.concurrent.locks.ReentrantLock$NonfairSync@35adfd3a
    digraph = class org.eclipse.equinox.internal.region.StandardRegionDigraph@a15bf15
      EMPTY_EDGE_SET = class java.util.Collections$UnmodifiableSet@75e8d6e8
      monitor = class java.lang.Object@5ae02684
      regions = class java.util.HashMap@1f450037
      bundleIdToRegionMapping = class org.eclipse.equinox.internal.region.StandardBundleIdToRegionMapping@468c67da
      edges = class java.util.HashMap@75e0b675
      bundleContext = class org.eclipse.osgi.internal.framework.BundleContextImpl@751d3241
      threadLocal = class java.lang.ThreadLocal@2eef7a4b
      subgraphTraverser = class org.eclipse.equinox.internal.region.SubgraphTraverser@199c8319
      bundleCollisionHook = class org.eclipse.equinox.internal.region.hook.RegionBundleCollisionHook@3c8b8547
      bundleEventHook = class org.eclipse.equinox.internal.region.hook.RegionBundleEventHook@4c28dfbd
      bundleFindHook = class org.eclipse.equinox.internal.region.hook.RegionBundleFindHook@1940c951
      serviceEventHook = class org.eclipse.equinox.internal.region.hook.RegionServiceEventHook@6439052b
      serviceFindHook = class org.eclipse.equinox.internal.region.hook.RegionServiceFindHook@4780556
      resolverHookFactory = class org.eclipse.equinox.internal.region.hook.RegionResolverHookFactory@ea7e753
      origin = null
      originUpdateCount = -1
      updateCount = class java.util.concurrent.atomic.AtomicLong@11b2ad97
      defaultRegion = null
    redefiner = class com.ibm.ws.classloading.internal.util.ClassRedefiner@16dbd032
      tc = class com.ibm.websphere.ras.TraceComponent@62a7342b
      LS = "
"
      inst = class com.sun.proxy.$Proxy0@6ee70988
      serialVersionUID = 2420101865139508526
    listener = class com.ibm.ws.classloading.internal.ClassLoadingServiceImpl$1@785dac44
      this$0 = class com.ibm.ws.classloading.internal.ClassLoadingServiceImpl@7f129502
      serialVersionUID = -9159707349812113172
      $$$tc$$$ = class com.ibm.websphere.ras.TraceComponent@4ce0febd
    classloaders = class java.util.Collections$SynchronizedMap@29f90785
      serialVersionUID = 1978198479659022715
      m = class java.util.HashMap@6e78c8fb
      mutex = class java.util.Collections$SynchronizedMap@29f90785
      keySet = null
      entrySet = null
      values = null
    resourceProviders = class com.ibm.ws.classloading.internal.CompositeResourceProvider@eb3e8b8
      lockFactory = class java.util.concurrent.locks.ReentrantReadWriteLock@6d957164
      providerMap = class com.ibm.ws.classloading.internal.util.MultiMap@c78e64e
      serialVersionUID = -5576435894946156347
      $$$tc$$$ = class com.ibm.websphere.ras.TraceComponent@7b1562ae
    rememberedBundles = class java.util.concurrent.ConcurrentHashMap@4621f31c
      serialVersionUID = 7249069246763182397
      MAXIMUM_CAPACITY = 1073741824
      DEFAULT_CAPACITY = 16
      MAX_ARRAY_SIZE = 2147483639
      DEFAULT_CONCURRENCY_LEVEL = 16
      LOAD_FACTOR = 0.75
      TREEIFY_THRESHOLD = 8
      UNTREEIFY_THRESHOLD = 6
      MIN_TREEIFY_CAPACITY = 64
      MIN_TRANSFER_STRIDE = 16
      RESIZE_STAMP_BITS = 16
      MAX_RESIZERS = 65535
      RESIZE_STAMP_SHIFT = 16
      MOVED = -1
      TREEBIN = -2
      RESERVED = -3
      HASH_BITS = 2147483647
      NCPU = 8
      serialPersistentFields = class java.io.ObjectStreamField[3]
      table = class java.util.concurrent.ConcurrentHashMap$Node[16]
      nextTable = null
      baseCount = 1
      sizeCtl = 12
      transferIndex = 0
      cellsBusy = 0
      counterCells = null
      keySet = null
      values = null
      entrySet = null
      U = class sun.misc.Unsafe@3243dcec
      SIZECTL = 20
      TRANSFERINDEX = 32
      BASECOUNT = 24
      CELLSBUSY = 36
      CELLVALUE = 144
      ABASE = 16
      ASHIFT = 2
      keySet = null
      values = null
    collectedBundles = class java.lang.ref.ReferenceQueue@530b5810
      NULL = class java.lang.ref.ReferenceQueue$Null@ed10ed9
      ENQUEUED = class java.lang.ref.ReferenceQueue$Null@70e09268
      lock = class java.lang.ref.ReferenceQueue$Lock@3e68a2f1
      head = null
      queueLength = 0
      $assertionsDisabled = true
    generatorRefs = class com.ibm.wsspi.kernel.service.utils.ConcurrentServiceReferenceSet@32afa8db
      referenceName = "generators"
      contextRef = class java.util.concurrent.atomic.AtomicReference@76b9c39b
      elementMap = class java.util.LinkedHashMap@2d7d1852
      elementSet = class java.util.concurrent.ConcurrentSkipListSet@1e1c2e76
      elementSetUnsorted = false
      serialVersionUID = 756240983881166148
      $$$tc$$$ = class com.ibm.websphere.ras.TraceComponent@5ae3042b
    generatorManager = class com.ibm.ws.classloading.internal.ClassGeneratorManager@23c8601e
      tc = class com.ibm.websphere.ras.TraceComponent@156ef719
      generatorRefs = class com.ibm.wsspi.kernel.service.utils.ConcurrentServiceReferenceSet@32afa8db
      serialVersionUID = 4152663586056483310
    appExtLibs = class java.util.concurrent.CopyOnWriteArrayList@6ab8ce68
      serialVersionUID = 8673264195747942595
      lock = class java.util.concurrent.locks.ReentrantLock@2cdbacc1
      array = class java.lang.Object[0]
      UNSAFE = class sun.misc.Unsafe@3243dcec
      lockOffset = 12
    globalConfig = class com.ibm.ws.classloading.configuration.GlobalClassloadingConfiguration@63fac0f7
      properties = class org.apache.felix.scr.impl.helper.ReadOnlyDictionary@3025cf51
      serialVersionUID = 452562347104713756
      $$$tc$$$ = class com.ibm.websphere.ras.TraceComponent@2b316570
    metaInfServicesProviders = class java.util.concurrent.ConcurrentHashMap@2cdc5523
      serialVersionUID = 7249069246763182397
      MAXIMUM_CAPACITY = 1073741824
      DEFAULT_CAPACITY = 16
      MAX_ARRAY_SIZE = 2147483639
      DEFAULT_CONCURRENCY_LEVEL = 16
      LOAD_FACTOR = 0.75
      TREEIFY_THRESHOLD = 8
      UNTREEIFY_THRESHOLD = 6
      MIN_TREEIFY_CAPACITY = 64
      MIN_TRANSFER_STRIDE = 16
      RESIZE_STAMP_BITS = 16
      MAX_RESIZERS = 65535
      RESIZE_STAMP_SHIFT = 16
      MOVED = -1
      TREEBIN = -2
      RESERVED = -3
      HASH_BITS = 2147483647
      NCPU = 8
      serialPersistentFields = class java.io.ObjectStreamField[3]
      table = null
      nextTable = null
      baseCount = 0
      sizeCtl = 0
      transferIndex = 0
      cellsBusy = 0
      counterCells = null
      keySet = null
      values = null
      entrySet = null
      U = class sun.misc.Unsafe@3243dcec
      SIZECTL = 20
      TRANSFERINDEX = 32
      BASECOUNT = 24
      CELLSBUSY = 36
      CELLVALUE = 144
      ABASE = 16
      ASHIFT = 2
      keySet = null
      values = null
    metaInfServicesRefs = class com.ibm.wsspi.kernel.service.utils.ConcurrentServiceReferenceMap@4c741836
      referenceName = "MetaInfServicesProvider"
      context = class org.apache.felix.scr.impl.manager.ComponentContextImpl@762c2341
      elementMap = class java.util.concurrent.ConcurrentHashMap@232d1132
      serialVersionUID = 6980924785166233786
      $$$tc$$$ = class com.ibm.websphere.ras.TraceComponent@712b39f5
    protectionDomainMap = class java.util.HashMap@6093445e
      serialVersionUID = 362498820763181265
      DEFAULT_INITIAL_CAPACITY = 16
      MAXIMUM_CAPACITY = 1073741824
      DEFAULT_LOAD_FACTOR = 0.75
      TREEIFY_THRESHOLD = 8
      UNTREEIFY_THRESHOLD = 6
      MIN_TREEIFY_CAPACITY = 64
      table = class java.util.HashMap$Node[16]
      entrySet = null
      size = 1
      modCount = 1
      threshold = 12
      loadFactor = 0.75
      keySet = null
      values = null
    metadataIdentifierService = class com.ibm.ws.container.service.metadata.internal.MetaDataServiceImpl@3bd5184d
    globalSharedLibrary = class java.util.concurrent.atomic.AtomicReference@55dbddc3
      serialVersionUID = -1848883965231344442
      unsafe = class sun.misc.Unsafe@3243dcec
      valueOffset = 12
      value = null
    serialVersionUID = 4365026902615131286
  globalSharedLibrary = class com.ibm.ws.library.internal.SharedLibraryImpl@3b9e0a98
    tc = class com.ibm.websphere.ras.TraceComponent@3ca06c97
      strings[0] = "TraceComponent[com.ibm.ws.library.internal.SharedLibraryImpl,class com.ibm.ws.library.internal.SharedLibraryImpl,[SharedLibrary],com.ibm.ws.classloading.internal.resources.ClassLoadingServiceMessages,null]"
    EMPTY_LIBRARY_LISTENERS = interface com.ibm.wsspi.library.LibraryChangeListener[0]
    deleted = false
    libraryListenersTracker = class org.osgi.util.tracker.ServiceTracker@760714a4
      DEBUG = false
      context = class org.eclipse.osgi.internal.framework.BundleContextImpl@334183a9
      filter = class org.eclipse.osgi.internal.framework.FilterImpl$And@6b6088e1
      customizer = class org.osgi.util.tracker.ServiceTracker@760714a4
      listenerFilter = "(&(objectClass=com.ibm.wsspi.library.LibraryChangeListener)(|(library=global)(libraryRef=*com.ibm.ws.classloading.sharedlibrary_19*)))"
      trackClass = null
      trackReference = null
      tracked = class org.osgi.util.tracker.ServiceTracker$Tracked@226f3f3a
      cachedReference = null
      cachedService = null
    libraryReg = class org.eclipse.osgi.internal.serviceregistry.ServiceRegistrationImpl@42b3514c
      registry = class org.eclipse.osgi.internal.serviceregistry.ServiceRegistry@7fd1d5a
      context = class org.eclipse.osgi.internal.framework.BundleContextImpl@334183a9
      bundle = class org.eclipse.osgi.internal.framework.EquinoxBundle@2854e393
      clazzes = class java.lang.String[1]
      service = class com.ibm.ws.library.internal.SharedLibraryImpl@3b9e0a98
      reference = class org.eclipse.osgi.internal.serviceregistry.ServiceReferenceImpl@71c9094c
      contextsUsing = class java.util.ArrayList@7e62bb35
      properties = class java.util.Collections$UnmodifiableMap@111a7e6e
      serviceid = 288
      serviceranking = 0
      registrationLock = class java.lang.Object@b96f025
      state = 0
      REGISTERED = 0
      UNREGISTERING = 1
      UNREGISTERED = 2
      FRAMEWORK_SET_SERVICE_PROPERTIES_COUNT = 4
      $assertionsDisabled = true
    ctx = class org.eclipse.osgi.internal.framework.BundleContextImpl@334183a9
      valid = true
      bundle = class org.eclipse.osgi.internal.framework.EquinoxBundle@2854e393
      container = class org.eclipse.osgi.internal.framework.EquinoxContainer@ee191cd
      debug = class org.eclipse.osgi.internal.debug.Debug@4b2d859e
      servicesInUse = class java.util.HashMap@7ff3f889
      activator = null
      contextLock = class java.lang.Object@519ae06d
    classLoadingService = class com.ibm.ws.classloading.internal.ClassLoadingServiceImpl@7f129502
    configAdmin = class com.ibm.ws.config.admin.internal.ConfigurationAdminImpl@5b2a69c0
      tc = class com.ibm.websphere.ras.TraceComponent@727e32f2
      bundle = class org.eclipse.osgi.internal.framework.EquinoxBundle@2854e393
      caFactory = class com.ibm.ws.config.admin.internal.ConfigAdminServiceFactory@5fde5bc7
      serialVersionUID = -2875522750804142523
    resolvedBasePath = "E:/facultate/master/java/java/tehnologii_java/documents/documents/target/liberty/wlp/usr/servers/documents/"
    generationLock = class com.ibm.ws.library.internal.SharedLibraryImpl$1@5047b551
      this$0 = class com.ibm.ws.library.internal.SharedLibraryImpl@3b9e0a98
      serialVersionUID = 2483639803450672373
      $$$tc$$$ = class com.ibm.websphere.ras.TraceComponent@64e98694
    currentGeneration = class com.ibm.ws.library.internal.LibraryGeneration@423608b1
      tc = class com.ibm.websphere.ras.TraceComponent@44799448
      nextInt = class java.util.concurrent.atomic.AtomicInteger@2b82f2ee
      libraryId = "global"
      genId = 0
      libraryProps = class java.util.Hashtable@54120676
      filesetRefs = class java.util.Collections$UnmodifiableRandomAccessList@296f5817
      apiTypeVisibility = class java.util.RegularEnumSet@1f862d1
      files = class java.util.Collections$EmptyList@43066017
      folders = class java.util.ArrayList@3dd1f582
      fileAndFolderContainers = class java.util.Collections$EmptyList@43066017
      filesets = class java.util.concurrent.ArrayBlockingQueue@79b465f8
      filesetListenerRegs = class java.util.concurrent.ConcurrentLinkedQueue@2ac82539
      cancelled = false
      library = class com.ibm.ws.library.internal.SharedLibraryImpl@3b9e0a98
      serialVersionUID = 6965220007121905717
    nextGeneration = class com.ibm.ws.library.internal.LibraryGeneration@423608b1
    artifactContainerFactory = class com.ibm.ws.library.internal.SharedLibraryFactory$1@c5a8667
      this$0 = class com.ibm.ws.library.internal.SharedLibraryFactory@34000b82
      serialVersionUID = 7730244564205089330
      $$$tc$$$ = class com.ibm.websphere.ras.TraceComponent@1cd0daae
    packageExporter = class com.ibm.ws.library.internal.LibraryPackageExporter@4b68a45
      EXPORTER_POSTFIX = "_library_exporter"
      REGION_EXPORT_TO_LIBERTY = "liberty.library.export.to.liberty"
      REGION_EXPORT_TO_OSGI_APPS = "liberty.library.export.to.osgi.app"
      REGION_KERNEL = "org.eclipse.equinox.region.kernel"
      counter = class java.util.concurrent.atomic.AtomicLong@3299e8aa
      context = class org.eclipse.osgi.internal.framework.BundleContextImpl@334183a9
      digraph = class org.eclipse.equinox.internal.region.StandardRegionDigraph@a15bf15
      bundleToLibrary = class java.util.concurrent.ConcurrentHashMap@3406ef1c
      libraryToVisibility = class java.util.concurrent.ConcurrentHashMap@627b1b5d
      serialVersionUID = 8074378969667956573
      $$$tc$$$ = class com.ibm.websphere.ras.TraceComponent@177aff15
    serialVersionUID = 6288237618632180389
  sharedLibDeploymentInfo = class com.ibm.ws.app.manager.module.internal.DeployedAppInfoBase$SharedLibDeploymentInfo@5baacb5
    locAdmin = class com.ibm.ws.kernel.service.location.internal.WsLocationAdminImpl@7a81c3ed
      tc = class com.ibm.websphere.ras.TraceComponent@30c53b6a
      LOC_INTERNAL_LIB_DIR = "wlp.lib.dir"
      LOC_INTERNAL_WORKAREA_DIR = "wlp.workarea.dir"
      LOC_AREA_NAME_APPS = "shared/apps/"
      LOC_AREA_NAME_CONFIG = "shared/config/"
      LOC_AREA_NAME_RESC = "shared/resources/"
      LOC_AREA_NAME_STATE = "logs/state/"
      LOC_AREA_NAME_SERVERS = "servers/"
      LOC_AREA_NAME_CLIENTS = "clients/"
      LOC_AREA_NAME_WORKING = "workarea/"
      LOC_AREA_NAME_EXTENSION = "extension/"
      instance = class com.ibm.ws.kernel.service.location.internal.WsLocationAdminImpl@7a81c3ed
      installRoot = class com.ibm.ws.kernel.service.location.internal.SymbolicRootResource@2d0bf039
      installParentRoot = class com.ibm.ws.kernel.service.location.internal.SymbolicRootResource@b9b03d1
      userRoot = class com.ibm.ws.kernel.service.location.internal.SymbolicRootResource@353b3672
      usrExtensionRoot = class com.ibm.ws.kernel.service.location.internal.SymbolicRootResource@1dd6c909
      serverConfigDir = class com.ibm.ws.kernel.service.location.internal.SymbolicRootResource@6f2e78b2
      serverOutputDir = class com.ibm.ws.kernel.service.location.internal.SymbolicRootResource@6f2e78b2
      bootstrapLib = class com.ibm.ws.kernel.service.location.internal.LocalFileResource@3c787b0d
      serverWorkarea = class com.ibm.ws.kernel.service.location.internal.LocalFileResource@501c4256
      serverState = class com.ibm.ws.kernel.service.location.internal.LocalFileResource@7b2957dd
      sharedAppsRoot = class com.ibm.ws.kernel.service.location.internal.SymbolicRootResource@67de4be2
      sharedConfigRoot = class com.ibm.ws.kernel.service.location.internal.SymbolicRootResource@1801e407
      sharedResourceRoot = class com.ibm.ws.kernel.service.location.internal.SymbolicRootResource@2abd0ba3
      tmpRoot = class com.ibm.ws.kernel.service.location.internal.SymbolicRootResource@1b9b2696
      serverName = "documents"
      resourcePaths = class java.util.ArrayList@e0fef5c
      resourceGroups = class java.util.HashMap@19b90346
      commonRoot = class com.ibm.ws.kernel.service.location.internal.VirtualRootResource@5b9bf3c1
      serialVersionUID = -5748835026800463299
    artifactFactory = class com.ibm.ws.artifact.internal.ArtifactContainerFactoryService@157e1c33
      CATEGORY_PROP_NAME = "category"
      ENTRY_KEY = "com.ibm.wsspi.artifact.ArtifactEntry"
      helperMap = class com.ibm.wsspi.kernel.service.utils.ConcurrentServiceReferenceSetMap@395c6395
      contributorMap = class com.ibm.wsspi.kernel.service.utils.ConcurrentServiceReferenceSetMap@5513fea4
      helperCategoryMap = class com.ibm.wsspi.kernel.service.utils.ConcurrentServiceReferenceSetMap@396323ba
      contributorCategoryMap = class com.ibm.wsspi.kernel.service.utils.ConcurrentServiceReferenceSetMap@256db7eb
      categories = class java.util.Collections$SynchronizedSet@7f773818
      baseProperties = class org.apache.felix.scr.impl.helper.ReadOnlyDictionary@355b0f8c
      registration = class com.ibm.ws.kernel.service.util.ServiceRegistrationModifier@1505946e
      serialVersionUID = 6566424214406946230
      $$$tc$$$ = class com.ibm.websphere.ras.TraceComponent@2cfee28e
    moduleFactory = class com.ibm.ws.adaptable.module.internal.AdaptableModuleFactoryImpl@3b036462
      adapterFactoryService = class com.ibm.ws.adaptable.module.internal.AdapterFactoryServiceImpl@2513b7a6
      containerFactory = class com.ibm.ws.artifact.internal.ArtifactContainerFactoryService@157e1c33
      overlayContainerFactory = class com.ibm.ws.artifact.overlay.internal.OverlayContainerFactoryImpl@1ea4baf9
      serialVersionUID = 4200251809856292987
      $$$tc$$$ = class com.ibm.websphere.ras.TraceComponent@1128ab24
    classesContainerInfo = class java.util.ArrayList@71c9c3f7
      serialVersionUID = 8683452581122892189
      DEFAULT_CAPACITY = 10
      EMPTY_ELEMENTDATA = class java.lang.Object[0]
      DEFAULTCAPACITY_EMPTY_ELEMENTDATA = class java.lang.Object[0]
      elementData = class java.lang.Object[0]
      size = 0
      MAX_ARRAY_SIZE = 2147483639
      modCount = 0
      MAX_ARRAY_SIZE = 2147483639
    serialVersionUID = 5154735746662585226
    $$$tc$$$ = class com.ibm.websphere.ras.TraceComponent@40484b31
      strings[0] = "TraceComponent[com.ibm.ws.app.manager.module.internal.DeployedAppInfoBase$SharedLibDeploymentInfo,class com.ibm.ws.app.manager.module.internal.DeployedAppInfoBase$SharedLibDeploymentInfo,[applications, app.manager],null,null]"
  configAdmin = class com.ibm.ws.config.admin.internal.ConfigurationAdminImpl@7be10522
    tc = class com.ibm.websphere.ras.TraceComponent@727e32f2
      strings[0] = "TraceComponent[com.ibm.ws.config.admin.internal.ConfigurationAdminImpl,class com.ibm.ws.config.admin.internal.ConfigurationAdminImpl,[config],com.ibm.ws.config.internal.resources.ConfigMessages,null]"
    bundle = class org.eclipse.osgi.internal.framework.EquinoxBundle@111d2e12
      equinoxContainer = class org.eclipse.osgi.internal.framework.EquinoxContainer@ee191cd
      module = class org.eclipse.osgi.internal.framework.EquinoxBundle$EquinoxModule@54564ba9
      monitor = class java.lang.Object@6b37619d
      context = class org.eclipse.osgi.internal.framework.BundleContextImpl@b8c17d3
      signerInfos = null
      $SWITCH_TABLE$org$eclipse$osgi$container$Module$State = {1,2,3,4,5,6,7} /* array length = 7 */
    caFactory = class com.ibm.ws.config.admin.internal.ConfigAdminServiceFactory@5fde5bc7
      tc = class com.ibm.websphere.ras.TraceComponent@5754a991
      configurationPermission = class org.osgi.service.cm.ConfigurationPermission@3560af58
      INDEX_DICTIONARY = 0
      INDEX_LOCATION = 1
      INDEX_METATYPE_PROCESSED = 2
      INDEX_IN_OVERRIDES_FILE = 3
      INDEX_REFERENCES = 4
      INDEX_UNIQUES = 5
      bundleContext = class org.eclipse.osgi.internal.framework.BundleContextImpl@8887df4
      msTracker = class com.ibm.ws.config.admin.internal.ManagedServiceTracker@530db15e
      msfTracker = class com.ibm.ws.config.admin.internal.ManagedServiceFactoryTracker@3e6192b
      pluginManager = class com.ibm.ws.config.admin.internal.PluginManager@54a5f582
      configurationStore = class com.ibm.ws.config.admin.internal.ConfigurationStore@640f9a21
      updateQueue = class com.ibm.ws.config.admin.internal.UpdateQueue@5a3650bf
      ced = class com.ibm.ws.config.admin.internal.ConfigEventDispatcher@692a2593
      idMap = class java.util.Collections$SynchronizedMap@12d8d4d1
      referenceMap = class java.util.Collections$SynchronizedMap@a1e9a39
      variableRegistryTracker = class org.osgi.util.tracker.ServiceTracker@62c5806d
      variableRegistry = class com.ibm.ws.kernel.service.location.internal.VariableRegistryHelper@5a7b371b
      configurationAdminRef = class org.eclipse.osgi.internal.serviceregistry.ServiceRegistrationImpl@1d45d458
      serialVersionUID = 6695202270027014725
    serialVersionUID = -2875522750804142523
  libraryConfigHelper = class com.ibm.ws.classloading.ClassLoaderConfigHelper@10b035d9
    tc = class com.ibm.websphere.ras.TraceComponent@3ebecb53
      strings[0] = "TraceComponent[com.ibm.ws.classloading.ClassLoaderConfigHelper,class com.ibm.ws.classloading.ClassLoaderConfigHelper,[ClassLoadingService],com.ibm.ws.classloading.internal.resources.ClassLoadingServiceMessages,null]"
    DEFAULT_API_TYPES = class java.util.RegularEnumSet@1bb7b4b8
      serialVersionUID = 3411599620347842686
      elements = 23
      elementType = class java.lang.Class@304eb688
      universe = class com.ibm.wsspi.classloading.ApiType[5]
      ZERO_LENGTH_ENUM_ARRAY = class java.lang.Enum[0]
      MAX_ARRAY_SIZE = 2147483639
    sharedLibraries = class java.util.Collections$EmptyList@43066017
      serialVersionUID = 8842843931221139166
      modCount = 0
      MAX_ARRAY_SIZE = 2147483639
    commonLibraries = class java.util.Collections$EmptyList@43066017
    classProviders = class java.util.Collections$EmptyList@43066017
    sharedLibrariesPids = null
    commonLibrariesPids = null
    isDelegateLast = false
    apiTypes = class java.util.RegularEnumSet@73d23e90
      serialVersionUID = 3411599620347842686
      elements = 31
      elementType = class java.lang.Class@304eb688
      universe = class com.ibm.wsspi.classloading.ApiType[5]
      ZERO_LENGTH_ENUM_ARRAY = class java.lang.Enum[0]
      MAX_ARRAY_SIZE = 2147483639
    classLoaderConfigProps = class com.ibm.ws.config.admin.ConfigurationDictionary@28ea71e7
      serialVersionUID = 7966152868712543805
      simpleTypes = class java.util.Arrays$ArrayList@6e85da51
      primitiveArrayTypes = class java.util.Arrays$ArrayList@4923a36a
      simpleArrayTypes = class java.util.Arrays$ArrayList@5e8f5e4f
      extendedTypes = class java.util.Arrays$ArrayList@704633e7
      CASE_INSENSITIVE = class com.ibm.ws.config.admin.ConfigurationDictionary$CaseInsensitive@305138ec
      properties = class java.util.Collections$SynchronizedMap@208a2144
    serialVersionUID = 7643888529935916418
  isDelegateLast = false
  permissionManager = class com.ibm.ws.classloading.java2sec.PermissionManager@5b31279d
    tc = class com.ibm.websphere.ras.TraceComponent@6703c049
      strings[0] = "TraceComponent[com.ibm.ws.classloading.java2sec.PermissionManager,class com.ibm.ws.classloading.java2sec.PermissionManager,[Java2SecurityUtil],com.ibm.ws.classloading.internal.resources.Java2SecurityUtilMessages,null]"
    bundleContext = class org.eclipse.osgi.internal.framework.BundleContextImpl@334183a9
    classLoadingService = class com.ibm.ws.classloading.internal.ClassLoadingServiceImpl@7f129502
    DEFAULT_SERVER_RESTRICTABLE_PERMISSIONS = class java.security.Permission[4]
      Permission[0] = class java.lang.RuntimePermission@3da899c8
      Permission[1] = class java.lang.RuntimePermission@3b89ef62
      Permission[2] = class java.security.SecurityPermission@4f0e49a9
      Permission[3] = class javax.security.auth.AuthPermission@348a0593
    DEFAULT_CLIENT_RESTRICTABLE_PERMISSIONS = class java.security.Permission[3]
      Permission[0] = class java.lang.RuntimePermission@3d8ee2d7
      Permission[1] = class java.security.SecurityPermission@79180285
      Permission[2] = class javax.security.auth.AuthPermission@48b4ff8a
    isServer = true
    wsjarUrlStreamHandlerAvailable = true
    restrictablePermissions = class java.util.ArrayList@19430490
      serialVersionUID = 8683452581122892189
      DEFAULT_CAPACITY = 10
      EMPTY_ELEMENTDATA = class java.lang.Object[0]
      DEFAULTCAPACITY_EMPTY_ELEMENTDATA = class java.lang.Object[0]
      elementData = class java.lang.Object[10]
      size = 4
      MAX_ARRAY_SIZE = 2147483639
      modCount = 4
      MAX_ARRAY_SIZE = 2147483639
    javaAllCodeBasePermissions = class java.util.ArrayList@213a0bc7
      serialVersionUID = 8683452581122892189
      DEFAULT_CAPACITY = 10
      EMPTY_ELEMENTDATA = class java.lang.Object[0]
      DEFAULTCAPACITY_EMPTY_ELEMENTDATA = class java.lang.Object[0]
      elementData = class java.lang.Object[22]
      size = 21
      MAX_ARRAY_SIZE = 2147483639
      modCount = 21
      MAX_ARRAY_SIZE = 2147483639
    expandProps = true
    grantedPermissions = class java.util.ArrayList@5ffeb72b
      serialVersionUID = 8683452581122892189
      DEFAULT_CAPACITY = 10
      EMPTY_ELEMENTDATA = class java.lang.Object[0]
      DEFAULTCAPACITY_EMPTY_ELEMENTDATA = class java.lang.Object[0]
      elementData = class java.lang.Object[10]
      size = 1
      MAX_ARRAY_SIZE = 2147483639
      modCount = 1
      MAX_ARRAY_SIZE = 2147483639
    KEY_PERMISSION = "permission"
    INCORRECT_PERMISSION_CONFIGURATION = "INCORRECT_PERMISSION_CONFIGURATION"
    PERMISSION_CLASSNOTFOUND = "PERMISSION_CLASSNOTFOUND"
    SERVER_XML = "server.xml"
    CLIENT_XML = "client.xml"
    JAVA_POLICY = "java.policy"
    os_name = "Windows 10"
    os_version = "10.0"
    originationFile = "server.xml"
    permissions = class com.ibm.wsspi.kernel.service.utils.ConcurrentServiceReferenceSet@2bd7d49b
      referenceName = "permission"
      contextRef = class java.util.concurrent.atomic.AtomicReference@25f1a493
      elementMap = class java.util.LinkedHashMap@181f51d1
      elementSet = class java.util.concurrent.ConcurrentSkipListSet@1d507612
      elementSetUnsorted = false
      serialVersionUID = 756240983881166148
      $$$tc$$$ = class com.ibm.websphere.ras.TraceComponent@5ae3042b
    codeBasePermissionMap = class java.util.HashMap@2ab122f5
      serialVersionUID = 362498820763181265
      DEFAULT_INITIAL_CAPACITY = 16
      MAXIMUM_CAPACITY = 1073741824
      DEFAULT_LOAD_FACTOR = 0.75
      TREEIFY_THRESHOLD = 8
      UNTREEIFY_THRESHOLD = 6
      MIN_TREEIFY_CAPACITY = 64
      table = class java.util.HashMap$Node[16]
      entrySet = null
      size = 1
      modCount = 1
      threshold = 12
      loadFactor = 0.75
      keySet = class java.util.HashMap$KeySet@793f8ebe
      values = null
    permissionXMLPermissionMap = class java.util.HashMap@5b246057
      serialVersionUID = 362498820763181265
      DEFAULT_INITIAL_CAPACITY = 16
      MAXIMUM_CAPACITY = 1073741824
      DEFAULT_LOAD_FACTOR = 0.75
      TREEIFY_THRESHOLD = 8
      UNTREEIFY_THRESHOLD = 6
      MIN_TREEIFY_CAPACITY = 64
      table = null
      entrySet = null
      size = 0
      modCount = 0
      threshold = 0
      loadFactor = 0.75
      keySet = null
      values = null
    serialVersionUID = 8583289148510585888
  permissionsConfig = null
  serialVersionUID = 1131686356392279747
  appInfo = class com.ibm.ws.container.service.app.deploy.internal.ApplicationInfoImpl@32dbb90c
    appName = "documents"
    appMetaData = class com.ibm.ws.container.service.app.deploy.internal.ApplicationMetaDataImpl@5f5ed2d3
      j2eeName = class com.ibm.ws.container.service.metadata.internal.J2EENameImpl@53a99e48
      serialVersionUID = -7906531148367236579
      $$$tc$$$ = class com.ibm.websphere.ras.TraceComponent@2fcab5e3
      tc = class com.ibm.websphere.ras.TraceComponent@1b96d29c
      NUM_STATIC_SLOTS = 4
      ID_UNINITIALIZED = -1
      id = 6
      metaDataInterface = class java.lang.Class@13dce8e2
      staticSlots = class java.lang.Object[4]
      dynamicSlots = null
    appContainer = class com.ibm.ws.adaptable.module.internal.AdaptableContainerImpl@5af3a5f8
    configHelper = class com.ibm.ws.app.manager.module.ApplicationNestedConfigHelper@6c35a7f8
      appInfo = class com.ibm.ws.app.manager.internal.ApplicationInstallInfo@702a4f44
      serialVersionUID = -3174031738676705046
      $$$tc$$$ = class com.ibm.websphere.ras.TraceComponent@128480c8
    applicationInformation = class com.ibm.ws.app.manager.internal.ApplicationInstallInfo@702a4f44
    serialVersionUID = 5227817860647895780
    $$$tc$$$ = class com.ibm.websphere.ras.TraceComponent@197cae14
      strings[0] = "TraceComponent[com.ibm.ws.container.service.app.deploy.internal.ApplicationInfoImpl,class com.ibm.ws.container.service.app.deploy.internal.ApplicationInfoImpl,[container.service],com.ibm.ws.container.service.resources.Messages,null]"
  appInfoRegistration = null
  modulesDeployed = class java.util.ArrayList@b3ee74a
    serialVersionUID = 8683452581122892189
    DEFAULT_CAPACITY = 10
    EMPTY_ELEMENTDATA = class java.lang.Object[0]
    DEFAULTCAPACITY_EMPTY_ELEMENTDATA = class java.lang.Object[0]
    elementData = class java.lang.Object[10]
      Object[0] = class com.ibm.ws.app.manager.module.internal.DeployedModuleInfoImpl@43ba52fd
      Object[1] = null
      Object[2] = null
      Object[3] = null
      Object[4] = null
      Object[5] = null
      Object[6] = null
      Object[7] = null
      Object[8] = null
      Object[9] = null
    size = 1
    MAX_ARRAY_SIZE = 2147483639
    modCount = 1
    MAX_ARRAY_SIZE = 2147483639
  starting = true
  started = false
  deployedAppServices = class com.ibm.ws.app.manager.module.internal.DeployedAppServicesImpl@78853b1a
    SERVER_APPS_DIR = "${server.output.dir}/apps/"
    EXPANDED_APPS_DIR = "${server.output.dir}/apps/expanded/"
    bundleContext = class org.eclipse.osgi.internal.framework.BundleContextImpl@b8c17d3
      valid = true
      bundle = class org.eclipse.osgi.internal.framework.EquinoxBundle@111d2e12
      container = class org.eclipse.osgi.internal.framework.EquinoxContainer@ee191cd
      debug = class org.eclipse.osgi.internal.debug.Debug@4b2d859e
      servicesInUse = class java.util.HashMap@4d3d2ce7
      activator = null
      contextLock = class java.lang.Object@53c323b4
    applicationInfoFactory = class com.ibm.ws.container.service.app.deploy.internal.ApplicationInfoFactoryImpl@698ad72e
    futureMonitor = class com.ibm.ws.threading.internal.FutureMonitorImpl@521a305f
    classLoadingService = class com.ibm.ws.classloading.internal.ClassLoadingServiceImpl@7f129502
    globalSharedLibrary = class com.ibm.ws.library.internal.SharedLibraryImpl@3b9e0a98
    globalSharedLibraryPid = "com.ibm.ws.classloading.sharedlibrary_19"
    configAdmin = class com.ibm.ws.config.admin.internal.ConfigurationAdminImpl@7be10522
    metaDataService = class com.ibm.ws.container.service.metadata.internal.MetaDataServiceImpl@3bd5184d
    stateChangeService = class com.ibm.ws.container.service.state.internal.StateChangeServiceImpl@4bef16e6
    allModuleTypes = class java.lang.String[4]
      String[0] = "ejb"
      String[1] = "web"
      String[2] = "client"
      String[3] = "connector"
    moduleMetaDataExtenders = class java.util.concurrent.ConcurrentHashMap@776b1988
      serialVersionUID = 7249069246763182397
      MAXIMUM_CAPACITY = 1073741824
      DEFAULT_CAPACITY = 16
      MAX_ARRAY_SIZE = 2147483639
      DEFAULT_CONCURRENCY_LEVEL = 16
      LOAD_FACTOR = 0.75
      TREEIFY_THRESHOLD = 8
      UNTREEIFY_THRESHOLD = 6
      MIN_TREEIFY_CAPACITY = 64
      MIN_TRANSFER_STRIDE = 16
      RESIZE_STAMP_BITS = 16
      MAX_RESIZERS = 65535
      RESIZE_STAMP_SHIFT = 16
      MOVED = -1
      TREEBIN = -2
      RESERVED = -3
      HASH_BITS = 2147483647
      NCPU = 8
      serialPersistentFields = class java.io.ObjectStreamField[3]
      table = class java.util.concurrent.ConcurrentHashMap$Node[16]
      nextTable = null
      baseCount = 4
      sizeCtl = 12
      transferIndex = 0
      cellsBusy = 0
      counterCells = null
      keySet = null
      values = null
      entrySet = null
      U = class sun.misc.Unsafe@3243dcec
      SIZECTL = 20
      TRANSFERINDEX = 32
      BASECOUNT = 24
      CELLSBUSY = 36
      CELLVALUE = 144
      ABASE = 16
      ASHIFT = 2
      keySet = null
      values = null
    nestedModuleMetaDataFactories = class java.util.concurrent.ConcurrentHashMap@2b0dcdb2
      serialVersionUID = 7249069246763182397
      MAXIMUM_CAPACITY = 1073741824
      DEFAULT_CAPACITY = 16
      MAX_ARRAY_SIZE = 2147483639
      DEFAULT_CONCURRENCY_LEVEL = 16
      LOAD_FACTOR = 0.75
      TREEIFY_THRESHOLD = 8
      UNTREEIFY_THRESHOLD = 6
      MIN_TREEIFY_CAPACITY = 64
      MIN_TRANSFER_STRIDE = 16
      RESIZE_STAMP_BITS = 16
      MAX_RESIZERS = 65535
      RESIZE_STAMP_SHIFT = 16
      MOVED = -1
      TREEBIN = -2
      RESERVED = -3
      HASH_BITS = 2147483647
      NCPU = 8
      serialPersistentFields = class java.io.ObjectStreamField[3]
      table = class java.util.concurrent.ConcurrentHashMap$Node[16]
      nextTable = null
      baseCount = 4
      sizeCtl = 12
      transferIndex = 0
      cellsBusy = 0
      counterCells = null
      keySet = null
      values = null
      entrySet = null
      U = class sun.misc.Unsafe@3243dcec
      SIZECTL = 20
      TRANSFERINDEX = 32
      BASECOUNT = 24
      CELLSBUSY = 36
      CELLVALUE = 144
      ABASE = 16
      ASHIFT = 2
      keySet = null
      values = null
    permissionManager = class com.ibm.ws.classloading.java2sec.PermissionManager@5b31279d
    locAdmin = class com.ibm.ws.kernel.service.location.internal.WsLocationAdminImpl@7a81c3ed
    artifactFactory = class com.ibm.ws.artifact.internal.ArtifactContainerFactoryService@157e1c33
    moduleFactory = class com.ibm.ws.adaptable.module.internal.AdaptableModuleFactoryImpl@3b036462
    serialVersionUID = 8537801607979767986
    $$$tc$$$ = class com.ibm.websphere.ras.TraceComponent@65d00eb3
      strings[0] = "TraceComponent[com.ibm.ws.app.manager.module.internal.DeployedAppServicesImpl,class com.ibm.ws.app.manager.module.internal.DeployedAppServicesImpl,[applications, app.manager],null,null]"
  futureMonitor = class com.ibm.ws.threading.internal.FutureMonitorImpl@521a305f
    _monitor = class java.util.concurrent.ConcurrentLinkedQueue@3180c18c
      serialVersionUID = 196745693267521676
      head = class java.util.concurrent.ConcurrentLinkedQueue$Node@345c548b
      tail = class java.util.concurrent.ConcurrentLinkedQueue$Node@345c548b
      UNSAFE = class sun.misc.Unsafe@3243dcec
      headOffset = 12
      tailOffset = 16
      MAX_ARRAY_SIZE = 2147483639
    _executor = class com.ibm.ws.threading.internal.ScheduledExecutorImpl@624eac65
      threadGroupName = "Scheduled Executor Thread Group"
      executor = class com.ibm.ws.threading.internal.ExecutorServiceImpl@411ab5fa
      serialVersionUID = -9110693807503469597
      $$$tc$$$ = class com.ibm.websphere.ras.TraceComponent@5ec7b63d
      continueExistingPeriodicTasksAfterShutdown = false
      executeExistingDelayedTasksAfterShutdown = true
      removeOnCancel = false
      sequencer = class java.util.concurrent.atomic.AtomicLong@69721b80
      ctl = class java.util.concurrent.atomic.AtomicInteger@5cb76dd5
      COUNT_BITS = 29
      CAPACITY = 536870911
      RUNNING = -536870912
      SHUTDOWN = 0
      STOP = 536870912
      TIDYING = 1073741824
      TERMINATED = 1610612736
      workQueue = class java.util.concurrent.ScheduledThreadPoolExecutor$DelayedWorkQueue@645245c4
      mainLock = class java.util.concurrent.locks.ReentrantLock@5290f8a
      workers = class java.util.HashSet@7cfebab4
      termination = class java.util.concurrent.locks.AbstractQueuedSynchronizer$ConditionObject@1b40a93b
      largestPoolSize = 1
      completedTaskCount = 0
      threadFactory = class com.ibm.ws.threading.internal.ThreadFactoryImpl@2052b48e
      handler = class java.util.concurrent.ThreadPoolExecutor$AbortPolicy@29f0812a
      keepAliveTime = 0
      allowCoreThreadTimeOut = false
      corePoolSize = 1
      maximumPoolSize = 2147483647
      defaultHandler = class java.util.concurrent.ThreadPoolExecutor$AbortPolicy@29f0812a
      shutdownPerm = class java.lang.RuntimePermission@37e7ec5e
      acc = null
      ONLY_ONE = true
      $assertionsDisabled = true
    _threadRunning = class java.util.concurrent.atomic.AtomicBoolean@7a926050
      serialVersionUID = 4654671469794556979
      unsafe = class sun.misc.Unsafe@3243dcec
      valueOffset = 12
      value = 0
    _thread = class com.ibm.ws.threading.internal.FutureMonitorImpl$1@4f342ef7
      this$0 = class com.ibm.ws.threading.internal.FutureMonitorImpl@521a305f
      serialVersionUID = 2422512430832938099
      $$$tc$$$ = class com.ibm.websphere.ras.TraceComponent@46b9c9e5
    serialVersionUID = 2765238413969174390
    $$$tc$$$ = class com.ibm.websphere.ras.TraceComponent@4846b1a4
      strings[0] = "TraceComponent[com.ibm.ws.threading.internal.FutureMonitorImpl,class com.ibm.ws.threading.internal.FutureMonitorImpl,[Threading],com.ibm.ws.threading.internal.resources.ThreadingMessages,null]"
  appInfoFactory = class com.ibm.ws.container.service.app.deploy.internal.ApplicationInfoFactoryImpl@698ad72e
    j2eeNameFactory = class com.ibm.wsspi.kernel.service.utils.AtomicServiceReference@6b2c0955
      referenceName = "j2eeNameFactory"
      tuple = class java.util.concurrent.atomic.AtomicReference@56e57ca7
      serialVersionUID = 2226592364007985000
      $$$tc$$$ = class com.ibm.websphere.ras.TraceComponent@53af3680
    names = class java.util.HashSet@742a42c
      serialVersionUID = -5024744406713321676
      map = class java.util.HashMap@7b3670f2
      PRESENT = class java.lang.Object@3e334b7f
      MAX_ARRAY_SIZE = 2147483639
    serialVersionUID = 6232436640731165768
    $$$tc$$$ = class com.ibm.websphere.ras.TraceComponent@69401a7c
      strings[0] = "TraceComponent[com.ibm.ws.container.service.app.deploy.internal.ApplicationInfoFactoryImpl,class com.ibm.ws.container.service.app.deploy.internal.ApplicationInfoFactoryImpl,[container.service],com.ibm.ws.container.service.resources.Messages,null]"
  metaDataService = class com.ibm.ws.container.service.metadata.internal.MetaDataServiceImpl@3bd5184d
    applicationMetaDataManager = class com.ibm.ws.container.service.metadata.internal.ApplicationMetaDataManager@7739f1f4
      serialVersionUID = 1843747281024490904
      $$$tc$$$ = class com.ibm.websphere.ras.TraceComponent@7aa3bda8
      listeners = class com.ibm.wsspi.kernel.service.utils.ConcurrentServiceReferenceSet@2d64a6b
      metaDataIDs = class com.ibm.ws.container.service.metadata.internal.IndexList@3548e626
      metaDatas = class java.util.ArrayList@6aab69a6
      slotIDs = class com.ibm.ws.container.service.metadata.internal.IndexList@1cee3825
      serialVersionUID = 5464421863354792977
      $$$tc$$$ = class com.ibm.websphere.ras.TraceComponent@49db974f
    moduleMetaDataManager = class com.ibm.ws.container.service.metadata.internal.ModuleMetaDataManager@df2faf9
      serialVersionUID = 2513574389899327209
      $$$tc$$$ = class com.ibm.websphere.ras.TraceComponent@27bd718e
      listeners = class com.ibm.wsspi.kernel.service.utils.ConcurrentServiceReferenceSet@7d030d57
      metaDataIDs = class com.ibm.ws.container.service.metadata.internal.IndexList@5c090965
      metaDatas = class java.util.ArrayList@1ad15dd1
      slotIDs = class com.ibm.ws.container.service.metadata.internal.IndexList@51d08253
      serialVersionUID = 5464421863354792977
      $$$tc$$$ = class com.ibm.websphere.ras.TraceComponent@49db974f
    componentMetaDataManager = class com.ibm.ws.container.service.metadata.internal.ComponentMetaDataManager@64c0b41
      serialVersionUID = 8629793739641703882
      $$$tc$$$ = class com.ibm.websphere.ras.TraceComponent@d4a77e8
      listeners = class com.ibm.wsspi.kernel.service.utils.ConcurrentServiceReferenceSet@6532011c
      metaDataIDs = class com.ibm.ws.container.service.metadata.internal.IndexList@339cf93d
      metaDatas = class java.util.ArrayList@426d7e0b
      slotIDs = class com.ibm.ws.container.service.metadata.internal.IndexList@5cac6e50
      serialVersionUID = 5464421863354792977
      $$$tc$$$ = class com.ibm.websphere.ras.TraceComponent@49db974f
    methodMetaDataManager = class com.ibm.ws.container.service.metadata.internal.MethodMetaDataManager@1ac8dcc1
      serialVersionUID = -8002489041502300640
      $$$tc$$$ = class com.ibm.websphere.ras.TraceComponent@692ef79d
      listeners = class com.ibm.wsspi.kernel.service.utils.ConcurrentServiceReferenceSet@4cee2d1e
      metaDataIDs = class com.ibm.ws.container.service.metadata.internal.IndexList@63ce60e
      metaDatas = class java.util.ArrayList@3f09c066
      slotIDs = class com.ibm.ws.container.service.metadata.internal.IndexList@502e20a2
      serialVersionUID = 5464421863354792977
      $$$tc$$$ = class com.ibm.websphere.ras.TraceComponent@49db974f
    appModuleNameToModuleContainer = class java.util.concurrent.ConcurrentHashMap@22c6283d
      serialVersionUID = 7249069246763182397
      MAXIMUM_CAPACITY = 1073741824
      DEFAULT_CAPACITY = 16
      MAX_ARRAY_SIZE = 2147483639
      DEFAULT_CONCURRENCY_LEVEL = 16
      LOAD_FACTOR = 0.75
      TREEIFY_THRESHOLD = 8
      UNTREEIFY_THRESHOLD = 6
      MIN_TREEIFY_CAPACITY = 64
      MIN_TRANSFER_STRIDE = 16
      RESIZE_STAMP_BITS = 16
      MAX_RESIZERS = 65535
      RESIZE_STAMP_SHIFT = 16
      MOVED = -1
      TREEBIN = -2
      RESERVED = -3
      HASH_BITS = 2147483647
      NCPU = 8
      serialPersistentFields = class java.io.ObjectStreamField[3]
      table = class java.util.concurrent.ConcurrentHashMap$Node[16]
      nextTable = null
      baseCount = 6
      sizeCtl = 12
      transferIndex = 0
      cellsBusy = 0
      counterCells = null
      keySet = null
      values = null
      entrySet = null
      U = class sun.misc.Unsafe@3243dcec
      SIZECTL = 20
      TRANSFERINDEX = 32
      BASECOUNT = 24
      CELLSBUSY = 36
      CELLVALUE = 144
      ABASE = 16
      ASHIFT = 2
      keySet = null
      values = null
    jeeNameToComponentMetaData = class java.util.concurrent.ConcurrentHashMap@38793bae
      serialVersionUID = 7249069246763182397
      MAXIMUM_CAPACITY = 1073741824
      DEFAULT_CAPACITY = 16
      MAX_ARRAY_SIZE = 2147483639
      DEFAULT_CONCURRENCY_LEVEL = 16
      LOAD_FACTOR = 0.75
      TREEIFY_THRESHOLD = 8
      UNTREEIFY_THRESHOLD = 6
      MIN_TREEIFY_CAPACITY = 64
      MIN_TRANSFER_STRIDE = 16
      RESIZE_STAMP_BITS = 16
      MAX_RESIZERS = 65535
      RESIZE_STAMP_SHIFT = 16
      MOVED = -1
      TREEBIN = -2
      RESERVED = -3
      HASH_BITS = 2147483647
      NCPU = 8
      serialPersistentFields = class java.io.ObjectStreamField[3]
      table = class java.util.concurrent.ConcurrentHashMap$Node[32]
      nextTable = null
      baseCount = 13
      sizeCtl = 24
      transferIndex = 0
      cellsBusy = 0
      counterCells = null
      keySet = null
      values = null
      entrySet = null
      U = class sun.misc.Unsafe@3243dcec
      SIZECTL = 20
      TRANSFERINDEX = 32
      BASECOUNT = 24
      CELLSBUSY = 36
      CELLVALUE = 144
      ABASE = 16
      ASHIFT = 2
      keySet = null
      values = null
    deferredMetaDataFactories = class com.ibm.wsspi.kernel.service.utils.ConcurrentServiceReferenceSet@5e8939e3
      referenceName = "deferredMetaDataFactory"
      contextRef = class java.util.concurrent.atomic.AtomicReference@14b32621
      elementMap = class java.util.LinkedHashMap@304d7a44
      elementSet = class java.util.concurrent.ConcurrentSkipListSet@7ad9217a
      elementSetUnsorted = false
      serialVersionUID = 756240983881166148
      $$$tc$$$ = class com.ibm.websphere.ras.TraceComponent@5ae3042b
    deferredMetaDataInitializers = class com.ibm.wsspi.kernel.service.utils.ConcurrentServiceReferenceMap@27bc827
      referenceName = "deferredMetaDataFactory"
      context = class org.apache.felix.scr.impl.manager.ComponentContextImpl@733885f
      elementMap = class java.util.concurrent.ConcurrentHashMap@2fce6116
      serialVersionUID = 6980924785166233786
      $$$tc$$$ = class com.ibm.websphere.ras.TraceComponent@712b39f5
    serialVersionUID = -2494605732980966097
    $$$tc$$$ = class com.ibm.websphere.ras.TraceComponent@618a4834
      strings[0] = "TraceComponent[com.ibm.ws.container.service.metadata.internal.MetaDataServiceImpl,class com.ibm.ws.container.service.metadata.internal.MetaDataServiceImpl,[Runtime],null,null]"
  stateChangeService = class com.ibm.ws.container.service.state.internal.StateChangeServiceImpl@4bef16e6
    applicationStateManager = class com.ibm.ws.container.service.state.internal.ApplicationStateManager@6211ab2c
      serialVersionUID = -6685368059484454124
      $$$tc$$$ = class com.ibm.websphere.ras.TraceComponent@4601b04b
      listeners = class com.ibm.wsspi.kernel.service.utils.ConcurrentServiceReferenceSet@1684a5af
      serialVersionUID = 2284273176985484160
      $$$tc$$$ = class com.ibm.websphere.ras.TraceComponent@2f1133de
    moduleStateManager = class com.ibm.ws.container.service.state.internal.ModuleStateManager@e5e1236
      serialVersionUID = -5540260902341249963
      $$$tc$$$ = class com.ibm.websphere.ras.TraceComponent@7d9a321f
      listeners = class com.ibm.wsspi.kernel.service.utils.ConcurrentServiceReferenceSet@482928e3
      serialVersionUID = 2284273176985484160
      $$$tc$$$ = class com.ibm.websphere.ras.TraceComponent@2f1133de
    serialVersionUID = -537917915330350560
    $$$tc$$$ = class com.ibm.websphere.ras.TraceComponent@23397c9d
      strings[0] = "TraceComponent[com.ibm.ws.container.service.state.internal.StateChangeServiceImpl,class com.ibm.ws.container.service.state.internal.StateChangeServiceImpl,[Runtime],null,null]"
  moduleClassesInfo = class com.ibm.ws.app.manager.module.internal.SimpleDeployedAppInfoBase$ModuleClassesInfoProvider@472dacca
    entryContainerInfosMap = class java.util.HashMap@69b64abf
      serialVersionUID = 362498820763181265
      DEFAULT_INITIAL_CAPACITY = 16
      MAXIMUM_CAPACITY = 1073741824
      DEFAULT_LOAD_FACTOR = 0.75
      TREEIFY_THRESHOLD = 8
      UNTREEIFY_THRESHOLD = 6
      MIN_TREEIFY_CAPACITY = 64
      table = null
      entrySet = null
      size = 0
      modCount = 0
      threshold = 0
      loadFactor = 0.75
      keySet = null
      values = null
    serialVersionUID = -70332790531324534
    $$$tc$$$ = class com.ibm.websphere.ras.TraceComponent@8df1019
      strings[0] = "TraceComponent[com.ibm.ws.app.manager.module.internal.SimpleDeployedAppInfoBase$ModuleClassesInfoProvider,class com.ibm.ws.app.manager.module.internal.SimpleDeployedAppInfoBase$ModuleClassesInfoProvider,[applications, app.manager],null,null]"
  moduleContainerInfos = class java.util.ArrayList@162102de
    serialVersionUID = 8683452581122892189
    DEFAULT_CAPACITY = 10
    EMPTY_ELEMENTDATA = class java.lang.Object[0]
    DEFAULTCAPACITY_EMPTY_ELEMENTDATA = class java.lang.Object[0]
    elementData = class java.lang.Object[10]
      Object[0] = class com.ibm.ws.app.manager.module.internal.SimpleDeployedAppInfoBase$WebModuleContainerInfo@33ec93cf
      Object[1] = null
      Object[2] = null
      Object[3] = null
      Object[4] = null
      Object[5] = null
      Object[6] = null
      Object[7] = null
      Object[8] = null
      Object[9] = null
    size = 1
    MAX_ARRAY_SIZE = 2147483639
    modCount = 1
    MAX_ARRAY_SIZE = 2147483639
  activeModuleHandlers = class java.util.IdentityHashMap@292d8493
    DEFAULT_CAPACITY = 32
    MINIMUM_CAPACITY = 4
    MAXIMUM_CAPACITY = 536870912
    table = class java.lang.Object[16]
      Object[0] = null
      Object[1] = null
      Object[2] = null
      Object[3] = null
      Object[4] = null
      Object[5] = null
      Object[6] = null
      Object[7] = null
      Object[8] = null
      Object[9] = null
      Object[10] = null
      Object[11] = null
      Object[12] = null
      Object[13] = null
      Object[14] = null
      Object[15] = null
    size = 0
    modCount = 2
    NULL_KEY = class java.lang.Object@871980f
    entrySet = null
    serialVersionUID = 8188218128353913216
    keySet = null
    values = null
  serialVersionUID = -2685719801501752993
  $$$tc$$$ = class com.ibm.websphere.ras.TraceComponent@a77ec65
    strings[0] = "TraceComponent[com.ibm.ws.app.manager.module.internal.SimpleDeployedAppInfoBase,class com.ibm.ws.app.manager.module.internal.SimpleDeployedAppInfoBase,[applications, app.manager],null,null]"

Dump of objectArray[0]
Object type = com.ibm.ws.threading.internal.NonCancelableResultFuture
  _done = false
  _result = null
  _failure = null
  _listeners = class java.util.concurrent.ConcurrentLinkedQueue@2767862b
    serialVersionUID = 196745693267521676
    head = class java.util.concurrent.ConcurrentLinkedQueue$Node@3135d963
      item = null
      next = null
      UNSAFE = class sun.misc.Unsafe@3243dcec
      itemOffset = 12
      nextOffset = 16
    tail = class java.util.concurrent.ConcurrentLinkedQueue$Node@3135d963
    UNSAFE = class sun.misc.Unsafe@3243dcec
      theUnsafe = class sun.misc.Unsafe@3243dcec
      INVALID_FIELD_OFFSET = -1
      ARRAY_BOOLEAN_BASE_OFFSET = 16
      ARRAY_BYTE_BASE_OFFSET = 16
      ARRAY_SHORT_BASE_OFFSET = 16
      ARRAY_CHAR_BASE_OFFSET = 16
      ARRAY_INT_BASE_OFFSET = 16
      ARRAY_LONG_BASE_OFFSET = 16
      ARRAY_FLOAT_BASE_OFFSET = 16
      ARRAY_DOUBLE_BASE_OFFSET = 16
      ARRAY_OBJECT_BASE_OFFSET = 16
      ARRAY_BOOLEAN_INDEX_SCALE = 1
      ARRAY_BYTE_INDEX_SCALE = 1
      ARRAY_SHORT_INDEX_SCALE = 2
      ARRAY_CHAR_INDEX_SCALE = 2
      ARRAY_INT_INDEX_SCALE = 4
      ARRAY_LONG_INDEX_SCALE = 8
      ARRAY_FLOAT_INDEX_SCALE = 4
      ARRAY_DOUBLE_INDEX_SCALE = 8
      ARRAY_OBJECT_INDEX_SCALE = 4
      ADDRESS_SIZE = 8
    headOffset = 12
    tailOffset = 16
    MAX_ARRAY_SIZE = 2147483639
  _notifiedListeners = class java.util.concurrent.atomic.AtomicBoolean@5145165a
    serialVersionUID = 4654671469794556979
    unsafe = class sun.misc.Unsafe@3243dcec
    valueOffset = 12
    value = 0
  serialVersionUID = -296387658814354272
  $$$tc$$$ = class com.ibm.websphere.ras.TraceComponent@4249e818
    strings[0] = "TraceComponent[com.ibm.ws.threading.internal.NonCancelableResultFuture,class com.ibm.ws.threading.internal.NonCancelableResultFuture,[Threading],com.ibm.ws.threading.internal.resources.ThreadingMessages,null]"

