------Start of DE processing------ = [28/12/21 19:28:48:342 EET]
Exception = org.jboss.weld.exceptions.DeploymentException
Source = com.ibm.ws.container.service.state.internal.ApplicationStateManager
probeid = 54
Stack Dump = org.jboss.weld.exceptions.DeploymentException: WELD-001408: Unsatisfied dependencies for type DocumentDaoImpl with qualifiers @Default
  at injection point [BackedAnnotatedField] @Inject com.example.documents.HelloController.documentDaoImpl
  at com.example.documents.HelloController.documentDaoImpl(HelloController.java:0)
WELD-001474: Class com.example.documents.dao.DocumentDaoImpl is on the classpath, but was ignored because a class it references was not found: javax.persistence.EntityManager.

	at org.jboss.weld.bootstrap.Validator.validateInjectionPointForDeploymentProblems(Validator.java:378)
	at org.jboss.weld.bootstrap.Validator.validateInjectionPoint(Validator.java:290)
	at org.jboss.weld.bootstrap.Validator.validateGeneralBean(Validator.java:143)
	at org.jboss.weld.bootstrap.Validator.validateRIBean(Validator.java:164)
	at org.jboss.weld.bootstrap.Validator.validateBean(Validator.java:526)
	at org.jboss.weld.bootstrap.ConcurrentValidator$1.doWork(ConcurrentValidator.java:64)
	at org.jboss.weld.bootstrap.ConcurrentValidator$1.doWork(ConcurrentValidator.java:62)
	at org.jboss.weld.executor.IterativeWorkerTaskFactory$1.call(IterativeWorkerTaskFactory.java:62)
	at org.jboss.weld.executor.IterativeWorkerTaskFactory$1.call(IterativeWorkerTaskFactory.java:55)
	at java.util.concurrent.FutureTask.run(FutureTask.java:266)
	at java.util.concurrent.ThreadPoolExecutor.runWorker(ThreadPoolExecutor.java:1149)
	at java.util.concurrent.ThreadPoolExecutor$Worker.run(ThreadPoolExecutor.java:624)
	at java.lang.Thread.run(Thread.java:748)

Dump of callerThis
Object type = com.ibm.ws.container.service.state.internal.ApplicationStateManager
  serialVersionUID = -6685368059484454124
  $$$tc$$$ = class com.ibm.websphere.ras.TraceComponent@396f6e0d
    strings[0] = "TraceComponent[com.ibm.ws.container.service.state.internal.ApplicationStateManager,class com.ibm.ws.container.service.state.internal.ApplicationStateManager,[Runtime],null,null]"
  listeners = class com.ibm.wsspi.kernel.service.utils.ConcurrentServiceReferenceSet@314b0018
    referenceName = "applicationStateListeners"
    contextRef = class java.util.concurrent.atomic.AtomicReference@2efdafe1
      serialVersionUID = -1848883965231344442
      unsafe = class sun.misc.Unsafe@4f817a24
      valueOffset = 12
      value = class org.apache.felix.scr.impl.manager.ComponentContextImpl@2476155
    elementMap = class java.util.LinkedHashMap@2df8a0ef
      serialVersionUID = 3801124242820219131
      head = class java.util.LinkedHashMap$Entry@70458c6a
      tail = class java.util.LinkedHashMap$Entry@3384b724
      accessOrder = false
      serialVersionUID = 362498820763181265
      DEFAULT_INITIAL_CAPACITY = 16
      MAXIMUM_CAPACITY = 1073741824
      DEFAULT_LOAD_FACTOR = 0.75
      TREEIFY_THRESHOLD = 8
      UNTREEIFY_THRESHOLD = 6
      MIN_TREEIFY_CAPACITY = 64
      table = class java.util.HashMap$Node[16]
      entrySet = null
      size = 11
      modCount = 11
      threshold = 12
      loadFactor = 0.75
      keySet = null
      values = null
    elementSet = class java.util.concurrent.ConcurrentSkipListSet@19e7048e
      serialVersionUID = -2479143111061671589
      m = class java.util.concurrent.ConcurrentSkipListMap@7c19372f
      UNSAFE = class sun.misc.Unsafe@4f817a24
      mapOffset = 12
      MAX_ARRAY_SIZE = 2147483639
    elementSetUnsorted = false
    serialVersionUID = 756240983881166148
    $$$tc$$$ = class com.ibm.websphere.ras.TraceComponent@5ae3042b
      strings[0] = "TraceComponent[com.ibm.wsspi.kernel.service.utils.ConcurrentServiceReferenceSet,class com.ibm.wsspi.kernel.service.utils.ConcurrentServiceReferenceSet,[kernelUtils],com.ibm.ws.kernel.service.utils.resources.ServiceMessages,null]"
  serialVersionUID = 2284273176985484160
  $$$tc$$$ = class com.ibm.websphere.ras.TraceComponent@3c0db47a
    strings[0] = "TraceComponent[com.ibm.ws.container.service.state.internal.StateChangeManager,class com.ibm.ws.container.service.state.internal.StateChangeManager,[Runtime],null,null]"

Dump of objectArray[0]
Object type = com.ibm.ws.container.service.app.deploy.internal.ApplicationInfoImpl
  appName = "documents"
  appMetaData = class com.ibm.ws.container.service.app.deploy.internal.ApplicationMetaDataImpl@4a1a108e
    j2eeName = class com.ibm.ws.container.service.metadata.internal.J2EENameImpl@408984db
      serialVersionUID = 7488184044073147667
      application = "documents"
      module = null
      component = null
      string = "documents"
      j2eeNameBytes = null
      $$$tc$$$ = class com.ibm.websphere.ras.TraceComponent@1d5e3992
    serialVersionUID = -7906531148367236579
    $$$tc$$$ = class com.ibm.websphere.ras.TraceComponent@6d7ad91f
      strings[0] = "TraceComponent[com.ibm.ws.container.service.app.deploy.internal.ApplicationMetaDataImpl,class com.ibm.ws.container.service.app.deploy.internal.ApplicationMetaDataImpl,[container.service],com.ibm.ws.container.service.resources.Messages,null]"
    tc = class com.ibm.websphere.ras.TraceComponent@79e14ea7
      strings[0] = "TraceComponent[com.ibm.ws.runtime.metadata.MetaDataImpl,class com.ibm.ws.runtime.metadata.MetaDataImpl,[Runtime],null,null]"
    NUM_STATIC_SLOTS = 4
    ID_UNINITIALIZED = -1
    id = 6
    metaDataInterface = class java.lang.Class@4a12d77e
      ANNOTATION = 8192
      ENUM = 16384
      SYNTHETIC = 4096
      cachedConstructor = null
      newInstanceCallerCache = null
      name = "com.ibm.ws.runtime.metadata.ApplicationMetaData"
      allPermDomain = class java.security.ProtectionDomain@58d0d081
      useCaches = true
      reflectionData = null
      classRedefinedCount = 0
      genericInfo = null
      serialVersionUID = 3206093459760846163
      serialPersistentFields = class java.io.ObjectStreamField[0]
      reflectionFactory = class sun.reflect.ReflectionFactory@27e4875
      initted = true
      enumConstants = null
      enumConstantDirectory = null
      annotationData = null
      annotationType = null
      classValueMap = null
    staticSlots = class java.lang.Object[4]
      Object[0] = class com.ibm.ws.cdi.impl.weld.WebSphereCDIDeploymentImpl@4067dd31
      Object[1] = class com.ibm.ws.injectionengine.osgi.internal.OSGiInjectionScopeData@d6fa8ce
      Object[2] = "documents"
      Object[3] = null
    dynamicSlots = null
  appContainer = class com.ibm.ws.adaptable.module.internal.AdaptableContainerImpl@452dee3a
    root = class com.ibm.ws.adaptable.module.internal.AdaptableContainerImpl@452dee3a
    rootOverlay = class com.ibm.ws.artifact.overlay.internal.DirectoryBasedOverlayContainerImpl@af5dc4f
      base = class com.ibm.ws.artifact.loose.internal.LooseArchive@75e09e0c
      maskSet = class java.util.HashSet@56cf47ae
      cfHolder = class com.ibm.ws.artifact.overlay.internal.OverlayContainerFactoryImpl@4a001262
      fileOverlayContainer = class com.ibm.ws.artifact.file.internal.FileContainer@34b07bbc
      overlayDirectory = class java.io.File@7f6fd02d
      cacheDirForOverlay = class java.io.File@e0e2132
      overlayNotifier = class com.ibm.ws.artifact.overlay.internal.DirectoryBasedOverlayNotifier@73422be0
      enclosingContainer = null
      entryInEnclosingContainer = null
      nestedOverlays = class java.util.concurrent.ConcurrentHashMap@22d0f56a
      cacheStore = class com.ibm.ws.artifact.overlay.internal.OverlayCache@150a1717
      parentOverlay = null
      isPassThroughMode = true
      serialVersionUID = -6650153487216279998
      $$$tc$$$ = class com.ibm.websphere.ras.TraceComponent@2f086b5b
    factoryHolder = class com.ibm.ws.adaptable.module.internal.AdaptableModuleFactoryImpl@f0569d4
      adapterFactoryService = class com.ibm.ws.adaptable.module.internal.AdapterFactoryServiceImpl@3acdc8ae
      containerFactory = class com.ibm.ws.artifact.internal.ArtifactContainerFactoryService@4502f5be
      overlayContainerFactory = class com.ibm.ws.artifact.overlay.internal.OverlayContainerFactoryImpl@4a001262
      serialVersionUID = 4200251809856292987
      $$$tc$$$ = class com.ibm.websphere.ras.TraceComponent@2b261e20
    delegate = class com.ibm.ws.artifact.overlay.internal.DirectoryBasedOverlayContainerImpl@af5dc4f
    notifier = class com.ibm.ws.adaptable.module.internal.NotifierImpl@7872288a
      root = class com.ibm.ws.adaptable.module.internal.AdaptableContainerImpl@452dee3a
      delegateNotifier = class com.ibm.ws.artifact.overlay.internal.DirectoryBasedOverlayNotifier@73422be0
      delegateRoot = class com.ibm.ws.artifact.overlay.internal.DirectoryBasedOverlayContainerImpl@af5dc4f
      listenerDelegates = class java.util.HashMap@15949be
      serialVersionUID = 6839382523957017880
      $$$tc$$$ = class com.ibm.websphere.ras.TraceComponent@284c520a
    serialVersionUID = -5950528200509051684
    $$$tc$$$ = class com.ibm.websphere.ras.TraceComponent@4b533cda
      strings[0] = "TraceComponent[com.ibm.ws.adaptable.module.internal.AdaptableContainerImpl,class com.ibm.ws.adaptable.module.internal.AdaptableContainerImpl,[archive.adaptable],null,null]"
  configHelper = class com.ibm.ws.app.manager.module.ApplicationNestedConfigHelper@4032adfc
    appInfo = class com.ibm.ws.app.manager.internal.ApplicationInstallInfo@4e0720ee
    serialVersionUID = -3174031738676705046
    $$$tc$$$ = class com.ibm.websphere.ras.TraceComponent@3d345a05
      strings[0] = "TraceComponent[com.ibm.ws.app.manager.module.ApplicationNestedConfigHelper,class com.ibm.ws.app.manager.module.ApplicationNestedConfigHelper,[applications, app.manager],null,null]"
  applicationInformation = class com.ibm.ws.app.manager.internal.ApplicationInstallInfo@4e0720ee
    _config = class com.ibm.ws.app.manager.internal.ApplicationConfig@7451c403
      tc = class com.ibm.websphere.ras.TraceComponent@44c509eb
      _configPid = "com.ibm.ws.app.manager_27"
      _config = class com.ibm.ws.config.admin.ConfigurationDictionary@225ca96e
      _applicationManager = class com.ibm.ws.app.manager.ApplicationManager@76809d33
      _location = "documents.war"
      _type = "war"
      _name = "documents"
      _notificationBroadcasterSupport = class javax.management.NotificationBroadcasterSupport@3cd90283
      ONE_TIME_JANDEX_MSGS_DISPLAYED = true
      serialVersionUID = -2151423388299667431
    _handlerInfo = class java.util.concurrent.atomic.AtomicReference@45fc94ef
      serialVersionUID = -1848883965231344442
      unsafe = class sun.misc.Unsafe@4f817a24
      valueOffset = 12
      value = class com.ibm.ws.app.manager.war.internal.WARDeployedAppInfo@3492f3c5
    _container = class java.util.concurrent.atomic.AtomicReference@61130e4d
      serialVersionUID = -1848883965231344442
      unsafe = class sun.misc.Unsafe@4f817a24
      valueOffset = 12
      value = class com.ibm.ws.adaptable.module.internal.AdaptableContainerImpl@452dee3a
    _resolvedLocation = class java.util.concurrent.atomic.AtomicReference@84c4c9d
      serialVersionUID = -1848883965231344442
      unsafe = class sun.misc.Unsafe@4f817a24
      valueOffset = 12
      value = class com.ibm.ws.kernel.service.location.internal.LocalFileResource@4b686578
    _handler = class com.ibm.ws.app.manager.war.internal.WARApplicationHandlerImpl@72c7e04b
      futureMonitor = class com.ibm.ws.threading.internal.FutureMonitorImpl@1b30f2ad
      deployedAppFactory = class com.ibm.ws.app.manager.war.internal.WARDeployedAppInfoFactoryImpl@3a976fdd
      serialVersionUID = 4622845147410944782
      $$$tc$$$ = class com.ibm.websphere.ras.TraceComponent@2a78f5b8
    _ami = class java.util.concurrent.atomic.AtomicReference@53bd4910
      serialVersionUID = -1848883965231344442
      unsafe = class sun.misc.Unsafe@4f817a24
      valueOffset = 12
      value = class com.ibm.wsspi.application.handler.DefaultApplicationMonitoringInformation@3d5a80e3
    _updateHandler = class com.ibm.ws.app.manager.internal.statemachine.ApplicationStateMachineImpl@2a25544c
      _tc = class com.ibm.websphere.ras.TraceComponent@4a21a668
      EMPTY_FUTURE_ARRAY = interface java.util.concurrent.Future[0]
      asmSequenceNumber = class java.util.concurrent.atomic.AtomicLong@34a385ba
      _qscaCounter = class java.util.concurrent.atomic.AtomicInteger@34242056
      _failedThrowable = null
      _interruptibleLock = class com.ibm.ws.app.manager.internal.statemachine.ApplicationStateMachineImpl$2@4ad4edb6
      _interruptible = false
      _performingQueuedActions = true
      _queuedActions = class java.util.concurrent.ConcurrentLinkedQueue@3a0d05fa
      _callbackState = class java.util.concurrent.atomic.AtomicReference@122bd954
      blockAppStartingFutures = class java.util.Collections$SetFromMap@7987dd7
      waitingForAppHandlerFuture = class java.util.concurrent.atomic.AtomicReference@6a4c99cf
      waitingForExplicitStartFuture = class java.util.concurrent.atomic.AtomicReference@383c63a9
      startAfterFutures = class java.util.Collections$SetFromMap@7411fc83
      completionListener = class java.util.concurrent.atomic.AtomicReference@30a35113
      _notifyAppStopped = class java.util.concurrent.ConcurrentLinkedQueue@3e2f3429
      _notifyAppStarting = class java.util.concurrent.ConcurrentLinkedQueue@65d5396e
      _notifyAppInstallCalled = class java.util.concurrent.ConcurrentLinkedQueue@1e5b34b3
      _notifyAppStarted = class java.util.concurrent.ConcurrentLinkedQueue@345ac5a2
      _notifyAppRemoved = class java.util.concurrent.ConcurrentLinkedQueue@7393217c
      _stateLock = class com.ibm.ws.app.manager.internal.statemachine.ApplicationStateMachineImpl$3@3fc16829
      _internalState = class java.util.concurrent.atomic.AtomicReference@78782dce
      _currentAction = class java.util.concurrent.atomic.AtomicReference@1a6d90b6
      _rfa = class java.util.concurrent.atomic.AtomicReference@709fda46
      _appInstallInfo = class java.util.concurrent.atomic.AtomicReference@44ab645c
      _update = class java.util.concurrent.atomic.AtomicBoolean@7d84275a
      _appConfig = class java.util.concurrent.atomic.AtomicReference@b9ae07c
      _nextAppConfig = class java.util.concurrent.atomic.AtomicReference@5d956a3
      _appContainer = class java.util.concurrent.atomic.AtomicReference@1a4f4bc0
      _resolvedLocation = class java.util.concurrent.atomic.AtomicReference@46ad1124
      _handler = class java.util.concurrent.atomic.AtomicReference@1a68908d
      _asmSeqNo = 0
      _ctx = class org.eclipse.osgi.internal.framework.BundleContextImpl@3938c048
      _locAdmin = class com.ibm.ws.kernel.service.location.internal.WsLocationAdminImpl@35bae10f
      _futureMonitor = class com.ibm.ws.threading.internal.FutureMonitorImpl@1b30f2ad
      _artifactFactory = class com.ibm.ws.artifact.internal.ArtifactContainerFactoryService@4502f5be
      _moduleFactory = class com.ibm.ws.adaptable.module.internal.AdaptableModuleFactoryImpl@f0569d4
      _executorService = class com.ibm.ws.threading.internal.ExecutorServiceImpl@4dc876fa
      _scheduledExecutorService = class com.ibm.ws.threading.internal.ScheduledExecutorImpl@2f9844d5
      _asmHelper = class com.ibm.ws.app.manager.internal.ApplicationConfigurator$NamedApplication@3f737acb
      _appMonitor = class com.ibm.ws.app.manager.internal.monitor.ApplicationMonitor@33217e11
      enterStateCalled = class java.util.concurrent.atomic.AtomicBoolean@61dcd2ce
      serialVersionUID = 7990273947104993494
      serialVersionUID = 300267208965883056
      $$$tc$$$ = class com.ibm.websphere.ras.TraceComponent@7ff0d793
    serialVersionUID = 2630639237123415755
    $$$tc$$$ = class com.ibm.websphere.ras.TraceComponent@af62567
      strings[0] = "TraceComponent[com.ibm.ws.app.manager.internal.ApplicationInstallInfo,class com.ibm.ws.app.manager.internal.ApplicationInstallInfo,[applications, app.manager],com.ibm.ws.app.manager.internal.resources.AppManagerMessages,null]"
  serialVersionUID = 5227817860647895780
  $$$tc$$$ = class com.ibm.websphere.ras.TraceComponent@10eaa513
    strings[0] = "TraceComponent[com.ibm.ws.container.service.app.deploy.internal.ApplicationInfoImpl,class com.ibm.ws.container.service.app.deploy.internal.ApplicationInfoImpl,[container.service],com.ibm.ws.container.service.resources.Messages,null]"

