------Start of DE processing------ = [28/12/21 19:34:01:494 EET]
Exception = com.ibm.ws.container.service.state.StateChangeException
Source = com.ibm.ws.app.manager.module.internal.SimpleDeployedAppInfoBase
probeid = 548
Stack Dump = com.ibm.ws.container.service.state.StateChangeException: org.jboss.weld.exceptions.DeploymentException: WELD-001408: Unsatisfied dependencies for type DocumentDaoImpl with qualifiers @Default
  at injection point [BackedAnnotatedField] @Inject com.example.documents.HelloController.documentDaoImpl
  at com.example.documents.HelloController.documentDaoImpl(HelloController.java:0)
WELD-001474: Class com.example.documents.dao.DocumentDaoImpl is on the classpath, but was ignored because a class it references was not found: javax.persistence.EntityManager.

	at com.ibm.ws.container.service.state.internal.ApplicationStateManager.fireStarting(ApplicationStateManager.java:55)
	at com.ibm.ws.container.service.state.internal.StateChangeServiceImpl.fireApplicationStarting(StateChangeServiceImpl.java:50)
	at com.ibm.ws.app.manager.module.internal.SimpleDeployedAppInfoBase.preDeployApp(SimpleDeployedAppInfoBase.java:547)
	at com.ibm.ws.app.manager.module.internal.SimpleDeployedAppInfoBase.installApp(SimpleDeployedAppInfoBase.java:508)
	at com.ibm.ws.app.manager.module.internal.DeployedAppInfoBase.deployApp(DeployedAppInfoBase.java:349)
	at com.ibm.ws.app.manager.war.internal.WARApplicationHandlerImpl.install(WARApplicationHandlerImpl.java:65)
	at com.ibm.ws.app.manager.internal.statemachine.StartAction.execute(StartAction.java:149)
	at com.ibm.ws.app.manager.internal.statemachine.ApplicationStateMachineImpl.enterState(ApplicationStateMachineImpl.java:1352)
	at com.ibm.ws.app.manager.internal.statemachine.ApplicationStateMachineImpl.run(ApplicationStateMachineImpl.java:897)
	at com.ibm.ws.threading.internal.ExecutorServiceImpl$RunnableWrapper.run(ExecutorServiceImpl.java:238)
	at java.util.concurrent.ThreadPoolExecutor.runWorker(ThreadPoolExecutor.java:1149)
	at java.util.concurrent.ThreadPoolExecutor$Worker.run(ThreadPoolExecutor.java:624)
	at java.lang.Thread.run(Thread.java:748)
Caused by: org.jboss.weld.exceptions.DeploymentException: WELD-001408: Unsatisfied dependencies for type DocumentDaoImpl with qualifiers @Default
  at injection point [BackedAnnotatedField] @Inject com.example.documents.HelloController.documentDaoImpl
  at com.example.documents.HelloController.documentDaoImpl(HelloController.java:0)
WELD-001474: Class com.example.documents.dao.DocumentDaoImpl is on the classpath, but was ignored because a class it references was not found: javax.persistence.EntityManager.

	at org.jboss.weld.bootstrap.Validator.validateInjectionPointForDeploymentProblems(Validator.java:378)
	at org.jboss.weld.bootstrap.Validator.validateInjectionPoint(Validator.java:290)
	at org.jboss.weld.bootstrap.Validator.validateGeneralBean(Validator.java:143)
	at org.jboss.weld.bootstrap.Validator.validateRIBean(Validator.java:164)
	at org.jboss.weld.bootstrap.Validator.validateBean(Validator.java:526)
	at org.jboss.weld.bootstrap.ConcurrentValidator$1.doWork(ConcurrentValidator.java:64)
	at org.jboss.weld.bootstrap.ConcurrentValidator$1.doWork(ConcurrentValidator.java:62)
	at org.jboss.weld.executor.IterativeWorkerTaskFactory$1.call(IterativeWorkerTaskFactory.java:62)
	at org.jboss.weld.executor.IterativeWorkerTaskFactory$1.call(IterativeWorkerTaskFactory.java:55)
	at java.util.concurrent.FutureTask.run(FutureTask.java:266)
	... 3 more

Dump of callerThis
Object type = com.ibm.ws.app.manager.war.internal.WARDeployedAppInfo
  CONTEXT_ROOT = "context-root"
  webContainerModuleInfo = class com.ibm.ws.app.manager.module.internal.SimpleDeployedAppInfoBase$WebModuleContainerInfo@16dfcd0f
    contextRoot = "/"
    defaultContextRoot = "documents"
    serialVersionUID = 4617657913043497664
    $$$tc$$$ = class com.ibm.websphere.ras.TraceComponent@54ecd7a1
      strings[0] = "TraceComponent[com.ibm.ws.app.manager.module.internal.SimpleDeployedAppInfoBase$WebModuleContainerInfo,class com.ibm.ws.app.manager.module.internal.SimpleDeployedAppInfoBase$WebModuleContainerInfo,[applications, app.manager],null,null]"
    moduleHandler = class com.ibm.ws.app.manager.web.internal.WebModuleHandlerImpl@734446df
      serialVersionUID = 4795602325763828210
      $$$tc$$$ = class com.ibm.websphere.ras.TraceComponent@b0130e7
      futureMonitor = class com.ibm.ws.threading.internal.FutureMonitorImpl@66594008
      metaDataService = class com.ibm.ws.container.service.metadata.internal.MetaDataServiceImpl@6926414e
      stateChangeService = class com.ibm.ws.container.service.state.internal.StateChangeServiceImpl@43e465f6
      moduleRuntimeContainer = class com.ibm.ws.webcontainer.osgi.WebContainer@37e0298d
      firstFailure = null
      serialVersionUID = -4563697739413190872
      $$$tc$$$ = class com.ibm.websphere.ras.TraceComponent@4a2f911f
    moduleMetaDataExtenders = class java.util.Collections$UnmodifiableRandomAccessList@2a040403
      serialVersionUID = -2542308836966382001
      serialVersionUID = -283967356065247728
      list = class java.util.concurrent.CopyOnWriteArrayList@7cf041b
      serialVersionUID = 1820017752578914078
      c = class java.util.concurrent.CopyOnWriteArrayList@7cf041b
    nestedModuleMetaDataFactories = class java.util.Collections$UnmodifiableRandomAccessList@6661a73d
      serialVersionUID = -2542308836966382001
      serialVersionUID = -283967356065247728
      list = class java.util.concurrent.CopyOnWriteArrayList@4bf10ffd
      serialVersionUID = 1820017752578914078
      c = class java.util.concurrent.CopyOnWriteArrayList@4bf10ffd
    nestedModules = null
    moduleName = "documents"
    moduleDD = null
    moduleInfo = class com.ibm.ws.app.manager.module.internal.WebModuleInfoImpl@4da93982
      contextRoot = "/"
      isDefaultContextRootUsed = false
      defaultContextRoot = "documents"
      serialVersionUID = -6699247856069243844
      $$$tc$$$ = class com.ibm.websphere.ras.TraceComponent@3c38dec1
      tc = class com.ibm.websphere.ras.TraceComponent@141894ee
      appInfo = class com.ibm.ws.container.service.app.deploy.internal.ApplicationInfoImpl@1f58ef59
      moduleName = "documents"
      path = "documents.war"
      moduleContainer = class com.ibm.ws.adaptable.module.internal.AdaptableContainerImpl@5fe0e33a
      altDDEntry = null
      moduleClassesContainers = class java.util.ArrayList@10d0ab93
      classLoaderFactory = class com.ibm.ws.app.manager.war.internal.WARDeployedAppInfo@6642545e
      containerInfoType = class com.ibm.ws.container.service.app.deploy.ContainerInfo$Type@40e4f5ab
      classLoader = class com.ibm.ws.classloading.internal.AppClassLoader@60e1ffb3
      moduleMetaData = class com.ibm.ws.webcontainer.osgi.metadata.WebModuleMetaDataImpl@5d3f145c
      nestedModuleMetaDataTypes = null
      nestedModuleMetaDataValues = null
      serialVersionUID = 3986734351620206554
    serialVersionUID = 5122721995888983779
    $$$tc$$$ = class com.ibm.websphere.ras.TraceComponent@c0ad85b
      strings[0] = "TraceComponent[com.ibm.ws.app.manager.module.internal.SimpleDeployedAppInfoBase$ModuleContainerInfoBase,class com.ibm.ws.app.manager.module.internal.SimpleDeployedAppInfoBase$ModuleContainerInfoBase,[applications, app.manager],null,null]"
    type = class com.ibm.ws.container.service.app.deploy.ContainerInfo$Type@40e4f5ab
      MANIFEST_CLASSPATH = class com.ibm.ws.container.service.app.deploy.ContainerInfo$Type@66ebf778
      WEB_INF_CLASSES = class com.ibm.ws.container.service.app.deploy.ContainerInfo$Type@460fa00c
      WEB_INF_LIB = class com.ibm.ws.container.service.app.deploy.ContainerInfo$Type@10dcd575
      EAR_LIB = class com.ibm.ws.container.service.app.deploy.ContainerInfo$Type@22a46353
      WEB_MODULE = class com.ibm.ws.container.service.app.deploy.ContainerInfo$Type@40e4f5ab
      EJB_MODULE = class com.ibm.ws.container.service.app.deploy.ContainerInfo$Type@1b4d1048
      CLIENT_MODULE = class com.ibm.ws.container.service.app.deploy.ContainerInfo$Type@20f9dced
      RAR_MODULE = class com.ibm.ws.container.service.app.deploy.ContainerInfo$Type@56f8c2fa
      JAR_MODULE = class com.ibm.ws.container.service.app.deploy.ContainerInfo$Type@57c79d8d
      SHARED_LIB = class com.ibm.ws.container.service.app.deploy.ContainerInfo$Type@247b086d
      $VALUES = class com.ibm.ws.container.service.app.deploy.ContainerInfo$Type[10]
      name = "WEB_MODULE"
      ordinal = 4
    name = "documents.war"
    container = class com.ibm.ws.adaptable.module.internal.AdaptableContainerImpl@5fe0e33a
    moduleClassLoaderFactory = class com.ibm.ws.app.manager.war.internal.WARDeployedAppInfo@6642545e
    altDDEntry = null
    classesContainerInfo = class java.util.ArrayList@10d0ab93
      serialVersionUID = 8683452581122892189
      DEFAULT_CAPACITY = 10
      EMPTY_ELEMENTDATA = class java.lang.Object[0]
      DEFAULTCAPACITY_EMPTY_ELEMENTDATA = class java.lang.Object[0]
      elementData = class java.lang.Object[33]
      size = 23
      MAX_ARRAY_SIZE = 2147483639
      modCount = 24
      MAX_ARRAY_SIZE = 2147483639
    serialVersionUID = 4636874131959542427
    $$$tc$$$ = class com.ibm.websphere.ras.TraceComponent@1d38690f
      strings[0] = "TraceComponent[com.ibm.ws.app.manager.module.internal.SimpleDeployedAppInfoBase$ExtendedContainerInfo,class com.ibm.ws.app.manager.module.internal.SimpleDeployedAppInfoBase$ExtendedContainerInfo,[applications, app.manager],null,null]"
  DYNAMIC_IMPORT_PACKAGE_LIST = class java.util.Collections$UnmodifiableRandomAccessList@7cd74c68
    serialVersionUID = -2542308836966382001
    serialVersionUID = -283967356065247728
    list = class java.util.Arrays$ArrayList@2c85f3e7
      serialVersionUID = -2764017481108945198
      a = class java.lang.String[1]
      modCount = 0
      MAX_ARRAY_SIZE = 2147483639
    serialVersionUID = 1820017752578914078
    c = class java.util.Arrays$ArrayList@2c85f3e7
  serialVersionUID = 6176035338244935179
  $$$tc$$$ = class com.ibm.websphere.ras.TraceComponent@3c81b39c
    strings[0] = "TraceComponent[com.ibm.ws.app.manager.war.internal.WARDeployedAppInfo,class com.ibm.ws.app.manager.war.internal.WARDeployedAppInfo,[webcontainer, applications, app.manager],com.ibm.ws.app.manager.war.internal.resources.Messages,null]"
  _tc = class com.ibm.websphere.ras.TraceComponent@70c1bfcf
    strings[0] = "TraceComponent[com.ibm.ws.app.manager.module.internal.DeployedAppInfoBase,class com.ibm.ws.app.manager.module.internal.DeployedAppInfoBase,[app.manager],com.ibm.ws.app.manager.module.internal.resources.Messages,null]"
  PERMISSION_XML = "permissions.xml"
  applicationInformation = class com.ibm.ws.app.manager.internal.ApplicationInstallInfo@1e05df27
    _config = class com.ibm.ws.app.manager.internal.ApplicationConfig@544a61ae
      tc = class com.ibm.websphere.ras.TraceComponent@327eb6a7
      _configPid = "com.ibm.ws.app.manager_50"
      _config = class com.ibm.ws.config.admin.ConfigurationDictionary@6057704e
      _applicationManager = class com.ibm.ws.app.manager.ApplicationManager@5b21c607
      _location = "documents.war"
      _type = "war"
      _name = "documents"
      _notificationBroadcasterSupport = class javax.management.NotificationBroadcasterSupport@85e19b0
      ONE_TIME_JANDEX_MSGS_DISPLAYED = true
      serialVersionUID = -2151423388299667431
    _handlerInfo = class java.util.concurrent.atomic.AtomicReference@351d9854
      serialVersionUID = -1848883965231344442
      unsafe = class sun.misc.Unsafe@44da40b9
      valueOffset = 12
      value = class com.ibm.ws.app.manager.war.internal.WARDeployedAppInfo@6642545e
    _container = class java.util.concurrent.atomic.AtomicReference@6c92047d
      serialVersionUID = -1848883965231344442
      unsafe = class sun.misc.Unsafe@44da40b9
      valueOffset = 12
      value = class com.ibm.ws.adaptable.module.internal.AdaptableContainerImpl@5fe0e33a
    _resolvedLocation = class java.util.concurrent.atomic.AtomicReference@5c5e122f
      serialVersionUID = -1848883965231344442
      unsafe = class sun.misc.Unsafe@44da40b9
      valueOffset = 12
      value = class com.ibm.ws.kernel.service.location.internal.LocalFileResource@348e114a
    _handler = class com.ibm.ws.app.manager.war.internal.WARApplicationHandlerImpl@5b1e4f1b
      futureMonitor = class com.ibm.ws.threading.internal.FutureMonitorImpl@66594008
      deployedAppFactory = class com.ibm.ws.app.manager.war.internal.WARDeployedAppInfoFactoryImpl@331da33a
      serialVersionUID = 4622845147410944782
      $$$tc$$$ = class com.ibm.websphere.ras.TraceComponent@2af27b4
    _ami = class java.util.concurrent.atomic.AtomicReference@218a314
      serialVersionUID = -1848883965231344442
      unsafe = class sun.misc.Unsafe@44da40b9
      valueOffset = 12
      value = class com.ibm.wsspi.application.handler.DefaultApplicationMonitoringInformation@38983fdf
    _updateHandler = class com.ibm.ws.app.manager.internal.statemachine.ApplicationStateMachineImpl@7e55eec6
      _tc = class com.ibm.websphere.ras.TraceComponent@2c181ae5
      EMPTY_FUTURE_ARRAY = interface java.util.concurrent.Future[0]
      asmSequenceNumber = class java.util.concurrent.atomic.AtomicLong@409a5321
      _qscaCounter = class java.util.concurrent.atomic.AtomicInteger@3905ea2a
      _failedThrowable = null
      _interruptibleLock = class com.ibm.ws.app.manager.internal.statemachine.ApplicationStateMachineImpl$2@23a0d09b
      _interruptible = false
      _performingQueuedActions = true
      _queuedActions = class java.util.concurrent.ConcurrentLinkedQueue@67e081e4
      _callbackState = class java.util.concurrent.atomic.AtomicReference@75f1c562
      blockAppStartingFutures = class java.util.Collections$SetFromMap@63b3354c
      waitingForAppHandlerFuture = class java.util.concurrent.atomic.AtomicReference@463205a9
      waitingForExplicitStartFuture = class java.util.concurrent.atomic.AtomicReference@253e432a
      startAfterFutures = class java.util.Collections$SetFromMap@5e9f583a
      completionListener = class java.util.concurrent.atomic.AtomicReference@24fc0ff0
      _notifyAppStopped = class java.util.concurrent.ConcurrentLinkedQueue@7235498b
      _notifyAppStarting = class java.util.concurrent.ConcurrentLinkedQueue@254573f4
      _notifyAppInstallCalled = class java.util.concurrent.ConcurrentLinkedQueue@13fa1ee
      _notifyAppStarted = class java.util.concurrent.ConcurrentLinkedQueue@45f8adb6
      _notifyAppRemoved = class java.util.concurrent.ConcurrentLinkedQueue@1d59cd93
      _stateLock = class com.ibm.ws.app.manager.internal.statemachine.ApplicationStateMachineImpl$3@138dd71f
      _internalState = class java.util.concurrent.atomic.AtomicReference@6f412451
      _currentAction = class java.util.concurrent.atomic.AtomicReference@6f54a112
      _rfa = class java.util.concurrent.atomic.AtomicReference@3c32dc3e
      _appInstallInfo = class java.util.concurrent.atomic.AtomicReference@41fad188
      _update = class java.util.concurrent.atomic.AtomicBoolean@27ff164a
      _appConfig = class java.util.concurrent.atomic.AtomicReference@6de97f96
      _nextAppConfig = class java.util.concurrent.atomic.AtomicReference@47108d39
      _appContainer = class java.util.concurrent.atomic.AtomicReference@50f162c2
      _resolvedLocation = class java.util.concurrent.atomic.AtomicReference@f6373d0
      _handler = class java.util.concurrent.atomic.AtomicReference@2950a865
      _asmSeqNo = 0
      _ctx = class org.eclipse.osgi.internal.framework.BundleContextImpl@4c6ae35e
      _locAdmin = class com.ibm.ws.kernel.service.location.internal.WsLocationAdminImpl@315619de
      _futureMonitor = class com.ibm.ws.threading.internal.FutureMonitorImpl@66594008
      _artifactFactory = class com.ibm.ws.artifact.internal.ArtifactContainerFactoryService@25bf01d7
      _moduleFactory = class com.ibm.ws.adaptable.module.internal.AdaptableModuleFactoryImpl@52364449
      _executorService = class com.ibm.ws.threading.internal.ExecutorServiceImpl@9008685
      _scheduledExecutorService = class com.ibm.ws.threading.internal.ScheduledExecutorImpl@37dded9f
      _asmHelper = class com.ibm.ws.app.manager.internal.ApplicationConfigurator$NamedApplication@40b60c04
      _appMonitor = class com.ibm.ws.app.manager.internal.monitor.ApplicationMonitor@36448a53
      enterStateCalled = class java.util.concurrent.atomic.AtomicBoolean@6ba894f5
      serialVersionUID = 7990273947104993494
      serialVersionUID = 300267208965883056
      $$$tc$$$ = class com.ibm.websphere.ras.TraceComponent@148b4948
    serialVersionUID = 2630639237123415755
    $$$tc$$$ = class com.ibm.websphere.ras.TraceComponent@198da86
      strings[0] = "TraceComponent[com.ibm.ws.app.manager.internal.ApplicationInstallInfo,class com.ibm.ws.app.manager.internal.ApplicationInstallInfo,[applications, app.manager],com.ibm.ws.app.manager.internal.resources.AppManagerMessages,null]"
  location = "E:\facultate\master\java\java\tehnologii_java\documents\documents\target\liberty\wlp\usr\servers\documents\apps\documents.war.xml"
  classLoadingService = class com.ibm.ws.classloading.internal.ClassLoadingServiceImpl@2457ad09
    tc = class com.ibm.websphere.ras.TraceComponent@a9638f6
      strings[0] = "TraceComponent[com.ibm.ws.classloading.internal.ClassLoadingServiceImpl,class com.ibm.ws.classloading.internal.ClassLoadingServiceImpl,[ClassLoadingService],com.ibm.ws.classloading.internal.resources.ClassLoadingServiceMessages,null]"
    leakDetectionMap = class java.util.HashMap@7d097fa2
      serialVersionUID = 362498820763181265
      DEFAULT_INITIAL_CAPACITY = 16
      MAXIMUM_CAPACITY = 1073741824
      DEFAULT_LOAD_FACTOR = 0.75
      TREEIFY_THRESHOLD = 8
      UNTREEIFY_THRESHOLD = 6
      MIN_TREEIFY_CAPACITY = 64
      table = null
      entrySet = null
      size = 0
      modCount = 0
      threshold = 0
      loadFactor = 0.75
      keySet = null
      values = null
    appClassLoaders = class java.util.Collections$SetFromMap@28319f69
      m = class java.util.WeakHashMap@31b48734
      s = class java.util.WeakHashMap$KeySet@4d70d90f
      serialVersionUID = 2454657854757543876
      MAX_ARRAY_SIZE = 2147483639
    TCCL_LOCK_WAIT = 15000
    REFERENCE_GENERATORS = "generators"
    bundleContext = class org.eclipse.osgi.internal.framework.BundleContextImpl@206f90e8
    aclStore = class com.ibm.ws.classloading.internal.util.CanonicalStore@710764de
      map = class java.util.concurrent.ConcurrentHashMap@6588f4a5
      q = class com.ibm.ws.classloading.internal.util.RefQueue@2214fef5
      serialVersionUID = 6715157558227169968
      $$$tc$$$ = class com.ibm.websphere.ras.TraceComponent@ac827a1
    tcclStore = class com.ibm.ws.classloading.internal.util.CanonicalStore@58ba1fe5
      map = class java.util.concurrent.ConcurrentHashMap@32cf9a00
      q = class com.ibm.ws.classloading.internal.util.RefQueue@153a1777
      serialVersionUID = 6715157558227169968
      $$$tc$$$ = class com.ibm.websphere.ras.TraceComponent@ac827a1
    tcclStoreLock = class java.util.concurrent.locks.ReentrantLock@6e788f3f
      serialVersionUID = 7373984872572414699
      sync = class java.util.concurrent.locks.ReentrantLock$NonfairSync@51fc76d3
    digraph = class org.eclipse.equinox.internal.region.StandardRegionDigraph@4a169f4e
      EMPTY_EDGE_SET = class java.util.Collections$UnmodifiableSet@5a598064
      monitor = class java.lang.Object@22c53dff
      regions = class java.util.HashMap@37dd93b4
      bundleIdToRegionMapping = class org.eclipse.equinox.internal.region.StandardBundleIdToRegionMapping@7c2e9ce1
      edges = class java.util.HashMap@6a6279a0
      bundleContext = class org.eclipse.osgi.internal.framework.BundleContextImpl@751d3241
      threadLocal = class java.lang.ThreadLocal@61438bd6
      subgraphTraverser = class org.eclipse.equinox.internal.region.SubgraphTraverser@3a58e479
      bundleCollisionHook = class org.eclipse.equinox.internal.region.hook.RegionBundleCollisionHook@3219ae47
      bundleEventHook = class org.eclipse.equinox.internal.region.hook.RegionBundleEventHook@4b4f7edd
      bundleFindHook = class org.eclipse.equinox.internal.region.hook.RegionBundleFindHook@36af4159
      serviceEventHook = class org.eclipse.equinox.internal.region.hook.RegionServiceEventHook@4ba910d9
      serviceFindHook = class org.eclipse.equinox.internal.region.hook.RegionServiceFindHook@343de47d
      resolverHookFactory = class org.eclipse.equinox.internal.region.hook.RegionResolverHookFactory@434ddb1
      origin = null
      originUpdateCount = -1
      updateCount = class java.util.concurrent.atomic.AtomicLong@48ddf1e7
      defaultRegion = null
    redefiner = class com.ibm.ws.classloading.internal.util.ClassRedefiner@7d3346
      tc = class com.ibm.websphere.ras.TraceComponent@1853b6b2
      LS = "
"
      inst = class com.sun.proxy.$Proxy0@22f5d550
      serialVersionUID = 2420101865139508526
    listener = class com.ibm.ws.classloading.internal.ClassLoadingServiceImpl$1@8b0519b
      this$0 = class com.ibm.ws.classloading.internal.ClassLoadingServiceImpl@2457ad09
      serialVersionUID = -9159707349812113172
      $$$tc$$$ = class com.ibm.websphere.ras.TraceComponent@3232741a
    classloaders = class java.util.Collections$SynchronizedMap@221b26c5
      serialVersionUID = 1978198479659022715
      m = class java.util.HashMap@46a76587
      mutex = class java.util.Collections$SynchronizedMap@221b26c5
      keySet = null
      entrySet = null
      values = null
    resourceProviders = class com.ibm.ws.classloading.internal.CompositeResourceProvider@5c893127
      lockFactory = class java.util.concurrent.locks.ReentrantReadWriteLock@2851ac0b
      providerMap = class com.ibm.ws.classloading.internal.util.MultiMap@73090141
      serialVersionUID = -5576435894946156347
      $$$tc$$$ = class com.ibm.websphere.ras.TraceComponent@4e026a89
    rememberedBundles = class java.util.concurrent.ConcurrentHashMap@3507cef3
      serialVersionUID = 7249069246763182397
      MAXIMUM_CAPACITY = 1073741824
      DEFAULT_CAPACITY = 16
      MAX_ARRAY_SIZE = 2147483639
      DEFAULT_CONCURRENCY_LEVEL = 16
      LOAD_FACTOR = 0.75
      TREEIFY_THRESHOLD = 8
      UNTREEIFY_THRESHOLD = 6
      MIN_TREEIFY_CAPACITY = 64
      MIN_TRANSFER_STRIDE = 16
      RESIZE_STAMP_BITS = 16
      MAX_RESIZERS = 65535
      RESIZE_STAMP_SHIFT = 16
      MOVED = -1
      TREEBIN = -2
      RESERVED = -3
      HASH_BITS = 2147483647
      NCPU = 8
      serialPersistentFields = class java.io.ObjectStreamField[3]
      table = class java.util.concurrent.ConcurrentHashMap$Node[16]
      nextTable = null
      baseCount = 1
      sizeCtl = 12
      transferIndex = 0
      cellsBusy = 0
      counterCells = null
      keySet = null
      values = null
      entrySet = null
      U = class sun.misc.Unsafe@44da40b9
      SIZECTL = 20
      TRANSFERINDEX = 32
      BASECOUNT = 24
      CELLSBUSY = 36
      CELLVALUE = 144
      ABASE = 16
      ASHIFT = 2
      keySet = null
      values = null
    collectedBundles = class java.lang.ref.ReferenceQueue@3fb16d41
      NULL = class java.lang.ref.ReferenceQueue$Null@3710e728
      ENQUEUED = class java.lang.ref.ReferenceQueue$Null@3ebf64e3
      lock = class java.lang.ref.ReferenceQueue$Lock@5dc350cd
      head = null
      queueLength = 0
      $assertionsDisabled = true
    generatorRefs = class com.ibm.wsspi.kernel.service.utils.ConcurrentServiceReferenceSet@44e7497c
      referenceName = "generators"
      contextRef = class java.util.concurrent.atomic.AtomicReference@68542821
      elementMap = class java.util.LinkedHashMap@518d3657
      elementSet = class java.util.concurrent.ConcurrentSkipListSet@5fe1b2c0
      elementSetUnsorted = false
      serialVersionUID = 756240983881166148
      $$$tc$$$ = class com.ibm.websphere.ras.TraceComponent@6c1bceb0
    generatorManager = class com.ibm.ws.classloading.internal.ClassGeneratorManager@517248ce
      tc = class com.ibm.websphere.ras.TraceComponent@61ceb39b
      generatorRefs = class com.ibm.wsspi.kernel.service.utils.ConcurrentServiceReferenceSet@44e7497c
      serialVersionUID = 4152663586056483310
    appExtLibs = class java.util.concurrent.CopyOnWriteArrayList@5a897445
      serialVersionUID = 8673264195747942595
      lock = class java.util.concurrent.locks.ReentrantLock@34ae0383
      array = class java.lang.Object[0]
      UNSAFE = class sun.misc.Unsafe@44da40b9
      lockOffset = 12
    globalConfig = class com.ibm.ws.classloading.configuration.GlobalClassloadingConfiguration@6ee6c130
      properties = class org.apache.felix.scr.impl.helper.ReadOnlyDictionary@4a28f201
      serialVersionUID = 452562347104713756
      $$$tc$$$ = class com.ibm.websphere.ras.TraceComponent@b156b99
    metaInfServicesProviders = class java.util.concurrent.ConcurrentHashMap@1034d939
      serialVersionUID = 7249069246763182397
      MAXIMUM_CAPACITY = 1073741824
      DEFAULT_CAPACITY = 16
      MAX_ARRAY_SIZE = 2147483639
      DEFAULT_CONCURRENCY_LEVEL = 16
      LOAD_FACTOR = 0.75
      TREEIFY_THRESHOLD = 8
      UNTREEIFY_THRESHOLD = 6
      MIN_TREEIFY_CAPACITY = 64
      MIN_TRANSFER_STRIDE = 16
      RESIZE_STAMP_BITS = 16
      MAX_RESIZERS = 65535
      RESIZE_STAMP_SHIFT = 16
      MOVED = -1
      TREEBIN = -2
      RESERVED = -3
      HASH_BITS = 2147483647
      NCPU = 8
      serialPersistentFields = class java.io.ObjectStreamField[3]
      table = null
      nextTable = null
      baseCount = 0
      sizeCtl = 0
      transferIndex = 0
      cellsBusy = 0
      counterCells = null
      keySet = null
      values = null
      entrySet = null
      U = class sun.misc.Unsafe@44da40b9
      SIZECTL = 20
      TRANSFERINDEX = 32
      BASECOUNT = 24
      CELLSBUSY = 36
      CELLVALUE = 144
      ABASE = 16
      ASHIFT = 2
      keySet = null
      values = null
    metaInfServicesRefs = class com.ibm.wsspi.kernel.service.utils.ConcurrentServiceReferenceMap@5343c7c9
      referenceName = "MetaInfServicesProvider"
      context = class org.apache.felix.scr.impl.manager.ComponentContextImpl@70c874ff
      elementMap = class java.util.concurrent.ConcurrentHashMap@38ba24e9
      serialVersionUID = 6980924785166233786
      $$$tc$$$ = class com.ibm.websphere.ras.TraceComponent@6dabcb50
    protectionDomainMap = class java.util.HashMap@4279aab8
      serialVersionUID = 362498820763181265
      DEFAULT_INITIAL_CAPACITY = 16
      MAXIMUM_CAPACITY = 1073741824
      DEFAULT_LOAD_FACTOR = 0.75
      TREEIFY_THRESHOLD = 8
      UNTREEIFY_THRESHOLD = 6
      MIN_TREEIFY_CAPACITY = 64
      table = class java.util.HashMap$Node[16]
      entrySet = null
      size = 1
      modCount = 1
      threshold = 12
      loadFactor = 0.75
      keySet = null
      values = null
    metadataIdentifierService = class com.ibm.ws.container.service.metadata.internal.MetaDataServiceImpl@6926414e
    globalSharedLibrary = class java.util.concurrent.atomic.AtomicReference@1a4e1c86
      serialVersionUID = -1848883965231344442
      unsafe = class sun.misc.Unsafe@44da40b9
      valueOffset = 12
      value = null
    serialVersionUID = 4365026902615131286
  globalSharedLibrary = class com.ibm.ws.library.internal.SharedLibraryImpl@7648496d
    tc = class com.ibm.websphere.ras.TraceComponent@f1799f6
      strings[0] = "TraceComponent[com.ibm.ws.library.internal.SharedLibraryImpl,class com.ibm.ws.library.internal.SharedLibraryImpl,[SharedLibrary],com.ibm.ws.classloading.internal.resources.ClassLoadingServiceMessages,null]"
    EMPTY_LIBRARY_LISTENERS = interface com.ibm.wsspi.library.LibraryChangeListener[0]
    deleted = false
    libraryListenersTracker = class org.osgi.util.tracker.ServiceTracker@3d66f57b
      DEBUG = false
      context = class org.eclipse.osgi.internal.framework.BundleContextImpl@206f90e8
      filter = class org.eclipse.osgi.internal.framework.FilterImpl$And@19d8e97f
      customizer = class org.osgi.util.tracker.ServiceTracker@3d66f57b
      listenerFilter = "(&(objectClass=com.ibm.wsspi.library.LibraryChangeListener)(|(library=global)(libraryRef=*com.ibm.ws.classloading.sharedlibrary_18*)))"
      trackClass = null
      trackReference = null
      tracked = class org.osgi.util.tracker.ServiceTracker$Tracked@73149b76
      cachedReference = null
      cachedService = null
    libraryReg = class org.eclipse.osgi.internal.serviceregistry.ServiceRegistrationImpl@160385e0
      registry = class org.eclipse.osgi.internal.serviceregistry.ServiceRegistry@43c56969
      context = class org.eclipse.osgi.internal.framework.BundleContextImpl@206f90e8
      bundle = class org.eclipse.osgi.internal.framework.EquinoxBundle@4bf87e19
      clazzes = class java.lang.String[1]
      service = class com.ibm.ws.library.internal.SharedLibraryImpl@7648496d
      reference = class org.eclipse.osgi.internal.serviceregistry.ServiceReferenceImpl@642c39e2
      contextsUsing = class java.util.ArrayList@19dae3bd
      properties = class java.util.Collections$UnmodifiableMap@713c4fce
      serviceid = 326
      serviceranking = 0
      registrationLock = class java.lang.Object@44405851
      state = 0
      REGISTERED = 0
      UNREGISTERING = 1
      UNREGISTERED = 2
      FRAMEWORK_SET_SERVICE_PROPERTIES_COUNT = 4
      $assertionsDisabled = true
    ctx = class org.eclipse.osgi.internal.framework.BundleContextImpl@206f90e8
    classLoadingService = class com.ibm.ws.classloading.internal.ClassLoadingServiceImpl@2457ad09
    configAdmin = class com.ibm.ws.config.admin.internal.ConfigurationAdminImpl@167303b9
      tc = class com.ibm.websphere.ras.TraceComponent@9097cad
      bundle = class org.eclipse.osgi.internal.framework.EquinoxBundle@4bf87e19
      caFactory = class com.ibm.ws.config.admin.internal.ConfigAdminServiceFactory@1f6617c5
      serialVersionUID = -2875522750804142523
    resolvedBasePath = "E:/facultate/master/java/java/tehnologii_java/documents/documents/target/liberty/wlp/usr/servers/documents/"
    generationLock = class com.ibm.ws.library.internal.SharedLibraryImpl$1@16133cd0
      this$0 = class com.ibm.ws.library.internal.SharedLibraryImpl@7648496d
      serialVersionUID = 2483639803450672373
      $$$tc$$$ = class com.ibm.websphere.ras.TraceComponent@2929146
    currentGeneration = class com.ibm.ws.library.internal.LibraryGeneration@39e4c9e8
      tc = class com.ibm.websphere.ras.TraceComponent@74e3db03
      nextInt = class java.util.concurrent.atomic.AtomicInteger@4e928c5f
      libraryId = "global"
      genId = 0
      libraryProps = class java.util.Hashtable@122e033e
      filesetRefs = class java.util.Collections$UnmodifiableRandomAccessList@20e7477b
      apiTypeVisibility = class java.util.RegularEnumSet@5ff760a0
      files = class java.util.Collections$EmptyList@789697e1
      folders = class java.util.ArrayList@55def75
      fileAndFolderContainers = class java.util.Collections$EmptyList@789697e1
      filesets = class java.util.concurrent.ArrayBlockingQueue@67882b13
      filesetListenerRegs = class java.util.concurrent.ConcurrentLinkedQueue@7dce7406
      cancelled = false
      library = class com.ibm.ws.library.internal.SharedLibraryImpl@7648496d
      serialVersionUID = 6965220007121905717
    nextGeneration = class com.ibm.ws.library.internal.LibraryGeneration@39e4c9e8
    artifactContainerFactory = class com.ibm.ws.library.internal.SharedLibraryFactory$1@33233e82
      this$0 = class com.ibm.ws.library.internal.SharedLibraryFactory@69fb54f0
      serialVersionUID = 7730244564205089330
      $$$tc$$$ = class com.ibm.websphere.ras.TraceComponent@793abea
    packageExporter = class com.ibm.ws.library.internal.LibraryPackageExporter@3d438d94
      EXPORTER_POSTFIX = "_library_exporter"
      REGION_EXPORT_TO_LIBERTY = "liberty.library.export.to.liberty"
      REGION_EXPORT_TO_OSGI_APPS = "liberty.library.export.to.osgi.app"
      REGION_KERNEL = "org.eclipse.equinox.region.kernel"
      counter = class java.util.concurrent.atomic.AtomicLong@76362dac
      context = class org.eclipse.osgi.internal.framework.BundleContextImpl@206f90e8
      digraph = class org.eclipse.equinox.internal.region.StandardRegionDigraph@4a169f4e
      bundleToLibrary = class java.util.concurrent.ConcurrentHashMap@40948878
      libraryToVisibility = class java.util.concurrent.ConcurrentHashMap@683dab59
      serialVersionUID = 8074378969667956573
      $$$tc$$$ = class com.ibm.websphere.ras.TraceComponent@383e5d00
    serialVersionUID = 6288237618632180389
  sharedLibDeploymentInfo = class com.ibm.ws.app.manager.module.internal.DeployedAppInfoBase$SharedLibDeploymentInfo@5cd05cf8
    locAdmin = class com.ibm.ws.kernel.service.location.internal.WsLocationAdminImpl@315619de
      tc = class com.ibm.websphere.ras.TraceComponent@19f7d1b1
      LOC_INTERNAL_LIB_DIR = "wlp.lib.dir"
      LOC_INTERNAL_WORKAREA_DIR = "wlp.workarea.dir"
      LOC_AREA_NAME_APPS = "shared/apps/"
      LOC_AREA_NAME_CONFIG = "shared/config/"
      LOC_AREA_NAME_RESC = "shared/resources/"
      LOC_AREA_NAME_STATE = "logs/state/"
      LOC_AREA_NAME_SERVERS = "servers/"
      LOC_AREA_NAME_CLIENTS = "clients/"
      LOC_AREA_NAME_WORKING = "workarea/"
      LOC_AREA_NAME_EXTENSION = "extension/"
      instance = class com.ibm.ws.kernel.service.location.internal.WsLocationAdminImpl@315619de
      installRoot = class com.ibm.ws.kernel.service.location.internal.SymbolicRootResource@4edbff2
      installParentRoot = class com.ibm.ws.kernel.service.location.internal.SymbolicRootResource@2957969
      userRoot = class com.ibm.ws.kernel.service.location.internal.SymbolicRootResource@f58ddad
      usrExtensionRoot = class com.ibm.ws.kernel.service.location.internal.SymbolicRootResource@6dc576f1
      serverConfigDir = class com.ibm.ws.kernel.service.location.internal.SymbolicRootResource@43e4694
      serverOutputDir = class com.ibm.ws.kernel.service.location.internal.SymbolicRootResource@43e4694
      bootstrapLib = class com.ibm.ws.kernel.service.location.internal.LocalFileResource@2dc9394b
      serverWorkarea = class com.ibm.ws.kernel.service.location.internal.LocalFileResource@64b53cea
      serverState = class com.ibm.ws.kernel.service.location.internal.LocalFileResource@2281ac73
      sharedAppsRoot = class com.ibm.ws.kernel.service.location.internal.SymbolicRootResource@54fd5451
      sharedConfigRoot = class com.ibm.ws.kernel.service.location.internal.SymbolicRootResource@309a2ce4
      sharedResourceRoot = class com.ibm.ws.kernel.service.location.internal.SymbolicRootResource@7d850471
      tmpRoot = class com.ibm.ws.kernel.service.location.internal.SymbolicRootResource@52c8cd86
      serverName = "documents"
      resourcePaths = class java.util.ArrayList@6ca94452
      resourceGroups = class java.util.HashMap@d35b82f
      commonRoot = class com.ibm.ws.kernel.service.location.internal.VirtualRootResource@58469374
      serialVersionUID = -5748835026800463299
    artifactFactory = class com.ibm.ws.artifact.internal.ArtifactContainerFactoryService@25bf01d7
      CATEGORY_PROP_NAME = "category"
      ENTRY_KEY = "com.ibm.wsspi.artifact.ArtifactEntry"
      helperMap = class com.ibm.wsspi.kernel.service.utils.ConcurrentServiceReferenceSetMap@3e8109cc
      contributorMap = class com.ibm.wsspi.kernel.service.utils.ConcurrentServiceReferenceSetMap@40a12d8c
      helperCategoryMap = class com.ibm.wsspi.kernel.service.utils.ConcurrentServiceReferenceSetMap@1267b163
      contributorCategoryMap = class com.ibm.wsspi.kernel.service.utils.ConcurrentServiceReferenceSetMap@76a1195d
      categories = class java.util.Collections$SynchronizedSet@4058a12c
      baseProperties = class org.apache.felix.scr.impl.helper.ReadOnlyDictionary@95c39e6
      registration = class com.ibm.ws.kernel.service.util.ServiceRegistrationModifier@261f7d07
      serialVersionUID = 6566424214406946230
      $$$tc$$$ = class com.ibm.websphere.ras.TraceComponent@7543465b
    moduleFactory = class com.ibm.ws.adaptable.module.internal.AdaptableModuleFactoryImpl@52364449
      adapterFactoryService = class com.ibm.ws.adaptable.module.internal.AdapterFactoryServiceImpl@3e78abf3
      containerFactory = class com.ibm.ws.artifact.internal.ArtifactContainerFactoryService@25bf01d7
      overlayContainerFactory = class com.ibm.ws.artifact.overlay.internal.OverlayContainerFactoryImpl@7263226a
      serialVersionUID = 4200251809856292987
      $$$tc$$$ = class com.ibm.websphere.ras.TraceComponent@559df456
    classesContainerInfo = class java.util.ArrayList@32b9d350
      serialVersionUID = 8683452581122892189
      DEFAULT_CAPACITY = 10
      EMPTY_ELEMENTDATA = class java.lang.Object[0]
      DEFAULTCAPACITY_EMPTY_ELEMENTDATA = class java.lang.Object[0]
      elementData = class java.lang.Object[0]
      size = 0
      MAX_ARRAY_SIZE = 2147483639
      modCount = 0
      MAX_ARRAY_SIZE = 2147483639
    serialVersionUID = 5154735746662585226
    $$$tc$$$ = class com.ibm.websphere.ras.TraceComponent@1d737b2d
      strings[0] = "TraceComponent[com.ibm.ws.app.manager.module.internal.DeployedAppInfoBase$SharedLibDeploymentInfo,class com.ibm.ws.app.manager.module.internal.DeployedAppInfoBase$SharedLibDeploymentInfo,[applications, app.manager],null,null]"
  configAdmin = class com.ibm.ws.config.admin.internal.ConfigurationAdminImpl@1a22ff06
    tc = class com.ibm.websphere.ras.TraceComponent@9097cad
      strings[0] = "TraceComponent[com.ibm.ws.config.admin.internal.ConfigurationAdminImpl,class com.ibm.ws.config.admin.internal.ConfigurationAdminImpl,[config],com.ibm.ws.config.internal.resources.ConfigMessages,null]"
    bundle = class org.eclipse.osgi.internal.framework.EquinoxBundle@720bfa9c
      equinoxContainer = class org.eclipse.osgi.internal.framework.EquinoxContainer@4a9d8f96
      module = class org.eclipse.osgi.internal.framework.EquinoxBundle$EquinoxModule@2b0e9cac
      monitor = class java.lang.Object@593c1b9f
      context = class org.eclipse.osgi.internal.framework.BundleContextImpl@5486bded
      signerInfos = null
      $SWITCH_TABLE$org$eclipse$osgi$container$Module$State = {1,2,3,4,5,6,7} /* array length = 7 */
    caFactory = class com.ibm.ws.config.admin.internal.ConfigAdminServiceFactory@1f6617c5
      tc = class com.ibm.websphere.ras.TraceComponent@4b0ec90e
      configurationPermission = class org.osgi.service.cm.ConfigurationPermission@1820d903
      INDEX_DICTIONARY = 0
      INDEX_LOCATION = 1
      INDEX_METATYPE_PROCESSED = 2
      INDEX_IN_OVERRIDES_FILE = 3
      INDEX_REFERENCES = 4
      INDEX_UNIQUES = 5
      bundleContext = class org.eclipse.osgi.internal.framework.BundleContextImpl@4bf13ebb
      msTracker = class com.ibm.ws.config.admin.internal.ManagedServiceTracker@4a051f75
      msfTracker = class com.ibm.ws.config.admin.internal.ManagedServiceFactoryTracker@796a9e11
      pluginManager = class com.ibm.ws.config.admin.internal.PluginManager@62b0dcfe
      configurationStore = class com.ibm.ws.config.admin.internal.ConfigurationStore@7c46e96a
      updateQueue = class com.ibm.ws.config.admin.internal.UpdateQueue@1edabf20
      ced = class com.ibm.ws.config.admin.internal.ConfigEventDispatcher@336d20fc
      idMap = class java.util.Collections$SynchronizedMap@575e4d43
      referenceMap = class java.util.Collections$SynchronizedMap@1c98e37b
      variableRegistryTracker = class org.osgi.util.tracker.ServiceTracker@57f07c77
      variableRegistry = class com.ibm.ws.kernel.service.location.internal.VariableRegistryHelper@d40dcb5
      configurationAdminRef = class org.eclipse.osgi.internal.serviceregistry.ServiceRegistrationImpl@4d88316b
      serialVersionUID = 6695202270027014725
    serialVersionUID = -2875522750804142523
  libraryConfigHelper = class com.ibm.ws.classloading.ClassLoaderConfigHelper@38436ae
    tc = class com.ibm.websphere.ras.TraceComponent@5c0a4bc3
      strings[0] = "TraceComponent[com.ibm.ws.classloading.ClassLoaderConfigHelper,class com.ibm.ws.classloading.ClassLoaderConfigHelper,[ClassLoadingService],com.ibm.ws.classloading.internal.resources.ClassLoadingServiceMessages,null]"
    DEFAULT_API_TYPES = class java.util.RegularEnumSet@285a4a89
      serialVersionUID = 3411599620347842686
      elements = 23
      elementType = class java.lang.Class@6fd52abb
      universe = class com.ibm.wsspi.classloading.ApiType[5]
      ZERO_LENGTH_ENUM_ARRAY = class java.lang.Enum[0]
      MAX_ARRAY_SIZE = 2147483639
    sharedLibraries = class java.util.Collections$EmptyList@789697e1
      serialVersionUID = 8842843931221139166
      modCount = 0
      MAX_ARRAY_SIZE = 2147483639
    commonLibraries = class java.util.Collections$EmptyList@789697e1
    classProviders = class java.util.Collections$EmptyList@789697e1
    sharedLibrariesPids = null
    commonLibrariesPids = null
    isDelegateLast = false
    apiTypes = class java.util.RegularEnumSet@708ad537
      serialVersionUID = 3411599620347842686
      elements = 31
      elementType = class java.lang.Class@6fd52abb
      universe = class com.ibm.wsspi.classloading.ApiType[5]
      ZERO_LENGTH_ENUM_ARRAY = class java.lang.Enum[0]
      MAX_ARRAY_SIZE = 2147483639
    classLoaderConfigProps = class com.ibm.ws.config.admin.ConfigurationDictionary@50f00296
      serialVersionUID = 7966152868712543805
      simpleTypes = class java.util.Arrays$ArrayList@d3c7ce5
      primitiveArrayTypes = class java.util.Arrays$ArrayList@57c0a99
      simpleArrayTypes = class java.util.Arrays$ArrayList@3fa6ce24
      extendedTypes = class java.util.Arrays$ArrayList@641fcd6f
      CASE_INSENSITIVE = class com.ibm.ws.config.admin.ConfigurationDictionary$CaseInsensitive@a2a4e5d
      properties = class java.util.Collections$SynchronizedMap@66d4f172
    serialVersionUID = 7643888529935916418
  isDelegateLast = false
  permissionManager = class com.ibm.ws.classloading.java2sec.PermissionManager@37b31492
    tc = class com.ibm.websphere.ras.TraceComponent@3a7ae550
      strings[0] = "TraceComponent[com.ibm.ws.classloading.java2sec.PermissionManager,class com.ibm.ws.classloading.java2sec.PermissionManager,[Java2SecurityUtil],com.ibm.ws.classloading.internal.resources.Java2SecurityUtilMessages,null]"
    bundleContext = class org.eclipse.osgi.internal.framework.BundleContextImpl@206f90e8
      valid = true
      bundle = class org.eclipse.osgi.internal.framework.EquinoxBundle@4bf87e19
      container = class org.eclipse.osgi.internal.framework.EquinoxContainer@4a9d8f96
      debug = class org.eclipse.osgi.internal.debug.Debug@27540a92
      servicesInUse = class java.util.HashMap@4a924b37
      activator = null
      contextLock = class java.lang.Object@1503d108
    classLoadingService = class com.ibm.ws.classloading.internal.ClassLoadingServiceImpl@2457ad09
    DEFAULT_SERVER_RESTRICTABLE_PERMISSIONS = class java.security.Permission[4]
      Permission[0] = class java.lang.RuntimePermission@27ced893
      Permission[1] = class java.lang.RuntimePermission@2ce01dab
      Permission[2] = class java.security.SecurityPermission@9f4ddc8
      Permission[3] = class javax.security.auth.AuthPermission@32ccd6be
    DEFAULT_CLIENT_RESTRICTABLE_PERMISSIONS = class java.security.Permission[3]
      Permission[0] = class java.lang.RuntimePermission@4d906095
      Permission[1] = class java.security.SecurityPermission@4cd3cb4f
      Permission[2] = class javax.security.auth.AuthPermission@69ebbb7d
    isServer = true
    wsjarUrlStreamHandlerAvailable = true
    restrictablePermissions = class java.util.ArrayList@23e1a442
      serialVersionUID = 8683452581122892189
      DEFAULT_CAPACITY = 10
      EMPTY_ELEMENTDATA = class java.lang.Object[0]
      DEFAULTCAPACITY_EMPTY_ELEMENTDATA = class java.lang.Object[0]
      elementData = class java.lang.Object[10]
      size = 4
      MAX_ARRAY_SIZE = 2147483639
      modCount = 4
      MAX_ARRAY_SIZE = 2147483639
    javaAllCodeBasePermissions = class java.util.ArrayList@882611
      serialVersionUID = 8683452581122892189
      DEFAULT_CAPACITY = 10
      EMPTY_ELEMENTDATA = class java.lang.Object[0]
      DEFAULTCAPACITY_EMPTY_ELEMENTDATA = class java.lang.Object[0]
      elementData = class java.lang.Object[22]
      size = 21
      MAX_ARRAY_SIZE = 2147483639
      modCount = 21
      MAX_ARRAY_SIZE = 2147483639
    expandProps = true
    grantedPermissions = class java.util.ArrayList@302b3952
      serialVersionUID = 8683452581122892189
      DEFAULT_CAPACITY = 10
      EMPTY_ELEMENTDATA = class java.lang.Object[0]
      DEFAULTCAPACITY_EMPTY_ELEMENTDATA = class java.lang.Object[0]
      elementData = class java.lang.Object[10]
      size = 1
      MAX_ARRAY_SIZE = 2147483639
      modCount = 1
      MAX_ARRAY_SIZE = 2147483639
    KEY_PERMISSION = "permission"
    INCORRECT_PERMISSION_CONFIGURATION = "INCORRECT_PERMISSION_CONFIGURATION"
    PERMISSION_CLASSNOTFOUND = "PERMISSION_CLASSNOTFOUND"
    SERVER_XML = "server.xml"
    CLIENT_XML = "client.xml"
    JAVA_POLICY = "java.policy"
    os_name = "Windows 10"
    os_version = "10.0"
    originationFile = "server.xml"
    permissions = class com.ibm.wsspi.kernel.service.utils.ConcurrentServiceReferenceSet@7e9323b5
      referenceName = "permission"
      contextRef = class java.util.concurrent.atomic.AtomicReference@5cf5f54
      elementMap = class java.util.LinkedHashMap@52d7abb0
      elementSet = class java.util.concurrent.ConcurrentSkipListSet@10c22008
      elementSetUnsorted = false
      serialVersionUID = 756240983881166148
      $$$tc$$$ = class com.ibm.websphere.ras.TraceComponent@6c1bceb0
    codeBasePermissionMap = class java.util.HashMap@507e4b91
      serialVersionUID = 362498820763181265
      DEFAULT_INITIAL_CAPACITY = 16
      MAXIMUM_CAPACITY = 1073741824
      DEFAULT_LOAD_FACTOR = 0.75
      TREEIFY_THRESHOLD = 8
      UNTREEIFY_THRESHOLD = 6
      MIN_TREEIFY_CAPACITY = 64
      table = class java.util.HashMap$Node[16]
      entrySet = null
      size = 1
      modCount = 1
      threshold = 12
      loadFactor = 0.75
      keySet = class java.util.HashMap$KeySet@5a17147c
      values = null
    permissionXMLPermissionMap = class java.util.HashMap@11874721
      serialVersionUID = 362498820763181265
      DEFAULT_INITIAL_CAPACITY = 16
      MAXIMUM_CAPACITY = 1073741824
      DEFAULT_LOAD_FACTOR = 0.75
      TREEIFY_THRESHOLD = 8
      UNTREEIFY_THRESHOLD = 6
      MIN_TREEIFY_CAPACITY = 64
      table = null
      entrySet = null
      size = 0
      modCount = 0
      threshold = 0
      loadFactor = 0.75
      keySet = null
      values = null
    serialVersionUID = 8583289148510585888
  permissionsConfig = null
  serialVersionUID = 1131686356392279747
  appInfo = class com.ibm.ws.container.service.app.deploy.internal.ApplicationInfoImpl@1f58ef59
    appName = "documents"
    appMetaData = class com.ibm.ws.container.service.app.deploy.internal.ApplicationMetaDataImpl@3a9b75b6
      j2eeName = class com.ibm.ws.container.service.metadata.internal.J2EENameImpl@3cbea3eb
      serialVersionUID = -7906531148367236579
      $$$tc$$$ = class com.ibm.websphere.ras.TraceComponent@2eade67f
      tc = class com.ibm.websphere.ras.TraceComponent@464d02c4
      NUM_STATIC_SLOTS = 4
      ID_UNINITIALIZED = -1
      id = 6
      metaDataInterface = class java.lang.Class@1bd3b65f
      staticSlots = class java.lang.Object[4]
      dynamicSlots = null
    appContainer = class com.ibm.ws.adaptable.module.internal.AdaptableContainerImpl@5fe0e33a
      root = class com.ibm.ws.adaptable.module.internal.AdaptableContainerImpl@5fe0e33a
      rootOverlay = class com.ibm.ws.artifact.overlay.internal.DirectoryBasedOverlayContainerImpl@605a4a5
      factoryHolder = class com.ibm.ws.adaptable.module.internal.AdaptableModuleFactoryImpl@52364449
      delegate = class com.ibm.ws.artifact.overlay.internal.DirectoryBasedOverlayContainerImpl@605a4a5
      notifier = class com.ibm.ws.adaptable.module.internal.NotifierImpl@7bf9af83
      serialVersionUID = -5950528200509051684
      $$$tc$$$ = class com.ibm.websphere.ras.TraceComponent@6b0ee936
    configHelper = class com.ibm.ws.app.manager.module.ApplicationNestedConfigHelper@5a307cc6
      appInfo = class com.ibm.ws.app.manager.internal.ApplicationInstallInfo@1e05df27
      serialVersionUID = -3174031738676705046
      $$$tc$$$ = class com.ibm.websphere.ras.TraceComponent@31660f71
    applicationInformation = class com.ibm.ws.app.manager.internal.ApplicationInstallInfo@1e05df27
    serialVersionUID = 5227817860647895780
    $$$tc$$$ = class com.ibm.websphere.ras.TraceComponent@74f52032
      strings[0] = "TraceComponent[com.ibm.ws.container.service.app.deploy.internal.ApplicationInfoImpl,class com.ibm.ws.container.service.app.deploy.internal.ApplicationInfoImpl,[container.service],com.ibm.ws.container.service.resources.Messages,null]"
  appInfoRegistration = null
  modulesDeployed = class java.util.ArrayList@69dab900
    serialVersionUID = 8683452581122892189
    DEFAULT_CAPACITY = 10
    EMPTY_ELEMENTDATA = class java.lang.Object[0]
    DEFAULTCAPACITY_EMPTY_ELEMENTDATA = class java.lang.Object[0]
    elementData = class java.lang.Object[10]
      Object[0] = class com.ibm.ws.app.manager.module.internal.DeployedModuleInfoImpl@6083500b
      Object[1] = null
      Object[2] = null
      Object[3] = null
      Object[4] = null
      Object[5] = null
      Object[6] = null
      Object[7] = null
      Object[8] = null
      Object[9] = null
    size = 1
    MAX_ARRAY_SIZE = 2147483639
    modCount = 1
    MAX_ARRAY_SIZE = 2147483639
  starting = true
  started = false
  deployedAppServices = class com.ibm.ws.app.manager.module.internal.DeployedAppServicesImpl@648da1f2
    SERVER_APPS_DIR = "${server.output.dir}/apps/"
    EXPANDED_APPS_DIR = "${server.output.dir}/apps/expanded/"
    bundleContext = class org.eclipse.osgi.internal.framework.BundleContextImpl@5486bded
      valid = true
      bundle = class org.eclipse.osgi.internal.framework.EquinoxBundle@720bfa9c
      container = class org.eclipse.osgi.internal.framework.EquinoxContainer@4a9d8f96
      debug = class org.eclipse.osgi.internal.debug.Debug@27540a92
      servicesInUse = class java.util.HashMap@6d4143ea
      activator = null
      contextLock = class java.lang.Object@bdf3a4
    applicationInfoFactory = class com.ibm.ws.container.service.app.deploy.internal.ApplicationInfoFactoryImpl@469eca8b
    futureMonitor = class com.ibm.ws.threading.internal.FutureMonitorImpl@66594008
    classLoadingService = class com.ibm.ws.classloading.internal.ClassLoadingServiceImpl@2457ad09
    globalSharedLibrary = class com.ibm.ws.library.internal.SharedLibraryImpl@7648496d
    globalSharedLibraryPid = "com.ibm.ws.classloading.sharedlibrary_18"
    configAdmin = class com.ibm.ws.config.admin.internal.ConfigurationAdminImpl@1a22ff06
    metaDataService = class com.ibm.ws.container.service.metadata.internal.MetaDataServiceImpl@6926414e
    stateChangeService = class com.ibm.ws.container.service.state.internal.StateChangeServiceImpl@43e465f6
    allModuleTypes = class java.lang.String[4]
      String[0] = "ejb"
      String[1] = "web"
      String[2] = "client"
      String[3] = "connector"
    moduleMetaDataExtenders = class java.util.concurrent.ConcurrentHashMap@6e165ec5
      serialVersionUID = 7249069246763182397
      MAXIMUM_CAPACITY = 1073741824
      DEFAULT_CAPACITY = 16
      MAX_ARRAY_SIZE = 2147483639
      DEFAULT_CONCURRENCY_LEVEL = 16
      LOAD_FACTOR = 0.75
      TREEIFY_THRESHOLD = 8
      UNTREEIFY_THRESHOLD = 6
      MIN_TREEIFY_CAPACITY = 64
      MIN_TRANSFER_STRIDE = 16
      RESIZE_STAMP_BITS = 16
      MAX_RESIZERS = 65535
      RESIZE_STAMP_SHIFT = 16
      MOVED = -1
      TREEBIN = -2
      RESERVED = -3
      HASH_BITS = 2147483647
      NCPU = 8
      serialPersistentFields = class java.io.ObjectStreamField[3]
      table = class java.util.concurrent.ConcurrentHashMap$Node[16]
      nextTable = null
      baseCount = 4
      sizeCtl = 12
      transferIndex = 0
      cellsBusy = 0
      counterCells = null
      keySet = null
      values = null
      entrySet = null
      U = class sun.misc.Unsafe@44da40b9
      SIZECTL = 20
      TRANSFERINDEX = 32
      BASECOUNT = 24
      CELLSBUSY = 36
      CELLVALUE = 144
      ABASE = 16
      ASHIFT = 2
      keySet = null
      values = null
    nestedModuleMetaDataFactories = class java.util.concurrent.ConcurrentHashMap@4d6c5ad
      serialVersionUID = 7249069246763182397
      MAXIMUM_CAPACITY = 1073741824
      DEFAULT_CAPACITY = 16
      MAX_ARRAY_SIZE = 2147483639
      DEFAULT_CONCURRENCY_LEVEL = 16
      LOAD_FACTOR = 0.75
      TREEIFY_THRESHOLD = 8
      UNTREEIFY_THRESHOLD = 6
      MIN_TREEIFY_CAPACITY = 64
      MIN_TRANSFER_STRIDE = 16
      RESIZE_STAMP_BITS = 16
      MAX_RESIZERS = 65535
      RESIZE_STAMP_SHIFT = 16
      MOVED = -1
      TREEBIN = -2
      RESERVED = -3
      HASH_BITS = 2147483647
      NCPU = 8
      serialPersistentFields = class java.io.ObjectStreamField[3]
      table = class java.util.concurrent.ConcurrentHashMap$Node[16]
      nextTable = null
      baseCount = 4
      sizeCtl = 12
      transferIndex = 0
      cellsBusy = 0
      counterCells = null
      keySet = null
      values = null
      entrySet = null
      U = class sun.misc.Unsafe@44da40b9
      SIZECTL = 20
      TRANSFERINDEX = 32
      BASECOUNT = 24
      CELLSBUSY = 36
      CELLVALUE = 144
      ABASE = 16
      ASHIFT = 2
      keySet = null
      values = null
    permissionManager = class com.ibm.ws.classloading.java2sec.PermissionManager@37b31492
    locAdmin = class com.ibm.ws.kernel.service.location.internal.WsLocationAdminImpl@315619de
    artifactFactory = class com.ibm.ws.artifact.internal.ArtifactContainerFactoryService@25bf01d7
    moduleFactory = class com.ibm.ws.adaptable.module.internal.AdaptableModuleFactoryImpl@52364449
    serialVersionUID = 8537801607979767986
    $$$tc$$$ = class com.ibm.websphere.ras.TraceComponent@24d9f403
      strings[0] = "TraceComponent[com.ibm.ws.app.manager.module.internal.DeployedAppServicesImpl,class com.ibm.ws.app.manager.module.internal.DeployedAppServicesImpl,[applications, app.manager],null,null]"
  futureMonitor = class com.ibm.ws.threading.internal.FutureMonitorImpl@66594008
    _monitor = class java.util.concurrent.ConcurrentLinkedQueue@52504c06
      serialVersionUID = 196745693267521676
      head = class java.util.concurrent.ConcurrentLinkedQueue$Node@5af45212
      tail = class java.util.concurrent.ConcurrentLinkedQueue$Node@5af45212
      UNSAFE = class sun.misc.Unsafe@44da40b9
      headOffset = 12
      tailOffset = 16
      MAX_ARRAY_SIZE = 2147483639
    _executor = class com.ibm.ws.threading.internal.ScheduledExecutorImpl@37dded9f
      threadGroupName = "Scheduled Executor Thread Group"
      executor = class com.ibm.ws.threading.internal.ExecutorServiceImpl@9008685
      serialVersionUID = -9110693807503469597
      $$$tc$$$ = class com.ibm.websphere.ras.TraceComponent@194f6c02
      continueExistingPeriodicTasksAfterShutdown = false
      executeExistingDelayedTasksAfterShutdown = true
      removeOnCancel = false
      sequencer = class java.util.concurrent.atomic.AtomicLong@785fb369
      ctl = class java.util.concurrent.atomic.AtomicInteger@d07e011
      COUNT_BITS = 29
      CAPACITY = 536870911
      RUNNING = -536870912
      SHUTDOWN = 0
      STOP = 536870912
      TIDYING = 1073741824
      TERMINATED = 1610612736
      workQueue = class java.util.concurrent.ScheduledThreadPoolExecutor$DelayedWorkQueue@614862ff
      mainLock = class java.util.concurrent.locks.ReentrantLock@44ba8c14
      workers = class java.util.HashSet@417bbb11
      termination = class java.util.concurrent.locks.AbstractQueuedSynchronizer$ConditionObject@73cedc47
      largestPoolSize = 1
      completedTaskCount = 0
      threadFactory = class com.ibm.ws.threading.internal.ThreadFactoryImpl@51b3075b
      handler = class java.util.concurrent.ThreadPoolExecutor$AbortPolicy@41f9eb55
      keepAliveTime = 0
      allowCoreThreadTimeOut = false
      corePoolSize = 1
      maximumPoolSize = 2147483647
      defaultHandler = class java.util.concurrent.ThreadPoolExecutor$AbortPolicy@41f9eb55
      shutdownPerm = class java.lang.RuntimePermission@5dc67348
      acc = null
      ONLY_ONE = true
      $assertionsDisabled = true
    _threadRunning = class java.util.concurrent.atomic.AtomicBoolean@5275956d
      serialVersionUID = 4654671469794556979
      unsafe = class sun.misc.Unsafe@44da40b9
      valueOffset = 12
      value = 0
    _thread = class com.ibm.ws.threading.internal.FutureMonitorImpl$1@48d348eb
      this$0 = class com.ibm.ws.threading.internal.FutureMonitorImpl@66594008
      serialVersionUID = 2422512430832938099
      $$$tc$$$ = class com.ibm.websphere.ras.TraceComponent@563ec716
    serialVersionUID = 2765238413969174390
    $$$tc$$$ = class com.ibm.websphere.ras.TraceComponent@5ae3ff42
      strings[0] = "TraceComponent[com.ibm.ws.threading.internal.FutureMonitorImpl,class com.ibm.ws.threading.internal.FutureMonitorImpl,[Threading],com.ibm.ws.threading.internal.resources.ThreadingMessages,null]"
  appInfoFactory = class com.ibm.ws.container.service.app.deploy.internal.ApplicationInfoFactoryImpl@469eca8b
    j2eeNameFactory = class com.ibm.wsspi.kernel.service.utils.AtomicServiceReference@16e36f94
      referenceName = "j2eeNameFactory"
      tuple = class java.util.concurrent.atomic.AtomicReference@4123cda0
      serialVersionUID = 2226592364007985000
      $$$tc$$$ = class com.ibm.websphere.ras.TraceComponent@7d755b98
    names = class java.util.HashSet@37ac2e8
      serialVersionUID = -5024744406713321676
      map = class java.util.HashMap@19d9a4fa
      PRESENT = class java.lang.Object@4b59a529
      MAX_ARRAY_SIZE = 2147483639
    serialVersionUID = 6232436640731165768
    $$$tc$$$ = class com.ibm.websphere.ras.TraceComponent@77f6b12
      strings[0] = "TraceComponent[com.ibm.ws.container.service.app.deploy.internal.ApplicationInfoFactoryImpl,class com.ibm.ws.container.service.app.deploy.internal.ApplicationInfoFactoryImpl,[container.service],com.ibm.ws.container.service.resources.Messages,null]"
  metaDataService = class com.ibm.ws.container.service.metadata.internal.MetaDataServiceImpl@6926414e
    applicationMetaDataManager = class com.ibm.ws.container.service.metadata.internal.ApplicationMetaDataManager@2d8de766
      serialVersionUID = 1843747281024490904
      $$$tc$$$ = class com.ibm.websphere.ras.TraceComponent@3280411b
      listeners = class com.ibm.wsspi.kernel.service.utils.ConcurrentServiceReferenceSet@41a68a12
      metaDataIDs = class com.ibm.ws.container.service.metadata.internal.IndexList@faf5e90
      metaDatas = class java.util.ArrayList@1c7e2294
      slotIDs = class com.ibm.ws.container.service.metadata.internal.IndexList@5a3a639a
      serialVersionUID = 5464421863354792977
      $$$tc$$$ = class com.ibm.websphere.ras.TraceComponent@413e2dab
    moduleMetaDataManager = class com.ibm.ws.container.service.metadata.internal.ModuleMetaDataManager@7f01b7b
      serialVersionUID = 2513574389899327209
      $$$tc$$$ = class com.ibm.websphere.ras.TraceComponent@27e8252d
      listeners = class com.ibm.wsspi.kernel.service.utils.ConcurrentServiceReferenceSet@60290b3a
      metaDataIDs = class com.ibm.ws.container.service.metadata.internal.IndexList@6ba90da6
      metaDatas = class java.util.ArrayList@58f5f3a0
      slotIDs = class com.ibm.ws.container.service.metadata.internal.IndexList@3101193b
      serialVersionUID = 5464421863354792977
      $$$tc$$$ = class com.ibm.websphere.ras.TraceComponent@413e2dab
    componentMetaDataManager = class com.ibm.ws.container.service.metadata.internal.ComponentMetaDataManager@267e093c
      serialVersionUID = 8629793739641703882
      $$$tc$$$ = class com.ibm.websphere.ras.TraceComponent@57c57dd4
      listeners = class com.ibm.wsspi.kernel.service.utils.ConcurrentServiceReferenceSet@65b8bc45
      metaDataIDs = class com.ibm.ws.container.service.metadata.internal.IndexList@2be2ecaf
      metaDatas = class java.util.ArrayList@7939c32f
      slotIDs = class com.ibm.ws.container.service.metadata.internal.IndexList@4d3dbf26
      serialVersionUID = 5464421863354792977
      $$$tc$$$ = class com.ibm.websphere.ras.TraceComponent@413e2dab
    methodMetaDataManager = class com.ibm.ws.container.service.metadata.internal.MethodMetaDataManager@5a217df0
      serialVersionUID = -8002489041502300640
      $$$tc$$$ = class com.ibm.websphere.ras.TraceComponent@355e6af5
      listeners = class com.ibm.wsspi.kernel.service.utils.ConcurrentServiceReferenceSet@120db9c8
      metaDataIDs = class com.ibm.ws.container.service.metadata.internal.IndexList@6874b08a
      metaDatas = class java.util.ArrayList@2c82141c
      slotIDs = class com.ibm.ws.container.service.metadata.internal.IndexList@78a9d7ad
      serialVersionUID = 5464421863354792977
      $$$tc$$$ = class com.ibm.websphere.ras.TraceComponent@413e2dab
    appModuleNameToModuleContainer = class java.util.concurrent.ConcurrentHashMap@18d51705
      serialVersionUID = 7249069246763182397
      MAXIMUM_CAPACITY = 1073741824
      DEFAULT_CAPACITY = 16
      MAX_ARRAY_SIZE = 2147483639
      DEFAULT_CONCURRENCY_LEVEL = 16
      LOAD_FACTOR = 0.75
      TREEIFY_THRESHOLD = 8
      UNTREEIFY_THRESHOLD = 6
      MIN_TREEIFY_CAPACITY = 64
      MIN_TRANSFER_STRIDE = 16
      RESIZE_STAMP_BITS = 16
      MAX_RESIZERS = 65535
      RESIZE_STAMP_SHIFT = 16
      MOVED = -1
      TREEBIN = -2
      RESERVED = -3
      HASH_BITS = 2147483647
      NCPU = 8
      serialPersistentFields = class java.io.ObjectStreamField[3]
      table = class java.util.concurrent.ConcurrentHashMap$Node[16]
      nextTable = null
      baseCount = 6
      sizeCtl = 12
      transferIndex = 0
      cellsBusy = 0
      counterCells = null
      keySet = null
      values = null
      entrySet = null
      U = class sun.misc.Unsafe@44da40b9
      SIZECTL = 20
      TRANSFERINDEX = 32
      BASECOUNT = 24
      CELLSBUSY = 36
      CELLVALUE = 144
      ABASE = 16
      ASHIFT = 2
      keySet = null
      values = null
    jeeNameToComponentMetaData = class java.util.concurrent.ConcurrentHashMap@1ff9fca7
      serialVersionUID = 7249069246763182397
      MAXIMUM_CAPACITY = 1073741824
      DEFAULT_CAPACITY = 16
      MAX_ARRAY_SIZE = 2147483639
      DEFAULT_CONCURRENCY_LEVEL = 16
      LOAD_FACTOR = 0.75
      TREEIFY_THRESHOLD = 8
      UNTREEIFY_THRESHOLD = 6
      MIN_TREEIFY_CAPACITY = 64
      MIN_TRANSFER_STRIDE = 16
      RESIZE_STAMP_BITS = 16
      MAX_RESIZERS = 65535
      RESIZE_STAMP_SHIFT = 16
      MOVED = -1
      TREEBIN = -2
      RESERVED = -3
      HASH_BITS = 2147483647
      NCPU = 8
      serialPersistentFields = class java.io.ObjectStreamField[3]
      table = class java.util.concurrent.ConcurrentHashMap$Node[32]
      nextTable = null
      baseCount = 13
      sizeCtl = 24
      transferIndex = 0
      cellsBusy = 0
      counterCells = null
      keySet = null
      values = null
      entrySet = null
      U = class sun.misc.Unsafe@44da40b9
      SIZECTL = 20
      TRANSFERINDEX = 32
      BASECOUNT = 24
      CELLSBUSY = 36
      CELLVALUE = 144
      ABASE = 16
      ASHIFT = 2
      keySet = null
      values = null
    deferredMetaDataFactories = class com.ibm.wsspi.kernel.service.utils.ConcurrentServiceReferenceSet@4918218d
      referenceName = "deferredMetaDataFactory"
      contextRef = class java.util.concurrent.atomic.AtomicReference@3abe5e5a
      elementMap = class java.util.LinkedHashMap@4da1d25e
      elementSet = class java.util.concurrent.ConcurrentSkipListSet@74d0c210
      elementSetUnsorted = false
      serialVersionUID = 756240983881166148
      $$$tc$$$ = class com.ibm.websphere.ras.TraceComponent@6c1bceb0
    deferredMetaDataInitializers = class com.ibm.wsspi.kernel.service.utils.ConcurrentServiceReferenceMap@18870ba3
      referenceName = "deferredMetaDataFactory"
      context = class org.apache.felix.scr.impl.manager.ComponentContextImpl@5562f6b4
      elementMap = class java.util.concurrent.ConcurrentHashMap@5b02c65a
      serialVersionUID = 6980924785166233786
      $$$tc$$$ = class com.ibm.websphere.ras.TraceComponent@6dabcb50
    serialVersionUID = -2494605732980966097
    $$$tc$$$ = class com.ibm.websphere.ras.TraceComponent@5fed1c58
      strings[0] = "TraceComponent[com.ibm.ws.container.service.metadata.internal.MetaDataServiceImpl,class com.ibm.ws.container.service.metadata.internal.MetaDataServiceImpl,[Runtime],null,null]"
  stateChangeService = class com.ibm.ws.container.service.state.internal.StateChangeServiceImpl@43e465f6
    applicationStateManager = class com.ibm.ws.container.service.state.internal.ApplicationStateManager@1998bef0
      serialVersionUID = -6685368059484454124
      $$$tc$$$ = class com.ibm.websphere.ras.TraceComponent@5d22c9f8
      listeners = class com.ibm.wsspi.kernel.service.utils.ConcurrentServiceReferenceSet@28c8d94b
      serialVersionUID = 2284273176985484160
      $$$tc$$$ = class com.ibm.websphere.ras.TraceComponent@749e35c3
    moduleStateManager = class com.ibm.ws.container.service.state.internal.ModuleStateManager@71cd95ab
      serialVersionUID = -5540260902341249963
      $$$tc$$$ = class com.ibm.websphere.ras.TraceComponent@4a3caa7e
      listeners = class com.ibm.wsspi.kernel.service.utils.ConcurrentServiceReferenceSet@28057832
      serialVersionUID = 2284273176985484160
      $$$tc$$$ = class com.ibm.websphere.ras.TraceComponent@749e35c3
    serialVersionUID = -537917915330350560
    $$$tc$$$ = class com.ibm.websphere.ras.TraceComponent@1a935161
      strings[0] = "TraceComponent[com.ibm.ws.container.service.state.internal.StateChangeServiceImpl,class com.ibm.ws.container.service.state.internal.StateChangeServiceImpl,[Runtime],null,null]"
  moduleClassesInfo = class com.ibm.ws.app.manager.module.internal.SimpleDeployedAppInfoBase$ModuleClassesInfoProvider@5588e7d3
    entryContainerInfosMap = class java.util.HashMap@701b31fa
      serialVersionUID = 362498820763181265
      DEFAULT_INITIAL_CAPACITY = 16
      MAXIMUM_CAPACITY = 1073741824
      DEFAULT_LOAD_FACTOR = 0.75
      TREEIFY_THRESHOLD = 8
      UNTREEIFY_THRESHOLD = 6
      MIN_TREEIFY_CAPACITY = 64
      table = null
      entrySet = null
      size = 0
      modCount = 0
      threshold = 0
      loadFactor = 0.75
      keySet = null
      values = null
    serialVersionUID = -70332790531324534
    $$$tc$$$ = class com.ibm.websphere.ras.TraceComponent@645514b8
      strings[0] = "TraceComponent[com.ibm.ws.app.manager.module.internal.SimpleDeployedAppInfoBase$ModuleClassesInfoProvider,class com.ibm.ws.app.manager.module.internal.SimpleDeployedAppInfoBase$ModuleClassesInfoProvider,[applications, app.manager],null,null]"
  moduleContainerInfos = class java.util.ArrayList@5c834ea1
    serialVersionUID = 8683452581122892189
    DEFAULT_CAPACITY = 10
    EMPTY_ELEMENTDATA = class java.lang.Object[0]
    DEFAULTCAPACITY_EMPTY_ELEMENTDATA = class java.lang.Object[0]
    elementData = class java.lang.Object[10]
      Object[0] = class com.ibm.ws.app.manager.module.internal.SimpleDeployedAppInfoBase$WebModuleContainerInfo@16dfcd0f
      Object[1] = null
      Object[2] = null
      Object[3] = null
      Object[4] = null
      Object[5] = null
      Object[6] = null
      Object[7] = null
      Object[8] = null
      Object[9] = null
    size = 1
    MAX_ARRAY_SIZE = 2147483639
    modCount = 1
    MAX_ARRAY_SIZE = 2147483639
  activeModuleHandlers = class java.util.IdentityHashMap@6c791d28
    DEFAULT_CAPACITY = 32
    MINIMUM_CAPACITY = 4
    MAXIMUM_CAPACITY = 536870912
    table = class java.lang.Object[16]
      Object[0] = null
      Object[1] = null
      Object[2] = null
      Object[3] = null
      Object[4] = null
      Object[5] = null
      Object[6] = null
      Object[7] = null
      Object[8] = null
      Object[9] = null
      Object[10] = null
      Object[11] = null
      Object[12] = null
      Object[13] = null
      Object[14] = null
      Object[15] = null
    size = 0
    modCount = 2
    NULL_KEY = class java.lang.Object@dbc084c
    entrySet = null
    serialVersionUID = 8188218128353913216
    keySet = null
    values = null
  serialVersionUID = -2685719801501752993
  $$$tc$$$ = class com.ibm.websphere.ras.TraceComponent@1445ebf6
    strings[0] = "TraceComponent[com.ibm.ws.app.manager.module.internal.SimpleDeployedAppInfoBase,class com.ibm.ws.app.manager.module.internal.SimpleDeployedAppInfoBase,[applications, app.manager],null,null]"

Dump of objectArray[0]
Object type = com.ibm.ws.threading.internal.NonCancelableResultFuture
  _done = false
  _result = null
  _failure = null
  _listeners = class java.util.concurrent.ConcurrentLinkedQueue@320292e4
    serialVersionUID = 196745693267521676
    head = class java.util.concurrent.ConcurrentLinkedQueue$Node@26dc0c52
      item = null
      next = null
      UNSAFE = class sun.misc.Unsafe@44da40b9
      itemOffset = 12
      nextOffset = 16
    tail = class java.util.concurrent.ConcurrentLinkedQueue$Node@26dc0c52
    UNSAFE = class sun.misc.Unsafe@44da40b9
    headOffset = 12
    tailOffset = 16
    MAX_ARRAY_SIZE = 2147483639
  _notifiedListeners = class java.util.concurrent.atomic.AtomicBoolean@3352eb70
    serialVersionUID = 4654671469794556979
    unsafe = class sun.misc.Unsafe@44da40b9
      theUnsafe = class sun.misc.Unsafe@44da40b9
      INVALID_FIELD_OFFSET = -1
      ARRAY_BOOLEAN_BASE_OFFSET = 16
      ARRAY_BYTE_BASE_OFFSET = 16
      ARRAY_SHORT_BASE_OFFSET = 16
      ARRAY_CHAR_BASE_OFFSET = 16
      ARRAY_INT_BASE_OFFSET = 16
      ARRAY_LONG_BASE_OFFSET = 16
      ARRAY_FLOAT_BASE_OFFSET = 16
      ARRAY_DOUBLE_BASE_OFFSET = 16
      ARRAY_OBJECT_BASE_OFFSET = 16
      ARRAY_BOOLEAN_INDEX_SCALE = 1
      ARRAY_BYTE_INDEX_SCALE = 1
      ARRAY_SHORT_INDEX_SCALE = 2
      ARRAY_CHAR_INDEX_SCALE = 2
      ARRAY_INT_INDEX_SCALE = 4
      ARRAY_LONG_INDEX_SCALE = 8
      ARRAY_FLOAT_INDEX_SCALE = 4
      ARRAY_DOUBLE_INDEX_SCALE = 8
      ARRAY_OBJECT_INDEX_SCALE = 4
      ADDRESS_SIZE = 8
    valueOffset = 12
    value = 0
  serialVersionUID = -296387658814354272
  $$$tc$$$ = class com.ibm.websphere.ras.TraceComponent@677c6098
    strings[0] = "TraceComponent[com.ibm.ws.threading.internal.NonCancelableResultFuture,class com.ibm.ws.threading.internal.NonCancelableResultFuture,[Threading],com.ibm.ws.threading.internal.resources.ThreadingMessages,null]"

