------Start of DE processing------ = [28/12/21 19:15:13:944 EET]
Exception = org.jboss.weld.exceptions.DeploymentException
Source = com.ibm.ws.container.service.state.internal.ApplicationStateManager
probeid = 54
Stack Dump = org.jboss.weld.exceptions.DeploymentException: WELD-001408: Unsatisfied dependencies for type DocumentDaoImpl with qualifiers @Default
  at injection point [BackedAnnotatedField] @Inject com.example.documents.HelloController.documentDaoImpl
  at com.example.documents.HelloController.documentDaoImpl(HelloController.java:0)
WELD-001474: Class com.example.documents.dao.DocumentDaoImpl is on the classpath, but was ignored because a class it references was not found: javax.persistence.EntityManager.

	at org.jboss.weld.bootstrap.Validator.validateInjectionPointForDeploymentProblems(Validator.java:378)
	at org.jboss.weld.bootstrap.Validator.validateInjectionPoint(Validator.java:290)
	at org.jboss.weld.bootstrap.Validator.validateGeneralBean(Validator.java:143)
	at org.jboss.weld.bootstrap.Validator.validateRIBean(Validator.java:164)
	at org.jboss.weld.bootstrap.Validator.validateBean(Validator.java:526)
	at org.jboss.weld.bootstrap.ConcurrentValidator$1.doWork(ConcurrentValidator.java:64)
	at org.jboss.weld.bootstrap.ConcurrentValidator$1.doWork(ConcurrentValidator.java:62)
	at org.jboss.weld.executor.IterativeWorkerTaskFactory$1.call(IterativeWorkerTaskFactory.java:62)
	at org.jboss.weld.executor.IterativeWorkerTaskFactory$1.call(IterativeWorkerTaskFactory.java:55)
	at java.util.concurrent.FutureTask.run(FutureTask.java:266)
	at java.util.concurrent.ThreadPoolExecutor.runWorker(ThreadPoolExecutor.java:1149)
	at java.util.concurrent.ThreadPoolExecutor$Worker.run(ThreadPoolExecutor.java:624)
	at java.lang.Thread.run(Thread.java:748)

Dump of callerThis
Object type = com.ibm.ws.container.service.state.internal.ApplicationStateManager
  serialVersionUID = -6685368059484454124
  $$$tc$$$ = class com.ibm.websphere.ras.TraceComponent@655b8657
    strings[0] = "TraceComponent[com.ibm.ws.container.service.state.internal.ApplicationStateManager,class com.ibm.ws.container.service.state.internal.ApplicationStateManager,[Runtime],null,null]"
  listeners = class com.ibm.wsspi.kernel.service.utils.ConcurrentServiceReferenceSet@628e7f3a
    referenceName = "applicationStateListeners"
    contextRef = class java.util.concurrent.atomic.AtomicReference@5c0abccf
      serialVersionUID = -1848883965231344442
      unsafe = class sun.misc.Unsafe@4846133
      valueOffset = 12
      value = class org.apache.felix.scr.impl.manager.ComponentContextImpl@de149a8
    elementMap = class java.util.LinkedHashMap@234dc178
      serialVersionUID = 3801124242820219131
      head = class java.util.LinkedHashMap$Entry@406a1f6d
      tail = class java.util.LinkedHashMap$Entry@40d0d691
      accessOrder = false
      serialVersionUID = 362498820763181265
      DEFAULT_INITIAL_CAPACITY = 16
      MAXIMUM_CAPACITY = 1073741824
      DEFAULT_LOAD_FACTOR = 0.75
      TREEIFY_THRESHOLD = 8
      UNTREEIFY_THRESHOLD = 6
      MIN_TREEIFY_CAPACITY = 64
      table = class java.util.HashMap$Node[16]
      entrySet = null
      size = 11
      modCount = 11
      threshold = 12
      loadFactor = 0.75
      keySet = null
      values = null
    elementSet = class java.util.concurrent.ConcurrentSkipListSet@1562ab0a
      serialVersionUID = -2479143111061671589
      m = class java.util.concurrent.ConcurrentSkipListMap@1ba66789
      UNSAFE = class sun.misc.Unsafe@4846133
      mapOffset = 12
      MAX_ARRAY_SIZE = 2147483639
    elementSetUnsorted = false
    serialVersionUID = 756240983881166148
    $$$tc$$$ = class com.ibm.websphere.ras.TraceComponent@51e8ea25
      strings[0] = "TraceComponent[com.ibm.wsspi.kernel.service.utils.ConcurrentServiceReferenceSet,class com.ibm.wsspi.kernel.service.utils.ConcurrentServiceReferenceSet,[kernelUtils],com.ibm.ws.kernel.service.utils.resources.ServiceMessages,null]"
  serialVersionUID = 2284273176985484160
  $$$tc$$$ = class com.ibm.websphere.ras.TraceComponent@6b651d3d
    strings[0] = "TraceComponent[com.ibm.ws.container.service.state.internal.StateChangeManager,class com.ibm.ws.container.service.state.internal.StateChangeManager,[Runtime],null,null]"

Dump of objectArray[0]
Object type = com.ibm.ws.container.service.app.deploy.internal.ApplicationInfoImpl
  appName = "documents"
  appMetaData = class com.ibm.ws.container.service.app.deploy.internal.ApplicationMetaDataImpl@24e7086e
    j2eeName = class com.ibm.ws.container.service.metadata.internal.J2EENameImpl@17060295
      serialVersionUID = 7488184044073147667
      application = "documents"
      module = null
      component = null
      string = "documents"
      j2eeNameBytes = null
      $$$tc$$$ = class com.ibm.websphere.ras.TraceComponent@365fddb4
    serialVersionUID = -7906531148367236579
    $$$tc$$$ = class com.ibm.websphere.ras.TraceComponent@6bf030b
      strings[0] = "TraceComponent[com.ibm.ws.container.service.app.deploy.internal.ApplicationMetaDataImpl,class com.ibm.ws.container.service.app.deploy.internal.ApplicationMetaDataImpl,[container.service],com.ibm.ws.container.service.resources.Messages,null]"
    tc = class com.ibm.websphere.ras.TraceComponent@13089d7f
      strings[0] = "TraceComponent[com.ibm.ws.runtime.metadata.MetaDataImpl,class com.ibm.ws.runtime.metadata.MetaDataImpl,[Runtime],null,null]"
    NUM_STATIC_SLOTS = 4
    ID_UNINITIALIZED = -1
    id = 6
    metaDataInterface = class java.lang.Class@49f208c5
      ANNOTATION = 8192
      ENUM = 16384
      SYNTHETIC = 4096
      cachedConstructor = null
      newInstanceCallerCache = null
      name = "com.ibm.ws.runtime.metadata.ApplicationMetaData"
      allPermDomain = class java.security.ProtectionDomain@678090a9
      useCaches = true
      reflectionData = null
      classRedefinedCount = 0
      genericInfo = null
      serialVersionUID = 3206093459760846163
      serialPersistentFields = class java.io.ObjectStreamField[0]
      reflectionFactory = class sun.reflect.ReflectionFactory@17a89ec8
      initted = true
      enumConstants = null
      enumConstantDirectory = null
      annotationData = null
      annotationType = null
      classValueMap = null
    staticSlots = class java.lang.Object[4]
      Object[0] = class com.ibm.ws.cdi.impl.weld.WebSphereCDIDeploymentImpl@13594995
      Object[1] = class com.ibm.ws.injectionengine.osgi.internal.OSGiInjectionScopeData@40d4dbe8
      Object[2] = "documents"
      Object[3] = null
    dynamicSlots = null
  appContainer = class com.ibm.ws.adaptable.module.internal.AdaptableContainerImpl@5c90c07
    root = class com.ibm.ws.adaptable.module.internal.AdaptableContainerImpl@5c90c07
    rootOverlay = class com.ibm.ws.artifact.overlay.internal.DirectoryBasedOverlayContainerImpl@5e5b9a84
      base = class com.ibm.ws.artifact.loose.internal.LooseArchive@15fecd57
      maskSet = class java.util.HashSet@4cb22b9c
      cfHolder = class com.ibm.ws.artifact.overlay.internal.OverlayContainerFactoryImpl@7c483c31
      fileOverlayContainer = class com.ibm.ws.artifact.file.internal.FileContainer@2a5fa279
      overlayDirectory = class java.io.File@33527ed7
      cacheDirForOverlay = class java.io.File@50a5899f
      overlayNotifier = class com.ibm.ws.artifact.overlay.internal.DirectoryBasedOverlayNotifier@582922b8
      enclosingContainer = null
      entryInEnclosingContainer = null
      nestedOverlays = class java.util.concurrent.ConcurrentHashMap@d16b6dc
      cacheStore = class com.ibm.ws.artifact.overlay.internal.OverlayCache@5a8d816d
      parentOverlay = null
      isPassThroughMode = true
      serialVersionUID = -6650153487216279998
      $$$tc$$$ = class com.ibm.websphere.ras.TraceComponent@3d86cb51
    factoryHolder = class com.ibm.ws.adaptable.module.internal.AdaptableModuleFactoryImpl@58d59466
      adapterFactoryService = class com.ibm.ws.adaptable.module.internal.AdapterFactoryServiceImpl@66420a0e
      containerFactory = class com.ibm.ws.artifact.internal.ArtifactContainerFactoryService@36728c08
      overlayContainerFactory = class com.ibm.ws.artifact.overlay.internal.OverlayContainerFactoryImpl@7c483c31
      serialVersionUID = 4200251809856292987
      $$$tc$$$ = class com.ibm.websphere.ras.TraceComponent@23cdf22f
    delegate = class com.ibm.ws.artifact.overlay.internal.DirectoryBasedOverlayContainerImpl@5e5b9a84
    notifier = class com.ibm.ws.adaptable.module.internal.NotifierImpl@51cb1a31
      root = class com.ibm.ws.adaptable.module.internal.AdaptableContainerImpl@5c90c07
      delegateNotifier = class com.ibm.ws.artifact.overlay.internal.DirectoryBasedOverlayNotifier@582922b8
      delegateRoot = class com.ibm.ws.artifact.overlay.internal.DirectoryBasedOverlayContainerImpl@5e5b9a84
      listenerDelegates = class java.util.HashMap@2ecd41c9
      serialVersionUID = 6839382523957017880
      $$$tc$$$ = class com.ibm.websphere.ras.TraceComponent@93f0444
    serialVersionUID = -5950528200509051684
    $$$tc$$$ = class com.ibm.websphere.ras.TraceComponent@497df2b3
      strings[0] = "TraceComponent[com.ibm.ws.adaptable.module.internal.AdaptableContainerImpl,class com.ibm.ws.adaptable.module.internal.AdaptableContainerImpl,[archive.adaptable],null,null]"
  configHelper = class com.ibm.ws.app.manager.module.ApplicationNestedConfigHelper@5686372f
    appInfo = class com.ibm.ws.app.manager.internal.ApplicationInstallInfo@7417270d
    serialVersionUID = -3174031738676705046
    $$$tc$$$ = class com.ibm.websphere.ras.TraceComponent@741121b3
      strings[0] = "TraceComponent[com.ibm.ws.app.manager.module.ApplicationNestedConfigHelper,class com.ibm.ws.app.manager.module.ApplicationNestedConfigHelper,[applications, app.manager],null,null]"
  applicationInformation = class com.ibm.ws.app.manager.internal.ApplicationInstallInfo@7417270d
    _config = class com.ibm.ws.app.manager.internal.ApplicationConfig@6c66bd64
      tc = class com.ibm.websphere.ras.TraceComponent@1cd0daae
      _configPid = "com.ibm.ws.app.manager_13"
      _config = class com.ibm.ws.config.admin.ConfigurationDictionary@6f4fbda2
      _applicationManager = class com.ibm.ws.app.manager.ApplicationManager@14f52af4
      _location = "documents.war"
      _type = "war"
      _name = "documents"
      _notificationBroadcasterSupport = class javax.management.NotificationBroadcasterSupport@60f7faa8
      ONE_TIME_JANDEX_MSGS_DISPLAYED = true
      serialVersionUID = -2151423388299667431
    _handlerInfo = class java.util.concurrent.atomic.AtomicReference@2184c0aa
      serialVersionUID = -1848883965231344442
      unsafe = class sun.misc.Unsafe@4846133
      valueOffset = 12
      value = class com.ibm.ws.app.manager.war.internal.WARDeployedAppInfo@53680a0c
    _container = class java.util.concurrent.atomic.AtomicReference@6b17ca5
      serialVersionUID = -1848883965231344442
      unsafe = class sun.misc.Unsafe@4846133
      valueOffset = 12
      value = class com.ibm.ws.adaptable.module.internal.AdaptableContainerImpl@5c90c07
    _resolvedLocation = class java.util.concurrent.atomic.AtomicReference@7b1165d4
      serialVersionUID = -1848883965231344442
      unsafe = class sun.misc.Unsafe@4846133
      valueOffset = 12
      value = class com.ibm.ws.kernel.service.location.internal.LocalFileResource@7bd47c26
    _handler = class com.ibm.ws.app.manager.war.internal.WARApplicationHandlerImpl@22457a4f
      futureMonitor = class com.ibm.ws.threading.internal.FutureMonitorImpl@46cb4b22
      deployedAppFactory = class com.ibm.ws.app.manager.war.internal.WARDeployedAppInfoFactoryImpl@1936dbe9
      serialVersionUID = 4622845147410944782
      $$$tc$$$ = class com.ibm.websphere.ras.TraceComponent@76a1b4e3
    _ami = class java.util.concurrent.atomic.AtomicReference@25c37f3d
      serialVersionUID = -1848883965231344442
      unsafe = class sun.misc.Unsafe@4846133
      valueOffset = 12
      value = class com.ibm.wsspi.application.handler.DefaultApplicationMonitoringInformation@51f90da8
    _updateHandler = class com.ibm.ws.app.manager.internal.statemachine.ApplicationStateMachineImpl@281a6b74
      _tc = class com.ibm.websphere.ras.TraceComponent@66e52528
      EMPTY_FUTURE_ARRAY = interface java.util.concurrent.Future[0]
      asmSequenceNumber = class java.util.concurrent.atomic.AtomicLong@b05690b
      _qscaCounter = class java.util.concurrent.atomic.AtomicInteger@178bb112
      _failedThrowable = null
      _interruptibleLock = class com.ibm.ws.app.manager.internal.statemachine.ApplicationStateMachineImpl$2@384dd999
      _interruptible = false
      _performingQueuedActions = true
      _queuedActions = class java.util.concurrent.ConcurrentLinkedQueue@2be69cf6
      _callbackState = class java.util.concurrent.atomic.AtomicReference@b0be5b0
      blockAppStartingFutures = class java.util.Collections$SetFromMap@41c2d6e2
      waitingForAppHandlerFuture = class java.util.concurrent.atomic.AtomicReference@17954e52
      waitingForExplicitStartFuture = class java.util.concurrent.atomic.AtomicReference@88b717a
      startAfterFutures = class java.util.Collections$SetFromMap@5c7923be
      completionListener = class java.util.concurrent.atomic.AtomicReference@b5b9b15
      _notifyAppStopped = class java.util.concurrent.ConcurrentLinkedQueue@3681a3f2
      _notifyAppStarting = class java.util.concurrent.ConcurrentLinkedQueue@655204f9
      _notifyAppInstallCalled = class java.util.concurrent.ConcurrentLinkedQueue@70a3af3e
      _notifyAppStarted = class java.util.concurrent.ConcurrentLinkedQueue@27f7110c
      _notifyAppRemoved = class java.util.concurrent.ConcurrentLinkedQueue@1c52a833
      _stateLock = class com.ibm.ws.app.manager.internal.statemachine.ApplicationStateMachineImpl$3@6952028c
      _internalState = class java.util.concurrent.atomic.AtomicReference@4e59ac7
      _currentAction = class java.util.concurrent.atomic.AtomicReference@1b858426
      _rfa = class java.util.concurrent.atomic.AtomicReference@129fb455
      _appInstallInfo = class java.util.concurrent.atomic.AtomicReference@6ba082e8
      _update = class java.util.concurrent.atomic.AtomicBoolean@433b0ef9
      _appConfig = class java.util.concurrent.atomic.AtomicReference@7428160c
      _nextAppConfig = class java.util.concurrent.atomic.AtomicReference@1b7a29c0
      _appContainer = class java.util.concurrent.atomic.AtomicReference@74224f85
      _resolvedLocation = class java.util.concurrent.atomic.AtomicReference@6ff5cb3e
      _handler = class java.util.concurrent.atomic.AtomicReference@5bd938ba
      _asmSeqNo = 0
      _ctx = class org.eclipse.osgi.internal.framework.BundleContextImpl@7257624a
      _locAdmin = class com.ibm.ws.kernel.service.location.internal.WsLocationAdminImpl@779f15fe
      _futureMonitor = class com.ibm.ws.threading.internal.FutureMonitorImpl@46cb4b22
      _artifactFactory = class com.ibm.ws.artifact.internal.ArtifactContainerFactoryService@36728c08
      _moduleFactory = class com.ibm.ws.adaptable.module.internal.AdaptableModuleFactoryImpl@58d59466
      _executorService = class com.ibm.ws.threading.internal.ExecutorServiceImpl@24fc7e94
      _scheduledExecutorService = class com.ibm.ws.threading.internal.ScheduledExecutorImpl@c02d24d
      _asmHelper = class com.ibm.ws.app.manager.internal.ApplicationConfigurator$NamedApplication@42b3514c
      _appMonitor = class com.ibm.ws.app.manager.internal.monitor.ApplicationMonitor@3bd16d6
      enterStateCalled = class java.util.concurrent.atomic.AtomicBoolean@210dc865
      serialVersionUID = 7990273947104993494
      serialVersionUID = 300267208965883056
      $$$tc$$$ = class com.ibm.websphere.ras.TraceComponent@3ebcf400
    serialVersionUID = 2630639237123415755
    $$$tc$$$ = class com.ibm.websphere.ras.TraceComponent@3b19da39
      strings[0] = "TraceComponent[com.ibm.ws.app.manager.internal.ApplicationInstallInfo,class com.ibm.ws.app.manager.internal.ApplicationInstallInfo,[applications, app.manager],com.ibm.ws.app.manager.internal.resources.AppManagerMessages,null]"
  serialVersionUID = 5227817860647895780
  $$$tc$$$ = class com.ibm.websphere.ras.TraceComponent@65ce16d2
    strings[0] = "TraceComponent[com.ibm.ws.container.service.app.deploy.internal.ApplicationInfoImpl,class com.ibm.ws.container.service.app.deploy.internal.ApplicationInfoImpl,[container.service],com.ibm.ws.container.service.resources.Messages,null]"

