------Start of DE processing------ = [28/12/21 20:03:20:173 EET]
Exception = com.ibm.ws.container.service.state.StateChangeException
Source = com.ibm.ws.app.manager.module.internal.SimpleDeployedAppInfoBase
probeid = 548
Stack Dump = com.ibm.ws.container.service.state.StateChangeException: org.jboss.weld.exceptions.DeploymentException: WELD-001408: Unsatisfied dependencies for type DocumentDaoImpl with qualifiers @Default
  at injection point [BackedAnnotatedField] @Inject com.example.documents.HelloController.documentDaoImpl
  at com.example.documents.HelloController.documentDaoImpl(HelloController.java:0)
WELD-001474: Class com.example.documents.dao.DocumentDaoImpl is on the classpath, but was ignored because a class it references was not found: javax.persistence.EntityManager.

	at com.ibm.ws.container.service.state.internal.ApplicationStateManager.fireStarting(ApplicationStateManager.java:55)
	at com.ibm.ws.container.service.state.internal.StateChangeServiceImpl.fireApplicationStarting(StateChangeServiceImpl.java:50)
	at com.ibm.ws.app.manager.module.internal.SimpleDeployedAppInfoBase.preDeployApp(SimpleDeployedAppInfoBase.java:547)
	at com.ibm.ws.app.manager.module.internal.SimpleDeployedAppInfoBase.installApp(SimpleDeployedAppInfoBase.java:508)
	at com.ibm.ws.app.manager.module.internal.DeployedAppInfoBase.deployApp(DeployedAppInfoBase.java:349)
	at com.ibm.ws.app.manager.war.internal.WARApplicationHandlerImpl.install(WARApplicationHandlerImpl.java:65)
	at com.ibm.ws.app.manager.internal.statemachine.StartAction.execute(StartAction.java:149)
	at com.ibm.ws.app.manager.internal.statemachine.ApplicationStateMachineImpl.enterState(ApplicationStateMachineImpl.java:1352)
	at com.ibm.ws.app.manager.internal.statemachine.ApplicationStateMachineImpl.run(ApplicationStateMachineImpl.java:897)
	at com.ibm.ws.threading.internal.ExecutorServiceImpl$RunnableWrapper.run(ExecutorServiceImpl.java:238)
	at java.util.concurrent.ThreadPoolExecutor.runWorker(ThreadPoolExecutor.java:1149)
	at java.util.concurrent.ThreadPoolExecutor$Worker.run(ThreadPoolExecutor.java:624)
	at java.lang.Thread.run(Thread.java:748)
Caused by: org.jboss.weld.exceptions.DeploymentException: WELD-001408: Unsatisfied dependencies for type DocumentDaoImpl with qualifiers @Default
  at injection point [BackedAnnotatedField] @Inject com.example.documents.HelloController.documentDaoImpl
  at com.example.documents.HelloController.documentDaoImpl(HelloController.java:0)
WELD-001474: Class com.example.documents.dao.DocumentDaoImpl is on the classpath, but was ignored because a class it references was not found: javax.persistence.EntityManager.

	at org.jboss.weld.bootstrap.Validator.validateInjectionPointForDeploymentProblems(Validator.java:378)
	at org.jboss.weld.bootstrap.Validator.validateInjectionPoint(Validator.java:290)
	at org.jboss.weld.bootstrap.Validator.validateGeneralBean(Validator.java:143)
	at org.jboss.weld.bootstrap.Validator.validateRIBean(Validator.java:164)
	at org.jboss.weld.bootstrap.Validator.validateBean(Validator.java:526)
	at org.jboss.weld.bootstrap.ConcurrentValidator$1.doWork(ConcurrentValidator.java:64)
	at org.jboss.weld.bootstrap.ConcurrentValidator$1.doWork(ConcurrentValidator.java:62)
	at org.jboss.weld.executor.IterativeWorkerTaskFactory$1.call(IterativeWorkerTaskFactory.java:62)
	at org.jboss.weld.executor.IterativeWorkerTaskFactory$1.call(IterativeWorkerTaskFactory.java:55)
	at java.util.concurrent.FutureTask.run(FutureTask.java:266)
	... 3 more

Dump of callerThis
Object type = com.ibm.ws.app.manager.war.internal.WARDeployedAppInfo
  CONTEXT_ROOT = "context-root"
  webContainerModuleInfo = class com.ibm.ws.app.manager.module.internal.SimpleDeployedAppInfoBase$WebModuleContainerInfo@60b71645
    contextRoot = "/"
    defaultContextRoot = "documents"
    serialVersionUID = 4617657913043497664
    $$$tc$$$ = class com.ibm.websphere.ras.TraceComponent@6054c6d2
      strings[0] = "TraceComponent[com.ibm.ws.app.manager.module.internal.SimpleDeployedAppInfoBase$WebModuleContainerInfo,class com.ibm.ws.app.manager.module.internal.SimpleDeployedAppInfoBase$WebModuleContainerInfo,[applications, app.manager],null,null]"
    moduleHandler = class com.ibm.ws.app.manager.web.internal.WebModuleHandlerImpl@58a5b592
      serialVersionUID = 4795602325763828210
      $$$tc$$$ = class com.ibm.websphere.ras.TraceComponent@43dfc9b7
      futureMonitor = class com.ibm.ws.threading.internal.FutureMonitorImpl@223b0ca2
      metaDataService = class com.ibm.ws.container.service.metadata.internal.MetaDataServiceImpl@47c59b80
      stateChangeService = class com.ibm.ws.container.service.state.internal.StateChangeServiceImpl@3877483e
      moduleRuntimeContainer = class com.ibm.ws.webcontainer.osgi.WebContainer@581806bd
      firstFailure = null
      serialVersionUID = -4563697739413190872
      $$$tc$$$ = class com.ibm.websphere.ras.TraceComponent@4cb405f9
    moduleMetaDataExtenders = class java.util.Collections$UnmodifiableRandomAccessList@2ce2ae0
      serialVersionUID = -2542308836966382001
      serialVersionUID = -283967356065247728
      list = class java.util.concurrent.CopyOnWriteArrayList@70921602
      serialVersionUID = 1820017752578914078
      c = class java.util.concurrent.CopyOnWriteArrayList@70921602
    nestedModuleMetaDataFactories = class java.util.Collections$UnmodifiableRandomAccessList@7578a70f
      serialVersionUID = -2542308836966382001
      serialVersionUID = -283967356065247728
      list = class java.util.concurrent.CopyOnWriteArrayList@8abd8d4
      serialVersionUID = 1820017752578914078
      c = class java.util.concurrent.CopyOnWriteArrayList@8abd8d4
    nestedModules = null
    moduleName = "documents"
    moduleDD = null
    moduleInfo = class com.ibm.ws.app.manager.module.internal.WebModuleInfoImpl@4b87295c
      contextRoot = "/"
      isDefaultContextRootUsed = false
      defaultContextRoot = "documents"
      serialVersionUID = -6699247856069243844
      $$$tc$$$ = class com.ibm.websphere.ras.TraceComponent@1fb51f28
      tc = class com.ibm.websphere.ras.TraceComponent@3a00c3a8
      appInfo = class com.ibm.ws.container.service.app.deploy.internal.ApplicationInfoImpl@33297b3
      moduleName = "documents"
      path = "documents.war"
      moduleContainer = class com.ibm.ws.adaptable.module.internal.AdaptableContainerImpl@1beebc15
      altDDEntry = null
      moduleClassesContainers = class java.util.ArrayList@2134eb45
      classLoaderFactory = class com.ibm.ws.app.manager.war.internal.WARDeployedAppInfo@1fb9ec5a
      containerInfoType = class com.ibm.ws.container.service.app.deploy.ContainerInfo$Type@4aa2690d
      classLoader = class com.ibm.ws.classloading.internal.AppClassLoader@4be9028
      moduleMetaData = class com.ibm.ws.webcontainer.osgi.metadata.WebModuleMetaDataImpl@7e5c3add
      nestedModuleMetaDataTypes = null
      nestedModuleMetaDataValues = null
      serialVersionUID = 3986734351620206554
    serialVersionUID = 5122721995888983779
    $$$tc$$$ = class com.ibm.websphere.ras.TraceComponent@77685dd7
      strings[0] = "TraceComponent[com.ibm.ws.app.manager.module.internal.SimpleDeployedAppInfoBase$ModuleContainerInfoBase,class com.ibm.ws.app.manager.module.internal.SimpleDeployedAppInfoBase$ModuleContainerInfoBase,[applications, app.manager],null,null]"
    type = class com.ibm.ws.container.service.app.deploy.ContainerInfo$Type@4aa2690d
      MANIFEST_CLASSPATH = class com.ibm.ws.container.service.app.deploy.ContainerInfo$Type@3383723d
      WEB_INF_CLASSES = class com.ibm.ws.container.service.app.deploy.ContainerInfo$Type@4695452b
      WEB_INF_LIB = class com.ibm.ws.container.service.app.deploy.ContainerInfo$Type@72dccd5
      EAR_LIB = class com.ibm.ws.container.service.app.deploy.ContainerInfo$Type@1eda6406
      WEB_MODULE = class com.ibm.ws.container.service.app.deploy.ContainerInfo$Type@4aa2690d
      EJB_MODULE = class com.ibm.ws.container.service.app.deploy.ContainerInfo$Type@36e0ff7a
      CLIENT_MODULE = class com.ibm.ws.container.service.app.deploy.ContainerInfo$Type@5a304890
      RAR_MODULE = class com.ibm.ws.container.service.app.deploy.ContainerInfo$Type@33127c67
      JAR_MODULE = class com.ibm.ws.container.service.app.deploy.ContainerInfo$Type@7ea5c457
      SHARED_LIB = class com.ibm.ws.container.service.app.deploy.ContainerInfo$Type@4f0fefd6
      $VALUES = class com.ibm.ws.container.service.app.deploy.ContainerInfo$Type[10]
      name = "WEB_MODULE"
      ordinal = 4
    name = "documents.war"
    container = class com.ibm.ws.adaptable.module.internal.AdaptableContainerImpl@1beebc15
    moduleClassLoaderFactory = class com.ibm.ws.app.manager.war.internal.WARDeployedAppInfo@1fb9ec5a
    altDDEntry = null
    classesContainerInfo = class java.util.ArrayList@2134eb45
      serialVersionUID = 8683452581122892189
      DEFAULT_CAPACITY = 10
      EMPTY_ELEMENTDATA = class java.lang.Object[0]
      DEFAULTCAPACITY_EMPTY_ELEMENTDATA = class java.lang.Object[0]
      elementData = class java.lang.Object[33]
      size = 23
      MAX_ARRAY_SIZE = 2147483639
      modCount = 24
      MAX_ARRAY_SIZE = 2147483639
    serialVersionUID = 4636874131959542427
    $$$tc$$$ = class com.ibm.websphere.ras.TraceComponent@74324450
      strings[0] = "TraceComponent[com.ibm.ws.app.manager.module.internal.SimpleDeployedAppInfoBase$ExtendedContainerInfo,class com.ibm.ws.app.manager.module.internal.SimpleDeployedAppInfoBase$ExtendedContainerInfo,[applications, app.manager],null,null]"
  DYNAMIC_IMPORT_PACKAGE_LIST = class java.util.Collections$UnmodifiableRandomAccessList@49378e21
    serialVersionUID = -2542308836966382001
    serialVersionUID = -283967356065247728
    list = class java.util.Arrays$ArrayList@52de4ca9
      serialVersionUID = -2764017481108945198
      a = class java.lang.String[1]
      modCount = 0
      MAX_ARRAY_SIZE = 2147483639
    serialVersionUID = 1820017752578914078
    c = class java.util.Arrays$ArrayList@52de4ca9
  serialVersionUID = 6176035338244935179
  $$$tc$$$ = class com.ibm.websphere.ras.TraceComponent@21b94134
    strings[0] = "TraceComponent[com.ibm.ws.app.manager.war.internal.WARDeployedAppInfo,class com.ibm.ws.app.manager.war.internal.WARDeployedAppInfo,[webcontainer, applications, app.manager],com.ibm.ws.app.manager.war.internal.resources.Messages,null]"
  _tc = class com.ibm.websphere.ras.TraceComponent@73a0de04
    strings[0] = "TraceComponent[com.ibm.ws.app.manager.module.internal.DeployedAppInfoBase,class com.ibm.ws.app.manager.module.internal.DeployedAppInfoBase,[app.manager],com.ibm.ws.app.manager.module.internal.resources.Messages,null]"
  PERMISSION_XML = "permissions.xml"
  applicationInformation = class com.ibm.ws.app.manager.internal.ApplicationInstallInfo@6f9cfa17
    _config = class com.ibm.ws.app.manager.internal.ApplicationConfig@40db1c45
      tc = class com.ibm.websphere.ras.TraceComponent@6dd5723a
      _configPid = "com.ibm.ws.app.manager_44"
      _config = class com.ibm.ws.config.admin.ConfigurationDictionary@423a822b
      _applicationManager = class com.ibm.ws.app.manager.ApplicationManager@2b59d0e5
      _location = "documents.war"
      _type = "war"
      _name = "documents"
      _notificationBroadcasterSupport = class javax.management.NotificationBroadcasterSupport@28dd1a7a
      ONE_TIME_JANDEX_MSGS_DISPLAYED = true
      serialVersionUID = -2151423388299667431
    _handlerInfo = class java.util.concurrent.atomic.AtomicReference@3e511990
      serialVersionUID = -1848883965231344442
      unsafe = class sun.misc.Unsafe@20eb1685
      valueOffset = 12
      value = class com.ibm.ws.app.manager.war.internal.WARDeployedAppInfo@1fb9ec5a
    _container = class java.util.concurrent.atomic.AtomicReference@14185c6a
      serialVersionUID = -1848883965231344442
      unsafe = class sun.misc.Unsafe@20eb1685
      valueOffset = 12
      value = class com.ibm.ws.adaptable.module.internal.AdaptableContainerImpl@1beebc15
    _resolvedLocation = class java.util.concurrent.atomic.AtomicReference@169cfded
      serialVersionUID = -1848883965231344442
      unsafe = class sun.misc.Unsafe@20eb1685
      valueOffset = 12
      value = class com.ibm.ws.kernel.service.location.internal.LocalFileResource@a3082f8
    _handler = class com.ibm.ws.app.manager.war.internal.WARApplicationHandlerImpl@ebdf24f
      futureMonitor = class com.ibm.ws.threading.internal.FutureMonitorImpl@223b0ca2
      deployedAppFactory = class com.ibm.ws.app.manager.war.internal.WARDeployedAppInfoFactoryImpl@3707720d
      serialVersionUID = 4622845147410944782
      $$$tc$$$ = class com.ibm.websphere.ras.TraceComponent@37cb7b14
    _ami = class java.util.concurrent.atomic.AtomicReference@3896f791
      serialVersionUID = -1848883965231344442
      unsafe = class sun.misc.Unsafe@20eb1685
      valueOffset = 12
      value = class com.ibm.wsspi.application.handler.DefaultApplicationMonitoringInformation@7e774a68
    _updateHandler = class com.ibm.ws.app.manager.internal.statemachine.ApplicationStateMachineImpl@6e3b17e5
      _tc = class com.ibm.websphere.ras.TraceComponent@2adeb819
      EMPTY_FUTURE_ARRAY = interface java.util.concurrent.Future[0]
      asmSequenceNumber = class java.util.concurrent.atomic.AtomicLong@58e16a5a
      _qscaCounter = class java.util.concurrent.atomic.AtomicInteger@4e5c90b7
      _failedThrowable = null
      _interruptibleLock = class com.ibm.ws.app.manager.internal.statemachine.ApplicationStateMachineImpl$2@2be7af61
      _interruptible = false
      _performingQueuedActions = true
      _queuedActions = class java.util.concurrent.ConcurrentLinkedQueue@6ba97ead
      _callbackState = class java.util.concurrent.atomic.AtomicReference@38496a38
      blockAppStartingFutures = class java.util.Collections$SetFromMap@12ba8cae
      waitingForAppHandlerFuture = class java.util.concurrent.atomic.AtomicReference@4b0a53f
      waitingForExplicitStartFuture = class java.util.concurrent.atomic.AtomicReference@244cef12
      startAfterFutures = class java.util.Collections$SetFromMap@57a74909
      completionListener = class java.util.concurrent.atomic.AtomicReference@113e60af
      _notifyAppStopped = class java.util.concurrent.ConcurrentLinkedQueue@1026a6ea
      _notifyAppStarting = class java.util.concurrent.ConcurrentLinkedQueue@53d1ff83
      _notifyAppInstallCalled = class java.util.concurrent.ConcurrentLinkedQueue@3e531bf1
      _notifyAppStarted = class java.util.concurrent.ConcurrentLinkedQueue@5c8a3f8c
      _notifyAppRemoved = class java.util.concurrent.ConcurrentLinkedQueue@793ec301
      _stateLock = class com.ibm.ws.app.manager.internal.statemachine.ApplicationStateMachineImpl$3@25cf0642
      _internalState = class java.util.concurrent.atomic.AtomicReference@3e50d99
      _currentAction = class java.util.concurrent.atomic.AtomicReference@e1e2436
      _rfa = class java.util.concurrent.atomic.AtomicReference@1b7d83f
      _appInstallInfo = class java.util.concurrent.atomic.AtomicReference@5c97335d
      _update = class java.util.concurrent.atomic.AtomicBoolean@77356493
      _appConfig = class java.util.concurrent.atomic.AtomicReference@875d1d7
      _nextAppConfig = class java.util.concurrent.atomic.AtomicReference@37bc96c6
      _appContainer = class java.util.concurrent.atomic.AtomicReference@52d446b7
      _resolvedLocation = class java.util.concurrent.atomic.AtomicReference@e99a182
      _handler = class java.util.concurrent.atomic.AtomicReference@284432ef
      _asmSeqNo = 0
      _ctx = class org.eclipse.osgi.internal.framework.BundleContextImpl@118202d5
      _locAdmin = class com.ibm.ws.kernel.service.location.internal.WsLocationAdminImpl@b8c9bbd
      _futureMonitor = class com.ibm.ws.threading.internal.FutureMonitorImpl@223b0ca2
      _artifactFactory = class com.ibm.ws.artifact.internal.ArtifactContainerFactoryService@71003992
      _moduleFactory = class com.ibm.ws.adaptable.module.internal.AdaptableModuleFactoryImpl@53af2991
      _executorService = class com.ibm.ws.threading.internal.ExecutorServiceImpl@48dabeff
      _scheduledExecutorService = class com.ibm.ws.threading.internal.ScheduledExecutorImpl@41003e41
      _asmHelper = class com.ibm.ws.app.manager.internal.ApplicationConfigurator$NamedApplication@190b2b8b
      _appMonitor = class com.ibm.ws.app.manager.internal.monitor.ApplicationMonitor@5656c445
      enterStateCalled = class java.util.concurrent.atomic.AtomicBoolean@3968fc41
      serialVersionUID = 7990273947104993494
      serialVersionUID = 300267208965883056
      $$$tc$$$ = class com.ibm.websphere.ras.TraceComponent@3864e372
    serialVersionUID = 2630639237123415755
    $$$tc$$$ = class com.ibm.websphere.ras.TraceComponent@126ebb08
      strings[0] = "TraceComponent[com.ibm.ws.app.manager.internal.ApplicationInstallInfo,class com.ibm.ws.app.manager.internal.ApplicationInstallInfo,[applications, app.manager],com.ibm.ws.app.manager.internal.resources.AppManagerMessages,null]"
  location = "E:\facultate\master\java\java\tehnologii_java\documents\documents\target\liberty\wlp\usr\servers\documents\apps\documents.war.xml"
  classLoadingService = class com.ibm.ws.classloading.internal.ClassLoadingServiceImpl@42fc11fa
    tc = class com.ibm.websphere.ras.TraceComponent@4117f87e
      strings[0] = "TraceComponent[com.ibm.ws.classloading.internal.ClassLoadingServiceImpl,class com.ibm.ws.classloading.internal.ClassLoadingServiceImpl,[ClassLoadingService],com.ibm.ws.classloading.internal.resources.ClassLoadingServiceMessages,null]"
    leakDetectionMap = class java.util.HashMap@64a68733
      serialVersionUID = 362498820763181265
      DEFAULT_INITIAL_CAPACITY = 16
      MAXIMUM_CAPACITY = 1073741824
      DEFAULT_LOAD_FACTOR = 0.75
      TREEIFY_THRESHOLD = 8
      UNTREEIFY_THRESHOLD = 6
      MIN_TREEIFY_CAPACITY = 64
      table = null
      entrySet = null
      size = 0
      modCount = 0
      threshold = 0
      loadFactor = 0.75
      keySet = null
      values = null
    appClassLoaders = class java.util.Collections$SetFromMap@17071f38
      m = class java.util.WeakHashMap@7f09d710
      s = class java.util.WeakHashMap$KeySet@16970af6
      serialVersionUID = 2454657854757543876
      MAX_ARRAY_SIZE = 2147483639
    TCCL_LOCK_WAIT = 15000
    REFERENCE_GENERATORS = "generators"
    bundleContext = class org.eclipse.osgi.internal.framework.BundleContextImpl@5349e18f
      valid = true
      bundle = class org.eclipse.osgi.internal.framework.EquinoxBundle@6fdc7bfa
      container = class org.eclipse.osgi.internal.framework.EquinoxContainer@234727d0
      debug = class org.eclipse.osgi.internal.debug.Debug@6c079cfd
      servicesInUse = class java.util.HashMap@5694f407
      activator = null
      contextLock = class java.lang.Object@1ae1bc59
    aclStore = class com.ibm.ws.classloading.internal.util.CanonicalStore@316a65a2
      map = class java.util.concurrent.ConcurrentHashMap@57724391
      q = class com.ibm.ws.classloading.internal.util.RefQueue@7a07bb68
      serialVersionUID = 6715157558227169968
      $$$tc$$$ = class com.ibm.websphere.ras.TraceComponent@1a094482
    tcclStore = class com.ibm.ws.classloading.internal.util.CanonicalStore@7afa98ab
      map = class java.util.concurrent.ConcurrentHashMap@4aa386ff
      q = class com.ibm.ws.classloading.internal.util.RefQueue@524295af
      serialVersionUID = 6715157558227169968
      $$$tc$$$ = class com.ibm.websphere.ras.TraceComponent@1a094482
    tcclStoreLock = class java.util.concurrent.locks.ReentrantLock@2a3517d8
      serialVersionUID = 7373984872572414699
      sync = class java.util.concurrent.locks.ReentrantLock$NonfairSync@6d0c8139
    digraph = class org.eclipse.equinox.internal.region.StandardRegionDigraph@5643379
      EMPTY_EDGE_SET = class java.util.Collections$UnmodifiableSet@4478788b
      monitor = class java.lang.Object@7f8d79b7
      regions = class java.util.HashMap@49782ba8
      bundleIdToRegionMapping = class org.eclipse.equinox.internal.region.StandardBundleIdToRegionMapping@1562ec8d
      edges = class java.util.HashMap@1259728a
      bundleContext = class org.eclipse.osgi.internal.framework.BundleContextImpl@751d3241
      threadLocal = class java.lang.ThreadLocal@60de1b7
      subgraphTraverser = class org.eclipse.equinox.internal.region.SubgraphTraverser@ea0bfb5
      bundleCollisionHook = class org.eclipse.equinox.internal.region.hook.RegionBundleCollisionHook@ca43c68
      bundleEventHook = class org.eclipse.equinox.internal.region.hook.RegionBundleEventHook@5530d254
      bundleFindHook = class org.eclipse.equinox.internal.region.hook.RegionBundleFindHook@3cd9811c
      serviceEventHook = class org.eclipse.equinox.internal.region.hook.RegionServiceEventHook@378fdc25
      serviceFindHook = class org.eclipse.equinox.internal.region.hook.RegionServiceFindHook@1ae5f1c0
      resolverHookFactory = class org.eclipse.equinox.internal.region.hook.RegionResolverHookFactory@499432ba
      origin = null
      originUpdateCount = -1
      updateCount = class java.util.concurrent.atomic.AtomicLong@39358bf5
      defaultRegion = null
    redefiner = class com.ibm.ws.classloading.internal.util.ClassRedefiner@67c11102
      tc = class com.ibm.websphere.ras.TraceComponent@d8515c2
      LS = "
"
      inst = class com.sun.proxy.$Proxy0@43cdd2ad
      serialVersionUID = 2420101865139508526
    listener = class com.ibm.ws.classloading.internal.ClassLoadingServiceImpl$1@4950e291
      this$0 = class com.ibm.ws.classloading.internal.ClassLoadingServiceImpl@42fc11fa
      serialVersionUID = -9159707349812113172
      $$$tc$$$ = class com.ibm.websphere.ras.TraceComponent@397e0f14
    classloaders = class java.util.Collections$SynchronizedMap@4b59a7b4
      serialVersionUID = 1978198479659022715
      m = class java.util.HashMap@600712fe
      mutex = class java.util.Collections$SynchronizedMap@4b59a7b4
      keySet = null
      entrySet = null
      values = null
    resourceProviders = class com.ibm.ws.classloading.internal.CompositeResourceProvider@6f02aa5d
      lockFactory = class java.util.concurrent.locks.ReentrantReadWriteLock@6f54989f
      providerMap = class com.ibm.ws.classloading.internal.util.MultiMap@641369ff
      serialVersionUID = -5576435894946156347
      $$$tc$$$ = class com.ibm.websphere.ras.TraceComponent@7ad36685
    rememberedBundles = class java.util.concurrent.ConcurrentHashMap@24ffbe
      serialVersionUID = 7249069246763182397
      MAXIMUM_CAPACITY = 1073741824
      DEFAULT_CAPACITY = 16
      MAX_ARRAY_SIZE = 2147483639
      DEFAULT_CONCURRENCY_LEVEL = 16
      LOAD_FACTOR = 0.75
      TREEIFY_THRESHOLD = 8
      UNTREEIFY_THRESHOLD = 6
      MIN_TREEIFY_CAPACITY = 64
      MIN_TRANSFER_STRIDE = 16
      RESIZE_STAMP_BITS = 16
      MAX_RESIZERS = 65535
      RESIZE_STAMP_SHIFT = 16
      MOVED = -1
      TREEBIN = -2
      RESERVED = -3
      HASH_BITS = 2147483647
      NCPU = 8
      serialPersistentFields = class java.io.ObjectStreamField[3]
      table = class java.util.concurrent.ConcurrentHashMap$Node[16]
      nextTable = null
      baseCount = 1
      sizeCtl = 12
      transferIndex = 0
      cellsBusy = 0
      counterCells = null
      keySet = null
      values = null
      entrySet = null
      U = class sun.misc.Unsafe@20eb1685
      SIZECTL = 20
      TRANSFERINDEX = 32
      BASECOUNT = 24
      CELLSBUSY = 36
      CELLVALUE = 144
      ABASE = 16
      ASHIFT = 2
      keySet = null
      values = null
    collectedBundles = class java.lang.ref.ReferenceQueue@4e2ec141
      NULL = class java.lang.ref.ReferenceQueue$Null@74f89bf4
      ENQUEUED = class java.lang.ref.ReferenceQueue$Null@3f236594
      lock = class java.lang.ref.ReferenceQueue$Lock@4000af1e
      head = null
      queueLength = 0
      $assertionsDisabled = true
    generatorRefs = class com.ibm.wsspi.kernel.service.utils.ConcurrentServiceReferenceSet@48ccbb37
      referenceName = "generators"
      contextRef = class java.util.concurrent.atomic.AtomicReference@222357dd
      elementMap = class java.util.LinkedHashMap@5b25b175
      elementSet = class java.util.concurrent.ConcurrentSkipListSet@b523da6
      elementSetUnsorted = false
      serialVersionUID = 756240983881166148
      $$$tc$$$ = class com.ibm.websphere.ras.TraceComponent@51e8ea25
    generatorManager = class com.ibm.ws.classloading.internal.ClassGeneratorManager@3266a031
      tc = class com.ibm.websphere.ras.TraceComponent@5f27bee0
      generatorRefs = class com.ibm.wsspi.kernel.service.utils.ConcurrentServiceReferenceSet@48ccbb37
      serialVersionUID = 4152663586056483310
    appExtLibs = class java.util.concurrent.CopyOnWriteArrayList@151860cc
      serialVersionUID = 8673264195747942595
      lock = class java.util.concurrent.locks.ReentrantLock@7dad2a1
      array = class java.lang.Object[0]
      UNSAFE = class sun.misc.Unsafe@20eb1685
      lockOffset = 12
    globalConfig = class com.ibm.ws.classloading.configuration.GlobalClassloadingConfiguration@2d848fe7
      properties = class org.apache.felix.scr.impl.helper.ReadOnlyDictionary@32519ffc
      serialVersionUID = 452562347104713756
      $$$tc$$$ = class com.ibm.websphere.ras.TraceComponent@3770e46f
    metaInfServicesProviders = class java.util.concurrent.ConcurrentHashMap@bc8c63
      serialVersionUID = 7249069246763182397
      MAXIMUM_CAPACITY = 1073741824
      DEFAULT_CAPACITY = 16
      MAX_ARRAY_SIZE = 2147483639
      DEFAULT_CONCURRENCY_LEVEL = 16
      LOAD_FACTOR = 0.75
      TREEIFY_THRESHOLD = 8
      UNTREEIFY_THRESHOLD = 6
      MIN_TREEIFY_CAPACITY = 64
      MIN_TRANSFER_STRIDE = 16
      RESIZE_STAMP_BITS = 16
      MAX_RESIZERS = 65535
      RESIZE_STAMP_SHIFT = 16
      MOVED = -1
      TREEBIN = -2
      RESERVED = -3
      HASH_BITS = 2147483647
      NCPU = 8
      serialPersistentFields = class java.io.ObjectStreamField[3]
      table = null
      nextTable = null
      baseCount = 0
      sizeCtl = 0
      transferIndex = 0
      cellsBusy = 0
      counterCells = null
      keySet = null
      values = null
      entrySet = null
      U = class sun.misc.Unsafe@20eb1685
      SIZECTL = 20
      TRANSFERINDEX = 32
      BASECOUNT = 24
      CELLSBUSY = 36
      CELLVALUE = 144
      ABASE = 16
      ASHIFT = 2
      keySet = null
      values = null
    metaInfServicesRefs = class com.ibm.wsspi.kernel.service.utils.ConcurrentServiceReferenceMap@75cd36d
      referenceName = "MetaInfServicesProvider"
      context = class org.apache.felix.scr.impl.manager.ComponentContextImpl@454c9221
      elementMap = class java.util.concurrent.ConcurrentHashMap@2da579d0
      serialVersionUID = 6980924785166233786
      $$$tc$$$ = class com.ibm.websphere.ras.TraceComponent@14db5f80
    protectionDomainMap = class java.util.HashMap@5194cd4a
      serialVersionUID = 362498820763181265
      DEFAULT_INITIAL_CAPACITY = 16
      MAXIMUM_CAPACITY = 1073741824
      DEFAULT_LOAD_FACTOR = 0.75
      TREEIFY_THRESHOLD = 8
      UNTREEIFY_THRESHOLD = 6
      MIN_TREEIFY_CAPACITY = 64
      table = class java.util.HashMap$Node[16]
      entrySet = null
      size = 1
      modCount = 1
      threshold = 12
      loadFactor = 0.75
      keySet = null
      values = null
    metadataIdentifierService = class com.ibm.ws.container.service.metadata.internal.MetaDataServiceImpl@47c59b80
    globalSharedLibrary = class java.util.concurrent.atomic.AtomicReference@58e69b28
      serialVersionUID = -1848883965231344442
      unsafe = class sun.misc.Unsafe@20eb1685
      valueOffset = 12
      value = null
    serialVersionUID = 4365026902615131286
  globalSharedLibrary = class com.ibm.ws.library.internal.SharedLibraryImpl@5d95945b
    tc = class com.ibm.websphere.ras.TraceComponent@639c578c
      strings[0] = "TraceComponent[com.ibm.ws.library.internal.SharedLibraryImpl,class com.ibm.ws.library.internal.SharedLibraryImpl,[SharedLibrary],com.ibm.ws.classloading.internal.resources.ClassLoadingServiceMessages,null]"
    EMPTY_LIBRARY_LISTENERS = interface com.ibm.wsspi.library.LibraryChangeListener[0]
    deleted = false
    libraryListenersTracker = class org.osgi.util.tracker.ServiceTracker@5d7ba09e
      DEBUG = false
      context = class org.eclipse.osgi.internal.framework.BundleContextImpl@5349e18f
      filter = class org.eclipse.osgi.internal.framework.FilterImpl$And@22c5e87e
      customizer = class org.osgi.util.tracker.ServiceTracker@5d7ba09e
      listenerFilter = "(&(objectClass=com.ibm.wsspi.library.LibraryChangeListener)(|(library=global)(libraryRef=*com.ibm.ws.classloading.sharedlibrary_18*)))"
      trackClass = null
      trackReference = null
      tracked = class org.osgi.util.tracker.ServiceTracker$Tracked@630eb9e0
      cachedReference = null
      cachedService = null
    libraryReg = class org.eclipse.osgi.internal.serviceregistry.ServiceRegistrationImpl@49a6fe13
      registry = class org.eclipse.osgi.internal.serviceregistry.ServiceRegistry@37f2eda8
      context = class org.eclipse.osgi.internal.framework.BundleContextImpl@5349e18f
      bundle = class org.eclipse.osgi.internal.framework.EquinoxBundle@6fdc7bfa
      clazzes = class java.lang.String[1]
      service = class com.ibm.ws.library.internal.SharedLibraryImpl@5d95945b
      reference = class org.eclipse.osgi.internal.serviceregistry.ServiceReferenceImpl@57e42200
      contextsUsing = class java.util.ArrayList@5a19eab1
      properties = class java.util.Collections$UnmodifiableMap@7a26c3f7
      serviceid = 326
      serviceranking = 0
      registrationLock = class java.lang.Object@35cf1236
      state = 0
      REGISTERED = 0
      UNREGISTERING = 1
      UNREGISTERED = 2
      FRAMEWORK_SET_SERVICE_PROPERTIES_COUNT = 4
      $assertionsDisabled = true
    ctx = class org.eclipse.osgi.internal.framework.BundleContextImpl@5349e18f
    classLoadingService = class com.ibm.ws.classloading.internal.ClassLoadingServiceImpl@42fc11fa
    configAdmin = class com.ibm.ws.config.admin.internal.ConfigurationAdminImpl@2af2d8e6
      tc = class com.ibm.websphere.ras.TraceComponent@1478736b
      bundle = class org.eclipse.osgi.internal.framework.EquinoxBundle@6fdc7bfa
      caFactory = class com.ibm.ws.config.admin.internal.ConfigAdminServiceFactory@1d6e2c9d
      serialVersionUID = -2875522750804142523
    resolvedBasePath = "E:/facultate/master/java/java/tehnologii_java/documents/documents/target/liberty/wlp/usr/servers/documents/"
    generationLock = class com.ibm.ws.library.internal.SharedLibraryImpl$1@46a1294b
      this$0 = class com.ibm.ws.library.internal.SharedLibraryImpl@5d95945b
      serialVersionUID = 2483639803450672373
      $$$tc$$$ = class com.ibm.websphere.ras.TraceComponent@494992fd
    currentGeneration = class com.ibm.ws.library.internal.LibraryGeneration@14f0719f
      tc = class com.ibm.websphere.ras.TraceComponent@30b56f0f
      nextInt = class java.util.concurrent.atomic.AtomicInteger@7e10769d
      libraryId = "global"
      genId = 0
      libraryProps = class java.util.Hashtable@4e877590
      filesetRefs = class java.util.Collections$UnmodifiableRandomAccessList@6aacb611
      apiTypeVisibility = class java.util.RegularEnumSet@2f919c05
      files = class java.util.Collections$EmptyList@241aa7a
      folders = class java.util.ArrayList@5248a3f4
      fileAndFolderContainers = class java.util.Collections$EmptyList@241aa7a
      filesets = class java.util.concurrent.ArrayBlockingQueue@271677d8
      filesetListenerRegs = class java.util.concurrent.ConcurrentLinkedQueue@28055115
      cancelled = false
      library = class com.ibm.ws.library.internal.SharedLibraryImpl@5d95945b
      serialVersionUID = 6965220007121905717
    nextGeneration = class com.ibm.ws.library.internal.LibraryGeneration@14f0719f
    artifactContainerFactory = class com.ibm.ws.library.internal.SharedLibraryFactory$1@148f5ccf
      this$0 = class com.ibm.ws.library.internal.SharedLibraryFactory@e22cb77
      serialVersionUID = 7730244564205089330
      $$$tc$$$ = class com.ibm.websphere.ras.TraceComponent@7501eee4
    packageExporter = class com.ibm.ws.library.internal.LibraryPackageExporter@28868350
      EXPORTER_POSTFIX = "_library_exporter"
      REGION_EXPORT_TO_LIBERTY = "liberty.library.export.to.liberty"
      REGION_EXPORT_TO_OSGI_APPS = "liberty.library.export.to.osgi.app"
      REGION_KERNEL = "org.eclipse.equinox.region.kernel"
      counter = class java.util.concurrent.atomic.AtomicLong@28552110
      context = class org.eclipse.osgi.internal.framework.BundleContextImpl@5349e18f
      digraph = class org.eclipse.equinox.internal.region.StandardRegionDigraph@5643379
      bundleToLibrary = class java.util.concurrent.ConcurrentHashMap@8ffbaf8
      libraryToVisibility = class java.util.concurrent.ConcurrentHashMap@ec2113b
      serialVersionUID = 8074378969667956573
      $$$tc$$$ = class com.ibm.websphere.ras.TraceComponent@6a62217d
    serialVersionUID = 6288237618632180389
  sharedLibDeploymentInfo = class com.ibm.ws.app.manager.module.internal.DeployedAppInfoBase$SharedLibDeploymentInfo@3349c6ac
    locAdmin = class com.ibm.ws.kernel.service.location.internal.WsLocationAdminImpl@b8c9bbd
      tc = class com.ibm.websphere.ras.TraceComponent@27732784
      LOC_INTERNAL_LIB_DIR = "wlp.lib.dir"
      LOC_INTERNAL_WORKAREA_DIR = "wlp.workarea.dir"
      LOC_AREA_NAME_APPS = "shared/apps/"
      LOC_AREA_NAME_CONFIG = "shared/config/"
      LOC_AREA_NAME_RESC = "shared/resources/"
      LOC_AREA_NAME_STATE = "logs/state/"
      LOC_AREA_NAME_SERVERS = "servers/"
      LOC_AREA_NAME_CLIENTS = "clients/"
      LOC_AREA_NAME_WORKING = "workarea/"
      LOC_AREA_NAME_EXTENSION = "extension/"
      instance = class com.ibm.ws.kernel.service.location.internal.WsLocationAdminImpl@b8c9bbd
      installRoot = class com.ibm.ws.kernel.service.location.internal.SymbolicRootResource@5b8ae7f9
      installParentRoot = class com.ibm.ws.kernel.service.location.internal.SymbolicRootResource@6231ac31
      userRoot = class com.ibm.ws.kernel.service.location.internal.SymbolicRootResource@49df4f33
      usrExtensionRoot = class com.ibm.ws.kernel.service.location.internal.SymbolicRootResource@7a8f63c5
      serverConfigDir = class com.ibm.ws.kernel.service.location.internal.SymbolicRootResource@7636f642
      serverOutputDir = class com.ibm.ws.kernel.service.location.internal.SymbolicRootResource@7636f642
      bootstrapLib = class com.ibm.ws.kernel.service.location.internal.LocalFileResource@19098c91
      serverWorkarea = class com.ibm.ws.kernel.service.location.internal.LocalFileResource@2a1cfe54
      serverState = class com.ibm.ws.kernel.service.location.internal.LocalFileResource@2b8c3199
      sharedAppsRoot = class com.ibm.ws.kernel.service.location.internal.SymbolicRootResource@6ac9464c
      sharedConfigRoot = class com.ibm.ws.kernel.service.location.internal.SymbolicRootResource@3ff12280
      sharedResourceRoot = class com.ibm.ws.kernel.service.location.internal.SymbolicRootResource@72529574
      tmpRoot = class com.ibm.ws.kernel.service.location.internal.SymbolicRootResource@3898625e
      serverName = "documents"
      resourcePaths = class java.util.ArrayList@1843a827
      resourceGroups = class java.util.HashMap@2e107c8d
      commonRoot = class com.ibm.ws.kernel.service.location.internal.VirtualRootResource@480fb50e
      serialVersionUID = -5748835026800463299
    artifactFactory = class com.ibm.ws.artifact.internal.ArtifactContainerFactoryService@71003992
      CATEGORY_PROP_NAME = "category"
      ENTRY_KEY = "com.ibm.wsspi.artifact.ArtifactEntry"
      helperMap = class com.ibm.wsspi.kernel.service.utils.ConcurrentServiceReferenceSetMap@6705f003
      contributorMap = class com.ibm.wsspi.kernel.service.utils.ConcurrentServiceReferenceSetMap@12bd43a8
      helperCategoryMap = class com.ibm.wsspi.kernel.service.utils.ConcurrentServiceReferenceSetMap@2468b767
      contributorCategoryMap = class com.ibm.wsspi.kernel.service.utils.ConcurrentServiceReferenceSetMap@7a11e52c
      categories = class java.util.Collections$SynchronizedSet@32dc8785
      baseProperties = class org.apache.felix.scr.impl.helper.ReadOnlyDictionary@4a842275
      registration = class com.ibm.ws.kernel.service.util.ServiceRegistrationModifier@2bb667cd
      serialVersionUID = 6566424214406946230
      $$$tc$$$ = class com.ibm.websphere.ras.TraceComponent@75665e22
    moduleFactory = class com.ibm.ws.adaptable.module.internal.AdaptableModuleFactoryImpl@53af2991
      adapterFactoryService = class com.ibm.ws.adaptable.module.internal.AdapterFactoryServiceImpl@124238ac
      containerFactory = class com.ibm.ws.artifact.internal.ArtifactContainerFactoryService@71003992
      overlayContainerFactory = class com.ibm.ws.artifact.overlay.internal.OverlayContainerFactoryImpl@17eb5a22
      serialVersionUID = 4200251809856292987
      $$$tc$$$ = class com.ibm.websphere.ras.TraceComponent@f9b64de
    classesContainerInfo = class java.util.ArrayList@5d86fd76
      serialVersionUID = 8683452581122892189
      DEFAULT_CAPACITY = 10
      EMPTY_ELEMENTDATA = class java.lang.Object[0]
      DEFAULTCAPACITY_EMPTY_ELEMENTDATA = class java.lang.Object[0]
      elementData = class java.lang.Object[0]
      size = 0
      MAX_ARRAY_SIZE = 2147483639
      modCount = 0
      MAX_ARRAY_SIZE = 2147483639
    serialVersionUID = 5154735746662585226
    $$$tc$$$ = class com.ibm.websphere.ras.TraceComponent@112e058e
      strings[0] = "TraceComponent[com.ibm.ws.app.manager.module.internal.DeployedAppInfoBase$SharedLibDeploymentInfo,class com.ibm.ws.app.manager.module.internal.DeployedAppInfoBase$SharedLibDeploymentInfo,[applications, app.manager],null,null]"
  configAdmin = class com.ibm.ws.config.admin.internal.ConfigurationAdminImpl@467a1062
    tc = class com.ibm.websphere.ras.TraceComponent@1478736b
      strings[0] = "TraceComponent[com.ibm.ws.config.admin.internal.ConfigurationAdminImpl,class com.ibm.ws.config.admin.internal.ConfigurationAdminImpl,[config],com.ibm.ws.config.internal.resources.ConfigMessages,null]"
    bundle = class org.eclipse.osgi.internal.framework.EquinoxBundle@2a941940
      equinoxContainer = class org.eclipse.osgi.internal.framework.EquinoxContainer@234727d0
      module = class org.eclipse.osgi.internal.framework.EquinoxBundle$EquinoxModule@3494ff33
      monitor = class java.lang.Object@658a6cda
      context = class org.eclipse.osgi.internal.framework.BundleContextImpl@6c2f7533
      signerInfos = null
      $SWITCH_TABLE$org$eclipse$osgi$container$Module$State = {1,2,3,4,5,6,7} /* array length = 7 */
    caFactory = class com.ibm.ws.config.admin.internal.ConfigAdminServiceFactory@1d6e2c9d
      tc = class com.ibm.websphere.ras.TraceComponent@47624272
      configurationPermission = class org.osgi.service.cm.ConfigurationPermission@765076a7
      INDEX_DICTIONARY = 0
      INDEX_LOCATION = 1
      INDEX_METATYPE_PROCESSED = 2
      INDEX_IN_OVERRIDES_FILE = 3
      INDEX_REFERENCES = 4
      INDEX_UNIQUES = 5
      bundleContext = class org.eclipse.osgi.internal.framework.BundleContextImpl@179de1cc
      msTracker = class com.ibm.ws.config.admin.internal.ManagedServiceTracker@5504826e
      msfTracker = class com.ibm.ws.config.admin.internal.ManagedServiceFactoryTracker@5c08c4be
      pluginManager = class com.ibm.ws.config.admin.internal.PluginManager@440bd23
      configurationStore = class com.ibm.ws.config.admin.internal.ConfigurationStore@71500642
      updateQueue = class com.ibm.ws.config.admin.internal.UpdateQueue@36edf4
      ced = class com.ibm.ws.config.admin.internal.ConfigEventDispatcher@1a01f478
      idMap = class java.util.Collections$SynchronizedMap@1b29fbbe
      referenceMap = class java.util.Collections$SynchronizedMap@6aba9c8f
      variableRegistryTracker = class org.osgi.util.tracker.ServiceTracker@5d548561
      variableRegistry = class com.ibm.ws.kernel.service.location.internal.VariableRegistryHelper@48e30887
      configurationAdminRef = class org.eclipse.osgi.internal.serviceregistry.ServiceRegistrationImpl@1a081ac8
      serialVersionUID = 6695202270027014725
    serialVersionUID = -2875522750804142523
  libraryConfigHelper = class com.ibm.ws.classloading.ClassLoaderConfigHelper@64abba96
    tc = class com.ibm.websphere.ras.TraceComponent@4a938f6e
      strings[0] = "TraceComponent[com.ibm.ws.classloading.ClassLoaderConfigHelper,class com.ibm.ws.classloading.ClassLoaderConfigHelper,[ClassLoadingService],com.ibm.ws.classloading.internal.resources.ClassLoadingServiceMessages,null]"
    DEFAULT_API_TYPES = class java.util.RegularEnumSet@6a09a310
      serialVersionUID = 3411599620347842686
      elements = 23
      elementType = class java.lang.Class@ce9a47b
      universe = class com.ibm.wsspi.classloading.ApiType[5]
      ZERO_LENGTH_ENUM_ARRAY = class java.lang.Enum[0]
      MAX_ARRAY_SIZE = 2147483639
    sharedLibraries = class java.util.Collections$EmptyList@241aa7a
      serialVersionUID = 8842843931221139166
      modCount = 0
      MAX_ARRAY_SIZE = 2147483639
    commonLibraries = class java.util.Collections$EmptyList@241aa7a
    classProviders = class java.util.Collections$EmptyList@241aa7a
    sharedLibrariesPids = null
    commonLibrariesPids = null
    isDelegateLast = false
    apiTypes = class java.util.RegularEnumSet@16428bb0
      serialVersionUID = 3411599620347842686
      elements = 31
      elementType = class java.lang.Class@ce9a47b
      universe = class com.ibm.wsspi.classloading.ApiType[5]
      ZERO_LENGTH_ENUM_ARRAY = class java.lang.Enum[0]
      MAX_ARRAY_SIZE = 2147483639
    classLoaderConfigProps = class com.ibm.ws.config.admin.ConfigurationDictionary@48da2ce1
      serialVersionUID = 7966152868712543805
      simpleTypes = class java.util.Arrays$ArrayList@6f32db8c
      primitiveArrayTypes = class java.util.Arrays$ArrayList@4c8ad86
      simpleArrayTypes = class java.util.Arrays$ArrayList@472110b1
      extendedTypes = class java.util.Arrays$ArrayList@101cba39
      CASE_INSENSITIVE = class com.ibm.ws.config.admin.ConfigurationDictionary$CaseInsensitive@698bfd0d
      properties = class java.util.Collections$SynchronizedMap@79e44a05
    serialVersionUID = 7643888529935916418
  isDelegateLast = false
  permissionManager = class com.ibm.ws.classloading.java2sec.PermissionManager@15edcd14
    tc = class com.ibm.websphere.ras.TraceComponent@f940c82
      strings[0] = "TraceComponent[com.ibm.ws.classloading.java2sec.PermissionManager,class com.ibm.ws.classloading.java2sec.PermissionManager,[Java2SecurityUtil],com.ibm.ws.classloading.internal.resources.Java2SecurityUtilMessages,null]"
    bundleContext = class org.eclipse.osgi.internal.framework.BundleContextImpl@5349e18f
    classLoadingService = class com.ibm.ws.classloading.internal.ClassLoadingServiceImpl@42fc11fa
    DEFAULT_SERVER_RESTRICTABLE_PERMISSIONS = class java.security.Permission[4]
      Permission[0] = class java.lang.RuntimePermission@6bbd500e
      Permission[1] = class java.lang.RuntimePermission@6a61b1c8
      Permission[2] = class java.security.SecurityPermission@1f3cee06
      Permission[3] = class javax.security.auth.AuthPermission@1e96f13
    DEFAULT_CLIENT_RESTRICTABLE_PERMISSIONS = class java.security.Permission[3]
      Permission[0] = class java.lang.RuntimePermission@69292476
      Permission[1] = class java.security.SecurityPermission@d71695d
      Permission[2] = class javax.security.auth.AuthPermission@1e8f72a7
    isServer = true
    wsjarUrlStreamHandlerAvailable = true
    restrictablePermissions = class java.util.ArrayList@4a61366b
      serialVersionUID = 8683452581122892189
      DEFAULT_CAPACITY = 10
      EMPTY_ELEMENTDATA = class java.lang.Object[0]
      DEFAULTCAPACITY_EMPTY_ELEMENTDATA = class java.lang.Object[0]
      elementData = class java.lang.Object[10]
      size = 4
      MAX_ARRAY_SIZE = 2147483639
      modCount = 4
      MAX_ARRAY_SIZE = 2147483639
    javaAllCodeBasePermissions = class java.util.ArrayList@2607e17e
      serialVersionUID = 8683452581122892189
      DEFAULT_CAPACITY = 10
      EMPTY_ELEMENTDATA = class java.lang.Object[0]
      DEFAULTCAPACITY_EMPTY_ELEMENTDATA = class java.lang.Object[0]
      elementData = class java.lang.Object[22]
      size = 21
      MAX_ARRAY_SIZE = 2147483639
      modCount = 21
      MAX_ARRAY_SIZE = 2147483639
    expandProps = true
    grantedPermissions = class java.util.ArrayList@47f52f3c
      serialVersionUID = 8683452581122892189
      DEFAULT_CAPACITY = 10
      EMPTY_ELEMENTDATA = class java.lang.Object[0]
      DEFAULTCAPACITY_EMPTY_ELEMENTDATA = class java.lang.Object[0]
      elementData = class java.lang.Object[10]
      size = 1
      MAX_ARRAY_SIZE = 2147483639
      modCount = 1
      MAX_ARRAY_SIZE = 2147483639
    KEY_PERMISSION = "permission"
    INCORRECT_PERMISSION_CONFIGURATION = "INCORRECT_PERMISSION_CONFIGURATION"
    PERMISSION_CLASSNOTFOUND = "PERMISSION_CLASSNOTFOUND"
    SERVER_XML = "server.xml"
    CLIENT_XML = "client.xml"
    JAVA_POLICY = "java.policy"
    os_name = "Windows 10"
    os_version = "10.0"
    originationFile = "server.xml"
    permissions = class com.ibm.wsspi.kernel.service.utils.ConcurrentServiceReferenceSet@1040f597
      referenceName = "permission"
      contextRef = class java.util.concurrent.atomic.AtomicReference@d56200
      elementMap = class java.util.LinkedHashMap@675d6c23
      elementSet = class java.util.concurrent.ConcurrentSkipListSet@1fe9e210
      elementSetUnsorted = false
      serialVersionUID = 756240983881166148
      $$$tc$$$ = class com.ibm.websphere.ras.TraceComponent@51e8ea25
    codeBasePermissionMap = class java.util.HashMap@53515b9a
      serialVersionUID = 362498820763181265
      DEFAULT_INITIAL_CAPACITY = 16
      MAXIMUM_CAPACITY = 1073741824
      DEFAULT_LOAD_FACTOR = 0.75
      TREEIFY_THRESHOLD = 8
      UNTREEIFY_THRESHOLD = 6
      MIN_TREEIFY_CAPACITY = 64
      table = class java.util.HashMap$Node[16]
      entrySet = null
      size = 1
      modCount = 1
      threshold = 12
      loadFactor = 0.75
      keySet = class java.util.HashMap$KeySet@59fd8c76
      values = null
    permissionXMLPermissionMap = class java.util.HashMap@4ac44c9f
      serialVersionUID = 362498820763181265
      DEFAULT_INITIAL_CAPACITY = 16
      MAXIMUM_CAPACITY = 1073741824
      DEFAULT_LOAD_FACTOR = 0.75
      TREEIFY_THRESHOLD = 8
      UNTREEIFY_THRESHOLD = 6
      MIN_TREEIFY_CAPACITY = 64
      table = null
      entrySet = null
      size = 0
      modCount = 0
      threshold = 0
      loadFactor = 0.75
      keySet = null
      values = null
    serialVersionUID = 8583289148510585888
  permissionsConfig = null
  serialVersionUID = 1131686356392279747
  appInfo = class com.ibm.ws.container.service.app.deploy.internal.ApplicationInfoImpl@33297b3
    appName = "documents"
    appMetaData = class com.ibm.ws.container.service.app.deploy.internal.ApplicationMetaDataImpl@3f15cb40
      j2eeName = class com.ibm.ws.container.service.metadata.internal.J2EENameImpl@25a7d198
      serialVersionUID = -7906531148367236579
      $$$tc$$$ = class com.ibm.websphere.ras.TraceComponent@4b70af32
      tc = class com.ibm.websphere.ras.TraceComponent@167adb32
      NUM_STATIC_SLOTS = 4
      ID_UNINITIALIZED = -1
      id = 6
      metaDataInterface = class java.lang.Class@534c8b96
      staticSlots = class java.lang.Object[4]
      dynamicSlots = null
    appContainer = class com.ibm.ws.adaptable.module.internal.AdaptableContainerImpl@1beebc15
      root = class com.ibm.ws.adaptable.module.internal.AdaptableContainerImpl@1beebc15
      rootOverlay = class com.ibm.ws.artifact.overlay.internal.DirectoryBasedOverlayContainerImpl@27e424d5
      factoryHolder = class com.ibm.ws.adaptable.module.internal.AdaptableModuleFactoryImpl@53af2991
      delegate = class com.ibm.ws.artifact.overlay.internal.DirectoryBasedOverlayContainerImpl@27e424d5
      notifier = class com.ibm.ws.adaptable.module.internal.NotifierImpl@5beb3db1
      serialVersionUID = -5950528200509051684
      $$$tc$$$ = class com.ibm.websphere.ras.TraceComponent@a0acfa4
    configHelper = class com.ibm.ws.app.manager.module.ApplicationNestedConfigHelper@304aff66
      appInfo = class com.ibm.ws.app.manager.internal.ApplicationInstallInfo@6f9cfa17
      serialVersionUID = -3174031738676705046
      $$$tc$$$ = class com.ibm.websphere.ras.TraceComponent@5bd1d5f5
    applicationInformation = class com.ibm.ws.app.manager.internal.ApplicationInstallInfo@6f9cfa17
    serialVersionUID = 5227817860647895780
    $$$tc$$$ = class com.ibm.websphere.ras.TraceComponent@118f3d3d
      strings[0] = "TraceComponent[com.ibm.ws.container.service.app.deploy.internal.ApplicationInfoImpl,class com.ibm.ws.container.service.app.deploy.internal.ApplicationInfoImpl,[container.service],com.ibm.ws.container.service.resources.Messages,null]"
  appInfoRegistration = null
  modulesDeployed = class java.util.ArrayList@686c15a3
    serialVersionUID = 8683452581122892189
    DEFAULT_CAPACITY = 10
    EMPTY_ELEMENTDATA = class java.lang.Object[0]
    DEFAULTCAPACITY_EMPTY_ELEMENTDATA = class java.lang.Object[0]
    elementData = class java.lang.Object[10]
      Object[0] = class com.ibm.ws.app.manager.module.internal.DeployedModuleInfoImpl@55b28709
      Object[1] = null
      Object[2] = null
      Object[3] = null
      Object[4] = null
      Object[5] = null
      Object[6] = null
      Object[7] = null
      Object[8] = null
      Object[9] = null
    size = 1
    MAX_ARRAY_SIZE = 2147483639
    modCount = 1
    MAX_ARRAY_SIZE = 2147483639
  starting = true
  started = false
  deployedAppServices = class com.ibm.ws.app.manager.module.internal.DeployedAppServicesImpl@28368780
    SERVER_APPS_DIR = "${server.output.dir}/apps/"
    EXPANDED_APPS_DIR = "${server.output.dir}/apps/expanded/"
    bundleContext = class org.eclipse.osgi.internal.framework.BundleContextImpl@6c2f7533
      valid = true
      bundle = class org.eclipse.osgi.internal.framework.EquinoxBundle@2a941940
      container = class org.eclipse.osgi.internal.framework.EquinoxContainer@234727d0
      debug = class org.eclipse.osgi.internal.debug.Debug@6c079cfd
      servicesInUse = class java.util.HashMap@36301e70
      activator = null
      contextLock = class java.lang.Object@48829882
    applicationInfoFactory = class com.ibm.ws.container.service.app.deploy.internal.ApplicationInfoFactoryImpl@7e83f1cc
    futureMonitor = class com.ibm.ws.threading.internal.FutureMonitorImpl@223b0ca2
    classLoadingService = class com.ibm.ws.classloading.internal.ClassLoadingServiceImpl@42fc11fa
    globalSharedLibrary = class com.ibm.ws.library.internal.SharedLibraryImpl@5d95945b
    globalSharedLibraryPid = "com.ibm.ws.classloading.sharedlibrary_18"
    configAdmin = class com.ibm.ws.config.admin.internal.ConfigurationAdminImpl@467a1062
    metaDataService = class com.ibm.ws.container.service.metadata.internal.MetaDataServiceImpl@47c59b80
    stateChangeService = class com.ibm.ws.container.service.state.internal.StateChangeServiceImpl@3877483e
    allModuleTypes = class java.lang.String[4]
      String[0] = "ejb"
      String[1] = "web"
      String[2] = "client"
      String[3] = "connector"
    moduleMetaDataExtenders = class java.util.concurrent.ConcurrentHashMap@3b9d3e7b
      serialVersionUID = 7249069246763182397
      MAXIMUM_CAPACITY = 1073741824
      DEFAULT_CAPACITY = 16
      MAX_ARRAY_SIZE = 2147483639
      DEFAULT_CONCURRENCY_LEVEL = 16
      LOAD_FACTOR = 0.75
      TREEIFY_THRESHOLD = 8
      UNTREEIFY_THRESHOLD = 6
      MIN_TREEIFY_CAPACITY = 64
      MIN_TRANSFER_STRIDE = 16
      RESIZE_STAMP_BITS = 16
      MAX_RESIZERS = 65535
      RESIZE_STAMP_SHIFT = 16
      MOVED = -1
      TREEBIN = -2
      RESERVED = -3
      HASH_BITS = 2147483647
      NCPU = 8
      serialPersistentFields = class java.io.ObjectStreamField[3]
      table = class java.util.concurrent.ConcurrentHashMap$Node[16]
      nextTable = null
      baseCount = 4
      sizeCtl = 12
      transferIndex = 0
      cellsBusy = 0
      counterCells = null
      keySet = null
      values = null
      entrySet = null
      U = class sun.misc.Unsafe@20eb1685
      SIZECTL = 20
      TRANSFERINDEX = 32
      BASECOUNT = 24
      CELLSBUSY = 36
      CELLVALUE = 144
      ABASE = 16
      ASHIFT = 2
      keySet = null
      values = null
    nestedModuleMetaDataFactories = class java.util.concurrent.ConcurrentHashMap@3df5948e
      serialVersionUID = 7249069246763182397
      MAXIMUM_CAPACITY = 1073741824
      DEFAULT_CAPACITY = 16
      MAX_ARRAY_SIZE = 2147483639
      DEFAULT_CONCURRENCY_LEVEL = 16
      LOAD_FACTOR = 0.75
      TREEIFY_THRESHOLD = 8
      UNTREEIFY_THRESHOLD = 6
      MIN_TREEIFY_CAPACITY = 64
      MIN_TRANSFER_STRIDE = 16
      RESIZE_STAMP_BITS = 16
      MAX_RESIZERS = 65535
      RESIZE_STAMP_SHIFT = 16
      MOVED = -1
      TREEBIN = -2
      RESERVED = -3
      HASH_BITS = 2147483647
      NCPU = 8
      serialPersistentFields = class java.io.ObjectStreamField[3]
      table = class java.util.concurrent.ConcurrentHashMap$Node[16]
      nextTable = null
      baseCount = 4
      sizeCtl = 12
      transferIndex = 0
      cellsBusy = 0
      counterCells = null
      keySet = null
      values = null
      entrySet = null
      U = class sun.misc.Unsafe@20eb1685
      SIZECTL = 20
      TRANSFERINDEX = 32
      BASECOUNT = 24
      CELLSBUSY = 36
      CELLVALUE = 144
      ABASE = 16
      ASHIFT = 2
      keySet = null
      values = null
    permissionManager = class com.ibm.ws.classloading.java2sec.PermissionManager@15edcd14
    locAdmin = class com.ibm.ws.kernel.service.location.internal.WsLocationAdminImpl@b8c9bbd
    artifactFactory = class com.ibm.ws.artifact.internal.ArtifactContainerFactoryService@71003992
    moduleFactory = class com.ibm.ws.adaptable.module.internal.AdaptableModuleFactoryImpl@53af2991
    serialVersionUID = 8537801607979767986
    $$$tc$$$ = class com.ibm.websphere.ras.TraceComponent@42033460
      strings[0] = "TraceComponent[com.ibm.ws.app.manager.module.internal.DeployedAppServicesImpl,class com.ibm.ws.app.manager.module.internal.DeployedAppServicesImpl,[applications, app.manager],null,null]"
  futureMonitor = class com.ibm.ws.threading.internal.FutureMonitorImpl@223b0ca2
    _monitor = class java.util.concurrent.ConcurrentLinkedQueue@1fd4e12c
      serialVersionUID = 196745693267521676
      head = class java.util.concurrent.ConcurrentLinkedQueue$Node@1cc3ee2e
      tail = class java.util.concurrent.ConcurrentLinkedQueue$Node@1cc3ee2e
      UNSAFE = class sun.misc.Unsafe@20eb1685
      headOffset = 12
      tailOffset = 16
      MAX_ARRAY_SIZE = 2147483639
    _executor = class com.ibm.ws.threading.internal.DeferrableScheduledExecutorImpl@7032f448
      PERIOD_MILLISECONDS = 15000
      executor = class com.ibm.ws.threading.internal.ScheduledExecutorImpl@41003e41
      serialVersionUID = 117550544710569826
      $$$tc$$$ = class com.ibm.websphere.ras.TraceComponent@b559e42
    _threadRunning = class java.util.concurrent.atomic.AtomicBoolean@3059acf
      serialVersionUID = 4654671469794556979
      unsafe = class sun.misc.Unsafe@20eb1685
      valueOffset = 12
      value = 0
    _thread = class com.ibm.ws.threading.internal.FutureMonitorImpl$1@6eb66b1c
      this$0 = class com.ibm.ws.threading.internal.FutureMonitorImpl@223b0ca2
      serialVersionUID = 2422512430832938099
      $$$tc$$$ = class com.ibm.websphere.ras.TraceComponent@4a55ee35
    serialVersionUID = 2765238413969174390
    $$$tc$$$ = class com.ibm.websphere.ras.TraceComponent@7b015605
      strings[0] = "TraceComponent[com.ibm.ws.threading.internal.FutureMonitorImpl,class com.ibm.ws.threading.internal.FutureMonitorImpl,[Threading],com.ibm.ws.threading.internal.resources.ThreadingMessages,null]"
  appInfoFactory = class com.ibm.ws.container.service.app.deploy.internal.ApplicationInfoFactoryImpl@7e83f1cc
    j2eeNameFactory = class com.ibm.wsspi.kernel.service.utils.AtomicServiceReference@7049f598
      referenceName = "j2eeNameFactory"
      tuple = class java.util.concurrent.atomic.AtomicReference@1ee6a0da
      serialVersionUID = 2226592364007985000
      $$$tc$$$ = class com.ibm.websphere.ras.TraceComponent@85c0d28
    names = class java.util.HashSet@1e4eb67a
      serialVersionUID = -5024744406713321676
      map = class java.util.HashMap@385a25b2
      PRESENT = class java.lang.Object@3b11e3b
      MAX_ARRAY_SIZE = 2147483639
    serialVersionUID = 6232436640731165768
    $$$tc$$$ = class com.ibm.websphere.ras.TraceComponent@3e53df63
      strings[0] = "TraceComponent[com.ibm.ws.container.service.app.deploy.internal.ApplicationInfoFactoryImpl,class com.ibm.ws.container.service.app.deploy.internal.ApplicationInfoFactoryImpl,[container.service],com.ibm.ws.container.service.resources.Messages,null]"
  metaDataService = class com.ibm.ws.container.service.metadata.internal.MetaDataServiceImpl@47c59b80
    applicationMetaDataManager = class com.ibm.ws.container.service.metadata.internal.ApplicationMetaDataManager@5dc98e42
      serialVersionUID = 1843747281024490904
      $$$tc$$$ = class com.ibm.websphere.ras.TraceComponent@7355a2c6
      listeners = class com.ibm.wsspi.kernel.service.utils.ConcurrentServiceReferenceSet@61ff4252
      metaDataIDs = class com.ibm.ws.container.service.metadata.internal.IndexList@1f061d8e
      metaDatas = class java.util.ArrayList@5aa880e8
      slotIDs = class com.ibm.ws.container.service.metadata.internal.IndexList@4692d921
      serialVersionUID = 5464421863354792977
      $$$tc$$$ = class com.ibm.websphere.ras.TraceComponent@34e2d0bd
    moduleMetaDataManager = class com.ibm.ws.container.service.metadata.internal.ModuleMetaDataManager@1ad94b4d
      serialVersionUID = 2513574389899327209
      $$$tc$$$ = class com.ibm.websphere.ras.TraceComponent@4ccd8ab1
      listeners = class com.ibm.wsspi.kernel.service.utils.ConcurrentServiceReferenceSet@7221623c
      metaDataIDs = class com.ibm.ws.container.service.metadata.internal.IndexList@6c100350
      metaDatas = class java.util.ArrayList@3c1b9422
      slotIDs = class com.ibm.ws.container.service.metadata.internal.IndexList@467672b4
      serialVersionUID = 5464421863354792977
      $$$tc$$$ = class com.ibm.websphere.ras.TraceComponent@34e2d0bd
    componentMetaDataManager = class com.ibm.ws.container.service.metadata.internal.ComponentMetaDataManager@51eb1af2
      serialVersionUID = 8629793739641703882
      $$$tc$$$ = class com.ibm.websphere.ras.TraceComponent@7c1e9906
      listeners = class com.ibm.wsspi.kernel.service.utils.ConcurrentServiceReferenceSet@1f9e4112
      metaDataIDs = class com.ibm.ws.container.service.metadata.internal.IndexList@1e271892
      metaDatas = class java.util.ArrayList@22ab9ce8
      slotIDs = class com.ibm.ws.container.service.metadata.internal.IndexList@7d8e2f06
      serialVersionUID = 5464421863354792977
      $$$tc$$$ = class com.ibm.websphere.ras.TraceComponent@34e2d0bd
    methodMetaDataManager = class com.ibm.ws.container.service.metadata.internal.MethodMetaDataManager@3bec30f4
      serialVersionUID = -8002489041502300640
      $$$tc$$$ = class com.ibm.websphere.ras.TraceComponent@3d101cdd
      listeners = class com.ibm.wsspi.kernel.service.utils.ConcurrentServiceReferenceSet@60716224
      metaDataIDs = class com.ibm.ws.container.service.metadata.internal.IndexList@62ec6a91
      metaDatas = class java.util.ArrayList@7bc8ff09
      slotIDs = class com.ibm.ws.container.service.metadata.internal.IndexList@74956de6
      serialVersionUID = 5464421863354792977
      $$$tc$$$ = class com.ibm.websphere.ras.TraceComponent@34e2d0bd
    appModuleNameToModuleContainer = class java.util.concurrent.ConcurrentHashMap@2ac61255
      serialVersionUID = 7249069246763182397
      MAXIMUM_CAPACITY = 1073741824
      DEFAULT_CAPACITY = 16
      MAX_ARRAY_SIZE = 2147483639
      DEFAULT_CONCURRENCY_LEVEL = 16
      LOAD_FACTOR = 0.75
      TREEIFY_THRESHOLD = 8
      UNTREEIFY_THRESHOLD = 6
      MIN_TREEIFY_CAPACITY = 64
      MIN_TRANSFER_STRIDE = 16
      RESIZE_STAMP_BITS = 16
      MAX_RESIZERS = 65535
      RESIZE_STAMP_SHIFT = 16
      MOVED = -1
      TREEBIN = -2
      RESERVED = -3
      HASH_BITS = 2147483647
      NCPU = 8
      serialPersistentFields = class java.io.ObjectStreamField[3]
      table = class java.util.concurrent.ConcurrentHashMap$Node[16]
      nextTable = null
      baseCount = 6
      sizeCtl = 12
      transferIndex = 0
      cellsBusy = 0
      counterCells = null
      keySet = null
      values = null
      entrySet = null
      U = class sun.misc.Unsafe@20eb1685
      SIZECTL = 20
      TRANSFERINDEX = 32
      BASECOUNT = 24
      CELLSBUSY = 36
      CELLVALUE = 144
      ABASE = 16
      ASHIFT = 2
      keySet = null
      values = null
    jeeNameToComponentMetaData = class java.util.concurrent.ConcurrentHashMap@7a15a763
      serialVersionUID = 7249069246763182397
      MAXIMUM_CAPACITY = 1073741824
      DEFAULT_CAPACITY = 16
      MAX_ARRAY_SIZE = 2147483639
      DEFAULT_CONCURRENCY_LEVEL = 16
      LOAD_FACTOR = 0.75
      TREEIFY_THRESHOLD = 8
      UNTREEIFY_THRESHOLD = 6
      MIN_TREEIFY_CAPACITY = 64
      MIN_TRANSFER_STRIDE = 16
      RESIZE_STAMP_BITS = 16
      MAX_RESIZERS = 65535
      RESIZE_STAMP_SHIFT = 16
      MOVED = -1
      TREEBIN = -2
      RESERVED = -3
      HASH_BITS = 2147483647
      NCPU = 8
      serialPersistentFields = class java.io.ObjectStreamField[3]
      table = class java.util.concurrent.ConcurrentHashMap$Node[32]
      nextTable = null
      baseCount = 13
      sizeCtl = 24
      transferIndex = 0
      cellsBusy = 0
      counterCells = null
      keySet = null
      values = null
      entrySet = null
      U = class sun.misc.Unsafe@20eb1685
      SIZECTL = 20
      TRANSFERINDEX = 32
      BASECOUNT = 24
      CELLSBUSY = 36
      CELLVALUE = 144
      ABASE = 16
      ASHIFT = 2
      keySet = null
      values = null
    deferredMetaDataFactories = class com.ibm.wsspi.kernel.service.utils.ConcurrentServiceReferenceSet@73200e59
      referenceName = "deferredMetaDataFactory"
      contextRef = class java.util.concurrent.atomic.AtomicReference@3d49477c
      elementMap = class java.util.LinkedHashMap@1f5dea60
      elementSet = class java.util.concurrent.ConcurrentSkipListSet@4966fc27
      elementSetUnsorted = false
      serialVersionUID = 756240983881166148
      $$$tc$$$ = class com.ibm.websphere.ras.TraceComponent@51e8ea25
    deferredMetaDataInitializers = class com.ibm.wsspi.kernel.service.utils.ConcurrentServiceReferenceMap@2911eb59
      referenceName = "deferredMetaDataFactory"
      context = class org.apache.felix.scr.impl.manager.ComponentContextImpl@55cd0cd4
      elementMap = class java.util.concurrent.ConcurrentHashMap@64cdf02a
      serialVersionUID = 6980924785166233786
      $$$tc$$$ = class com.ibm.websphere.ras.TraceComponent@14db5f80
    serialVersionUID = -2494605732980966097
    $$$tc$$$ = class com.ibm.websphere.ras.TraceComponent@7f971ce3
      strings[0] = "TraceComponent[com.ibm.ws.container.service.metadata.internal.MetaDataServiceImpl,class com.ibm.ws.container.service.metadata.internal.MetaDataServiceImpl,[Runtime],null,null]"
  stateChangeService = class com.ibm.ws.container.service.state.internal.StateChangeServiceImpl@3877483e
    applicationStateManager = class com.ibm.ws.container.service.state.internal.ApplicationStateManager@443b901
      serialVersionUID = -6685368059484454124
      $$$tc$$$ = class com.ibm.websphere.ras.TraceComponent@50471dd4
      listeners = class com.ibm.wsspi.kernel.service.utils.ConcurrentServiceReferenceSet@25e2862c
      serialVersionUID = 2284273176985484160
      $$$tc$$$ = class com.ibm.websphere.ras.TraceComponent@3afdbad3
    moduleStateManager = class com.ibm.ws.container.service.state.internal.ModuleStateManager@3c5ddbc3
      serialVersionUID = -5540260902341249963
      $$$tc$$$ = class com.ibm.websphere.ras.TraceComponent@69646e72
      listeners = class com.ibm.wsspi.kernel.service.utils.ConcurrentServiceReferenceSet@535946f0
      serialVersionUID = 2284273176985484160
      $$$tc$$$ = class com.ibm.websphere.ras.TraceComponent@3afdbad3
    serialVersionUID = -537917915330350560
    $$$tc$$$ = class com.ibm.websphere.ras.TraceComponent@1c332ba1
      strings[0] = "TraceComponent[com.ibm.ws.container.service.state.internal.StateChangeServiceImpl,class com.ibm.ws.container.service.state.internal.StateChangeServiceImpl,[Runtime],null,null]"
  moduleClassesInfo = class com.ibm.ws.app.manager.module.internal.SimpleDeployedAppInfoBase$ModuleClassesInfoProvider@3c3b6b01
    entryContainerInfosMap = class java.util.HashMap@24261634
      serialVersionUID = 362498820763181265
      DEFAULT_INITIAL_CAPACITY = 16
      MAXIMUM_CAPACITY = 1073741824
      DEFAULT_LOAD_FACTOR = 0.75
      TREEIFY_THRESHOLD = 8
      UNTREEIFY_THRESHOLD = 6
      MIN_TREEIFY_CAPACITY = 64
      table = null
      entrySet = null
      size = 0
      modCount = 0
      threshold = 0
      loadFactor = 0.75
      keySet = null
      values = null
    serialVersionUID = -70332790531324534
    $$$tc$$$ = class com.ibm.websphere.ras.TraceComponent@25105e0
      strings[0] = "TraceComponent[com.ibm.ws.app.manager.module.internal.SimpleDeployedAppInfoBase$ModuleClassesInfoProvider,class com.ibm.ws.app.manager.module.internal.SimpleDeployedAppInfoBase$ModuleClassesInfoProvider,[applications, app.manager],null,null]"
  moduleContainerInfos = class java.util.ArrayList@3472b028
    serialVersionUID = 8683452581122892189
    DEFAULT_CAPACITY = 10
    EMPTY_ELEMENTDATA = class java.lang.Object[0]
    DEFAULTCAPACITY_EMPTY_ELEMENTDATA = class java.lang.Object[0]
    elementData = class java.lang.Object[10]
      Object[0] = class com.ibm.ws.app.manager.module.internal.SimpleDeployedAppInfoBase$WebModuleContainerInfo@60b71645
      Object[1] = null
      Object[2] = null
      Object[3] = null
      Object[4] = null
      Object[5] = null
      Object[6] = null
      Object[7] = null
      Object[8] = null
      Object[9] = null
    size = 1
    MAX_ARRAY_SIZE = 2147483639
    modCount = 1
    MAX_ARRAY_SIZE = 2147483639
  activeModuleHandlers = class java.util.IdentityHashMap@559e2afb
    DEFAULT_CAPACITY = 32
    MINIMUM_CAPACITY = 4
    MAXIMUM_CAPACITY = 536870912
    table = class java.lang.Object[16]
      Object[0] = null
      Object[1] = null
      Object[2] = null
      Object[3] = null
      Object[4] = null
      Object[5] = null
      Object[6] = null
      Object[7] = null
      Object[8] = null
      Object[9] = null
      Object[10] = null
      Object[11] = null
      Object[12] = null
      Object[13] = null
      Object[14] = null
      Object[15] = null
    size = 0
    modCount = 2
    NULL_KEY = class java.lang.Object@6afd7600
    entrySet = null
    serialVersionUID = 8188218128353913216
    keySet = null
    values = null
  serialVersionUID = -2685719801501752993
  $$$tc$$$ = class com.ibm.websphere.ras.TraceComponent@2b6c1af2
    strings[0] = "TraceComponent[com.ibm.ws.app.manager.module.internal.SimpleDeployedAppInfoBase,class com.ibm.ws.app.manager.module.internal.SimpleDeployedAppInfoBase,[applications, app.manager],null,null]"

Dump of objectArray[0]
Object type = com.ibm.ws.threading.internal.NonCancelableResultFuture
  _done = false
  _result = null
  _failure = null
  _listeners = class java.util.concurrent.ConcurrentLinkedQueue@2831db5b
    serialVersionUID = 196745693267521676
    head = class java.util.concurrent.ConcurrentLinkedQueue$Node@60fbd8d
      item = null
      next = null
      UNSAFE = class sun.misc.Unsafe@20eb1685
      itemOffset = 12
      nextOffset = 16
    tail = class java.util.concurrent.ConcurrentLinkedQueue$Node@60fbd8d
    UNSAFE = class sun.misc.Unsafe@20eb1685
    headOffset = 12
    tailOffset = 16
    MAX_ARRAY_SIZE = 2147483639
  _notifiedListeners = class java.util.concurrent.atomic.AtomicBoolean@581cd5d9
    serialVersionUID = 4654671469794556979
    unsafe = class sun.misc.Unsafe@20eb1685
      theUnsafe = class sun.misc.Unsafe@20eb1685
      INVALID_FIELD_OFFSET = -1
      ARRAY_BOOLEAN_BASE_OFFSET = 16
      ARRAY_BYTE_BASE_OFFSET = 16
      ARRAY_SHORT_BASE_OFFSET = 16
      ARRAY_CHAR_BASE_OFFSET = 16
      ARRAY_INT_BASE_OFFSET = 16
      ARRAY_LONG_BASE_OFFSET = 16
      ARRAY_FLOAT_BASE_OFFSET = 16
      ARRAY_DOUBLE_BASE_OFFSET = 16
      ARRAY_OBJECT_BASE_OFFSET = 16
      ARRAY_BOOLEAN_INDEX_SCALE = 1
      ARRAY_BYTE_INDEX_SCALE = 1
      ARRAY_SHORT_INDEX_SCALE = 2
      ARRAY_CHAR_INDEX_SCALE = 2
      ARRAY_INT_INDEX_SCALE = 4
      ARRAY_LONG_INDEX_SCALE = 8
      ARRAY_FLOAT_INDEX_SCALE = 4
      ARRAY_DOUBLE_INDEX_SCALE = 8
      ARRAY_OBJECT_INDEX_SCALE = 4
      ADDRESS_SIZE = 8
    valueOffset = 12
    value = 0
  serialVersionUID = -296387658814354272
  $$$tc$$$ = class com.ibm.websphere.ras.TraceComponent@7f46921a
    strings[0] = "TraceComponent[com.ibm.ws.threading.internal.NonCancelableResultFuture,class com.ibm.ws.threading.internal.NonCancelableResultFuture,[Threading],com.ibm.ws.threading.internal.resources.ThreadingMessages,null]"

