------Start of DE processing------ = [28/12/21 19:25:13:593 EET]
Exception = org.jboss.weld.exceptions.DeploymentException
Source = com.ibm.ws.container.service.state.internal.ApplicationStateManager
probeid = 54
Stack Dump = org.jboss.weld.exceptions.DeploymentException: WELD-001408: Unsatisfied dependencies for type DocumentDaoImpl with qualifiers @Default
  at injection point [BackedAnnotatedField] @Inject com.example.documents.HelloController.documentDaoImpl
  at com.example.documents.HelloController.documentDaoImpl(HelloController.java:0)
WELD-001474: Class com.example.documents.dao.DocumentDaoImpl is on the classpath, but was ignored because a class it references was not found: javax.persistence.EntityManager.

	at org.jboss.weld.bootstrap.Validator.validateInjectionPointForDeploymentProblems(Validator.java:378)
	at org.jboss.weld.bootstrap.Validator.validateInjectionPoint(Validator.java:290)
	at org.jboss.weld.bootstrap.Validator.validateGeneralBean(Validator.java:143)
	at org.jboss.weld.bootstrap.Validator.validateRIBean(Validator.java:164)
	at org.jboss.weld.bootstrap.Validator.validateBean(Validator.java:526)
	at org.jboss.weld.bootstrap.ConcurrentValidator$1.doWork(ConcurrentValidator.java:64)
	at org.jboss.weld.bootstrap.ConcurrentValidator$1.doWork(ConcurrentValidator.java:62)
	at org.jboss.weld.executor.IterativeWorkerTaskFactory$1.call(IterativeWorkerTaskFactory.java:62)
	at org.jboss.weld.executor.IterativeWorkerTaskFactory$1.call(IterativeWorkerTaskFactory.java:55)
	at java.util.concurrent.FutureTask.run(FutureTask.java:266)
	at java.util.concurrent.ThreadPoolExecutor.runWorker(ThreadPoolExecutor.java:1149)
	at java.util.concurrent.ThreadPoolExecutor$Worker.run(ThreadPoolExecutor.java:624)
	at java.lang.Thread.run(Thread.java:748)

Dump of callerThis
Object type = com.ibm.ws.container.service.state.internal.ApplicationStateManager
  serialVersionUID = -6685368059484454124
  $$$tc$$$ = class com.ibm.websphere.ras.TraceComponent@4fa22f7
    strings[0] = "TraceComponent[com.ibm.ws.container.service.state.internal.ApplicationStateManager,class com.ibm.ws.container.service.state.internal.ApplicationStateManager,[Runtime],null,null]"
  listeners = class com.ibm.wsspi.kernel.service.utils.ConcurrentServiceReferenceSet@224980c7
    referenceName = "applicationStateListeners"
    contextRef = class java.util.concurrent.atomic.AtomicReference@d09c2ca
      serialVersionUID = -1848883965231344442
      unsafe = class sun.misc.Unsafe@127c6630
      valueOffset = 12
      value = class org.apache.felix.scr.impl.manager.ComponentContextImpl@51a0e927
    elementMap = class java.util.LinkedHashMap@571fd782
      serialVersionUID = 3801124242820219131
      head = class java.util.LinkedHashMap$Entry@192dbb6d
      tail = class java.util.LinkedHashMap$Entry@4f1280be
      accessOrder = false
      serialVersionUID = 362498820763181265
      DEFAULT_INITIAL_CAPACITY = 16
      MAXIMUM_CAPACITY = 1073741824
      DEFAULT_LOAD_FACTOR = 0.75
      TREEIFY_THRESHOLD = 8
      UNTREEIFY_THRESHOLD = 6
      MIN_TREEIFY_CAPACITY = 64
      table = class java.util.HashMap$Node[16]
      entrySet = null
      size = 11
      modCount = 11
      threshold = 12
      loadFactor = 0.75
      keySet = null
      values = null
    elementSet = class java.util.concurrent.ConcurrentSkipListSet@7cdd8ed4
      serialVersionUID = -2479143111061671589
      m = class java.util.concurrent.ConcurrentSkipListMap@782a9756
      UNSAFE = class sun.misc.Unsafe@127c6630
      mapOffset = 12
      MAX_ARRAY_SIZE = 2147483639
    elementSetUnsorted = false
    serialVersionUID = 756240983881166148
    $$$tc$$$ = class com.ibm.websphere.ras.TraceComponent@6c1bceb0
      strings[0] = "TraceComponent[com.ibm.wsspi.kernel.service.utils.ConcurrentServiceReferenceSet,class com.ibm.wsspi.kernel.service.utils.ConcurrentServiceReferenceSet,[kernelUtils],com.ibm.ws.kernel.service.utils.resources.ServiceMessages,null]"
  serialVersionUID = 2284273176985484160
  $$$tc$$$ = class com.ibm.websphere.ras.TraceComponent@35864f26
    strings[0] = "TraceComponent[com.ibm.ws.container.service.state.internal.StateChangeManager,class com.ibm.ws.container.service.state.internal.StateChangeManager,[Runtime],null,null]"

Dump of objectArray[0]
Object type = com.ibm.ws.container.service.app.deploy.internal.ApplicationInfoImpl
  appName = "documents"
  appMetaData = class com.ibm.ws.container.service.app.deploy.internal.ApplicationMetaDataImpl@1e653bf9
    j2eeName = class com.ibm.ws.container.service.metadata.internal.J2EENameImpl@69c480c0
      serialVersionUID = 7488184044073147667
      application = "documents"
      module = null
      component = null
      string = "documents"
      j2eeNameBytes = null
      $$$tc$$$ = class com.ibm.websphere.ras.TraceComponent@75db7ff9
    serialVersionUID = -7906531148367236579
    $$$tc$$$ = class com.ibm.websphere.ras.TraceComponent@459b2312
      strings[0] = "TraceComponent[com.ibm.ws.container.service.app.deploy.internal.ApplicationMetaDataImpl,class com.ibm.ws.container.service.app.deploy.internal.ApplicationMetaDataImpl,[container.service],com.ibm.ws.container.service.resources.Messages,null]"
    tc = class com.ibm.websphere.ras.TraceComponent@5884d8ae
      strings[0] = "TraceComponent[com.ibm.ws.runtime.metadata.MetaDataImpl,class com.ibm.ws.runtime.metadata.MetaDataImpl,[Runtime],null,null]"
    NUM_STATIC_SLOTS = 4
    ID_UNINITIALIZED = -1
    id = 6
    metaDataInterface = class java.lang.Class@5ff0533d
      ANNOTATION = 8192
      ENUM = 16384
      SYNTHETIC = 4096
      cachedConstructor = null
      newInstanceCallerCache = null
      name = "com.ibm.ws.runtime.metadata.ApplicationMetaData"
      allPermDomain = class java.security.ProtectionDomain@68c1a6b2
      useCaches = true
      reflectionData = null
      classRedefinedCount = 0
      genericInfo = null
      serialVersionUID = 3206093459760846163
      serialPersistentFields = class java.io.ObjectStreamField[0]
      reflectionFactory = class sun.reflect.ReflectionFactory@ae11822
      initted = true
      enumConstants = null
      enumConstantDirectory = null
      annotationData = null
      annotationType = null
      classValueMap = null
    staticSlots = class java.lang.Object[4]
      Object[0] = class com.ibm.ws.cdi.impl.weld.WebSphereCDIDeploymentImpl@326c6c38
      Object[1] = class com.ibm.ws.injectionengine.osgi.internal.OSGiInjectionScopeData@48dc2405
      Object[2] = "documents"
      Object[3] = null
    dynamicSlots = null
  appContainer = class com.ibm.ws.adaptable.module.internal.AdaptableContainerImpl@6f5416b2
    root = class com.ibm.ws.adaptable.module.internal.AdaptableContainerImpl@6f5416b2
    rootOverlay = class com.ibm.ws.artifact.overlay.internal.DirectoryBasedOverlayContainerImpl@642f74f0
      base = class com.ibm.ws.artifact.loose.internal.LooseArchive@63552bc7
      maskSet = class java.util.HashSet@77906bae
      cfHolder = class com.ibm.ws.artifact.overlay.internal.OverlayContainerFactoryImpl@3d1ce74c
      fileOverlayContainer = class com.ibm.ws.artifact.file.internal.FileContainer@264cd4c8
      overlayDirectory = class java.io.File@f992008
      cacheDirForOverlay = class java.io.File@4558392f
      overlayNotifier = class com.ibm.ws.artifact.overlay.internal.DirectoryBasedOverlayNotifier@62767483
      enclosingContainer = null
      entryInEnclosingContainer = null
      nestedOverlays = class java.util.concurrent.ConcurrentHashMap@31e1f731
      cacheStore = class com.ibm.ws.artifact.overlay.internal.OverlayCache@714b9f51
      parentOverlay = null
      isPassThroughMode = true
      serialVersionUID = -6650153487216279998
      $$$tc$$$ = class com.ibm.websphere.ras.TraceComponent@7f1170a5
    factoryHolder = class com.ibm.ws.adaptable.module.internal.AdaptableModuleFactoryImpl@4b68e166
      adapterFactoryService = class com.ibm.ws.adaptable.module.internal.AdapterFactoryServiceImpl@6c9f5430
      containerFactory = class com.ibm.ws.artifact.internal.ArtifactContainerFactoryService@7ca9d04b
      overlayContainerFactory = class com.ibm.ws.artifact.overlay.internal.OverlayContainerFactoryImpl@3d1ce74c
      serialVersionUID = 4200251809856292987
      $$$tc$$$ = class com.ibm.websphere.ras.TraceComponent@616c162
    delegate = class com.ibm.ws.artifact.overlay.internal.DirectoryBasedOverlayContainerImpl@642f74f0
    notifier = class com.ibm.ws.adaptable.module.internal.NotifierImpl@7ce5a101
      root = class com.ibm.ws.adaptable.module.internal.AdaptableContainerImpl@6f5416b2
      delegateNotifier = class com.ibm.ws.artifact.overlay.internal.DirectoryBasedOverlayNotifier@62767483
      delegateRoot = class com.ibm.ws.artifact.overlay.internal.DirectoryBasedOverlayContainerImpl@642f74f0
      listenerDelegates = class java.util.HashMap@13977d8d
      serialVersionUID = 6839382523957017880
      $$$tc$$$ = class com.ibm.websphere.ras.TraceComponent@154bdcc3
    serialVersionUID = -5950528200509051684
    $$$tc$$$ = class com.ibm.websphere.ras.TraceComponent@1a16aafc
      strings[0] = "TraceComponent[com.ibm.ws.adaptable.module.internal.AdaptableContainerImpl,class com.ibm.ws.adaptable.module.internal.AdaptableContainerImpl,[archive.adaptable],null,null]"
  configHelper = class com.ibm.ws.app.manager.module.ApplicationNestedConfigHelper@60c82c5c
    appInfo = class com.ibm.ws.app.manager.internal.ApplicationInstallInfo@6a7db425
    serialVersionUID = -3174031738676705046
    $$$tc$$$ = class com.ibm.websphere.ras.TraceComponent@43cd3d88
      strings[0] = "TraceComponent[com.ibm.ws.app.manager.module.ApplicationNestedConfigHelper,class com.ibm.ws.app.manager.module.ApplicationNestedConfigHelper,[applications, app.manager],null,null]"
  applicationInformation = class com.ibm.ws.app.manager.internal.ApplicationInstallInfo@6a7db425
    _config = class com.ibm.ws.app.manager.internal.ApplicationConfig@5deec80d
      tc = class com.ibm.websphere.ras.TraceComponent@44c509eb
      _configPid = "com.ibm.ws.app.manager_13"
      _config = class com.ibm.ws.config.admin.ConfigurationDictionary@402c447d
      _applicationManager = class com.ibm.ws.app.manager.ApplicationManager@efa29c4
      _location = "documents.war"
      _type = "war"
      _name = "documents"
      _notificationBroadcasterSupport = class javax.management.NotificationBroadcasterSupport@43f57a5b
      ONE_TIME_JANDEX_MSGS_DISPLAYED = true
      serialVersionUID = -2151423388299667431
    _handlerInfo = class java.util.concurrent.atomic.AtomicReference@5ab59309
      serialVersionUID = -1848883965231344442
      unsafe = class sun.misc.Unsafe@127c6630
      valueOffset = 12
      value = class com.ibm.ws.app.manager.war.internal.WARDeployedAppInfo@176db4e4
    _container = class java.util.concurrent.atomic.AtomicReference@56da2ae8
      serialVersionUID = -1848883965231344442
      unsafe = class sun.misc.Unsafe@127c6630
      valueOffset = 12
      value = class com.ibm.ws.adaptable.module.internal.AdaptableContainerImpl@6f5416b2
    _resolvedLocation = class java.util.concurrent.atomic.AtomicReference@766649b
      serialVersionUID = -1848883965231344442
      unsafe = class sun.misc.Unsafe@127c6630
      valueOffset = 12
      value = class com.ibm.ws.kernel.service.location.internal.LocalFileResource@5b39ed1e
    _handler = class com.ibm.ws.app.manager.war.internal.WARApplicationHandlerImpl@2c636ada
      futureMonitor = class com.ibm.ws.threading.internal.FutureMonitorImpl@7e75c651
      deployedAppFactory = class com.ibm.ws.app.manager.war.internal.WARDeployedAppInfoFactoryImpl@15cf8e77
      serialVersionUID = 4622845147410944782
      $$$tc$$$ = class com.ibm.websphere.ras.TraceComponent@6dbf381c
    _ami = class java.util.concurrent.atomic.AtomicReference@5ab88984
      serialVersionUID = -1848883965231344442
      unsafe = class sun.misc.Unsafe@127c6630
      valueOffset = 12
      value = class com.ibm.wsspi.application.handler.DefaultApplicationMonitoringInformation@1c55ced
    _updateHandler = class com.ibm.ws.app.manager.internal.statemachine.ApplicationStateMachineImpl@5db26551
      _tc = class com.ibm.websphere.ras.TraceComponent@4a21a668
      EMPTY_FUTURE_ARRAY = interface java.util.concurrent.Future[0]
      asmSequenceNumber = class java.util.concurrent.atomic.AtomicLong@fe4d417
      _qscaCounter = class java.util.concurrent.atomic.AtomicInteger@500f7826
      _failedThrowable = null
      _interruptibleLock = class com.ibm.ws.app.manager.internal.statemachine.ApplicationStateMachineImpl$2@38c0e7de
      _interruptible = false
      _performingQueuedActions = true
      _queuedActions = class java.util.concurrent.ConcurrentLinkedQueue@5e7c30a3
      _callbackState = class java.util.concurrent.atomic.AtomicReference@77911317
      blockAppStartingFutures = class java.util.Collections$SetFromMap@5cf48b8b
      waitingForAppHandlerFuture = class java.util.concurrent.atomic.AtomicReference@633569dc
      waitingForExplicitStartFuture = class java.util.concurrent.atomic.AtomicReference@5c73b431
      startAfterFutures = class java.util.Collections$SetFromMap@23050d03
      completionListener = class java.util.concurrent.atomic.AtomicReference@5b55623b
      _notifyAppStopped = class java.util.concurrent.ConcurrentLinkedQueue@13e69b04
      _notifyAppStarting = class java.util.concurrent.ConcurrentLinkedQueue@52756775
      _notifyAppInstallCalled = class java.util.concurrent.ConcurrentLinkedQueue@5993052d
      _notifyAppStarted = class java.util.concurrent.ConcurrentLinkedQueue@2927f09e
      _notifyAppRemoved = class java.util.concurrent.ConcurrentLinkedQueue@ebe6005
      _stateLock = class com.ibm.ws.app.manager.internal.statemachine.ApplicationStateMachineImpl$3@7789e068
      _internalState = class java.util.concurrent.atomic.AtomicReference@36f239d9
      _currentAction = class java.util.concurrent.atomic.AtomicReference@20c78c99
      _rfa = class java.util.concurrent.atomic.AtomicReference@5d847ecc
      _appInstallInfo = class java.util.concurrent.atomic.AtomicReference@65364fb4
      _update = class java.util.concurrent.atomic.AtomicBoolean@422d9e3a
      _appConfig = class java.util.concurrent.atomic.AtomicReference@5e9261a2
      _nextAppConfig = class java.util.concurrent.atomic.AtomicReference@201e16a2
      _appContainer = class java.util.concurrent.atomic.AtomicReference@7702b6fa
      _resolvedLocation = class java.util.concurrent.atomic.AtomicReference@59702a6e
      _handler = class java.util.concurrent.atomic.AtomicReference@14a2df93
      _asmSeqNo = 0
      _ctx = class org.eclipse.osgi.internal.framework.BundleContextImpl@3b4811bd
      _locAdmin = class com.ibm.ws.kernel.service.location.internal.WsLocationAdminImpl@260ebba4
      _futureMonitor = class com.ibm.ws.threading.internal.FutureMonitorImpl@7e75c651
      _artifactFactory = class com.ibm.ws.artifact.internal.ArtifactContainerFactoryService@7ca9d04b
      _moduleFactory = class com.ibm.ws.adaptable.module.internal.AdaptableModuleFactoryImpl@4b68e166
      _executorService = class com.ibm.ws.threading.internal.ExecutorServiceImpl@73fa6b05
      _scheduledExecutorService = class com.ibm.ws.threading.internal.ScheduledExecutorImpl@207a2d45
      _asmHelper = class com.ibm.ws.app.manager.internal.ApplicationConfigurator$NamedApplication@3f737acb
      _appMonitor = class com.ibm.ws.app.manager.internal.monitor.ApplicationMonitor@70ed2055
      enterStateCalled = class java.util.concurrent.atomic.AtomicBoolean@42749d8b
      serialVersionUID = 7990273947104993494
      serialVersionUID = 300267208965883056
      $$$tc$$$ = class com.ibm.websphere.ras.TraceComponent@7ff0d793
    serialVersionUID = 2630639237123415755
    $$$tc$$$ = class com.ibm.websphere.ras.TraceComponent@755c1661
      strings[0] = "TraceComponent[com.ibm.ws.app.manager.internal.ApplicationInstallInfo,class com.ibm.ws.app.manager.internal.ApplicationInstallInfo,[applications, app.manager],com.ibm.ws.app.manager.internal.resources.AppManagerMessages,null]"
  serialVersionUID = 5227817860647895780
  $$$tc$$$ = class com.ibm.websphere.ras.TraceComponent@74c4c4d8
    strings[0] = "TraceComponent[com.ibm.ws.container.service.app.deploy.internal.ApplicationInfoImpl,class com.ibm.ws.container.service.app.deploy.internal.ApplicationInfoImpl,[container.service],com.ibm.ws.container.service.resources.Messages,null]"

