------Start of DE processing------ = [28/12/21 20:44:18:911 EET]
Exception = com.ibm.ws.container.service.state.StateChangeException
Source = com.ibm.ws.app.manager.module.internal.SimpleDeployedAppInfoBase
probeid = 548
Stack Dump = com.ibm.ws.container.service.state.StateChangeException: org.jboss.weld.exceptions.DeploymentException: WELD-001408: Unsatisfied dependencies for type DocumentDaoImpl with qualifiers @Default
  at injection point [BackedAnnotatedField] @Inject com.example.documents.HelloController.documentDaoImpl
  at com.example.documents.HelloController.documentDaoImpl(HelloController.java:0)
WELD-001474: Class com.example.documents.dao.DocumentDaoImpl is on the classpath, but was ignored because a class it references was not found: javax.persistence.EntityManager.

	at com.ibm.ws.container.service.state.internal.ApplicationStateManager.fireStarting(ApplicationStateManager.java:55)
	at com.ibm.ws.container.service.state.internal.StateChangeServiceImpl.fireApplicationStarting(StateChangeServiceImpl.java:50)
	at com.ibm.ws.app.manager.module.internal.SimpleDeployedAppInfoBase.preDeployApp(SimpleDeployedAppInfoBase.java:547)
	at com.ibm.ws.app.manager.module.internal.SimpleDeployedAppInfoBase.installApp(SimpleDeployedAppInfoBase.java:508)
	at com.ibm.ws.app.manager.module.internal.DeployedAppInfoBase.deployApp(DeployedAppInfoBase.java:349)
	at com.ibm.ws.app.manager.war.internal.WARApplicationHandlerImpl.install(WARApplicationHandlerImpl.java:65)
	at com.ibm.ws.app.manager.internal.statemachine.StartAction.execute(StartAction.java:149)
	at com.ibm.ws.app.manager.internal.statemachine.ApplicationStateMachineImpl.enterState(ApplicationStateMachineImpl.java:1352)
	at com.ibm.ws.app.manager.internal.statemachine.ApplicationStateMachineImpl.run(ApplicationStateMachineImpl.java:897)
	at com.ibm.ws.threading.internal.ExecutorServiceImpl$RunnableWrapper.run(ExecutorServiceImpl.java:238)
	at java.util.concurrent.ThreadPoolExecutor.runWorker(ThreadPoolExecutor.java:1149)
	at java.util.concurrent.ThreadPoolExecutor$Worker.run(ThreadPoolExecutor.java:624)
	at java.lang.Thread.run(Thread.java:748)
Caused by: org.jboss.weld.exceptions.DeploymentException: WELD-001408: Unsatisfied dependencies for type DocumentDaoImpl with qualifiers @Default
  at injection point [BackedAnnotatedField] @Inject com.example.documents.HelloController.documentDaoImpl
  at com.example.documents.HelloController.documentDaoImpl(HelloController.java:0)
WELD-001474: Class com.example.documents.dao.DocumentDaoImpl is on the classpath, but was ignored because a class it references was not found: javax.persistence.EntityManager.

	at org.jboss.weld.bootstrap.Validator.validateInjectionPointForDeploymentProblems(Validator.java:378)
	at org.jboss.weld.bootstrap.Validator.validateInjectionPoint(Validator.java:290)
	at org.jboss.weld.bootstrap.Validator.validateGeneralBean(Validator.java:143)
	at org.jboss.weld.bootstrap.Validator.validateRIBean(Validator.java:164)
	at org.jboss.weld.bootstrap.Validator.validateBean(Validator.java:526)
	at org.jboss.weld.bootstrap.ConcurrentValidator$1.doWork(ConcurrentValidator.java:64)
	at org.jboss.weld.bootstrap.ConcurrentValidator$1.doWork(ConcurrentValidator.java:62)
	at org.jboss.weld.executor.IterativeWorkerTaskFactory$1.call(IterativeWorkerTaskFactory.java:62)
	at org.jboss.weld.executor.IterativeWorkerTaskFactory$1.call(IterativeWorkerTaskFactory.java:55)
	at java.util.concurrent.FutureTask.run(FutureTask.java:266)
	... 3 more

Dump of callerThis
Object type = com.ibm.ws.app.manager.war.internal.WARDeployedAppInfo
  CONTEXT_ROOT = "context-root"
  webContainerModuleInfo = class com.ibm.ws.app.manager.module.internal.SimpleDeployedAppInfoBase$WebModuleContainerInfo@1b0d9a33
    contextRoot = "/"
    defaultContextRoot = "documents"
    serialVersionUID = 4617657913043497664
    $$$tc$$$ = class com.ibm.websphere.ras.TraceComponent@65c2b7de
      strings[0] = "TraceComponent[com.ibm.ws.app.manager.module.internal.SimpleDeployedAppInfoBase$WebModuleContainerInfo,class com.ibm.ws.app.manager.module.internal.SimpleDeployedAppInfoBase$WebModuleContainerInfo,[applications, app.manager],null,null]"
    moduleHandler = class com.ibm.ws.app.manager.web.internal.WebModuleHandlerImpl@3f26de56
      serialVersionUID = 4795602325763828210
      $$$tc$$$ = class com.ibm.websphere.ras.TraceComponent@54dd4600
      futureMonitor = class com.ibm.ws.threading.internal.FutureMonitorImpl@488da31d
      metaDataService = class com.ibm.ws.container.service.metadata.internal.MetaDataServiceImpl@7b873303
      stateChangeService = class com.ibm.ws.container.service.state.internal.StateChangeServiceImpl@40bdb72e
      moduleRuntimeContainer = class com.ibm.ws.webcontainer.osgi.WebContainer@267b96e2
      firstFailure = null
      serialVersionUID = -4563697739413190872
      $$$tc$$$ = class com.ibm.websphere.ras.TraceComponent@23bb9265
    moduleMetaDataExtenders = class java.util.Collections$UnmodifiableRandomAccessList@4c6a2cd8
      serialVersionUID = -2542308836966382001
      serialVersionUID = -283967356065247728
      list = class java.util.concurrent.CopyOnWriteArrayList@4afc951d
      serialVersionUID = 1820017752578914078
      c = class java.util.concurrent.CopyOnWriteArrayList@4afc951d
    nestedModuleMetaDataFactories = class java.util.Collections$UnmodifiableRandomAccessList@19e4409c
      serialVersionUID = -2542308836966382001
      serialVersionUID = -283967356065247728
      list = class java.util.concurrent.CopyOnWriteArrayList@321a40e2
      serialVersionUID = 1820017752578914078
      c = class java.util.concurrent.CopyOnWriteArrayList@321a40e2
    nestedModules = null
    moduleName = "documents"
    moduleDD = null
    moduleInfo = class com.ibm.ws.app.manager.module.internal.WebModuleInfoImpl@2ab16c1c
      contextRoot = "/"
      isDefaultContextRootUsed = false
      defaultContextRoot = "documents"
      serialVersionUID = -6699247856069243844
      $$$tc$$$ = class com.ibm.websphere.ras.TraceComponent@77e5ec61
      tc = class com.ibm.websphere.ras.TraceComponent@377255fb
      appInfo = class com.ibm.ws.container.service.app.deploy.internal.ApplicationInfoImpl@78deb320
      moduleName = "documents"
      path = "documents.war"
      moduleContainer = class com.ibm.ws.adaptable.module.internal.AdaptableContainerImpl@291374bb
      altDDEntry = null
      moduleClassesContainers = class java.util.ArrayList@64d9974d
      classLoaderFactory = class com.ibm.ws.app.manager.war.internal.WARDeployedAppInfo@38079804
      containerInfoType = class com.ibm.ws.container.service.app.deploy.ContainerInfo$Type@129ee947
      classLoader = class com.ibm.ws.classloading.internal.AppClassLoader@5b6c15e2
      moduleMetaData = class com.ibm.ws.webcontainer.osgi.metadata.WebModuleMetaDataImpl@58c95d66
      nestedModuleMetaDataTypes = null
      nestedModuleMetaDataValues = null
      serialVersionUID = 3986734351620206554
    serialVersionUID = 5122721995888983779
    $$$tc$$$ = class com.ibm.websphere.ras.TraceComponent@46f3c701
      strings[0] = "TraceComponent[com.ibm.ws.app.manager.module.internal.SimpleDeployedAppInfoBase$ModuleContainerInfoBase,class com.ibm.ws.app.manager.module.internal.SimpleDeployedAppInfoBase$ModuleContainerInfoBase,[applications, app.manager],null,null]"
    type = class com.ibm.ws.container.service.app.deploy.ContainerInfo$Type@129ee947
      MANIFEST_CLASSPATH = class com.ibm.ws.container.service.app.deploy.ContainerInfo$Type@7a7aa667
      WEB_INF_CLASSES = class com.ibm.ws.container.service.app.deploy.ContainerInfo$Type@625bac87
      WEB_INF_LIB = class com.ibm.ws.container.service.app.deploy.ContainerInfo$Type@6cac5921
      EAR_LIB = class com.ibm.ws.container.service.app.deploy.ContainerInfo$Type@1170cb2f
      WEB_MODULE = class com.ibm.ws.container.service.app.deploy.ContainerInfo$Type@129ee947
      EJB_MODULE = class com.ibm.ws.container.service.app.deploy.ContainerInfo$Type@3e161ef8
      CLIENT_MODULE = class com.ibm.ws.container.service.app.deploy.ContainerInfo$Type@116b229
      RAR_MODULE = class com.ibm.ws.container.service.app.deploy.ContainerInfo$Type@f7d867b
      JAR_MODULE = class com.ibm.ws.container.service.app.deploy.ContainerInfo$Type@18c31d08
      SHARED_LIB = class com.ibm.ws.container.service.app.deploy.ContainerInfo$Type@16ac3136
      $VALUES = class com.ibm.ws.container.service.app.deploy.ContainerInfo$Type[10]
      name = "WEB_MODULE"
      ordinal = 4
    name = "documents.war"
    container = class com.ibm.ws.adaptable.module.internal.AdaptableContainerImpl@291374bb
      root = class com.ibm.ws.adaptable.module.internal.AdaptableContainerImpl@291374bb
      rootOverlay = class com.ibm.ws.artifact.overlay.internal.DirectoryBasedOverlayContainerImpl@35a81fdb
      factoryHolder = class com.ibm.ws.adaptable.module.internal.AdaptableModuleFactoryImpl@5e16fc94
      delegate = class com.ibm.ws.artifact.overlay.internal.DirectoryBasedOverlayContainerImpl@35a81fdb
      notifier = class com.ibm.ws.adaptable.module.internal.NotifierImpl@82e779f
      serialVersionUID = -5950528200509051684
      $$$tc$$$ = class com.ibm.websphere.ras.TraceComponent@7c4b198f
    moduleClassLoaderFactory = class com.ibm.ws.app.manager.war.internal.WARDeployedAppInfo@38079804
    altDDEntry = null
    classesContainerInfo = class java.util.ArrayList@64d9974d
      serialVersionUID = 8683452581122892189
      DEFAULT_CAPACITY = 10
      EMPTY_ELEMENTDATA = class java.lang.Object[0]
      DEFAULTCAPACITY_EMPTY_ELEMENTDATA = class java.lang.Object[0]
      elementData = class java.lang.Object[33]
      size = 23
      MAX_ARRAY_SIZE = 2147483639
      modCount = 24
      MAX_ARRAY_SIZE = 2147483639
    serialVersionUID = 4636874131959542427
    $$$tc$$$ = class com.ibm.websphere.ras.TraceComponent@1c374729
      strings[0] = "TraceComponent[com.ibm.ws.app.manager.module.internal.SimpleDeployedAppInfoBase$ExtendedContainerInfo,class com.ibm.ws.app.manager.module.internal.SimpleDeployedAppInfoBase$ExtendedContainerInfo,[applications, app.manager],null,null]"
  DYNAMIC_IMPORT_PACKAGE_LIST = class java.util.Collections$UnmodifiableRandomAccessList@6b9eb3d6
    serialVersionUID = -2542308836966382001
    serialVersionUID = -283967356065247728
    list = class java.util.Arrays$ArrayList@77df03d6
      serialVersionUID = -2764017481108945198
      a = class java.lang.String[1]
      modCount = 0
      MAX_ARRAY_SIZE = 2147483639
    serialVersionUID = 1820017752578914078
    c = class java.util.Arrays$ArrayList@77df03d6
  serialVersionUID = 6176035338244935179
  $$$tc$$$ = class com.ibm.websphere.ras.TraceComponent@7b631280
    strings[0] = "TraceComponent[com.ibm.ws.app.manager.war.internal.WARDeployedAppInfo,class com.ibm.ws.app.manager.war.internal.WARDeployedAppInfo,[webcontainer, applications, app.manager],com.ibm.ws.app.manager.war.internal.resources.Messages,null]"
  _tc = class com.ibm.websphere.ras.TraceComponent@41b5521
    strings[0] = "TraceComponent[com.ibm.ws.app.manager.module.internal.DeployedAppInfoBase,class com.ibm.ws.app.manager.module.internal.DeployedAppInfoBase,[app.manager],com.ibm.ws.app.manager.module.internal.resources.Messages,null]"
  PERMISSION_XML = "permissions.xml"
  applicationInformation = class com.ibm.ws.app.manager.internal.ApplicationInstallInfo@28dfd627
    _config = class com.ibm.ws.app.manager.internal.ApplicationConfig@417ed568
      tc = class com.ibm.websphere.ras.TraceComponent@65982948
      _configPid = "com.ibm.ws.app.manager_35"
      _config = class com.ibm.ws.config.admin.ConfigurationDictionary@6a590ba6
      _applicationManager = class com.ibm.ws.app.manager.ApplicationManager@184fc6c3
      _location = "documents.war"
      _type = "war"
      _name = "documents"
      _notificationBroadcasterSupport = class javax.management.NotificationBroadcasterSupport@12ce01e3
      ONE_TIME_JANDEX_MSGS_DISPLAYED = true
      serialVersionUID = -2151423388299667431
    _handlerInfo = class java.util.concurrent.atomic.AtomicReference@3f29dc0a
      serialVersionUID = -1848883965231344442
      unsafe = class sun.misc.Unsafe@6ca2c0db
      valueOffset = 12
      value = class com.ibm.ws.app.manager.war.internal.WARDeployedAppInfo@38079804
    _container = class java.util.concurrent.atomic.AtomicReference@56327527
      serialVersionUID = -1848883965231344442
      unsafe = class sun.misc.Unsafe@6ca2c0db
      valueOffset = 12
      value = class com.ibm.ws.adaptable.module.internal.AdaptableContainerImpl@291374bb
    _resolvedLocation = class java.util.concurrent.atomic.AtomicReference@2ddb72f1
      serialVersionUID = -1848883965231344442
      unsafe = class sun.misc.Unsafe@6ca2c0db
      valueOffset = 12
      value = class com.ibm.ws.kernel.service.location.internal.LocalFileResource@7e16d7d8
    _handler = class com.ibm.ws.app.manager.war.internal.WARApplicationHandlerImpl@1ab927b7
      futureMonitor = class com.ibm.ws.threading.internal.FutureMonitorImpl@488da31d
      deployedAppFactory = class com.ibm.ws.app.manager.war.internal.WARDeployedAppInfoFactoryImpl@4c37acbf
      serialVersionUID = 4622845147410944782
      $$$tc$$$ = class com.ibm.websphere.ras.TraceComponent@62e98651
    _ami = class java.util.concurrent.atomic.AtomicReference@6b016166
      serialVersionUID = -1848883965231344442
      unsafe = class sun.misc.Unsafe@6ca2c0db
      valueOffset = 12
      value = class com.ibm.wsspi.application.handler.DefaultApplicationMonitoringInformation@7ad5a73e
    _updateHandler = class com.ibm.ws.app.manager.internal.statemachine.ApplicationStateMachineImpl@2edfba6c
      _tc = class com.ibm.websphere.ras.TraceComponent@3d2f585b
      EMPTY_FUTURE_ARRAY = interface java.util.concurrent.Future[0]
      asmSequenceNumber = class java.util.concurrent.atomic.AtomicLong@269bdfc9
      _qscaCounter = class java.util.concurrent.atomic.AtomicInteger@4a586af9
      _failedThrowable = null
      _interruptibleLock = class com.ibm.ws.app.manager.internal.statemachine.ApplicationStateMachineImpl$2@6edc1c84
      _interruptible = false
      _performingQueuedActions = true
      _queuedActions = class java.util.concurrent.ConcurrentLinkedQueue@33045e
      _callbackState = class java.util.concurrent.atomic.AtomicReference@78aee606
      blockAppStartingFutures = class java.util.Collections$SetFromMap@71a84448
      waitingForAppHandlerFuture = class java.util.concurrent.atomic.AtomicReference@7f1e4ec5
      waitingForExplicitStartFuture = class java.util.concurrent.atomic.AtomicReference@6717b48c
      startAfterFutures = class java.util.Collections$SetFromMap@6886e0be
      completionListener = class java.util.concurrent.atomic.AtomicReference@5b3f73e2
      _notifyAppStopped = class java.util.concurrent.ConcurrentLinkedQueue@565a6626
      _notifyAppStarting = class java.util.concurrent.ConcurrentLinkedQueue@cb31bb5
      _notifyAppInstallCalled = class java.util.concurrent.ConcurrentLinkedQueue@53ef998d
      _notifyAppStarted = class java.util.concurrent.ConcurrentLinkedQueue@736f5071
      _notifyAppRemoved = class java.util.concurrent.ConcurrentLinkedQueue@7601636c
      _stateLock = class com.ibm.ws.app.manager.internal.statemachine.ApplicationStateMachineImpl$3@627bb0aa
      _internalState = class java.util.concurrent.atomic.AtomicReference@4d776e99
      _currentAction = class java.util.concurrent.atomic.AtomicReference@4492539e
      _rfa = class java.util.concurrent.atomic.AtomicReference@39f54263
      _appInstallInfo = class java.util.concurrent.atomic.AtomicReference@6b45b17
      _update = class java.util.concurrent.atomic.AtomicBoolean@7041eefe
      _appConfig = class java.util.concurrent.atomic.AtomicReference@26994dcb
      _nextAppConfig = class java.util.concurrent.atomic.AtomicReference@35ece521
      _appContainer = class java.util.concurrent.atomic.AtomicReference@11a46c68
      _resolvedLocation = class java.util.concurrent.atomic.AtomicReference@6eed46bc
      _handler = class java.util.concurrent.atomic.AtomicReference@276a9bf
      _asmSeqNo = 0
      _ctx = class org.eclipse.osgi.internal.framework.BundleContextImpl@325eabac
      _locAdmin = class com.ibm.ws.kernel.service.location.internal.WsLocationAdminImpl@62146065
      _futureMonitor = class com.ibm.ws.threading.internal.FutureMonitorImpl@488da31d
      _artifactFactory = class com.ibm.ws.artifact.internal.ArtifactContainerFactoryService@bb21988
      _moduleFactory = class com.ibm.ws.adaptable.module.internal.AdaptableModuleFactoryImpl@5e16fc94
      _executorService = class com.ibm.ws.threading.internal.ExecutorServiceImpl@66c8123d
      _scheduledExecutorService = class com.ibm.ws.threading.internal.ScheduledExecutorImpl@5144740a
      _asmHelper = class com.ibm.ws.app.manager.internal.ApplicationConfigurator$NamedApplication@2c431492
      _appMonitor = class com.ibm.ws.app.manager.internal.monitor.ApplicationMonitor@df0ef76
      enterStateCalled = class java.util.concurrent.atomic.AtomicBoolean@4c26a1e5
      serialVersionUID = 7990273947104993494
      serialVersionUID = 300267208965883056
      $$$tc$$$ = class com.ibm.websphere.ras.TraceComponent@6a75bf8c
    serialVersionUID = 2630639237123415755
    $$$tc$$$ = class com.ibm.websphere.ras.TraceComponent@4f354a7f
      strings[0] = "TraceComponent[com.ibm.ws.app.manager.internal.ApplicationInstallInfo,class com.ibm.ws.app.manager.internal.ApplicationInstallInfo,[applications, app.manager],com.ibm.ws.app.manager.internal.resources.AppManagerMessages,null]"
  location = "E:\facultate\master\java\java\tehnologii_java\documents\documents\target\liberty\wlp\usr\servers\documents\apps\documents.war.xml"
  classLoadingService = class com.ibm.ws.classloading.internal.ClassLoadingServiceImpl@49389138
    tc = class com.ibm.websphere.ras.TraceComponent@2cb714d
      strings[0] = "TraceComponent[com.ibm.ws.classloading.internal.ClassLoadingServiceImpl,class com.ibm.ws.classloading.internal.ClassLoadingServiceImpl,[ClassLoadingService],com.ibm.ws.classloading.internal.resources.ClassLoadingServiceMessages,null]"
    leakDetectionMap = class java.util.HashMap@321300dd
      serialVersionUID = 362498820763181265
      DEFAULT_INITIAL_CAPACITY = 16
      MAXIMUM_CAPACITY = 1073741824
      DEFAULT_LOAD_FACTOR = 0.75
      TREEIFY_THRESHOLD = 8
      UNTREEIFY_THRESHOLD = 6
      MIN_TREEIFY_CAPACITY = 64
      table = null
      entrySet = null
      size = 0
      modCount = 0
      threshold = 0
      loadFactor = 0.75
      keySet = null
      values = null
    appClassLoaders = class java.util.Collections$SetFromMap@79b62c9b
      m = class java.util.WeakHashMap@aa0d0ec
      s = class java.util.WeakHashMap$KeySet@e9d4ced
      serialVersionUID = 2454657854757543876
      MAX_ARRAY_SIZE = 2147483639
    TCCL_LOCK_WAIT = 15000
    REFERENCE_GENERATORS = "generators"
    bundleContext = class org.eclipse.osgi.internal.framework.BundleContextImpl@4d94382c
      valid = true
      bundle = class org.eclipse.osgi.internal.framework.EquinoxBundle@6e67841e
      container = class org.eclipse.osgi.internal.framework.EquinoxContainer@407951d
      debug = class org.eclipse.osgi.internal.debug.Debug@266d3d0
      servicesInUse = class java.util.HashMap@5b4c46bc
      activator = null
      contextLock = class java.lang.Object@37437914
    aclStore = class com.ibm.ws.classloading.internal.util.CanonicalStore@64074c85
      map = class java.util.concurrent.ConcurrentHashMap@726c75bb
      q = class com.ibm.ws.classloading.internal.util.RefQueue@717d7664
      serialVersionUID = 6715157558227169968
      $$$tc$$$ = class com.ibm.websphere.ras.TraceComponent@6c2f0f27
    tcclStore = class com.ibm.ws.classloading.internal.util.CanonicalStore@65e857b8
      map = class java.util.concurrent.ConcurrentHashMap@2b528832
      q = class com.ibm.ws.classloading.internal.util.RefQueue@4b64b736
      serialVersionUID = 6715157558227169968
      $$$tc$$$ = class com.ibm.websphere.ras.TraceComponent@6c2f0f27
    tcclStoreLock = class java.util.concurrent.locks.ReentrantLock@4f57a630
      serialVersionUID = 7373984872572414699
      sync = class java.util.concurrent.locks.ReentrantLock$NonfairSync@2e47e018
    digraph = class org.eclipse.equinox.internal.region.StandardRegionDigraph@7cd99b5
      EMPTY_EDGE_SET = class java.util.Collections$UnmodifiableSet@81b2bb
      monitor = class java.lang.Object@597dac40
      regions = class java.util.HashMap@1312ccf
      bundleIdToRegionMapping = class org.eclipse.equinox.internal.region.StandardBundleIdToRegionMapping@7b87768d
      edges = class java.util.HashMap@761e172c
      bundleContext = class org.eclipse.osgi.internal.framework.BundleContextImpl@4e76dac
      threadLocal = class java.lang.ThreadLocal@4235aa03
      subgraphTraverser = class org.eclipse.equinox.internal.region.SubgraphTraverser@4a6aa1de
      bundleCollisionHook = class org.eclipse.equinox.internal.region.hook.RegionBundleCollisionHook@a998500
      bundleEventHook = class org.eclipse.equinox.internal.region.hook.RegionBundleEventHook@cb84408
      bundleFindHook = class org.eclipse.equinox.internal.region.hook.RegionBundleFindHook@6332922e
      serviceEventHook = class org.eclipse.equinox.internal.region.hook.RegionServiceEventHook@7c49bbc7
      serviceFindHook = class org.eclipse.equinox.internal.region.hook.RegionServiceFindHook@3abe90cb
      resolverHookFactory = class org.eclipse.equinox.internal.region.hook.RegionResolverHookFactory@74e81b90
      origin = null
      originUpdateCount = -1
      updateCount = class java.util.concurrent.atomic.AtomicLong@33c54c1
      defaultRegion = null
    redefiner = class com.ibm.ws.classloading.internal.util.ClassRedefiner@59f08ead
      tc = class com.ibm.websphere.ras.TraceComponent@67a077d0
      LS = "
"
      inst = class com.sun.proxy.$Proxy0@61897351
      serialVersionUID = 2420101865139508526
    listener = class com.ibm.ws.classloading.internal.ClassLoadingServiceImpl$1@7e8257bc
      this$0 = class com.ibm.ws.classloading.internal.ClassLoadingServiceImpl@49389138
      serialVersionUID = -9159707349812113172
      $$$tc$$$ = class com.ibm.websphere.ras.TraceComponent@62a2abbc
    classloaders = class java.util.Collections$SynchronizedMap@c96087a
      serialVersionUID = 1978198479659022715
      m = class java.util.HashMap@788c041
      mutex = class java.util.Collections$SynchronizedMap@c96087a
      keySet = null
      entrySet = null
      values = null
    resourceProviders = class com.ibm.ws.classloading.internal.CompositeResourceProvider@677d286c
      lockFactory = class java.util.concurrent.locks.ReentrantReadWriteLock@6e2bf242
      providerMap = class com.ibm.ws.classloading.internal.util.MultiMap@58f63595
      serialVersionUID = -5576435894946156347
      $$$tc$$$ = class com.ibm.websphere.ras.TraceComponent@5d6eb3b3
    rememberedBundles = class java.util.concurrent.ConcurrentHashMap@3aa547c8
      serialVersionUID = 7249069246763182397
      MAXIMUM_CAPACITY = 1073741824
      DEFAULT_CAPACITY = 16
      MAX_ARRAY_SIZE = 2147483639
      DEFAULT_CONCURRENCY_LEVEL = 16
      LOAD_FACTOR = 0.75
      TREEIFY_THRESHOLD = 8
      UNTREEIFY_THRESHOLD = 6
      MIN_TREEIFY_CAPACITY = 64
      MIN_TRANSFER_STRIDE = 16
      RESIZE_STAMP_BITS = 16
      MAX_RESIZERS = 65535
      RESIZE_STAMP_SHIFT = 16
      MOVED = -1
      TREEBIN = -2
      RESERVED = -3
      HASH_BITS = 2147483647
      NCPU = 8
      serialPersistentFields = class java.io.ObjectStreamField[3]
      table = class java.util.concurrent.ConcurrentHashMap$Node[16]
      nextTable = null
      baseCount = 1
      sizeCtl = 12
      transferIndex = 0
      cellsBusy = 0
      counterCells = null
      keySet = null
      values = null
      entrySet = null
      U = class sun.misc.Unsafe@6ca2c0db
      SIZECTL = 20
      TRANSFERINDEX = 32
      BASECOUNT = 24
      CELLSBUSY = 36
      CELLVALUE = 144
      ABASE = 16
      ASHIFT = 2
      keySet = null
      values = null
    collectedBundles = class java.lang.ref.ReferenceQueue@5676c897
      NULL = class java.lang.ref.ReferenceQueue$Null@6e7dbe96
      ENQUEUED = class java.lang.ref.ReferenceQueue$Null@3dceb965
      lock = class java.lang.ref.ReferenceQueue$Lock@35fe1a75
      head = null
      queueLength = 0
      $assertionsDisabled = true
    generatorRefs = class com.ibm.wsspi.kernel.service.utils.ConcurrentServiceReferenceSet@6a9fdffb
      referenceName = "generators"
      contextRef = class java.util.concurrent.atomic.AtomicReference@38443279
      elementMap = class java.util.LinkedHashMap@3dfa4303
      elementSet = class java.util.concurrent.ConcurrentSkipListSet@258a906a
      elementSetUnsorted = false
      serialVersionUID = 756240983881166148
      $$$tc$$$ = class com.ibm.websphere.ras.TraceComponent@5ae3042b
    generatorManager = class com.ibm.ws.classloading.internal.ClassGeneratorManager@642fb48c
      tc = class com.ibm.websphere.ras.TraceComponent@232a3253
      generatorRefs = class com.ibm.wsspi.kernel.service.utils.ConcurrentServiceReferenceSet@6a9fdffb
      serialVersionUID = 4152663586056483310
    appExtLibs = class java.util.concurrent.CopyOnWriteArrayList@74a424c6
      serialVersionUID = 8673264195747942595
      lock = class java.util.concurrent.locks.ReentrantLock@5ea5744a
      array = class java.lang.Object[0]
      UNSAFE = class sun.misc.Unsafe@6ca2c0db
      lockOffset = 12
    globalConfig = class com.ibm.ws.classloading.configuration.GlobalClassloadingConfiguration@14f668b5
      properties = class org.apache.felix.scr.impl.helper.ReadOnlyDictionary@33a824ae
      serialVersionUID = 452562347104713756
      $$$tc$$$ = class com.ibm.websphere.ras.TraceComponent@770a9023
    metaInfServicesProviders = class java.util.concurrent.ConcurrentHashMap@820dd7
      serialVersionUID = 7249069246763182397
      MAXIMUM_CAPACITY = 1073741824
      DEFAULT_CAPACITY = 16
      MAX_ARRAY_SIZE = 2147483639
      DEFAULT_CONCURRENCY_LEVEL = 16
      LOAD_FACTOR = 0.75
      TREEIFY_THRESHOLD = 8
      UNTREEIFY_THRESHOLD = 6
      MIN_TREEIFY_CAPACITY = 64
      MIN_TRANSFER_STRIDE = 16
      RESIZE_STAMP_BITS = 16
      MAX_RESIZERS = 65535
      RESIZE_STAMP_SHIFT = 16
      MOVED = -1
      TREEBIN = -2
      RESERVED = -3
      HASH_BITS = 2147483647
      NCPU = 8
      serialPersistentFields = class java.io.ObjectStreamField[3]
      table = null
      nextTable = null
      baseCount = 0
      sizeCtl = 0
      transferIndex = 0
      cellsBusy = 0
      counterCells = null
      keySet = null
      values = null
      entrySet = null
      U = class sun.misc.Unsafe@6ca2c0db
      SIZECTL = 20
      TRANSFERINDEX = 32
      BASECOUNT = 24
      CELLSBUSY = 36
      CELLVALUE = 144
      ABASE = 16
      ASHIFT = 2
      keySet = null
      values = null
    metaInfServicesRefs = class com.ibm.wsspi.kernel.service.utils.ConcurrentServiceReferenceMap@1910529f
      referenceName = "MetaInfServicesProvider"
      context = class org.apache.felix.scr.impl.manager.ComponentContextImpl@fa84133
      elementMap = class java.util.concurrent.ConcurrentHashMap@1ef83cd0
      serialVersionUID = 6980924785166233786
      $$$tc$$$ = class com.ibm.websphere.ras.TraceComponent@712b39f5
    protectionDomainMap = class java.util.HashMap@4cc7c76f
      serialVersionUID = 362498820763181265
      DEFAULT_INITIAL_CAPACITY = 16
      MAXIMUM_CAPACITY = 1073741824
      DEFAULT_LOAD_FACTOR = 0.75
      TREEIFY_THRESHOLD = 8
      UNTREEIFY_THRESHOLD = 6
      MIN_TREEIFY_CAPACITY = 64
      table = class java.util.HashMap$Node[16]
      entrySet = null
      size = 1
      modCount = 1
      threshold = 12
      loadFactor = 0.75
      keySet = null
      values = null
    metadataIdentifierService = class com.ibm.ws.container.service.metadata.internal.MetaDataServiceImpl@7b873303
    globalSharedLibrary = class java.util.concurrent.atomic.AtomicReference@6bd3bd82
      serialVersionUID = -1848883965231344442
      unsafe = class sun.misc.Unsafe@6ca2c0db
      valueOffset = 12
      value = null
    serialVersionUID = 4365026902615131286
  globalSharedLibrary = class com.ibm.ws.library.internal.SharedLibraryImpl@2fa73f02
    tc = class com.ibm.websphere.ras.TraceComponent@8a48266
      strings[0] = "TraceComponent[com.ibm.ws.library.internal.SharedLibraryImpl,class com.ibm.ws.library.internal.SharedLibraryImpl,[SharedLibrary],com.ibm.ws.classloading.internal.resources.ClassLoadingServiceMessages,null]"
    EMPTY_LIBRARY_LISTENERS = interface com.ibm.wsspi.library.LibraryChangeListener[0]
    deleted = false
    libraryListenersTracker = class org.osgi.util.tracker.ServiceTracker@5a8c21a3
      DEBUG = false
      context = class org.eclipse.osgi.internal.framework.BundleContextImpl@4d94382c
      filter = class org.eclipse.osgi.internal.framework.FilterImpl$And@ea45258
      customizer = class org.osgi.util.tracker.ServiceTracker@5a8c21a3
      listenerFilter = "(&(objectClass=com.ibm.wsspi.library.LibraryChangeListener)(|(library=global)(libraryRef=*com.ibm.ws.classloading.sharedlibrary_26*)))"
      trackClass = null
      trackReference = null
      tracked = class org.osgi.util.tracker.ServiceTracker$Tracked@3f83a402
      cachedReference = null
      cachedService = null
    libraryReg = class org.eclipse.osgi.internal.serviceregistry.ServiceRegistrationImpl@68cbe558
      registry = class org.eclipse.osgi.internal.serviceregistry.ServiceRegistry@59b24287
      context = class org.eclipse.osgi.internal.framework.BundleContextImpl@4d94382c
      bundle = class org.eclipse.osgi.internal.framework.EquinoxBundle@6e67841e
      clazzes = class java.lang.String[1]
      service = class com.ibm.ws.library.internal.SharedLibraryImpl@2fa73f02
      reference = class org.eclipse.osgi.internal.serviceregistry.ServiceReferenceImpl@bbcdd88
      contextsUsing = class java.util.ArrayList@59db9ab8
      properties = class java.util.Collections$UnmodifiableMap@12b65d7e
      serviceid = 370
      serviceranking = 3
      registrationLock = class java.lang.Object@5ba77995
      state = 0
      REGISTERED = 0
      UNREGISTERING = 1
      UNREGISTERED = 2
      FRAMEWORK_SET_SERVICE_PROPERTIES_COUNT = 4
      $assertionsDisabled = true
    ctx = class org.eclipse.osgi.internal.framework.BundleContextImpl@4d94382c
    classLoadingService = class com.ibm.ws.classloading.internal.ClassLoadingServiceImpl@49389138
    configAdmin = class com.ibm.ws.config.admin.internal.ConfigurationAdminImpl@5d935990
      tc = class com.ibm.websphere.ras.TraceComponent@10248327
      bundle = class org.eclipse.osgi.internal.framework.EquinoxBundle@6e67841e
      caFactory = class com.ibm.ws.config.admin.internal.ConfigAdminServiceFactory@6423028c
      serialVersionUID = -2875522750804142523
    resolvedBasePath = "E:/facultate/master/java/java/tehnologii_java/documents/documents/target/liberty/wlp/usr/servers/documents/"
    generationLock = class com.ibm.ws.library.internal.SharedLibraryImpl$1@3b0075c2
      this$0 = class com.ibm.ws.library.internal.SharedLibraryImpl@2fa73f02
      serialVersionUID = 2483639803450672373
      $$$tc$$$ = class com.ibm.websphere.ras.TraceComponent@47e79922
    currentGeneration = class com.ibm.ws.library.internal.LibraryGeneration@2667082
      tc = class com.ibm.websphere.ras.TraceComponent@50f26a43
      nextInt = class java.util.concurrent.atomic.AtomicInteger@5f9a927b
      libraryId = "global"
      genId = 3
      libraryProps = class java.util.Hashtable@5c100e10
      filesetRefs = class java.util.Collections$UnmodifiableRandomAccessList@145d8166
      apiTypeVisibility = class java.util.RegularEnumSet@51b50c2a
      files = class java.util.Collections$EmptyList@44afd90
      folders = class java.util.ArrayList@5ab7452d
      fileAndFolderContainers = class java.util.Collections$EmptyList@44afd90
      filesets = class java.util.concurrent.ArrayBlockingQueue@68ba0e5
      filesetListenerRegs = class java.util.concurrent.ConcurrentLinkedQueue@7ea547e3
      cancelled = false
      library = class com.ibm.ws.library.internal.SharedLibraryImpl@2fa73f02
      serialVersionUID = 6965220007121905717
    nextGeneration = class com.ibm.ws.library.internal.LibraryGeneration@2667082
    artifactContainerFactory = class com.ibm.ws.library.internal.SharedLibraryFactory$1@39dcc854
      this$0 = class com.ibm.ws.library.internal.SharedLibraryFactory@75965117
      serialVersionUID = 7730244564205089330
      $$$tc$$$ = class com.ibm.websphere.ras.TraceComponent@7fedef5b
    packageExporter = class com.ibm.ws.library.internal.LibraryPackageExporter@7e444926
      EXPORTER_POSTFIX = "_library_exporter"
      REGION_EXPORT_TO_LIBERTY = "liberty.library.export.to.liberty"
      REGION_EXPORT_TO_OSGI_APPS = "liberty.library.export.to.osgi.app"
      REGION_KERNEL = "org.eclipse.equinox.region.kernel"
      counter = class java.util.concurrent.atomic.AtomicLong@3096a5af
      context = class org.eclipse.osgi.internal.framework.BundleContextImpl@4d94382c
      digraph = class org.eclipse.equinox.internal.region.StandardRegionDigraph@7cd99b5
      bundleToLibrary = class java.util.concurrent.ConcurrentHashMap@670ffcfa
      libraryToVisibility = class java.util.concurrent.ConcurrentHashMap@4d3608b1
      serialVersionUID = 8074378969667956573
      $$$tc$$$ = class com.ibm.websphere.ras.TraceComponent@47e96622
    serialVersionUID = 6288237618632180389
  sharedLibDeploymentInfo = class com.ibm.ws.app.manager.module.internal.DeployedAppInfoBase$SharedLibDeploymentInfo@4d84f20c
    locAdmin = class com.ibm.ws.kernel.service.location.internal.WsLocationAdminImpl@62146065
      tc = class com.ibm.websphere.ras.TraceComponent@1d4d4ce4
      LOC_INTERNAL_LIB_DIR = "wlp.lib.dir"
      LOC_INTERNAL_WORKAREA_DIR = "wlp.workarea.dir"
      LOC_AREA_NAME_APPS = "shared/apps/"
      LOC_AREA_NAME_CONFIG = "shared/config/"
      LOC_AREA_NAME_RESC = "shared/resources/"
      LOC_AREA_NAME_STATE = "logs/state/"
      LOC_AREA_NAME_SERVERS = "servers/"
      LOC_AREA_NAME_CLIENTS = "clients/"
      LOC_AREA_NAME_WORKING = "workarea/"
      LOC_AREA_NAME_EXTENSION = "extension/"
      instance = class com.ibm.ws.kernel.service.location.internal.WsLocationAdminImpl@62146065
      installRoot = class com.ibm.ws.kernel.service.location.internal.SymbolicRootResource@29381d16
      installParentRoot = class com.ibm.ws.kernel.service.location.internal.SymbolicRootResource@212c1d79
      userRoot = class com.ibm.ws.kernel.service.location.internal.SymbolicRootResource@93438ec
      usrExtensionRoot = class com.ibm.ws.kernel.service.location.internal.SymbolicRootResource@16af9be7
      serverConfigDir = class com.ibm.ws.kernel.service.location.internal.SymbolicRootResource@7f16e489
      serverOutputDir = class com.ibm.ws.kernel.service.location.internal.SymbolicRootResource@7f16e489
      bootstrapLib = class com.ibm.ws.kernel.service.location.internal.LocalFileResource@3e90f9c7
      serverWorkarea = class com.ibm.ws.kernel.service.location.internal.LocalFileResource@16cb55a1
      serverState = class com.ibm.ws.kernel.service.location.internal.LocalFileResource@7cd1943c
      sharedAppsRoot = class com.ibm.ws.kernel.service.location.internal.SymbolicRootResource@342b1583
      sharedConfigRoot = class com.ibm.ws.kernel.service.location.internal.SymbolicRootResource@dcc8c00
      sharedResourceRoot = class com.ibm.ws.kernel.service.location.internal.SymbolicRootResource@4166a645
      tmpRoot = class com.ibm.ws.kernel.service.location.internal.SymbolicRootResource@3166aa21
      serverName = "documents"
      resourcePaths = class java.util.ArrayList@5d8d2683
      resourceGroups = class java.util.HashMap@34c80dbe
      commonRoot = class com.ibm.ws.kernel.service.location.internal.VirtualRootResource@40e8c1ec
      serialVersionUID = -5748835026800463299
    artifactFactory = class com.ibm.ws.artifact.internal.ArtifactContainerFactoryService@bb21988
      CATEGORY_PROP_NAME = "category"
      ENTRY_KEY = "com.ibm.wsspi.artifact.ArtifactEntry"
      helperMap = class com.ibm.wsspi.kernel.service.utils.ConcurrentServiceReferenceSetMap@3c9762f7
      contributorMap = class com.ibm.wsspi.kernel.service.utils.ConcurrentServiceReferenceSetMap@46e61e09
      helperCategoryMap = class com.ibm.wsspi.kernel.service.utils.ConcurrentServiceReferenceSetMap@50d669d7
      contributorCategoryMap = class com.ibm.wsspi.kernel.service.utils.ConcurrentServiceReferenceSetMap@396a973c
      categories = class java.util.Collections$SynchronizedSet@3e6dca3c
      baseProperties = class org.apache.felix.scr.impl.helper.ReadOnlyDictionary@480d9dae
      registration = class com.ibm.ws.kernel.service.util.ServiceRegistrationModifier@2b76cda9
      serialVersionUID = 6566424214406946230
      $$$tc$$$ = class com.ibm.websphere.ras.TraceComponent@4da07f08
    moduleFactory = class com.ibm.ws.adaptable.module.internal.AdaptableModuleFactoryImpl@5e16fc94
      adapterFactoryService = class com.ibm.ws.adaptable.module.internal.AdapterFactoryServiceImpl@58e509bc
      containerFactory = class com.ibm.ws.artifact.internal.ArtifactContainerFactoryService@bb21988
      overlayContainerFactory = class com.ibm.ws.artifact.overlay.internal.OverlayContainerFactoryImpl@6bd853c9
      serialVersionUID = 4200251809856292987
      $$$tc$$$ = class com.ibm.websphere.ras.TraceComponent@2651ff59
    classesContainerInfo = class java.util.ArrayList@582c359c
      serialVersionUID = 8683452581122892189
      DEFAULT_CAPACITY = 10
      EMPTY_ELEMENTDATA = class java.lang.Object[0]
      DEFAULTCAPACITY_EMPTY_ELEMENTDATA = class java.lang.Object[0]
      elementData = class java.lang.Object[0]
      size = 0
      MAX_ARRAY_SIZE = 2147483639
      modCount = 0
      MAX_ARRAY_SIZE = 2147483639
    serialVersionUID = 5154735746662585226
    $$$tc$$$ = class com.ibm.websphere.ras.TraceComponent@6cf22dba
      strings[0] = "TraceComponent[com.ibm.ws.app.manager.module.internal.DeployedAppInfoBase$SharedLibDeploymentInfo,class com.ibm.ws.app.manager.module.internal.DeployedAppInfoBase$SharedLibDeploymentInfo,[applications, app.manager],null,null]"
  configAdmin = class com.ibm.ws.config.admin.internal.ConfigurationAdminImpl@539af869
    tc = class com.ibm.websphere.ras.TraceComponent@10248327
      strings[0] = "TraceComponent[com.ibm.ws.config.admin.internal.ConfigurationAdminImpl,class com.ibm.ws.config.admin.internal.ConfigurationAdminImpl,[config],com.ibm.ws.config.internal.resources.ConfigMessages,null]"
    bundle = class org.eclipse.osgi.internal.framework.EquinoxBundle@ac33d5
      equinoxContainer = class org.eclipse.osgi.internal.framework.EquinoxContainer@407951d
      module = class org.eclipse.osgi.internal.framework.EquinoxBundle$EquinoxModule@2917c9b4
      monitor = class java.lang.Object@496a8124
      context = class org.eclipse.osgi.internal.framework.BundleContextImpl@ffaf36e
      signerInfos = null
      $SWITCH_TABLE$org$eclipse$osgi$container$Module$State = {1,2,3,4,5,6,7} /* array length = 7 */
    caFactory = class com.ibm.ws.config.admin.internal.ConfigAdminServiceFactory@6423028c
      tc = class com.ibm.websphere.ras.TraceComponent@26035f70
      configurationPermission = class org.osgi.service.cm.ConfigurationPermission@67f8ab6b
      INDEX_DICTIONARY = 0
      INDEX_LOCATION = 1
      INDEX_METATYPE_PROCESSED = 2
      INDEX_IN_OVERRIDES_FILE = 3
      INDEX_REFERENCES = 4
      INDEX_UNIQUES = 5
      bundleContext = class org.eclipse.osgi.internal.framework.BundleContextImpl@7677d22e
      msTracker = class com.ibm.ws.config.admin.internal.ManagedServiceTracker@68eb2a85
      msfTracker = class com.ibm.ws.config.admin.internal.ManagedServiceFactoryTracker@44af94a8
      pluginManager = class com.ibm.ws.config.admin.internal.PluginManager@561fc336
      configurationStore = class com.ibm.ws.config.admin.internal.ConfigurationStore@741e996d
      updateQueue = class com.ibm.ws.config.admin.internal.UpdateQueue@45903a69
      ced = class com.ibm.ws.config.admin.internal.ConfigEventDispatcher@7d22fca7
      idMap = class java.util.Collections$SynchronizedMap@558c8646
      referenceMap = class java.util.Collections$SynchronizedMap@5559b86b
      variableRegistryTracker = class org.osgi.util.tracker.ServiceTracker@115e93db
      variableRegistry = class com.ibm.ws.kernel.service.location.internal.VariableRegistryHelper@7bf38293
      configurationAdminRef = class org.eclipse.osgi.internal.serviceregistry.ServiceRegistrationImpl@fff8455
      serialVersionUID = 6695202270027014725
    serialVersionUID = -2875522750804142523
  libraryConfigHelper = class com.ibm.ws.classloading.ClassLoaderConfigHelper@5ea61273
    tc = class com.ibm.websphere.ras.TraceComponent@2fe08e9d
      strings[0] = "TraceComponent[com.ibm.ws.classloading.ClassLoaderConfigHelper,class com.ibm.ws.classloading.ClassLoaderConfigHelper,[ClassLoadingService],com.ibm.ws.classloading.internal.resources.ClassLoadingServiceMessages,null]"
    DEFAULT_API_TYPES = class java.util.RegularEnumSet@17199056
      serialVersionUID = 3411599620347842686
      elements = 23
      elementType = class java.lang.Class@10a925b2
      universe = class com.ibm.wsspi.classloading.ApiType[5]
      ZERO_LENGTH_ENUM_ARRAY = class java.lang.Enum[0]
      MAX_ARRAY_SIZE = 2147483639
    sharedLibraries = class java.util.Collections$EmptyList@44afd90
      serialVersionUID = 8842843931221139166
      modCount = 0
      MAX_ARRAY_SIZE = 2147483639
    commonLibraries = class java.util.Collections$EmptyList@44afd90
    classProviders = class java.util.Collections$EmptyList@44afd90
    sharedLibrariesPids = null
    commonLibrariesPids = null
    isDelegateLast = false
    apiTypes = class java.util.RegularEnumSet@7881a8f7
      serialVersionUID = 3411599620347842686
      elements = 31
      elementType = class java.lang.Class@10a925b2
      universe = class com.ibm.wsspi.classloading.ApiType[5]
      ZERO_LENGTH_ENUM_ARRAY = class java.lang.Enum[0]
      MAX_ARRAY_SIZE = 2147483639
    classLoaderConfigProps = class com.ibm.ws.config.admin.ConfigurationDictionary@316c86f7
      serialVersionUID = 7966152868712543805
      simpleTypes = class java.util.Arrays$ArrayList@7b8e72a3
      primitiveArrayTypes = class java.util.Arrays$ArrayList@1dead667
      simpleArrayTypes = class java.util.Arrays$ArrayList@4d38b17b
      extendedTypes = class java.util.Arrays$ArrayList@6acd9312
      CASE_INSENSITIVE = class com.ibm.ws.config.admin.ConfigurationDictionary$CaseInsensitive@625eef82
      properties = class java.util.Collections$SynchronizedMap@106147ca
    serialVersionUID = 7643888529935916418
  isDelegateLast = false
  permissionManager = class com.ibm.ws.classloading.java2sec.PermissionManager@486f798a
    tc = class com.ibm.websphere.ras.TraceComponent@3302eb11
      strings[0] = "TraceComponent[com.ibm.ws.classloading.java2sec.PermissionManager,class com.ibm.ws.classloading.java2sec.PermissionManager,[Java2SecurityUtil],com.ibm.ws.classloading.internal.resources.Java2SecurityUtilMessages,null]"
    bundleContext = class org.eclipse.osgi.internal.framework.BundleContextImpl@4d94382c
    classLoadingService = class com.ibm.ws.classloading.internal.ClassLoadingServiceImpl@49389138
    DEFAULT_SERVER_RESTRICTABLE_PERMISSIONS = class java.security.Permission[4]
      Permission[0] = class java.lang.RuntimePermission@1ad65577
      Permission[1] = class java.lang.RuntimePermission@9e126f8
      Permission[2] = class java.security.SecurityPermission@38e96c64
      Permission[3] = class javax.security.auth.AuthPermission@51daac71
    DEFAULT_CLIENT_RESTRICTABLE_PERMISSIONS = class java.security.Permission[3]
      Permission[0] = class java.lang.RuntimePermission@41324a46
      Permission[1] = class java.security.SecurityPermission@41993435
      Permission[2] = class javax.security.auth.AuthPermission@36cb88b1
    isServer = true
    wsjarUrlStreamHandlerAvailable = true
    restrictablePermissions = class java.util.ArrayList@28c0efad
      serialVersionUID = 8683452581122892189
      DEFAULT_CAPACITY = 10
      EMPTY_ELEMENTDATA = class java.lang.Object[0]
      DEFAULTCAPACITY_EMPTY_ELEMENTDATA = class java.lang.Object[0]
      elementData = class java.lang.Object[10]
      size = 4
      MAX_ARRAY_SIZE = 2147483639
      modCount = 4
      MAX_ARRAY_SIZE = 2147483639
    javaAllCodeBasePermissions = class java.util.ArrayList@74118eea
      serialVersionUID = 8683452581122892189
      DEFAULT_CAPACITY = 10
      EMPTY_ELEMENTDATA = class java.lang.Object[0]
      DEFAULTCAPACITY_EMPTY_ELEMENTDATA = class java.lang.Object[0]
      elementData = class java.lang.Object[22]
      size = 21
      MAX_ARRAY_SIZE = 2147483639
      modCount = 21
      MAX_ARRAY_SIZE = 2147483639
    expandProps = true
    grantedPermissions = class java.util.ArrayList@267bedf4
      serialVersionUID = 8683452581122892189
      DEFAULT_CAPACITY = 10
      EMPTY_ELEMENTDATA = class java.lang.Object[0]
      DEFAULTCAPACITY_EMPTY_ELEMENTDATA = class java.lang.Object[0]
      elementData = class java.lang.Object[10]
      size = 1
      MAX_ARRAY_SIZE = 2147483639
      modCount = 1
      MAX_ARRAY_SIZE = 2147483639
    KEY_PERMISSION = "permission"
    INCORRECT_PERMISSION_CONFIGURATION = "INCORRECT_PERMISSION_CONFIGURATION"
    PERMISSION_CLASSNOTFOUND = "PERMISSION_CLASSNOTFOUND"
    SERVER_XML = "server.xml"
    CLIENT_XML = "client.xml"
    JAVA_POLICY = "java.policy"
    os_name = "Windows 10"
    os_version = "10.0"
    originationFile = "server.xml"
    permissions = class com.ibm.wsspi.kernel.service.utils.ConcurrentServiceReferenceSet@593edc45
      referenceName = "permission"
      contextRef = class java.util.concurrent.atomic.AtomicReference@50aa671d
      elementMap = class java.util.LinkedHashMap@78df961a
      elementSet = class java.util.concurrent.ConcurrentSkipListSet@6f12aadc
      elementSetUnsorted = false
      serialVersionUID = 756240983881166148
      $$$tc$$$ = class com.ibm.websphere.ras.TraceComponent@5ae3042b
    codeBasePermissionMap = class java.util.HashMap@762cfd48
      serialVersionUID = 362498820763181265
      DEFAULT_INITIAL_CAPACITY = 16
      MAXIMUM_CAPACITY = 1073741824
      DEFAULT_LOAD_FACTOR = 0.75
      TREEIFY_THRESHOLD = 8
      UNTREEIFY_THRESHOLD = 6
      MIN_TREEIFY_CAPACITY = 64
      table = class java.util.HashMap$Node[16]
      entrySet = null
      size = 1
      modCount = 1
      threshold = 12
      loadFactor = 0.75
      keySet = class java.util.HashMap$KeySet@41ca4179
      values = null
    permissionXMLPermissionMap = class java.util.HashMap@eb24bb9
      serialVersionUID = 362498820763181265
      DEFAULT_INITIAL_CAPACITY = 16
      MAXIMUM_CAPACITY = 1073741824
      DEFAULT_LOAD_FACTOR = 0.75
      TREEIFY_THRESHOLD = 8
      UNTREEIFY_THRESHOLD = 6
      MIN_TREEIFY_CAPACITY = 64
      table = null
      entrySet = null
      size = 0
      modCount = 0
      threshold = 0
      loadFactor = 0.75
      keySet = null
      values = null
    serialVersionUID = 8583289148510585888
  permissionsConfig = null
  serialVersionUID = 1131686356392279747
  appInfo = class com.ibm.ws.container.service.app.deploy.internal.ApplicationInfoImpl@78deb320
    appName = "documents"
    appMetaData = class com.ibm.ws.container.service.app.deploy.internal.ApplicationMetaDataImpl@49789d5
      j2eeName = class com.ibm.ws.container.service.metadata.internal.J2EENameImpl@16cbfa48
      serialVersionUID = -7906531148367236579
      $$$tc$$$ = class com.ibm.websphere.ras.TraceComponent@628ac220
      tc = class com.ibm.websphere.ras.TraceComponent@3bd29c95
      NUM_STATIC_SLOTS = 4
      ID_UNINITIALIZED = -1
      id = 6
      metaDataInterface = class java.lang.Class@ce814cd
      staticSlots = class java.lang.Object[4]
      dynamicSlots = null
    appContainer = class com.ibm.ws.adaptable.module.internal.AdaptableContainerImpl@291374bb
    configHelper = class com.ibm.ws.app.manager.module.ApplicationNestedConfigHelper@75a0bd81
      appInfo = class com.ibm.ws.app.manager.internal.ApplicationInstallInfo@28dfd627
      serialVersionUID = -3174031738676705046
      $$$tc$$$ = class com.ibm.websphere.ras.TraceComponent@4c132cf1
    applicationInformation = class com.ibm.ws.app.manager.internal.ApplicationInstallInfo@28dfd627
    serialVersionUID = 5227817860647895780
    $$$tc$$$ = class com.ibm.websphere.ras.TraceComponent@458b095
      strings[0] = "TraceComponent[com.ibm.ws.container.service.app.deploy.internal.ApplicationInfoImpl,class com.ibm.ws.container.service.app.deploy.internal.ApplicationInfoImpl,[container.service],com.ibm.ws.container.service.resources.Messages,null]"
  appInfoRegistration = null
  modulesDeployed = class java.util.ArrayList@2211f619
    serialVersionUID = 8683452581122892189
    DEFAULT_CAPACITY = 10
    EMPTY_ELEMENTDATA = class java.lang.Object[0]
    DEFAULTCAPACITY_EMPTY_ELEMENTDATA = class java.lang.Object[0]
    elementData = class java.lang.Object[10]
      Object[0] = class com.ibm.ws.app.manager.module.internal.DeployedModuleInfoImpl@73e7b34d
      Object[1] = null
      Object[2] = null
      Object[3] = null
      Object[4] = null
      Object[5] = null
      Object[6] = null
      Object[7] = null
      Object[8] = null
      Object[9] = null
    size = 1
    MAX_ARRAY_SIZE = 2147483639
    modCount = 1
    MAX_ARRAY_SIZE = 2147483639
  starting = true
  started = false
  deployedAppServices = class com.ibm.ws.app.manager.module.internal.DeployedAppServicesImpl@26cc1b82
    SERVER_APPS_DIR = "${server.output.dir}/apps/"
    EXPANDED_APPS_DIR = "${server.output.dir}/apps/expanded/"
    bundleContext = class org.eclipse.osgi.internal.framework.BundleContextImpl@ffaf36e
      valid = true
      bundle = class org.eclipse.osgi.internal.framework.EquinoxBundle@ac33d5
      container = class org.eclipse.osgi.internal.framework.EquinoxContainer@407951d
      debug = class org.eclipse.osgi.internal.debug.Debug@266d3d0
      servicesInUse = class java.util.HashMap@369aaff4
      activator = null
      contextLock = class java.lang.Object@3391edc5
    applicationInfoFactory = class com.ibm.ws.container.service.app.deploy.internal.ApplicationInfoFactoryImpl@4817b0a2
    futureMonitor = class com.ibm.ws.threading.internal.FutureMonitorImpl@488da31d
    classLoadingService = class com.ibm.ws.classloading.internal.ClassLoadingServiceImpl@49389138
    globalSharedLibrary = class com.ibm.ws.library.internal.SharedLibraryImpl@2fa73f02
    globalSharedLibraryPid = "com.ibm.ws.classloading.sharedlibrary_26"
    configAdmin = class com.ibm.ws.config.admin.internal.ConfigurationAdminImpl@539af869
    metaDataService = class com.ibm.ws.container.service.metadata.internal.MetaDataServiceImpl@7b873303
    stateChangeService = class com.ibm.ws.container.service.state.internal.StateChangeServiceImpl@40bdb72e
    allModuleTypes = class java.lang.String[4]
      String[0] = "ejb"
      String[1] = "web"
      String[2] = "client"
      String[3] = "connector"
    moduleMetaDataExtenders = class java.util.concurrent.ConcurrentHashMap@5ac648ad
      serialVersionUID = 7249069246763182397
      MAXIMUM_CAPACITY = 1073741824
      DEFAULT_CAPACITY = 16
      MAX_ARRAY_SIZE = 2147483639
      DEFAULT_CONCURRENCY_LEVEL = 16
      LOAD_FACTOR = 0.75
      TREEIFY_THRESHOLD = 8
      UNTREEIFY_THRESHOLD = 6
      MIN_TREEIFY_CAPACITY = 64
      MIN_TRANSFER_STRIDE = 16
      RESIZE_STAMP_BITS = 16
      MAX_RESIZERS = 65535
      RESIZE_STAMP_SHIFT = 16
      MOVED = -1
      TREEBIN = -2
      RESERVED = -3
      HASH_BITS = 2147483647
      NCPU = 8
      serialPersistentFields = class java.io.ObjectStreamField[3]
      table = class java.util.concurrent.ConcurrentHashMap$Node[16]
      nextTable = null
      baseCount = 4
      sizeCtl = 12
      transferIndex = 0
      cellsBusy = 0
      counterCells = null
      keySet = null
      values = null
      entrySet = null
      U = class sun.misc.Unsafe@6ca2c0db
      SIZECTL = 20
      TRANSFERINDEX = 32
      BASECOUNT = 24
      CELLSBUSY = 36
      CELLVALUE = 144
      ABASE = 16
      ASHIFT = 2
      keySet = null
      values = null
    nestedModuleMetaDataFactories = class java.util.concurrent.ConcurrentHashMap@63ff06bc
      serialVersionUID = 7249069246763182397
      MAXIMUM_CAPACITY = 1073741824
      DEFAULT_CAPACITY = 16
      MAX_ARRAY_SIZE = 2147483639
      DEFAULT_CONCURRENCY_LEVEL = 16
      LOAD_FACTOR = 0.75
      TREEIFY_THRESHOLD = 8
      UNTREEIFY_THRESHOLD = 6
      MIN_TREEIFY_CAPACITY = 64
      MIN_TRANSFER_STRIDE = 16
      RESIZE_STAMP_BITS = 16
      MAX_RESIZERS = 65535
      RESIZE_STAMP_SHIFT = 16
      MOVED = -1
      TREEBIN = -2
      RESERVED = -3
      HASH_BITS = 2147483647
      NCPU = 8
      serialPersistentFields = class java.io.ObjectStreamField[3]
      table = class java.util.concurrent.ConcurrentHashMap$Node[16]
      nextTable = null
      baseCount = 4
      sizeCtl = 12
      transferIndex = 0
      cellsBusy = 0
      counterCells = null
      keySet = null
      values = null
      entrySet = null
      U = class sun.misc.Unsafe@6ca2c0db
      SIZECTL = 20
      TRANSFERINDEX = 32
      BASECOUNT = 24
      CELLSBUSY = 36
      CELLVALUE = 144
      ABASE = 16
      ASHIFT = 2
      keySet = null
      values = null
    permissionManager = class com.ibm.ws.classloading.java2sec.PermissionManager@486f798a
    locAdmin = class com.ibm.ws.kernel.service.location.internal.WsLocationAdminImpl@62146065
    artifactFactory = class com.ibm.ws.artifact.internal.ArtifactContainerFactoryService@bb21988
    moduleFactory = class com.ibm.ws.adaptable.module.internal.AdaptableModuleFactoryImpl@5e16fc94
    serialVersionUID = 8537801607979767986
    $$$tc$$$ = class com.ibm.websphere.ras.TraceComponent@74c7b7f8
      strings[0] = "TraceComponent[com.ibm.ws.app.manager.module.internal.DeployedAppServicesImpl,class com.ibm.ws.app.manager.module.internal.DeployedAppServicesImpl,[applications, app.manager],null,null]"
  futureMonitor = class com.ibm.ws.threading.internal.FutureMonitorImpl@488da31d
    _monitor = class java.util.concurrent.ConcurrentLinkedQueue@7da7fdf1
      serialVersionUID = 196745693267521676
      head = class java.util.concurrent.ConcurrentLinkedQueue$Node@5240b1c6
      tail = class java.util.concurrent.ConcurrentLinkedQueue$Node@5240b1c6
      UNSAFE = class sun.misc.Unsafe@6ca2c0db
      headOffset = 12
      tailOffset = 16
      MAX_ARRAY_SIZE = 2147483639
    _executor = class com.ibm.ws.threading.internal.ScheduledExecutorImpl@5144740a
      threadGroupName = "Scheduled Executor Thread Group"
      executor = class com.ibm.ws.threading.internal.ExecutorServiceImpl@66c8123d
      serialVersionUID = -9110693807503469597
      $$$tc$$$ = class com.ibm.websphere.ras.TraceComponent@7d3e8f6f
      continueExistingPeriodicTasksAfterShutdown = false
      executeExistingDelayedTasksAfterShutdown = true
      removeOnCancel = false
      sequencer = class java.util.concurrent.atomic.AtomicLong@32606dc4
      ctl = class java.util.concurrent.atomic.AtomicInteger@2fe6f5a4
      COUNT_BITS = 29
      CAPACITY = 536870911
      RUNNING = -536870912
      SHUTDOWN = 0
      STOP = 536870912
      TIDYING = 1073741824
      TERMINATED = 1610612736
      workQueue = class java.util.concurrent.ScheduledThreadPoolExecutor$DelayedWorkQueue@2a4f40d8
      mainLock = class java.util.concurrent.locks.ReentrantLock@1f4c89b8
      workers = class java.util.HashSet@2e73c9d8
      termination = class java.util.concurrent.locks.AbstractQueuedSynchronizer$ConditionObject@36a05267
      largestPoolSize = 1
      completedTaskCount = 0
      threadFactory = class com.ibm.ws.threading.internal.ThreadFactoryImpl@66398deb
      handler = class java.util.concurrent.ThreadPoolExecutor$AbortPolicy@1d43c9dd
      keepAliveTime = 0
      allowCoreThreadTimeOut = false
      corePoolSize = 1
      maximumPoolSize = 2147483647
      defaultHandler = class java.util.concurrent.ThreadPoolExecutor$AbortPolicy@1d43c9dd
      shutdownPerm = class java.lang.RuntimePermission@2dcefea4
      acc = null
      ONLY_ONE = true
      $assertionsDisabled = true
    _threadRunning = class java.util.concurrent.atomic.AtomicBoolean@2a13bd9b
      serialVersionUID = 4654671469794556979
      unsafe = class sun.misc.Unsafe@6ca2c0db
      valueOffset = 12
      value = 0
    _thread = class com.ibm.ws.threading.internal.FutureMonitorImpl$1@4da34bca
      this$0 = class com.ibm.ws.threading.internal.FutureMonitorImpl@488da31d
      serialVersionUID = 2422512430832938099
      $$$tc$$$ = class com.ibm.websphere.ras.TraceComponent@27cf0bd
    serialVersionUID = 2765238413969174390
    $$$tc$$$ = class com.ibm.websphere.ras.TraceComponent@7cd72f7e
      strings[0] = "TraceComponent[com.ibm.ws.threading.internal.FutureMonitorImpl,class com.ibm.ws.threading.internal.FutureMonitorImpl,[Threading],com.ibm.ws.threading.internal.resources.ThreadingMessages,null]"
  appInfoFactory = class com.ibm.ws.container.service.app.deploy.internal.ApplicationInfoFactoryImpl@4817b0a2
    j2eeNameFactory = class com.ibm.wsspi.kernel.service.utils.AtomicServiceReference@6aac2bac
      referenceName = "j2eeNameFactory"
      tuple = class java.util.concurrent.atomic.AtomicReference@27a22923
      serialVersionUID = 2226592364007985000
      $$$tc$$$ = class com.ibm.websphere.ras.TraceComponent@6d75a3bc
    names = class java.util.HashSet@3959ed14
      serialVersionUID = -5024744406713321676
      map = class java.util.HashMap@7b2c523e
      PRESENT = class java.lang.Object@16247243
      MAX_ARRAY_SIZE = 2147483639
    serialVersionUID = 6232436640731165768
    $$$tc$$$ = class com.ibm.websphere.ras.TraceComponent@174791c1
      strings[0] = "TraceComponent[com.ibm.ws.container.service.app.deploy.internal.ApplicationInfoFactoryImpl,class com.ibm.ws.container.service.app.deploy.internal.ApplicationInfoFactoryImpl,[container.service],com.ibm.ws.container.service.resources.Messages,null]"
  metaDataService = class com.ibm.ws.container.service.metadata.internal.MetaDataServiceImpl@7b873303
    applicationMetaDataManager = class com.ibm.ws.container.service.metadata.internal.ApplicationMetaDataManager@7b2ff99a
      serialVersionUID = 1843747281024490904
      $$$tc$$$ = class com.ibm.websphere.ras.TraceComponent@46b3043b
      listeners = class com.ibm.wsspi.kernel.service.utils.ConcurrentServiceReferenceSet@527ee6c9
      metaDataIDs = class com.ibm.ws.container.service.metadata.internal.IndexList@37db6716
      metaDatas = class java.util.ArrayList@505b9c64
      slotIDs = class com.ibm.ws.container.service.metadata.internal.IndexList@7ea1bf0f
      serialVersionUID = 5464421863354792977
      $$$tc$$$ = class com.ibm.websphere.ras.TraceComponent@65ab4354
    moduleMetaDataManager = class com.ibm.ws.container.service.metadata.internal.ModuleMetaDataManager@6030c8ca
      serialVersionUID = 2513574389899327209
      $$$tc$$$ = class com.ibm.websphere.ras.TraceComponent@74d592fd
      listeners = class com.ibm.wsspi.kernel.service.utils.ConcurrentServiceReferenceSet@67f663b0
      metaDataIDs = class com.ibm.ws.container.service.metadata.internal.IndexList@3c216b23
      metaDatas = class java.util.ArrayList@68efa91b
      slotIDs = class com.ibm.ws.container.service.metadata.internal.IndexList@29a4e68f
      serialVersionUID = 5464421863354792977
      $$$tc$$$ = class com.ibm.websphere.ras.TraceComponent@65ab4354
    componentMetaDataManager = class com.ibm.ws.container.service.metadata.internal.ComponentMetaDataManager@12be871c
      serialVersionUID = 8629793739641703882
      $$$tc$$$ = class com.ibm.websphere.ras.TraceComponent@483f51de
      listeners = class com.ibm.wsspi.kernel.service.utils.ConcurrentServiceReferenceSet@2ca26fc6
      metaDataIDs = class com.ibm.ws.container.service.metadata.internal.IndexList@5fe6661d
      metaDatas = class java.util.ArrayList@1155db77
      slotIDs = class com.ibm.ws.container.service.metadata.internal.IndexList@b909180
      serialVersionUID = 5464421863354792977
      $$$tc$$$ = class com.ibm.websphere.ras.TraceComponent@65ab4354
    methodMetaDataManager = class com.ibm.ws.container.service.metadata.internal.MethodMetaDataManager@64f71764
      serialVersionUID = -8002489041502300640
      $$$tc$$$ = class com.ibm.websphere.ras.TraceComponent@2f6dc6c2
      listeners = class com.ibm.wsspi.kernel.service.utils.ConcurrentServiceReferenceSet@43f54056
      metaDataIDs = class com.ibm.ws.container.service.metadata.internal.IndexList@e9920c2
      metaDatas = class java.util.ArrayList@5158837d
      slotIDs = class com.ibm.ws.container.service.metadata.internal.IndexList@302c4324
      serialVersionUID = 5464421863354792977
      $$$tc$$$ = class com.ibm.websphere.ras.TraceComponent@65ab4354
    appModuleNameToModuleContainer = class java.util.concurrent.ConcurrentHashMap@6090d149
      serialVersionUID = 7249069246763182397
      MAXIMUM_CAPACITY = 1073741824
      DEFAULT_CAPACITY = 16
      MAX_ARRAY_SIZE = 2147483639
      DEFAULT_CONCURRENCY_LEVEL = 16
      LOAD_FACTOR = 0.75
      TREEIFY_THRESHOLD = 8
      UNTREEIFY_THRESHOLD = 6
      MIN_TREEIFY_CAPACITY = 64
      MIN_TRANSFER_STRIDE = 16
      RESIZE_STAMP_BITS = 16
      MAX_RESIZERS = 65535
      RESIZE_STAMP_SHIFT = 16
      MOVED = -1
      TREEBIN = -2
      RESERVED = -3
      HASH_BITS = 2147483647
      NCPU = 8
      serialPersistentFields = class java.io.ObjectStreamField[3]
      table = class java.util.concurrent.ConcurrentHashMap$Node[16]
      nextTable = null
      baseCount = 6
      sizeCtl = 12
      transferIndex = 0
      cellsBusy = 0
      counterCells = null
      keySet = null
      values = null
      entrySet = null
      U = class sun.misc.Unsafe@6ca2c0db
      SIZECTL = 20
      TRANSFERINDEX = 32
      BASECOUNT = 24
      CELLSBUSY = 36
      CELLVALUE = 144
      ABASE = 16
      ASHIFT = 2
      keySet = null
      values = null
    jeeNameToComponentMetaData = class java.util.concurrent.ConcurrentHashMap@6002309
      serialVersionUID = 7249069246763182397
      MAXIMUM_CAPACITY = 1073741824
      DEFAULT_CAPACITY = 16
      MAX_ARRAY_SIZE = 2147483639
      DEFAULT_CONCURRENCY_LEVEL = 16
      LOAD_FACTOR = 0.75
      TREEIFY_THRESHOLD = 8
      UNTREEIFY_THRESHOLD = 6
      MIN_TREEIFY_CAPACITY = 64
      MIN_TRANSFER_STRIDE = 16
      RESIZE_STAMP_BITS = 16
      MAX_RESIZERS = 65535
      RESIZE_STAMP_SHIFT = 16
      MOVED = -1
      TREEBIN = -2
      RESERVED = -3
      HASH_BITS = 2147483647
      NCPU = 8
      serialPersistentFields = class java.io.ObjectStreamField[3]
      table = class java.util.concurrent.ConcurrentHashMap$Node[32]
      nextTable = null
      baseCount = 13
      sizeCtl = 24
      transferIndex = 0
      cellsBusy = 0
      counterCells = null
      keySet = null
      values = null
      entrySet = null
      U = class sun.misc.Unsafe@6ca2c0db
      SIZECTL = 20
      TRANSFERINDEX = 32
      BASECOUNT = 24
      CELLSBUSY = 36
      CELLVALUE = 144
      ABASE = 16
      ASHIFT = 2
      keySet = null
      values = null
    deferredMetaDataFactories = class com.ibm.wsspi.kernel.service.utils.ConcurrentServiceReferenceSet@6060c2b2
      referenceName = "deferredMetaDataFactory"
      contextRef = class java.util.concurrent.atomic.AtomicReference@48ddf282
      elementMap = class java.util.LinkedHashMap@719d3483
      elementSet = class java.util.concurrent.ConcurrentSkipListSet@5dba787d
      elementSetUnsorted = false
      serialVersionUID = 756240983881166148
      $$$tc$$$ = class com.ibm.websphere.ras.TraceComponent@5ae3042b
    deferredMetaDataInitializers = class com.ibm.wsspi.kernel.service.utils.ConcurrentServiceReferenceMap@3cf0a5ed
      referenceName = "deferredMetaDataFactory"
      context = class org.apache.felix.scr.impl.manager.ComponentContextImpl@790f36d0
      elementMap = class java.util.concurrent.ConcurrentHashMap@795919ef
      serialVersionUID = 6980924785166233786
      $$$tc$$$ = class com.ibm.websphere.ras.TraceComponent@712b39f5
    serialVersionUID = -2494605732980966097
    $$$tc$$$ = class com.ibm.websphere.ras.TraceComponent@76baa02a
      strings[0] = "TraceComponent[com.ibm.ws.container.service.metadata.internal.MetaDataServiceImpl,class com.ibm.ws.container.service.metadata.internal.MetaDataServiceImpl,[Runtime],null,null]"
  stateChangeService = class com.ibm.ws.container.service.state.internal.StateChangeServiceImpl@40bdb72e
    applicationStateManager = class com.ibm.ws.container.service.state.internal.ApplicationStateManager@5a1948bc
      serialVersionUID = -6685368059484454124
      $$$tc$$$ = class com.ibm.websphere.ras.TraceComponent@71cc33f0
      listeners = class com.ibm.wsspi.kernel.service.utils.ConcurrentServiceReferenceSet@1055b628
      serialVersionUID = 2284273176985484160
      $$$tc$$$ = class com.ibm.websphere.ras.TraceComponent@52b6b473
    moduleStateManager = class com.ibm.ws.container.service.state.internal.ModuleStateManager@c48bd85
      serialVersionUID = -5540260902341249963
      $$$tc$$$ = class com.ibm.websphere.ras.TraceComponent@4848e23b
      listeners = class com.ibm.wsspi.kernel.service.utils.ConcurrentServiceReferenceSet@3b776b24
      serialVersionUID = 2284273176985484160
      $$$tc$$$ = class com.ibm.websphere.ras.TraceComponent@52b6b473
    serialVersionUID = -537917915330350560
    $$$tc$$$ = class com.ibm.websphere.ras.TraceComponent@5e441636
      strings[0] = "TraceComponent[com.ibm.ws.container.service.state.internal.StateChangeServiceImpl,class com.ibm.ws.container.service.state.internal.StateChangeServiceImpl,[Runtime],null,null]"
  moduleClassesInfo = class com.ibm.ws.app.manager.module.internal.SimpleDeployedAppInfoBase$ModuleClassesInfoProvider@568ba354
    entryContainerInfosMap = class java.util.HashMap@79c87be2
      serialVersionUID = 362498820763181265
      DEFAULT_INITIAL_CAPACITY = 16
      MAXIMUM_CAPACITY = 1073741824
      DEFAULT_LOAD_FACTOR = 0.75
      TREEIFY_THRESHOLD = 8
      UNTREEIFY_THRESHOLD = 6
      MIN_TREEIFY_CAPACITY = 64
      table = null
      entrySet = null
      size = 0
      modCount = 0
      threshold = 0
      loadFactor = 0.75
      keySet = null
      values = null
    serialVersionUID = -70332790531324534
    $$$tc$$$ = class com.ibm.websphere.ras.TraceComponent@2bef15b5
      strings[0] = "TraceComponent[com.ibm.ws.app.manager.module.internal.SimpleDeployedAppInfoBase$ModuleClassesInfoProvider,class com.ibm.ws.app.manager.module.internal.SimpleDeployedAppInfoBase$ModuleClassesInfoProvider,[applications, app.manager],null,null]"
  moduleContainerInfos = class java.util.ArrayList@105da20c
    serialVersionUID = 8683452581122892189
    DEFAULT_CAPACITY = 10
    EMPTY_ELEMENTDATA = class java.lang.Object[0]
    DEFAULTCAPACITY_EMPTY_ELEMENTDATA = class java.lang.Object[0]
    elementData = class java.lang.Object[10]
      Object[0] = class com.ibm.ws.app.manager.module.internal.SimpleDeployedAppInfoBase$WebModuleContainerInfo@1b0d9a33
      Object[1] = null
      Object[2] = null
      Object[3] = null
      Object[4] = null
      Object[5] = null
      Object[6] = null
      Object[7] = null
      Object[8] = null
      Object[9] = null
    size = 1
    MAX_ARRAY_SIZE = 2147483639
    modCount = 1
    MAX_ARRAY_SIZE = 2147483639
  activeModuleHandlers = class java.util.IdentityHashMap@653a9205
    DEFAULT_CAPACITY = 32
    MINIMUM_CAPACITY = 4
    MAXIMUM_CAPACITY = 536870912
    table = class java.lang.Object[16]
      Object[0] = null
      Object[1] = null
      Object[2] = null
      Object[3] = null
      Object[4] = null
      Object[5] = null
      Object[6] = null
      Object[7] = null
      Object[8] = null
      Object[9] = null
      Object[10] = null
      Object[11] = null
      Object[12] = null
      Object[13] = null
      Object[14] = null
      Object[15] = null
    size = 0
    modCount = 2
    NULL_KEY = class java.lang.Object@1d7599e3
    entrySet = null
    serialVersionUID = 8188218128353913216
    keySet = null
    values = null
  serialVersionUID = -2685719801501752993
  $$$tc$$$ = class com.ibm.websphere.ras.TraceComponent@2183de02
    strings[0] = "TraceComponent[com.ibm.ws.app.manager.module.internal.SimpleDeployedAppInfoBase,class com.ibm.ws.app.manager.module.internal.SimpleDeployedAppInfoBase,[applications, app.manager],null,null]"

Dump of objectArray[0]
Object type = com.ibm.ws.threading.internal.NonCancelableResultFuture
  _done = false
  _result = null
  _failure = null
  _listeners = class java.util.concurrent.ConcurrentLinkedQueue@120e6d0c
    serialVersionUID = 196745693267521676
    head = class java.util.concurrent.ConcurrentLinkedQueue$Node@4670e619
      item = null
      next = null
      UNSAFE = class sun.misc.Unsafe@6ca2c0db
      itemOffset = 12
      nextOffset = 16
    tail = class java.util.concurrent.ConcurrentLinkedQueue$Node@4670e619
    UNSAFE = class sun.misc.Unsafe@6ca2c0db
      theUnsafe = class sun.misc.Unsafe@6ca2c0db
      INVALID_FIELD_OFFSET = -1
      ARRAY_BOOLEAN_BASE_OFFSET = 16
      ARRAY_BYTE_BASE_OFFSET = 16
      ARRAY_SHORT_BASE_OFFSET = 16
      ARRAY_CHAR_BASE_OFFSET = 16
      ARRAY_INT_BASE_OFFSET = 16
      ARRAY_LONG_BASE_OFFSET = 16
      ARRAY_FLOAT_BASE_OFFSET = 16
      ARRAY_DOUBLE_BASE_OFFSET = 16
      ARRAY_OBJECT_BASE_OFFSET = 16
      ARRAY_BOOLEAN_INDEX_SCALE = 1
      ARRAY_BYTE_INDEX_SCALE = 1
      ARRAY_SHORT_INDEX_SCALE = 2
      ARRAY_CHAR_INDEX_SCALE = 2
      ARRAY_INT_INDEX_SCALE = 4
      ARRAY_LONG_INDEX_SCALE = 8
      ARRAY_FLOAT_INDEX_SCALE = 4
      ARRAY_DOUBLE_INDEX_SCALE = 8
      ARRAY_OBJECT_INDEX_SCALE = 4
      ADDRESS_SIZE = 8
    headOffset = 12
    tailOffset = 16
    MAX_ARRAY_SIZE = 2147483639
  _notifiedListeners = class java.util.concurrent.atomic.AtomicBoolean@6921b069
    serialVersionUID = 4654671469794556979
    unsafe = class sun.misc.Unsafe@6ca2c0db
    valueOffset = 12
    value = 0
  serialVersionUID = -296387658814354272
  $$$tc$$$ = class com.ibm.websphere.ras.TraceComponent@27532f8c
    strings[0] = "TraceComponent[com.ibm.ws.threading.internal.NonCancelableResultFuture,class com.ibm.ws.threading.internal.NonCancelableResultFuture,[Threading],com.ibm.ws.threading.internal.resources.ThreadingMessages,null]"

