------Start of DE processing------ = [28/12/21 19:20:13:139 EET]
Exception = com.ibm.ws.container.service.state.StateChangeException
Source = com.ibm.ws.app.manager.module.internal.SimpleDeployedAppInfoBase
probeid = 548
Stack Dump = com.ibm.ws.container.service.state.StateChangeException: org.jboss.weld.exceptions.DeploymentException: WELD-001408: Unsatisfied dependencies for type DocumentDaoImpl with qualifiers @Default
  at injection point [BackedAnnotatedField] @Inject com.example.documents.HelloController.documentDaoImpl
  at com.example.documents.HelloController.documentDaoImpl(HelloController.java:0)
WELD-001474: Class com.example.documents.dao.DocumentDaoImpl is on the classpath, but was ignored because a class it references was not found: javax.persistence.EntityManager.

	at com.ibm.ws.container.service.state.internal.ApplicationStateManager.fireStarting(ApplicationStateManager.java:55)
	at com.ibm.ws.container.service.state.internal.StateChangeServiceImpl.fireApplicationStarting(StateChangeServiceImpl.java:50)
	at com.ibm.ws.app.manager.module.internal.SimpleDeployedAppInfoBase.preDeployApp(SimpleDeployedAppInfoBase.java:547)
	at com.ibm.ws.app.manager.module.internal.SimpleDeployedAppInfoBase.installApp(SimpleDeployedAppInfoBase.java:508)
	at com.ibm.ws.app.manager.module.internal.DeployedAppInfoBase.deployApp(DeployedAppInfoBase.java:349)
	at com.ibm.ws.app.manager.war.internal.WARApplicationHandlerImpl.install(WARApplicationHandlerImpl.java:65)
	at com.ibm.ws.app.manager.internal.statemachine.StartAction.execute(StartAction.java:149)
	at com.ibm.ws.app.manager.internal.statemachine.ApplicationStateMachineImpl.enterState(ApplicationStateMachineImpl.java:1352)
	at com.ibm.ws.app.manager.internal.statemachine.ApplicationStateMachineImpl.run(ApplicationStateMachineImpl.java:897)
	at com.ibm.ws.threading.internal.ExecutorServiceImpl$RunnableWrapper.run(ExecutorServiceImpl.java:238)
	at java.util.concurrent.ThreadPoolExecutor.runWorker(ThreadPoolExecutor.java:1149)
	at java.util.concurrent.ThreadPoolExecutor$Worker.run(ThreadPoolExecutor.java:624)
	at java.lang.Thread.run(Thread.java:748)
Caused by: org.jboss.weld.exceptions.DeploymentException: WELD-001408: Unsatisfied dependencies for type DocumentDaoImpl with qualifiers @Default
  at injection point [BackedAnnotatedField] @Inject com.example.documents.HelloController.documentDaoImpl
  at com.example.documents.HelloController.documentDaoImpl(HelloController.java:0)
WELD-001474: Class com.example.documents.dao.DocumentDaoImpl is on the classpath, but was ignored because a class it references was not found: javax.persistence.EntityManager.

	at org.jboss.weld.bootstrap.Validator.validateInjectionPointForDeploymentProblems(Validator.java:378)
	at org.jboss.weld.bootstrap.Validator.validateInjectionPoint(Validator.java:290)
	at org.jboss.weld.bootstrap.Validator.validateGeneralBean(Validator.java:143)
	at org.jboss.weld.bootstrap.Validator.validateRIBean(Validator.java:164)
	at org.jboss.weld.bootstrap.Validator.validateBean(Validator.java:526)
	at org.jboss.weld.bootstrap.ConcurrentValidator$1.doWork(ConcurrentValidator.java:64)
	at org.jboss.weld.bootstrap.ConcurrentValidator$1.doWork(ConcurrentValidator.java:62)
	at org.jboss.weld.executor.IterativeWorkerTaskFactory$1.call(IterativeWorkerTaskFactory.java:62)
	at org.jboss.weld.executor.IterativeWorkerTaskFactory$1.call(IterativeWorkerTaskFactory.java:55)
	at java.util.concurrent.FutureTask.run(FutureTask.java:266)
	... 3 more

Dump of callerThis
Object type = com.ibm.ws.app.manager.war.internal.WARDeployedAppInfo
  CONTEXT_ROOT = "context-root"
  webContainerModuleInfo = class com.ibm.ws.app.manager.module.internal.SimpleDeployedAppInfoBase$WebModuleContainerInfo@388b301c
    contextRoot = "/"
    defaultContextRoot = "documents"
    serialVersionUID = 4617657913043497664
    $$$tc$$$ = class com.ibm.websphere.ras.TraceComponent@61496515
      strings[0] = "TraceComponent[com.ibm.ws.app.manager.module.internal.SimpleDeployedAppInfoBase$WebModuleContainerInfo,class com.ibm.ws.app.manager.module.internal.SimpleDeployedAppInfoBase$WebModuleContainerInfo,[applications, app.manager],null,null]"
    moduleHandler = class com.ibm.ws.app.manager.web.internal.WebModuleHandlerImpl@5e9443f8
      serialVersionUID = 4795602325763828210
      $$$tc$$$ = class com.ibm.websphere.ras.TraceComponent@46f6b1f9
      futureMonitor = class com.ibm.ws.threading.internal.FutureMonitorImpl@58244e86
      metaDataService = class com.ibm.ws.container.service.metadata.internal.MetaDataServiceImpl@1b006bfe
      stateChangeService = class com.ibm.ws.container.service.state.internal.StateChangeServiceImpl@71532288
      moduleRuntimeContainer = class com.ibm.ws.webcontainer.osgi.WebContainer@a3a2b42
      firstFailure = null
      serialVersionUID = -4563697739413190872
      $$$tc$$$ = class com.ibm.websphere.ras.TraceComponent@5961acdd
    moduleMetaDataExtenders = class java.util.Collections$UnmodifiableRandomAccessList@58b74cd6
      serialVersionUID = -2542308836966382001
      serialVersionUID = -283967356065247728
      list = class java.util.concurrent.CopyOnWriteArrayList@35183dad
      serialVersionUID = 1820017752578914078
      c = class java.util.concurrent.CopyOnWriteArrayList@35183dad
    nestedModuleMetaDataFactories = class java.util.Collections$UnmodifiableRandomAccessList@24f3d70e
      serialVersionUID = -2542308836966382001
      serialVersionUID = -283967356065247728
      list = class java.util.concurrent.CopyOnWriteArrayList@5bb0912d
      serialVersionUID = 1820017752578914078
      c = class java.util.concurrent.CopyOnWriteArrayList@5bb0912d
    nestedModules = null
    moduleName = "documents"
    moduleDD = null
    moduleInfo = class com.ibm.ws.app.manager.module.internal.WebModuleInfoImpl@5243225b
      contextRoot = "/"
      isDefaultContextRootUsed = false
      defaultContextRoot = "documents"
      serialVersionUID = -6699247856069243844
      $$$tc$$$ = class com.ibm.websphere.ras.TraceComponent@61324a90
      tc = class com.ibm.websphere.ras.TraceComponent@2cdb3b27
      appInfo = class com.ibm.ws.container.service.app.deploy.internal.ApplicationInfoImpl@653b03e2
      moduleName = "documents"
      path = "documents.war"
      moduleContainer = class com.ibm.ws.adaptable.module.internal.AdaptableContainerImpl@2fe6f3c0
      altDDEntry = null
      moduleClassesContainers = class java.util.ArrayList@171924fd
      classLoaderFactory = class com.ibm.ws.app.manager.war.internal.WARDeployedAppInfo@206ffb16
      containerInfoType = class com.ibm.ws.container.service.app.deploy.ContainerInfo$Type@672faab5
      classLoader = class com.ibm.ws.classloading.internal.AppClassLoader@1da0b15f
      moduleMetaData = class com.ibm.ws.webcontainer.osgi.metadata.WebModuleMetaDataImpl@62337e57
      nestedModuleMetaDataTypes = null
      nestedModuleMetaDataValues = null
      serialVersionUID = 3986734351620206554
    serialVersionUID = 5122721995888983779
    $$$tc$$$ = class com.ibm.websphere.ras.TraceComponent@280d3f65
      strings[0] = "TraceComponent[com.ibm.ws.app.manager.module.internal.SimpleDeployedAppInfoBase$ModuleContainerInfoBase,class com.ibm.ws.app.manager.module.internal.SimpleDeployedAppInfoBase$ModuleContainerInfoBase,[applications, app.manager],null,null]"
    type = class com.ibm.ws.container.service.app.deploy.ContainerInfo$Type@672faab5
      MANIFEST_CLASSPATH = class com.ibm.ws.container.service.app.deploy.ContainerInfo$Type@6a5e9bf3
      WEB_INF_CLASSES = class com.ibm.ws.container.service.app.deploy.ContainerInfo$Type@34fd8e05
      WEB_INF_LIB = class com.ibm.ws.container.service.app.deploy.ContainerInfo$Type@51f52db1
      EAR_LIB = class com.ibm.ws.container.service.app.deploy.ContainerInfo$Type@5f9362a1
      WEB_MODULE = class com.ibm.ws.container.service.app.deploy.ContainerInfo$Type@672faab5
      EJB_MODULE = class com.ibm.ws.container.service.app.deploy.ContainerInfo$Type@410ceba3
      CLIENT_MODULE = class com.ibm.ws.container.service.app.deploy.ContainerInfo$Type@1959c821
      RAR_MODULE = class com.ibm.ws.container.service.app.deploy.ContainerInfo$Type@6139e61e
      JAR_MODULE = class com.ibm.ws.container.service.app.deploy.ContainerInfo$Type@257b06f2
      SHARED_LIB = class com.ibm.ws.container.service.app.deploy.ContainerInfo$Type@30cb00d
      $VALUES = class com.ibm.ws.container.service.app.deploy.ContainerInfo$Type[10]
      name = "WEB_MODULE"
      ordinal = 4
    name = "documents.war"
    container = class com.ibm.ws.adaptable.module.internal.AdaptableContainerImpl@2fe6f3c0
      root = class com.ibm.ws.adaptable.module.internal.AdaptableContainerImpl@2fe6f3c0
      rootOverlay = class com.ibm.ws.artifact.overlay.internal.DirectoryBasedOverlayContainerImpl@7e2fac21
      factoryHolder = class com.ibm.ws.adaptable.module.internal.AdaptableModuleFactoryImpl@5b78b7fb
      delegate = class com.ibm.ws.artifact.overlay.internal.DirectoryBasedOverlayContainerImpl@7e2fac21
      notifier = class com.ibm.ws.adaptable.module.internal.NotifierImpl@3aed6b04
      serialVersionUID = -5950528200509051684
      $$$tc$$$ = class com.ibm.websphere.ras.TraceComponent@9137e74
    moduleClassLoaderFactory = class com.ibm.ws.app.manager.war.internal.WARDeployedAppInfo@206ffb16
    altDDEntry = null
    classesContainerInfo = class java.util.ArrayList@171924fd
      serialVersionUID = 8683452581122892189
      DEFAULT_CAPACITY = 10
      EMPTY_ELEMENTDATA = class java.lang.Object[0]
      DEFAULTCAPACITY_EMPTY_ELEMENTDATA = class java.lang.Object[0]
      elementData = class java.lang.Object[33]
      size = 23
      MAX_ARRAY_SIZE = 2147483639
      modCount = 24
      MAX_ARRAY_SIZE = 2147483639
    serialVersionUID = 4636874131959542427
    $$$tc$$$ = class com.ibm.websphere.ras.TraceComponent@4a65a11e
      strings[0] = "TraceComponent[com.ibm.ws.app.manager.module.internal.SimpleDeployedAppInfoBase$ExtendedContainerInfo,class com.ibm.ws.app.manager.module.internal.SimpleDeployedAppInfoBase$ExtendedContainerInfo,[applications, app.manager],null,null]"
  DYNAMIC_IMPORT_PACKAGE_LIST = class java.util.Collections$UnmodifiableRandomAccessList@3ef0db14
    serialVersionUID = -2542308836966382001
    serialVersionUID = -283967356065247728
    list = class java.util.Arrays$ArrayList@423156ba
      serialVersionUID = -2764017481108945198
      a = class java.lang.String[1]
      modCount = 0
      MAX_ARRAY_SIZE = 2147483639
    serialVersionUID = 1820017752578914078
    c = class java.util.Arrays$ArrayList@423156ba
  serialVersionUID = 6176035338244935179
  $$$tc$$$ = class com.ibm.websphere.ras.TraceComponent@4194eb8c
    strings[0] = "TraceComponent[com.ibm.ws.app.manager.war.internal.WARDeployedAppInfo,class com.ibm.ws.app.manager.war.internal.WARDeployedAppInfo,[webcontainer, applications, app.manager],com.ibm.ws.app.manager.war.internal.resources.Messages,null]"
  _tc = class com.ibm.websphere.ras.TraceComponent@69b4eb4d
    strings[0] = "TraceComponent[com.ibm.ws.app.manager.module.internal.DeployedAppInfoBase,class com.ibm.ws.app.manager.module.internal.DeployedAppInfoBase,[app.manager],com.ibm.ws.app.manager.module.internal.resources.Messages,null]"
  PERMISSION_XML = "permissions.xml"
  applicationInformation = class com.ibm.ws.app.manager.internal.ApplicationInstallInfo@2c29bbb3
    _config = class com.ibm.ws.app.manager.internal.ApplicationConfig@18f92603
      tc = class com.ibm.websphere.ras.TraceComponent@64b83c2a
      _configPid = "com.ibm.ws.app.manager_19"
      _config = class com.ibm.ws.config.admin.ConfigurationDictionary@43a02082
      _applicationManager = class com.ibm.ws.app.manager.ApplicationManager@1cc8c4ab
      _location = "documents.war"
      _type = "war"
      _name = "documents"
      _notificationBroadcasterSupport = class javax.management.NotificationBroadcasterSupport@4f15fa4b
      ONE_TIME_JANDEX_MSGS_DISPLAYED = true
      serialVersionUID = -2151423388299667431
    _handlerInfo = class java.util.concurrent.atomic.AtomicReference@6fb741c4
      serialVersionUID = -1848883965231344442
      unsafe = class sun.misc.Unsafe@4ba7cbf2
      valueOffset = 12
      value = class com.ibm.ws.app.manager.war.internal.WARDeployedAppInfo@206ffb16
    _container = class java.util.concurrent.atomic.AtomicReference@71eef4a6
      serialVersionUID = -1848883965231344442
      unsafe = class sun.misc.Unsafe@4ba7cbf2
      valueOffset = 12
      value = class com.ibm.ws.adaptable.module.internal.AdaptableContainerImpl@2fe6f3c0
    _resolvedLocation = class java.util.concurrent.atomic.AtomicReference@200a04d4
      serialVersionUID = -1848883965231344442
      unsafe = class sun.misc.Unsafe@4ba7cbf2
      valueOffset = 12
      value = class com.ibm.ws.kernel.service.location.internal.LocalFileResource@397bbcf5
    _handler = class com.ibm.ws.app.manager.war.internal.WARApplicationHandlerImpl@7112f7e8
      futureMonitor = class com.ibm.ws.threading.internal.FutureMonitorImpl@58244e86
      deployedAppFactory = class com.ibm.ws.app.manager.war.internal.WARDeployedAppInfoFactoryImpl@7b1d2724
      serialVersionUID = 4622845147410944782
      $$$tc$$$ = class com.ibm.websphere.ras.TraceComponent@200565e
    _ami = class java.util.concurrent.atomic.AtomicReference@24fe316f
      serialVersionUID = -1848883965231344442
      unsafe = class sun.misc.Unsafe@4ba7cbf2
      valueOffset = 12
      value = class com.ibm.wsspi.application.handler.DefaultApplicationMonitoringInformation@54109776
    _updateHandler = class com.ibm.ws.app.manager.internal.statemachine.ApplicationStateMachineImpl@22b3aa92
      _tc = class com.ibm.websphere.ras.TraceComponent@5380bf2f
      EMPTY_FUTURE_ARRAY = interface java.util.concurrent.Future[0]
      asmSequenceNumber = class java.util.concurrent.atomic.AtomicLong@52ef36b4
      _qscaCounter = class java.util.concurrent.atomic.AtomicInteger@342436b6
      _failedThrowable = null
      _interruptibleLock = class com.ibm.ws.app.manager.internal.statemachine.ApplicationStateMachineImpl$2@61041c14
      _interruptible = false
      _performingQueuedActions = true
      _queuedActions = class java.util.concurrent.ConcurrentLinkedQueue@5edcdd9c
      _callbackState = class java.util.concurrent.atomic.AtomicReference@752d0a65
      blockAppStartingFutures = class java.util.Collections$SetFromMap@602913f0
      waitingForAppHandlerFuture = class java.util.concurrent.atomic.AtomicReference@210c575d
      waitingForExplicitStartFuture = class java.util.concurrent.atomic.AtomicReference@19045edd
      startAfterFutures = class java.util.Collections$SetFromMap@46701ba
      completionListener = class java.util.concurrent.atomic.AtomicReference@2c792455
      _notifyAppStopped = class java.util.concurrent.ConcurrentLinkedQueue@6f8c3838
      _notifyAppStarting = class java.util.concurrent.ConcurrentLinkedQueue@544561a2
      _notifyAppInstallCalled = class java.util.concurrent.ConcurrentLinkedQueue@6813c041
      _notifyAppStarted = class java.util.concurrent.ConcurrentLinkedQueue@d2d0a9a
      _notifyAppRemoved = class java.util.concurrent.ConcurrentLinkedQueue@3eeaeff
      _stateLock = class com.ibm.ws.app.manager.internal.statemachine.ApplicationStateMachineImpl$3@7c599751
      _internalState = class java.util.concurrent.atomic.AtomicReference@a3e5153
      _currentAction = class java.util.concurrent.atomic.AtomicReference@6fa2e354
      _rfa = class java.util.concurrent.atomic.AtomicReference@194d2109
      _appInstallInfo = class java.util.concurrent.atomic.AtomicReference@299ede6e
      _update = class java.util.concurrent.atomic.AtomicBoolean@5152a6c7
      _appConfig = class java.util.concurrent.atomic.AtomicReference@299257fa
      _nextAppConfig = class java.util.concurrent.atomic.AtomicReference@59a77ea8
      _appContainer = class java.util.concurrent.atomic.AtomicReference@615b65c
      _resolvedLocation = class java.util.concurrent.atomic.AtomicReference@42b55cc7
      _handler = class java.util.concurrent.atomic.AtomicReference@7923feec
      _asmSeqNo = 0
      _ctx = class org.eclipse.osgi.internal.framework.BundleContextImpl@5bd9f734
      _locAdmin = class com.ibm.ws.kernel.service.location.internal.WsLocationAdminImpl@309f6f36
      _futureMonitor = class com.ibm.ws.threading.internal.FutureMonitorImpl@58244e86
      _artifactFactory = class com.ibm.ws.artifact.internal.ArtifactContainerFactoryService@3e160ff0
      _moduleFactory = class com.ibm.ws.adaptable.module.internal.AdaptableModuleFactoryImpl@5b78b7fb
      _executorService = class com.ibm.ws.threading.internal.ExecutorServiceImpl@39681c11
      _scheduledExecutorService = class com.ibm.ws.threading.internal.ScheduledExecutorImpl@72c532d5
      _asmHelper = class com.ibm.ws.app.manager.internal.ApplicationConfigurator$NamedApplication@76ce643d
      _appMonitor = class com.ibm.ws.app.manager.internal.monitor.ApplicationMonitor@8ef0275
      enterStateCalled = class java.util.concurrent.atomic.AtomicBoolean@688f517
      serialVersionUID = 7990273947104993494
      serialVersionUID = 300267208965883056
      $$$tc$$$ = class com.ibm.websphere.ras.TraceComponent@76fb3c73
    serialVersionUID = 2630639237123415755
    $$$tc$$$ = class com.ibm.websphere.ras.TraceComponent@4dc82296
      strings[0] = "TraceComponent[com.ibm.ws.app.manager.internal.ApplicationInstallInfo,class com.ibm.ws.app.manager.internal.ApplicationInstallInfo,[applications, app.manager],com.ibm.ws.app.manager.internal.resources.AppManagerMessages,null]"
  location = "E:\facultate\master\java\java\tehnologii_java\documents\documents\target\liberty\wlp\usr\servers\documents\apps\documents.war.xml"
  classLoadingService = class com.ibm.ws.classloading.internal.ClassLoadingServiceImpl@74a59510
    tc = class com.ibm.websphere.ras.TraceComponent@498c04ef
      strings[0] = "TraceComponent[com.ibm.ws.classloading.internal.ClassLoadingServiceImpl,class com.ibm.ws.classloading.internal.ClassLoadingServiceImpl,[ClassLoadingService],com.ibm.ws.classloading.internal.resources.ClassLoadingServiceMessages,null]"
    leakDetectionMap = class java.util.HashMap@efd8536
      serialVersionUID = 362498820763181265
      DEFAULT_INITIAL_CAPACITY = 16
      MAXIMUM_CAPACITY = 1073741824
      DEFAULT_LOAD_FACTOR = 0.75
      TREEIFY_THRESHOLD = 8
      UNTREEIFY_THRESHOLD = 6
      MIN_TREEIFY_CAPACITY = 64
      table = null
      entrySet = null
      size = 0
      modCount = 0
      threshold = 0
      loadFactor = 0.75
      keySet = null
      values = null
    appClassLoaders = class java.util.Collections$SetFromMap@323d33cb
      m = class java.util.WeakHashMap@7a2c404a
      s = class java.util.WeakHashMap$KeySet@5a963bde
      serialVersionUID = 2454657854757543876
      MAX_ARRAY_SIZE = 2147483639
    TCCL_LOCK_WAIT = 15000
    REFERENCE_GENERATORS = "generators"
    bundleContext = class org.eclipse.osgi.internal.framework.BundleContextImpl@7b55fad4
    aclStore = class com.ibm.ws.classloading.internal.util.CanonicalStore@2dba7f48
      map = class java.util.concurrent.ConcurrentHashMap@30562e37
      q = class com.ibm.ws.classloading.internal.util.RefQueue@29ee96b1
      serialVersionUID = 6715157558227169968
      $$$tc$$$ = class com.ibm.websphere.ras.TraceComponent@48e1316e
    tcclStore = class com.ibm.ws.classloading.internal.util.CanonicalStore@29cc004c
      map = class java.util.concurrent.ConcurrentHashMap@51668751
      q = class com.ibm.ws.classloading.internal.util.RefQueue@4d91b225
      serialVersionUID = 6715157558227169968
      $$$tc$$$ = class com.ibm.websphere.ras.TraceComponent@48e1316e
    tcclStoreLock = class java.util.concurrent.locks.ReentrantLock@4bfaf476
      serialVersionUID = 7373984872572414699
      sync = class java.util.concurrent.locks.ReentrantLock$NonfairSync@62d260ba
    digraph = class org.eclipse.equinox.internal.region.StandardRegionDigraph@108235a9
      EMPTY_EDGE_SET = class java.util.Collections$UnmodifiableSet@2cef733e
      monitor = class java.lang.Object@7307e0de
      regions = class java.util.HashMap@321ee287
      bundleIdToRegionMapping = class org.eclipse.equinox.internal.region.StandardBundleIdToRegionMapping@1600b3c7
      edges = class java.util.HashMap@41a154ba
      bundleContext = class org.eclipse.osgi.internal.framework.BundleContextImpl@751d3241
      threadLocal = class java.lang.ThreadLocal@d6c4d40
      subgraphTraverser = class org.eclipse.equinox.internal.region.SubgraphTraverser@48a38cb0
      bundleCollisionHook = class org.eclipse.equinox.internal.region.hook.RegionBundleCollisionHook@5bae90e8
      bundleEventHook = class org.eclipse.equinox.internal.region.hook.RegionBundleEventHook@10e10ba3
      bundleFindHook = class org.eclipse.equinox.internal.region.hook.RegionBundleFindHook@7f0852b2
      serviceEventHook = class org.eclipse.equinox.internal.region.hook.RegionServiceEventHook@2b9a97ef
      serviceFindHook = class org.eclipse.equinox.internal.region.hook.RegionServiceFindHook@41c6ba4
      resolverHookFactory = class org.eclipse.equinox.internal.region.hook.RegionResolverHookFactory@1c38d497
      origin = null
      originUpdateCount = -1
      updateCount = class java.util.concurrent.atomic.AtomicLong@21988860
      defaultRegion = null
    redefiner = class com.ibm.ws.classloading.internal.util.ClassRedefiner@6ebc58ce
      tc = class com.ibm.websphere.ras.TraceComponent@14185f47
      LS = "
"
      inst = class com.sun.proxy.$Proxy0@4e75518d
      serialVersionUID = 2420101865139508526
    listener = class com.ibm.ws.classloading.internal.ClassLoadingServiceImpl$1@27bbeb35
      this$0 = class com.ibm.ws.classloading.internal.ClassLoadingServiceImpl@74a59510
      serialVersionUID = -9159707349812113172
      $$$tc$$$ = class com.ibm.websphere.ras.TraceComponent@2a48445c
    classloaders = class java.util.Collections$SynchronizedMap@3b7ef2f0
      serialVersionUID = 1978198479659022715
      m = class java.util.HashMap@25d87871
      mutex = class java.util.Collections$SynchronizedMap@3b7ef2f0
      keySet = null
      entrySet = null
      values = null
    resourceProviders = class com.ibm.ws.classloading.internal.CompositeResourceProvider@3ad0b74b
      lockFactory = class java.util.concurrent.locks.ReentrantReadWriteLock@7ae47d0d
      providerMap = class com.ibm.ws.classloading.internal.util.MultiMap@7d5a835
      serialVersionUID = -5576435894946156347
      $$$tc$$$ = class com.ibm.websphere.ras.TraceComponent@78a358b6
    rememberedBundles = class java.util.concurrent.ConcurrentHashMap@36a6e2f7
      serialVersionUID = 7249069246763182397
      MAXIMUM_CAPACITY = 1073741824
      DEFAULT_CAPACITY = 16
      MAX_ARRAY_SIZE = 2147483639
      DEFAULT_CONCURRENCY_LEVEL = 16
      LOAD_FACTOR = 0.75
      TREEIFY_THRESHOLD = 8
      UNTREEIFY_THRESHOLD = 6
      MIN_TREEIFY_CAPACITY = 64
      MIN_TRANSFER_STRIDE = 16
      RESIZE_STAMP_BITS = 16
      MAX_RESIZERS = 65535
      RESIZE_STAMP_SHIFT = 16
      MOVED = -1
      TREEBIN = -2
      RESERVED = -3
      HASH_BITS = 2147483647
      NCPU = 8
      serialPersistentFields = class java.io.ObjectStreamField[3]
      table = class java.util.concurrent.ConcurrentHashMap$Node[16]
      nextTable = null
      baseCount = 1
      sizeCtl = 12
      transferIndex = 0
      cellsBusy = 0
      counterCells = null
      keySet = null
      values = null
      entrySet = null
      U = class sun.misc.Unsafe@4ba7cbf2
      SIZECTL = 20
      TRANSFERINDEX = 32
      BASECOUNT = 24
      CELLSBUSY = 36
      CELLVALUE = 144
      ABASE = 16
      ASHIFT = 2
      keySet = null
      values = null
    collectedBundles = class java.lang.ref.ReferenceQueue@4ebc4555
      NULL = class java.lang.ref.ReferenceQueue$Null@711d1783
      ENQUEUED = class java.lang.ref.ReferenceQueue$Null@7c05f294
      lock = class java.lang.ref.ReferenceQueue$Lock@7cab862f
      head = null
      queueLength = 0
      $assertionsDisabled = true
    generatorRefs = class com.ibm.wsspi.kernel.service.utils.ConcurrentServiceReferenceSet@219c700
      referenceName = "generators"
      contextRef = class java.util.concurrent.atomic.AtomicReference@7c11e492
      elementMap = class java.util.LinkedHashMap@71523171
      elementSet = class java.util.concurrent.ConcurrentSkipListSet@2f2300ba
      elementSetUnsorted = false
      serialVersionUID = 756240983881166148
      $$$tc$$$ = class com.ibm.websphere.ras.TraceComponent@51e8ea25
    generatorManager = class com.ibm.ws.classloading.internal.ClassGeneratorManager@3dcc52e7
      tc = class com.ibm.websphere.ras.TraceComponent@24501807
      generatorRefs = class com.ibm.wsspi.kernel.service.utils.ConcurrentServiceReferenceSet@219c700
      serialVersionUID = 4152663586056483310
    appExtLibs = class java.util.concurrent.CopyOnWriteArrayList@3c7cbef3
      serialVersionUID = 8673264195747942595
      lock = class java.util.concurrent.locks.ReentrantLock@3f463d73
      array = class java.lang.Object[0]
      UNSAFE = class sun.misc.Unsafe@4ba7cbf2
      lockOffset = 12
    globalConfig = class com.ibm.ws.classloading.configuration.GlobalClassloadingConfiguration@10c6c2c4
      properties = class org.apache.felix.scr.impl.helper.ReadOnlyDictionary@27ba40ab
      serialVersionUID = 452562347104713756
      $$$tc$$$ = class com.ibm.websphere.ras.TraceComponent@6645602a
    metaInfServicesProviders = class java.util.concurrent.ConcurrentHashMap@5cab261b
      serialVersionUID = 7249069246763182397
      MAXIMUM_CAPACITY = 1073741824
      DEFAULT_CAPACITY = 16
      MAX_ARRAY_SIZE = 2147483639
      DEFAULT_CONCURRENCY_LEVEL = 16
      LOAD_FACTOR = 0.75
      TREEIFY_THRESHOLD = 8
      UNTREEIFY_THRESHOLD = 6
      MIN_TREEIFY_CAPACITY = 64
      MIN_TRANSFER_STRIDE = 16
      RESIZE_STAMP_BITS = 16
      MAX_RESIZERS = 65535
      RESIZE_STAMP_SHIFT = 16
      MOVED = -1
      TREEBIN = -2
      RESERVED = -3
      HASH_BITS = 2147483647
      NCPU = 8
      serialPersistentFields = class java.io.ObjectStreamField[3]
      table = null
      nextTable = null
      baseCount = 0
      sizeCtl = 0
      transferIndex = 0
      cellsBusy = 0
      counterCells = null
      keySet = null
      values = null
      entrySet = null
      U = class sun.misc.Unsafe@4ba7cbf2
      SIZECTL = 20
      TRANSFERINDEX = 32
      BASECOUNT = 24
      CELLSBUSY = 36
      CELLVALUE = 144
      ABASE = 16
      ASHIFT = 2
      keySet = null
      values = null
    metaInfServicesRefs = class com.ibm.wsspi.kernel.service.utils.ConcurrentServiceReferenceMap@3af1c03
      referenceName = "MetaInfServicesProvider"
      context = class org.apache.felix.scr.impl.manager.ComponentContextImpl@329f1463
      elementMap = class java.util.concurrent.ConcurrentHashMap@8b44ace
      serialVersionUID = 6980924785166233786
      $$$tc$$$ = class com.ibm.websphere.ras.TraceComponent@14db5f80
    protectionDomainMap = class java.util.HashMap@5afdb1a3
      serialVersionUID = 362498820763181265
      DEFAULT_INITIAL_CAPACITY = 16
      MAXIMUM_CAPACITY = 1073741824
      DEFAULT_LOAD_FACTOR = 0.75
      TREEIFY_THRESHOLD = 8
      UNTREEIFY_THRESHOLD = 6
      MIN_TREEIFY_CAPACITY = 64
      table = class java.util.HashMap$Node[16]
      entrySet = null
      size = 1
      modCount = 1
      threshold = 12
      loadFactor = 0.75
      keySet = null
      values = null
    metadataIdentifierService = class com.ibm.ws.container.service.metadata.internal.MetaDataServiceImpl@1b006bfe
    globalSharedLibrary = class java.util.concurrent.atomic.AtomicReference@7c0b98da
      serialVersionUID = -1848883965231344442
      unsafe = class sun.misc.Unsafe@4ba7cbf2
      valueOffset = 12
      value = null
    serialVersionUID = 4365026902615131286
  globalSharedLibrary = class com.ibm.ws.library.internal.SharedLibraryImpl@7f3b76dc
    tc = class com.ibm.websphere.ras.TraceComponent@40189119
      strings[0] = "TraceComponent[com.ibm.ws.library.internal.SharedLibraryImpl,class com.ibm.ws.library.internal.SharedLibraryImpl,[SharedLibrary],com.ibm.ws.classloading.internal.resources.ClassLoadingServiceMessages,null]"
    EMPTY_LIBRARY_LISTENERS = interface com.ibm.wsspi.library.LibraryChangeListener[0]
    deleted = false
    libraryListenersTracker = class org.osgi.util.tracker.ServiceTracker@2449361e
      DEBUG = false
      context = class org.eclipse.osgi.internal.framework.BundleContextImpl@7b55fad4
      filter = class org.eclipse.osgi.internal.framework.FilterImpl$And@23b385c1
      customizer = class org.osgi.util.tracker.ServiceTracker@2449361e
      listenerFilter = "(&(objectClass=com.ibm.wsspi.library.LibraryChangeListener)(|(library=global)(libraryRef=*com.ibm.ws.classloading.sharedlibrary_15*)))"
      trackClass = null
      trackReference = null
      tracked = class org.osgi.util.tracker.ServiceTracker$Tracked@55c83d9b
      cachedReference = null
      cachedService = null
    libraryReg = class org.eclipse.osgi.internal.serviceregistry.ServiceRegistrationImpl@15a6068d
      registry = class org.eclipse.osgi.internal.serviceregistry.ServiceRegistry@6aacf472
      context = class org.eclipse.osgi.internal.framework.BundleContextImpl@7b55fad4
      bundle = class org.eclipse.osgi.internal.framework.EquinoxBundle@5a4b554b
      clazzes = class java.lang.String[1]
      service = class com.ibm.ws.library.internal.SharedLibraryImpl@7f3b76dc
      reference = class org.eclipse.osgi.internal.serviceregistry.ServiceReferenceImpl@1957a92b
      contextsUsing = class java.util.ArrayList@353d514c
      properties = class java.util.Collections$UnmodifiableMap@38bf2cfd
      serviceid = 357
      serviceranking = 3
      registrationLock = class java.lang.Object@8559dee
      state = 0
      REGISTERED = 0
      UNREGISTERING = 1
      UNREGISTERED = 2
      FRAMEWORK_SET_SERVICE_PROPERTIES_COUNT = 4
      $assertionsDisabled = true
    ctx = class org.eclipse.osgi.internal.framework.BundleContextImpl@7b55fad4
      valid = true
      bundle = class org.eclipse.osgi.internal.framework.EquinoxBundle@5a4b554b
      container = class org.eclipse.osgi.internal.framework.EquinoxContainer@156bc284
      debug = class org.eclipse.osgi.internal.debug.Debug@5a0de688
      servicesInUse = class java.util.HashMap@5f8319c8
      activator = null
      contextLock = class java.lang.Object@472ba5fc
    classLoadingService = class com.ibm.ws.classloading.internal.ClassLoadingServiceImpl@74a59510
    configAdmin = class com.ibm.ws.config.admin.internal.ConfigurationAdminImpl@5faa8070
      tc = class com.ibm.websphere.ras.TraceComponent@7d22145a
      bundle = class org.eclipse.osgi.internal.framework.EquinoxBundle@5a4b554b
      caFactory = class com.ibm.ws.config.admin.internal.ConfigAdminServiceFactory@62072ca8
      serialVersionUID = -2875522750804142523
    resolvedBasePath = "E:/facultate/master/java/java/tehnologii_java/documents/documents/target/liberty/wlp/usr/servers/documents/"
    generationLock = class com.ibm.ws.library.internal.SharedLibraryImpl$1@668bdc3f
      this$0 = class com.ibm.ws.library.internal.SharedLibraryImpl@7f3b76dc
      serialVersionUID = 2483639803450672373
      $$$tc$$$ = class com.ibm.websphere.ras.TraceComponent@7c643bf1
    currentGeneration = class com.ibm.ws.library.internal.LibraryGeneration@2e47c2d2
      tc = class com.ibm.websphere.ras.TraceComponent@21253135
      nextInt = class java.util.concurrent.atomic.AtomicInteger@7b35ea42
      libraryId = "global"
      genId = 3
      libraryProps = class java.util.Hashtable@1dc80ea5
      filesetRefs = class java.util.Collections$UnmodifiableRandomAccessList@13eb15ca
      apiTypeVisibility = class java.util.RegularEnumSet@50e2871
      files = class java.util.Collections$EmptyList@66e35e95
      folders = class java.util.ArrayList@51bdb568
      fileAndFolderContainers = class java.util.Collections$EmptyList@66e35e95
      filesets = class java.util.concurrent.ArrayBlockingQueue@cdd34dc
      filesetListenerRegs = class java.util.concurrent.ConcurrentLinkedQueue@47d335c8
      cancelled = false
      library = class com.ibm.ws.library.internal.SharedLibraryImpl@7f3b76dc
      serialVersionUID = 6965220007121905717
    nextGeneration = class com.ibm.ws.library.internal.LibraryGeneration@2e47c2d2
    artifactContainerFactory = class com.ibm.ws.library.internal.SharedLibraryFactory$1@4353e8c2
      this$0 = class com.ibm.ws.library.internal.SharedLibraryFactory@a139c0a
      serialVersionUID = 7730244564205089330
      $$$tc$$$ = class com.ibm.websphere.ras.TraceComponent@c3aea0e
    packageExporter = class com.ibm.ws.library.internal.LibraryPackageExporter@487149d8
      EXPORTER_POSTFIX = "_library_exporter"
      REGION_EXPORT_TO_LIBERTY = "liberty.library.export.to.liberty"
      REGION_EXPORT_TO_OSGI_APPS = "liberty.library.export.to.osgi.app"
      REGION_KERNEL = "org.eclipse.equinox.region.kernel"
      counter = class java.util.concurrent.atomic.AtomicLong@5d9cf1b7
      context = class org.eclipse.osgi.internal.framework.BundleContextImpl@7b55fad4
      digraph = class org.eclipse.equinox.internal.region.StandardRegionDigraph@108235a9
      bundleToLibrary = class java.util.concurrent.ConcurrentHashMap@43dd9932
      libraryToVisibility = class java.util.concurrent.ConcurrentHashMap@56023c0e
      serialVersionUID = 8074378969667956573
      $$$tc$$$ = class com.ibm.websphere.ras.TraceComponent@573c6929
    serialVersionUID = 6288237618632180389
  sharedLibDeploymentInfo = class com.ibm.ws.app.manager.module.internal.DeployedAppInfoBase$SharedLibDeploymentInfo@1305e3c5
    locAdmin = class com.ibm.ws.kernel.service.location.internal.WsLocationAdminImpl@309f6f36
      tc = class com.ibm.websphere.ras.TraceComponent@528d2bde
      LOC_INTERNAL_LIB_DIR = "wlp.lib.dir"
      LOC_INTERNAL_WORKAREA_DIR = "wlp.workarea.dir"
      LOC_AREA_NAME_APPS = "shared/apps/"
      LOC_AREA_NAME_CONFIG = "shared/config/"
      LOC_AREA_NAME_RESC = "shared/resources/"
      LOC_AREA_NAME_STATE = "logs/state/"
      LOC_AREA_NAME_SERVERS = "servers/"
      LOC_AREA_NAME_CLIENTS = "clients/"
      LOC_AREA_NAME_WORKING = "workarea/"
      LOC_AREA_NAME_EXTENSION = "extension/"
      instance = class com.ibm.ws.kernel.service.location.internal.WsLocationAdminImpl@309f6f36
      installRoot = class com.ibm.ws.kernel.service.location.internal.SymbolicRootResource@eb4256
      installParentRoot = class com.ibm.ws.kernel.service.location.internal.SymbolicRootResource@11e5e8e2
      userRoot = class com.ibm.ws.kernel.service.location.internal.SymbolicRootResource@26cae5d0
      usrExtensionRoot = class com.ibm.ws.kernel.service.location.internal.SymbolicRootResource@3d5155a6
      serverConfigDir = class com.ibm.ws.kernel.service.location.internal.SymbolicRootResource@677249a8
      serverOutputDir = class com.ibm.ws.kernel.service.location.internal.SymbolicRootResource@677249a8
      bootstrapLib = class com.ibm.ws.kernel.service.location.internal.LocalFileResource@59ee1f5c
      serverWorkarea = class com.ibm.ws.kernel.service.location.internal.LocalFileResource@28fb95d4
      serverState = class com.ibm.ws.kernel.service.location.internal.LocalFileResource@1f301908
      sharedAppsRoot = class com.ibm.ws.kernel.service.location.internal.SymbolicRootResource@6afa3c4f
      sharedConfigRoot = class com.ibm.ws.kernel.service.location.internal.SymbolicRootResource@43c7dab3
      sharedResourceRoot = class com.ibm.ws.kernel.service.location.internal.SymbolicRootResource@37e6b22a
      tmpRoot = class com.ibm.ws.kernel.service.location.internal.SymbolicRootResource@28011587
      serverName = "documents"
      resourcePaths = class java.util.ArrayList@13a24c8c
      resourceGroups = class java.util.HashMap@6ecd0e09
      commonRoot = class com.ibm.ws.kernel.service.location.internal.VirtualRootResource@6cb88618
      serialVersionUID = -5748835026800463299
    artifactFactory = class com.ibm.ws.artifact.internal.ArtifactContainerFactoryService@3e160ff0
      CATEGORY_PROP_NAME = "category"
      ENTRY_KEY = "com.ibm.wsspi.artifact.ArtifactEntry"
      helperMap = class com.ibm.wsspi.kernel.service.utils.ConcurrentServiceReferenceSetMap@78c1869e
      contributorMap = class com.ibm.wsspi.kernel.service.utils.ConcurrentServiceReferenceSetMap@4306686e
      helperCategoryMap = class com.ibm.wsspi.kernel.service.utils.ConcurrentServiceReferenceSetMap@6a58fa78
      contributorCategoryMap = class com.ibm.wsspi.kernel.service.utils.ConcurrentServiceReferenceSetMap@44d76120
      categories = class java.util.Collections$SynchronizedSet@30d6ea52
      baseProperties = class org.apache.felix.scr.impl.helper.ReadOnlyDictionary@40e3a13e
      registration = class com.ibm.ws.kernel.service.util.ServiceRegistrationModifier@6dc50860
      serialVersionUID = 6566424214406946230
      $$$tc$$$ = class com.ibm.websphere.ras.TraceComponent@785ff72d
    moduleFactory = class com.ibm.ws.adaptable.module.internal.AdaptableModuleFactoryImpl@5b78b7fb
      adapterFactoryService = class com.ibm.ws.adaptable.module.internal.AdapterFactoryServiceImpl@7ff9f943
      containerFactory = class com.ibm.ws.artifact.internal.ArtifactContainerFactoryService@3e160ff0
      overlayContainerFactory = class com.ibm.ws.artifact.overlay.internal.OverlayContainerFactoryImpl@24713ff3
      serialVersionUID = 4200251809856292987
      $$$tc$$$ = class com.ibm.websphere.ras.TraceComponent@85f59f0
    classesContainerInfo = class java.util.ArrayList@2a777e5
      serialVersionUID = 8683452581122892189
      DEFAULT_CAPACITY = 10
      EMPTY_ELEMENTDATA = class java.lang.Object[0]
      DEFAULTCAPACITY_EMPTY_ELEMENTDATA = class java.lang.Object[0]
      elementData = class java.lang.Object[0]
      size = 0
      MAX_ARRAY_SIZE = 2147483639
      modCount = 0
      MAX_ARRAY_SIZE = 2147483639
    serialVersionUID = 5154735746662585226
    $$$tc$$$ = class com.ibm.websphere.ras.TraceComponent@2a234cce
      strings[0] = "TraceComponent[com.ibm.ws.app.manager.module.internal.DeployedAppInfoBase$SharedLibDeploymentInfo,class com.ibm.ws.app.manager.module.internal.DeployedAppInfoBase$SharedLibDeploymentInfo,[applications, app.manager],null,null]"
  configAdmin = class com.ibm.ws.config.admin.internal.ConfigurationAdminImpl@2b15b2ca
    tc = class com.ibm.websphere.ras.TraceComponent@7d22145a
      strings[0] = "TraceComponent[com.ibm.ws.config.admin.internal.ConfigurationAdminImpl,class com.ibm.ws.config.admin.internal.ConfigurationAdminImpl,[config],com.ibm.ws.config.internal.resources.ConfigMessages,null]"
    bundle = class org.eclipse.osgi.internal.framework.EquinoxBundle@155eb75c
      equinoxContainer = class org.eclipse.osgi.internal.framework.EquinoxContainer@156bc284
      module = class org.eclipse.osgi.internal.framework.EquinoxBundle$EquinoxModule@9f38785
      monitor = class java.lang.Object@7cb92108
      context = class org.eclipse.osgi.internal.framework.BundleContextImpl@2a520573
      signerInfos = null
      $SWITCH_TABLE$org$eclipse$osgi$container$Module$State = {1,2,3,4,5,6,7} /* array length = 7 */
    caFactory = class com.ibm.ws.config.admin.internal.ConfigAdminServiceFactory@62072ca8
      tc = class com.ibm.websphere.ras.TraceComponent@815f571
      configurationPermission = class org.osgi.service.cm.ConfigurationPermission@602afc50
      INDEX_DICTIONARY = 0
      INDEX_LOCATION = 1
      INDEX_METATYPE_PROCESSED = 2
      INDEX_IN_OVERRIDES_FILE = 3
      INDEX_REFERENCES = 4
      INDEX_UNIQUES = 5
      bundleContext = class org.eclipse.osgi.internal.framework.BundleContextImpl@58ad45ff
      msTracker = class com.ibm.ws.config.admin.internal.ManagedServiceTracker@2adcc03a
      msfTracker = class com.ibm.ws.config.admin.internal.ManagedServiceFactoryTracker@940d95
      pluginManager = class com.ibm.ws.config.admin.internal.PluginManager@5df17b2a
      configurationStore = class com.ibm.ws.config.admin.internal.ConfigurationStore@6a0ec4b8
      updateQueue = class com.ibm.ws.config.admin.internal.UpdateQueue@269f04d3
      ced = class com.ibm.ws.config.admin.internal.ConfigEventDispatcher@6c75d30
      idMap = class java.util.Collections$SynchronizedMap@50394ee9
      referenceMap = class java.util.Collections$SynchronizedMap@4c0e6b52
      variableRegistryTracker = class org.osgi.util.tracker.ServiceTracker@1269479c
      variableRegistry = class com.ibm.ws.kernel.service.location.internal.VariableRegistryHelper@2efba63c
      configurationAdminRef = class org.eclipse.osgi.internal.serviceregistry.ServiceRegistrationImpl@53741300
      serialVersionUID = 6695202270027014725
    serialVersionUID = -2875522750804142523
  libraryConfigHelper = class com.ibm.ws.classloading.ClassLoaderConfigHelper@73c0afad
    tc = class com.ibm.websphere.ras.TraceComponent@7f4778c1
      strings[0] = "TraceComponent[com.ibm.ws.classloading.ClassLoaderConfigHelper,class com.ibm.ws.classloading.ClassLoaderConfigHelper,[ClassLoadingService],com.ibm.ws.classloading.internal.resources.ClassLoadingServiceMessages,null]"
    DEFAULT_API_TYPES = class java.util.RegularEnumSet@16eb7fca
      serialVersionUID = 3411599620347842686
      elements = 23
      elementType = class java.lang.Class@4f2bfbc3
      universe = class com.ibm.wsspi.classloading.ApiType[5]
      ZERO_LENGTH_ENUM_ARRAY = class java.lang.Enum[0]
      MAX_ARRAY_SIZE = 2147483639
    sharedLibraries = class java.util.Collections$EmptyList@66e35e95
      serialVersionUID = 8842843931221139166
      modCount = 0
      MAX_ARRAY_SIZE = 2147483639
    commonLibraries = class java.util.Collections$EmptyList@66e35e95
    classProviders = class java.util.Collections$EmptyList@66e35e95
    sharedLibrariesPids = null
    commonLibrariesPids = null
    isDelegateLast = false
    apiTypes = class java.util.RegularEnumSet@53860bc
      serialVersionUID = 3411599620347842686
      elements = 31
      elementType = class java.lang.Class@4f2bfbc3
      universe = class com.ibm.wsspi.classloading.ApiType[5]
      ZERO_LENGTH_ENUM_ARRAY = class java.lang.Enum[0]
      MAX_ARRAY_SIZE = 2147483639
    classLoaderConfigProps = class com.ibm.ws.config.admin.ConfigurationDictionary@49bf30bb
      serialVersionUID = 7966152868712543805
      simpleTypes = class java.util.Arrays$ArrayList@5898da31
      primitiveArrayTypes = class java.util.Arrays$ArrayList@49cc8c22
      simpleArrayTypes = class java.util.Arrays$ArrayList@3781f6df
      extendedTypes = class java.util.Arrays$ArrayList@bb3458c
      CASE_INSENSITIVE = class com.ibm.ws.config.admin.ConfigurationDictionary$CaseInsensitive@15645f99
      properties = class java.util.Collections$SynchronizedMap@66238392
    serialVersionUID = 7643888529935916418
  isDelegateLast = false
  permissionManager = class com.ibm.ws.classloading.java2sec.PermissionManager@5769aa9f
    tc = class com.ibm.websphere.ras.TraceComponent@58cf3a9b
      strings[0] = "TraceComponent[com.ibm.ws.classloading.java2sec.PermissionManager,class com.ibm.ws.classloading.java2sec.PermissionManager,[Java2SecurityUtil],com.ibm.ws.classloading.internal.resources.Java2SecurityUtilMessages,null]"
    bundleContext = class org.eclipse.osgi.internal.framework.BundleContextImpl@7b55fad4
    classLoadingService = class com.ibm.ws.classloading.internal.ClassLoadingServiceImpl@74a59510
    DEFAULT_SERVER_RESTRICTABLE_PERMISSIONS = class java.security.Permission[4]
      Permission[0] = class java.lang.RuntimePermission@5e424653
      Permission[1] = class java.lang.RuntimePermission@39645774
      Permission[2] = class java.security.SecurityPermission@6322b0a3
      Permission[3] = class javax.security.auth.AuthPermission@61cef2f
    DEFAULT_CLIENT_RESTRICTABLE_PERMISSIONS = class java.security.Permission[3]
      Permission[0] = class java.lang.RuntimePermission@461aa38c
      Permission[1] = class java.security.SecurityPermission@2ca994e0
      Permission[2] = class javax.security.auth.AuthPermission@412dbd70
    isServer = true
    wsjarUrlStreamHandlerAvailable = true
    restrictablePermissions = class java.util.ArrayList@35e67fd5
      serialVersionUID = 8683452581122892189
      DEFAULT_CAPACITY = 10
      EMPTY_ELEMENTDATA = class java.lang.Object[0]
      DEFAULTCAPACITY_EMPTY_ELEMENTDATA = class java.lang.Object[0]
      elementData = class java.lang.Object[10]
      size = 4
      MAX_ARRAY_SIZE = 2147483639
      modCount = 4
      MAX_ARRAY_SIZE = 2147483639
    javaAllCodeBasePermissions = class java.util.ArrayList@158becfb
      serialVersionUID = 8683452581122892189
      DEFAULT_CAPACITY = 10
      EMPTY_ELEMENTDATA = class java.lang.Object[0]
      DEFAULTCAPACITY_EMPTY_ELEMENTDATA = class java.lang.Object[0]
      elementData = class java.lang.Object[22]
      size = 21
      MAX_ARRAY_SIZE = 2147483639
      modCount = 21
      MAX_ARRAY_SIZE = 2147483639
    expandProps = true
    grantedPermissions = class java.util.ArrayList@435d7ce6
      serialVersionUID = 8683452581122892189
      DEFAULT_CAPACITY = 10
      EMPTY_ELEMENTDATA = class java.lang.Object[0]
      DEFAULTCAPACITY_EMPTY_ELEMENTDATA = class java.lang.Object[0]
      elementData = class java.lang.Object[10]
      size = 1
      MAX_ARRAY_SIZE = 2147483639
      modCount = 1
      MAX_ARRAY_SIZE = 2147483639
    KEY_PERMISSION = "permission"
    INCORRECT_PERMISSION_CONFIGURATION = "INCORRECT_PERMISSION_CONFIGURATION"
    PERMISSION_CLASSNOTFOUND = "PERMISSION_CLASSNOTFOUND"
    SERVER_XML = "server.xml"
    CLIENT_XML = "client.xml"
    JAVA_POLICY = "java.policy"
    os_name = "Windows 10"
    os_version = "10.0"
    originationFile = "server.xml"
    permissions = class com.ibm.wsspi.kernel.service.utils.ConcurrentServiceReferenceSet@4cc78fe8
      referenceName = "permission"
      contextRef = class java.util.concurrent.atomic.AtomicReference@27356581
      elementMap = class java.util.LinkedHashMap@463183df
      elementSet = class java.util.concurrent.ConcurrentSkipListSet@e52e921
      elementSetUnsorted = false
      serialVersionUID = 756240983881166148
      $$$tc$$$ = class com.ibm.websphere.ras.TraceComponent@51e8ea25
    codeBasePermissionMap = class java.util.HashMap@4a595972
      serialVersionUID = 362498820763181265
      DEFAULT_INITIAL_CAPACITY = 16
      MAXIMUM_CAPACITY = 1073741824
      DEFAULT_LOAD_FACTOR = 0.75
      TREEIFY_THRESHOLD = 8
      UNTREEIFY_THRESHOLD = 6
      MIN_TREEIFY_CAPACITY = 64
      table = class java.util.HashMap$Node[16]
      entrySet = null
      size = 1
      modCount = 1
      threshold = 12
      loadFactor = 0.75
      keySet = class java.util.HashMap$KeySet@51e470b6
      values = null
    permissionXMLPermissionMap = class java.util.HashMap@ff88f6
      serialVersionUID = 362498820763181265
      DEFAULT_INITIAL_CAPACITY = 16
      MAXIMUM_CAPACITY = 1073741824
      DEFAULT_LOAD_FACTOR = 0.75
      TREEIFY_THRESHOLD = 8
      UNTREEIFY_THRESHOLD = 6
      MIN_TREEIFY_CAPACITY = 64
      table = null
      entrySet = null
      size = 0
      modCount = 0
      threshold = 0
      loadFactor = 0.75
      keySet = null
      values = null
    serialVersionUID = 8583289148510585888
  permissionsConfig = null
  serialVersionUID = 1131686356392279747
  appInfo = class com.ibm.ws.container.service.app.deploy.internal.ApplicationInfoImpl@653b03e2
    appName = "documents"
    appMetaData = class com.ibm.ws.container.service.app.deploy.internal.ApplicationMetaDataImpl@59872425
      j2eeName = class com.ibm.ws.container.service.metadata.internal.J2EENameImpl@18574c26
      serialVersionUID = -7906531148367236579
      $$$tc$$$ = class com.ibm.websphere.ras.TraceComponent@202b453
      tc = class com.ibm.websphere.ras.TraceComponent@f396aea
      NUM_STATIC_SLOTS = 4
      ID_UNINITIALIZED = -1
      id = 6
      metaDataInterface = class java.lang.Class@7103a950
      staticSlots = class java.lang.Object[4]
      dynamicSlots = null
    appContainer = class com.ibm.ws.adaptable.module.internal.AdaptableContainerImpl@2fe6f3c0
    configHelper = class com.ibm.ws.app.manager.module.ApplicationNestedConfigHelper@db5dffb
      appInfo = class com.ibm.ws.app.manager.internal.ApplicationInstallInfo@2c29bbb3
      serialVersionUID = -3174031738676705046
      $$$tc$$$ = class com.ibm.websphere.ras.TraceComponent@658b42ef
    applicationInformation = class com.ibm.ws.app.manager.internal.ApplicationInstallInfo@2c29bbb3
    serialVersionUID = 5227817860647895780
    $$$tc$$$ = class com.ibm.websphere.ras.TraceComponent@7bcaa1ee
      strings[0] = "TraceComponent[com.ibm.ws.container.service.app.deploy.internal.ApplicationInfoImpl,class com.ibm.ws.container.service.app.deploy.internal.ApplicationInfoImpl,[container.service],com.ibm.ws.container.service.resources.Messages,null]"
  appInfoRegistration = null
  modulesDeployed = class java.util.ArrayList@6b4e607c
    serialVersionUID = 8683452581122892189
    DEFAULT_CAPACITY = 10
    EMPTY_ELEMENTDATA = class java.lang.Object[0]
    DEFAULTCAPACITY_EMPTY_ELEMENTDATA = class java.lang.Object[0]
    elementData = class java.lang.Object[10]
      Object[0] = class com.ibm.ws.app.manager.module.internal.DeployedModuleInfoImpl@fc03503
      Object[1] = null
      Object[2] = null
      Object[3] = null
      Object[4] = null
      Object[5] = null
      Object[6] = null
      Object[7] = null
      Object[8] = null
      Object[9] = null
    size = 1
    MAX_ARRAY_SIZE = 2147483639
    modCount = 1
    MAX_ARRAY_SIZE = 2147483639
  starting = true
  started = false
  deployedAppServices = class com.ibm.ws.app.manager.module.internal.DeployedAppServicesImpl@5d89dca1
    SERVER_APPS_DIR = "${server.output.dir}/apps/"
    EXPANDED_APPS_DIR = "${server.output.dir}/apps/expanded/"
    bundleContext = class org.eclipse.osgi.internal.framework.BundleContextImpl@2a520573
      valid = true
      bundle = class org.eclipse.osgi.internal.framework.EquinoxBundle@155eb75c
      container = class org.eclipse.osgi.internal.framework.EquinoxContainer@156bc284
      debug = class org.eclipse.osgi.internal.debug.Debug@5a0de688
      servicesInUse = class java.util.HashMap@569b02cf
      activator = null
      contextLock = class java.lang.Object@25dd49fa
    applicationInfoFactory = class com.ibm.ws.container.service.app.deploy.internal.ApplicationInfoFactoryImpl@6d4b1c3d
    futureMonitor = class com.ibm.ws.threading.internal.FutureMonitorImpl@58244e86
    classLoadingService = class com.ibm.ws.classloading.internal.ClassLoadingServiceImpl@74a59510
    globalSharedLibrary = class com.ibm.ws.library.internal.SharedLibraryImpl@7f3b76dc
    globalSharedLibraryPid = "com.ibm.ws.classloading.sharedlibrary_15"
    configAdmin = class com.ibm.ws.config.admin.internal.ConfigurationAdminImpl@2b15b2ca
    metaDataService = class com.ibm.ws.container.service.metadata.internal.MetaDataServiceImpl@1b006bfe
    stateChangeService = class com.ibm.ws.container.service.state.internal.StateChangeServiceImpl@71532288
    allModuleTypes = class java.lang.String[4]
      String[0] = "ejb"
      String[1] = "web"
      String[2] = "client"
      String[3] = "connector"
    moduleMetaDataExtenders = class java.util.concurrent.ConcurrentHashMap@60621359
      serialVersionUID = 7249069246763182397
      MAXIMUM_CAPACITY = 1073741824
      DEFAULT_CAPACITY = 16
      MAX_ARRAY_SIZE = 2147483639
      DEFAULT_CONCURRENCY_LEVEL = 16
      LOAD_FACTOR = 0.75
      TREEIFY_THRESHOLD = 8
      UNTREEIFY_THRESHOLD = 6
      MIN_TREEIFY_CAPACITY = 64
      MIN_TRANSFER_STRIDE = 16
      RESIZE_STAMP_BITS = 16
      MAX_RESIZERS = 65535
      RESIZE_STAMP_SHIFT = 16
      MOVED = -1
      TREEBIN = -2
      RESERVED = -3
      HASH_BITS = 2147483647
      NCPU = 8
      serialPersistentFields = class java.io.ObjectStreamField[3]
      table = class java.util.concurrent.ConcurrentHashMap$Node[16]
      nextTable = null
      baseCount = 4
      sizeCtl = 12
      transferIndex = 0
      cellsBusy = 0
      counterCells = null
      keySet = null
      values = null
      entrySet = null
      U = class sun.misc.Unsafe@4ba7cbf2
      SIZECTL = 20
      TRANSFERINDEX = 32
      BASECOUNT = 24
      CELLSBUSY = 36
      CELLVALUE = 144
      ABASE = 16
      ASHIFT = 2
      keySet = null
      values = null
    nestedModuleMetaDataFactories = class java.util.concurrent.ConcurrentHashMap@3cabe26f
      serialVersionUID = 7249069246763182397
      MAXIMUM_CAPACITY = 1073741824
      DEFAULT_CAPACITY = 16
      MAX_ARRAY_SIZE = 2147483639
      DEFAULT_CONCURRENCY_LEVEL = 16
      LOAD_FACTOR = 0.75
      TREEIFY_THRESHOLD = 8
      UNTREEIFY_THRESHOLD = 6
      MIN_TREEIFY_CAPACITY = 64
      MIN_TRANSFER_STRIDE = 16
      RESIZE_STAMP_BITS = 16
      MAX_RESIZERS = 65535
      RESIZE_STAMP_SHIFT = 16
      MOVED = -1
      TREEBIN = -2
      RESERVED = -3
      HASH_BITS = 2147483647
      NCPU = 8
      serialPersistentFields = class java.io.ObjectStreamField[3]
      table = class java.util.concurrent.ConcurrentHashMap$Node[16]
      nextTable = null
      baseCount = 4
      sizeCtl = 12
      transferIndex = 0
      cellsBusy = 0
      counterCells = null
      keySet = null
      values = null
      entrySet = null
      U = class sun.misc.Unsafe@4ba7cbf2
      SIZECTL = 20
      TRANSFERINDEX = 32
      BASECOUNT = 24
      CELLSBUSY = 36
      CELLVALUE = 144
      ABASE = 16
      ASHIFT = 2
      keySet = null
      values = null
    permissionManager = class com.ibm.ws.classloading.java2sec.PermissionManager@5769aa9f
    locAdmin = class com.ibm.ws.kernel.service.location.internal.WsLocationAdminImpl@309f6f36
    artifactFactory = class com.ibm.ws.artifact.internal.ArtifactContainerFactoryService@3e160ff0
    moduleFactory = class com.ibm.ws.adaptable.module.internal.AdaptableModuleFactoryImpl@5b78b7fb
    serialVersionUID = 8537801607979767986
    $$$tc$$$ = class com.ibm.websphere.ras.TraceComponent@1315df3e
      strings[0] = "TraceComponent[com.ibm.ws.app.manager.module.internal.DeployedAppServicesImpl,class com.ibm.ws.app.manager.module.internal.DeployedAppServicesImpl,[applications, app.manager],null,null]"
  futureMonitor = class com.ibm.ws.threading.internal.FutureMonitorImpl@58244e86
    _monitor = class java.util.concurrent.ConcurrentLinkedQueue@1b015898
      serialVersionUID = 196745693267521676
      head = class java.util.concurrent.ConcurrentLinkedQueue$Node@33ead0e3
      tail = class java.util.concurrent.ConcurrentLinkedQueue$Node@33ead0e3
      UNSAFE = class sun.misc.Unsafe@4ba7cbf2
      headOffset = 12
      tailOffset = 16
      MAX_ARRAY_SIZE = 2147483639
    _executor = class com.ibm.ws.threading.internal.ScheduledExecutorImpl@72c532d5
      threadGroupName = "Scheduled Executor Thread Group"
      executor = class com.ibm.ws.threading.internal.ExecutorServiceImpl@39681c11
      serialVersionUID = -9110693807503469597
      $$$tc$$$ = class com.ibm.websphere.ras.TraceComponent@2fab0149
      continueExistingPeriodicTasksAfterShutdown = false
      executeExistingDelayedTasksAfterShutdown = true
      removeOnCancel = false
      sequencer = class java.util.concurrent.atomic.AtomicLong@2e159833
      ctl = class java.util.concurrent.atomic.AtomicInteger@53b4c9ca
      COUNT_BITS = 29
      CAPACITY = 536870911
      RUNNING = -536870912
      SHUTDOWN = 0
      STOP = 536870912
      TIDYING = 1073741824
      TERMINATED = 1610612736
      workQueue = class java.util.concurrent.ScheduledThreadPoolExecutor$DelayedWorkQueue@e1b7307
      mainLock = class java.util.concurrent.locks.ReentrantLock@23651cfb
      workers = class java.util.HashSet@2133dca4
      termination = class java.util.concurrent.locks.AbstractQueuedSynchronizer$ConditionObject@54bcbbd1
      largestPoolSize = 1
      completedTaskCount = 0
      threadFactory = class com.ibm.ws.threading.internal.ThreadFactoryImpl@a633f18
      handler = class java.util.concurrent.ThreadPoolExecutor$AbortPolicy@350a040c
      keepAliveTime = 0
      allowCoreThreadTimeOut = false
      corePoolSize = 1
      maximumPoolSize = 2147483647
      defaultHandler = class java.util.concurrent.ThreadPoolExecutor$AbortPolicy@350a040c
      shutdownPerm = class java.lang.RuntimePermission@4d9534f
      acc = null
      ONLY_ONE = true
      $assertionsDisabled = true
    _threadRunning = class java.util.concurrent.atomic.AtomicBoolean@41b7f094
      serialVersionUID = 4654671469794556979
      unsafe = class sun.misc.Unsafe@4ba7cbf2
      valueOffset = 12
      value = 0
    _thread = class com.ibm.ws.threading.internal.FutureMonitorImpl$1@2fd26b88
      this$0 = class com.ibm.ws.threading.internal.FutureMonitorImpl@58244e86
      serialVersionUID = 2422512430832938099
      $$$tc$$$ = class com.ibm.websphere.ras.TraceComponent@1bedb95
    serialVersionUID = 2765238413969174390
    $$$tc$$$ = class com.ibm.websphere.ras.TraceComponent@3abab3e2
      strings[0] = "TraceComponent[com.ibm.ws.threading.internal.FutureMonitorImpl,class com.ibm.ws.threading.internal.FutureMonitorImpl,[Threading],com.ibm.ws.threading.internal.resources.ThreadingMessages,null]"
  appInfoFactory = class com.ibm.ws.container.service.app.deploy.internal.ApplicationInfoFactoryImpl@6d4b1c3d
    j2eeNameFactory = class com.ibm.wsspi.kernel.service.utils.AtomicServiceReference@28ed7e43
      referenceName = "j2eeNameFactory"
      tuple = class java.util.concurrent.atomic.AtomicReference@278f56e3
      serialVersionUID = 2226592364007985000
      $$$tc$$$ = class com.ibm.websphere.ras.TraceComponent@51b51338
    names = class java.util.HashSet@58a51c79
      serialVersionUID = -5024744406713321676
      map = class java.util.HashMap@d81a5ee
      PRESENT = class java.lang.Object@4d72e803
      MAX_ARRAY_SIZE = 2147483639
    serialVersionUID = 6232436640731165768
    $$$tc$$$ = class com.ibm.websphere.ras.TraceComponent@d301569
      strings[0] = "TraceComponent[com.ibm.ws.container.service.app.deploy.internal.ApplicationInfoFactoryImpl,class com.ibm.ws.container.service.app.deploy.internal.ApplicationInfoFactoryImpl,[container.service],com.ibm.ws.container.service.resources.Messages,null]"
  metaDataService = class com.ibm.ws.container.service.metadata.internal.MetaDataServiceImpl@1b006bfe
    applicationMetaDataManager = class com.ibm.ws.container.service.metadata.internal.ApplicationMetaDataManager@4f5be928
      serialVersionUID = 1843747281024490904
      $$$tc$$$ = class com.ibm.websphere.ras.TraceComponent@2290cacb
      listeners = class com.ibm.wsspi.kernel.service.utils.ConcurrentServiceReferenceSet@3a74e8bb
      metaDataIDs = class com.ibm.ws.container.service.metadata.internal.IndexList@614fb48c
      metaDatas = class java.util.ArrayList@28574afd
      slotIDs = class com.ibm.ws.container.service.metadata.internal.IndexList@4cca9f43
      serialVersionUID = 5464421863354792977
      $$$tc$$$ = class com.ibm.websphere.ras.TraceComponent@240c9d9d
    moduleMetaDataManager = class com.ibm.ws.container.service.metadata.internal.ModuleMetaDataManager@55bb9874
      serialVersionUID = 2513574389899327209
      $$$tc$$$ = class com.ibm.websphere.ras.TraceComponent@693b9abd
      listeners = class com.ibm.wsspi.kernel.service.utils.ConcurrentServiceReferenceSet@5c6c26ee
      metaDataIDs = class com.ibm.ws.container.service.metadata.internal.IndexList@7d06c1a4
      metaDatas = class java.util.ArrayList@70b8fa7a
      slotIDs = class com.ibm.ws.container.service.metadata.internal.IndexList@3067be5a
      serialVersionUID = 5464421863354792977
      $$$tc$$$ = class com.ibm.websphere.ras.TraceComponent@240c9d9d
    componentMetaDataManager = class com.ibm.ws.container.service.metadata.internal.ComponentMetaDataManager@bdb70f2
      serialVersionUID = 8629793739641703882
      $$$tc$$$ = class com.ibm.websphere.ras.TraceComponent@5f507fde
      listeners = class com.ibm.wsspi.kernel.service.utils.ConcurrentServiceReferenceSet@7c762ab4
      metaDataIDs = class com.ibm.ws.container.service.metadata.internal.IndexList@332b3e59
      metaDatas = class java.util.ArrayList@574755d0
      slotIDs = class com.ibm.ws.container.service.metadata.internal.IndexList@b741bdc
      serialVersionUID = 5464421863354792977
      $$$tc$$$ = class com.ibm.websphere.ras.TraceComponent@240c9d9d
    methodMetaDataManager = class com.ibm.ws.container.service.metadata.internal.MethodMetaDataManager@2e0da906
      serialVersionUID = -8002489041502300640
      $$$tc$$$ = class com.ibm.websphere.ras.TraceComponent@780badcc
      listeners = class com.ibm.wsspi.kernel.service.utils.ConcurrentServiceReferenceSet@60f70e0d
      metaDataIDs = class com.ibm.ws.container.service.metadata.internal.IndexList@75ad7239
      metaDatas = class java.util.ArrayList@4029ace5
      slotIDs = class com.ibm.ws.container.service.metadata.internal.IndexList@3aec8861
      serialVersionUID = 5464421863354792977
      $$$tc$$$ = class com.ibm.websphere.ras.TraceComponent@240c9d9d
    appModuleNameToModuleContainer = class java.util.concurrent.ConcurrentHashMap@3e8f1746
      serialVersionUID = 7249069246763182397
      MAXIMUM_CAPACITY = 1073741824
      DEFAULT_CAPACITY = 16
      MAX_ARRAY_SIZE = 2147483639
      DEFAULT_CONCURRENCY_LEVEL = 16
      LOAD_FACTOR = 0.75
      TREEIFY_THRESHOLD = 8
      UNTREEIFY_THRESHOLD = 6
      MIN_TREEIFY_CAPACITY = 64
      MIN_TRANSFER_STRIDE = 16
      RESIZE_STAMP_BITS = 16
      MAX_RESIZERS = 65535
      RESIZE_STAMP_SHIFT = 16
      MOVED = -1
      TREEBIN = -2
      RESERVED = -3
      HASH_BITS = 2147483647
      NCPU = 8
      serialPersistentFields = class java.io.ObjectStreamField[3]
      table = class java.util.concurrent.ConcurrentHashMap$Node[16]
      nextTable = null
      baseCount = 6
      sizeCtl = 12
      transferIndex = 0
      cellsBusy = 0
      counterCells = null
      keySet = null
      values = null
      entrySet = null
      U = class sun.misc.Unsafe@4ba7cbf2
      SIZECTL = 20
      TRANSFERINDEX = 32
      BASECOUNT = 24
      CELLSBUSY = 36
      CELLVALUE = 144
      ABASE = 16
      ASHIFT = 2
      keySet = null
      values = null
    jeeNameToComponentMetaData = class java.util.concurrent.ConcurrentHashMap@37fe40db
      serialVersionUID = 7249069246763182397
      MAXIMUM_CAPACITY = 1073741824
      DEFAULT_CAPACITY = 16
      MAX_ARRAY_SIZE = 2147483639
      DEFAULT_CONCURRENCY_LEVEL = 16
      LOAD_FACTOR = 0.75
      TREEIFY_THRESHOLD = 8
      UNTREEIFY_THRESHOLD = 6
      MIN_TREEIFY_CAPACITY = 64
      MIN_TRANSFER_STRIDE = 16
      RESIZE_STAMP_BITS = 16
      MAX_RESIZERS = 65535
      RESIZE_STAMP_SHIFT = 16
      MOVED = -1
      TREEBIN = -2
      RESERVED = -3
      HASH_BITS = 2147483647
      NCPU = 8
      serialPersistentFields = class java.io.ObjectStreamField[3]
      table = class java.util.concurrent.ConcurrentHashMap$Node[32]
      nextTable = null
      baseCount = 13
      sizeCtl = 24
      transferIndex = 0
      cellsBusy = 0
      counterCells = null
      keySet = null
      values = null
      entrySet = null
      U = class sun.misc.Unsafe@4ba7cbf2
      SIZECTL = 20
      TRANSFERINDEX = 32
      BASECOUNT = 24
      CELLSBUSY = 36
      CELLVALUE = 144
      ABASE = 16
      ASHIFT = 2
      keySet = null
      values = null
    deferredMetaDataFactories = class com.ibm.wsspi.kernel.service.utils.ConcurrentServiceReferenceSet@67f2ea36
      referenceName = "deferredMetaDataFactory"
      contextRef = class java.util.concurrent.atomic.AtomicReference@53c9b173
      elementMap = class java.util.LinkedHashMap@20f03770
      elementSet = class java.util.concurrent.ConcurrentSkipListSet@6b4cdfe9
      elementSetUnsorted = false
      serialVersionUID = 756240983881166148
      $$$tc$$$ = class com.ibm.websphere.ras.TraceComponent@51e8ea25
    deferredMetaDataInitializers = class com.ibm.wsspi.kernel.service.utils.ConcurrentServiceReferenceMap@24f42a57
      referenceName = "deferredMetaDataFactory"
      context = class org.apache.felix.scr.impl.manager.ComponentContextImpl@2ef777b0
      elementMap = class java.util.concurrent.ConcurrentHashMap@77a26b76
      serialVersionUID = 6980924785166233786
      $$$tc$$$ = class com.ibm.websphere.ras.TraceComponent@14db5f80
    serialVersionUID = -2494605732980966097
    $$$tc$$$ = class com.ibm.websphere.ras.TraceComponent@3756298e
      strings[0] = "TraceComponent[com.ibm.ws.container.service.metadata.internal.MetaDataServiceImpl,class com.ibm.ws.container.service.metadata.internal.MetaDataServiceImpl,[Runtime],null,null]"
  stateChangeService = class com.ibm.ws.container.service.state.internal.StateChangeServiceImpl@71532288
    applicationStateManager = class com.ibm.ws.container.service.state.internal.ApplicationStateManager@59862727
      serialVersionUID = -6685368059484454124
      $$$tc$$$ = class com.ibm.websphere.ras.TraceComponent@59b1d84e
      listeners = class com.ibm.wsspi.kernel.service.utils.ConcurrentServiceReferenceSet@4902bd69
      serialVersionUID = 2284273176985484160
      $$$tc$$$ = class com.ibm.websphere.ras.TraceComponent@70ed090b
    moduleStateManager = class com.ibm.ws.container.service.state.internal.ModuleStateManager@75aa1b34
      serialVersionUID = -5540260902341249963
      $$$tc$$$ = class com.ibm.websphere.ras.TraceComponent@724024ce
      listeners = class com.ibm.wsspi.kernel.service.utils.ConcurrentServiceReferenceSet@61bffc1a
      serialVersionUID = 2284273176985484160
      $$$tc$$$ = class com.ibm.websphere.ras.TraceComponent@70ed090b
    serialVersionUID = -537917915330350560
    $$$tc$$$ = class com.ibm.websphere.ras.TraceComponent@50c854ac
      strings[0] = "TraceComponent[com.ibm.ws.container.service.state.internal.StateChangeServiceImpl,class com.ibm.ws.container.service.state.internal.StateChangeServiceImpl,[Runtime],null,null]"
  moduleClassesInfo = class com.ibm.ws.app.manager.module.internal.SimpleDeployedAppInfoBase$ModuleClassesInfoProvider@1a71753
    entryContainerInfosMap = class java.util.HashMap@3e7740ab
      serialVersionUID = 362498820763181265
      DEFAULT_INITIAL_CAPACITY = 16
      MAXIMUM_CAPACITY = 1073741824
      DEFAULT_LOAD_FACTOR = 0.75
      TREEIFY_THRESHOLD = 8
      UNTREEIFY_THRESHOLD = 6
      MIN_TREEIFY_CAPACITY = 64
      table = null
      entrySet = null
      size = 0
      modCount = 0
      threshold = 0
      loadFactor = 0.75
      keySet = null
      values = null
    serialVersionUID = -70332790531324534
    $$$tc$$$ = class com.ibm.websphere.ras.TraceComponent@6e2155ff
      strings[0] = "TraceComponent[com.ibm.ws.app.manager.module.internal.SimpleDeployedAppInfoBase$ModuleClassesInfoProvider,class com.ibm.ws.app.manager.module.internal.SimpleDeployedAppInfoBase$ModuleClassesInfoProvider,[applications, app.manager],null,null]"
  moduleContainerInfos = class java.util.ArrayList@1972da9b
    serialVersionUID = 8683452581122892189
    DEFAULT_CAPACITY = 10
    EMPTY_ELEMENTDATA = class java.lang.Object[0]
    DEFAULTCAPACITY_EMPTY_ELEMENTDATA = class java.lang.Object[0]
    elementData = class java.lang.Object[10]
      Object[0] = class com.ibm.ws.app.manager.module.internal.SimpleDeployedAppInfoBase$WebModuleContainerInfo@388b301c
      Object[1] = null
      Object[2] = null
      Object[3] = null
      Object[4] = null
      Object[5] = null
      Object[6] = null
      Object[7] = null
      Object[8] = null
      Object[9] = null
    size = 1
    MAX_ARRAY_SIZE = 2147483639
    modCount = 1
    MAX_ARRAY_SIZE = 2147483639
  activeModuleHandlers = class java.util.IdentityHashMap@2ced977c
    DEFAULT_CAPACITY = 32
    MINIMUM_CAPACITY = 4
    MAXIMUM_CAPACITY = 536870912
    table = class java.lang.Object[16]
      Object[0] = null
      Object[1] = null
      Object[2] = null
      Object[3] = null
      Object[4] = null
      Object[5] = null
      Object[6] = null
      Object[7] = null
      Object[8] = null
      Object[9] = null
      Object[10] = null
      Object[11] = null
      Object[12] = null
      Object[13] = null
      Object[14] = null
      Object[15] = null
    size = 0
    modCount = 2
    NULL_KEY = class java.lang.Object@28d20e10
    entrySet = null
    serialVersionUID = 8188218128353913216
    keySet = null
    values = null
  serialVersionUID = -2685719801501752993
  $$$tc$$$ = class com.ibm.websphere.ras.TraceComponent@39e86720
    strings[0] = "TraceComponent[com.ibm.ws.app.manager.module.internal.SimpleDeployedAppInfoBase,class com.ibm.ws.app.manager.module.internal.SimpleDeployedAppInfoBase,[applications, app.manager],null,null]"

Dump of objectArray[0]
Object type = com.ibm.ws.threading.internal.NonCancelableResultFuture
  _done = false
  _result = null
  _failure = null
  _listeners = class java.util.concurrent.ConcurrentLinkedQueue@15ec3831
    serialVersionUID = 196745693267521676
    head = class java.util.concurrent.ConcurrentLinkedQueue$Node@44bff4d9
      item = null
      next = null
      UNSAFE = class sun.misc.Unsafe@4ba7cbf2
      itemOffset = 12
      nextOffset = 16
    tail = class java.util.concurrent.ConcurrentLinkedQueue$Node@44bff4d9
    UNSAFE = class sun.misc.Unsafe@4ba7cbf2
    headOffset = 12
    tailOffset = 16
    MAX_ARRAY_SIZE = 2147483639
  _notifiedListeners = class java.util.concurrent.atomic.AtomicBoolean@415b098b
    serialVersionUID = 4654671469794556979
    unsafe = class sun.misc.Unsafe@4ba7cbf2
      theUnsafe = class sun.misc.Unsafe@4ba7cbf2
      INVALID_FIELD_OFFSET = -1
      ARRAY_BOOLEAN_BASE_OFFSET = 16
      ARRAY_BYTE_BASE_OFFSET = 16
      ARRAY_SHORT_BASE_OFFSET = 16
      ARRAY_CHAR_BASE_OFFSET = 16
      ARRAY_INT_BASE_OFFSET = 16
      ARRAY_LONG_BASE_OFFSET = 16
      ARRAY_FLOAT_BASE_OFFSET = 16
      ARRAY_DOUBLE_BASE_OFFSET = 16
      ARRAY_OBJECT_BASE_OFFSET = 16
      ARRAY_BOOLEAN_INDEX_SCALE = 1
      ARRAY_BYTE_INDEX_SCALE = 1
      ARRAY_SHORT_INDEX_SCALE = 2
      ARRAY_CHAR_INDEX_SCALE = 2
      ARRAY_INT_INDEX_SCALE = 4
      ARRAY_LONG_INDEX_SCALE = 8
      ARRAY_FLOAT_INDEX_SCALE = 4
      ARRAY_DOUBLE_INDEX_SCALE = 8
      ARRAY_OBJECT_INDEX_SCALE = 4
      ADDRESS_SIZE = 8
    valueOffset = 12
    value = 0
  serialVersionUID = -296387658814354272
  $$$tc$$$ = class com.ibm.websphere.ras.TraceComponent@3ec3e59
    strings[0] = "TraceComponent[com.ibm.ws.threading.internal.NonCancelableResultFuture,class com.ibm.ws.threading.internal.NonCancelableResultFuture,[Threading],com.ibm.ws.threading.internal.resources.ThreadingMessages,null]"

