------Start of DE processing------ = [28/12/21 19:15:13:980 EET]
Exception = com.ibm.ws.container.service.state.StateChangeException
Source = com.ibm.ws.app.manager.module.internal.SimpleDeployedAppInfoBase
probeid = 548
Stack Dump = com.ibm.ws.container.service.state.StateChangeException: org.jboss.weld.exceptions.DeploymentException: WELD-001408: Unsatisfied dependencies for type DocumentDaoImpl with qualifiers @Default
  at injection point [BackedAnnotatedField] @Inject com.example.documents.HelloController.documentDaoImpl
  at com.example.documents.HelloController.documentDaoImpl(HelloController.java:0)
WELD-001474: Class com.example.documents.dao.DocumentDaoImpl is on the classpath, but was ignored because a class it references was not found: javax.persistence.EntityManager.

	at com.ibm.ws.container.service.state.internal.ApplicationStateManager.fireStarting(ApplicationStateManager.java:55)
	at com.ibm.ws.container.service.state.internal.StateChangeServiceImpl.fireApplicationStarting(StateChangeServiceImpl.java:50)
	at com.ibm.ws.app.manager.module.internal.SimpleDeployedAppInfoBase.preDeployApp(SimpleDeployedAppInfoBase.java:547)
	at com.ibm.ws.app.manager.module.internal.SimpleDeployedAppInfoBase.installApp(SimpleDeployedAppInfoBase.java:508)
	at com.ibm.ws.app.manager.module.internal.DeployedAppInfoBase.deployApp(DeployedAppInfoBase.java:349)
	at com.ibm.ws.app.manager.war.internal.WARApplicationHandlerImpl.install(WARApplicationHandlerImpl.java:65)
	at com.ibm.ws.app.manager.internal.statemachine.StartAction.execute(StartAction.java:149)
	at com.ibm.ws.app.manager.internal.statemachine.ApplicationStateMachineImpl.enterState(ApplicationStateMachineImpl.java:1352)
	at com.ibm.ws.app.manager.internal.statemachine.ApplicationStateMachineImpl.run(ApplicationStateMachineImpl.java:897)
	at com.ibm.ws.threading.internal.ExecutorServiceImpl$RunnableWrapper.run(ExecutorServiceImpl.java:238)
	at java.util.concurrent.ThreadPoolExecutor.runWorker(ThreadPoolExecutor.java:1149)
	at java.util.concurrent.ThreadPoolExecutor$Worker.run(ThreadPoolExecutor.java:624)
	at java.lang.Thread.run(Thread.java:748)
Caused by: org.jboss.weld.exceptions.DeploymentException: WELD-001408: Unsatisfied dependencies for type DocumentDaoImpl with qualifiers @Default
  at injection point [BackedAnnotatedField] @Inject com.example.documents.HelloController.documentDaoImpl
  at com.example.documents.HelloController.documentDaoImpl(HelloController.java:0)
WELD-001474: Class com.example.documents.dao.DocumentDaoImpl is on the classpath, but was ignored because a class it references was not found: javax.persistence.EntityManager.

	at org.jboss.weld.bootstrap.Validator.validateInjectionPointForDeploymentProblems(Validator.java:378)
	at org.jboss.weld.bootstrap.Validator.validateInjectionPoint(Validator.java:290)
	at org.jboss.weld.bootstrap.Validator.validateGeneralBean(Validator.java:143)
	at org.jboss.weld.bootstrap.Validator.validateRIBean(Validator.java:164)
	at org.jboss.weld.bootstrap.Validator.validateBean(Validator.java:526)
	at org.jboss.weld.bootstrap.ConcurrentValidator$1.doWork(ConcurrentValidator.java:64)
	at org.jboss.weld.bootstrap.ConcurrentValidator$1.doWork(ConcurrentValidator.java:62)
	at org.jboss.weld.executor.IterativeWorkerTaskFactory$1.call(IterativeWorkerTaskFactory.java:62)
	at org.jboss.weld.executor.IterativeWorkerTaskFactory$1.call(IterativeWorkerTaskFactory.java:55)
	at java.util.concurrent.FutureTask.run(FutureTask.java:266)
	... 3 more

Dump of callerThis
Object type = com.ibm.ws.app.manager.war.internal.WARDeployedAppInfo
  CONTEXT_ROOT = "context-root"
  webContainerModuleInfo = class com.ibm.ws.app.manager.module.internal.SimpleDeployedAppInfoBase$WebModuleContainerInfo@339a5e78
    contextRoot = "/"
    defaultContextRoot = "documents"
    serialVersionUID = 4617657913043497664
    $$$tc$$$ = class com.ibm.websphere.ras.TraceComponent@70dcc1e8
      strings[0] = "TraceComponent[com.ibm.ws.app.manager.module.internal.SimpleDeployedAppInfoBase$WebModuleContainerInfo,class com.ibm.ws.app.manager.module.internal.SimpleDeployedAppInfoBase$WebModuleContainerInfo,[applications, app.manager],null,null]"
    moduleHandler = class com.ibm.ws.app.manager.web.internal.WebModuleHandlerImpl@3c98e6d5
      serialVersionUID = 4795602325763828210
      $$$tc$$$ = class com.ibm.websphere.ras.TraceComponent@aafb5f0
      futureMonitor = class com.ibm.ws.threading.internal.FutureMonitorImpl@46cb4b22
      metaDataService = class com.ibm.ws.container.service.metadata.internal.MetaDataServiceImpl@7eea6a22
      stateChangeService = class com.ibm.ws.container.service.state.internal.StateChangeServiceImpl@443b71a5
      moduleRuntimeContainer = class com.ibm.ws.webcontainer.osgi.WebContainer@5ba76eb8
      firstFailure = null
      serialVersionUID = -4563697739413190872
      $$$tc$$$ = class com.ibm.websphere.ras.TraceComponent@2b0bc68f
    moduleMetaDataExtenders = class java.util.Collections$UnmodifiableRandomAccessList@266bcaec
      serialVersionUID = -2542308836966382001
      serialVersionUID = -283967356065247728
      list = class java.util.concurrent.CopyOnWriteArrayList@5874ceca
      serialVersionUID = 1820017752578914078
      c = class java.util.concurrent.CopyOnWriteArrayList@5874ceca
    nestedModuleMetaDataFactories = class java.util.Collections$UnmodifiableRandomAccessList@501414f7
      serialVersionUID = -2542308836966382001
      serialVersionUID = -283967356065247728
      list = class java.util.concurrent.CopyOnWriteArrayList@55db83df
      serialVersionUID = 1820017752578914078
      c = class java.util.concurrent.CopyOnWriteArrayList@55db83df
    nestedModules = null
    moduleName = "documents"
    moduleDD = null
    moduleInfo = class com.ibm.ws.app.manager.module.internal.WebModuleInfoImpl@3e1b8909
      contextRoot = "/"
      isDefaultContextRootUsed = false
      defaultContextRoot = "documents"
      serialVersionUID = -6699247856069243844
      $$$tc$$$ = class com.ibm.websphere.ras.TraceComponent@6c41bac6
      tc = class com.ibm.websphere.ras.TraceComponent@4a715e0e
      appInfo = class com.ibm.ws.container.service.app.deploy.internal.ApplicationInfoImpl@33924f4
      moduleName = "documents"
      path = "documents.war"
      moduleContainer = class com.ibm.ws.adaptable.module.internal.AdaptableContainerImpl@5c90c07
      altDDEntry = null
      moduleClassesContainers = class java.util.ArrayList@53c6b985
      classLoaderFactory = class com.ibm.ws.app.manager.war.internal.WARDeployedAppInfo@53680a0c
      containerInfoType = class com.ibm.ws.container.service.app.deploy.ContainerInfo$Type@6a61dc4c
      classLoader = class com.ibm.ws.classloading.internal.AppClassLoader@5a12dfde
      moduleMetaData = class com.ibm.ws.webcontainer.osgi.metadata.WebModuleMetaDataImpl@133c067e
      nestedModuleMetaDataTypes = null
      nestedModuleMetaDataValues = null
      serialVersionUID = 3986734351620206554
    serialVersionUID = 5122721995888983779
    $$$tc$$$ = class com.ibm.websphere.ras.TraceComponent@58049694
      strings[0] = "TraceComponent[com.ibm.ws.app.manager.module.internal.SimpleDeployedAppInfoBase$ModuleContainerInfoBase,class com.ibm.ws.app.manager.module.internal.SimpleDeployedAppInfoBase$ModuleContainerInfoBase,[applications, app.manager],null,null]"
    type = class com.ibm.ws.container.service.app.deploy.ContainerInfo$Type@6a61dc4c
      MANIFEST_CLASSPATH = class com.ibm.ws.container.service.app.deploy.ContainerInfo$Type@4d8e143d
      WEB_INF_CLASSES = class com.ibm.ws.container.service.app.deploy.ContainerInfo$Type@471c4148
      WEB_INF_LIB = class com.ibm.ws.container.service.app.deploy.ContainerInfo$Type@3802525b
      EAR_LIB = class com.ibm.ws.container.service.app.deploy.ContainerInfo$Type@72c4ef5
      WEB_MODULE = class com.ibm.ws.container.service.app.deploy.ContainerInfo$Type@6a61dc4c
      EJB_MODULE = class com.ibm.ws.container.service.app.deploy.ContainerInfo$Type@3a3e9dd1
      CLIENT_MODULE = class com.ibm.ws.container.service.app.deploy.ContainerInfo$Type@1f0d8ddf
      RAR_MODULE = class com.ibm.ws.container.service.app.deploy.ContainerInfo$Type@353794ef
      JAR_MODULE = class com.ibm.ws.container.service.app.deploy.ContainerInfo$Type@50093f5a
      SHARED_LIB = class com.ibm.ws.container.service.app.deploy.ContainerInfo$Type@1e17e09f
      $VALUES = class com.ibm.ws.container.service.app.deploy.ContainerInfo$Type[10]
      name = "WEB_MODULE"
      ordinal = 4
    name = "documents.war"
    container = class com.ibm.ws.adaptable.module.internal.AdaptableContainerImpl@5c90c07
      root = class com.ibm.ws.adaptable.module.internal.AdaptableContainerImpl@5c90c07
      rootOverlay = class com.ibm.ws.artifact.overlay.internal.DirectoryBasedOverlayContainerImpl@5e5b9a84
      factoryHolder = class com.ibm.ws.adaptable.module.internal.AdaptableModuleFactoryImpl@58d59466
      delegate = class com.ibm.ws.artifact.overlay.internal.DirectoryBasedOverlayContainerImpl@5e5b9a84
      notifier = class com.ibm.ws.adaptable.module.internal.NotifierImpl@51cb1a31
      serialVersionUID = -5950528200509051684
      $$$tc$$$ = class com.ibm.websphere.ras.TraceComponent@497df2b3
    moduleClassLoaderFactory = class com.ibm.ws.app.manager.war.internal.WARDeployedAppInfo@53680a0c
    altDDEntry = null
    classesContainerInfo = class java.util.ArrayList@53c6b985
      serialVersionUID = 8683452581122892189
      DEFAULT_CAPACITY = 10
      EMPTY_ELEMENTDATA = class java.lang.Object[0]
      DEFAULTCAPACITY_EMPTY_ELEMENTDATA = class java.lang.Object[0]
      elementData = class java.lang.Object[33]
      size = 23
      MAX_ARRAY_SIZE = 2147483639
      modCount = 24
      MAX_ARRAY_SIZE = 2147483639
    serialVersionUID = 4636874131959542427
    $$$tc$$$ = class com.ibm.websphere.ras.TraceComponent@1fabf22b
      strings[0] = "TraceComponent[com.ibm.ws.app.manager.module.internal.SimpleDeployedAppInfoBase$ExtendedContainerInfo,class com.ibm.ws.app.manager.module.internal.SimpleDeployedAppInfoBase$ExtendedContainerInfo,[applications, app.manager],null,null]"
  DYNAMIC_IMPORT_PACKAGE_LIST = class java.util.Collections$UnmodifiableRandomAccessList@500fc149
    serialVersionUID = -2542308836966382001
    serialVersionUID = -283967356065247728
    list = class java.util.Arrays$ArrayList@55952aca
      serialVersionUID = -2764017481108945198
      a = class java.lang.String[1]
      modCount = 0
      MAX_ARRAY_SIZE = 2147483639
    serialVersionUID = 1820017752578914078
    c = class java.util.Arrays$ArrayList@55952aca
  serialVersionUID = 6176035338244935179
  $$$tc$$$ = class com.ibm.websphere.ras.TraceComponent@1dfbbf6
    strings[0] = "TraceComponent[com.ibm.ws.app.manager.war.internal.WARDeployedAppInfo,class com.ibm.ws.app.manager.war.internal.WARDeployedAppInfo,[webcontainer, applications, app.manager],com.ibm.ws.app.manager.war.internal.resources.Messages,null]"
  _tc = class com.ibm.websphere.ras.TraceComponent@7e20873e
    strings[0] = "TraceComponent[com.ibm.ws.app.manager.module.internal.DeployedAppInfoBase,class com.ibm.ws.app.manager.module.internal.DeployedAppInfoBase,[app.manager],com.ibm.ws.app.manager.module.internal.resources.Messages,null]"
  PERMISSION_XML = "permissions.xml"
  applicationInformation = class com.ibm.ws.app.manager.internal.ApplicationInstallInfo@7417270d
    _config = class com.ibm.ws.app.manager.internal.ApplicationConfig@6c66bd64
      tc = class com.ibm.websphere.ras.TraceComponent@1cd0daae
      _configPid = "com.ibm.ws.app.manager_13"
      _config = class com.ibm.ws.config.admin.ConfigurationDictionary@6f4fbda2
      _applicationManager = class com.ibm.ws.app.manager.ApplicationManager@14f52af4
      _location = "documents.war"
      _type = "war"
      _name = "documents"
      _notificationBroadcasterSupport = class javax.management.NotificationBroadcasterSupport@60f7faa8
      ONE_TIME_JANDEX_MSGS_DISPLAYED = true
      serialVersionUID = -2151423388299667431
    _handlerInfo = class java.util.concurrent.atomic.AtomicReference@2184c0aa
      serialVersionUID = -1848883965231344442
      unsafe = class sun.misc.Unsafe@4846133
      valueOffset = 12
      value = class com.ibm.ws.app.manager.war.internal.WARDeployedAppInfo@53680a0c
    _container = class java.util.concurrent.atomic.AtomicReference@6b17ca5
      serialVersionUID = -1848883965231344442
      unsafe = class sun.misc.Unsafe@4846133
      valueOffset = 12
      value = class com.ibm.ws.adaptable.module.internal.AdaptableContainerImpl@5c90c07
    _resolvedLocation = class java.util.concurrent.atomic.AtomicReference@7b1165d4
      serialVersionUID = -1848883965231344442
      unsafe = class sun.misc.Unsafe@4846133
      valueOffset = 12
      value = class com.ibm.ws.kernel.service.location.internal.LocalFileResource@7bd47c26
    _handler = class com.ibm.ws.app.manager.war.internal.WARApplicationHandlerImpl@22457a4f
      futureMonitor = class com.ibm.ws.threading.internal.FutureMonitorImpl@46cb4b22
      deployedAppFactory = class com.ibm.ws.app.manager.war.internal.WARDeployedAppInfoFactoryImpl@1936dbe9
      serialVersionUID = 4622845147410944782
      $$$tc$$$ = class com.ibm.websphere.ras.TraceComponent@76a1b4e3
    _ami = class java.util.concurrent.atomic.AtomicReference@25c37f3d
      serialVersionUID = -1848883965231344442
      unsafe = class sun.misc.Unsafe@4846133
      valueOffset = 12
      value = class com.ibm.wsspi.application.handler.DefaultApplicationMonitoringInformation@51f90da8
    _updateHandler = class com.ibm.ws.app.manager.internal.statemachine.ApplicationStateMachineImpl@281a6b74
      _tc = class com.ibm.websphere.ras.TraceComponent@66e52528
      EMPTY_FUTURE_ARRAY = interface java.util.concurrent.Future[0]
      asmSequenceNumber = class java.util.concurrent.atomic.AtomicLong@b05690b
      _qscaCounter = class java.util.concurrent.atomic.AtomicInteger@178bb112
      _failedThrowable = null
      _interruptibleLock = class com.ibm.ws.app.manager.internal.statemachine.ApplicationStateMachineImpl$2@384dd999
      _interruptible = false
      _performingQueuedActions = true
      _queuedActions = class java.util.concurrent.ConcurrentLinkedQueue@2be69cf6
      _callbackState = class java.util.concurrent.atomic.AtomicReference@b0be5b0
      blockAppStartingFutures = class java.util.Collections$SetFromMap@41c2d6e2
      waitingForAppHandlerFuture = class java.util.concurrent.atomic.AtomicReference@17954e52
      waitingForExplicitStartFuture = class java.util.concurrent.atomic.AtomicReference@88b717a
      startAfterFutures = class java.util.Collections$SetFromMap@5c7923be
      completionListener = class java.util.concurrent.atomic.AtomicReference@b5b9b15
      _notifyAppStopped = class java.util.concurrent.ConcurrentLinkedQueue@3681a3f2
      _notifyAppStarting = class java.util.concurrent.ConcurrentLinkedQueue@655204f9
      _notifyAppInstallCalled = class java.util.concurrent.ConcurrentLinkedQueue@70a3af3e
      _notifyAppStarted = class java.util.concurrent.ConcurrentLinkedQueue@27f7110c
      _notifyAppRemoved = class java.util.concurrent.ConcurrentLinkedQueue@1c52a833
      _stateLock = class com.ibm.ws.app.manager.internal.statemachine.ApplicationStateMachineImpl$3@6952028c
      _internalState = class java.util.concurrent.atomic.AtomicReference@4e59ac7
      _currentAction = class java.util.concurrent.atomic.AtomicReference@1b858426
      _rfa = class java.util.concurrent.atomic.AtomicReference@129fb455
      _appInstallInfo = class java.util.concurrent.atomic.AtomicReference@6ba082e8
      _update = class java.util.concurrent.atomic.AtomicBoolean@433b0ef9
      _appConfig = class java.util.concurrent.atomic.AtomicReference@7428160c
      _nextAppConfig = class java.util.concurrent.atomic.AtomicReference@1b7a29c0
      _appContainer = class java.util.concurrent.atomic.AtomicReference@74224f85
      _resolvedLocation = class java.util.concurrent.atomic.AtomicReference@6ff5cb3e
      _handler = class java.util.concurrent.atomic.AtomicReference@5bd938ba
      _asmSeqNo = 0
      _ctx = class org.eclipse.osgi.internal.framework.BundleContextImpl@7257624a
      _locAdmin = class com.ibm.ws.kernel.service.location.internal.WsLocationAdminImpl@779f15fe
      _futureMonitor = class com.ibm.ws.threading.internal.FutureMonitorImpl@46cb4b22
      _artifactFactory = class com.ibm.ws.artifact.internal.ArtifactContainerFactoryService@36728c08
      _moduleFactory = class com.ibm.ws.adaptable.module.internal.AdaptableModuleFactoryImpl@58d59466
      _executorService = class com.ibm.ws.threading.internal.ExecutorServiceImpl@24fc7e94
      _scheduledExecutorService = class com.ibm.ws.threading.internal.ScheduledExecutorImpl@c02d24d
      _asmHelper = class com.ibm.ws.app.manager.internal.ApplicationConfigurator$NamedApplication@42b3514c
      _appMonitor = class com.ibm.ws.app.manager.internal.monitor.ApplicationMonitor@3bd16d6
      enterStateCalled = class java.util.concurrent.atomic.AtomicBoolean@210dc865
      serialVersionUID = 7990273947104993494
      serialVersionUID = 300267208965883056
      $$$tc$$$ = class com.ibm.websphere.ras.TraceComponent@3ebcf400
    serialVersionUID = 2630639237123415755
    $$$tc$$$ = class com.ibm.websphere.ras.TraceComponent@3b19da39
      strings[0] = "TraceComponent[com.ibm.ws.app.manager.internal.ApplicationInstallInfo,class com.ibm.ws.app.manager.internal.ApplicationInstallInfo,[applications, app.manager],com.ibm.ws.app.manager.internal.resources.AppManagerMessages,null]"
  location = "E:\facultate\master\java\java\tehnologii_java\documents\documents\target\liberty\wlp\usr\servers\documents\apps\documents.war.xml"
  classLoadingService = class com.ibm.ws.classloading.internal.ClassLoadingServiceImpl@3b1c8281
    tc = class com.ibm.websphere.ras.TraceComponent@939d5f9
      strings[0] = "TraceComponent[com.ibm.ws.classloading.internal.ClassLoadingServiceImpl,class com.ibm.ws.classloading.internal.ClassLoadingServiceImpl,[ClassLoadingService],com.ibm.ws.classloading.internal.resources.ClassLoadingServiceMessages,null]"
    leakDetectionMap = class java.util.HashMap@dee7ae0
      serialVersionUID = 362498820763181265
      DEFAULT_INITIAL_CAPACITY = 16
      MAXIMUM_CAPACITY = 1073741824
      DEFAULT_LOAD_FACTOR = 0.75
      TREEIFY_THRESHOLD = 8
      UNTREEIFY_THRESHOLD = 6
      MIN_TREEIFY_CAPACITY = 64
      table = null
      entrySet = null
      size = 0
      modCount = 0
      threshold = 0
      loadFactor = 0.75
      keySet = null
      values = null
    appClassLoaders = class java.util.Collections$SetFromMap@45e3de45
      m = class java.util.WeakHashMap@68e5361c
      s = class java.util.WeakHashMap$KeySet@5a3c81eb
      serialVersionUID = 2454657854757543876
      MAX_ARRAY_SIZE = 2147483639
    TCCL_LOCK_WAIT = 15000
    REFERENCE_GENERATORS = "generators"
    bundleContext = class org.eclipse.osgi.internal.framework.BundleContextImpl@35b23138
    aclStore = class com.ibm.ws.classloading.internal.util.CanonicalStore@8de5b91
      map = class java.util.concurrent.ConcurrentHashMap@69b027d1
      q = class com.ibm.ws.classloading.internal.util.RefQueue@57a4e31e
      serialVersionUID = 6715157558227169968
      $$$tc$$$ = class com.ibm.websphere.ras.TraceComponent@68ca8e72
    tcclStore = class com.ibm.ws.classloading.internal.util.CanonicalStore@35e1ed9e
      map = class java.util.concurrent.ConcurrentHashMap@31e2f011
      q = class com.ibm.ws.classloading.internal.util.RefQueue@1154b348
      serialVersionUID = 6715157558227169968
      $$$tc$$$ = class com.ibm.websphere.ras.TraceComponent@68ca8e72
    tcclStoreLock = class java.util.concurrent.locks.ReentrantLock@4b26a8b8
      serialVersionUID = 7373984872572414699
      sync = class java.util.concurrent.locks.ReentrantLock$NonfairSync@410b0eea
    digraph = class org.eclipse.equinox.internal.region.StandardRegionDigraph@10ec566f
      EMPTY_EDGE_SET = class java.util.Collections$UnmodifiableSet@7b36ce10
      monitor = class java.lang.Object@2620f27d
      regions = class java.util.HashMap@8eebb0e
      bundleIdToRegionMapping = class org.eclipse.equinox.internal.region.StandardBundleIdToRegionMapping@20d8de2b
      edges = class java.util.HashMap@6d53c26e
      bundleContext = class org.eclipse.osgi.internal.framework.BundleContextImpl@751d3241
      threadLocal = class java.lang.ThreadLocal@4c4166a3
      subgraphTraverser = class org.eclipse.equinox.internal.region.SubgraphTraverser@318a82ee
      bundleCollisionHook = class org.eclipse.equinox.internal.region.hook.RegionBundleCollisionHook@57c52b72
      bundleEventHook = class org.eclipse.equinox.internal.region.hook.RegionBundleEventHook@2476d356
      bundleFindHook = class org.eclipse.equinox.internal.region.hook.RegionBundleFindHook@63c5cd05
      serviceEventHook = class org.eclipse.equinox.internal.region.hook.RegionServiceEventHook@63dae61
      serviceFindHook = class org.eclipse.equinox.internal.region.hook.RegionServiceFindHook@78dd8b6f
      resolverHookFactory = class org.eclipse.equinox.internal.region.hook.RegionResolverHookFactory@6a230b41
      origin = null
      originUpdateCount = -1
      updateCount = class java.util.concurrent.atomic.AtomicLong@27c34ee5
      defaultRegion = null
    redefiner = class com.ibm.ws.classloading.internal.util.ClassRedefiner@6a148530
      tc = class com.ibm.websphere.ras.TraceComponent@5a7238ee
      LS = "
"
      inst = class com.sun.proxy.$Proxy0@79e77846
      serialVersionUID = 2420101865139508526
    listener = class com.ibm.ws.classloading.internal.ClassLoadingServiceImpl$1@50a308f1
      this$0 = class com.ibm.ws.classloading.internal.ClassLoadingServiceImpl@3b1c8281
      serialVersionUID = -9159707349812113172
      $$$tc$$$ = class com.ibm.websphere.ras.TraceComponent@a595b00
    classloaders = class java.util.Collections$SynchronizedMap@2e3e1935
      serialVersionUID = 1978198479659022715
      m = class java.util.HashMap@2bbdfa9
      mutex = class java.util.Collections$SynchronizedMap@2e3e1935
      keySet = null
      entrySet = null
      values = null
    resourceProviders = class com.ibm.ws.classloading.internal.CompositeResourceProvider@5c136db3
      lockFactory = class java.util.concurrent.locks.ReentrantReadWriteLock@26e2912a
      providerMap = class com.ibm.ws.classloading.internal.util.MultiMap@3276ca86
      serialVersionUID = -5576435894946156347
      $$$tc$$$ = class com.ibm.websphere.ras.TraceComponent@12ddeee2
    rememberedBundles = class java.util.concurrent.ConcurrentHashMap@12605e04
      serialVersionUID = 7249069246763182397
      MAXIMUM_CAPACITY = 1073741824
      DEFAULT_CAPACITY = 16
      MAX_ARRAY_SIZE = 2147483639
      DEFAULT_CONCURRENCY_LEVEL = 16
      LOAD_FACTOR = 0.75
      TREEIFY_THRESHOLD = 8
      UNTREEIFY_THRESHOLD = 6
      MIN_TREEIFY_CAPACITY = 64
      MIN_TRANSFER_STRIDE = 16
      RESIZE_STAMP_BITS = 16
      MAX_RESIZERS = 65535
      RESIZE_STAMP_SHIFT = 16
      MOVED = -1
      TREEBIN = -2
      RESERVED = -3
      HASH_BITS = 2147483647
      NCPU = 8
      serialPersistentFields = class java.io.ObjectStreamField[3]
      table = class java.util.concurrent.ConcurrentHashMap$Node[16]
      nextTable = null
      baseCount = 1
      sizeCtl = 12
      transferIndex = 0
      cellsBusy = 0
      counterCells = null
      keySet = null
      values = null
      entrySet = null
      U = class sun.misc.Unsafe@4846133
      SIZECTL = 20
      TRANSFERINDEX = 32
      BASECOUNT = 24
      CELLSBUSY = 36
      CELLVALUE = 144
      ABASE = 16
      ASHIFT = 2
      keySet = null
      values = null
    collectedBundles = class java.lang.ref.ReferenceQueue@5a4c3839
      NULL = class java.lang.ref.ReferenceQueue$Null@5f0fe336
      ENQUEUED = class java.lang.ref.ReferenceQueue$Null@2dc04ee7
      lock = class java.lang.ref.ReferenceQueue$Lock@59a4129
      head = null
      queueLength = 0
      $assertionsDisabled = true
    generatorRefs = class com.ibm.wsspi.kernel.service.utils.ConcurrentServiceReferenceSet@46565f4
      referenceName = "generators"
      contextRef = class java.util.concurrent.atomic.AtomicReference@6e7f681c
      elementMap = class java.util.LinkedHashMap@1083e987
      elementSet = class java.util.concurrent.ConcurrentSkipListSet@47d7e79e
      elementSetUnsorted = false
      serialVersionUID = 756240983881166148
      $$$tc$$$ = class com.ibm.websphere.ras.TraceComponent@51e8ea25
    generatorManager = class com.ibm.ws.classloading.internal.ClassGeneratorManager@43dcee3e
      tc = class com.ibm.websphere.ras.TraceComponent@45f02496
      generatorRefs = class com.ibm.wsspi.kernel.service.utils.ConcurrentServiceReferenceSet@46565f4
      serialVersionUID = 4152663586056483310
    appExtLibs = class java.util.concurrent.CopyOnWriteArrayList@535c183f
      serialVersionUID = 8673264195747942595
      lock = class java.util.concurrent.locks.ReentrantLock@70a053bb
      array = class java.lang.Object[0]
      UNSAFE = class sun.misc.Unsafe@4846133
      lockOffset = 12
    globalConfig = class com.ibm.ws.classloading.configuration.GlobalClassloadingConfiguration@686a7f9d
      properties = class org.apache.felix.scr.impl.helper.ReadOnlyDictionary@230b2724
      serialVersionUID = 452562347104713756
      $$$tc$$$ = class com.ibm.websphere.ras.TraceComponent@212d4d20
    metaInfServicesProviders = class java.util.concurrent.ConcurrentHashMap@470ffda1
      serialVersionUID = 7249069246763182397
      MAXIMUM_CAPACITY = 1073741824
      DEFAULT_CAPACITY = 16
      MAX_ARRAY_SIZE = 2147483639
      DEFAULT_CONCURRENCY_LEVEL = 16
      LOAD_FACTOR = 0.75
      TREEIFY_THRESHOLD = 8
      UNTREEIFY_THRESHOLD = 6
      MIN_TREEIFY_CAPACITY = 64
      MIN_TRANSFER_STRIDE = 16
      RESIZE_STAMP_BITS = 16
      MAX_RESIZERS = 65535
      RESIZE_STAMP_SHIFT = 16
      MOVED = -1
      TREEBIN = -2
      RESERVED = -3
      HASH_BITS = 2147483647
      NCPU = 8
      serialPersistentFields = class java.io.ObjectStreamField[3]
      table = null
      nextTable = null
      baseCount = 0
      sizeCtl = 0
      transferIndex = 0
      cellsBusy = 0
      counterCells = null
      keySet = null
      values = null
      entrySet = null
      U = class sun.misc.Unsafe@4846133
      SIZECTL = 20
      TRANSFERINDEX = 32
      BASECOUNT = 24
      CELLSBUSY = 36
      CELLVALUE = 144
      ABASE = 16
      ASHIFT = 2
      keySet = null
      values = null
    metaInfServicesRefs = class com.ibm.wsspi.kernel.service.utils.ConcurrentServiceReferenceMap@63864660
      referenceName = "MetaInfServicesProvider"
      context = class org.apache.felix.scr.impl.manager.ComponentContextImpl@43192aa0
      elementMap = class java.util.concurrent.ConcurrentHashMap@68c64399
      serialVersionUID = 6980924785166233786
      $$$tc$$$ = class com.ibm.websphere.ras.TraceComponent@14db5f80
    protectionDomainMap = class java.util.HashMap@502837cf
      serialVersionUID = 362498820763181265
      DEFAULT_INITIAL_CAPACITY = 16
      MAXIMUM_CAPACITY = 1073741824
      DEFAULT_LOAD_FACTOR = 0.75
      TREEIFY_THRESHOLD = 8
      UNTREEIFY_THRESHOLD = 6
      MIN_TREEIFY_CAPACITY = 64
      table = class java.util.HashMap$Node[16]
      entrySet = null
      size = 1
      modCount = 1
      threshold = 12
      loadFactor = 0.75
      keySet = null
      values = null
    metadataIdentifierService = class com.ibm.ws.container.service.metadata.internal.MetaDataServiceImpl@7eea6a22
    globalSharedLibrary = class java.util.concurrent.atomic.AtomicReference@6b853cc0
      serialVersionUID = -1848883965231344442
      unsafe = class sun.misc.Unsafe@4846133
      valueOffset = 12
      value = null
    serialVersionUID = 4365026902615131286
  globalSharedLibrary = class com.ibm.ws.library.internal.SharedLibraryImpl@1320b363
    tc = class com.ibm.websphere.ras.TraceComponent@7483627d
      strings[0] = "TraceComponent[com.ibm.ws.library.internal.SharedLibraryImpl,class com.ibm.ws.library.internal.SharedLibraryImpl,[SharedLibrary],com.ibm.ws.classloading.internal.resources.ClassLoadingServiceMessages,null]"
    EMPTY_LIBRARY_LISTENERS = interface com.ibm.wsspi.library.LibraryChangeListener[0]
    deleted = false
    libraryListenersTracker = class org.osgi.util.tracker.ServiceTracker@2b0235bb
      DEBUG = false
      context = class org.eclipse.osgi.internal.framework.BundleContextImpl@35b23138
      filter = class org.eclipse.osgi.internal.framework.FilterImpl$And@5591c9fb
      customizer = class org.osgi.util.tracker.ServiceTracker@2b0235bb
      listenerFilter = "(&(objectClass=com.ibm.wsspi.library.LibraryChangeListener)(|(library=global)(libraryRef=*com.ibm.ws.classloading.sharedlibrary_39*)))"
      trackClass = null
      trackReference = null
      tracked = class org.osgi.util.tracker.ServiceTracker$Tracked@7ac70631
      cachedReference = null
      cachedService = null
    libraryReg = class org.eclipse.osgi.internal.serviceregistry.ServiceRegistrationImpl@17e45a4c
      registry = class org.eclipse.osgi.internal.serviceregistry.ServiceRegistry@5e9a52d0
      context = class org.eclipse.osgi.internal.framework.BundleContextImpl@35b23138
      bundle = class org.eclipse.osgi.internal.framework.EquinoxBundle@7d195d64
      clazzes = class java.lang.String[1]
      service = class com.ibm.ws.library.internal.SharedLibraryImpl@1320b363
      reference = class org.eclipse.osgi.internal.serviceregistry.ServiceReferenceImpl@2bdaa9f2
      contextsUsing = class java.util.ArrayList@155756bb
      properties = class java.util.Collections$UnmodifiableMap@19578a13
      serviceid = 348
      serviceranking = 1
      registrationLock = class java.lang.Object@23953e7
      state = 0
      REGISTERED = 0
      UNREGISTERING = 1
      UNREGISTERED = 2
      FRAMEWORK_SET_SERVICE_PROPERTIES_COUNT = 4
      $assertionsDisabled = true
    ctx = class org.eclipse.osgi.internal.framework.BundleContextImpl@35b23138
      valid = true
      bundle = class org.eclipse.osgi.internal.framework.EquinoxBundle@7d195d64
      container = class org.eclipse.osgi.internal.framework.EquinoxContainer@18712d2a
      debug = class org.eclipse.osgi.internal.debug.Debug@555de481
      servicesInUse = class java.util.HashMap@2a7fbf86
      activator = null
      contextLock = class java.lang.Object@17f6684a
    classLoadingService = class com.ibm.ws.classloading.internal.ClassLoadingServiceImpl@3b1c8281
    configAdmin = class com.ibm.ws.config.admin.internal.ConfigurationAdminImpl@5bc12f80
      tc = class com.ibm.websphere.ras.TraceComponent@799d0584
      bundle = class org.eclipse.osgi.internal.framework.EquinoxBundle@7d195d64
      caFactory = class com.ibm.ws.config.admin.internal.ConfigAdminServiceFactory@2f3faee3
      serialVersionUID = -2875522750804142523
    resolvedBasePath = "E:/facultate/master/java/java/tehnologii_java/documents/documents/target/liberty/wlp/usr/servers/documents/"
    generationLock = class com.ibm.ws.library.internal.SharedLibraryImpl$1@3f261b08
      this$0 = class com.ibm.ws.library.internal.SharedLibraryImpl@1320b363
      serialVersionUID = 2483639803450672373
      $$$tc$$$ = class com.ibm.websphere.ras.TraceComponent@35353b56
    currentGeneration = class com.ibm.ws.library.internal.LibraryGeneration@59ca87f8
      tc = class com.ibm.websphere.ras.TraceComponent@311e3e98
      nextInt = class java.util.concurrent.atomic.AtomicInteger@649e8454
      libraryId = "global"
      genId = 1
      libraryProps = class java.util.Hashtable@7df49472
      filesetRefs = class java.util.Collections$UnmodifiableRandomAccessList@5c46804b
      apiTypeVisibility = class java.util.RegularEnumSet@ebc6e79
      files = class java.util.Collections$EmptyList@33394641
      folders = class java.util.ArrayList@1e90f7de
      fileAndFolderContainers = class java.util.Collections$EmptyList@33394641
      filesets = class java.util.concurrent.ArrayBlockingQueue@479eb77a
      filesetListenerRegs = class java.util.concurrent.ConcurrentLinkedQueue@2fb2331a
      cancelled = false
      library = class com.ibm.ws.library.internal.SharedLibraryImpl@1320b363
      serialVersionUID = 6965220007121905717
    nextGeneration = class com.ibm.ws.library.internal.LibraryGeneration@59ca87f8
    artifactContainerFactory = class com.ibm.ws.library.internal.SharedLibraryFactory$1@635fde97
      this$0 = class com.ibm.ws.library.internal.SharedLibraryFactory@1e94922c
      serialVersionUID = 7730244564205089330
      $$$tc$$$ = class com.ibm.websphere.ras.TraceComponent@6ede4c42
    packageExporter = class com.ibm.ws.library.internal.LibraryPackageExporter@31b05053
      EXPORTER_POSTFIX = "_library_exporter"
      REGION_EXPORT_TO_LIBERTY = "liberty.library.export.to.liberty"
      REGION_EXPORT_TO_OSGI_APPS = "liberty.library.export.to.osgi.app"
      REGION_KERNEL = "org.eclipse.equinox.region.kernel"
      counter = class java.util.concurrent.atomic.AtomicLong@581e6d4f
      context = class org.eclipse.osgi.internal.framework.BundleContextImpl@35b23138
      digraph = class org.eclipse.equinox.internal.region.StandardRegionDigraph@10ec566f
      bundleToLibrary = class java.util.concurrent.ConcurrentHashMap@4cec2ab6
      libraryToVisibility = class java.util.concurrent.ConcurrentHashMap@4ad59d5e
      serialVersionUID = 8074378969667956573
      $$$tc$$$ = class com.ibm.websphere.ras.TraceComponent@4425d6df
    serialVersionUID = 6288237618632180389
  sharedLibDeploymentInfo = class com.ibm.ws.app.manager.module.internal.DeployedAppInfoBase$SharedLibDeploymentInfo@40af597e
    locAdmin = class com.ibm.ws.kernel.service.location.internal.WsLocationAdminImpl@779f15fe
      tc = class com.ibm.websphere.ras.TraceComponent@6d55d10a
      LOC_INTERNAL_LIB_DIR = "wlp.lib.dir"
      LOC_INTERNAL_WORKAREA_DIR = "wlp.workarea.dir"
      LOC_AREA_NAME_APPS = "shared/apps/"
      LOC_AREA_NAME_CONFIG = "shared/config/"
      LOC_AREA_NAME_RESC = "shared/resources/"
      LOC_AREA_NAME_STATE = "logs/state/"
      LOC_AREA_NAME_SERVERS = "servers/"
      LOC_AREA_NAME_CLIENTS = "clients/"
      LOC_AREA_NAME_WORKING = "workarea/"
      LOC_AREA_NAME_EXTENSION = "extension/"
      instance = class com.ibm.ws.kernel.service.location.internal.WsLocationAdminImpl@779f15fe
      installRoot = class com.ibm.ws.kernel.service.location.internal.SymbolicRootResource@2600a4b0
      installParentRoot = class com.ibm.ws.kernel.service.location.internal.SymbolicRootResource@6ec0b569
      userRoot = class com.ibm.ws.kernel.service.location.internal.SymbolicRootResource@6d5cd954
      usrExtensionRoot = class com.ibm.ws.kernel.service.location.internal.SymbolicRootResource@3a1ba14f
      serverConfigDir = class com.ibm.ws.kernel.service.location.internal.SymbolicRootResource@191db798
      serverOutputDir = class com.ibm.ws.kernel.service.location.internal.SymbolicRootResource@191db798
      bootstrapLib = class com.ibm.ws.kernel.service.location.internal.LocalFileResource@721d322f
      serverWorkarea = class com.ibm.ws.kernel.service.location.internal.LocalFileResource@7980c341
      serverState = class com.ibm.ws.kernel.service.location.internal.LocalFileResource@1ef614e7
      sharedAppsRoot = class com.ibm.ws.kernel.service.location.internal.SymbolicRootResource@6a23d1d6
      sharedConfigRoot = class com.ibm.ws.kernel.service.location.internal.SymbolicRootResource@71b40af7
      sharedResourceRoot = class com.ibm.ws.kernel.service.location.internal.SymbolicRootResource@ed1454b
      tmpRoot = class com.ibm.ws.kernel.service.location.internal.SymbolicRootResource@20ae395a
      serverName = "documents"
      resourcePaths = class java.util.ArrayList@54f7f1f8
      resourceGroups = class java.util.HashMap@545ba23
      commonRoot = class com.ibm.ws.kernel.service.location.internal.VirtualRootResource@13a4cdd
      serialVersionUID = -5748835026800463299
    artifactFactory = class com.ibm.ws.artifact.internal.ArtifactContainerFactoryService@36728c08
      CATEGORY_PROP_NAME = "category"
      ENTRY_KEY = "com.ibm.wsspi.artifact.ArtifactEntry"
      helperMap = class com.ibm.wsspi.kernel.service.utils.ConcurrentServiceReferenceSetMap@742a79fb
      contributorMap = class com.ibm.wsspi.kernel.service.utils.ConcurrentServiceReferenceSetMap@48b361e6
      helperCategoryMap = class com.ibm.wsspi.kernel.service.utils.ConcurrentServiceReferenceSetMap@456c186a
      contributorCategoryMap = class com.ibm.wsspi.kernel.service.utils.ConcurrentServiceReferenceSetMap@44ea378d
      categories = class java.util.Collections$SynchronizedSet@63a87b4a
      baseProperties = class org.apache.felix.scr.impl.helper.ReadOnlyDictionary@30478a88
      registration = class com.ibm.ws.kernel.service.util.ServiceRegistrationModifier@15cd7ba2
      serialVersionUID = 6566424214406946230
      $$$tc$$$ = class com.ibm.websphere.ras.TraceComponent@2bc3ea54
    moduleFactory = class com.ibm.ws.adaptable.module.internal.AdaptableModuleFactoryImpl@58d59466
      adapterFactoryService = class com.ibm.ws.adaptable.module.internal.AdapterFactoryServiceImpl@66420a0e
      containerFactory = class com.ibm.ws.artifact.internal.ArtifactContainerFactoryService@36728c08
      overlayContainerFactory = class com.ibm.ws.artifact.overlay.internal.OverlayContainerFactoryImpl@7c483c31
      serialVersionUID = 4200251809856292987
      $$$tc$$$ = class com.ibm.websphere.ras.TraceComponent@23cdf22f
    classesContainerInfo = class java.util.ArrayList@7cf671de
      serialVersionUID = 8683452581122892189
      DEFAULT_CAPACITY = 10
      EMPTY_ELEMENTDATA = class java.lang.Object[0]
      DEFAULTCAPACITY_EMPTY_ELEMENTDATA = class java.lang.Object[0]
      elementData = class java.lang.Object[0]
      size = 0
      MAX_ARRAY_SIZE = 2147483639
      modCount = 0
      MAX_ARRAY_SIZE = 2147483639
    serialVersionUID = 5154735746662585226
    $$$tc$$$ = class com.ibm.websphere.ras.TraceComponent@3e86e4c1
      strings[0] = "TraceComponent[com.ibm.ws.app.manager.module.internal.DeployedAppInfoBase$SharedLibDeploymentInfo,class com.ibm.ws.app.manager.module.internal.DeployedAppInfoBase$SharedLibDeploymentInfo,[applications, app.manager],null,null]"
  configAdmin = class com.ibm.ws.config.admin.internal.ConfigurationAdminImpl@6e84ddab
    tc = class com.ibm.websphere.ras.TraceComponent@799d0584
      strings[0] = "TraceComponent[com.ibm.ws.config.admin.internal.ConfigurationAdminImpl,class com.ibm.ws.config.admin.internal.ConfigurationAdminImpl,[config],com.ibm.ws.config.internal.resources.ConfigMessages,null]"
    bundle = class org.eclipse.osgi.internal.framework.EquinoxBundle@48f1af5f
      equinoxContainer = class org.eclipse.osgi.internal.framework.EquinoxContainer@18712d2a
      module = class org.eclipse.osgi.internal.framework.EquinoxBundle$EquinoxModule@763d93b6
      monitor = class java.lang.Object@3e5350fd
      context = class org.eclipse.osgi.internal.framework.BundleContextImpl@3d97e9c2
      signerInfos = null
      $SWITCH_TABLE$org$eclipse$osgi$container$Module$State = {1,2,3,4,5,6,7} /* array length = 7 */
    caFactory = class com.ibm.ws.config.admin.internal.ConfigAdminServiceFactory@2f3faee3
      tc = class com.ibm.websphere.ras.TraceComponent@71e0c9e9
      configurationPermission = class org.osgi.service.cm.ConfigurationPermission@1e41f9c8
      INDEX_DICTIONARY = 0
      INDEX_LOCATION = 1
      INDEX_METATYPE_PROCESSED = 2
      INDEX_IN_OVERRIDES_FILE = 3
      INDEX_REFERENCES = 4
      INDEX_UNIQUES = 5
      bundleContext = class org.eclipse.osgi.internal.framework.BundleContextImpl@77f895df
      msTracker = class com.ibm.ws.config.admin.internal.ManagedServiceTracker@354e0875
      msfTracker = class com.ibm.ws.config.admin.internal.ManagedServiceFactoryTracker@3b23b1f5
      pluginManager = class com.ibm.ws.config.admin.internal.PluginManager@7023e30c
      configurationStore = class com.ibm.ws.config.admin.internal.ConfigurationStore@61bddb79
      updateQueue = class com.ibm.ws.config.admin.internal.UpdateQueue@24757a9b
      ced = class com.ibm.ws.config.admin.internal.ConfigEventDispatcher@27fdbf9
      idMap = class java.util.Collections$SynchronizedMap@6d2b6339
      referenceMap = class java.util.Collections$SynchronizedMap@62c21bf6
      variableRegistryTracker = class org.osgi.util.tracker.ServiceTracker@6d6c0497
      variableRegistry = class com.ibm.ws.kernel.service.location.internal.VariableRegistryHelper@1130aad0
      configurationAdminRef = class org.eclipse.osgi.internal.serviceregistry.ServiceRegistrationImpl@7426b730
      serialVersionUID = 6695202270027014725
    serialVersionUID = -2875522750804142523
  libraryConfigHelper = class com.ibm.ws.classloading.ClassLoaderConfigHelper@31535270
    tc = class com.ibm.websphere.ras.TraceComponent@5c6e0fcb
      strings[0] = "TraceComponent[com.ibm.ws.classloading.ClassLoaderConfigHelper,class com.ibm.ws.classloading.ClassLoaderConfigHelper,[ClassLoadingService],com.ibm.ws.classloading.internal.resources.ClassLoadingServiceMessages,null]"
    DEFAULT_API_TYPES = class java.util.RegularEnumSet@3e41e336
      serialVersionUID = 3411599620347842686
      elements = 23
      elementType = class java.lang.Class@6c6f9fc7
      universe = class com.ibm.wsspi.classloading.ApiType[5]
      ZERO_LENGTH_ENUM_ARRAY = class java.lang.Enum[0]
      MAX_ARRAY_SIZE = 2147483639
    sharedLibraries = class java.util.Collections$EmptyList@33394641
      serialVersionUID = 8842843931221139166
      modCount = 0
      MAX_ARRAY_SIZE = 2147483639
    commonLibraries = class java.util.Collections$EmptyList@33394641
    classProviders = class java.util.Collections$EmptyList@33394641
    sharedLibrariesPids = null
    commonLibrariesPids = null
    isDelegateLast = false
    apiTypes = class java.util.RegularEnumSet@2e8f8dd7
      serialVersionUID = 3411599620347842686
      elements = 31
      elementType = class java.lang.Class@6c6f9fc7
      universe = class com.ibm.wsspi.classloading.ApiType[5]
      ZERO_LENGTH_ENUM_ARRAY = class java.lang.Enum[0]
      MAX_ARRAY_SIZE = 2147483639
    classLoaderConfigProps = class com.ibm.ws.config.admin.ConfigurationDictionary@1d8e729d
      serialVersionUID = 7966152868712543805
      simpleTypes = class java.util.Arrays$ArrayList@1ba34b34
      primitiveArrayTypes = class java.util.Arrays$ArrayList@1c73b145
      simpleArrayTypes = class java.util.Arrays$ArrayList@7e1e3736
      extendedTypes = class java.util.Arrays$ArrayList@50d720bc
      CASE_INSENSITIVE = class com.ibm.ws.config.admin.ConfigurationDictionary$CaseInsensitive@512c2b79
      properties = class java.util.Collections$SynchronizedMap@511d5be5
    serialVersionUID = 7643888529935916418
  isDelegateLast = false
  permissionManager = class com.ibm.ws.classloading.java2sec.PermissionManager@277e5492
    tc = class com.ibm.websphere.ras.TraceComponent@17bb6fcc
      strings[0] = "TraceComponent[com.ibm.ws.classloading.java2sec.PermissionManager,class com.ibm.ws.classloading.java2sec.PermissionManager,[Java2SecurityUtil],com.ibm.ws.classloading.internal.resources.Java2SecurityUtilMessages,null]"
    bundleContext = class org.eclipse.osgi.internal.framework.BundleContextImpl@35b23138
    classLoadingService = class com.ibm.ws.classloading.internal.ClassLoadingServiceImpl@3b1c8281
    DEFAULT_SERVER_RESTRICTABLE_PERMISSIONS = class java.security.Permission[4]
      Permission[0] = class java.lang.RuntimePermission@76edc8fa
      Permission[1] = class java.lang.RuntimePermission@792dd871
      Permission[2] = class java.security.SecurityPermission@1be2bdd
      Permission[3] = class javax.security.auth.AuthPermission@59b9b73f
    DEFAULT_CLIENT_RESTRICTABLE_PERMISSIONS = class java.security.Permission[3]
      Permission[0] = class java.lang.RuntimePermission@178dd70e
      Permission[1] = class java.security.SecurityPermission@773fb9e9
      Permission[2] = class javax.security.auth.AuthPermission@1f598670
    isServer = true
    wsjarUrlStreamHandlerAvailable = true
    restrictablePermissions = class java.util.ArrayList@3ab6cd29
      serialVersionUID = 8683452581122892189
      DEFAULT_CAPACITY = 10
      EMPTY_ELEMENTDATA = class java.lang.Object[0]
      DEFAULTCAPACITY_EMPTY_ELEMENTDATA = class java.lang.Object[0]
      elementData = class java.lang.Object[10]
      size = 4
      MAX_ARRAY_SIZE = 2147483639
      modCount = 4
      MAX_ARRAY_SIZE = 2147483639
    javaAllCodeBasePermissions = class java.util.ArrayList@5ec6e91c
      serialVersionUID = 8683452581122892189
      DEFAULT_CAPACITY = 10
      EMPTY_ELEMENTDATA = class java.lang.Object[0]
      DEFAULTCAPACITY_EMPTY_ELEMENTDATA = class java.lang.Object[0]
      elementData = class java.lang.Object[22]
      size = 21
      MAX_ARRAY_SIZE = 2147483639
      modCount = 21
      MAX_ARRAY_SIZE = 2147483639
    expandProps = true
    grantedPermissions = class java.util.ArrayList@567ecddc
      serialVersionUID = 8683452581122892189
      DEFAULT_CAPACITY = 10
      EMPTY_ELEMENTDATA = class java.lang.Object[0]
      DEFAULTCAPACITY_EMPTY_ELEMENTDATA = class java.lang.Object[0]
      elementData = class java.lang.Object[10]
      size = 1
      MAX_ARRAY_SIZE = 2147483639
      modCount = 1
      MAX_ARRAY_SIZE = 2147483639
    KEY_PERMISSION = "permission"
    INCORRECT_PERMISSION_CONFIGURATION = "INCORRECT_PERMISSION_CONFIGURATION"
    PERMISSION_CLASSNOTFOUND = "PERMISSION_CLASSNOTFOUND"
    SERVER_XML = "server.xml"
    CLIENT_XML = "client.xml"
    JAVA_POLICY = "java.policy"
    os_name = "Windows 10"
    os_version = "10.0"
    originationFile = "server.xml"
    permissions = class com.ibm.wsspi.kernel.service.utils.ConcurrentServiceReferenceSet@2f4d4fcf
      referenceName = "permission"
      contextRef = class java.util.concurrent.atomic.AtomicReference@3ecc60f3
      elementMap = class java.util.LinkedHashMap@6988ed0a
      elementSet = class java.util.concurrent.ConcurrentSkipListSet@4fccfa52
      elementSetUnsorted = false
      serialVersionUID = 756240983881166148
      $$$tc$$$ = class com.ibm.websphere.ras.TraceComponent@51e8ea25
    codeBasePermissionMap = class java.util.HashMap@239e008a
      serialVersionUID = 362498820763181265
      DEFAULT_INITIAL_CAPACITY = 16
      MAXIMUM_CAPACITY = 1073741824
      DEFAULT_LOAD_FACTOR = 0.75
      TREEIFY_THRESHOLD = 8
      UNTREEIFY_THRESHOLD = 6
      MIN_TREEIFY_CAPACITY = 64
      table = class java.util.HashMap$Node[16]
      entrySet = null
      size = 1
      modCount = 1
      threshold = 12
      loadFactor = 0.75
      keySet = class java.util.HashMap$KeySet@2745f161
      values = null
    permissionXMLPermissionMap = class java.util.HashMap@4af993ec
      serialVersionUID = 362498820763181265
      DEFAULT_INITIAL_CAPACITY = 16
      MAXIMUM_CAPACITY = 1073741824
      DEFAULT_LOAD_FACTOR = 0.75
      TREEIFY_THRESHOLD = 8
      UNTREEIFY_THRESHOLD = 6
      MIN_TREEIFY_CAPACITY = 64
      table = null
      entrySet = null
      size = 0
      modCount = 0
      threshold = 0
      loadFactor = 0.75
      keySet = null
      values = null
    serialVersionUID = 8583289148510585888
  permissionsConfig = null
  serialVersionUID = 1131686356392279747
  appInfo = class com.ibm.ws.container.service.app.deploy.internal.ApplicationInfoImpl@33924f4
    appName = "documents"
    appMetaData = class com.ibm.ws.container.service.app.deploy.internal.ApplicationMetaDataImpl@24e7086e
      j2eeName = class com.ibm.ws.container.service.metadata.internal.J2EENameImpl@17060295
      serialVersionUID = -7906531148367236579
      $$$tc$$$ = class com.ibm.websphere.ras.TraceComponent@6bf030b
      tc = class com.ibm.websphere.ras.TraceComponent@13089d7f
      NUM_STATIC_SLOTS = 4
      ID_UNINITIALIZED = -1
      id = 6
      metaDataInterface = class java.lang.Class@49f208c5
      staticSlots = class java.lang.Object[4]
      dynamicSlots = null
    appContainer = class com.ibm.ws.adaptable.module.internal.AdaptableContainerImpl@5c90c07
    configHelper = class com.ibm.ws.app.manager.module.ApplicationNestedConfigHelper@5686372f
      appInfo = class com.ibm.ws.app.manager.internal.ApplicationInstallInfo@7417270d
      serialVersionUID = -3174031738676705046
      $$$tc$$$ = class com.ibm.websphere.ras.TraceComponent@741121b3
    applicationInformation = class com.ibm.ws.app.manager.internal.ApplicationInstallInfo@7417270d
    serialVersionUID = 5227817860647895780
    $$$tc$$$ = class com.ibm.websphere.ras.TraceComponent@65ce16d2
      strings[0] = "TraceComponent[com.ibm.ws.container.service.app.deploy.internal.ApplicationInfoImpl,class com.ibm.ws.container.service.app.deploy.internal.ApplicationInfoImpl,[container.service],com.ibm.ws.container.service.resources.Messages,null]"
  appInfoRegistration = null
  modulesDeployed = class java.util.ArrayList@1d209daa
    serialVersionUID = 8683452581122892189
    DEFAULT_CAPACITY = 10
    EMPTY_ELEMENTDATA = class java.lang.Object[0]
    DEFAULTCAPACITY_EMPTY_ELEMENTDATA = class java.lang.Object[0]
    elementData = class java.lang.Object[10]
      Object[0] = class com.ibm.ws.app.manager.module.internal.DeployedModuleInfoImpl@e274d76
      Object[1] = null
      Object[2] = null
      Object[3] = null
      Object[4] = null
      Object[5] = null
      Object[6] = null
      Object[7] = null
      Object[8] = null
      Object[9] = null
    size = 1
    MAX_ARRAY_SIZE = 2147483639
    modCount = 1
    MAX_ARRAY_SIZE = 2147483639
  starting = true
  started = false
  deployedAppServices = class com.ibm.ws.app.manager.module.internal.DeployedAppServicesImpl@42ee2259
    SERVER_APPS_DIR = "${server.output.dir}/apps/"
    EXPANDED_APPS_DIR = "${server.output.dir}/apps/expanded/"
    bundleContext = class org.eclipse.osgi.internal.framework.BundleContextImpl@3d97e9c2
      valid = true
      bundle = class org.eclipse.osgi.internal.framework.EquinoxBundle@48f1af5f
      container = class org.eclipse.osgi.internal.framework.EquinoxContainer@18712d2a
      debug = class org.eclipse.osgi.internal.debug.Debug@555de481
      servicesInUse = class java.util.HashMap@6f952a96
      activator = null
      contextLock = class java.lang.Object@1659b5cd
    applicationInfoFactory = class com.ibm.ws.container.service.app.deploy.internal.ApplicationInfoFactoryImpl@55017220
    futureMonitor = class com.ibm.ws.threading.internal.FutureMonitorImpl@46cb4b22
    classLoadingService = class com.ibm.ws.classloading.internal.ClassLoadingServiceImpl@3b1c8281
    globalSharedLibrary = class com.ibm.ws.library.internal.SharedLibraryImpl@1320b363
    globalSharedLibraryPid = "com.ibm.ws.classloading.sharedlibrary_39"
    configAdmin = class com.ibm.ws.config.admin.internal.ConfigurationAdminImpl@6e84ddab
    metaDataService = class com.ibm.ws.container.service.metadata.internal.MetaDataServiceImpl@7eea6a22
    stateChangeService = class com.ibm.ws.container.service.state.internal.StateChangeServiceImpl@443b71a5
    allModuleTypes = class java.lang.String[4]
      String[0] = "ejb"
      String[1] = "web"
      String[2] = "client"
      String[3] = "connector"
    moduleMetaDataExtenders = class java.util.concurrent.ConcurrentHashMap@5dc2b0e8
      serialVersionUID = 7249069246763182397
      MAXIMUM_CAPACITY = 1073741824
      DEFAULT_CAPACITY = 16
      MAX_ARRAY_SIZE = 2147483639
      DEFAULT_CONCURRENCY_LEVEL = 16
      LOAD_FACTOR = 0.75
      TREEIFY_THRESHOLD = 8
      UNTREEIFY_THRESHOLD = 6
      MIN_TREEIFY_CAPACITY = 64
      MIN_TRANSFER_STRIDE = 16
      RESIZE_STAMP_BITS = 16
      MAX_RESIZERS = 65535
      RESIZE_STAMP_SHIFT = 16
      MOVED = -1
      TREEBIN = -2
      RESERVED = -3
      HASH_BITS = 2147483647
      NCPU = 8
      serialPersistentFields = class java.io.ObjectStreamField[3]
      table = class java.util.concurrent.ConcurrentHashMap$Node[16]
      nextTable = null
      baseCount = 4
      sizeCtl = 12
      transferIndex = 0
      cellsBusy = 0
      counterCells = null
      keySet = null
      values = null
      entrySet = null
      U = class sun.misc.Unsafe@4846133
      SIZECTL = 20
      TRANSFERINDEX = 32
      BASECOUNT = 24
      CELLSBUSY = 36
      CELLVALUE = 144
      ABASE = 16
      ASHIFT = 2
      keySet = null
      values = null
    nestedModuleMetaDataFactories = class java.util.concurrent.ConcurrentHashMap@fd84505
      serialVersionUID = 7249069246763182397
      MAXIMUM_CAPACITY = 1073741824
      DEFAULT_CAPACITY = 16
      MAX_ARRAY_SIZE = 2147483639
      DEFAULT_CONCURRENCY_LEVEL = 16
      LOAD_FACTOR = 0.75
      TREEIFY_THRESHOLD = 8
      UNTREEIFY_THRESHOLD = 6
      MIN_TREEIFY_CAPACITY = 64
      MIN_TRANSFER_STRIDE = 16
      RESIZE_STAMP_BITS = 16
      MAX_RESIZERS = 65535
      RESIZE_STAMP_SHIFT = 16
      MOVED = -1
      TREEBIN = -2
      RESERVED = -3
      HASH_BITS = 2147483647
      NCPU = 8
      serialPersistentFields = class java.io.ObjectStreamField[3]
      table = class java.util.concurrent.ConcurrentHashMap$Node[16]
      nextTable = null
      baseCount = 4
      sizeCtl = 12
      transferIndex = 0
      cellsBusy = 0
      counterCells = null
      keySet = null
      values = null
      entrySet = null
      U = class sun.misc.Unsafe@4846133
      SIZECTL = 20
      TRANSFERINDEX = 32
      BASECOUNT = 24
      CELLSBUSY = 36
      CELLVALUE = 144
      ABASE = 16
      ASHIFT = 2
      keySet = null
      values = null
    permissionManager = class com.ibm.ws.classloading.java2sec.PermissionManager@277e5492
    locAdmin = class com.ibm.ws.kernel.service.location.internal.WsLocationAdminImpl@779f15fe
    artifactFactory = class com.ibm.ws.artifact.internal.ArtifactContainerFactoryService@36728c08
    moduleFactory = class com.ibm.ws.adaptable.module.internal.AdaptableModuleFactoryImpl@58d59466
    serialVersionUID = 8537801607979767986
    $$$tc$$$ = class com.ibm.websphere.ras.TraceComponent@146c3eb
      strings[0] = "TraceComponent[com.ibm.ws.app.manager.module.internal.DeployedAppServicesImpl,class com.ibm.ws.app.manager.module.internal.DeployedAppServicesImpl,[applications, app.manager],null,null]"
  futureMonitor = class com.ibm.ws.threading.internal.FutureMonitorImpl@46cb4b22
    _monitor = class java.util.concurrent.ConcurrentLinkedQueue@28f3f7df
      serialVersionUID = 196745693267521676
      head = class java.util.concurrent.ConcurrentLinkedQueue$Node@3e403a34
      tail = class java.util.concurrent.ConcurrentLinkedQueue$Node@3e403a34
      UNSAFE = class sun.misc.Unsafe@4846133
      headOffset = 12
      tailOffset = 16
      MAX_ARRAY_SIZE = 2147483639
    _executor = class com.ibm.ws.threading.internal.ScheduledExecutorImpl@c02d24d
      threadGroupName = "Scheduled Executor Thread Group"
      executor = class com.ibm.ws.threading.internal.ExecutorServiceImpl@24fc7e94
      serialVersionUID = -9110693807503469597
      $$$tc$$$ = class com.ibm.websphere.ras.TraceComponent@5830ce0a
      continueExistingPeriodicTasksAfterShutdown = false
      executeExistingDelayedTasksAfterShutdown = true
      removeOnCancel = false
      sequencer = class java.util.concurrent.atomic.AtomicLong@36638517
      ctl = class java.util.concurrent.atomic.AtomicInteger@985cde4
      COUNT_BITS = 29
      CAPACITY = 536870911
      RUNNING = -536870912
      SHUTDOWN = 0
      STOP = 536870912
      TIDYING = 1073741824
      TERMINATED = 1610612736
      workQueue = class java.util.concurrent.ScheduledThreadPoolExecutor$DelayedWorkQueue@5b8eaec4
      mainLock = class java.util.concurrent.locks.ReentrantLock@2bd4c2da
      workers = class java.util.HashSet@135b18a
      termination = class java.util.concurrent.locks.AbstractQueuedSynchronizer$ConditionObject@26f8a6a5
      largestPoolSize = 1
      completedTaskCount = 0
      threadFactory = class com.ibm.ws.threading.internal.ThreadFactoryImpl@8aec430
      handler = class java.util.concurrent.ThreadPoolExecutor$AbortPolicy@5e115ed
      keepAliveTime = 0
      allowCoreThreadTimeOut = false
      corePoolSize = 1
      maximumPoolSize = 2147483647
      defaultHandler = class java.util.concurrent.ThreadPoolExecutor$AbortPolicy@5e115ed
      shutdownPerm = class java.lang.RuntimePermission@29745d3a
      acc = null
      ONLY_ONE = true
      $assertionsDisabled = true
    _threadRunning = class java.util.concurrent.atomic.AtomicBoolean@377d8486
      serialVersionUID = 4654671469794556979
      unsafe = class sun.misc.Unsafe@4846133
      valueOffset = 12
      value = 0
    _thread = class com.ibm.ws.threading.internal.FutureMonitorImpl$1@6c75f170
      this$0 = class com.ibm.ws.threading.internal.FutureMonitorImpl@46cb4b22
      serialVersionUID = 2422512430832938099
      $$$tc$$$ = class com.ibm.websphere.ras.TraceComponent@6bf120a3
    serialVersionUID = 2765238413969174390
    $$$tc$$$ = class com.ibm.websphere.ras.TraceComponent@78bf4364
      strings[0] = "TraceComponent[com.ibm.ws.threading.internal.FutureMonitorImpl,class com.ibm.ws.threading.internal.FutureMonitorImpl,[Threading],com.ibm.ws.threading.internal.resources.ThreadingMessages,null]"
  appInfoFactory = class com.ibm.ws.container.service.app.deploy.internal.ApplicationInfoFactoryImpl@55017220
    j2eeNameFactory = class com.ibm.wsspi.kernel.service.utils.AtomicServiceReference@2b223da4
      referenceName = "j2eeNameFactory"
      tuple = class java.util.concurrent.atomic.AtomicReference@4c66a2da
      serialVersionUID = 2226592364007985000
      $$$tc$$$ = class com.ibm.websphere.ras.TraceComponent@4cd0fe91
    names = class java.util.HashSet@7669eef3
      serialVersionUID = -5024744406713321676
      map = class java.util.HashMap@63c77316
      PRESENT = class java.lang.Object@5a3f122d
      MAX_ARRAY_SIZE = 2147483639
    serialVersionUID = 6232436640731165768
    $$$tc$$$ = class com.ibm.websphere.ras.TraceComponent@30648a1d
      strings[0] = "TraceComponent[com.ibm.ws.container.service.app.deploy.internal.ApplicationInfoFactoryImpl,class com.ibm.ws.container.service.app.deploy.internal.ApplicationInfoFactoryImpl,[container.service],com.ibm.ws.container.service.resources.Messages,null]"
  metaDataService = class com.ibm.ws.container.service.metadata.internal.MetaDataServiceImpl@7eea6a22
    applicationMetaDataManager = class com.ibm.ws.container.service.metadata.internal.ApplicationMetaDataManager@726f49a
      serialVersionUID = 1843747281024490904
      $$$tc$$$ = class com.ibm.websphere.ras.TraceComponent@151ed9d3
      listeners = class com.ibm.wsspi.kernel.service.utils.ConcurrentServiceReferenceSet@440dfaa6
      metaDataIDs = class com.ibm.ws.container.service.metadata.internal.IndexList@1f082dcd
      metaDatas = class java.util.ArrayList@5dbc5693
      slotIDs = class com.ibm.ws.container.service.metadata.internal.IndexList@511a9db2
      serialVersionUID = 5464421863354792977
      $$$tc$$$ = class com.ibm.websphere.ras.TraceComponent@2309e377
    moduleMetaDataManager = class com.ibm.ws.container.service.metadata.internal.ModuleMetaDataManager@69527479
      serialVersionUID = 2513574389899327209
      $$$tc$$$ = class com.ibm.websphere.ras.TraceComponent@3de4a497
      listeners = class com.ibm.wsspi.kernel.service.utils.ConcurrentServiceReferenceSet@5a46dbfb
      metaDataIDs = class com.ibm.ws.container.service.metadata.internal.IndexList@2a5b2cc5
      metaDatas = class java.util.ArrayList@683c4480
      slotIDs = class com.ibm.ws.container.service.metadata.internal.IndexList@52b5ba9a
      serialVersionUID = 5464421863354792977
      $$$tc$$$ = class com.ibm.websphere.ras.TraceComponent@2309e377
    componentMetaDataManager = class com.ibm.ws.container.service.metadata.internal.ComponentMetaDataManager@7e70fe28
      serialVersionUID = 8629793739641703882
      $$$tc$$$ = class com.ibm.websphere.ras.TraceComponent@425ce257
      listeners = class com.ibm.wsspi.kernel.service.utils.ConcurrentServiceReferenceSet@4f1ad9fc
      metaDataIDs = class com.ibm.ws.container.service.metadata.internal.IndexList@91d8b13
      metaDatas = class java.util.ArrayList@52b1b020
      slotIDs = class com.ibm.ws.container.service.metadata.internal.IndexList@53a36f3e
      serialVersionUID = 5464421863354792977
      $$$tc$$$ = class com.ibm.websphere.ras.TraceComponent@2309e377
    methodMetaDataManager = class com.ibm.ws.container.service.metadata.internal.MethodMetaDataManager@24f5856
      serialVersionUID = -8002489041502300640
      $$$tc$$$ = class com.ibm.websphere.ras.TraceComponent@6ef6b868
      listeners = class com.ibm.wsspi.kernel.service.utils.ConcurrentServiceReferenceSet@54b90c01
      metaDataIDs = class com.ibm.ws.container.service.metadata.internal.IndexList@6fc0a700
      metaDatas = class java.util.ArrayList@6de493c3
      slotIDs = class com.ibm.ws.container.service.metadata.internal.IndexList@6522a9e7
      serialVersionUID = 5464421863354792977
      $$$tc$$$ = class com.ibm.websphere.ras.TraceComponent@2309e377
    appModuleNameToModuleContainer = class java.util.concurrent.ConcurrentHashMap@32fdfea1
      serialVersionUID = 7249069246763182397
      MAXIMUM_CAPACITY = 1073741824
      DEFAULT_CAPACITY = 16
      MAX_ARRAY_SIZE = 2147483639
      DEFAULT_CONCURRENCY_LEVEL = 16
      LOAD_FACTOR = 0.75
      TREEIFY_THRESHOLD = 8
      UNTREEIFY_THRESHOLD = 6
      MIN_TREEIFY_CAPACITY = 64
      MIN_TRANSFER_STRIDE = 16
      RESIZE_STAMP_BITS = 16
      MAX_RESIZERS = 65535
      RESIZE_STAMP_SHIFT = 16
      MOVED = -1
      TREEBIN = -2
      RESERVED = -3
      HASH_BITS = 2147483647
      NCPU = 8
      serialPersistentFields = class java.io.ObjectStreamField[3]
      table = class java.util.concurrent.ConcurrentHashMap$Node[16]
      nextTable = null
      baseCount = 6
      sizeCtl = 12
      transferIndex = 0
      cellsBusy = 0
      counterCells = null
      keySet = null
      values = null
      entrySet = null
      U = class sun.misc.Unsafe@4846133
      SIZECTL = 20
      TRANSFERINDEX = 32
      BASECOUNT = 24
      CELLSBUSY = 36
      CELLVALUE = 144
      ABASE = 16
      ASHIFT = 2
      keySet = null
      values = null
    jeeNameToComponentMetaData = class java.util.concurrent.ConcurrentHashMap@48f6b53b
      serialVersionUID = 7249069246763182397
      MAXIMUM_CAPACITY = 1073741824
      DEFAULT_CAPACITY = 16
      MAX_ARRAY_SIZE = 2147483639
      DEFAULT_CONCURRENCY_LEVEL = 16
      LOAD_FACTOR = 0.75
      TREEIFY_THRESHOLD = 8
      UNTREEIFY_THRESHOLD = 6
      MIN_TREEIFY_CAPACITY = 64
      MIN_TRANSFER_STRIDE = 16
      RESIZE_STAMP_BITS = 16
      MAX_RESIZERS = 65535
      RESIZE_STAMP_SHIFT = 16
      MOVED = -1
      TREEBIN = -2
      RESERVED = -3
      HASH_BITS = 2147483647
      NCPU = 8
      serialPersistentFields = class java.io.ObjectStreamField[3]
      table = class java.util.concurrent.ConcurrentHashMap$Node[32]
      nextTable = null
      baseCount = 13
      sizeCtl = 24
      transferIndex = 0
      cellsBusy = 0
      counterCells = null
      keySet = null
      values = null
      entrySet = null
      U = class sun.misc.Unsafe@4846133
      SIZECTL = 20
      TRANSFERINDEX = 32
      BASECOUNT = 24
      CELLSBUSY = 36
      CELLVALUE = 144
      ABASE = 16
      ASHIFT = 2
      keySet = null
      values = null
    deferredMetaDataFactories = class com.ibm.wsspi.kernel.service.utils.ConcurrentServiceReferenceSet@310e93b3
      referenceName = "deferredMetaDataFactory"
      contextRef = class java.util.concurrent.atomic.AtomicReference@7a6985fd
      elementMap = class java.util.LinkedHashMap@2451b938
      elementSet = class java.util.concurrent.ConcurrentSkipListSet@1be66bef
      elementSetUnsorted = false
      serialVersionUID = 756240983881166148
      $$$tc$$$ = class com.ibm.websphere.ras.TraceComponent@51e8ea25
    deferredMetaDataInitializers = class com.ibm.wsspi.kernel.service.utils.ConcurrentServiceReferenceMap@49fbe02c
      referenceName = "deferredMetaDataFactory"
      context = class org.apache.felix.scr.impl.manager.ComponentContextImpl@1d54e23
      elementMap = class java.util.concurrent.ConcurrentHashMap@2944e4e5
      serialVersionUID = 6980924785166233786
      $$$tc$$$ = class com.ibm.websphere.ras.TraceComponent@14db5f80
    serialVersionUID = -2494605732980966097
    $$$tc$$$ = class com.ibm.websphere.ras.TraceComponent@685bdf4a
      strings[0] = "TraceComponent[com.ibm.ws.container.service.metadata.internal.MetaDataServiceImpl,class com.ibm.ws.container.service.metadata.internal.MetaDataServiceImpl,[Runtime],null,null]"
  stateChangeService = class com.ibm.ws.container.service.state.internal.StateChangeServiceImpl@443b71a5
    applicationStateManager = class com.ibm.ws.container.service.state.internal.ApplicationStateManager@47c8c83a
      serialVersionUID = -6685368059484454124
      $$$tc$$$ = class com.ibm.websphere.ras.TraceComponent@655b8657
      listeners = class com.ibm.wsspi.kernel.service.utils.ConcurrentServiceReferenceSet@628e7f3a
      serialVersionUID = 2284273176985484160
      $$$tc$$$ = class com.ibm.websphere.ras.TraceComponent@6b651d3d
    moduleStateManager = class com.ibm.ws.container.service.state.internal.ModuleStateManager@535f26e4
      serialVersionUID = -5540260902341249963
      $$$tc$$$ = class com.ibm.websphere.ras.TraceComponent@296252e9
      listeners = class com.ibm.wsspi.kernel.service.utils.ConcurrentServiceReferenceSet@60fd8afc
      serialVersionUID = 2284273176985484160
      $$$tc$$$ = class com.ibm.websphere.ras.TraceComponent@6b651d3d
    serialVersionUID = -537917915330350560
    $$$tc$$$ = class com.ibm.websphere.ras.TraceComponent@2120f2e3
      strings[0] = "TraceComponent[com.ibm.ws.container.service.state.internal.StateChangeServiceImpl,class com.ibm.ws.container.service.state.internal.StateChangeServiceImpl,[Runtime],null,null]"
  moduleClassesInfo = class com.ibm.ws.app.manager.module.internal.SimpleDeployedAppInfoBase$ModuleClassesInfoProvider@2be57ba9
    entryContainerInfosMap = class java.util.HashMap@6ac9a742
      serialVersionUID = 362498820763181265
      DEFAULT_INITIAL_CAPACITY = 16
      MAXIMUM_CAPACITY = 1073741824
      DEFAULT_LOAD_FACTOR = 0.75
      TREEIFY_THRESHOLD = 8
      UNTREEIFY_THRESHOLD = 6
      MIN_TREEIFY_CAPACITY = 64
      table = null
      entrySet = null
      size = 0
      modCount = 0
      threshold = 0
      loadFactor = 0.75
      keySet = null
      values = null
    serialVersionUID = -70332790531324534
    $$$tc$$$ = class com.ibm.websphere.ras.TraceComponent@54a839f7
      strings[0] = "TraceComponent[com.ibm.ws.app.manager.module.internal.SimpleDeployedAppInfoBase$ModuleClassesInfoProvider,class com.ibm.ws.app.manager.module.internal.SimpleDeployedAppInfoBase$ModuleClassesInfoProvider,[applications, app.manager],null,null]"
  moduleContainerInfos = class java.util.ArrayList@32316eb2
    serialVersionUID = 8683452581122892189
    DEFAULT_CAPACITY = 10
    EMPTY_ELEMENTDATA = class java.lang.Object[0]
    DEFAULTCAPACITY_EMPTY_ELEMENTDATA = class java.lang.Object[0]
    elementData = class java.lang.Object[10]
      Object[0] = class com.ibm.ws.app.manager.module.internal.SimpleDeployedAppInfoBase$WebModuleContainerInfo@339a5e78
      Object[1] = null
      Object[2] = null
      Object[3] = null
      Object[4] = null
      Object[5] = null
      Object[6] = null
      Object[7] = null
      Object[8] = null
      Object[9] = null
    size = 1
    MAX_ARRAY_SIZE = 2147483639
    modCount = 1
    MAX_ARRAY_SIZE = 2147483639
  activeModuleHandlers = class java.util.IdentityHashMap@6cff9aa6
    DEFAULT_CAPACITY = 32
    MINIMUM_CAPACITY = 4
    MAXIMUM_CAPACITY = 536870912
    table = class java.lang.Object[16]
      Object[0] = null
      Object[1] = null
      Object[2] = null
      Object[3] = null
      Object[4] = null
      Object[5] = null
      Object[6] = null
      Object[7] = null
      Object[8] = null
      Object[9] = null
      Object[10] = null
      Object[11] = null
      Object[12] = null
      Object[13] = null
      Object[14] = null
      Object[15] = null
    size = 0
    modCount = 2
    NULL_KEY = class java.lang.Object@7fbb9aad
    entrySet = null
    serialVersionUID = 8188218128353913216
    keySet = null
    values = null
  serialVersionUID = -2685719801501752993
  $$$tc$$$ = class com.ibm.websphere.ras.TraceComponent@87c0027
    strings[0] = "TraceComponent[com.ibm.ws.app.manager.module.internal.SimpleDeployedAppInfoBase,class com.ibm.ws.app.manager.module.internal.SimpleDeployedAppInfoBase,[applications, app.manager],null,null]"

Dump of objectArray[0]
Object type = com.ibm.ws.threading.internal.NonCancelableResultFuture
  _done = false
  _result = null
  _failure = null
  _listeners = class java.util.concurrent.ConcurrentLinkedQueue@5acdd443
    serialVersionUID = 196745693267521676
    head = class java.util.concurrent.ConcurrentLinkedQueue$Node@3c0c8363
      item = null
      next = null
      UNSAFE = class sun.misc.Unsafe@4846133
      itemOffset = 12
      nextOffset = 16
    tail = class java.util.concurrent.ConcurrentLinkedQueue$Node@3c0c8363
    UNSAFE = class sun.misc.Unsafe@4846133
    headOffset = 12
    tailOffset = 16
    MAX_ARRAY_SIZE = 2147483639
  _notifiedListeners = class java.util.concurrent.atomic.AtomicBoolean@277f4ebf
    serialVersionUID = 4654671469794556979
    unsafe = class sun.misc.Unsafe@4846133
      theUnsafe = class sun.misc.Unsafe@4846133
      INVALID_FIELD_OFFSET = -1
      ARRAY_BOOLEAN_BASE_OFFSET = 16
      ARRAY_BYTE_BASE_OFFSET = 16
      ARRAY_SHORT_BASE_OFFSET = 16
      ARRAY_CHAR_BASE_OFFSET = 16
      ARRAY_INT_BASE_OFFSET = 16
      ARRAY_LONG_BASE_OFFSET = 16
      ARRAY_FLOAT_BASE_OFFSET = 16
      ARRAY_DOUBLE_BASE_OFFSET = 16
      ARRAY_OBJECT_BASE_OFFSET = 16
      ARRAY_BOOLEAN_INDEX_SCALE = 1
      ARRAY_BYTE_INDEX_SCALE = 1
      ARRAY_SHORT_INDEX_SCALE = 2
      ARRAY_CHAR_INDEX_SCALE = 2
      ARRAY_INT_INDEX_SCALE = 4
      ARRAY_LONG_INDEX_SCALE = 8
      ARRAY_FLOAT_INDEX_SCALE = 4
      ARRAY_DOUBLE_INDEX_SCALE = 8
      ARRAY_OBJECT_INDEX_SCALE = 4
      ADDRESS_SIZE = 8
    valueOffset = 12
    value = 0
  serialVersionUID = -296387658814354272
  $$$tc$$$ = class com.ibm.websphere.ras.TraceComponent@7dedfdd2
    strings[0] = "TraceComponent[com.ibm.ws.threading.internal.NonCancelableResultFuture,class com.ibm.ws.threading.internal.NonCancelableResultFuture,[Threading],com.ibm.ws.threading.internal.resources.ThreadingMessages,null]"

