------Start of DE processing------ = [28/12/21 20:49:35:417 EET]
Exception = javax.management.InstanceNotFoundException
Source = com.ibm.ws.jmx.internal.DelayedMBeanActivator
probeid = 104
Stack Dump = javax.management.InstanceNotFoundException
	at com.ibm.ws.jmx.internal.DelayedMBeanActivator.registerMBeanIfDelayed(DelayedMBeanActivator.java:168)
	at com.ibm.ws.jmx.internal.DelayedMBeanActivator.registerMBeanIfDelayed(DelayedMBeanActivator.java:120)
	at com.ibm.ws.jmx.internal.DelayedMBeanActivator.registerDelayedMBeans(DelayedMBeanActivator.java:103)
	at com.ibm.ws.jmx.internal.DelayedMBeanActivator.queryMBeans(DelayedMBeanActivator.java:605)
	at com.ibm.ws.kernel.boot.jmx.internal.PlatformMBeanServer.queryMBeans(PlatformMBeanServer.java:415)
	at io.openliberty.microprofile.metrics30.internal.BaseMetrics.activate(BaseMetrics.java:70)
	at sun.reflect.GeneratedMethodAccessor444.invoke(Unknown Source)
	at java.lang.reflect.Method.invoke(Method.java:498)
	at org.apache.felix.scr.impl.inject.methods.BaseMethod.invokeMethod(BaseMethod.java:244)
	at org.apache.felix.scr.impl.inject.methods.BaseMethod.access$500(BaseMethod.java:41)
	at org.apache.felix.scr.impl.inject.methods.BaseMethod$Resolved.invoke(BaseMethod.java:685)
	at org.apache.felix.scr.impl.inject.methods.BaseMethod.invoke(BaseMethod.java:529)
	at org.apache.felix.scr.impl.inject.methods.ActivateMethod.invoke(ActivateMethod.java:318)
	at org.apache.felix.scr.impl.inject.methods.ActivateMethod.invoke(ActivateMethod.java:308)
	at org.apache.felix.scr.impl.manager.SingleComponentManager.createImplementationObject(SingleComponentManager.java:354)
	at org.apache.felix.scr.impl.manager.SingleComponentManager.createComponent(SingleComponentManager.java:115)
	at org.apache.felix.scr.impl.manager.SingleComponentManager.getService(SingleComponentManager.java:1000)
	at org.apache.felix.scr.impl.manager.SingleComponentManager.getServiceInternal(SingleComponentManager.java:973)
	at org.apache.felix.scr.impl.manager.AbstractComponentManager.activateInternal(AbstractComponentManager.java:776)
	at org.apache.felix.scr.impl.manager.DependencyManager$SingleStaticCustomizer.addedService(DependencyManager.java:1271)
	at org.apache.felix.scr.impl.manager.DependencyManager$SingleStaticCustomizer.addedService(DependencyManager.java:1222)
	at org.apache.felix.scr.impl.manager.ServiceTracker$Tracked.customizerAdded(ServiceTracker.java:1200)
	at org.apache.felix.scr.impl.manager.ServiceTracker$Tracked.customizerAdded(ServiceTracker.java:1121)
	at org.apache.felix.scr.impl.manager.ServiceTracker$AbstractTracked.trackAdding(ServiceTracker.java:928)
	at org.apache.felix.scr.impl.manager.ServiceTracker$AbstractTracked.track(ServiceTracker.java:864)
	at org.apache.felix.scr.impl.manager.ServiceTracker$Tracked.serviceChanged(ServiceTracker.java:1152)
	at org.apache.felix.scr.impl.BundleComponentActivator$ListenerInfo.serviceChanged(BundleComponentActivator.java:114)
	at org.eclipse.osgi.internal.serviceregistry.FilteredServiceListener.serviceChanged(FilteredServiceListener.java:120)
	at org.eclipse.osgi.internal.framework.BundleContextImpl.dispatchEvent(BundleContextImpl.java:957)
	at org.eclipse.osgi.framework.eventmgr.EventManager.dispatchEvent(EventManager.java:234)
	at org.eclipse.osgi.framework.eventmgr.ListenerQueue.dispatchEventSynchronous(ListenerQueue.java:151)
	at org.eclipse.osgi.internal.serviceregistry.ServiceRegistry.publishServiceEventPrivileged(ServiceRegistry.java:936)
	at org.eclipse.osgi.internal.serviceregistry.ServiceRegistry.publishServiceEvent(ServiceRegistry.java:873)
	at org.eclipse.osgi.internal.serviceregistry.ServiceRegistrationImpl.register(ServiceRegistrationImpl.java:141)
	at org.eclipse.osgi.internal.serviceregistry.ServiceRegistry.registerService(ServiceRegistry.java:261)
	at org.eclipse.osgi.internal.framework.BundleContextImpl.registerService(BundleContextImpl.java:496)
	at org.apache.felix.scr.impl.manager.AbstractComponentManager$3.register(AbstractComponentManager.java:929)
	at org.apache.felix.scr.impl.manager.AbstractComponentManager$3.register(AbstractComponentManager.java:915)
	at org.apache.felix.scr.impl.manager.RegistrationManager.changeRegistration(RegistrationManager.java:133)
	at org.apache.felix.scr.impl.manager.AbstractComponentManager.registerService(AbstractComponentManager.java:984)
	at org.apache.felix.scr.impl.manager.AbstractComponentManager.activateInternal(AbstractComponentManager.java:752)
	at org.apache.felix.scr.impl.manager.AbstractComponentManager.enableInternal(AbstractComponentManager.java:674)
	at org.apache.felix.scr.impl.manager.AbstractComponentManager.enable(AbstractComponentManager.java:437)
	at org.apache.felix.scr.impl.manager.ConfigurableComponentHolder.enableComponents(ConfigurableComponentHolder.java:667)
	at org.apache.felix.scr.impl.BundleComponentActivator.initialEnable(BundleComponentActivator.java:305)
	at org.apache.felix.scr.impl.Activator.loadComponents(Activator.java:554)
	at org.apache.felix.scr.impl.Activator.access$200(Activator.java:70)
	at org.apache.felix.scr.impl.Activator$ScrExtension.start(Activator.java:421)
	at org.apache.felix.scr.impl.AbstractExtender.createExtension(AbstractExtender.java:196)
	at org.apache.felix.scr.impl.AbstractExtender.modifiedBundle(AbstractExtender.java:169)
	at org.apache.felix.scr.impl.AbstractExtender.modifiedBundle(AbstractExtender.java:49)
	at org.osgi.util.tracker.BundleTracker$Tracked.customizerModified(BundleTracker.java:488)
	at org.osgi.util.tracker.BundleTracker$Tracked.customizerModified(BundleTracker.java:1)
	at org.osgi.util.tracker.AbstractTracked.track(AbstractTracked.java:232)
	at org.osgi.util.tracker.BundleTracker$Tracked.bundleChanged(BundleTracker.java:450)
	at org.eclipse.osgi.internal.framework.BundleContextImpl.dispatchEvent(BundleContextImpl.java:945)
	at org.eclipse.osgi.framework.eventmgr.EventManager.dispatchEvent(EventManager.java:234)
	at org.eclipse.osgi.framework.eventmgr.ListenerQueue.dispatchEventSynchronous(ListenerQueue.java:151)
	at org.eclipse.osgi.internal.framework.EquinoxEventPublisher.publishBundleEventPrivileged(EquinoxEventPublisher.java:232)
	at org.eclipse.osgi.internal.framework.EquinoxEventPublisher.publishBundleEvent(EquinoxEventPublisher.java:138)
	at org.eclipse.osgi.internal.framework.EquinoxEventPublisher.publishBundleEvent(EquinoxEventPublisher.java:130)
	at org.eclipse.osgi.internal.framework.EquinoxContainerAdaptor.publishModuleEvent(EquinoxContainerAdaptor.java:217)
	at org.eclipse.osgi.container.Module.publishEvent(Module.java:499)
	at org.eclipse.osgi.container.Module.start(Module.java:486)
	at org.eclipse.osgi.container.ModuleContainer$ContainerStartLevel$2.run(ModuleContainer.java:1845)
	at org.eclipse.osgi.container.ModuleContainer$ContainerStartLevel$1.execute(ModuleContainer.java:1833)
	at org.eclipse.osgi.container.ModuleContainer$ContainerStartLevel.incStartLevel(ModuleContainer.java:1838)
	at org.eclipse.osgi.container.ModuleContainer$ContainerStartLevel.incStartLevel(ModuleContainer.java:1782)
	at org.eclipse.osgi.container.ModuleContainer$ContainerStartLevel.doContainerStartLevel(ModuleContainer.java:1743)
	at org.eclipse.osgi.container.ModuleContainer$ContainerStartLevel.dispatchEvent(ModuleContainer.java:1665)
	at org.eclipse.osgi.container.ModuleContainer$ContainerStartLevel.dispatchEvent(ModuleContainer.java:1)
	at org.eclipse.osgi.framework.eventmgr.EventManager.dispatchEvent(EventManager.java:234)
	at org.eclipse.osgi.framework.eventmgr.EventManager$EventThread.run(EventManager.java:345)

Dump of callerThis
Object type = com.ibm.ws.jmx.internal.DelayedMBeanActivator
  MBEAN_CLASSES = "com.ibm.ws.jmx.delayed.MBeanClasses"
  notificationSupport = class com.ibm.ws.kernel.boot.jmx.internal.PlatformMBeanServerDelegate@297587f0
    MBEANSERVER_ID = "WebSphere"
    count = class java.util.concurrent.atomic.AtomicInteger@50ea5a10
      serialVersionUID = 6214790243416807050
      unsafe = class sun.misc.Unsafe@65e14e79
      valueOffset = 12
      value = 1
      serialVersionUID = -8742448824652078965
    id = "WebSphere"
    delayedMBeanHelpers = class java.util.concurrent.CopyOnWriteArraySet@71061869
      serialVersionUID = 5457747651344034263
      al = class java.util.concurrent.CopyOnWriteArrayList@44dcb059
      MAX_ARRAY_SIZE = 2147483639
    mbeanServerId = null
    broadcaster = class javax.management.NotificationBroadcasterSupport@57a65b28
      listenerList = class java.util.concurrent.CopyOnWriteArrayList@6d12570f
      executor = class javax.management.NotificationBroadcasterSupport$1@12a56856
      notifInfo = class javax.management.MBeanNotificationInfo[0]
      defaultExecutor = class javax.management.NotificationBroadcasterSupport$1@12a56856
      NO_NOTIFICATION_INFO = class javax.management.MBeanNotificationInfo[0]
      logger = class com.sun.jmx.remote.util.ClassLogger@57791354
    oldStamp = 1640717374699
    stamp = 1640717374699
    sequenceNumber = 43
    notifsInfo = class javax.management.MBeanNotificationInfo[1]
      MBeanNotificationInfo[0] = class javax.management.MBeanNotificationInfo@3b892de2
    DELEGATE_NAME = class javax.management.ObjectName@54a97e52
      oldSerialVersionUID = -5467795090068647408
      newSerialVersionUID = 1081892073854801359
      oldSerialPersistentFields = class java.io.ObjectStreamField[6]
      newSerialPersistentFields = class java.io.ObjectStreamField[0]
      serialVersionUID = 1081892073854801359
      serialPersistentFields = class java.io.ObjectStreamField[0]
      compat = false
      _Empty_property_array = class javax.management.ObjectName$Property[0]
      _canonicalName = "JMImplementation:type=MBeanServerDelegate"
      _kp_array = class javax.management.ObjectName$Property[1]
      _ca_array = class javax.management.ObjectName$Property[1]
      _domain_length = 16
      _propertyList = null
      _domain_pattern = false
      _property_list_pattern = false
      _property_value_pattern = false
      WILDCARD = class javax.management.ObjectName@7b3c9d41
  delayedMBeanMap = class java.util.concurrent.ConcurrentHashMap@49cfb10d
    serialVersionUID = 7249069246763182397
    MAXIMUM_CAPACITY = 1073741824
    DEFAULT_CAPACITY = 16
    MAX_ARRAY_SIZE = 2147483639
    DEFAULT_CONCURRENCY_LEVEL = 16
    LOAD_FACTOR = 0.75
    TREEIFY_THRESHOLD = 8
    UNTREEIFY_THRESHOLD = 6
    MIN_TREEIFY_CAPACITY = 64
    MIN_TRANSFER_STRIDE = 16
    RESIZE_STAMP_BITS = 16
    MAX_RESIZERS = 65535
    RESIZE_STAMP_SHIFT = 16
    MOVED = -1
    TREEBIN = -2
    RESERVED = -3
    HASH_BITS = 2147483647
    NCPU = 8
    serialPersistentFields = class java.io.ObjectStreamField[3]
      ObjectStreamField[0] = class java.io.ObjectStreamField@764f4177
      ObjectStreamField[1] = class java.io.ObjectStreamField@7d8ccc48
      ObjectStreamField[2] = class java.io.ObjectStreamField@1c4c24fe
    table = class java.util.concurrent.ConcurrentHashMap$Node[32]
      Node[0] = null
      Node[1] = null
      Node[2] = class java.util.concurrent.ConcurrentHashMap$Node@55cdb69
      Node[3] = null
      Node[4] = class java.util.concurrent.ConcurrentHashMap$Node@631856ba
      Node[5] = class java.util.concurrent.ConcurrentHashMap$Node@4bdaf342
      Node[6] = null
      Node[7] = null
      Node[8] = class java.util.concurrent.ConcurrentHashMap$Node@461b6c5f
      Node[9] = class java.util.concurrent.ConcurrentHashMap$Node@25ff7066
      Node[10] = null
      Node[11] = null
      Node[12] = class java.util.concurrent.ConcurrentHashMap$Node@4735fe5
      Node[13] = class java.util.concurrent.ConcurrentHashMap$Node@18affcca
      Node[14] = null
      Node[15] = null
      Node[16] = null
      Node[17] = null
      Node[18] = null
      Node[19] = class java.util.concurrent.ConcurrentHashMap$Node@54b0214
      Node[20] = null
      Node[21] = class java.util.concurrent.ConcurrentHashMap$Node@5be93e9b
      Node[22] = null
      Node[23] = null
      Node[24] = null
      Node[25] = null
      Node[26] = null
      Node[27] = null
      Node[28] = class java.util.concurrent.ConcurrentHashMap$Node@45fbde74
      Node[29] = class java.util.concurrent.ConcurrentHashMap$Node@225533ad
      Node[30] = class java.util.concurrent.ConcurrentHashMap$Node@7f53de51
      Node[31] = class java.util.concurrent.ConcurrentHashMap$Node@6ddc3ac6
    nextTable = null
    baseCount = 17
    sizeCtl = 24
    transferIndex = 0
    cellsBusy = 0
    counterCells = null
    keySet = class java.util.concurrent.ConcurrentHashMap$KeySetView@73ed423f
      serialVersionUID = 7249069246763182397
      value = null
      serialVersionUID = 7249069246763182397
      map = class java.util.concurrent.ConcurrentHashMap@49cfb10d
      oomeMsg = "Required array size too large"
    values = null
    entrySet = null
    U = class sun.misc.Unsafe@65e14e79
      theUnsafe = class sun.misc.Unsafe@65e14e79
      INVALID_FIELD_OFFSET = -1
      ARRAY_BOOLEAN_BASE_OFFSET = 16
      ARRAY_BYTE_BASE_OFFSET = 16
      ARRAY_SHORT_BASE_OFFSET = 16
      ARRAY_CHAR_BASE_OFFSET = 16
      ARRAY_INT_BASE_OFFSET = 16
      ARRAY_LONG_BASE_OFFSET = 16
      ARRAY_FLOAT_BASE_OFFSET = 16
      ARRAY_DOUBLE_BASE_OFFSET = 16
      ARRAY_OBJECT_BASE_OFFSET = 16
      ARRAY_BOOLEAN_INDEX_SCALE = 1
      ARRAY_BYTE_INDEX_SCALE = 1
      ARRAY_SHORT_INDEX_SCALE = 2
      ARRAY_CHAR_INDEX_SCALE = 2
      ARRAY_INT_INDEX_SCALE = 4
      ARRAY_LONG_INDEX_SCALE = 8
      ARRAY_FLOAT_INDEX_SCALE = 4
      ARRAY_DOUBLE_INDEX_SCALE = 8
      ARRAY_OBJECT_INDEX_SCALE = 4
      ADDRESS_SIZE = 8
    SIZECTL = 20
    TRANSFERINDEX = 32
    BASECOUNT = 24
    CELLSBUSY = 36
    CELLVALUE = 144
    ABASE = 16
    ASHIFT = 2
    keySet = null
    values = null
  bundleContext = class org.eclipse.osgi.internal.framework.BundleContextImpl@5a85181b
    valid = true
    bundle = class org.eclipse.osgi.internal.framework.EquinoxBundle@6593632f
      equinoxContainer = class org.eclipse.osgi.internal.framework.EquinoxContainer@5d6055d5
      module = class org.eclipse.osgi.internal.framework.EquinoxBundle$EquinoxModule@66623946
      monitor = class java.lang.Object@792b665e
      context = class org.eclipse.osgi.internal.framework.BundleContextImpl@5a85181b
      signerInfos = null
      $SWITCH_TABLE$org$eclipse$osgi$container$Module$State = {1,2,3,4,5,6,7} /* array length = 7 */
    container = class org.eclipse.osgi.internal.framework.EquinoxContainer@5d6055d5
      NAME = "org.eclipse.osgi"
      secureAction = class org.eclipse.osgi.framework.util.SecureAction@257151d
      connectModules = class org.eclipse.osgi.internal.framework.EquinoxContainer$ConnectModules@1d2b45b0
      equinoxConfig = class org.eclipse.osgi.internal.framework.EquinoxConfiguration@3c547034
      logServices = class org.eclipse.osgi.internal.log.EquinoxLogServices@4ec0bc61
      storage = class org.eclipse.osgi.storage.Storage@7485a759
      bootDelegation = class java.util.HashSet@33446abc
      bootDelegationStems = class java.lang.String[12]
      bootDelegateAll = false
      isProcessClassRecursionSupportedByAll = false
      eventPublisher = class org.eclipse.osgi.internal.framework.EquinoxEventPublisher@6766fb74
      monitor = class java.lang.Object@3e8027ae
      bootLoader = class org.eclipse.osgi.internal.framework.EquinoxContainer$1@2e01bb48
      serviceRegistry = class org.eclipse.osgi.internal.serviceregistry.ServiceRegistry@71991041
      contextFinder = class org.eclipse.osgi.internal.framework.ContextFinder@5570673a
      signedContentFactory = class org.osgi.util.tracker.ServiceTracker@2174f85d
      executor = class java.util.concurrent.ScheduledThreadPoolExecutor@1ef6168a
      storageSaver = class org.eclipse.osgi.internal.framework.StorageSaver@3d8e35e7
    debug = class org.eclipse.osgi.internal.debug.Debug@11208556
      ECLIPSE_OSGI = "org.eclipse.osgi"
      OPTION_DEBUG_GENERAL = "org.eclipse.osgi/debug"
      OPTION_DEBUG_BUNDLE_TIME = "org.eclipse.osgi/debug/bundleTime"
      OPTION_DEBUG_BUNDLE_START_TIME = "org.eclipse.osgi/debug/bundleStartTime"
      OPTION_DEBUG_LOADER = "org.eclipse.osgi/debug/loader"
      OPTION_DEBUG_STORAGE = "org.eclipse.osgi/debug/storage"
      OPTION_DEBUG_EVENTS = "org.eclipse.osgi/debug/events"
      OPTION_DEBUG_SERVICES = "org.eclipse.osgi/debug/services"
      OPTION_DEBUG_HOOKS = "org.eclipse.osgi/debug/hooks"
      OPTION_DEBUG_MANIFEST = "org.eclipse.osgi/debug/manifest"
      OPTION_DEBUG_FILTER = "org.eclipse.osgi/debug/filter"
      OPTION_DEBUG_SECURITY = "org.eclipse.osgi/debug/security"
      OPTION_DEBUG_STARTLEVEL = "org.eclipse.osgi/debug/startlevel"
      OPTION_DEBUG_PACKAGEADMIN = "org.eclipse.osgi/debug/packageadmin"
      OPTION_DEBUG_PACKAGEADMIN_TIMING = "org.eclipse.osgi/debug/packageadmin/timing"
      OPTION_MONITOR_ACTIVATION = "org.eclipse.osgi/monitor/activation"
      OPTION_MONITOR_LAZY = "org.eclipse.osgi/monitor/lazy"
      OPTION_DEBUG_MESSAGE_BUNDLES = "org.eclipse.osgi/debug/messageBundles"
      OPTION_DEBUG_LOCATION = "org.eclipse.osgi/debug/location"
      OPTION_CACHED_MANIFEST = "org.eclipse.osgi/debug/cachedmanifest"
      OPTION_DEBUG_SYSTEM_BUNDLE = "org.eclipse.osgi/debug/systemBundle"
      OPTION_DEBUG_BUNDLE_FILE = "org.eclipse.osgi/debug/bundleFile"
      OPTION_DEBUG_BUNDLE_FILE_OPEN = "org.eclipse.osgi/debug/bundleFile/open"
      OPTION_DEBUG_BUNDLE_FILE_CLOSE = "org.eclipse.osgi/debug/bundleFile/close"
      DEBUG_GENERAL = false
      DEBUG_BUNDLE_TIME = false
      DEBUG_LOADER = false
      DEBUG_STORAGE = false
      DEBUG_EVENTS = false
      DEBUG_SERVICES = false
      DEBUG_HOOKS = false
      DEBUG_MANIFEST = false
      DEBUG_FILTER = false
      DEBUG_SECURITY = false
      DEBUG_STARTLEVEL = false
      DEBUG_PACKAGEADMIN = false
      DEBUG_PACKAGEADMIN_TIMING = false
      DEBUG_MESSAGE_BUNDLES = false
      MONITOR_ACTIVATION = false
      DEBUG_LOCATION = false
      DEBUG_CACHED_MANIFEST = false
      DEBUG_SYSTEM_BUNDLE = false
      DEBUG_BUNDLE_FILE = false
      DEBUG_BUNDLE_FILE_OPEN = false
      DEBUG_BUNDLE_FILE_CLOSE = false
      out = class com.ibm.ws.logging.internal.impl.BaseTraceService$TeePrintStream@42c210f
    servicesInUse = class java.util.HashMap@3858f201
      serialVersionUID = 362498820763181265
      DEFAULT_INITIAL_CAPACITY = 16
      MAXIMUM_CAPACITY = 1073741824
      DEFAULT_LOAD_FACTOR = 0.75
      TREEIFY_THRESHOLD = 8
      UNTREEIFY_THRESHOLD = 6
      MIN_TREEIFY_CAPACITY = 64
      table = class java.util.HashMap$Node[16]
      entrySet = null
      size = 3
      modCount = 5
      threshold = 12
      loadFactor = 0.75
      keySet = null
      values = null
    activator = null
    contextLock = class java.lang.Object@271c50b6
  serialVersionUID = 9013352522093520959
  $$$tc$$$ = class com.ibm.websphere.ras.TraceComponent@53aa5572
    strings[0] = "TraceComponent[com.ibm.ws.jmx.internal.DelayedMBeanActivator,class com.ibm.ws.jmx.internal.DelayedMBeanActivator,[],null,null]"
  mbServer = class com.sun.jmx.mbeanserver.JmxMBeanServer@223acac9
    DEFAULT_FAIR_LOCK_POLICY = true
    instantiator = class com.sun.jmx.mbeanserver.MBeanInstantiator@8c35afc
      clr = class com.sun.jmx.mbeanserver.ClassLoaderRepositorySupport@788d777d
      primitiveClasses = class java.util.HashMap@1ae070a9
    secureClr = class com.sun.jmx.mbeanserver.SecureClassLoaderRepository@11260d61
      clr = class com.sun.jmx.mbeanserver.ClassLoaderRepositorySupport@788d777d
    interceptorsEnabled = false
    outerShell = class com.sun.jmx.mbeanserver.JmxMBeanServer@223acac9
    mbsInterceptor = class com.sun.jmx.interceptor.DefaultMBeanServerInterceptor@426cec1b
      instantiator = class com.sun.jmx.mbeanserver.MBeanInstantiator@8c35afc
      server = class com.sun.jmx.mbeanserver.JmxMBeanServer@223acac9
      delegate = class com.ibm.ws.kernel.boot.jmx.internal.PlatformMBeanServerDelegate@297587f0
      repository = class com.sun.jmx.mbeanserver.Repository@21c87c7
      listenerWrappers = class java.util.WeakHashMap@2cf09348
      domain = "DefaultDomain"
      beingUnregistered = class java.util.HashSet@601dba3c
    mBeanServerDelegateObject = class com.ibm.ws.kernel.boot.jmx.internal.PlatformMBeanServerDelegate@297587f0

