------Start of DE processing------ = [28/12/21 19:08:40:438 EET]
Exception = org.jboss.weld.exceptions.DeploymentException
Source = com.ibm.ws.container.service.state.internal.ApplicationStateManager
probeid = 54
Stack Dump = org.jboss.weld.exceptions.DeploymentException: WELD-001408: Unsatisfied dependencies for type DocumentDaoImpl with qualifiers @Default
  at injection point [BackedAnnotatedField] @Inject com.example.documents.HelloController.documentDaoImpl
  at com.example.documents.HelloController.documentDaoImpl(HelloController.java:0)
WELD-001474: Class com.example.documents.dao.DocumentDaoImpl is on the classpath, but was ignored because a class it references was not found: javax.persistence.EntityManager.

	at org.jboss.weld.bootstrap.Validator.validateInjectionPointForDeploymentProblems(Validator.java:378)
	at org.jboss.weld.bootstrap.Validator.validateInjectionPoint(Validator.java:290)
	at org.jboss.weld.bootstrap.Validator.validateGeneralBean(Validator.java:143)
	at org.jboss.weld.bootstrap.Validator.validateRIBean(Validator.java:164)
	at org.jboss.weld.bootstrap.Validator.validateBean(Validator.java:526)
	at org.jboss.weld.bootstrap.ConcurrentValidator$1.doWork(ConcurrentValidator.java:64)
	at org.jboss.weld.bootstrap.ConcurrentValidator$1.doWork(ConcurrentValidator.java:62)
	at org.jboss.weld.executor.IterativeWorkerTaskFactory$1.call(IterativeWorkerTaskFactory.java:62)
	at org.jboss.weld.executor.IterativeWorkerTaskFactory$1.call(IterativeWorkerTaskFactory.java:55)
	at java.util.concurrent.FutureTask.run(FutureTask.java:266)
	at java.util.concurrent.ThreadPoolExecutor.runWorker(ThreadPoolExecutor.java:1149)
	at java.util.concurrent.ThreadPoolExecutor$Worker.run(ThreadPoolExecutor.java:624)
	at java.lang.Thread.run(Thread.java:748)

Dump of callerThis
Object type = com.ibm.ws.container.service.state.internal.ApplicationStateManager
  serialVersionUID = -6685368059484454124
  $$$tc$$$ = class com.ibm.websphere.ras.TraceComponent@3bbdf3ba
    strings[0] = "TraceComponent[com.ibm.ws.container.service.state.internal.ApplicationStateManager,class com.ibm.ws.container.service.state.internal.ApplicationStateManager,[Runtime],null,null]"
  listeners = class com.ibm.wsspi.kernel.service.utils.ConcurrentServiceReferenceSet@4462c9ea
    referenceName = "applicationStateListeners"
    contextRef = class java.util.concurrent.atomic.AtomicReference@2531185b
      serialVersionUID = -1848883965231344442
      unsafe = class sun.misc.Unsafe@796a62cb
      valueOffset = 12
      value = class org.apache.felix.scr.impl.manager.ComponentContextImpl@54345e7d
    elementMap = class java.util.LinkedHashMap@70a621c9
      serialVersionUID = 3801124242820219131
      head = class java.util.LinkedHashMap$Entry@155d855b
      tail = class java.util.LinkedHashMap$Entry@10530f29
      accessOrder = false
      serialVersionUID = 362498820763181265
      DEFAULT_INITIAL_CAPACITY = 16
      MAXIMUM_CAPACITY = 1073741824
      DEFAULT_LOAD_FACTOR = 0.75
      TREEIFY_THRESHOLD = 8
      UNTREEIFY_THRESHOLD = 6
      MIN_TREEIFY_CAPACITY = 64
      table = class java.util.HashMap$Node[16]
      entrySet = null
      size = 11
      modCount = 11
      threshold = 12
      loadFactor = 0.75
      keySet = null
      values = null
    elementSet = class java.util.concurrent.ConcurrentSkipListSet@2b15d3da
      serialVersionUID = -2479143111061671589
      m = class java.util.concurrent.ConcurrentSkipListMap@25c9de3f
      UNSAFE = class sun.misc.Unsafe@796a62cb
      mapOffset = 12
      MAX_ARRAY_SIZE = 2147483639
    elementSetUnsorted = false
    serialVersionUID = 756240983881166148
    $$$tc$$$ = class com.ibm.websphere.ras.TraceComponent@5ae3042b
      strings[0] = "TraceComponent[com.ibm.wsspi.kernel.service.utils.ConcurrentServiceReferenceSet,class com.ibm.wsspi.kernel.service.utils.ConcurrentServiceReferenceSet,[kernelUtils],com.ibm.ws.kernel.service.utils.resources.ServiceMessages,null]"
  serialVersionUID = 2284273176985484160
  $$$tc$$$ = class com.ibm.websphere.ras.TraceComponent@5db6919b
    strings[0] = "TraceComponent[com.ibm.ws.container.service.state.internal.StateChangeManager,class com.ibm.ws.container.service.state.internal.StateChangeManager,[Runtime],null,null]"

Dump of objectArray[0]
Object type = com.ibm.ws.container.service.app.deploy.internal.ApplicationInfoImpl
  appName = "documents"
  appMetaData = class com.ibm.ws.container.service.app.deploy.internal.ApplicationMetaDataImpl@f8f6808
    j2eeName = class com.ibm.ws.container.service.metadata.internal.J2EENameImpl@36d152a7
      serialVersionUID = 7488184044073147667
      application = "documents"
      module = null
      component = null
      string = "documents"
      j2eeNameBytes = null
      $$$tc$$$ = class com.ibm.websphere.ras.TraceComponent@d63662d
    serialVersionUID = -7906531148367236579
    $$$tc$$$ = class com.ibm.websphere.ras.TraceComponent@260a1bcd
      strings[0] = "TraceComponent[com.ibm.ws.container.service.app.deploy.internal.ApplicationMetaDataImpl,class com.ibm.ws.container.service.app.deploy.internal.ApplicationMetaDataImpl,[container.service],com.ibm.ws.container.service.resources.Messages,null]"
    tc = class com.ibm.websphere.ras.TraceComponent@26f31527
      strings[0] = "TraceComponent[com.ibm.ws.runtime.metadata.MetaDataImpl,class com.ibm.ws.runtime.metadata.MetaDataImpl,[Runtime],null,null]"
    NUM_STATIC_SLOTS = 4
    ID_UNINITIALIZED = -1
    id = 6
    metaDataInterface = class java.lang.Class@160d3ddd
      ANNOTATION = 8192
      ENUM = 16384
      SYNTHETIC = 4096
      cachedConstructor = null
      newInstanceCallerCache = null
      name = "com.ibm.ws.runtime.metadata.ApplicationMetaData"
      allPermDomain = class java.security.ProtectionDomain@1d5f7d14
      useCaches = true
      reflectionData = null
      classRedefinedCount = 0
      genericInfo = null
      serialVersionUID = 3206093459760846163
      serialPersistentFields = class java.io.ObjectStreamField[0]
      reflectionFactory = class sun.reflect.ReflectionFactory@6aac2822
      initted = true
      enumConstants = null
      enumConstantDirectory = null
      annotationData = null
      annotationType = null
      classValueMap = null
    staticSlots = class java.lang.Object[4]
      Object[0] = class com.ibm.ws.cdi.impl.weld.WebSphereCDIDeploymentImpl@3e2b40a4
      Object[1] = class com.ibm.ws.injectionengine.osgi.internal.OSGiInjectionScopeData@5cb7fc2
      Object[2] = "documents"
      Object[3] = null
    dynamicSlots = null
  appContainer = class com.ibm.ws.adaptable.module.internal.AdaptableContainerImpl@a0ec642
    root = class com.ibm.ws.adaptable.module.internal.AdaptableContainerImpl@a0ec642
    rootOverlay = class com.ibm.ws.artifact.overlay.internal.DirectoryBasedOverlayContainerImpl@6addd257
      base = class com.ibm.ws.artifact.loose.internal.LooseArchive@5fc704fd
      maskSet = class java.util.HashSet@1ba5bbd0
      cfHolder = class com.ibm.ws.artifact.overlay.internal.OverlayContainerFactoryImpl@223b05e3
      fileOverlayContainer = class com.ibm.ws.artifact.file.internal.FileContainer@61cba15a
      overlayDirectory = class java.io.File@95f3755
      cacheDirForOverlay = class java.io.File@6ed82a6f
      overlayNotifier = class com.ibm.ws.artifact.overlay.internal.DirectoryBasedOverlayNotifier@5815775f
      enclosingContainer = null
      entryInEnclosingContainer = null
      nestedOverlays = class java.util.concurrent.ConcurrentHashMap@6468cc76
      cacheStore = class com.ibm.ws.artifact.overlay.internal.OverlayCache@14fdaa31
      parentOverlay = null
      isPassThroughMode = true
      serialVersionUID = -6650153487216279998
      $$$tc$$$ = class com.ibm.websphere.ras.TraceComponent@ba445ba
    factoryHolder = class com.ibm.ws.adaptable.module.internal.AdaptableModuleFactoryImpl@63308391
      adapterFactoryService = class com.ibm.ws.adaptable.module.internal.AdapterFactoryServiceImpl@332efc68
      containerFactory = class com.ibm.ws.artifact.internal.ArtifactContainerFactoryService@45f02ac7
      overlayContainerFactory = class com.ibm.ws.artifact.overlay.internal.OverlayContainerFactoryImpl@223b05e3
      serialVersionUID = 4200251809856292987
      $$$tc$$$ = class com.ibm.websphere.ras.TraceComponent@13497551
    delegate = class com.ibm.ws.artifact.overlay.internal.DirectoryBasedOverlayContainerImpl@6addd257
    notifier = class com.ibm.ws.adaptable.module.internal.NotifierImpl@f56d34f
      root = class com.ibm.ws.adaptable.module.internal.AdaptableContainerImpl@a0ec642
      delegateNotifier = class com.ibm.ws.artifact.overlay.internal.DirectoryBasedOverlayNotifier@5815775f
      delegateRoot = class com.ibm.ws.artifact.overlay.internal.DirectoryBasedOverlayContainerImpl@6addd257
      listenerDelegates = class java.util.HashMap@60b925e8
      serialVersionUID = 6839382523957017880
      $$$tc$$$ = class com.ibm.websphere.ras.TraceComponent@1c7a83ae
    serialVersionUID = -5950528200509051684
    $$$tc$$$ = class com.ibm.websphere.ras.TraceComponent@17e8e67f
      strings[0] = "TraceComponent[com.ibm.ws.adaptable.module.internal.AdaptableContainerImpl,class com.ibm.ws.adaptable.module.internal.AdaptableContainerImpl,[archive.adaptable],null,null]"
  configHelper = class com.ibm.ws.app.manager.module.ApplicationNestedConfigHelper@7a1e79ee
    appInfo = class com.ibm.ws.app.manager.internal.ApplicationInstallInfo@4e5ba54e
    serialVersionUID = -3174031738676705046
    $$$tc$$$ = class com.ibm.websphere.ras.TraceComponent@3e4b9e39
      strings[0] = "TraceComponent[com.ibm.ws.app.manager.module.ApplicationNestedConfigHelper,class com.ibm.ws.app.manager.module.ApplicationNestedConfigHelper,[applications, app.manager],null,null]"
  applicationInformation = class com.ibm.ws.app.manager.internal.ApplicationInstallInfo@4e5ba54e
    _config = class com.ibm.ws.app.manager.internal.ApplicationConfig@75c4879a
      tc = class com.ibm.websphere.ras.TraceComponent@28fb1d7f
      _configPid = "com.ibm.ws.app.manager_40"
      _config = class com.ibm.ws.config.admin.ConfigurationDictionary@104563c0
      _applicationManager = class com.ibm.ws.app.manager.ApplicationManager@39fa8245
      _location = "documents.war"
      _type = "war"
      _name = "documents"
      _notificationBroadcasterSupport = class javax.management.NotificationBroadcasterSupport@373934e1
      ONE_TIME_JANDEX_MSGS_DISPLAYED = true
      serialVersionUID = -2151423388299667431
    _handlerInfo = class java.util.concurrent.atomic.AtomicReference@17f7e02
      serialVersionUID = -1848883965231344442
      unsafe = class sun.misc.Unsafe@796a62cb
      valueOffset = 12
      value = class com.ibm.ws.app.manager.war.internal.WARDeployedAppInfo@209531cb
    _container = class java.util.concurrent.atomic.AtomicReference@827b6ca
      serialVersionUID = -1848883965231344442
      unsafe = class sun.misc.Unsafe@796a62cb
      valueOffset = 12
      value = class com.ibm.ws.adaptable.module.internal.AdaptableContainerImpl@a0ec642
    _resolvedLocation = class java.util.concurrent.atomic.AtomicReference@1b451355
      serialVersionUID = -1848883965231344442
      unsafe = class sun.misc.Unsafe@796a62cb
      valueOffset = 12
      value = class com.ibm.ws.kernel.service.location.internal.LocalFileResource@3b596193
    _handler = class com.ibm.ws.app.manager.war.internal.WARApplicationHandlerImpl@4a6cbff0
      futureMonitor = class com.ibm.ws.threading.internal.FutureMonitorImpl@6e89be64
      deployedAppFactory = class com.ibm.ws.app.manager.war.internal.WARDeployedAppInfoFactoryImpl@7cee5477
      serialVersionUID = 4622845147410944782
      $$$tc$$$ = class com.ibm.websphere.ras.TraceComponent@6c5f4ef7
    _ami = class java.util.concurrent.atomic.AtomicReference@309947d1
      serialVersionUID = -1848883965231344442
      unsafe = class sun.misc.Unsafe@796a62cb
      valueOffset = 12
      value = class com.ibm.wsspi.application.handler.DefaultApplicationMonitoringInformation@1b4e7640
    _updateHandler = class com.ibm.ws.app.manager.internal.statemachine.ApplicationStateMachineImpl@53d26ee
      _tc = class com.ibm.websphere.ras.TraceComponent@6dce5c86
      EMPTY_FUTURE_ARRAY = interface java.util.concurrent.Future[0]
      asmSequenceNumber = class java.util.concurrent.atomic.AtomicLong@1379bb64
      _qscaCounter = class java.util.concurrent.atomic.AtomicInteger@635c0561
      _failedThrowable = null
      _interruptibleLock = class com.ibm.ws.app.manager.internal.statemachine.ApplicationStateMachineImpl$2@18abb34
      _interruptible = false
      _performingQueuedActions = true
      _queuedActions = class java.util.concurrent.ConcurrentLinkedQueue@aec7e1f
      _callbackState = class java.util.concurrent.atomic.AtomicReference@541046bd
      blockAppStartingFutures = class java.util.Collections$SetFromMap@57643653
      waitingForAppHandlerFuture = class java.util.concurrent.atomic.AtomicReference@3e37490
      waitingForExplicitStartFuture = class java.util.concurrent.atomic.AtomicReference@6a96fe75
      startAfterFutures = class java.util.Collections$SetFromMap@3c656834
      completionListener = class java.util.concurrent.atomic.AtomicReference@4ac51745
      _notifyAppStopped = class java.util.concurrent.ConcurrentLinkedQueue@521aad79
      _notifyAppStarting = class java.util.concurrent.ConcurrentLinkedQueue@f228419
      _notifyAppInstallCalled = class java.util.concurrent.ConcurrentLinkedQueue@18117901
      _notifyAppStarted = class java.util.concurrent.ConcurrentLinkedQueue@7a0c2a79
      _notifyAppRemoved = class java.util.concurrent.ConcurrentLinkedQueue@7d7a2124
      _stateLock = class com.ibm.ws.app.manager.internal.statemachine.ApplicationStateMachineImpl$3@66e370de
      _internalState = class java.util.concurrent.atomic.AtomicReference@7529d472
      _currentAction = class java.util.concurrent.atomic.AtomicReference@6eed674c
      _rfa = class java.util.concurrent.atomic.AtomicReference@42b208b4
      _appInstallInfo = class java.util.concurrent.atomic.AtomicReference@3faaf5bc
      _update = class java.util.concurrent.atomic.AtomicBoolean@41b2c7f
      _appConfig = class java.util.concurrent.atomic.AtomicReference@149ecb7
      _nextAppConfig = class java.util.concurrent.atomic.AtomicReference@53ecb382
      _appContainer = class java.util.concurrent.atomic.AtomicReference@3b03ab56
      _resolvedLocation = class java.util.concurrent.atomic.AtomicReference@6626109d
      _handler = class java.util.concurrent.atomic.AtomicReference@284474ba
      _asmSeqNo = 0
      _ctx = class org.eclipse.osgi.internal.framework.BundleContextImpl@45714b1c
      _locAdmin = class com.ibm.ws.kernel.service.location.internal.WsLocationAdminImpl@38fde31e
      _futureMonitor = class com.ibm.ws.threading.internal.FutureMonitorImpl@6e89be64
      _artifactFactory = class com.ibm.ws.artifact.internal.ArtifactContainerFactoryService@45f02ac7
      _moduleFactory = class com.ibm.ws.adaptable.module.internal.AdaptableModuleFactoryImpl@63308391
      _executorService = class com.ibm.ws.threading.internal.ExecutorServiceImpl@65e3e6ab
      _scheduledExecutorService = class com.ibm.ws.threading.internal.ScheduledExecutorImpl@6efe56ae
      _asmHelper = class com.ibm.ws.app.manager.internal.ApplicationConfigurator$NamedApplication@49ad193e
      _appMonitor = class com.ibm.ws.app.manager.internal.monitor.ApplicationMonitor@39ccbd7c
      enterStateCalled = class java.util.concurrent.atomic.AtomicBoolean@1a155ebf
      serialVersionUID = 7990273947104993494
      serialVersionUID = 300267208965883056
      $$$tc$$$ = class com.ibm.websphere.ras.TraceComponent@6160745d
    serialVersionUID = 2630639237123415755
    $$$tc$$$ = class com.ibm.websphere.ras.TraceComponent@26c79fc2
      strings[0] = "TraceComponent[com.ibm.ws.app.manager.internal.ApplicationInstallInfo,class com.ibm.ws.app.manager.internal.ApplicationInstallInfo,[applications, app.manager],com.ibm.ws.app.manager.internal.resources.AppManagerMessages,null]"
  serialVersionUID = 5227817860647895780
  $$$tc$$$ = class com.ibm.websphere.ras.TraceComponent@5e877ab1
    strings[0] = "TraceComponent[com.ibm.ws.container.service.app.deploy.internal.ApplicationInfoImpl,class com.ibm.ws.container.service.app.deploy.internal.ApplicationInfoImpl,[container.service],com.ibm.ws.container.service.resources.Messages,null]"

