------Start of DE processing------ = [28/12/21 19:25:13:623 EET]
Exception = com.ibm.ws.container.service.state.StateChangeException
Source = com.ibm.ws.app.manager.module.internal.SimpleDeployedAppInfoBase
probeid = 548
Stack Dump = com.ibm.ws.container.service.state.StateChangeException: org.jboss.weld.exceptions.DeploymentException: WELD-001408: Unsatisfied dependencies for type DocumentDaoImpl with qualifiers @Default
  at injection point [BackedAnnotatedField] @Inject com.example.documents.HelloController.documentDaoImpl
  at com.example.documents.HelloController.documentDaoImpl(HelloController.java:0)
WELD-001474: Class com.example.documents.dao.DocumentDaoImpl is on the classpath, but was ignored because a class it references was not found: javax.persistence.EntityManager.

	at com.ibm.ws.container.service.state.internal.ApplicationStateManager.fireStarting(ApplicationStateManager.java:55)
	at com.ibm.ws.container.service.state.internal.StateChangeServiceImpl.fireApplicationStarting(StateChangeServiceImpl.java:50)
	at com.ibm.ws.app.manager.module.internal.SimpleDeployedAppInfoBase.preDeployApp(SimpleDeployedAppInfoBase.java:547)
	at com.ibm.ws.app.manager.module.internal.SimpleDeployedAppInfoBase.installApp(SimpleDeployedAppInfoBase.java:508)
	at com.ibm.ws.app.manager.module.internal.DeployedAppInfoBase.deployApp(DeployedAppInfoBase.java:349)
	at com.ibm.ws.app.manager.war.internal.WARApplicationHandlerImpl.install(WARApplicationHandlerImpl.java:65)
	at com.ibm.ws.app.manager.internal.statemachine.StartAction.execute(StartAction.java:149)
	at com.ibm.ws.app.manager.internal.statemachine.ApplicationStateMachineImpl.enterState(ApplicationStateMachineImpl.java:1352)
	at com.ibm.ws.app.manager.internal.statemachine.ApplicationStateMachineImpl.run(ApplicationStateMachineImpl.java:897)
	at com.ibm.ws.threading.internal.ExecutorServiceImpl$RunnableWrapper.run(ExecutorServiceImpl.java:238)
	at java.util.concurrent.ThreadPoolExecutor.runWorker(ThreadPoolExecutor.java:1149)
	at java.util.concurrent.ThreadPoolExecutor$Worker.run(ThreadPoolExecutor.java:624)
	at java.lang.Thread.run(Thread.java:748)
Caused by: org.jboss.weld.exceptions.DeploymentException: WELD-001408: Unsatisfied dependencies for type DocumentDaoImpl with qualifiers @Default
  at injection point [BackedAnnotatedField] @Inject com.example.documents.HelloController.documentDaoImpl
  at com.example.documents.HelloController.documentDaoImpl(HelloController.java:0)
WELD-001474: Class com.example.documents.dao.DocumentDaoImpl is on the classpath, but was ignored because a class it references was not found: javax.persistence.EntityManager.

	at org.jboss.weld.bootstrap.Validator.validateInjectionPointForDeploymentProblems(Validator.java:378)
	at org.jboss.weld.bootstrap.Validator.validateInjectionPoint(Validator.java:290)
	at org.jboss.weld.bootstrap.Validator.validateGeneralBean(Validator.java:143)
	at org.jboss.weld.bootstrap.Validator.validateRIBean(Validator.java:164)
	at org.jboss.weld.bootstrap.Validator.validateBean(Validator.java:526)
	at org.jboss.weld.bootstrap.ConcurrentValidator$1.doWork(ConcurrentValidator.java:64)
	at org.jboss.weld.bootstrap.ConcurrentValidator$1.doWork(ConcurrentValidator.java:62)
	at org.jboss.weld.executor.IterativeWorkerTaskFactory$1.call(IterativeWorkerTaskFactory.java:62)
	at org.jboss.weld.executor.IterativeWorkerTaskFactory$1.call(IterativeWorkerTaskFactory.java:55)
	at java.util.concurrent.FutureTask.run(FutureTask.java:266)
	... 3 more

Dump of callerThis
Object type = com.ibm.ws.app.manager.war.internal.WARDeployedAppInfo
  CONTEXT_ROOT = "context-root"
  webContainerModuleInfo = class com.ibm.ws.app.manager.module.internal.SimpleDeployedAppInfoBase$WebModuleContainerInfo@7bc1f747
    contextRoot = "/"
    defaultContextRoot = "documents"
    serialVersionUID = 4617657913043497664
    $$$tc$$$ = class com.ibm.websphere.ras.TraceComponent@205133e
      strings[0] = "TraceComponent[com.ibm.ws.app.manager.module.internal.SimpleDeployedAppInfoBase$WebModuleContainerInfo,class com.ibm.ws.app.manager.module.internal.SimpleDeployedAppInfoBase$WebModuleContainerInfo,[applications, app.manager],null,null]"
    moduleHandler = class com.ibm.ws.app.manager.web.internal.WebModuleHandlerImpl@5e924a61
      serialVersionUID = 4795602325763828210
      $$$tc$$$ = class com.ibm.websphere.ras.TraceComponent@13fd7358
      futureMonitor = class com.ibm.ws.threading.internal.FutureMonitorImpl@7e75c651
      metaDataService = class com.ibm.ws.container.service.metadata.internal.MetaDataServiceImpl@77fe177f
      stateChangeService = class com.ibm.ws.container.service.state.internal.StateChangeServiceImpl@54127f89
      moduleRuntimeContainer = class com.ibm.ws.webcontainer.osgi.WebContainer@262137c5
      firstFailure = null
      serialVersionUID = -4563697739413190872
      $$$tc$$$ = class com.ibm.websphere.ras.TraceComponent@8aaca85
    moduleMetaDataExtenders = class java.util.Collections$UnmodifiableRandomAccessList@3ea41682
      serialVersionUID = -2542308836966382001
      serialVersionUID = -283967356065247728
      list = class java.util.concurrent.CopyOnWriteArrayList@390ac94e
      serialVersionUID = 1820017752578914078
      c = class java.util.concurrent.CopyOnWriteArrayList@390ac94e
    nestedModuleMetaDataFactories = class java.util.Collections$UnmodifiableRandomAccessList@5e6fd04b
      serialVersionUID = -2542308836966382001
      serialVersionUID = -283967356065247728
      list = class java.util.concurrent.CopyOnWriteArrayList@1130756
      serialVersionUID = 1820017752578914078
      c = class java.util.concurrent.CopyOnWriteArrayList@1130756
    nestedModules = null
    moduleName = "documents"
    moduleDD = null
    moduleInfo = class com.ibm.ws.app.manager.module.internal.WebModuleInfoImpl@4cbd0eed
      contextRoot = "/"
      isDefaultContextRootUsed = false
      defaultContextRoot = "documents"
      serialVersionUID = -6699247856069243844
      $$$tc$$$ = class com.ibm.websphere.ras.TraceComponent@70225f8a
      tc = class com.ibm.websphere.ras.TraceComponent@b8db500
      appInfo = class com.ibm.ws.container.service.app.deploy.internal.ApplicationInfoImpl@129e16cd
      moduleName = "documents"
      path = "documents.war"
      moduleContainer = class com.ibm.ws.adaptable.module.internal.AdaptableContainerImpl@6f5416b2
      altDDEntry = null
      moduleClassesContainers = class java.util.ArrayList@6940a193
      classLoaderFactory = class com.ibm.ws.app.manager.war.internal.WARDeployedAppInfo@176db4e4
      containerInfoType = class com.ibm.ws.container.service.app.deploy.ContainerInfo$Type@317d382e
      classLoader = class com.ibm.ws.classloading.internal.AppClassLoader@7e28718e
      moduleMetaData = class com.ibm.ws.webcontainer.osgi.metadata.WebModuleMetaDataImpl@11ef2b85
      nestedModuleMetaDataTypes = null
      nestedModuleMetaDataValues = null
      serialVersionUID = 3986734351620206554
    serialVersionUID = 5122721995888983779
    $$$tc$$$ = class com.ibm.websphere.ras.TraceComponent@11622be3
      strings[0] = "TraceComponent[com.ibm.ws.app.manager.module.internal.SimpleDeployedAppInfoBase$ModuleContainerInfoBase,class com.ibm.ws.app.manager.module.internal.SimpleDeployedAppInfoBase$ModuleContainerInfoBase,[applications, app.manager],null,null]"
    type = class com.ibm.ws.container.service.app.deploy.ContainerInfo$Type@317d382e
      MANIFEST_CLASSPATH = class com.ibm.ws.container.service.app.deploy.ContainerInfo$Type@6c2c63f3
      WEB_INF_CLASSES = class com.ibm.ws.container.service.app.deploy.ContainerInfo$Type@63146dda
      WEB_INF_LIB = class com.ibm.ws.container.service.app.deploy.ContainerInfo$Type@55768f75
      EAR_LIB = class com.ibm.ws.container.service.app.deploy.ContainerInfo$Type@3d2d255d
      WEB_MODULE = class com.ibm.ws.container.service.app.deploy.ContainerInfo$Type@317d382e
      EJB_MODULE = class com.ibm.ws.container.service.app.deploy.ContainerInfo$Type@3291eaf0
      CLIENT_MODULE = class com.ibm.ws.container.service.app.deploy.ContainerInfo$Type@72ab3bc5
      RAR_MODULE = class com.ibm.ws.container.service.app.deploy.ContainerInfo$Type@13c70fc2
      JAR_MODULE = class com.ibm.ws.container.service.app.deploy.ContainerInfo$Type@4794d72a
      SHARED_LIB = class com.ibm.ws.container.service.app.deploy.ContainerInfo$Type@7a6f6342
      $VALUES = class com.ibm.ws.container.service.app.deploy.ContainerInfo$Type[10]
      name = "WEB_MODULE"
      ordinal = 4
    name = "documents.war"
    container = class com.ibm.ws.adaptable.module.internal.AdaptableContainerImpl@6f5416b2
      root = class com.ibm.ws.adaptable.module.internal.AdaptableContainerImpl@6f5416b2
      rootOverlay = class com.ibm.ws.artifact.overlay.internal.DirectoryBasedOverlayContainerImpl@642f74f0
      factoryHolder = class com.ibm.ws.adaptable.module.internal.AdaptableModuleFactoryImpl@4b68e166
      delegate = class com.ibm.ws.artifact.overlay.internal.DirectoryBasedOverlayContainerImpl@642f74f0
      notifier = class com.ibm.ws.adaptable.module.internal.NotifierImpl@7ce5a101
      serialVersionUID = -5950528200509051684
      $$$tc$$$ = class com.ibm.websphere.ras.TraceComponent@1a16aafc
    moduleClassLoaderFactory = class com.ibm.ws.app.manager.war.internal.WARDeployedAppInfo@176db4e4
    altDDEntry = null
    classesContainerInfo = class java.util.ArrayList@6940a193
      serialVersionUID = 8683452581122892189
      DEFAULT_CAPACITY = 10
      EMPTY_ELEMENTDATA = class java.lang.Object[0]
      DEFAULTCAPACITY_EMPTY_ELEMENTDATA = class java.lang.Object[0]
      elementData = class java.lang.Object[33]
      size = 23
      MAX_ARRAY_SIZE = 2147483639
      modCount = 24
      MAX_ARRAY_SIZE = 2147483639
    serialVersionUID = 4636874131959542427
    $$$tc$$$ = class com.ibm.websphere.ras.TraceComponent@2e0aaf99
      strings[0] = "TraceComponent[com.ibm.ws.app.manager.module.internal.SimpleDeployedAppInfoBase$ExtendedContainerInfo,class com.ibm.ws.app.manager.module.internal.SimpleDeployedAppInfoBase$ExtendedContainerInfo,[applications, app.manager],null,null]"
  DYNAMIC_IMPORT_PACKAGE_LIST = class java.util.Collections$UnmodifiableRandomAccessList@421befc2
    serialVersionUID = -2542308836966382001
    serialVersionUID = -283967356065247728
    list = class java.util.Arrays$ArrayList@27eaf417
      serialVersionUID = -2764017481108945198
      a = class java.lang.String[1]
      modCount = 0
      MAX_ARRAY_SIZE = 2147483639
    serialVersionUID = 1820017752578914078
    c = class java.util.Arrays$ArrayList@27eaf417
  serialVersionUID = 6176035338244935179
  $$$tc$$$ = class com.ibm.websphere.ras.TraceComponent@7a9f6e74
    strings[0] = "TraceComponent[com.ibm.ws.app.manager.war.internal.WARDeployedAppInfo,class com.ibm.ws.app.manager.war.internal.WARDeployedAppInfo,[webcontainer, applications, app.manager],com.ibm.ws.app.manager.war.internal.resources.Messages,null]"
  _tc = class com.ibm.websphere.ras.TraceComponent@7b37870c
    strings[0] = "TraceComponent[com.ibm.ws.app.manager.module.internal.DeployedAppInfoBase,class com.ibm.ws.app.manager.module.internal.DeployedAppInfoBase,[app.manager],com.ibm.ws.app.manager.module.internal.resources.Messages,null]"
  PERMISSION_XML = "permissions.xml"
  applicationInformation = class com.ibm.ws.app.manager.internal.ApplicationInstallInfo@6a7db425
    _config = class com.ibm.ws.app.manager.internal.ApplicationConfig@5deec80d
      tc = class com.ibm.websphere.ras.TraceComponent@44c509eb
      _configPid = "com.ibm.ws.app.manager_13"
      _config = class com.ibm.ws.config.admin.ConfigurationDictionary@402c447d
      _applicationManager = class com.ibm.ws.app.manager.ApplicationManager@efa29c4
      _location = "documents.war"
      _type = "war"
      _name = "documents"
      _notificationBroadcasterSupport = class javax.management.NotificationBroadcasterSupport@43f57a5b
      ONE_TIME_JANDEX_MSGS_DISPLAYED = true
      serialVersionUID = -2151423388299667431
    _handlerInfo = class java.util.concurrent.atomic.AtomicReference@5ab59309
      serialVersionUID = -1848883965231344442
      unsafe = class sun.misc.Unsafe@127c6630
      valueOffset = 12
      value = class com.ibm.ws.app.manager.war.internal.WARDeployedAppInfo@176db4e4
    _container = class java.util.concurrent.atomic.AtomicReference@56da2ae8
      serialVersionUID = -1848883965231344442
      unsafe = class sun.misc.Unsafe@127c6630
      valueOffset = 12
      value = class com.ibm.ws.adaptable.module.internal.AdaptableContainerImpl@6f5416b2
    _resolvedLocation = class java.util.concurrent.atomic.AtomicReference@766649b
      serialVersionUID = -1848883965231344442
      unsafe = class sun.misc.Unsafe@127c6630
      valueOffset = 12
      value = class com.ibm.ws.kernel.service.location.internal.LocalFileResource@5b39ed1e
    _handler = class com.ibm.ws.app.manager.war.internal.WARApplicationHandlerImpl@2c636ada
      futureMonitor = class com.ibm.ws.threading.internal.FutureMonitorImpl@7e75c651
      deployedAppFactory = class com.ibm.ws.app.manager.war.internal.WARDeployedAppInfoFactoryImpl@15cf8e77
      serialVersionUID = 4622845147410944782
      $$$tc$$$ = class com.ibm.websphere.ras.TraceComponent@6dbf381c
    _ami = class java.util.concurrent.atomic.AtomicReference@5ab88984
      serialVersionUID = -1848883965231344442
      unsafe = class sun.misc.Unsafe@127c6630
      valueOffset = 12
      value = class com.ibm.wsspi.application.handler.DefaultApplicationMonitoringInformation@1c55ced
    _updateHandler = class com.ibm.ws.app.manager.internal.statemachine.ApplicationStateMachineImpl@5db26551
      _tc = class com.ibm.websphere.ras.TraceComponent@4a21a668
      EMPTY_FUTURE_ARRAY = interface java.util.concurrent.Future[0]
      asmSequenceNumber = class java.util.concurrent.atomic.AtomicLong@fe4d417
      _qscaCounter = class java.util.concurrent.atomic.AtomicInteger@500f7826
      _failedThrowable = null
      _interruptibleLock = class com.ibm.ws.app.manager.internal.statemachine.ApplicationStateMachineImpl$2@38c0e7de
      _interruptible = false
      _performingQueuedActions = true
      _queuedActions = class java.util.concurrent.ConcurrentLinkedQueue@5e7c30a3
      _callbackState = class java.util.concurrent.atomic.AtomicReference@77911317
      blockAppStartingFutures = class java.util.Collections$SetFromMap@5cf48b8b
      waitingForAppHandlerFuture = class java.util.concurrent.atomic.AtomicReference@633569dc
      waitingForExplicitStartFuture = class java.util.concurrent.atomic.AtomicReference@5c73b431
      startAfterFutures = class java.util.Collections$SetFromMap@23050d03
      completionListener = class java.util.concurrent.atomic.AtomicReference@5b55623b
      _notifyAppStopped = class java.util.concurrent.ConcurrentLinkedQueue@13e69b04
      _notifyAppStarting = class java.util.concurrent.ConcurrentLinkedQueue@52756775
      _notifyAppInstallCalled = class java.util.concurrent.ConcurrentLinkedQueue@5993052d
      _notifyAppStarted = class java.util.concurrent.ConcurrentLinkedQueue@2927f09e
      _notifyAppRemoved = class java.util.concurrent.ConcurrentLinkedQueue@ebe6005
      _stateLock = class com.ibm.ws.app.manager.internal.statemachine.ApplicationStateMachineImpl$3@7789e068
      _internalState = class java.util.concurrent.atomic.AtomicReference@36f239d9
      _currentAction = class java.util.concurrent.atomic.AtomicReference@20c78c99
      _rfa = class java.util.concurrent.atomic.AtomicReference@5d847ecc
      _appInstallInfo = class java.util.concurrent.atomic.AtomicReference@65364fb4
      _update = class java.util.concurrent.atomic.AtomicBoolean@422d9e3a
      _appConfig = class java.util.concurrent.atomic.AtomicReference@5e9261a2
      _nextAppConfig = class java.util.concurrent.atomic.AtomicReference@201e16a2
      _appContainer = class java.util.concurrent.atomic.AtomicReference@7702b6fa
      _resolvedLocation = class java.util.concurrent.atomic.AtomicReference@59702a6e
      _handler = class java.util.concurrent.atomic.AtomicReference@14a2df93
      _asmSeqNo = 0
      _ctx = class org.eclipse.osgi.internal.framework.BundleContextImpl@3b4811bd
      _locAdmin = class com.ibm.ws.kernel.service.location.internal.WsLocationAdminImpl@260ebba4
      _futureMonitor = class com.ibm.ws.threading.internal.FutureMonitorImpl@7e75c651
      _artifactFactory = class com.ibm.ws.artifact.internal.ArtifactContainerFactoryService@7ca9d04b
      _moduleFactory = class com.ibm.ws.adaptable.module.internal.AdaptableModuleFactoryImpl@4b68e166
      _executorService = class com.ibm.ws.threading.internal.ExecutorServiceImpl@73fa6b05
      _scheduledExecutorService = class com.ibm.ws.threading.internal.ScheduledExecutorImpl@207a2d45
      _asmHelper = class com.ibm.ws.app.manager.internal.ApplicationConfigurator$NamedApplication@3f737acb
      _appMonitor = class com.ibm.ws.app.manager.internal.monitor.ApplicationMonitor@70ed2055
      enterStateCalled = class java.util.concurrent.atomic.AtomicBoolean@42749d8b
      serialVersionUID = 7990273947104993494
      serialVersionUID = 300267208965883056
      $$$tc$$$ = class com.ibm.websphere.ras.TraceComponent@7ff0d793
    serialVersionUID = 2630639237123415755
    $$$tc$$$ = class com.ibm.websphere.ras.TraceComponent@755c1661
      strings[0] = "TraceComponent[com.ibm.ws.app.manager.internal.ApplicationInstallInfo,class com.ibm.ws.app.manager.internal.ApplicationInstallInfo,[applications, app.manager],com.ibm.ws.app.manager.internal.resources.AppManagerMessages,null]"
  location = "E:\facultate\master\java\java\tehnologii_java\documents\documents\target\liberty\wlp\usr\servers\documents\apps\documents.war.xml"
  classLoadingService = class com.ibm.ws.classloading.internal.ClassLoadingServiceImpl@2ec92146
    tc = class com.ibm.websphere.ras.TraceComponent@665fa537
      strings[0] = "TraceComponent[com.ibm.ws.classloading.internal.ClassLoadingServiceImpl,class com.ibm.ws.classloading.internal.ClassLoadingServiceImpl,[ClassLoadingService],com.ibm.ws.classloading.internal.resources.ClassLoadingServiceMessages,null]"
    leakDetectionMap = class java.util.HashMap@fe73f83
      serialVersionUID = 362498820763181265
      DEFAULT_INITIAL_CAPACITY = 16
      MAXIMUM_CAPACITY = 1073741824
      DEFAULT_LOAD_FACTOR = 0.75
      TREEIFY_THRESHOLD = 8
      UNTREEIFY_THRESHOLD = 6
      MIN_TREEIFY_CAPACITY = 64
      table = null
      entrySet = null
      size = 0
      modCount = 0
      threshold = 0
      loadFactor = 0.75
      keySet = null
      values = null
    appClassLoaders = class java.util.Collections$SetFromMap@63474bd5
      m = class java.util.WeakHashMap@332bdd1c
      s = class java.util.WeakHashMap$KeySet@1d5db893
      serialVersionUID = 2454657854757543876
      MAX_ARRAY_SIZE = 2147483639
    TCCL_LOCK_WAIT = 15000
    REFERENCE_GENERATORS = "generators"
    bundleContext = class org.eclipse.osgi.internal.framework.BundleContextImpl@6ab09321
      valid = true
      bundle = class org.eclipse.osgi.internal.framework.EquinoxBundle@665f0fb7
      container = class org.eclipse.osgi.internal.framework.EquinoxContainer@46f9fe82
      debug = class org.eclipse.osgi.internal.debug.Debug@22e5d2b5
      servicesInUse = class java.util.HashMap@19b051a5
      activator = null
      contextLock = class java.lang.Object@411b3948
    aclStore = class com.ibm.ws.classloading.internal.util.CanonicalStore@61da1ad0
      map = class java.util.concurrent.ConcurrentHashMap@180f497d
      q = class com.ibm.ws.classloading.internal.util.RefQueue@15e294e1
      serialVersionUID = 6715157558227169968
      $$$tc$$$ = class com.ibm.websphere.ras.TraceComponent@2e6952bb
    tcclStore = class com.ibm.ws.classloading.internal.util.CanonicalStore@28186487
      map = class java.util.concurrent.ConcurrentHashMap@3c1d1f3d
      q = class com.ibm.ws.classloading.internal.util.RefQueue@4c0bcdaf
      serialVersionUID = 6715157558227169968
      $$$tc$$$ = class com.ibm.websphere.ras.TraceComponent@2e6952bb
    tcclStoreLock = class java.util.concurrent.locks.ReentrantLock@1e354d20
      serialVersionUID = 7373984872572414699
      sync = class java.util.concurrent.locks.ReentrantLock$NonfairSync@7b6f0c55
    digraph = class org.eclipse.equinox.internal.region.StandardRegionDigraph@47f5a4d0
      EMPTY_EDGE_SET = class java.util.Collections$UnmodifiableSet@700a53f8
      monitor = class java.lang.Object@87079ab
      regions = class java.util.HashMap@669429b
      bundleIdToRegionMapping = class org.eclipse.equinox.internal.region.StandardBundleIdToRegionMapping@1f59ccb7
      edges = class java.util.HashMap@3d6ed937
      bundleContext = class org.eclipse.osgi.internal.framework.BundleContextImpl@751d3241
      threadLocal = class java.lang.ThreadLocal@36584210
      subgraphTraverser = class org.eclipse.equinox.internal.region.SubgraphTraverser@7ae9b3da
      bundleCollisionHook = class org.eclipse.equinox.internal.region.hook.RegionBundleCollisionHook@2b84f444
      bundleEventHook = class org.eclipse.equinox.internal.region.hook.RegionBundleEventHook@60683762
      bundleFindHook = class org.eclipse.equinox.internal.region.hook.RegionBundleFindHook@1454b1bd
      serviceEventHook = class org.eclipse.equinox.internal.region.hook.RegionServiceEventHook@2314a78e
      serviceFindHook = class org.eclipse.equinox.internal.region.hook.RegionServiceFindHook@2f3e517c
      resolverHookFactory = class org.eclipse.equinox.internal.region.hook.RegionResolverHookFactory@ecca0de
      origin = null
      originUpdateCount = -1
      updateCount = class java.util.concurrent.atomic.AtomicLong@3fa421e3
      defaultRegion = null
    redefiner = class com.ibm.ws.classloading.internal.util.ClassRedefiner@76483a64
      tc = class com.ibm.websphere.ras.TraceComponent@643a1d83
      LS = "
"
      inst = class com.sun.proxy.$Proxy0@6462caa2
      serialVersionUID = 2420101865139508526
    listener = class com.ibm.ws.classloading.internal.ClassLoadingServiceImpl$1@1d1f4476
      this$0 = class com.ibm.ws.classloading.internal.ClassLoadingServiceImpl@2ec92146
      serialVersionUID = -9159707349812113172
      $$$tc$$$ = class com.ibm.websphere.ras.TraceComponent@55a1cf9f
    classloaders = class java.util.Collections$SynchronizedMap@297746b8
      serialVersionUID = 1978198479659022715
      m = class java.util.HashMap@5e2f5311
      mutex = class java.util.Collections$SynchronizedMap@297746b8
      keySet = null
      entrySet = null
      values = null
    resourceProviders = class com.ibm.ws.classloading.internal.CompositeResourceProvider@434ea462
      lockFactory = class java.util.concurrent.locks.ReentrantReadWriteLock@fc34ca0
      providerMap = class com.ibm.ws.classloading.internal.util.MultiMap@11f6cf82
      serialVersionUID = -5576435894946156347
      $$$tc$$$ = class com.ibm.websphere.ras.TraceComponent@1d373026
    rememberedBundles = class java.util.concurrent.ConcurrentHashMap@74622d75
      serialVersionUID = 7249069246763182397
      MAXIMUM_CAPACITY = 1073741824
      DEFAULT_CAPACITY = 16
      MAX_ARRAY_SIZE = 2147483639
      DEFAULT_CONCURRENCY_LEVEL = 16
      LOAD_FACTOR = 0.75
      TREEIFY_THRESHOLD = 8
      UNTREEIFY_THRESHOLD = 6
      MIN_TREEIFY_CAPACITY = 64
      MIN_TRANSFER_STRIDE = 16
      RESIZE_STAMP_BITS = 16
      MAX_RESIZERS = 65535
      RESIZE_STAMP_SHIFT = 16
      MOVED = -1
      TREEBIN = -2
      RESERVED = -3
      HASH_BITS = 2147483647
      NCPU = 8
      serialPersistentFields = class java.io.ObjectStreamField[3]
      table = class java.util.concurrent.ConcurrentHashMap$Node[16]
      nextTable = null
      baseCount = 1
      sizeCtl = 12
      transferIndex = 0
      cellsBusy = 0
      counterCells = null
      keySet = null
      values = null
      entrySet = null
      U = class sun.misc.Unsafe@127c6630
      SIZECTL = 20
      TRANSFERINDEX = 32
      BASECOUNT = 24
      CELLSBUSY = 36
      CELLVALUE = 144
      ABASE = 16
      ASHIFT = 2
      keySet = null
      values = null
    collectedBundles = class java.lang.ref.ReferenceQueue@1339fb7b
      NULL = class java.lang.ref.ReferenceQueue$Null@630f475f
      ENQUEUED = class java.lang.ref.ReferenceQueue$Null@32c1dac
      lock = class java.lang.ref.ReferenceQueue$Lock@2e5c43b5
      head = null
      queueLength = 0
      $assertionsDisabled = true
    generatorRefs = class com.ibm.wsspi.kernel.service.utils.ConcurrentServiceReferenceSet@682d22
      referenceName = "generators"
      contextRef = class java.util.concurrent.atomic.AtomicReference@3eb1799d
      elementMap = class java.util.LinkedHashMap@7bfcb6c3
      elementSet = class java.util.concurrent.ConcurrentSkipListSet@6fae83b1
      elementSetUnsorted = false
      serialVersionUID = 756240983881166148
      $$$tc$$$ = class com.ibm.websphere.ras.TraceComponent@6c1bceb0
    generatorManager = class com.ibm.ws.classloading.internal.ClassGeneratorManager@3633e4f9
      tc = class com.ibm.websphere.ras.TraceComponent@c2c4bd8
      generatorRefs = class com.ibm.wsspi.kernel.service.utils.ConcurrentServiceReferenceSet@682d22
      serialVersionUID = 4152663586056483310
    appExtLibs = class java.util.concurrent.CopyOnWriteArrayList@53df7ecf
      serialVersionUID = 8673264195747942595
      lock = class java.util.concurrent.locks.ReentrantLock@8188d88
      array = class java.lang.Object[0]
      UNSAFE = class sun.misc.Unsafe@127c6630
      lockOffset = 12
    globalConfig = class com.ibm.ws.classloading.configuration.GlobalClassloadingConfiguration@f61b5ec
      properties = class org.apache.felix.scr.impl.helper.ReadOnlyDictionary@1bc6b3d1
      serialVersionUID = 452562347104713756
      $$$tc$$$ = class com.ibm.websphere.ras.TraceComponent@4018396f
    metaInfServicesProviders = class java.util.concurrent.ConcurrentHashMap@4ea1881f
      serialVersionUID = 7249069246763182397
      MAXIMUM_CAPACITY = 1073741824
      DEFAULT_CAPACITY = 16
      MAX_ARRAY_SIZE = 2147483639
      DEFAULT_CONCURRENCY_LEVEL = 16
      LOAD_FACTOR = 0.75
      TREEIFY_THRESHOLD = 8
      UNTREEIFY_THRESHOLD = 6
      MIN_TREEIFY_CAPACITY = 64
      MIN_TRANSFER_STRIDE = 16
      RESIZE_STAMP_BITS = 16
      MAX_RESIZERS = 65535
      RESIZE_STAMP_SHIFT = 16
      MOVED = -1
      TREEBIN = -2
      RESERVED = -3
      HASH_BITS = 2147483647
      NCPU = 8
      serialPersistentFields = class java.io.ObjectStreamField[3]
      table = null
      nextTable = null
      baseCount = 0
      sizeCtl = 0
      transferIndex = 0
      cellsBusy = 0
      counterCells = null
      keySet = null
      values = null
      entrySet = null
      U = class sun.misc.Unsafe@127c6630
      SIZECTL = 20
      TRANSFERINDEX = 32
      BASECOUNT = 24
      CELLSBUSY = 36
      CELLVALUE = 144
      ABASE = 16
      ASHIFT = 2
      keySet = null
      values = null
    metaInfServicesRefs = class com.ibm.wsspi.kernel.service.utils.ConcurrentServiceReferenceMap@679ca91e
      referenceName = "MetaInfServicesProvider"
      context = class org.apache.felix.scr.impl.manager.ComponentContextImpl@40985d99
      elementMap = class java.util.concurrent.ConcurrentHashMap@54f18043
      serialVersionUID = 6980924785166233786
      $$$tc$$$ = class com.ibm.websphere.ras.TraceComponent@6dabcb50
    protectionDomainMap = class java.util.HashMap@4f1d9a24
      serialVersionUID = 362498820763181265
      DEFAULT_INITIAL_CAPACITY = 16
      MAXIMUM_CAPACITY = 1073741824
      DEFAULT_LOAD_FACTOR = 0.75
      TREEIFY_THRESHOLD = 8
      UNTREEIFY_THRESHOLD = 6
      MIN_TREEIFY_CAPACITY = 64
      table = class java.util.HashMap$Node[16]
      entrySet = null
      size = 1
      modCount = 1
      threshold = 12
      loadFactor = 0.75
      keySet = null
      values = null
    metadataIdentifierService = class com.ibm.ws.container.service.metadata.internal.MetaDataServiceImpl@77fe177f
    globalSharedLibrary = class java.util.concurrent.atomic.AtomicReference@4dd188fe
      serialVersionUID = -1848883965231344442
      unsafe = class sun.misc.Unsafe@127c6630
      valueOffset = 12
      value = null
    serialVersionUID = 4365026902615131286
  globalSharedLibrary = class com.ibm.ws.library.internal.SharedLibraryImpl@21d94608
    tc = class com.ibm.websphere.ras.TraceComponent@52104cd7
      strings[0] = "TraceComponent[com.ibm.ws.library.internal.SharedLibraryImpl,class com.ibm.ws.library.internal.SharedLibraryImpl,[SharedLibrary],com.ibm.ws.classloading.internal.resources.ClassLoadingServiceMessages,null]"
    EMPTY_LIBRARY_LISTENERS = interface com.ibm.wsspi.library.LibraryChangeListener[0]
    deleted = false
    libraryListenersTracker = class org.osgi.util.tracker.ServiceTracker@ff2102b
      DEBUG = false
      context = class org.eclipse.osgi.internal.framework.BundleContextImpl@6ab09321
      filter = class org.eclipse.osgi.internal.framework.FilterImpl$And@56c011e6
      customizer = class org.osgi.util.tracker.ServiceTracker@ff2102b
      listenerFilter = "(&(objectClass=com.ibm.wsspi.library.LibraryChangeListener)(|(library=global)(libraryRef=*com.ibm.ws.classloading.sharedlibrary_39*)))"
      trackClass = null
      trackReference = null
      tracked = class org.osgi.util.tracker.ServiceTracker$Tracked@436dd3ba
      cachedReference = null
      cachedService = null
    libraryReg = class org.eclipse.osgi.internal.serviceregistry.ServiceRegistrationImpl@14fa6c84
      registry = class org.eclipse.osgi.internal.serviceregistry.ServiceRegistry@24508caf
      context = class org.eclipse.osgi.internal.framework.BundleContextImpl@6ab09321
      bundle = class org.eclipse.osgi.internal.framework.EquinoxBundle@665f0fb7
      clazzes = class java.lang.String[1]
      service = class com.ibm.ws.library.internal.SharedLibraryImpl@21d94608
      reference = class org.eclipse.osgi.internal.serviceregistry.ServiceReferenceImpl@52fbbf4
      contextsUsing = class java.util.ArrayList@6b62c046
      properties = class java.util.Collections$UnmodifiableMap@4bf71c71
      serviceid = 337
      serviceranking = 1
      registrationLock = class java.lang.Object@1d76c830
      state = 0
      REGISTERED = 0
      UNREGISTERING = 1
      UNREGISTERED = 2
      FRAMEWORK_SET_SERVICE_PROPERTIES_COUNT = 4
      $assertionsDisabled = true
    ctx = class org.eclipse.osgi.internal.framework.BundleContextImpl@6ab09321
    classLoadingService = class com.ibm.ws.classloading.internal.ClassLoadingServiceImpl@2ec92146
    configAdmin = class com.ibm.ws.config.admin.internal.ConfigurationAdminImpl@d248c92
      tc = class com.ibm.websphere.ras.TraceComponent@2b261e20
      bundle = class org.eclipse.osgi.internal.framework.EquinoxBundle@665f0fb7
      caFactory = class com.ibm.ws.config.admin.internal.ConfigAdminServiceFactory@5783d115
      serialVersionUID = -2875522750804142523
    resolvedBasePath = "E:/facultate/master/java/java/tehnologii_java/documents/documents/target/liberty/wlp/usr/servers/documents/"
    generationLock = class com.ibm.ws.library.internal.SharedLibraryImpl$1@2e4beba8
      this$0 = class com.ibm.ws.library.internal.SharedLibraryImpl@21d94608
      serialVersionUID = 2483639803450672373
      $$$tc$$$ = class com.ibm.websphere.ras.TraceComponent@1cafc93e
    currentGeneration = class com.ibm.ws.library.internal.LibraryGeneration@6f1c00e7
      tc = class com.ibm.websphere.ras.TraceComponent@29a10f2a
      nextInt = class java.util.concurrent.atomic.AtomicInteger@6553c4ad
      libraryId = "global"
      genId = 1
      libraryProps = class java.util.Hashtable@72ff4cfe
      filesetRefs = class java.util.Collections$UnmodifiableRandomAccessList@25854658
      apiTypeVisibility = class java.util.RegularEnumSet@59ac87ae
      files = class java.util.Collections$EmptyList@e7ef546
      folders = class java.util.ArrayList@22a1469a
      fileAndFolderContainers = class java.util.Collections$EmptyList@e7ef546
      filesets = class java.util.concurrent.ArrayBlockingQueue@2a31768c
      filesetListenerRegs = class java.util.concurrent.ConcurrentLinkedQueue@25095214
      cancelled = false
      library = class com.ibm.ws.library.internal.SharedLibraryImpl@21d94608
      serialVersionUID = 6965220007121905717
    nextGeneration = class com.ibm.ws.library.internal.LibraryGeneration@6f1c00e7
    artifactContainerFactory = class com.ibm.ws.library.internal.SharedLibraryFactory$1@70702667
      this$0 = class com.ibm.ws.library.internal.SharedLibraryFactory@573b3593
      serialVersionUID = 7730244564205089330
      $$$tc$$$ = class com.ibm.websphere.ras.TraceComponent@d71c2dd
    packageExporter = class com.ibm.ws.library.internal.LibraryPackageExporter@599964e7
      EXPORTER_POSTFIX = "_library_exporter"
      REGION_EXPORT_TO_LIBERTY = "liberty.library.export.to.liberty"
      REGION_EXPORT_TO_OSGI_APPS = "liberty.library.export.to.osgi.app"
      REGION_KERNEL = "org.eclipse.equinox.region.kernel"
      counter = class java.util.concurrent.atomic.AtomicLong@65fe3071
      context = class org.eclipse.osgi.internal.framework.BundleContextImpl@6ab09321
      digraph = class org.eclipse.equinox.internal.region.StandardRegionDigraph@47f5a4d0
      bundleToLibrary = class java.util.concurrent.ConcurrentHashMap@1863bc78
      libraryToVisibility = class java.util.concurrent.ConcurrentHashMap@6b843f91
      serialVersionUID = 8074378969667956573
      $$$tc$$$ = class com.ibm.websphere.ras.TraceComponent@1344f275
    serialVersionUID = 6288237618632180389
  sharedLibDeploymentInfo = class com.ibm.ws.app.manager.module.internal.DeployedAppInfoBase$SharedLibDeploymentInfo@432ca44b
    locAdmin = class com.ibm.ws.kernel.service.location.internal.WsLocationAdminImpl@260ebba4
    artifactFactory = class com.ibm.ws.artifact.internal.ArtifactContainerFactoryService@7ca9d04b
    moduleFactory = class com.ibm.ws.adaptable.module.internal.AdaptableModuleFactoryImpl@4b68e166
    classesContainerInfo = class java.util.ArrayList@774eaa3f
      serialVersionUID = 8683452581122892189
      DEFAULT_CAPACITY = 10
      EMPTY_ELEMENTDATA = class java.lang.Object[0]
      DEFAULTCAPACITY_EMPTY_ELEMENTDATA = class java.lang.Object[0]
      elementData = class java.lang.Object[0]
      size = 0
      MAX_ARRAY_SIZE = 2147483639
      modCount = 0
      MAX_ARRAY_SIZE = 2147483639
    serialVersionUID = 5154735746662585226
    $$$tc$$$ = class com.ibm.websphere.ras.TraceComponent@460c1e1b
      strings[0] = "TraceComponent[com.ibm.ws.app.manager.module.internal.DeployedAppInfoBase$SharedLibDeploymentInfo,class com.ibm.ws.app.manager.module.internal.DeployedAppInfoBase$SharedLibDeploymentInfo,[applications, app.manager],null,null]"
  configAdmin = class com.ibm.ws.config.admin.internal.ConfigurationAdminImpl@5e543613
    tc = class com.ibm.websphere.ras.TraceComponent@2b261e20
      strings[0] = "TraceComponent[com.ibm.ws.config.admin.internal.ConfigurationAdminImpl,class com.ibm.ws.config.admin.internal.ConfigurationAdminImpl,[config],com.ibm.ws.config.internal.resources.ConfigMessages,null]"
    bundle = class org.eclipse.osgi.internal.framework.EquinoxBundle@40900067
      equinoxContainer = class org.eclipse.osgi.internal.framework.EquinoxContainer@46f9fe82
      module = class org.eclipse.osgi.internal.framework.EquinoxBundle$EquinoxModule@4ee339c0
      monitor = class java.lang.Object@61d3b0c6
      context = class org.eclipse.osgi.internal.framework.BundleContextImpl@4c8e8298
      signerInfos = null
      $SWITCH_TABLE$org$eclipse$osgi$container$Module$State = {1,2,3,4,5,6,7} /* array length = 7 */
    caFactory = class com.ibm.ws.config.admin.internal.ConfigAdminServiceFactory@5783d115
      tc = class com.ibm.websphere.ras.TraceComponent@5b4f82cf
      configurationPermission = class org.osgi.service.cm.ConfigurationPermission@731cbafd
      INDEX_DICTIONARY = 0
      INDEX_LOCATION = 1
      INDEX_METATYPE_PROCESSED = 2
      INDEX_IN_OVERRIDES_FILE = 3
      INDEX_REFERENCES = 4
      INDEX_UNIQUES = 5
      bundleContext = class org.eclipse.osgi.internal.framework.BundleContextImpl@23723aba
      msTracker = class com.ibm.ws.config.admin.internal.ManagedServiceTracker@3750d2d
      msfTracker = class com.ibm.ws.config.admin.internal.ManagedServiceFactoryTracker@5a28c678
      pluginManager = class com.ibm.ws.config.admin.internal.PluginManager@562e4020
      configurationStore = class com.ibm.ws.config.admin.internal.ConfigurationStore@4073d34a
      updateQueue = class com.ibm.ws.config.admin.internal.UpdateQueue@6b44b20c
      ced = class com.ibm.ws.config.admin.internal.ConfigEventDispatcher@77c3b21a
      idMap = class java.util.Collections$SynchronizedMap@53c8d382
      referenceMap = class java.util.Collections$SynchronizedMap@d7fb332
      variableRegistryTracker = class org.osgi.util.tracker.ServiceTracker@4365b443
      variableRegistry = class com.ibm.ws.kernel.service.location.internal.VariableRegistryHelper@295c9d57
      configurationAdminRef = class org.eclipse.osgi.internal.serviceregistry.ServiceRegistrationImpl@50d6630b
      serialVersionUID = 6695202270027014725
    serialVersionUID = -2875522750804142523
  libraryConfigHelper = class com.ibm.ws.classloading.ClassLoaderConfigHelper@3970ef8e
    tc = class com.ibm.websphere.ras.TraceComponent@1ebc2962
      strings[0] = "TraceComponent[com.ibm.ws.classloading.ClassLoaderConfigHelper,class com.ibm.ws.classloading.ClassLoaderConfigHelper,[ClassLoadingService],com.ibm.ws.classloading.internal.resources.ClassLoadingServiceMessages,null]"
    DEFAULT_API_TYPES = class java.util.RegularEnumSet@2a0cf4a7
      serialVersionUID = 3411599620347842686
      elements = 23
      elementType = class java.lang.Class@6c538eb6
      universe = class com.ibm.wsspi.classloading.ApiType[5]
      ZERO_LENGTH_ENUM_ARRAY = class java.lang.Enum[0]
      MAX_ARRAY_SIZE = 2147483639
    sharedLibraries = class java.util.Collections$EmptyList@e7ef546
      serialVersionUID = 8842843931221139166
      modCount = 0
      MAX_ARRAY_SIZE = 2147483639
    commonLibraries = class java.util.Collections$EmptyList@e7ef546
    classProviders = class java.util.Collections$EmptyList@e7ef546
    sharedLibrariesPids = null
    commonLibrariesPids = null
    isDelegateLast = false
    apiTypes = class java.util.RegularEnumSet@2055b6b3
      serialVersionUID = 3411599620347842686
      elements = 31
      elementType = class java.lang.Class@6c538eb6
      universe = class com.ibm.wsspi.classloading.ApiType[5]
      ZERO_LENGTH_ENUM_ARRAY = class java.lang.Enum[0]
      MAX_ARRAY_SIZE = 2147483639
    classLoaderConfigProps = class com.ibm.ws.config.admin.ConfigurationDictionary@2cc62439
      serialVersionUID = 7966152868712543805
      simpleTypes = class java.util.Arrays$ArrayList@44a6c973
      primitiveArrayTypes = class java.util.Arrays$ArrayList@3724798
      simpleArrayTypes = class java.util.Arrays$ArrayList@848c182
      extendedTypes = class java.util.Arrays$ArrayList@528b4c2d
      CASE_INSENSITIVE = class com.ibm.ws.config.admin.ConfigurationDictionary$CaseInsensitive@2094fa5e
      properties = class java.util.Collections$SynchronizedMap@301820e4
    serialVersionUID = 7643888529935916418
  isDelegateLast = false
  permissionManager = class com.ibm.ws.classloading.java2sec.PermissionManager@52f217ae
    tc = class com.ibm.websphere.ras.TraceComponent@235aec71
      strings[0] = "TraceComponent[com.ibm.ws.classloading.java2sec.PermissionManager,class com.ibm.ws.classloading.java2sec.PermissionManager,[Java2SecurityUtil],com.ibm.ws.classloading.internal.resources.Java2SecurityUtilMessages,null]"
    bundleContext = class org.eclipse.osgi.internal.framework.BundleContextImpl@6ab09321
    classLoadingService = class com.ibm.ws.classloading.internal.ClassLoadingServiceImpl@2ec92146
    DEFAULT_SERVER_RESTRICTABLE_PERMISSIONS = class java.security.Permission[4]
      Permission[0] = class java.lang.RuntimePermission@765732d6
      Permission[1] = class java.lang.RuntimePermission@46d2c5d0
      Permission[2] = class java.security.SecurityPermission@56a8f5bd
      Permission[3] = class javax.security.auth.AuthPermission@410db031
    DEFAULT_CLIENT_RESTRICTABLE_PERMISSIONS = class java.security.Permission[3]
      Permission[0] = class java.lang.RuntimePermission@1bef03cb
      Permission[1] = class java.security.SecurityPermission@1a1b1687
      Permission[2] = class javax.security.auth.AuthPermission@43a5a0cf
    isServer = true
    wsjarUrlStreamHandlerAvailable = true
    restrictablePermissions = class java.util.ArrayList@1fe2cf2f
      serialVersionUID = 8683452581122892189
      DEFAULT_CAPACITY = 10
      EMPTY_ELEMENTDATA = class java.lang.Object[0]
      DEFAULTCAPACITY_EMPTY_ELEMENTDATA = class java.lang.Object[0]
      elementData = class java.lang.Object[10]
      size = 4
      MAX_ARRAY_SIZE = 2147483639
      modCount = 4
      MAX_ARRAY_SIZE = 2147483639
    javaAllCodeBasePermissions = class java.util.ArrayList@1756bfdc
      serialVersionUID = 8683452581122892189
      DEFAULT_CAPACITY = 10
      EMPTY_ELEMENTDATA = class java.lang.Object[0]
      DEFAULTCAPACITY_EMPTY_ELEMENTDATA = class java.lang.Object[0]
      elementData = class java.lang.Object[22]
      size = 21
      MAX_ARRAY_SIZE = 2147483639
      modCount = 21
      MAX_ARRAY_SIZE = 2147483639
    expandProps = true
    grantedPermissions = class java.util.ArrayList@3f5041b7
      serialVersionUID = 8683452581122892189
      DEFAULT_CAPACITY = 10
      EMPTY_ELEMENTDATA = class java.lang.Object[0]
      DEFAULTCAPACITY_EMPTY_ELEMENTDATA = class java.lang.Object[0]
      elementData = class java.lang.Object[10]
      size = 1
      MAX_ARRAY_SIZE = 2147483639
      modCount = 1
      MAX_ARRAY_SIZE = 2147483639
    KEY_PERMISSION = "permission"
    INCORRECT_PERMISSION_CONFIGURATION = "INCORRECT_PERMISSION_CONFIGURATION"
    PERMISSION_CLASSNOTFOUND = "PERMISSION_CLASSNOTFOUND"
    SERVER_XML = "server.xml"
    CLIENT_XML = "client.xml"
    JAVA_POLICY = "java.policy"
    os_name = "Windows 10"
    os_version = "10.0"
    originationFile = "server.xml"
    permissions = class com.ibm.wsspi.kernel.service.utils.ConcurrentServiceReferenceSet@38b92ef1
      referenceName = "permission"
      contextRef = class java.util.concurrent.atomic.AtomicReference@5430fbdd
      elementMap = class java.util.LinkedHashMap@4d1c6bbb
      elementSet = class java.util.concurrent.ConcurrentSkipListSet@2ebecec9
      elementSetUnsorted = false
      serialVersionUID = 756240983881166148
      $$$tc$$$ = class com.ibm.websphere.ras.TraceComponent@6c1bceb0
    codeBasePermissionMap = class java.util.HashMap@31ab057e
      serialVersionUID = 362498820763181265
      DEFAULT_INITIAL_CAPACITY = 16
      MAXIMUM_CAPACITY = 1073741824
      DEFAULT_LOAD_FACTOR = 0.75
      TREEIFY_THRESHOLD = 8
      UNTREEIFY_THRESHOLD = 6
      MIN_TREEIFY_CAPACITY = 64
      table = class java.util.HashMap$Node[16]
      entrySet = null
      size = 1
      modCount = 1
      threshold = 12
      loadFactor = 0.75
      keySet = class java.util.HashMap$KeySet@72d36376
      values = null
    permissionXMLPermissionMap = class java.util.HashMap@1321e4c8
      serialVersionUID = 362498820763181265
      DEFAULT_INITIAL_CAPACITY = 16
      MAXIMUM_CAPACITY = 1073741824
      DEFAULT_LOAD_FACTOR = 0.75
      TREEIFY_THRESHOLD = 8
      UNTREEIFY_THRESHOLD = 6
      MIN_TREEIFY_CAPACITY = 64
      table = null
      entrySet = null
      size = 0
      modCount = 0
      threshold = 0
      loadFactor = 0.75
      keySet = null
      values = null
    serialVersionUID = 8583289148510585888
  permissionsConfig = null
  serialVersionUID = 1131686356392279747
  appInfo = class com.ibm.ws.container.service.app.deploy.internal.ApplicationInfoImpl@129e16cd
    appName = "documents"
    appMetaData = class com.ibm.ws.container.service.app.deploy.internal.ApplicationMetaDataImpl@1e653bf9
      j2eeName = class com.ibm.ws.container.service.metadata.internal.J2EENameImpl@69c480c0
      serialVersionUID = -7906531148367236579
      $$$tc$$$ = class com.ibm.websphere.ras.TraceComponent@459b2312
      tc = class com.ibm.websphere.ras.TraceComponent@5884d8ae
      NUM_STATIC_SLOTS = 4
      ID_UNINITIALIZED = -1
      id = 6
      metaDataInterface = class java.lang.Class@5ff0533d
      staticSlots = class java.lang.Object[4]
      dynamicSlots = null
    appContainer = class com.ibm.ws.adaptable.module.internal.AdaptableContainerImpl@6f5416b2
    configHelper = class com.ibm.ws.app.manager.module.ApplicationNestedConfigHelper@60c82c5c
      appInfo = class com.ibm.ws.app.manager.internal.ApplicationInstallInfo@6a7db425
      serialVersionUID = -3174031738676705046
      $$$tc$$$ = class com.ibm.websphere.ras.TraceComponent@43cd3d88
    applicationInformation = class com.ibm.ws.app.manager.internal.ApplicationInstallInfo@6a7db425
    serialVersionUID = 5227817860647895780
    $$$tc$$$ = class com.ibm.websphere.ras.TraceComponent@74c4c4d8
      strings[0] = "TraceComponent[com.ibm.ws.container.service.app.deploy.internal.ApplicationInfoImpl,class com.ibm.ws.container.service.app.deploy.internal.ApplicationInfoImpl,[container.service],com.ibm.ws.container.service.resources.Messages,null]"
  appInfoRegistration = null
  modulesDeployed = class java.util.ArrayList@74daff47
    serialVersionUID = 8683452581122892189
    DEFAULT_CAPACITY = 10
    EMPTY_ELEMENTDATA = class java.lang.Object[0]
    DEFAULTCAPACITY_EMPTY_ELEMENTDATA = class java.lang.Object[0]
    elementData = class java.lang.Object[10]
      Object[0] = class com.ibm.ws.app.manager.module.internal.DeployedModuleInfoImpl@1eb2470a
      Object[1] = null
      Object[2] = null
      Object[3] = null
      Object[4] = null
      Object[5] = null
      Object[6] = null
      Object[7] = null
      Object[8] = null
      Object[9] = null
    size = 1
    MAX_ARRAY_SIZE = 2147483639
    modCount = 1
    MAX_ARRAY_SIZE = 2147483639
  starting = true
  started = false
  deployedAppServices = class com.ibm.ws.app.manager.module.internal.DeployedAppServicesImpl@bc1ab61
    SERVER_APPS_DIR = "${server.output.dir}/apps/"
    EXPANDED_APPS_DIR = "${server.output.dir}/apps/expanded/"
    bundleContext = class org.eclipse.osgi.internal.framework.BundleContextImpl@4c8e8298
      valid = true
      bundle = class org.eclipse.osgi.internal.framework.EquinoxBundle@40900067
      container = class org.eclipse.osgi.internal.framework.EquinoxContainer@46f9fe82
      debug = class org.eclipse.osgi.internal.debug.Debug@22e5d2b5
      servicesInUse = class java.util.HashMap@19c9e6e4
      activator = null
      contextLock = class java.lang.Object@180d2ca0
    applicationInfoFactory = class com.ibm.ws.container.service.app.deploy.internal.ApplicationInfoFactoryImpl@35f33908
    futureMonitor = class com.ibm.ws.threading.internal.FutureMonitorImpl@7e75c651
    classLoadingService = class com.ibm.ws.classloading.internal.ClassLoadingServiceImpl@2ec92146
    globalSharedLibrary = class com.ibm.ws.library.internal.SharedLibraryImpl@21d94608
    globalSharedLibraryPid = "com.ibm.ws.classloading.sharedlibrary_39"
    configAdmin = class com.ibm.ws.config.admin.internal.ConfigurationAdminImpl@5e543613
    metaDataService = class com.ibm.ws.container.service.metadata.internal.MetaDataServiceImpl@77fe177f
    stateChangeService = class com.ibm.ws.container.service.state.internal.StateChangeServiceImpl@54127f89
    allModuleTypes = class java.lang.String[4]
      String[0] = "ejb"
      String[1] = "web"
      String[2] = "client"
      String[3] = "connector"
    moduleMetaDataExtenders = class java.util.concurrent.ConcurrentHashMap@7131e356
      serialVersionUID = 7249069246763182397
      MAXIMUM_CAPACITY = 1073741824
      DEFAULT_CAPACITY = 16
      MAX_ARRAY_SIZE = 2147483639
      DEFAULT_CONCURRENCY_LEVEL = 16
      LOAD_FACTOR = 0.75
      TREEIFY_THRESHOLD = 8
      UNTREEIFY_THRESHOLD = 6
      MIN_TREEIFY_CAPACITY = 64
      MIN_TRANSFER_STRIDE = 16
      RESIZE_STAMP_BITS = 16
      MAX_RESIZERS = 65535
      RESIZE_STAMP_SHIFT = 16
      MOVED = -1
      TREEBIN = -2
      RESERVED = -3
      HASH_BITS = 2147483647
      NCPU = 8
      serialPersistentFields = class java.io.ObjectStreamField[3]
      table = class java.util.concurrent.ConcurrentHashMap$Node[16]
      nextTable = null
      baseCount = 4
      sizeCtl = 12
      transferIndex = 0
      cellsBusy = 0
      counterCells = null
      keySet = null
      values = null
      entrySet = null
      U = class sun.misc.Unsafe@127c6630
      SIZECTL = 20
      TRANSFERINDEX = 32
      BASECOUNT = 24
      CELLSBUSY = 36
      CELLVALUE = 144
      ABASE = 16
      ASHIFT = 2
      keySet = null
      values = null
    nestedModuleMetaDataFactories = class java.util.concurrent.ConcurrentHashMap@68c1e8ee
      serialVersionUID = 7249069246763182397
      MAXIMUM_CAPACITY = 1073741824
      DEFAULT_CAPACITY = 16
      MAX_ARRAY_SIZE = 2147483639
      DEFAULT_CONCURRENCY_LEVEL = 16
      LOAD_FACTOR = 0.75
      TREEIFY_THRESHOLD = 8
      UNTREEIFY_THRESHOLD = 6
      MIN_TREEIFY_CAPACITY = 64
      MIN_TRANSFER_STRIDE = 16
      RESIZE_STAMP_BITS = 16
      MAX_RESIZERS = 65535
      RESIZE_STAMP_SHIFT = 16
      MOVED = -1
      TREEBIN = -2
      RESERVED = -3
      HASH_BITS = 2147483647
      NCPU = 8
      serialPersistentFields = class java.io.ObjectStreamField[3]
      table = class java.util.concurrent.ConcurrentHashMap$Node[16]
      nextTable = null
      baseCount = 4
      sizeCtl = 12
      transferIndex = 0
      cellsBusy = 0
      counterCells = null
      keySet = null
      values = null
      entrySet = null
      U = class sun.misc.Unsafe@127c6630
      SIZECTL = 20
      TRANSFERINDEX = 32
      BASECOUNT = 24
      CELLSBUSY = 36
      CELLVALUE = 144
      ABASE = 16
      ASHIFT = 2
      keySet = null
      values = null
    permissionManager = class com.ibm.ws.classloading.java2sec.PermissionManager@52f217ae
    locAdmin = class com.ibm.ws.kernel.service.location.internal.WsLocationAdminImpl@260ebba4
      tc = class com.ibm.websphere.ras.TraceComponent@69bbdf2f
      LOC_INTERNAL_LIB_DIR = "wlp.lib.dir"
      LOC_INTERNAL_WORKAREA_DIR = "wlp.workarea.dir"
      LOC_AREA_NAME_APPS = "shared/apps/"
      LOC_AREA_NAME_CONFIG = "shared/config/"
      LOC_AREA_NAME_RESC = "shared/resources/"
      LOC_AREA_NAME_STATE = "logs/state/"
      LOC_AREA_NAME_SERVERS = "servers/"
      LOC_AREA_NAME_CLIENTS = "clients/"
      LOC_AREA_NAME_WORKING = "workarea/"
      LOC_AREA_NAME_EXTENSION = "extension/"
      instance = class com.ibm.ws.kernel.service.location.internal.WsLocationAdminImpl@260ebba4
      installRoot = class com.ibm.ws.kernel.service.location.internal.SymbolicRootResource@576cb5cb
      installParentRoot = class com.ibm.ws.kernel.service.location.internal.SymbolicRootResource@7d32b278
      userRoot = class com.ibm.ws.kernel.service.location.internal.SymbolicRootResource@6dcde42a
      usrExtensionRoot = class com.ibm.ws.kernel.service.location.internal.SymbolicRootResource@623966ae
      serverConfigDir = class com.ibm.ws.kernel.service.location.internal.SymbolicRootResource@504945cf
      serverOutputDir = class com.ibm.ws.kernel.service.location.internal.SymbolicRootResource@504945cf
      bootstrapLib = class com.ibm.ws.kernel.service.location.internal.LocalFileResource@38808ccc
      serverWorkarea = class com.ibm.ws.kernel.service.location.internal.LocalFileResource@3aeec342
      serverState = class com.ibm.ws.kernel.service.location.internal.LocalFileResource@134bdea7
      sharedAppsRoot = class com.ibm.ws.kernel.service.location.internal.SymbolicRootResource@9b6963c
      sharedConfigRoot = class com.ibm.ws.kernel.service.location.internal.SymbolicRootResource@35ec9d2a
      sharedResourceRoot = class com.ibm.ws.kernel.service.location.internal.SymbolicRootResource@7954ac06
      tmpRoot = class com.ibm.ws.kernel.service.location.internal.SymbolicRootResource@3427eb6d
      serverName = "documents"
      resourcePaths = class java.util.ArrayList@99d9ca3
      resourceGroups = class java.util.HashMap@58494577
      commonRoot = class com.ibm.ws.kernel.service.location.internal.VirtualRootResource@421e6e4
      serialVersionUID = -5748835026800463299
    artifactFactory = class com.ibm.ws.artifact.internal.ArtifactContainerFactoryService@7ca9d04b
      CATEGORY_PROP_NAME = "category"
      ENTRY_KEY = "com.ibm.wsspi.artifact.ArtifactEntry"
      helperMap = class com.ibm.wsspi.kernel.service.utils.ConcurrentServiceReferenceSetMap@1166ceb5
      contributorMap = class com.ibm.wsspi.kernel.service.utils.ConcurrentServiceReferenceSetMap@273f6950
      helperCategoryMap = class com.ibm.wsspi.kernel.service.utils.ConcurrentServiceReferenceSetMap@3afbff5a
      contributorCategoryMap = class com.ibm.wsspi.kernel.service.utils.ConcurrentServiceReferenceSetMap@18b6a9bb
      categories = class java.util.Collections$SynchronizedSet@3f82cf7e
      baseProperties = class org.apache.felix.scr.impl.helper.ReadOnlyDictionary@632b4437
      registration = class com.ibm.ws.kernel.service.util.ServiceRegistrationModifier@64f6627
      serialVersionUID = 6566424214406946230
      $$$tc$$$ = class com.ibm.websphere.ras.TraceComponent@15723e52
    moduleFactory = class com.ibm.ws.adaptable.module.internal.AdaptableModuleFactoryImpl@4b68e166
      adapterFactoryService = class com.ibm.ws.adaptable.module.internal.AdapterFactoryServiceImpl@6c9f5430
      containerFactory = class com.ibm.ws.artifact.internal.ArtifactContainerFactoryService@7ca9d04b
      overlayContainerFactory = class com.ibm.ws.artifact.overlay.internal.OverlayContainerFactoryImpl@3d1ce74c
      serialVersionUID = 4200251809856292987
      $$$tc$$$ = class com.ibm.websphere.ras.TraceComponent@616c162
    serialVersionUID = 8537801607979767986
    $$$tc$$$ = class com.ibm.websphere.ras.TraceComponent@797c358c
      strings[0] = "TraceComponent[com.ibm.ws.app.manager.module.internal.DeployedAppServicesImpl,class com.ibm.ws.app.manager.module.internal.DeployedAppServicesImpl,[applications, app.manager],null,null]"
  futureMonitor = class com.ibm.ws.threading.internal.FutureMonitorImpl@7e75c651
    _monitor = class java.util.concurrent.ConcurrentLinkedQueue@526c7584
      serialVersionUID = 196745693267521676
      head = class java.util.concurrent.ConcurrentLinkedQueue$Node@6d43120c
      tail = class java.util.concurrent.ConcurrentLinkedQueue$Node@6d43120c
      UNSAFE = class sun.misc.Unsafe@127c6630
      headOffset = 12
      tailOffset = 16
      MAX_ARRAY_SIZE = 2147483639
    _executor = class com.ibm.ws.threading.internal.ScheduledExecutorImpl@207a2d45
      threadGroupName = "Scheduled Executor Thread Group"
      executor = class com.ibm.ws.threading.internal.ExecutorServiceImpl@73fa6b05
      serialVersionUID = -9110693807503469597
      $$$tc$$$ = class com.ibm.websphere.ras.TraceComponent@a27f314
      continueExistingPeriodicTasksAfterShutdown = false
      executeExistingDelayedTasksAfterShutdown = true
      removeOnCancel = false
      sequencer = class java.util.concurrent.atomic.AtomicLong@48c785c0
      ctl = class java.util.concurrent.atomic.AtomicInteger@4a405e01
      COUNT_BITS = 29
      CAPACITY = 536870911
      RUNNING = -536870912
      SHUTDOWN = 0
      STOP = 536870912
      TIDYING = 1073741824
      TERMINATED = 1610612736
      workQueue = class java.util.concurrent.ScheduledThreadPoolExecutor$DelayedWorkQueue@7fc092d8
      mainLock = class java.util.concurrent.locks.ReentrantLock@36c09147
      workers = class java.util.HashSet@42ddebda
      termination = class java.util.concurrent.locks.AbstractQueuedSynchronizer$ConditionObject@aa505d6
      largestPoolSize = 1
      completedTaskCount = 0
      threadFactory = class com.ibm.ws.threading.internal.ThreadFactoryImpl@71881008
      handler = class java.util.concurrent.ThreadPoolExecutor$AbortPolicy@4370edd7
      keepAliveTime = 0
      allowCoreThreadTimeOut = false
      corePoolSize = 1
      maximumPoolSize = 2147483647
      defaultHandler = class java.util.concurrent.ThreadPoolExecutor$AbortPolicy@4370edd7
      shutdownPerm = class java.lang.RuntimePermission@6e5e5d58
      acc = null
      ONLY_ONE = true
      $assertionsDisabled = true
    _threadRunning = class java.util.concurrent.atomic.AtomicBoolean@44fdd137
      serialVersionUID = 4654671469794556979
      unsafe = class sun.misc.Unsafe@127c6630
      valueOffset = 12
      value = 0
    _thread = class com.ibm.ws.threading.internal.FutureMonitorImpl$1@795d3652
      this$0 = class com.ibm.ws.threading.internal.FutureMonitorImpl@7e75c651
      serialVersionUID = 2422512430832938099
      $$$tc$$$ = class com.ibm.websphere.ras.TraceComponent@482edca0
    serialVersionUID = 2765238413969174390
    $$$tc$$$ = class com.ibm.websphere.ras.TraceComponent@7035dd0f
      strings[0] = "TraceComponent[com.ibm.ws.threading.internal.FutureMonitorImpl,class com.ibm.ws.threading.internal.FutureMonitorImpl,[Threading],com.ibm.ws.threading.internal.resources.ThreadingMessages,null]"
  appInfoFactory = class com.ibm.ws.container.service.app.deploy.internal.ApplicationInfoFactoryImpl@35f33908
    j2eeNameFactory = class com.ibm.wsspi.kernel.service.utils.AtomicServiceReference@56d8ad93
      referenceName = "j2eeNameFactory"
      tuple = class java.util.concurrent.atomic.AtomicReference@215b9caf
      serialVersionUID = 2226592364007985000
      $$$tc$$$ = class com.ibm.websphere.ras.TraceComponent@6b4d9ddf
    names = class java.util.HashSet@44f445f3
      serialVersionUID = -5024744406713321676
      map = class java.util.HashMap@61a244ca
      PRESENT = class java.lang.Object@6f64d5a2
      MAX_ARRAY_SIZE = 2147483639
    serialVersionUID = 6232436640731165768
    $$$tc$$$ = class com.ibm.websphere.ras.TraceComponent@2edb16e6
      strings[0] = "TraceComponent[com.ibm.ws.container.service.app.deploy.internal.ApplicationInfoFactoryImpl,class com.ibm.ws.container.service.app.deploy.internal.ApplicationInfoFactoryImpl,[container.service],com.ibm.ws.container.service.resources.Messages,null]"
  metaDataService = class com.ibm.ws.container.service.metadata.internal.MetaDataServiceImpl@77fe177f
    applicationMetaDataManager = class com.ibm.ws.container.service.metadata.internal.ApplicationMetaDataManager@7be60656
      serialVersionUID = 1843747281024490904
      $$$tc$$$ = class com.ibm.websphere.ras.TraceComponent@f57c766
      listeners = class com.ibm.wsspi.kernel.service.utils.ConcurrentServiceReferenceSet@384e014d
      metaDataIDs = class com.ibm.ws.container.service.metadata.internal.IndexList@4ae34f94
      metaDatas = class java.util.ArrayList@cad3413
      slotIDs = class com.ibm.ws.container.service.metadata.internal.IndexList@229218de
      serialVersionUID = 5464421863354792977
      $$$tc$$$ = class com.ibm.websphere.ras.TraceComponent@27bc0e34
    moduleMetaDataManager = class com.ibm.ws.container.service.metadata.internal.ModuleMetaDataManager@96e8dda
      serialVersionUID = 2513574389899327209
      $$$tc$$$ = class com.ibm.websphere.ras.TraceComponent@34b1724f
      listeners = class com.ibm.wsspi.kernel.service.utils.ConcurrentServiceReferenceSet@6a9e31a8
      metaDataIDs = class com.ibm.ws.container.service.metadata.internal.IndexList@3ad14c80
      metaDatas = class java.util.ArrayList@5f39fa65
      slotIDs = class com.ibm.ws.container.service.metadata.internal.IndexList@6ddf4db4
      serialVersionUID = 5464421863354792977
      $$$tc$$$ = class com.ibm.websphere.ras.TraceComponent@27bc0e34
    componentMetaDataManager = class com.ibm.ws.container.service.metadata.internal.ComponentMetaDataManager@77bbe4f2
      serialVersionUID = 8629793739641703882
      $$$tc$$$ = class com.ibm.websphere.ras.TraceComponent@6946c8ab
      listeners = class com.ibm.wsspi.kernel.service.utils.ConcurrentServiceReferenceSet@62b37140
      metaDataIDs = class com.ibm.ws.container.service.metadata.internal.IndexList@310e90d8
      metaDatas = class java.util.ArrayList@1f6174f1
      slotIDs = class com.ibm.ws.container.service.metadata.internal.IndexList@47f12952
      serialVersionUID = 5464421863354792977
      $$$tc$$$ = class com.ibm.websphere.ras.TraceComponent@27bc0e34
    methodMetaDataManager = class com.ibm.ws.container.service.metadata.internal.MethodMetaDataManager@10daf473
      serialVersionUID = -8002489041502300640
      $$$tc$$$ = class com.ibm.websphere.ras.TraceComponent@60858808
      listeners = class com.ibm.wsspi.kernel.service.utils.ConcurrentServiceReferenceSet@2222afc1
      metaDataIDs = class com.ibm.ws.container.service.metadata.internal.IndexList@6fd928f7
      metaDatas = class java.util.ArrayList@3b6926c6
      slotIDs = class com.ibm.ws.container.service.metadata.internal.IndexList@291de2b1
      serialVersionUID = 5464421863354792977
      $$$tc$$$ = class com.ibm.websphere.ras.TraceComponent@27bc0e34
    appModuleNameToModuleContainer = class java.util.concurrent.ConcurrentHashMap@5bc58488
      serialVersionUID = 7249069246763182397
      MAXIMUM_CAPACITY = 1073741824
      DEFAULT_CAPACITY = 16
      MAX_ARRAY_SIZE = 2147483639
      DEFAULT_CONCURRENCY_LEVEL = 16
      LOAD_FACTOR = 0.75
      TREEIFY_THRESHOLD = 8
      UNTREEIFY_THRESHOLD = 6
      MIN_TREEIFY_CAPACITY = 64
      MIN_TRANSFER_STRIDE = 16
      RESIZE_STAMP_BITS = 16
      MAX_RESIZERS = 65535
      RESIZE_STAMP_SHIFT = 16
      MOVED = -1
      TREEBIN = -2
      RESERVED = -3
      HASH_BITS = 2147483647
      NCPU = 8
      serialPersistentFields = class java.io.ObjectStreamField[3]
      table = class java.util.concurrent.ConcurrentHashMap$Node[16]
      nextTable = null
      baseCount = 6
      sizeCtl = 12
      transferIndex = 0
      cellsBusy = 0
      counterCells = null
      keySet = null
      values = null
      entrySet = null
      U = class sun.misc.Unsafe@127c6630
      SIZECTL = 20
      TRANSFERINDEX = 32
      BASECOUNT = 24
      CELLSBUSY = 36
      CELLVALUE = 144
      ABASE = 16
      ASHIFT = 2
      keySet = null
      values = null
    jeeNameToComponentMetaData = class java.util.concurrent.ConcurrentHashMap@2638d277
      serialVersionUID = 7249069246763182397
      MAXIMUM_CAPACITY = 1073741824
      DEFAULT_CAPACITY = 16
      MAX_ARRAY_SIZE = 2147483639
      DEFAULT_CONCURRENCY_LEVEL = 16
      LOAD_FACTOR = 0.75
      TREEIFY_THRESHOLD = 8
      UNTREEIFY_THRESHOLD = 6
      MIN_TREEIFY_CAPACITY = 64
      MIN_TRANSFER_STRIDE = 16
      RESIZE_STAMP_BITS = 16
      MAX_RESIZERS = 65535
      RESIZE_STAMP_SHIFT = 16
      MOVED = -1
      TREEBIN = -2
      RESERVED = -3
      HASH_BITS = 2147483647
      NCPU = 8
      serialPersistentFields = class java.io.ObjectStreamField[3]
      table = class java.util.concurrent.ConcurrentHashMap$Node[32]
      nextTable = null
      baseCount = 13
      sizeCtl = 24
      transferIndex = 0
      cellsBusy = 0
      counterCells = null
      keySet = null
      values = null
      entrySet = null
      U = class sun.misc.Unsafe@127c6630
      SIZECTL = 20
      TRANSFERINDEX = 32
      BASECOUNT = 24
      CELLSBUSY = 36
      CELLVALUE = 144
      ABASE = 16
      ASHIFT = 2
      keySet = null
      values = null
    deferredMetaDataFactories = class com.ibm.wsspi.kernel.service.utils.ConcurrentServiceReferenceSet@e0c2e36
      referenceName = "deferredMetaDataFactory"
      contextRef = class java.util.concurrent.atomic.AtomicReference@192f2d87
      elementMap = class java.util.LinkedHashMap@3e027bff
      elementSet = class java.util.concurrent.ConcurrentSkipListSet@9ce7b18
      elementSetUnsorted = false
      serialVersionUID = 756240983881166148
      $$$tc$$$ = class com.ibm.websphere.ras.TraceComponent@6c1bceb0
    deferredMetaDataInitializers = class com.ibm.wsspi.kernel.service.utils.ConcurrentServiceReferenceMap@49323ae8
      referenceName = "deferredMetaDataFactory"
      context = class org.apache.felix.scr.impl.manager.ComponentContextImpl@7fa681e0
      elementMap = class java.util.concurrent.ConcurrentHashMap@160785b1
      serialVersionUID = 6980924785166233786
      $$$tc$$$ = class com.ibm.websphere.ras.TraceComponent@6dabcb50
    serialVersionUID = -2494605732980966097
    $$$tc$$$ = class com.ibm.websphere.ras.TraceComponent@1ef6c6bb
      strings[0] = "TraceComponent[com.ibm.ws.container.service.metadata.internal.MetaDataServiceImpl,class com.ibm.ws.container.service.metadata.internal.MetaDataServiceImpl,[Runtime],null,null]"
  stateChangeService = class com.ibm.ws.container.service.state.internal.StateChangeServiceImpl@54127f89
    applicationStateManager = class com.ibm.ws.container.service.state.internal.ApplicationStateManager@20f14114
      serialVersionUID = -6685368059484454124
      $$$tc$$$ = class com.ibm.websphere.ras.TraceComponent@4fa22f7
      listeners = class com.ibm.wsspi.kernel.service.utils.ConcurrentServiceReferenceSet@224980c7
      serialVersionUID = 2284273176985484160
      $$$tc$$$ = class com.ibm.websphere.ras.TraceComponent@35864f26
    moduleStateManager = class com.ibm.ws.container.service.state.internal.ModuleStateManager@1a425fd0
      serialVersionUID = -5540260902341249963
      $$$tc$$$ = class com.ibm.websphere.ras.TraceComponent@529be542
      listeners = class com.ibm.wsspi.kernel.service.utils.ConcurrentServiceReferenceSet@6fbffe4
      serialVersionUID = 2284273176985484160
      $$$tc$$$ = class com.ibm.websphere.ras.TraceComponent@35864f26
    serialVersionUID = -537917915330350560
    $$$tc$$$ = class com.ibm.websphere.ras.TraceComponent@7960dcd4
      strings[0] = "TraceComponent[com.ibm.ws.container.service.state.internal.StateChangeServiceImpl,class com.ibm.ws.container.service.state.internal.StateChangeServiceImpl,[Runtime],null,null]"
  moduleClassesInfo = class com.ibm.ws.app.manager.module.internal.SimpleDeployedAppInfoBase$ModuleClassesInfoProvider@54fdfe00
    entryContainerInfosMap = class java.util.HashMap@36975119
      serialVersionUID = 362498820763181265
      DEFAULT_INITIAL_CAPACITY = 16
      MAXIMUM_CAPACITY = 1073741824
      DEFAULT_LOAD_FACTOR = 0.75
      TREEIFY_THRESHOLD = 8
      UNTREEIFY_THRESHOLD = 6
      MIN_TREEIFY_CAPACITY = 64
      table = null
      entrySet = null
      size = 0
      modCount = 0
      threshold = 0
      loadFactor = 0.75
      keySet = null
      values = null
    serialVersionUID = -70332790531324534
    $$$tc$$$ = class com.ibm.websphere.ras.TraceComponent@7882ddc5
      strings[0] = "TraceComponent[com.ibm.ws.app.manager.module.internal.SimpleDeployedAppInfoBase$ModuleClassesInfoProvider,class com.ibm.ws.app.manager.module.internal.SimpleDeployedAppInfoBase$ModuleClassesInfoProvider,[applications, app.manager],null,null]"
  moduleContainerInfos = class java.util.ArrayList@5261cd5d
    serialVersionUID = 8683452581122892189
    DEFAULT_CAPACITY = 10
    EMPTY_ELEMENTDATA = class java.lang.Object[0]
    DEFAULTCAPACITY_EMPTY_ELEMENTDATA = class java.lang.Object[0]
    elementData = class java.lang.Object[10]
      Object[0] = class com.ibm.ws.app.manager.module.internal.SimpleDeployedAppInfoBase$WebModuleContainerInfo@7bc1f747
      Object[1] = null
      Object[2] = null
      Object[3] = null
      Object[4] = null
      Object[5] = null
      Object[6] = null
      Object[7] = null
      Object[8] = null
      Object[9] = null
    size = 1
    MAX_ARRAY_SIZE = 2147483639
    modCount = 1
    MAX_ARRAY_SIZE = 2147483639
  activeModuleHandlers = class java.util.IdentityHashMap@7ef68560
    DEFAULT_CAPACITY = 32
    MINIMUM_CAPACITY = 4
    MAXIMUM_CAPACITY = 536870912
    table = class java.lang.Object[16]
      Object[0] = null
      Object[1] = null
      Object[2] = null
      Object[3] = null
      Object[4] = null
      Object[5] = null
      Object[6] = null
      Object[7] = null
      Object[8] = null
      Object[9] = null
      Object[10] = null
      Object[11] = null
      Object[12] = null
      Object[13] = null
      Object[14] = null
      Object[15] = null
    size = 0
    modCount = 2
    NULL_KEY = class java.lang.Object@69baea00
    entrySet = null
    serialVersionUID = 8188218128353913216
    keySet = null
    values = null
  serialVersionUID = -2685719801501752993
  $$$tc$$$ = class com.ibm.websphere.ras.TraceComponent@4a5ee00c
    strings[0] = "TraceComponent[com.ibm.ws.app.manager.module.internal.SimpleDeployedAppInfoBase,class com.ibm.ws.app.manager.module.internal.SimpleDeployedAppInfoBase,[applications, app.manager],null,null]"

Dump of objectArray[0]
Object type = com.ibm.ws.threading.internal.NonCancelableResultFuture
  _done = false
  _result = null
  _failure = null
  _listeners = class java.util.concurrent.ConcurrentLinkedQueue@725205aa
    serialVersionUID = 196745693267521676
    head = class java.util.concurrent.ConcurrentLinkedQueue$Node@618db842
      item = null
      next = null
      UNSAFE = class sun.misc.Unsafe@127c6630
      itemOffset = 12
      nextOffset = 16
    tail = class java.util.concurrent.ConcurrentLinkedQueue$Node@618db842
    UNSAFE = class sun.misc.Unsafe@127c6630
    headOffset = 12
    tailOffset = 16
    MAX_ARRAY_SIZE = 2147483639
  _notifiedListeners = class java.util.concurrent.atomic.AtomicBoolean@311a850a
    serialVersionUID = 4654671469794556979
    unsafe = class sun.misc.Unsafe@127c6630
      theUnsafe = class sun.misc.Unsafe@127c6630
      INVALID_FIELD_OFFSET = -1
      ARRAY_BOOLEAN_BASE_OFFSET = 16
      ARRAY_BYTE_BASE_OFFSET = 16
      ARRAY_SHORT_BASE_OFFSET = 16
      ARRAY_CHAR_BASE_OFFSET = 16
      ARRAY_INT_BASE_OFFSET = 16
      ARRAY_LONG_BASE_OFFSET = 16
      ARRAY_FLOAT_BASE_OFFSET = 16
      ARRAY_DOUBLE_BASE_OFFSET = 16
      ARRAY_OBJECT_BASE_OFFSET = 16
      ARRAY_BOOLEAN_INDEX_SCALE = 1
      ARRAY_BYTE_INDEX_SCALE = 1
      ARRAY_SHORT_INDEX_SCALE = 2
      ARRAY_CHAR_INDEX_SCALE = 2
      ARRAY_INT_INDEX_SCALE = 4
      ARRAY_LONG_INDEX_SCALE = 8
      ARRAY_FLOAT_INDEX_SCALE = 4
      ARRAY_DOUBLE_INDEX_SCALE = 8
      ARRAY_OBJECT_INDEX_SCALE = 4
      ADDRESS_SIZE = 8
    valueOffset = 12
    value = 0
  serialVersionUID = -296387658814354272
  $$$tc$$$ = class com.ibm.websphere.ras.TraceComponent@7dedfdd2
    strings[0] = "TraceComponent[com.ibm.ws.threading.internal.NonCancelableResultFuture,class com.ibm.ws.threading.internal.NonCancelableResultFuture,[Threading],com.ibm.ws.threading.internal.resources.ThreadingMessages,null]"

