------Start of DE processing------ = [28/12/21 18:40:52:140 EET]
Exception = com.ibm.websphere.servlet.error.ServletErrorReport
Source = com.ibm.ws.webcontainer.filter.WebAppFilterChain.doFilter
probeid = 82
Stack Dump = com.ibm.websphere.servlet.error.ServletErrorReport: java.lang.LinkageError: loader constraint violation: when resolving interface method &quot;com.ibm.ws.microprofile.opentracing.jaeger.adapter.Configuration.getTracer&#40;&#41;Lio/opentracing/Tracer&#59;&quot; the class loader &#40;instance of org/eclipse/osgi/internal/loader/EquinoxClassLoader&#41; of the current class, com/ibm/ws/microprofile/opentracing/jaeger/JaegerTracerFactory, and the class loader &#40;instance of org/eclipse/osgi/internal/loader/EquinoxClassLoader&#41; for the method&#39;s defining class, com/ibm/ws/microprofile/opentracing/jaeger/adapter/Configuration, have different Class objects for the type io/opentracing/Tracer used in the signature
	at com.ibm.ws.webcontainer.servlet.ServletWrapper.service(ServletWrapper.java:1356)
	at com.ibm.ws.webcontainer.servlet.ServletWrapper.handleRequest(ServletWrapper.java:746)
	at com.ibm.ws.webcontainer.servlet.ServletWrapper.handleRequest(ServletWrapper.java:443)
	at com.ibm.ws.webcontainer.filter.WebAppFilterChain.invokeTarget(WebAppFilterChain.java:193)
	at com.ibm.ws.webcontainer.filter.WebAppFilterChain.doFilter(WebAppFilterChain.java:98)
	at com.ibm.ws.security.jaspi.JaspiServletFilter.doFilter(JaspiServletFilter.java:56)
	at com.ibm.ws.webcontainer.filter.FilterInstanceWrapper.doFilter(FilterInstanceWrapper.java:201)
	at com.ibm.ws.webcontainer.filter.WebAppFilterChain.doFilter(WebAppFilterChain.java:91)
	at com.ibm.ws.webcontainer.filter.WebAppFilterManager.doFilter(WebAppFilterManager.java:1002)
	at com.ibm.ws.webcontainer.filter.WebAppFilterManager.invokeFilters(WebAppFilterManager.java:1140)
	at com.ibm.ws.webcontainer.webapp.WebApp.handleRequest(WebApp.java:5049)
	at com.ibm.ws.webcontainer.osgi.DynamicVirtualHost$2.handleRequest(DynamicVirtualHost.java:320)
	at com.ibm.ws.webcontainer.WebContainer.handleRequest(WebContainer.java:1007)
	at com.ibm.ws.webcontainer.osgi.DynamicVirtualHost$2.run(DynamicVirtualHost.java:285)
	at com.ibm.ws.http.dispatcher.internal.channel.HttpDispatcherLink$TaskWrapper.run(HttpDispatcherLink.java:1184)
	at com.ibm.ws.http.dispatcher.internal.channel.HttpDispatcherLink.wrapHandlerAndExecute(HttpDispatcherLink.java:453)
	at com.ibm.ws.http.dispatcher.internal.channel.HttpDispatcherLink.ready(HttpDispatcherLink.java:412)
	at com.ibm.ws.http.channel.internal.inbound.HttpInboundLink.handleDiscrimination(HttpInboundLink.java:566)
	at com.ibm.ws.http.channel.internal.inbound.HttpInboundLink.handleNewRequest(HttpInboundLink.java:500)
	at com.ibm.ws.http.channel.internal.inbound.HttpInboundLink.processRequest(HttpInboundLink.java:360)
	at com.ibm.ws.http.channel.internal.inbound.HttpInboundLink.ready(HttpInboundLink.java:327)
	at com.ibm.ws.tcpchannel.internal.NewConnectionInitialReadCallback.sendToDiscriminators(NewConnectionInitialReadCallback.java:167)
	at com.ibm.ws.tcpchannel.internal.NewConnectionInitialReadCallback.complete(NewConnectionInitialReadCallback.java:75)
	at com.ibm.ws.tcpchannel.internal.WorkQueueManager.requestComplete(WorkQueueManager.java:504)
	at com.ibm.ws.tcpchannel.internal.WorkQueueManager.attemptIO(WorkQueueManager.java:574)
	at com.ibm.ws.tcpchannel.internal.WorkQueueManager.workerRun(WorkQueueManager.java:958)
	at com.ibm.ws.tcpchannel.internal.WorkQueueManager$Worker.run(WorkQueueManager.java:1047)
	at com.ibm.ws.threading.internal.ExecutorServiceImpl$RunnableWrapper.run(ExecutorServiceImpl.java:238)
	at java.util.concurrent.ThreadPoolExecutor.runWorker(ThreadPoolExecutor.java:1149)
	at java.util.concurrent.ThreadPoolExecutor$Worker.run(ThreadPoolExecutor.java:624)
	at java.lang.Thread.run(Thread.java:748)
Caused by: java.lang.LinkageError: loader constraint violation: when resolving interface method "com.ibm.ws.microprofile.opentracing.jaeger.adapter.Configuration.getTracer()Lio/opentracing/Tracer;" the class loader (instance of org/eclipse/osgi/internal/loader/EquinoxClassLoader) of the current class, com/ibm/ws/microprofile/opentracing/jaeger/JaegerTracerFactory, and the class loader (instance of org/eclipse/osgi/internal/loader/EquinoxClassLoader) for the method's defining class, com/ibm/ws/microprofile/opentracing/jaeger/adapter/Configuration, have different Class objects for the type io/opentracing/Tracer used in the signature
	at com.ibm.ws.microprofile.opentracing.jaeger.JaegerTracerFactory.createJaegerTracer(JaegerTracerFactory.java:181)
	at io.openliberty.opentracing.internal.OpentracingTracerManager.createJaegerTracer(OpentracingTracerManager.java:78)
	at io.openliberty.opentracing.internal.OpentracingTracerManager.access$000(OpentracingTracerManager.java:35)
	at io.openliberty.opentracing.internal.OpentracingTracerManager$TracerCreator.apply(OpentracingTracerManager.java:87)
	at io.openliberty.opentracing.internal.OpentracingTracerManager$TracerCreator.apply(OpentracingTracerManager.java:81)
	at java.util.concurrent.ConcurrentHashMap.computeIfAbsent(ConcurrentHashMap.java:1660)
	at io.openliberty.opentracing.internal.OpentracingTracerManager.ensureTracer(OpentracingTracerManager.java:58)
	at io.openliberty.opentracing.internal.OpentracingTracerManager.getTracer(OpentracingTracerManager.java:164)
	at io.openliberty.opentracing.internal.OpentracingContainerFilter.filter(OpentracingContainerFilter.java:77)
	at org.apache.cxf.jaxrs.utils.JAXRSUtils.runContainerRequestFilters(JAXRSUtils.java:1929)
	at org.apache.cxf.jaxrs.interceptor.JAXRSInInterceptor.processRequest(JAXRSInInterceptor.java:281)
	at org.apache.cxf.jaxrs.interceptor.JAXRSInInterceptor.handleMessage(JAXRSInInterceptor.java:96)
	at org.apache.cxf.phase.PhaseInterceptorChain.doIntercept(PhaseInterceptorChain.java:308)
	at org.apache.cxf.transport.ChainInitiationObserver.onMessage(ChainInitiationObserver.java:123)
	at org.apache.cxf.transport.http.AbstractHTTPDestination.invoke(AbstractHTTPDestination.java:277)
	at com.ibm.ws.jaxrs20.endpoint.AbstractJaxRsWebEndpoint.invoke(AbstractJaxRsWebEndpoint.java:137)
	at com.ibm.websphere.jaxrs.server.IBMRestServlet.handleRequest(IBMRestServlet.java:146)
	at com.ibm.websphere.jaxrs.server.IBMRestServlet.doGet(IBMRestServlet.java:112)
	at javax.servlet.http.HttpServlet.service(HttpServlet.java:686)
	at com.ibm.websphere.jaxrs.server.IBMRestServlet.service(IBMRestServlet.java:96)
	at com.ibm.ws.webcontainer.servlet.ServletWrapper.service(ServletWrapper.java:1258)
	... 30 more

Dump of callerThis
Object type = com.ibm.ws.webcontainer.filter.WebAppFilterChain
  _filters = class java.util.ArrayList@49efdc43
    serialVersionUID = 8683452581122892189
    DEFAULT_CAPACITY = 10
    EMPTY_ELEMENTDATA = class java.lang.Object[0]
    DEFAULTCAPACITY_EMPTY_ELEMENTDATA = class java.lang.Object[0]
    elementData = class java.lang.Object[5]
      Object[0] = class com.ibm.ws.webcontainer.filter.FilterInstanceWrapper@33a80081
      Object[1] = null
      Object[2] = null
      Object[3] = null
      Object[4] = null
    size = 1
    MAX_ARRAY_SIZE = 2147483639
    modCount = 1
    MAX_ARRAY_SIZE = 2147483639
  _currentFilterIndex = 1
  _numberOfFilters = 1
  requestProcessor = class com.ibm.ws.webcontainer.osgi.servlet.ServletWrapper@1fa0d3e5
    serialVersionUID = 1
    _mo = null
    serialVersionUID = -4479626085298397598
    notifyInvocationListeners = false
    UNINITIALIZED_STATE = -1
    AVAILABLE_STATE = 0
    UNAVAILABLE_STATE = 1
    UNAVAILABLE_PERMANENTLY_STATE = 2
    collabHelper = class com.ibm.ws.webcontainer.osgi.collaborator.CollaboratorHelperImpl@4345d195
      webAppInvCollabs = class java.util.Collections$UnmodifiableSet@2ff88780
      securityDomainForApp = null
      logger = class com.ibm.ws.logging.internal.WsLogger@178fbdcd
      staticDefaultSecurityCollaborator = class com.ibm.ws.webcontainer.collaborator.WebAppSecurityCollaborator@64d01bb5
      logger = class com.ibm.ws.logging.internal.WsLogger@4b26e799
      CLASS_NAME = "com.ibm.wsspi.webcontainer.collaborator.CollaboratorHelper"
      webApp = class com.ibm.ws.webcontainer40.osgi.webapp.WebApp40@493b62ed
      securityCollaborator = class com.ibm.ws.webcontainer.security.WebAppSecurityCollaboratorImpl@2089bdfa
      nameSpaceCollaborator = class com.ibm.ws.webcontainer.osgi.collaborator.WebAppNameSpaceCollaboratorImpl@2626f31d
      transactionCollaborator = class com.ibm.ws.transaction.services.WebAppTransactionCollaboratorImpl@53f316d1
      connectionCollaborator = class com.ibm.ws.webcontainer.collaborator.ConnectionHandleCollaborator@57c116a2
      allCollabEnum = class java.util.RegularEnumSet@4a821df3
      servlet_23_or_greater = true
      DEFER_SERVLET_REQUEST_LISTENER_DESTROY_ON_ERROR = false
    nServicing = class java.util.concurrent.atomic.AtomicInteger@5811819a
      serialVersionUID = 6214790243416807050
      unsafe = class sun.misc.Unsafe@f5b8025
      valueOffset = 12
      value = 0
      serialVersionUID = -8742448824652078965
    lastAccessTime = 1640709633744
    state = 0
    logger = class com.ibm.ws.logging.internal.WsLogger@488d55e7
      ivCachedResourceBundleName = "com.ibm.ws.webcontainer.resources.Messages"
      ivCachedResourceBundle = class com.ibm.ws.webcontainer.resources.Messages@9fb69a4
      ivComponent = null
      ivOrganization = null
      ivProduct = null
      ivMinimumLocalizationLevelIntValue = 625
      ivTC = class com.ibm.websphere.ras.TraceComponent@29bd57dc
      loggerRegistrationComponent = class java.lang.ThreadLocal@6012a54a
      emptyHandlers = class java.util.logging.Handler[0]
      offValue = 2147483647
      SYSTEM_LOGGER_RB_NAME = "sun.util.logging.resources.logging"
      SYSTEM_BUNDLE = class java.util.logging.Logger$LoggerBundle@5dabe1df
      NO_RESOURCE_BUNDLE = class java.util.logging.Logger$LoggerBundle@2cdd3f95
      manager = class com.ibm.ws.kernel.boot.logging.WsLogManager@5910f7b1
      name = "com.ibm.ws.webcontainer.servlet"
      handlers = class java.util.concurrent.CopyOnWriteArrayList@71ce068b
      loggerBundle = class java.util.logging.Logger$LoggerBundle@523db047
      useParentHandlers = true
      filter = null
      anonymous = false
      catalog = class com.ibm.ws.webcontainer.resources.Messages@9fb69a4
      catalogName = "com.ibm.ws.webcontainer.resources.Messages"
      catalogLocale = class java.util.Locale@44a598e3
      treeLock = class java.lang.Object@36157716
      parent = class com.ibm.ws.logging.internal.WsLogger@24831cb6
      kids = null
      levelObject = class java.util.logging.Level@76e7e7cb
      levelValue = 800
      callersClassLoaderRef = class java.lang.ref.WeakReference@2df2c3a4
      isSystemLogger = false
      GLOBAL_LOGGER_NAME = "global"
      global = class java.util.logging.Logger@3f07a819
      $assertionsDisabled = true
    CLASS_NAME = "com.ibm.ws.webcontainer.servlet.ServletWrapper"
    nls = class com.ibm.ejs.ras.TraceNLS@1cc4103d
      resolver = class com.ibm.ws.logging.internal.TraceNLSResolver@1f7c8624
      finder = class com.ibm.ws.logging.internal.StackFinder@34cb2038
      ivBundleName = "com.ibm.ws.webcontainer.resources.Messages"
      caller = class java.lang.Class@46b426ac
    servletConfig = class com.ibm.ws.webcontainer.servlet.ServletConfig@49a0fea5
      logger = class com.ibm.ws.logging.internal.WsLogger@488d55e7
      CLASS_NAME = "com.ibm.ws.webcontainer.servlet.ServletConfig"
      nls = class com.ibm.ejs.ras.TraceNLS@4df4f09f
      liberty_nls = class com.ibm.ejs.ras.TraceNLS@18071360
      enabled = true
      servletName = "com.example.documents.DocumentsRestApplication"
      className = null
      mappings = class java.util.ArrayList@272a89f9
      startUpWeight = null
      DEFAULT_STARTUP = -1
      isCachingEnabled = true
      isStatisticsEnabled = true
      isInternal = false
      metaData = class com.ibm.ws.webcontainer.osgi.metadata.WebComponentMetaDataImpl@73cb68d0
      singleThreadModelServlet = false
      isJsp = false
      webAppConfig = class com.ibm.ws.webcontainer.osgi.webapp.WebAppConfiguration@2e4752a8
      servletWrapper = class com.ibm.ws.webcontainer.osgi.servlet.ServletWrapper@1fa0d3e5
      servletClass = class java.lang.Class@5fff71ad
      servlet = class com.ibm.websphere.jaxrs.server.IBMRestServlet@236ed22e
      addedToLoadOnStartup = true
      previousWeight = null
      multipartConfig = null
      multipartConfigBaseLocation = null
      runAsRole = null
      servletSecurityElement = null
      declareRolesAnnotation = null
      logger = class com.ibm.ws.logging.internal.WsLogger@488d55e7
      CLASS_NAME = "com.ibm.ws.webcontainer.servlet.TargetConfig"
      initParams = null
      fileName = null
      displayName = null
      name = "com.example.documents.DocumentsRestApplication"
      description = null
      smallIcon = null
      largeIcon = null
      context = class com.ibm.ws.webcontainer40.facade.ServletContextFacade40@6bd5a8c6
      className = null
      asyncSupported = true
      _id = "com.example.documents.DocumentsRestApplication"
      _attributes = null
      serialVersionUID = 7511545662945734886
      $$$tc$$$ = class com.ibm.websphere.ras.TraceComponent@70c20ea3
    context = class com.ibm.ws.webcontainer40.osgi.webapp.WebApp40@493b62ed
    target = class com.ibm.websphere.jaxrs.server.IBMRestServlet@236ed22e
      serialVersionUID = -6835560282014155024
      KNOWN_HTTP_VERBS = class java.util.Arrays$ArrayList@5ef2306d
      HTML_CONTENT_TYPE = "text/html"
      endpoint = class com.ibm.ws.jaxrs20.server.JaxRsWebEndpointImpl@7d26fbc0
      collaborator = class com.ibm.ws.webcontainer.osgi.collaborator.WebAppNameSpaceCollaboratorImpl@2626f31d
      providerFactoryService = class com.ibm.ws.jaxrs20.component.JaxRsProviderFactory@6100fe6
      $$$tc$$$ = class com.ibm.websphere.ras.TraceComponent@7d33c5ad
      METHOD_DELETE = "DELETE"
      METHOD_HEAD = "HEAD"
      METHOD_GET = "GET"
      METHOD_OPTIONS = "OPTIONS"
      METHOD_POST = "POST"
      METHOD_PUT = "PUT"
      METHOD_TRACE = "TRACE"
      HEADER_IFMODSINCE = "If-Modified-Since"
      HEADER_LASTMOD = "Last-Modified"
      LSTRING_FILE = "javax.servlet.http.LocalStrings"
      lStrings = class java.util.PropertyResourceBundle@6b3735fc
      LSTRING_FILE = "javax.servlet.LocalStrings"
      lStrings = class java.util.PropertyResourceBundle@44d6ba2d
      config = class com.ibm.ws.webcontainer.servlet.ServletConfig@49a0fea5
    cacheWrappers = null
    targetLoader = null
    evtSource = class com.ibm.ws.webcontainer.webapp.WebAppEventSource@16e89c9
      _invocationListeners = class com.ibm.ws.webcontainer.util.EventListeners@6e1a0d08
      _servletListeners = class com.ibm.ws.webcontainer.util.EventListeners@52a05f35
      _errorListeners = class com.ibm.ws.webcontainer.util.EventListeners@397180ae
      _applicationListeners = class com.ibm.ws.webcontainer.util.EventListeners@2acf7448
      _filterInvocationListeners = class com.ibm.ws.webcontainer.util.EventListeners@14834e54
      _filterListeners = class com.ibm.ws.webcontainer.util.EventListeners@448ae206
      _filterErrorListeners = class com.ibm.ws.webcontainer.util.EventListeners@71cb6ec9
    event = class com.ibm.websphere.servlet.event.ServletEvent@3d172421
      serialVersionUID = 3906650803920713522
      _servletName = "com.example.documents.DocumentsRestApplication"
      _servletClassName = "com.ibm.websphere.jaxrs.server.IBMRestServlet"
      $$$tc$$$ = class com.ibm.websphere.ras.TraceComponent@3aa0bcab
      serialVersionUID = 3546927969739289392
      _context = class com.ibm.ws.webcontainer40.facade.ServletContextFacade40@6bd5a8c6
      _servletNames = class com.ibm.ws.webcontainer.util.EmptyEnumeration@16bf9d99
      $$$tc$$$ = class com.ibm.websphere.ras.TraceComponent@3704a081
      serialVersionUID = 5516075349620653480
      source = class com.ibm.ws.webcontainer.osgi.servlet.ServletWrapper@1fa0d3e5
    unavailableMessage = null
    unavailableUntil = -1
    isSTM = false
    internalServlet = false
    webAppInvocationCollaborators = null
    platformHelper = class com.ibm.ws.webcontainer.PlatformHelper@730cb0f0
    webAppNameSpaceCollab = class com.ibm.ws.webcontainer.osgi.collaborator.WebAppNameSpaceCollaboratorImpl@2626f31d
      cmdai = class com.ibm.ws.threadContext.ComponentMetaDataAccessorImpl@4fcd8754
    txCollab = class com.ibm.ws.transaction.services.WebAppTransactionCollaboratorImpl@53f316d1
      tc = class com.ibm.websphere.ras.TraceComponent@4fb6d6f9
      ltCurrentRef = class com.ibm.wsspi.kernel.service.utils.AtomicServiceReference@701c493c
      tranMgrRef = class com.ibm.wsspi.kernel.service.utils.AtomicServiceReference@638bf1b7
      userTranRef = class com.ibm.wsspi.kernel.service.utils.AtomicServiceReference@7443ef20
      uowCallbackRef = class com.ibm.wsspi.kernel.service.utils.AtomicServiceReference@7cddfe06
      serialVersionUID = -8319003162899973281
    connCollab = class com.ibm.ws.webcontainer.collaborator.ConnectionHandleCollaborator@57c116a2
      tc = class com.ibm.websphere.ras.TraceComponent@5919f179
      threadContext = class com.ibm.ws.threadContext.ThreadContextImpl@309b29b4
    suppressServletExceptionLogging = false
    throwExceptionEnum = class java.util.RegularEnumSet@50731aa7
      serialVersionUID = 3411599620347842686
      elements = 256
      elementType = class java.lang.Class@93c0df4
      universe = class com.ibm.wsspi.webcontainer.collaborator.CollaboratorInvocationEnum[9]
      ZERO_LENGTH_ENUM_ARRAY = class java.lang.Enum[0]
      MAX_ARRAY_SIZE = 2147483639
    discernUnavailableServlet = false
    reInitServletonInitUnavailableException = true
    destroyServletonServiceUnavailableException = false
    servlet23 = true
    PARAMS_HEAD_TRACE = class java.lang.Class[2]
      Class[0] = class java.lang.Class@47aa9569
      Class[1] = class java.lang.Class@5ed66366
    defaultHeadMethodInUse = false
    defaultTraceMethodInUse = false
    checkedForDefaultMethods = null
    defaultTraceRequestBehavior = false
    defaultHeadRequestBehavior = false
    useOriginalRequestState = false
    warningStatusSet = false
    LSTRING_FILE = "javax.servlet.LocalStrings"
    lStrings = class java.util.PropertyResourceBundle@44d6ba2d
      lookup = class java.util.HashMap@7fad5d9b
      INITIAL_CACHE_SIZE = 32
      NONEXISTENT_BUNDLE = class java.util.ResourceBundle$1@77053d1
      cacheList = class java.util.concurrent.ConcurrentHashMap@2ae79a34
      referenceQueue = class java.lang.ref.ReferenceQueue@24bcb511
      parent = null
      locale = class java.util.Locale@34ab322f
      name = "javax.servlet.LocalStrings"
      expired = false
      cacheKey = class java.util.ResourceBundle$CacheKey@38051b28
      keySet = null
      providers = null
      $assertionsDisabled = true
    config = null
  _filtersDefined = true
  logger = class com.ibm.ws.logging.internal.WsLogger@827194
    ivCachedResourceBundleName = null
    ivCachedResourceBundle = null
    ivComponent = null
    ivOrganization = null
    ivProduct = null
    ivMinimumLocalizationLevelIntValue = 625
    ivTC = class com.ibm.websphere.ras.TraceComponent@49b309e9
      strings[0] = "TraceComponent[com.ibm.ws.webcontainer.filter,class com.ibm.wsspi.webcontainer.logging.LoggerFactory$1,[com.ibm.ws.webcontainer.filter],null,null]"
    loggerRegistrationComponent = class java.lang.ThreadLocal@6012a54a
      threadLocalHashCode = 661548054
      nextHashCode = class java.util.concurrent.atomic.AtomicInteger@16fcc40f
      HASH_INCREMENT = 1640531527
    emptyHandlers = class java.util.logging.Handler[0]
    offValue = 2147483647
    SYSTEM_LOGGER_RB_NAME = "sun.util.logging.resources.logging"
    SYSTEM_BUNDLE = class java.util.logging.Logger$LoggerBundle@5dabe1df
      resourceBundleName = "sun.util.logging.resources.logging"
      userBundle = null
    NO_RESOURCE_BUNDLE = class java.util.logging.Logger$LoggerBundle@2cdd3f95
      resourceBundleName = null
      userBundle = null
    manager = class com.ibm.ws.kernel.boot.logging.WsLogManager@5910f7b1
      CONFIGURE_BY_SERVER_PROPERTY_NAME = "java.util.logging.configureByServer"
      CONFIGURE_BY_LOGGING_PROPERTIES_FILE = "java.util.logging.configureByLoggingPropertiesFile"
      configureByServer = true
      configureByLoggingProperties = false
      wsLogger = class java.lang.reflect.Constructor@3b114214
      resetEnabled = true
      svBinaryLoggingEnable = false
      manager = class com.ibm.ws.kernel.boot.logging.WsLogManager@5910f7b1
      props = class java.util.Properties@785ce41f
      defaultLevel = class java.util.logging.Level@76e7e7cb
      listenerMap = class java.util.HashMap@782147dd
      systemContext = class java.util.logging.LogManager$SystemLoggerContext@92580e8
      userContext = class java.util.logging.LogManager$LoggerContext@3815623a
      rootLogger = class java.util.logging.LogManager$RootLogger@76ca5c5f
      readPrimordialConfiguration = true
      initializedGlobalHandlers = true
      deathImminent = false
      initializedCalled = true
      initializationDone = true
      contextsMap = null
      loggerRefQueue = class java.lang.ref.ReferenceQueue@27f6053b
      MAX_ITERATIONS = 400
      controlPermission = class java.util.logging.LoggingPermission@551ba1b7
      loggingMXBean = null
      LOGGING_MXBEAN_NAME = "java.util.logging:type=Logging"
      $assertionsDisabled = true
    name = "com.ibm.ws.webcontainer.filter"
    handlers = class java.util.concurrent.CopyOnWriteArrayList@104bbb1b
      serialVersionUID = 8673264195747942595
      lock = class java.util.concurrent.locks.ReentrantLock@2eebbaa5
      array = class java.lang.Object[0]
      UNSAFE = class sun.misc.Unsafe@f5b8025
      lockOffset = 12
    loggerBundle = class java.util.logging.Logger$LoggerBundle@12ec15d4
      resourceBundleName = "com.ibm.ws.webcontainer.resources.Messages"
      userBundle = null
    useParentHandlers = true
    filter = null
    anonymous = false
    catalog = class com.ibm.ws.webcontainer.resources.Messages@9fb69a4
      resources = class [Ljava.lang.Object;[338]
      lookup = class java.util.HashMap@4d794251
      INITIAL_CACHE_SIZE = 32
      NONEXISTENT_BUNDLE = class java.util.ResourceBundle$1@77053d1
      cacheList = class java.util.concurrent.ConcurrentHashMap@2ae79a34
      referenceQueue = class java.lang.ref.ReferenceQueue@24bcb511
      parent = null
      locale = class java.util.Locale@34ab322f
      name = "com.ibm.ws.webcontainer.resources.Messages"
      expired = false
      cacheKey = class java.util.ResourceBundle$CacheKey@2350001d
      keySet = null
      providers = null
      $assertionsDisabled = true
    catalogName = "com.ibm.ws.webcontainer.resources.Messages"
    catalogLocale = class java.util.Locale@44a598e3
      LOCALECACHE = class java.util.Locale$Cache@68525b0b
      ENGLISH = class java.util.Locale@3a180b28
      FRENCH = class java.util.Locale@56f0e1ad
      GERMAN = class java.util.Locale@604dded8
      ITALIAN = class java.util.Locale@1abd5bd9
      JAPANESE = class java.util.Locale@600652ed
      KOREAN = class java.util.Locale@312a3ac9
      CHINESE = class java.util.Locale@3f9f992a
      SIMPLIFIED_CHINESE = class java.util.Locale@4f0c6e93
      TRADITIONAL_CHINESE = class java.util.Locale@1d4fdca5
      FRANCE = class java.util.Locale@7dd351b7
      GERMANY = class java.util.Locale@3e46c1ee
      ITALY = class java.util.Locale@12925843
      JAPAN = class java.util.Locale@715b0440
      KOREA = class java.util.Locale@16e2bd35
      CHINA = class java.util.Locale@4f0c6e93
      PRC = class java.util.Locale@4f0c6e93
      TAIWAN = class java.util.Locale@1d4fdca5
      UK = class java.util.Locale@44a598e3
      US = class java.util.Locale@1e2357b6
      CANADA = class java.util.Locale@1ef34471
      CANADA_FRENCH = class java.util.Locale@37232aeb
      ROOT = class java.util.Locale@34ab322f
      PRIVATE_USE_EXTENSION = x
      UNICODE_LOCALE_EXTENSION = u
      serialVersionUID = 9149081749638150636
      DISPLAY_LANGUAGE = 0
      DISPLAY_COUNTRY = 1
      DISPLAY_VARIANT = 2
      DISPLAY_SCRIPT = 3
      baseLocale = class sun.util.locale.BaseLocale@34e55750
      localeExtensions = null
      hashCodeValue = 96622908
      defaultLocale = class java.util.Locale@44a598e3
      defaultDisplayLocale = null
      defaultFormatLocale = class java.util.Locale@44a598e3
      languageTag = "en-GB"
      serialPersistentFields = class java.io.ObjectStreamField[6]
      isoLanguages = null
      isoCountries = null
      $assertionsDisabled = true
    treeLock = class java.lang.Object@36157716
    parent = class com.ibm.ws.logging.internal.WsLogger@24831cb6
      ivCachedResourceBundleName = null
      ivCachedResourceBundle = null
      ivComponent = null
      ivOrganization = null
      ivProduct = null
      ivMinimumLocalizationLevelIntValue = 625
      ivTC = class com.ibm.websphere.ras.TraceComponent@1b4ba2cc
      loggerRegistrationComponent = class java.lang.ThreadLocal@6012a54a
      emptyHandlers = class java.util.logging.Handler[0]
      offValue = 2147483647
      SYSTEM_LOGGER_RB_NAME = "sun.util.logging.resources.logging"
      SYSTEM_BUNDLE = class java.util.logging.Logger$LoggerBundle@5dabe1df
      NO_RESOURCE_BUNDLE = class java.util.logging.Logger$LoggerBundle@2cdd3f95
      manager = class com.ibm.ws.kernel.boot.logging.WsLogManager@5910f7b1
      name = "com.ibm.ws.webcontainer"
      handlers = class java.util.concurrent.CopyOnWriteArrayList@7702b646
      loggerBundle = class java.util.logging.Logger$LoggerBundle@47a1d619
      useParentHandlers = true
      filter = null
      anonymous = false
      catalog = class com.ibm.ws.webcontainer.resources.Messages@9fb69a4
      catalogName = "com.ibm.ws.webcontainer.resources.Messages"
      catalogLocale = class java.util.Locale@44a598e3
      treeLock = class java.lang.Object@36157716
      parent = class java.util.logging.Logger@6e5e27b8
      kids = class java.util.ArrayList@8245c7d
      levelObject = class java.util.logging.Level@76e7e7cb
      levelValue = 800
      callersClassLoaderRef = class java.lang.ref.WeakReference@6af66bb9
      isSystemLogger = false
      GLOBAL_LOGGER_NAME = "global"
      global = class java.util.logging.Logger@3f07a819
      $assertionsDisabled = true
    kids = null
    levelObject = class java.util.logging.Level@76e7e7cb
      defaultBundle = "sun.util.logging.resources.logging"
      name = "INFO"
      value = 800
      resourceBundleName = "sun.util.logging.resources.logging"
      localizedLevelName = "INFO"
      cachedLocale = class java.util.Locale@44a598e3
      OFF = class java.util.logging.Level@2214fd4d
      SEVERE = class java.util.logging.Level@4e9d71e7
      WARNING = class java.util.logging.Level@3a9ed446
      INFO = class java.util.logging.Level@76e7e7cb
      CONFIG = class java.util.logging.Level@3a351323
      FINE = class java.util.logging.Level@3fce6fbd
      FINER = class java.util.logging.Level@1a7923ea
      FINEST = class java.util.logging.Level@5609f807
      ALL = class java.util.logging.Level@44b755ee
      serialVersionUID = -8176160795706313070
    levelValue = 800
    callersClassLoaderRef = class java.lang.ref.WeakReference@35d7268
      referent = class org.eclipse.osgi.internal.loader.EquinoxClassLoader@1d098f93
      queue = class java.lang.ref.ReferenceQueue$Null@232e69e0
      next = null
      discovered = null
      lock = class java.lang.ref.Reference$Lock@3c52f9da
      pending = null
    isSystemLogger = false
    GLOBAL_LOGGER_NAME = "global"
    global = class java.util.logging.Logger@3f07a819
      emptyHandlers = class java.util.logging.Handler[0]
      offValue = 2147483647
      SYSTEM_LOGGER_RB_NAME = "sun.util.logging.resources.logging"
      SYSTEM_BUNDLE = class java.util.logging.Logger$LoggerBundle@5dabe1df
      NO_RESOURCE_BUNDLE = class java.util.logging.Logger$LoggerBundle@2cdd3f95
      manager = class com.ibm.ws.kernel.boot.logging.WsLogManager@5910f7b1
      name = "global"
      handlers = class java.util.concurrent.CopyOnWriteArrayList@44eae2a8
      loggerBundle = class java.util.logging.Logger$LoggerBundle@2cdd3f95
      useParentHandlers = true
      filter = null
      anonymous = false
      catalog = null
      catalogName = null
      catalogLocale = null
      treeLock = class java.lang.Object@36157716
      parent = class java.util.logging.LogManager$RootLogger@76ca5c5f
      kids = null
      levelObject = null
      levelValue = 800
      callersClassLoaderRef = null
      isSystemLogger = true
      GLOBAL_LOGGER_NAME = "global"
      global = class java.util.logging.Logger@3f07a819
      $assertionsDisabled = true
    $assertionsDisabled = true
  CLASS_NAME = "com.ibm.ws.webcontainer.filter.WebAppFilterChain"
  webapp = class com.ibm.ws.webcontainer40.osgi.webapp.WebApp40@493b62ed
    tc = class com.ibm.websphere.ras.TraceComponent@7e6f32f0
      strings[0] = "TraceComponent[com.ibm.ws.webcontainer40.osgi.webapp.WebApp40,class com.ibm.ws.webcontainer40.osgi.webapp.WebApp40,[webcontainer],com.ibm.ws.webcontainer31.resources.Messages,null]"
    servlet40NLS = class com.ibm.ejs.ras.TraceNLS@d7da80
      resolver = class com.ibm.ws.logging.internal.TraceNLSResolver@1f7c8624
      finder = class com.ibm.ws.logging.internal.StackFinder@34cb2038
      ivBundleName = "com.ibm.ws.webcontainer40.resources.Messages"
      caller = class java.lang.Class@765f1e1c
    CLASS_NAME = "com.ibm.ws.webcontainer40.osgi.webapp.WebApp40"
    defaultSessionTimeout = 30
    tc = class com.ibm.websphere.ras.TraceComponent@2035c462
      strings[0] = "TraceComponent[com.ibm.ws.webcontainer31.osgi.webapp.WebApp31,class com.ibm.ws.webcontainer31.osgi.webapp.WebApp31,[webcontainer],com.ibm.ws.webcontainer31.resources.Messages,null]"
    CLASS_NAME = "com.ibm.ws.webcontainer31.osgi.webapp.WebApp31"
    servlet31NLS = class com.ibm.ejs.ras.TraceNLS@22a77bdd
      resolver = class com.ibm.ws.logging.internal.TraceNLSResolver@1f7c8624
      finder = class com.ibm.ws.logging.internal.StackFinder@34cb2038
      ivBundleName = "com.ibm.ws.webcontainer31.resources.Messages"
      caller = class java.lang.Class@2a8587c8
    validListenerClasses = class java.lang.Class[7]
      Class[0] = class java.lang.Class@5682f34c
      Class[1] = class java.lang.Class@4b5a2b6c
      Class[2] = class java.lang.Class@6641f2cf
      Class[3] = class java.lang.Class@24047a82
      Class[4] = class java.lang.Class@6236cdf
      Class[5] = class java.lang.Class@511cbab9
      Class[6] = class java.lang.Class@51fcd343
    wsocServHandler = null
    tc = class com.ibm.websphere.ras.TraceComponent@1398aaff
      strings[0] = "TraceComponent[com.ibm.ws.webcontainer.osgi.webapp.WebApp,class com.ibm.ws.webcontainer.osgi.webapp.WebApp,[webcontainer],com.ibm.ws.webcontainer.resources.LShimMessages,null]"
    CLASS_NAME = "com.ibm.ws.webcontainer.osgi.webapp.WebApp"
    metaDataService = class com.ibm.ws.container.service.metadata.internal.MetaDataServiceImpl@7dbcd4b6
      applicationMetaDataManager = class com.ibm.ws.container.service.metadata.internal.ApplicationMetaDataManager@5e7070e8
      moduleMetaDataManager = class com.ibm.ws.container.service.metadata.internal.ModuleMetaDataManager@3c88921e
      componentMetaDataManager = class com.ibm.ws.container.service.metadata.internal.ComponentMetaDataManager@67704944
      methodMetaDataManager = class com.ibm.ws.container.service.metadata.internal.MethodMetaDataManager@78868df7
      appModuleNameToModuleContainer = class java.util.concurrent.ConcurrentHashMap@252c553f
      jeeNameToComponentMetaData = class java.util.concurrent.ConcurrentHashMap@5dcc3be6
      deferredMetaDataFactories = class com.ibm.wsspi.kernel.service.utils.ConcurrentServiceReferenceSet@38136372
      deferredMetaDataInitializers = class com.ibm.wsspi.kernel.service.utils.ConcurrentServiceReferenceMap@7436a8b2
      serialVersionUID = -2494605732980966097
      $$$tc$$$ = class com.ibm.websphere.ras.TraceComponent@521b7977
    namespacePopulated = false
    referenceContext = class com.ibm.ws.injectionengine.osgi.internal.OSGiReferenceContextImpl@237a1e6d
      scopeData = class com.ibm.ws.injectionengine.osgi.internal.OSGiInjectionScopeData@4af108c6
      serialVersionUID = 521511923892134915
      $$$tc$$$ = class com.ibm.websphere.ras.TraceComponent@7232e654
      CLASS_NAME = "com.ibm.ws.injectionengine.ReferenceContextImpl"
      tc = class com.ibm.websphere.ras.TraceComponent@1e7b0e6f
      ivInjectionEngine = class com.ibm.ws.injectionengine.osgi.internal.OSGiInjectionEngineImpl@654ac61b
      ivProviders = class java.util.ArrayList@38cfc15f
      ivComponentJavaContext = null
      ivComponentNameSpace = null
      ivJavaColonCompEnvMap = class java.util.LinkedHashMap@d329181
      ivEjbContext10 = class java.util.Properties@d6c869b
      ivResourceRefConfigList = class com.ibm.ws.resource.internal.ResourceRefConfigListImpl@3ea5e333
      isAlreadyProcessed = true
      ivProcessFailure = null
      ivInjectionTargetMap = class java.util.concurrent.ConcurrentHashMap@78a60881
      svInjTarMapCacheSize = 256
      ivDeclaredInjectionTargets = class java.util.HashMap@6101208d
      ivProcessedInjectionClasses = class java.util.HashSet@8302a68
      svInjClassMapCacheSize = 512
      ivProcessedInjectionBindings = class java.util.LinkedHashSet@191dec26
      ivAnyProcessDynamic = true
      ivCheckAppConfig = false
    j2eeNameFactory = class com.ibm.ws.container.service.metadata.internal.J2EENameFactoryImpl@3727be02
      serialVersionUID = 3486344295038028821
      $$$tc$$$ = class com.ibm.websphere.ras.TraceComponent@5864005a
    moduleLoader = class com.ibm.ws.classloading.internal.AppClassLoader@57445e0
      tc = class com.ibm.websphere.ras.TraceComponent@153845ab
      disableSharedClassesCache = false
      PARENT_FIRST_SEARCH_ORDER = class java.util.Collections$UnmodifiableRandomAccessList@29dd7b3c
      packagesDefined = class java.util.Collections$SetFromMap@6d04e5a
      CLASS_LOADING_TRACE_PREFIX = "com.ibm.ws.class.load."
      DEFAULT_PACKAGE = "default.package"
      perPackageClassLoadingTraceComponents = class java.util.concurrent.ConcurrentHashMap@7acc42a7
      config = class com.ibm.ws.classloading.internal.ClassLoaderConfigurationImpl@24f170cb
      privateLibraries = null
      delegateLoaders = class com.ibm.ws.classloading.internal.util.CompositeIterable@6637fbf2
      nativeLibraryFiles = class java.util.ArrayList@6211cbf0
      transformers = class java.util.ArrayList@7ad0746f
      apiAccess = class com.ibm.ws.classloading.internal.GatewayClassLoader@6fbed6a5
      generator = class com.ibm.ws.classloading.internal.ClassGeneratorManager@558834d6
      protectionDomains = class java.util.concurrent.ConcurrentHashMap@cb9adfe
      parent = class com.ibm.ws.classloading.internal.GatewayClassLoader@6fbed6a5
      hook = null
      serialVersionUID = 8734164900246230615
      tc = class com.ibm.websphere.ras.TraceComponent@4fd74e8a
      smartClassPath = class com.ibm.ws.classloading.internal.ContainerClassLoader$SmartClassPathImpl@609ba9d2
      nativeLibraryContainers = class java.util.ArrayList@1991daa2
      redefiner = class com.ibm.ws.classloading.internal.util.ClassRedefiner@d2b73c2
      jarProtocol = "wsjar:"
      mapCreationQueue = class java.util.concurrent.Executors$FinalizableDelegatedExecutorService@4c3ce9c4
      serialVersionUID = 6399598832433768509
      serialVersionUID = 1837293532091806117
      $$$tc$$$ = class com.ibm.websphere.ras.TraceComponent@420766ff
      serialVersionUID = -4586727107834513475
      $$$tc$$$ = class com.ibm.websphere.ras.TraceComponent@4acbcad3
      serialVersionUID = -7709588811276454856
      $$$tc$$$ = class com.ibm.websphere.ras.TraceComponent@ab54fb6
      initialized = true
      pdcache = class java.util.HashMap@71540ca8
      debug = null
      parent = class com.ibm.ws.classloading.internal.GatewayClassLoader@6fbed6a5
      parallelLockMap = class java.util.concurrent.ConcurrentHashMap@66879cea
      package2certs = class java.util.concurrent.ConcurrentHashMap@30e4469b
      nocerts = class java.security.cert.Certificate[0]
      classes = class java.util.Vector@1b3deb8a
      defaultDomain = class java.security.ProtectionDomain@4a5d9509
      packages = class java.util.HashMap@10673064
      scl = class sun.misc.Launcher$AppClassLoader@4e0e2f2a
      sclSet = true
      loadedLibraryNames = class java.util.Vector@2257c6d
      systemNativeLibraries = class java.util.Vector@76b0b618
      nativeLibraries = class java.util.Vector@50e3901a
      nativeLibraryContext = class java.util.Stack@792e7e72
      usr_paths = class java.lang.String[63]
      sys_paths = class java.lang.String[1]
      assertionLock = class java.lang.Object@6f1df864
      defaultAssertionStatus = false
      packageAssertionStatus = null
      classAssertionStatus = null
    webAppConfig = class com.ibm.ws.webcontainer.osgi.webapp.WebAppConfiguration@2e4752a8
      webModuleMetaData = class com.ibm.ws.webcontainer.osgi.metadata.WebModuleMetaDataImpl@5721d8bf
      webComponentMetaData = class com.ibm.ws.webcontainer.osgi.metadata.WebComponentMetaDataImpl@44cd8927
      dVirtualHost = class com.ibm.ws.webcontainer.osgi.DynamicVirtualHost@7cbf4593
      orderedLibPaths = class java.util.Collections$UnmodifiableRandomAccessList@482f0833
      bundleHeaders = null
      cdiEnabled = true
      CLASS_NAME = "com.ibm.ws.webcontainer.webapp.WebAppConfiguration"
      logger = class com.ibm.ws.logging.internal.WsLogger@7230bc46
      tc = class com.ibm.websphere.ras.TraceComponent@72bb8b12
      nls = class com.ibm.ejs.ras.TraceNLS@4536256b
      version = 30
      contextRoot = "/documents"
      isDefaultContextRootUsed = true
      sessionTimeout = 0
      moduleSessionTimeoutSet = false
      moduleSessionTrackingModeSet = false
      sessionCookieConfig = class com.ibm.ws.session.SessionCookieConfigImpl@7ab61a02
      hasProgrammaticCookieConfig = false
      sessionDefaultTrackingModeSet = class java.util.RegularEnumSet@41621913
      sessionManagerConfig = class com.ibm.ws.session.SessionManagerConfig@570c9a4b
      displayName = "documents"
      description = null
      reloadInterval = 0
      distributable = false
      denyUncoveredHttpMethods = false
      reloadingEnabled = false
      serveServletsByClassnameEnabled = false
      defaultErrorPage = null
      additionalClassPath = null
      fileServingEnabled = null
      directoryBrowsingEnabled = false
      autoRequestEncoding = false
      autoResponseEncoding = false
      autoLoadFilters = false
      requestListeners = null
      requestAttributeListeners = null
      sessionListeners = null
      localeMap = null
      moduleName = "documents"
      j2eeModuleName = "documents.war"
      moduleId = null
      isSyncToThreadEnabled = false
      encodeDispatchedRequestURI = false
      isSystemApp = false
      ardEnabled = false
      ardDispatchType = null
      listeners = class java.util.ArrayList@69ce24a9
      welcomeFileList = class java.util.ArrayList@1d274986
      servletMappings = class java.util.HashMap@578b362a
      lastIndexBeforeDeclaredFilters = 1
      filterMappings = class java.util.ArrayList@6701749
      servletInfo = class java.util.concurrent.ConcurrentHashMap@1e839042
      filterInfo = class java.util.HashMap@394f816d
      mimeMappings = class java.util.HashMap@377bca08
      mimeFilters = null
      isMimeFilteringEnabled = false
      theWebGroup = null
      jspAttributes = class java.util.HashMap@313749f1
      fileServingAttributes = class java.util.HashMap@3334ce15
      invokerAttributes = class java.util.HashMap@76b565f7
      contextParams = class java.util.HashMap@1ff7daa3
      virtualHost = "default_host"
      exceptionErrorPages = class java.util.HashMap@1404706d
      codeErrorPages = class java.util.HashMap@1d5509e
      tagLibList = null
      precompileJsps = false
      webApp = class com.ibm.ws.webcontainer40.osgi.webapp.WebApp40@493b62ed
      virtualHostList = class java.util.Collections$EmptyList@5c12078e
      appStartupWeight = 0
      moduleStartupWeight = 0
      metaDataComplete = false
      classesToScan = class java.util.ArrayList@7d11fc6d
      uriFilterMappingInfos = class java.util.ArrayList@4aa17cba
      servletFilterMappingInfos = null
      dynamicServletRegistrationMap = null
      applicationName = "documents"
      libBinPathList = class java.util.ArrayList@61db94d0
      webXmlDefinedListeners = class java.util.HashSet@2db9d112
      allRefs = class java.util.EnumMap@5f39a25c
      allRefBindings = class java.util.EnumMap@1ebc51ad
      envEntryValues = class java.util.HashMap@23fc3bbe
      resourceRefConfigList = null
      disallowAllFileServingProp = "false"
      disallowServeServletsByClassnameProp = "true"
      disableStaticMappingCache = false
      jspCachedLocations = null
      primedSTSHeader = "NoValue"
      enablemultireadofpostdata = false
      requestEncoding = null
      responseEncoding = null
      NULLSERVLETNAME = "com.ibm.ws.webcontainer.NullServletName"
      _id = "WebAppGeneratedId8"
      _attributes = null
      serialVersionUID = 7511545662945734886
      $$$tc$$$ = class com.ibm.websphere.ras.TraceComponent@70c20ea3
    extensionProcessingDisabled = false
    managedObjectService = class com.ibm.ws.cdi.impl.managedobject.CDIManagedObjectService@6722458d
      cdiServiceRef = class com.ibm.wsspi.kernel.service.utils.AtomicServiceReference@8c86942
      defaultMOSRef = class com.ibm.wsspi.kernel.service.utils.AtomicServiceReference@5b7d6dc2
      cdiRuntime = class com.ibm.ws.cdi.liberty.CDIRuntimeImpl@42ad6f6a
      serialVersionUID = 6431825704414919683
      $$$tc$$$ = class com.ibm.websphere.ras.TraceComponent@770d9f9d
    internalServletMetaData = interface com.ibm.wsspi.webcontainer.metadata.WebComponentMetaData[2]
      WebComponentMetaData[0] = null
      WebComponentMetaData[1] = null
    loginProcessor = null
    logoutProcessor = null
    collabHelper = class com.ibm.ws.webcontainer.osgi.collaborator.CollaboratorHelperImpl@4345d195
    envObject = class com.ibm.ws.util.WSThreadLocal@76cde620
      tc = class com.ibm.ejs.ras.TraceComponent@2fbff1fc
      count = 8
      index = 3
      SUSPECTED_MISUSAGE_THRESHOLD = 200
      threadLocalHashCode = -820866734
      nextHashCode = class java.util.concurrent.atomic.AtomicInteger@16fcc40f
      HASH_INCREMENT = 1640531527
    orderedLibPaths = class java.util.Collections$UnmodifiableRandomAccessList@482f0833
      serialVersionUID = -2542308836966382001
      serialVersionUID = -283967356065247728
      list = class java.util.ArrayList@2f089ccc
      serialVersionUID = 1820017752578914078
      c = class java.util.ArrayList@2f089ccc
    perm = class com.ibm.websphere.security.WebSphereRuntimePermission@5ae5e28c
      serialVersionUID = -3306242789188168337
      $$$tc$$$ = class com.ibm.websphere.ras.TraceComponent@8672add
      serialVersionUID = 6279438298436773498
      wildcard = false
      path = "accessServletContext"
      exitVM = false
      serialVersionUID = -5636570222231596674
      name = "accessServletContext"
    WELCOME_FILE_LIST = "com.ibm.ws.webcontainer.config.WelcomeFileList"
    DIR_BROWSING_MAPPING = "__dirBrowsing__1640709623579"
    FILTER_PROXY_MAPPING = "/__filterProxy__1640709623579"
    logger = class com.ibm.ws.logging.internal.WsLogger@7230bc46
      ivCachedResourceBundleName = null
      ivCachedResourceBundle = null
      ivComponent = null
      ivOrganization = null
      ivProduct = null
      ivMinimumLocalizationLevelIntValue = 625
      ivTC = class com.ibm.websphere.ras.TraceComponent@55ade7ee
      loggerRegistrationComponent = class java.lang.ThreadLocal@6012a54a
      emptyHandlers = class java.util.logging.Handler[0]
      offValue = 2147483647
      SYSTEM_LOGGER_RB_NAME = "sun.util.logging.resources.logging"
      SYSTEM_BUNDLE = class java.util.logging.Logger$LoggerBundle@5dabe1df
      NO_RESOURCE_BUNDLE = class java.util.logging.Logger$LoggerBundle@2cdd3f95
      manager = class com.ibm.ws.kernel.boot.logging.WsLogManager@5910f7b1
      name = "com.ibm.ws.webcontainer.webapp"
      handlers = class java.util.concurrent.CopyOnWriteArrayList@4a1627ae
      loggerBundle = class java.util.logging.Logger$LoggerBundle@6892c3d6
      useParentHandlers = true
      filter = null
      anonymous = false
      catalog = class com.ibm.ws.webcontainer.resources.Messages@9fb69a4
      catalogName = "com.ibm.ws.webcontainer.resources.Messages"
      catalogLocale = class java.util.Locale@44a598e3
      treeLock = class java.lang.Object@36157716
      parent = class com.ibm.ws.logging.internal.WsLogger@24831cb6
      kids = null
      levelObject = class java.util.logging.Level@76e7e7cb
      levelValue = 800
      callersClassLoaderRef = class java.lang.ref.WeakReference@78c205f4
      isSystemLogger = false
      GLOBAL_LOGGER_NAME = "global"
      global = class java.util.logging.Logger@3f07a819
      $assertionsDisabled = true
    CLASS_NAME = "com.ibm.ws.webcontainer.webapp.WebApp"
    loader = class com.ibm.ws.classloading.internal.ThreadContextClassLoader@4ce76111
      tc = class com.ibm.websphere.ras.TraceComponent@635204fe
      bundle = class java.util.concurrent.atomic.AtomicReference@434402c6
      key = "WebModule:documents#documents.war"
      refCount = class java.util.concurrent.atomic.AtomicInteger@38146657
      appLoader = class com.ibm.ws.classloading.internal.AppClassLoader@57445e0
      clSvc = class com.ibm.ws.classloading.internal.ClassLoadingServiceImpl@46668ef0
      serialVersionUID = 846416563800781557
      tc = class com.ibm.websphere.ras.TraceComponent@5b320c99
      followOnClassLoaders = class java.util.ArrayList@2e63ce6d
      serialVersionUID = 8829649920524275888
      serialVersionUID = -4586727107834513475
      $$$tc$$$ = class com.ibm.websphere.ras.TraceComponent@4acbcad3
      serialVersionUID = -7709588811276454856
      $$$tc$$$ = class com.ibm.websphere.ras.TraceComponent@ab54fb6
      initialized = true
      pdcache = class java.util.HashMap@4dd2bb55
      debug = null
      parent = class com.ibm.ws.classloading.internal.GatewayClassLoader@19ab94e4
      parallelLockMap = class java.util.concurrent.ConcurrentHashMap@56ef4a66
      package2certs = class java.util.concurrent.ConcurrentHashMap@248c5f45
      nocerts = class java.security.cert.Certificate[0]
      classes = class java.util.Vector@142ced1f
      defaultDomain = class java.security.ProtectionDomain@4cfce4dc
      packages = class java.util.HashMap@606c2b5f
      scl = class sun.misc.Launcher$AppClassLoader@4e0e2f2a
      sclSet = true
      loadedLibraryNames = class java.util.Vector@2257c6d
      systemNativeLibraries = class java.util.Vector@76b0b618
      nativeLibraries = class java.util.Vector@265c2660
      nativeLibraryContext = class java.util.Stack@792e7e72
      usr_paths = class java.lang.String[63]
      sys_paths = class java.lang.String[1]
      assertionLock = class java.lang.Object@55eb73a1
      defaultAssertionStatus = false
      packageAssertionStatus = null
      classAssertionStatus = null
    facade = class com.ibm.ws.webcontainer40.facade.ServletContextFacade40@6bd5a8c6
      context = class com.ibm.ws.webcontainer40.osgi.webapp.WebApp40@493b62ed
    features = class java.util.ArrayList@5b8b5b1f
      serialVersionUID = 8683452581122892189
      DEFAULT_CAPACITY = 10
      EMPTY_ELEMENTDATA = class java.lang.Object[0]
      DEFAULTCAPACITY_EMPTY_ELEMENTDATA = class java.lang.Object[0]
      elementData = class java.lang.Object[0]
      size = 0
      MAX_ARRAY_SIZE = 2147483639
      modCount = 0
      MAX_ARRAY_SIZE = 2147483639
    applicationName = "documents"
    config = class com.ibm.ws.webcontainer.osgi.webapp.WebAppConfiguration@2e4752a8
    securityEnabledForApp = true
    webExtensionProcessor = class com.ibm.ws.webcontainer.osgi.extension.WebExtensionProcessor@2e8f2360
      webApp = class com.ibm.ws.webcontainer40.osgi.webapp.WebApp40@493b62ed
      extensionContext = class com.ibm.ws.webcontainer40.osgi.webapp.WebApp40@493b62ed
    production = true
    isServlet23 = true
    contextPath = "/documents"
    internalServletList = class [Ljava.lang.String;[2]
      String[][0] = class java.lang.String[2]
      String[][1] = class java.lang.String[2]
    BY_NAME_ONLY = "/_1640709632245_/"
    filterManager = class com.ibm.ws.webcontainer.osgi.filter.WebAppFilterManagerImpl@1fff6810
      _filterWrappers = class java.util.Hashtable@40ae4f92
      chainCache = class java.util.Collections$SynchronizedMap@52972e99
      forwardChainCache = class java.util.Collections$SynchronizedMap@2e5a2c5f
      includeChainCache = class java.util.Collections$SynchronizedMap@6cb9d3e1
      errorChainCache = class java.util.Collections$SynchronizedMap@5e59d33b
      _filtersDefined = true
      FMI_MAPPING_SINGLE_SLASH = 0
      FMI_MAPPING_PATH_MATCH = 1
      FMI_MAPPING_EXTENSION_MATCH = 2
      FMI_MAPPING_EXACT_MATCH = 3
      logger = class com.ibm.ws.logging.internal.WsLogger@827194
      CLASS_NAME = "com.ibm.ws.webcontainer.filter.WebAppFilterManager"
      nls = class com.ibm.ejs.ras.TraceNLS@3551dd8f
      webAppConfig = class com.ibm.ws.webcontainer.osgi.webapp.WebAppConfiguration@2e4752a8
      webApp = class com.ibm.ws.webcontainer40.osgi.webapp.WebApp40@493b62ed
      collabHelper = class com.ibm.ws.webcontainer.osgi.collaborator.CollaboratorHelperImpl@4345d195
      secCollab = class com.ibm.ws.webcontainer.security.WebAppSecurityCollaboratorImpl@2089bdfa
      sessionSecurityIntegrationEnabled = true
      assumeFilterSuccessOnSecurityError = false
      useOriginalRequestState = false
      _evtSource = class com.ibm.ws.webcontainer.webapp.WebAppEventSource@16e89c9
      defaultComponentMetaData = class com.ibm.ws.webcontainer.osgi.metadata.WebComponentMetaDataImpl@44cd8927
      DEFER_SERVLET_REQUEST_LISTENER_DESTROY_ON_ERROR = false
    documentRoot = null
    SERVLET_API_VERSION = "Servlet 2.5"
    disableServletAuditLogging = -1
    serverInfo = "IBM WebSphere Liberty/21.0.0.12"
    sessionCtx = class com.ibm.ws.webcontainer31.session.impl.HttpSessionContext31Impl@49ee2fc5
      methodClassName = "HttpSessionContextImpl"
      _smc = class com.ibm.ws.session.SessionManagerConfig@570c9a4b
      sessionStoreService = null
      _sap = class com.ibm.ws.session.SessionApplicationParameters@7721ee2b
      _coreHttpSessionManager = class com.ibm.ws.session.SessionManager@5d25f5a1
      _coreHttpAppSessionManager = null
      _sam = class com.ibm.ws.webcontainer.session.impl.SessionAffinityManagerImpl@2bdf437d
      isSIPApplication = false
      sessionAttributeListener = false
      sessionListener = true
      mHttpSessionAttributeListeners = class java.util.ArrayList@18b24a8f
      mHttpSessionListeners = class java.util.ArrayList@609aaf04
      mHttpSessionIdListeners = class java.util.ArrayList@1260d64b
      mHttpSessionAttributeListenersJ2eeNames = class java.util.ArrayList@43f5bbd1
      mHttpSessionListenersJ2eeNames = class java.util.ArrayList@49996712
      mHttpSessionIdListenersJ2eeNames = class java.util.ArrayList@7cce13aa
      mLocalHost = null
      _refCount = 1
      currentThreadSacHashtable = null
      methodClassName = "SessionContext"
      ANONYMOUS_USER = "anonymous"
      wasHttpSessionObserver = class com.ibm.ws.session.WasHttpSessionObserver@680840f6
      wasHttpSessionAttributeObserver = null
      _invalidator = class com.ibm.ws.session.SessionInvalidatorWithThreadPool@6cd5515
      _storer = class com.ibm.ws.session.EOSSessionStorer@46e1329
      wasHttpAppSessionObserver = null
      mHttpAppSessionListeners = null
      cmvcInfo = "CMVC Version 1.9 6/24/07 11:12:24"
      _loggedVersion = true
      CREATE_CORE_SESSION_MANAGER = 0
      GET_REQUESTED_SESSION_ID = 1
      GET_IHTTP_SESSION = 2
      SESSION_PRE_INVOKE = 3
      SESSION_POST_INVOKE = 4
      STOP = 5
      STOP_LISTENERS = 6
      IS_VALID = 7
      ENCODE_URL = 8
      SHOULD_ENCODE_URL = 9
      IS_PROTOCOL_SWITCH = 10
      GET_LOCAL_HOST = 11
      ADD_HTTP_SESSION_ATTRIBUTE_LISTENER = 12
      ADD_HTTP_SESSION_LISTENER = 13
      GET_SESSION_AFFINITY_CONTEXT = 14
      CHECK_SECURITY = 15
      INVALIDATE = 16
      CHECK_SESSSIONID_IS_RIGHT_LENGTH = 17
      LOCK_SESSION = 18
      UNLOCK_SESSION = 19
      ADD_HTTP_SESSION_ID_LISTENER = 20
      methodNames = class java.lang.String[21]
    eventSource = class com.ibm.ws.webcontainer.webapp.WebAppEventSource@16e89c9
    nls = class com.ibm.ejs.ras.TraceNLS@430d7f33
      resolver = class com.ibm.ws.logging.internal.TraceNLSResolver@1f7c8624
      finder = class com.ibm.ws.logging.internal.StackFinder@34cb2038
      ivBundleName = "com.ibm.ws.webcontainer.resources.Messages"
      caller = class java.lang.Class@ede7a88
    liberty_nls = class com.ibm.ejs.ras.TraceNLS@27d620aa
      resolver = class com.ibm.ws.logging.internal.TraceNLSResolver@1f7c8624
      finder = class com.ibm.ws.logging.internal.StackFinder@34cb2038
      ivBundleName = "com.ibm.ws.webcontainer.resources.LShimMessages"
      caller = class java.lang.Class@ede7a88
    error_nls = class com.ibm.ejs.ras.TraceNLS@55d3c010
      resolver = class com.ibm.ws.logging.internal.TraceNLSResolver@1f7c8624
      finder = class com.ibm.ws.logging.internal.StackFinder@34cb2038
      ivBundleName = "com.ibm.ws.webcontainer.resources.ErrorPage"
      caller = class java.lang.Class@ede7a88
    sessionListeners = class java.util.ArrayList@6d7b4d68
      serialVersionUID = 8683452581122892189
      DEFAULT_CAPACITY = 10
      EMPTY_ELEMENTDATA = class java.lang.Object[0]
      DEFAULTCAPACITY_EMPTY_ELEMENTDATA = class java.lang.Object[0]
      elementData = class java.lang.Object[10]
      size = 2
      MAX_ARRAY_SIZE = 2147483639
      modCount = 3
      MAX_ARRAY_SIZE = 2147483639
    sessionIdListeners = class java.util.ArrayList@45a74313
      serialVersionUID = 8683452581122892189
      DEFAULT_CAPACITY = 10
      EMPTY_ELEMENTDATA = class java.lang.Object[0]
      DEFAULTCAPACITY_EMPTY_ELEMENTDATA = class java.lang.Object[0]
      elementData = class java.lang.Object[0]
      size = 0
      MAX_ARRAY_SIZE = 2147483639
      modCount = 0
      MAX_ARRAY_SIZE = 2147483639
    sessionAttrListeners = class java.util.ArrayList@53e2f87d
      serialVersionUID = 8683452581122892189
      DEFAULT_CAPACITY = 10
      EMPTY_ELEMENTDATA = class java.lang.Object[0]
      DEFAULTCAPACITY_EMPTY_ELEMENTDATA = class java.lang.Object[0]
      elementData = class java.lang.Object[0]
      size = 0
      MAX_ARRAY_SIZE = 2147483639
      modCount = 1
      MAX_ARRAY_SIZE = 2147483639
    addedSessionListeners = class java.util.ArrayList@187a6151
      serialVersionUID = 8683452581122892189
      DEFAULT_CAPACITY = 10
      EMPTY_ELEMENTDATA = class java.lang.Object[0]
      DEFAULTCAPACITY_EMPTY_ELEMENTDATA = class java.lang.Object[0]
      elementData = class java.lang.Object[0]
      size = 0
      MAX_ARRAY_SIZE = 2147483639
      modCount = 0
      MAX_ARRAY_SIZE = 2147483639
    addedSessionAttrListeners = class java.util.ArrayList@2f5d7f3b
      serialVersionUID = 8683452581122892189
      DEFAULT_CAPACITY = 10
      EMPTY_ELEMENTDATA = class java.lang.Object[0]
      DEFAULTCAPACITY_EMPTY_ELEMENTDATA = class java.lang.Object[0]
      elementData = class java.lang.Object[0]
      size = 0
      MAX_ARRAY_SIZE = 2147483639
      modCount = 0
      MAX_ARRAY_SIZE = 2147483639
    servletContextListeners = class java.util.ArrayList@501d1e18
      serialVersionUID = 8683452581122892189
      DEFAULT_CAPACITY = 10
      EMPTY_ELEMENTDATA = class java.lang.Object[0]
      DEFAULTCAPACITY_EMPTY_ELEMENTDATA = class java.lang.Object[0]
      elementData = class java.lang.Object[10]
      size = 3
      MAX_ARRAY_SIZE = 2147483639
      modCount = 4
      MAX_ARRAY_SIZE = 2147483639
    servletContextLAttrListeners = class java.util.ArrayList@14783576
      serialVersionUID = 8683452581122892189
      DEFAULT_CAPACITY = 10
      EMPTY_ELEMENTDATA = class java.lang.Object[0]
      DEFAULTCAPACITY_EMPTY_ELEMENTDATA = class java.lang.Object[0]
      elementData = class java.lang.Object[0]
      size = 0
      MAX_ARRAY_SIZE = 2147483639
      modCount = 1
      MAX_ARRAY_SIZE = 2147483639
    servletRequestListeners = class java.util.ArrayList@5fc3be41
      serialVersionUID = 8683452581122892189
      DEFAULT_CAPACITY = 10
      EMPTY_ELEMENTDATA = class java.lang.Object[0]
      DEFAULTCAPACITY_EMPTY_ELEMENTDATA = class java.lang.Object[0]
      elementData = class java.lang.Object[10]
      size = 2
      MAX_ARRAY_SIZE = 2147483639
      modCount = 3
      MAX_ARRAY_SIZE = 2147483639
    servletRequestLAttrListeners = class java.util.ArrayList@1ba3b625
      serialVersionUID = 8683452581122892189
      DEFAULT_CAPACITY = 10
      EMPTY_ELEMENTDATA = class java.lang.Object[0]
      DEFAULTCAPACITY_EMPTY_ELEMENTDATA = class java.lang.Object[0]
      elementData = class java.lang.Object[0]
      size = 0
      MAX_ARRAY_SIZE = 2147483639
      modCount = 1
      MAX_ARRAY_SIZE = 2147483639
    prependSlashToResource = false
    destroyed = false
    webAppNameSpaceCollab = class com.ibm.ws.webcontainer.osgi.collaborator.WebAppNameSpaceCollaboratorImpl@2626f31d
    txCollab = class com.ibm.ws.transaction.services.WebAppTransactionCollaboratorImpl@53f316d1
    sessionActivationListeners = class java.util.ArrayList@23769697
      serialVersionUID = 8683452581122892189
      DEFAULT_CAPACITY = 10
      EMPTY_ELEMENTDATA = class java.lang.Object[0]
      DEFAULTCAPACITY_EMPTY_ELEMENTDATA = class java.lang.Object[0]
      elementData = class java.lang.Object[0]
      size = 0
      MAX_ARRAY_SIZE = 2147483639
      modCount = 1
      MAX_ARRAY_SIZE = 2147483639
    sessionBindingListeners = class java.util.ArrayList@76f0d40a
      serialVersionUID = 8683452581122892189
      DEFAULT_CAPACITY = 10
      EMPTY_ELEMENTDATA = class java.lang.Object[0]
      DEFAULTCAPACITY_EMPTY_ELEMENTDATA = class java.lang.Object[0]
      elementData = class java.lang.Object[0]
      size = 0
      MAX_ARRAY_SIZE = 2147483639
      modCount = 1
      MAX_ARRAY_SIZE = 2147483639
    scratchdir = null
    jspClassLoaderLimit = 0
    jspClassLoaderExclusionList = null
    jspClassLoadersMap = null
    jspClassLoaderLimitTrackIF = false
    defaultExtProc = null
    directoryBrowsingServlet = null
    cdiContexts = class java.util.concurrent.ConcurrentHashMap@34834d23
      serialVersionUID = 7249069246763182397
      MAXIMUM_CAPACITY = 1073741824
      DEFAULT_CAPACITY = 16
      MAX_ARRAY_SIZE = 2147483639
      DEFAULT_CONCURRENCY_LEVEL = 16
      LOAD_FACTOR = 0.75
      TREEIFY_THRESHOLD = 8
      UNTREEIFY_THRESHOLD = 6
      MIN_TREEIFY_CAPACITY = 64
      MIN_TRANSFER_STRIDE = 16
      RESIZE_STAMP_BITS = 16
      MAX_RESIZERS = 65535
      RESIZE_STAMP_SHIFT = 16
      MOVED = -1
      TREEBIN = -2
      RESERVED = -3
      HASH_BITS = 2147483647
      NCPU = 8
      serialPersistentFields = class java.io.ObjectStreamField[3]
      table = null
      nextTable = null
      baseCount = 0
      sizeCtl = 0
      transferIndex = 0
      cellsBusy = 0
      counterCells = null
      keySet = null
      values = null
      entrySet = null
      U = class sun.misc.Unsafe@f5b8025
      SIZECTL = 20
      TRANSFERINDEX = 32
      BASECOUNT = 24
      CELLSBUSY = 36
      CELLVALUE = 144
      ABASE = 16
      ASHIFT = 2
      keySet = null
      values = null
    moduleConfig = class com.ibm.ws.webcontainer.osgi.container.DeployedModule@3217d708
      tc = class com.ibm.websphere.ras.TraceComponent@49b7e2ee
      loader = class com.ibm.ws.classloading.internal.ThreadContextClassLoader@4ce76111
      webApp = class com.ibm.ws.webcontainer40.osgi.webapp.WebApp40@493b62ed
      webAppConfig = class com.ibm.ws.webcontainer.osgi.webapp.WebAppConfiguration@2e4752a8
      contextRootAdded = class com.ibm.ws.threading.internal.NonCancelableResultFuture@67f48f56
      properContextRoot = "/documents"
      mappingContextRoot = "/documents/*"
      initTaskCount = class java.util.concurrent.atomic.AtomicInteger@c719198
      initTasksDoneListener = class com.ibm.ws.webcontainer.osgi.WebContainer$2@1f9dcd1c
      serialVersionUID = -2104814060051592457
      $$$tc$$$ = class com.ibm.websphere.ras.TraceComponent@fe30dba
    extensionFactories = class java.util.ArrayList@25c23df3
      serialVersionUID = 8683452581122892189
      DEFAULT_CAPACITY = 10
      EMPTY_ELEMENTDATA = class java.lang.Object[0]
      DEFAULTCAPACITY_EMPTY_ELEMENTDATA = class java.lang.Object[0]
      elementData = class java.lang.Object[10]
      size = 2
      MAX_ARRAY_SIZE = 2147483639
      modCount = 2
      MAX_ARRAY_SIZE = 2147483639
    initialized = true
    lock = class com.ibm.ws.webcontainer.webapp.WebApp$1@55e2edc5
      this$0 = class com.ibm.ws.webcontainer40.osgi.webapp.WebApp40@493b62ed
    afterServletContextCreated = false
    redirectContextRoot = false
    errorExceptionTypeFirst = false
    initFilterBeforeServletInit = false
    SET_400_SC_ON_TOO_MANY_PARENT_DIRS = false
    sortedServletConfigs = class java.util.ArrayList@7ba6580f
      serialVersionUID = 8683452581122892189
      DEFAULT_CAPACITY = 10
      EMPTY_ELEMENTDATA = class java.lang.Object[0]
      DEFAULTCAPACITY_EMPTY_ELEMENTDATA = class java.lang.Object[0]
      elementData = class java.lang.Object[10]
      size = 1
      MAX_ARRAY_SIZE = 2147483639
      modCount = 1
      MAX_ARRAY_SIZE = 2147483639
    effectiveMajorVersion = 3
    effectiveMinorVersion = 0
    canAddServletContextListener = true
    withinContextInitOfProgAddListener = false
    lastProgAddListenerInitialized = "com.ibm.ws.cache.CacheServiceImpl"
    webInfLibClassloader = null
    metaInfCache = class com.ibm.ws.webcontainer.webapp.WebApp$2@77857fe4
      this$0 = class com.ibm.ws.webcontainer40.osgi.webapp.WebApp40@493b62ed
      serialVersionUID = 3801124242820219131
      head = null
      tail = null
      accessOrder = true
      serialVersionUID = 362498820763181265
      DEFAULT_INITIAL_CAPACITY = 16
      MAXIMUM_CAPACITY = 1073741824
      DEFAULT_LOAD_FACTOR = 0.75
      TREEIFY_THRESHOLD = 8
      UNTREEIFY_THRESHOLD = 6
      MIN_TREEIFY_CAPACITY = 64
      table = null
      entrySet = null
      size = 0
      modCount = 0
      threshold = 32
      loadFactor = 1.0
      keySet = null
      values = null
    useMetaInfCache = true
    SUN_CONFIGURE_LISTENER_CLASSNAME = "com.sun.faces.config.ConfigureListener"
    MYFACES_LIFECYCLE_LISTENER_CLASSNAME = "org.apache.myfaces.webapp.StartupServletContextListener"
    JSF_IMPL_ENABLED_PARAM = "com.ibm.ws.jsf.JSF_IMPL_ENABLED"
    JSF_IMPL_ENABLED_CUSTOM = "Custom"
    JSF_IMPL_ENABLED_NONE = "None"
    staticDocRoot = class com.ibm.ws.webcontainer.util.DocumentRootUtils@439cf942
      logger = class com.ibm.ws.logging.internal.WsLogger@4a533f8
      CLASS_NAME = "com.ibm.ws.webcontainer.util.DocumentRootUtils"
      useContentLength = false
      matchedFile = null
      matchedZipFile = null
      matchedEntry = null
      matchedURL = null
      edrRoot = null
      pfedrRoot = null
      ctxt = class com.ibm.ws.webcontainer40.osgi.webapp.WebApp40@493b62ed
      baseDir = null
      edr = null
      pfedr = null
      metaInfRes = null
      searchpfEDR = false
      searchEDR = false
      searchMetaInfRes = true
      matchFromEDR = false
      matchFromMetaInfRes = false
      matchIsADirectory = false
      appConfig = class com.ibm.ws.webcontainer.osgi.webapp.WebAppConfiguration@2e4752a8
      attributeType = "staticFile"
      STATIC_FILE = "staticFile"
      JSP = "jsp"
      PFEDR = "preFragmentExtendedDocumentRoot"
      EDR = "extendedDocumentRoot"
    jspDocRoot = class com.ibm.ws.webcontainer.util.DocumentRootUtils@152b831
      logger = class com.ibm.ws.logging.internal.WsLogger@4a533f8
      CLASS_NAME = "com.ibm.ws.webcontainer.util.DocumentRootUtils"
      useContentLength = false
      matchedFile = null
      matchedZipFile = null
      matchedEntry = null
      matchedURL = null
      edrRoot = null
      pfedrRoot = null
      ctxt = class com.ibm.ws.webcontainer40.osgi.webapp.WebApp40@493b62ed
      baseDir = null
      edr = null
      pfedr = null
      metaInfRes = null
      searchpfEDR = false
      searchEDR = false
      searchMetaInfRes = true
      matchFromEDR = false
      matchFromMetaInfRes = false
      matchIsADirectory = false
      appConfig = class com.ibm.ws.webcontainer.osgi.webapp.WebAppConfiguration@2e4752a8
      attributeType = "jsp"
      STATIC_FILE = "staticFile"
      JSP = "jsp"
      PFEDR = "preFragmentExtendedDocumentRoot"
      EDR = "extendedDocumentRoot"
    container = class com.ibm.ws.adaptable.module.internal.AdaptableContainerImpl@4be71ca2
      root = class com.ibm.ws.adaptable.module.internal.AdaptableContainerImpl@4be71ca2
      rootOverlay = class com.ibm.ws.artifact.overlay.internal.DirectoryBasedOverlayContainerImpl@1b5fee0
      factoryHolder = class com.ibm.ws.adaptable.module.internal.AdaptableModuleFactoryImpl@240911af
      delegate = class com.ibm.ws.artifact.overlay.internal.DirectoryBasedOverlayContainerImpl@1b5fee0
      notifier = class com.ibm.ws.adaptable.module.internal.NotifierImpl@6e3b1615
      serialVersionUID = -5950528200509051684
      $$$tc$$$ = class com.ibm.websphere.ras.TraceComponent@1be270e2
    metaInfResourceFinder = class com.ibm.ws.webcontainer.util.MetaInfResourceFinder@48fdfe34
      jarResourceContainers = class java.util.ArrayList@77682467
      container = class com.ibm.ws.adaptable.module.internal.AdaptableContainerImpl@4be71ca2
    postConstructMethods = class com.ibm.ws.webcontainer.webapp.WebApp$AnnotatedMethods@14dbc290
      annotationClass = class java.lang.Class@1da4f367
      noOpClassNames = class java.util.HashSet@4d8cf164
      annotatedMethodNames = class java.util.concurrent.ConcurrentHashMap@534d7052
      EMPTY_METHODS = class java.lang.reflect.Method[0]
    preDestroyMethods = class com.ibm.ws.webcontainer.webapp.WebApp$AnnotatedMethods@30296fa0
      annotationClass = class java.lang.Class@4cbfa242
      noOpClassNames = class java.util.HashSet@d5acf24
      annotatedMethodNames = class java.util.concurrent.ConcurrentHashMap@2d6641fc
      EMPTY_METHODS = class java.lang.reflect.Method[0]
    OBJ_EMPTY = class java.lang.Object[0]
    CLASS_EMPTY = class java.lang.Class[0]
    DEFAULT_JSP_EXTENSIONS = class java.util.ArrayList@242ecaa4
      serialVersionUID = 8683452581122892189
      DEFAULT_CAPACITY = 10
      EMPTY_ELEMENTDATA = class java.lang.Object[0]
      DEFAULTCAPACITY_EMPTY_ELEMENTDATA = class java.lang.Object[0]
      elementData = class java.lang.Object[10]
      size = 4
      MAX_ARRAY_SIZE = 2147483639
      modCount = 4
      MAX_ARRAY_SIZE = 2147483639
    DEFER_SERVLET_REQUEST_LISTENER_DESTROY_ON_ERROR = false
    DO_ACCEPT_PARTIAL = true
    DO_NOT_ACCEPT_PARTIAL = false
    DO_ACCEPT_EXCLUDED = true
    DO_NOT_ACCEPT_EXCLUDED = false
    commands = class java.util.ArrayList@3058c4b
      serialVersionUID = 8683452581122892189
      DEFAULT_CAPACITY = 10
      EMPTY_ELEMENTDATA = class java.lang.Object[0]
      DEFAULTCAPACITY_EMPTY_ELEMENTDATA = class java.lang.Object[0]
      elementData = class java.lang.Object[3]
      size = 0
      MAX_ARRAY_SIZE = 2147483639
      modCount = 0
      MAX_ARRAY_SIZE = 2147483639
    requestMapper = class com.ibm.wsspi.webcontainer.util.URIMapper@498011f9
      matcher = class com.ibm.wsspi.webcontainer40.util.URIMatcher40@7e9ab7c4
    parent = class com.ibm.ws.webcontainer.osgi.webapp.WebGroup@32af3306
      tc = class com.ibm.websphere.ras.TraceComponent@2367ae9b
      logger = class com.ibm.ws.logging.internal.WsLogger@7230bc46
      CLASS_NAME = "com.ibm.ws.webcontainer.webapp.WebGroup"
      sessUrlRewritePrefix = ";jsessionid="
      qMark = "?"
      config = class com.ibm.ws.webcontainer.osgi.webapp.WebGroupConfiguration@2e082228
      webApp = class com.ibm.ws.webcontainer40.osgi.webapp.WebApp40@493b62ed
      commands = class java.util.ArrayList@3d816f3d
      requestMapper = null
      parent = class com.ibm.ws.webcontainer.osgi.DynamicVirtualHost@7cbf4593
      name = "/documents/*"
      isAlive = true
      subElements = class java.util.HashMap@1716f362
      attributes = null
      config = null
      serialVersionUID = -8271459000149267764
      $$$tc$$$ = class com.ibm.websphere.ras.TraceComponent@6c63187a
    name = "documents"
    isAlive = true
    subElements = null
    attributes = class java.util.concurrent.ConcurrentHashMap@6006b41d
      serialVersionUID = 7249069246763182397
      MAXIMUM_CAPACITY = 1073741824
      DEFAULT_CAPACITY = 16
      MAX_ARRAY_SIZE = 2147483639
      DEFAULT_CONCURRENCY_LEVEL = 16
      LOAD_FACTOR = 0.75
      TREEIFY_THRESHOLD = 8
      UNTREEIFY_THRESHOLD = 6
      MIN_TREEIFY_CAPACITY = 64
      MIN_TRANSFER_STRIDE = 16
      RESIZE_STAMP_BITS = 16
      MAX_RESIZERS = 65535
      RESIZE_STAMP_SHIFT = 16
      MOVED = -1
      TREEBIN = -2
      RESERVED = -3
      HASH_BITS = 2147483647
      NCPU = 8
      serialPersistentFields = class java.io.ObjectStreamField[3]
      table = class java.util.concurrent.ConcurrentHashMap$Node[32]
      nextTable = null
      baseCount = 13
      sizeCtl = 24
      transferIndex = 0
      cellsBusy = 0
      counterCells = null
      keySet = null
      values = null
      entrySet = null
      U = class sun.misc.Unsafe@f5b8025
      SIZECTL = 20
      TRANSFERINDEX = 32
      BASECOUNT = 24
      CELLSBUSY = 36
      CELLVALUE = 144
      ABASE = 16
      ASHIFT = 2
      keySet = null
      values = null
    config = null
    serialVersionUID = -8271459000149267764
    $$$tc$$$ = class com.ibm.websphere.ras.TraceComponent@6c63187a
      strings[0] = "TraceComponent[com.ibm.ws.container.AbstractContainer,class com.ibm.ws.container.AbstractContainer,[],null,null]"

