------Start of DE processing------ = [28/12/21 18:49:00:788 EET]
Exception = com.ibm.websphere.servlet.error.ServletErrorReport
Source = com.ibm.ws.webcontainer.filter.WebAppFilterChain.doFilter
probeid = 82
Stack Dump = com.ibm.websphere.servlet.error.ServletErrorReport: java.lang.LinkageError: loader constraint violation: when resolving interface method &quot;com.ibm.ws.microprofile.opentracing.jaeger.adapter.Configuration.getTracer&#40;&#41;Lio/opentracing/Tracer&#59;&quot; the class loader &#40;instance of org/eclipse/osgi/internal/loader/EquinoxClassLoader&#41; of the current class, com/ibm/ws/microprofile/opentracing/jaeger/JaegerTracerFactory, and the class loader &#40;instance of org/eclipse/osgi/internal/loader/EquinoxClassLoader&#41; for the method&#39;s defining class, com/ibm/ws/microprofile/opentracing/jaeger/adapter/Configuration, have different Class objects for the type io/opentracing/Tracer used in the signature
	at com.ibm.ws.webcontainer.servlet.ServletWrapper.service(ServletWrapper.java:1356)
	at com.ibm.ws.webcontainer.servlet.ServletWrapper.handleRequest(ServletWrapper.java:746)
	at com.ibm.ws.webcontainer.servlet.ServletWrapper.handleRequest(ServletWrapper.java:443)
	at com.ibm.ws.webcontainer.filter.WebAppFilterChain.invokeTarget(WebAppFilterChain.java:193)
	at com.ibm.ws.webcontainer.filter.WebAppFilterChain.doFilter(WebAppFilterChain.java:98)
	at com.ibm.ws.security.jaspi.JaspiServletFilter.doFilter(JaspiServletFilter.java:56)
	at com.ibm.ws.webcontainer.filter.FilterInstanceWrapper.doFilter(FilterInstanceWrapper.java:201)
	at com.ibm.ws.webcontainer.filter.WebAppFilterChain.doFilter(WebAppFilterChain.java:91)
	at com.ibm.ws.webcontainer.filter.WebAppFilterManager.doFilter(WebAppFilterManager.java:1002)
	at com.ibm.ws.webcontainer.filter.WebAppFilterManager.invokeFilters(WebAppFilterManager.java:1140)
	at com.ibm.ws.webcontainer.webapp.WebApp.handleRequest(WebApp.java:5049)
	at com.ibm.ws.webcontainer.osgi.DynamicVirtualHost$2.handleRequest(DynamicVirtualHost.java:320)
	at com.ibm.ws.webcontainer.WebContainer.handleRequest(WebContainer.java:1007)
	at com.ibm.ws.webcontainer.osgi.DynamicVirtualHost$2.run(DynamicVirtualHost.java:285)
	at com.ibm.ws.http.dispatcher.internal.channel.HttpDispatcherLink$TaskWrapper.run(HttpDispatcherLink.java:1184)
	at com.ibm.ws.http.dispatcher.internal.channel.HttpDispatcherLink.wrapHandlerAndExecute(HttpDispatcherLink.java:453)
	at com.ibm.ws.http.dispatcher.internal.channel.HttpDispatcherLink.ready(HttpDispatcherLink.java:412)
	at com.ibm.ws.http.channel.internal.inbound.HttpInboundLink.handleDiscrimination(HttpInboundLink.java:566)
	at com.ibm.ws.http.channel.internal.inbound.HttpInboundLink.handleNewRequest(HttpInboundLink.java:500)
	at com.ibm.ws.http.channel.internal.inbound.HttpInboundLink.processRequest(HttpInboundLink.java:360)
	at com.ibm.ws.http.channel.internal.inbound.HttpInboundLink.ready(HttpInboundLink.java:327)
	at com.ibm.ws.tcpchannel.internal.NewConnectionInitialReadCallback.sendToDiscriminators(NewConnectionInitialReadCallback.java:167)
	at com.ibm.ws.tcpchannel.internal.NewConnectionInitialReadCallback.complete(NewConnectionInitialReadCallback.java:75)
	at com.ibm.ws.tcpchannel.internal.WorkQueueManager.requestComplete(WorkQueueManager.java:504)
	at com.ibm.ws.tcpchannel.internal.WorkQueueManager.attemptIO(WorkQueueManager.java:574)
	at com.ibm.ws.tcpchannel.internal.WorkQueueManager.workerRun(WorkQueueManager.java:958)
	at com.ibm.ws.tcpchannel.internal.WorkQueueManager$Worker.run(WorkQueueManager.java:1047)
	at com.ibm.ws.threading.internal.ExecutorServiceImpl$RunnableWrapper.run(ExecutorServiceImpl.java:238)
	at java.util.concurrent.ThreadPoolExecutor.runWorker(ThreadPoolExecutor.java:1149)
	at java.util.concurrent.ThreadPoolExecutor$Worker.run(ThreadPoolExecutor.java:624)
	at java.lang.Thread.run(Thread.java:748)
Caused by: java.lang.LinkageError: loader constraint violation: when resolving interface method "com.ibm.ws.microprofile.opentracing.jaeger.adapter.Configuration.getTracer()Lio/opentracing/Tracer;" the class loader (instance of org/eclipse/osgi/internal/loader/EquinoxClassLoader) of the current class, com/ibm/ws/microprofile/opentracing/jaeger/JaegerTracerFactory, and the class loader (instance of org/eclipse/osgi/internal/loader/EquinoxClassLoader) for the method's defining class, com/ibm/ws/microprofile/opentracing/jaeger/adapter/Configuration, have different Class objects for the type io/opentracing/Tracer used in the signature
	at com.ibm.ws.microprofile.opentracing.jaeger.JaegerTracerFactory.createJaegerTracer(JaegerTracerFactory.java:181)
	at io.openliberty.opentracing.internal.OpentracingTracerManager.createJaegerTracer(OpentracingTracerManager.java:78)
	at io.openliberty.opentracing.internal.OpentracingTracerManager.access$000(OpentracingTracerManager.java:35)
	at io.openliberty.opentracing.internal.OpentracingTracerManager$TracerCreator.apply(OpentracingTracerManager.java:87)
	at io.openliberty.opentracing.internal.OpentracingTracerManager$TracerCreator.apply(OpentracingTracerManager.java:81)
	at java.util.concurrent.ConcurrentHashMap.computeIfAbsent(ConcurrentHashMap.java:1660)
	at io.openliberty.opentracing.internal.OpentracingTracerManager.ensureTracer(OpentracingTracerManager.java:58)
	at io.openliberty.opentracing.internal.OpentracingTracerManager.getTracer(OpentracingTracerManager.java:164)
	at io.openliberty.opentracing.internal.OpentracingContainerFilter.filter(OpentracingContainerFilter.java:77)
	at org.apache.cxf.jaxrs.utils.JAXRSUtils.runContainerRequestFilters(JAXRSUtils.java:1929)
	at org.apache.cxf.jaxrs.interceptor.JAXRSInInterceptor.processRequest(JAXRSInInterceptor.java:281)
	at org.apache.cxf.jaxrs.interceptor.JAXRSInInterceptor.handleMessage(JAXRSInInterceptor.java:96)
	at org.apache.cxf.phase.PhaseInterceptorChain.doIntercept(PhaseInterceptorChain.java:308)
	at org.apache.cxf.transport.ChainInitiationObserver.onMessage(ChainInitiationObserver.java:123)
	at org.apache.cxf.transport.http.AbstractHTTPDestination.invoke(AbstractHTTPDestination.java:277)
	at com.ibm.ws.jaxrs20.endpoint.AbstractJaxRsWebEndpoint.invoke(AbstractJaxRsWebEndpoint.java:137)
	at com.ibm.websphere.jaxrs.server.IBMRestServlet.handleRequest(IBMRestServlet.java:146)
	at com.ibm.websphere.jaxrs.server.IBMRestServlet.doGet(IBMRestServlet.java:112)
	at javax.servlet.http.HttpServlet.service(HttpServlet.java:686)
	at com.ibm.websphere.jaxrs.server.IBMRestServlet.service(IBMRestServlet.java:96)
	at com.ibm.ws.webcontainer.servlet.ServletWrapper.service(ServletWrapper.java:1258)
	... 30 more

Dump of callerThis
Object type = com.ibm.ws.webcontainer.filter.WebAppFilterChain
  _filters = class java.util.ArrayList@2b1d26b9
    serialVersionUID = 8683452581122892189
    DEFAULT_CAPACITY = 10
    EMPTY_ELEMENTDATA = class java.lang.Object[0]
    DEFAULTCAPACITY_EMPTY_ELEMENTDATA = class java.lang.Object[0]
    elementData = class java.lang.Object[5]
      Object[0] = class com.ibm.ws.webcontainer.filter.FilterInstanceWrapper@774caa16
      Object[1] = null
      Object[2] = null
      Object[3] = null
      Object[4] = null
    size = 1
    MAX_ARRAY_SIZE = 2147483639
    modCount = 1
    MAX_ARRAY_SIZE = 2147483639
  _currentFilterIndex = 1
  _numberOfFilters = 1
  requestProcessor = class com.ibm.ws.webcontainer.osgi.servlet.ServletWrapper@4d621837
    serialVersionUID = 1
    _mo = null
    serialVersionUID = -4479626085298397598
    notifyInvocationListeners = false
    UNINITIALIZED_STATE = -1
    AVAILABLE_STATE = 0
    UNAVAILABLE_STATE = 1
    UNAVAILABLE_PERMANENTLY_STATE = 2
    collabHelper = class com.ibm.ws.webcontainer.osgi.collaborator.CollaboratorHelperImpl@65d2fd9f
      webAppInvCollabs = class java.util.Collections$UnmodifiableSet@45d505c0
      securityDomainForApp = null
      logger = class com.ibm.ws.logging.internal.WsLogger@6d8a9ad
      staticDefaultSecurityCollaborator = class com.ibm.ws.webcontainer.collaborator.WebAppSecurityCollaborator@773ca323
      logger = class com.ibm.ws.logging.internal.WsLogger@6532bbc8
      CLASS_NAME = "com.ibm.wsspi.webcontainer.collaborator.CollaboratorHelper"
      webApp = class com.ibm.ws.webcontainer40.osgi.webapp.WebApp40@7f7cf5e9
      securityCollaborator = class com.ibm.ws.webcontainer.security.WebAppSecurityCollaboratorImpl@82459ab
      nameSpaceCollaborator = class com.ibm.ws.webcontainer.osgi.collaborator.WebAppNameSpaceCollaboratorImpl@190fdb38
      transactionCollaborator = class com.ibm.ws.transaction.services.WebAppTransactionCollaboratorImpl@2b83322b
      connectionCollaborator = class com.ibm.ws.webcontainer.collaborator.ConnectionHandleCollaborator@2270de0d
      allCollabEnum = class java.util.RegularEnumSet@4b720cc3
      servlet_23_or_greater = true
      DEFER_SERVLET_REQUEST_LISTENER_DESTROY_ON_ERROR = false
    nServicing = class java.util.concurrent.atomic.AtomicInteger@6bf45133
      serialVersionUID = 6214790243416807050
      unsafe = class sun.misc.Unsafe@3b87ce0c
      valueOffset = 12
      value = 0
      serialVersionUID = -8742448824652078965
    lastAccessTime = 1640710119592
    state = 0
    logger = class com.ibm.ws.logging.internal.WsLogger@7abc6325
      ivCachedResourceBundleName = "com.ibm.ws.webcontainer.resources.Messages"
      ivCachedResourceBundle = class com.ibm.ws.webcontainer.resources.Messages@4502c0ee
      ivComponent = null
      ivOrganization = null
      ivProduct = null
      ivMinimumLocalizationLevelIntValue = 625
      ivTC = class com.ibm.websphere.ras.TraceComponent@1baff83c
      loggerRegistrationComponent = class java.lang.ThreadLocal@733f7c0a
      emptyHandlers = class java.util.logging.Handler[0]
      offValue = 2147483647
      SYSTEM_LOGGER_RB_NAME = "sun.util.logging.resources.logging"
      SYSTEM_BUNDLE = class java.util.logging.Logger$LoggerBundle@5f935ee5
      NO_RESOURCE_BUNDLE = class java.util.logging.Logger$LoggerBundle@42ccaf56
      manager = class com.ibm.ws.kernel.boot.logging.WsLogManager@5a15f201
      name = "com.ibm.ws.webcontainer.servlet"
      handlers = class java.util.concurrent.CopyOnWriteArrayList@fecc31b
      loggerBundle = class java.util.logging.Logger$LoggerBundle@3fa5d586
      useParentHandlers = true
      filter = null
      anonymous = false
      catalog = class com.ibm.ws.webcontainer.resources.Messages@4502c0ee
      catalogName = "com.ibm.ws.webcontainer.resources.Messages"
      catalogLocale = class java.util.Locale@7d16b19
      treeLock = class java.lang.Object@8a86faf
      parent = class com.ibm.ws.logging.internal.WsLogger@2d37a550
      kids = null
      levelObject = class java.util.logging.Level@7e6115a8
      levelValue = 800
      callersClassLoaderRef = class java.lang.ref.WeakReference@2b6c93ca
      isSystemLogger = false
      GLOBAL_LOGGER_NAME = "global"
      global = class java.util.logging.Logger@29f7d370
      $assertionsDisabled = true
    CLASS_NAME = "com.ibm.ws.webcontainer.servlet.ServletWrapper"
    nls = class com.ibm.ejs.ras.TraceNLS@3308c888
      resolver = class com.ibm.ws.logging.internal.TraceNLSResolver@99f0cf0
      finder = class com.ibm.ws.logging.internal.StackFinder@38a8b84
      ivBundleName = "com.ibm.ws.webcontainer.resources.Messages"
      caller = class java.lang.Class@621796c0
    servletConfig = class com.ibm.ws.webcontainer.servlet.ServletConfig@4e96673e
      logger = class com.ibm.ws.logging.internal.WsLogger@7abc6325
      CLASS_NAME = "com.ibm.ws.webcontainer.servlet.ServletConfig"
      nls = class com.ibm.ejs.ras.TraceNLS@391fbf5
      liberty_nls = class com.ibm.ejs.ras.TraceNLS@2a33899d
      enabled = true
      servletName = "com.example.documents.DocumentsRestApplication"
      className = null
      mappings = class java.util.ArrayList@3cd15987
      startUpWeight = null
      DEFAULT_STARTUP = -1
      isCachingEnabled = true
      isStatisticsEnabled = true
      isInternal = false
      metaData = class com.ibm.ws.webcontainer.osgi.metadata.WebComponentMetaDataImpl@2af8e5a4
      singleThreadModelServlet = false
      isJsp = false
      webAppConfig = class com.ibm.ws.webcontainer.osgi.webapp.WebAppConfiguration@1da442c4
      servletWrapper = class com.ibm.ws.webcontainer.osgi.servlet.ServletWrapper@4d621837
      servletClass = class java.lang.Class@2eb02d69
      servlet = class com.ibm.websphere.jaxrs.server.IBMRestServlet@44a1028c
      addedToLoadOnStartup = true
      previousWeight = null
      multipartConfig = null
      multipartConfigBaseLocation = null
      runAsRole = null
      servletSecurityElement = null
      declareRolesAnnotation = null
      logger = class com.ibm.ws.logging.internal.WsLogger@7abc6325
      CLASS_NAME = "com.ibm.ws.webcontainer.servlet.TargetConfig"
      initParams = null
      fileName = null
      displayName = null
      name = "com.example.documents.DocumentsRestApplication"
      description = null
      smallIcon = null
      largeIcon = null
      context = class com.ibm.ws.webcontainer40.facade.ServletContextFacade40@75edd11f
      className = null
      asyncSupported = true
      _id = "com.example.documents.DocumentsRestApplication"
      _attributes = null
      serialVersionUID = 7511545662945734886
      $$$tc$$$ = class com.ibm.websphere.ras.TraceComponent@34cc92f3
    context = class com.ibm.ws.webcontainer40.osgi.webapp.WebApp40@7f7cf5e9
    target = class com.ibm.websphere.jaxrs.server.IBMRestServlet@44a1028c
      serialVersionUID = -6835560282014155024
      KNOWN_HTTP_VERBS = class java.util.Arrays$ArrayList@4d6f4a10
      HTML_CONTENT_TYPE = "text/html"
      endpoint = class com.ibm.ws.jaxrs20.server.JaxRsWebEndpointImpl@147fbe68
      collaborator = class com.ibm.ws.webcontainer.osgi.collaborator.WebAppNameSpaceCollaboratorImpl@190fdb38
      providerFactoryService = class com.ibm.ws.jaxrs20.component.JaxRsProviderFactory@33a7a01c
      $$$tc$$$ = class com.ibm.websphere.ras.TraceComponent@7ce224ba
      METHOD_DELETE = "DELETE"
      METHOD_HEAD = "HEAD"
      METHOD_GET = "GET"
      METHOD_OPTIONS = "OPTIONS"
      METHOD_POST = "POST"
      METHOD_PUT = "PUT"
      METHOD_TRACE = "TRACE"
      HEADER_IFMODSINCE = "If-Modified-Since"
      HEADER_LASTMOD = "Last-Modified"
      LSTRING_FILE = "javax.servlet.http.LocalStrings"
      lStrings = class java.util.PropertyResourceBundle@79606312
      LSTRING_FILE = "javax.servlet.LocalStrings"
      lStrings = class java.util.PropertyResourceBundle@3665d48a
      config = class com.ibm.ws.webcontainer.servlet.ServletConfig@4e96673e
    cacheWrappers = null
    targetLoader = null
    evtSource = class com.ibm.ws.webcontainer.webapp.WebAppEventSource@5d1df476
      _invocationListeners = class com.ibm.ws.webcontainer.util.EventListeners@6584d216
      _servletListeners = class com.ibm.ws.webcontainer.util.EventListeners@26f08f59
      _errorListeners = class com.ibm.ws.webcontainer.util.EventListeners@2c0687f1
      _applicationListeners = class com.ibm.ws.webcontainer.util.EventListeners@455c73fa
      _filterInvocationListeners = class com.ibm.ws.webcontainer.util.EventListeners@68b1d25
      _filterListeners = class com.ibm.ws.webcontainer.util.EventListeners@2423d0ea
      _filterErrorListeners = class com.ibm.ws.webcontainer.util.EventListeners@3c02e290
    event = class com.ibm.websphere.servlet.event.ServletEvent@28242bd5
      serialVersionUID = 3906650803920713522
      _servletName = "com.example.documents.DocumentsRestApplication"
      _servletClassName = "com.ibm.websphere.jaxrs.server.IBMRestServlet"
      $$$tc$$$ = class com.ibm.websphere.ras.TraceComponent@4635e391
      serialVersionUID = 3546927969739289392
      _context = class com.ibm.ws.webcontainer40.facade.ServletContextFacade40@75edd11f
      _servletNames = class com.ibm.ws.webcontainer.util.EmptyEnumeration@4a6b998f
      $$$tc$$$ = class com.ibm.websphere.ras.TraceComponent@43ac2834
      serialVersionUID = 5516075349620653480
      source = class com.ibm.ws.webcontainer.osgi.servlet.ServletWrapper@4d621837
    unavailableMessage = null
    unavailableUntil = -1
    isSTM = false
    internalServlet = false
    webAppInvocationCollaborators = null
    platformHelper = class com.ibm.ws.webcontainer.PlatformHelper@55760678
    webAppNameSpaceCollab = class com.ibm.ws.webcontainer.osgi.collaborator.WebAppNameSpaceCollaboratorImpl@190fdb38
      cmdai = class com.ibm.ws.threadContext.ComponentMetaDataAccessorImpl@6e1a65f9
    txCollab = class com.ibm.ws.transaction.services.WebAppTransactionCollaboratorImpl@2b83322b
      tc = class com.ibm.websphere.ras.TraceComponent@1d6e0130
      ltCurrentRef = class com.ibm.wsspi.kernel.service.utils.AtomicServiceReference@468315a
      tranMgrRef = class com.ibm.wsspi.kernel.service.utils.AtomicServiceReference@82a2c71
      userTranRef = class com.ibm.wsspi.kernel.service.utils.AtomicServiceReference@3ee33388
      uowCallbackRef = class com.ibm.wsspi.kernel.service.utils.AtomicServiceReference@8c858b2
      serialVersionUID = -8319003162899973281
    connCollab = class com.ibm.ws.webcontainer.collaborator.ConnectionHandleCollaborator@2270de0d
      tc = class com.ibm.websphere.ras.TraceComponent@14490d64
      threadContext = class com.ibm.ws.threadContext.ThreadContextImpl@77ceff19
    suppressServletExceptionLogging = false
    throwExceptionEnum = class java.util.RegularEnumSet@20e18c24
      serialVersionUID = 3411599620347842686
      elements = 256
      elementType = class java.lang.Class@40c3f86c
      universe = class com.ibm.wsspi.webcontainer.collaborator.CollaboratorInvocationEnum[9]
      ZERO_LENGTH_ENUM_ARRAY = class java.lang.Enum[0]
      MAX_ARRAY_SIZE = 2147483639
    discernUnavailableServlet = false
    reInitServletonInitUnavailableException = true
    destroyServletonServiceUnavailableException = false
    servlet23 = true
    PARAMS_HEAD_TRACE = class java.lang.Class[2]
      Class[0] = class java.lang.Class@7a470ba8
      Class[1] = class java.lang.Class@1d3596f2
    defaultHeadMethodInUse = false
    defaultTraceMethodInUse = false
    checkedForDefaultMethods = null
    defaultTraceRequestBehavior = false
    defaultHeadRequestBehavior = false
    useOriginalRequestState = false
    warningStatusSet = false
    LSTRING_FILE = "javax.servlet.LocalStrings"
    lStrings = class java.util.PropertyResourceBundle@3665d48a
      lookup = class java.util.HashMap@297e6dc5
      INITIAL_CACHE_SIZE = 32
      NONEXISTENT_BUNDLE = class java.util.ResourceBundle$1@7e45fdf4
      cacheList = class java.util.concurrent.ConcurrentHashMap@557886ce
      referenceQueue = class java.lang.ref.ReferenceQueue@73938ce5
      parent = null
      locale = class java.util.Locale@2a39c355
      name = "javax.servlet.LocalStrings"
      expired = false
      cacheKey = class java.util.ResourceBundle$CacheKey@466538ab
      keySet = null
      providers = null
      $assertionsDisabled = true
    config = null
  _filtersDefined = true
  logger = class com.ibm.ws.logging.internal.WsLogger@7548861d
    ivCachedResourceBundleName = null
    ivCachedResourceBundle = null
    ivComponent = null
    ivOrganization = null
    ivProduct = null
    ivMinimumLocalizationLevelIntValue = 625
    ivTC = class com.ibm.websphere.ras.TraceComponent@3430955e
      strings[0] = "TraceComponent[com.ibm.ws.webcontainer.filter,class com.ibm.wsspi.webcontainer.logging.LoggerFactory$1,[com.ibm.ws.webcontainer.filter],null,null]"
    loggerRegistrationComponent = class java.lang.ThreadLocal@733f7c0a
      threadLocalHashCode = 900898382
      nextHashCode = class java.util.concurrent.atomic.AtomicInteger@5ab61050
      HASH_INCREMENT = 1640531527
    emptyHandlers = class java.util.logging.Handler[0]
    offValue = 2147483647
    SYSTEM_LOGGER_RB_NAME = "sun.util.logging.resources.logging"
    SYSTEM_BUNDLE = class java.util.logging.Logger$LoggerBundle@5f935ee5
      resourceBundleName = "sun.util.logging.resources.logging"
      userBundle = null
    NO_RESOURCE_BUNDLE = class java.util.logging.Logger$LoggerBundle@42ccaf56
      resourceBundleName = null
      userBundle = null
    manager = class com.ibm.ws.kernel.boot.logging.WsLogManager@5a15f201
      CONFIGURE_BY_SERVER_PROPERTY_NAME = "java.util.logging.configureByServer"
      CONFIGURE_BY_LOGGING_PROPERTIES_FILE = "java.util.logging.configureByLoggingPropertiesFile"
      configureByServer = true
      configureByLoggingProperties = false
      wsLogger = class java.lang.reflect.Constructor@15c35022
      resetEnabled = true
      svBinaryLoggingEnable = false
      manager = class com.ibm.ws.kernel.boot.logging.WsLogManager@5a15f201
      props = class java.util.Properties@7f1de65a
      defaultLevel = class java.util.logging.Level@7e6115a8
      listenerMap = class java.util.HashMap@46f68e41
      systemContext = class java.util.logging.LogManager$SystemLoggerContext@3cb1f180
      userContext = class java.util.logging.LogManager$LoggerContext@337cf474
      rootLogger = class java.util.logging.LogManager$RootLogger@6e80b43b
      readPrimordialConfiguration = true
      initializedGlobalHandlers = true
      deathImminent = false
      initializedCalled = true
      initializationDone = true
      contextsMap = null
      loggerRefQueue = class java.lang.ref.ReferenceQueue@23c3fb77
      MAX_ITERATIONS = 400
      controlPermission = class java.util.logging.LoggingPermission@5135fdc8
      loggingMXBean = null
      LOGGING_MXBEAN_NAME = "java.util.logging:type=Logging"
      $assertionsDisabled = true
    name = "com.ibm.ws.webcontainer.filter"
    handlers = class java.util.concurrent.CopyOnWriteArrayList@52421a65
      serialVersionUID = 8673264195747942595
      lock = class java.util.concurrent.locks.ReentrantLock@3db0b639
      array = class java.lang.Object[0]
      UNSAFE = class sun.misc.Unsafe@3b87ce0c
      lockOffset = 12
    loggerBundle = class java.util.logging.Logger$LoggerBundle@17e302be
      resourceBundleName = "com.ibm.ws.webcontainer.resources.Messages"
      userBundle = null
    useParentHandlers = true
    filter = null
    anonymous = false
    catalog = class com.ibm.ws.webcontainer.resources.Messages@4502c0ee
      resources = class [Ljava.lang.Object;[338]
      lookup = class java.util.HashMap@44dbd105
      INITIAL_CACHE_SIZE = 32
      NONEXISTENT_BUNDLE = class java.util.ResourceBundle$1@7e45fdf4
      cacheList = class java.util.concurrent.ConcurrentHashMap@557886ce
      referenceQueue = class java.lang.ref.ReferenceQueue@73938ce5
      parent = null
      locale = class java.util.Locale@2a39c355
      name = "com.ibm.ws.webcontainer.resources.Messages"
      expired = false
      cacheKey = class java.util.ResourceBundle$CacheKey@695a286b
      keySet = null
      providers = null
      $assertionsDisabled = true
    catalogName = "com.ibm.ws.webcontainer.resources.Messages"
    catalogLocale = class java.util.Locale@7d16b19
      LOCALECACHE = class java.util.Locale$Cache@5e0c2cea
      ENGLISH = class java.util.Locale@4581c85c
      FRENCH = class java.util.Locale@6fa0aa45
      GERMAN = class java.util.Locale@19a65955
      ITALIAN = class java.util.Locale@26724df7
      JAPANESE = class java.util.Locale@6dfab24d
      KOREAN = class java.util.Locale@7e2df35
      CHINESE = class java.util.Locale@2ca5426d
      SIMPLIFIED_CHINESE = class java.util.Locale@188caffb
      TRADITIONAL_CHINESE = class java.util.Locale@20dc1e7d
      FRANCE = class java.util.Locale@31d67624
      GERMANY = class java.util.Locale@3766ec59
      ITALY = class java.util.Locale@4ae86e39
      JAPAN = class java.util.Locale@a07beef
      KOREA = class java.util.Locale@8e29edd
      CHINA = class java.util.Locale@188caffb
      PRC = class java.util.Locale@188caffb
      TAIWAN = class java.util.Locale@20dc1e7d
      UK = class java.util.Locale@7d16b19
      US = class java.util.Locale@8e6bfbc
      CANADA = class java.util.Locale@176813f
      CANADA_FRENCH = class java.util.Locale@3631b738
      ROOT = class java.util.Locale@2a39c355
      PRIVATE_USE_EXTENSION = x
      UNICODE_LOCALE_EXTENSION = u
      serialVersionUID = 9149081749638150636
      DISPLAY_LANGUAGE = 0
      DISPLAY_COUNTRY = 1
      DISPLAY_VARIANT = 2
      DISPLAY_SCRIPT = 3
      baseLocale = class sun.util.locale.BaseLocale@22d58654
      localeExtensions = null
      hashCodeValue = 96622908
      defaultLocale = class java.util.Locale@7d16b19
      defaultDisplayLocale = null
      defaultFormatLocale = class java.util.Locale@7d16b19
      languageTag = "en-GB"
      serialPersistentFields = class java.io.ObjectStreamField[6]
      isoLanguages = null
      isoCountries = null
      $assertionsDisabled = true
    treeLock = class java.lang.Object@8a86faf
    parent = class com.ibm.ws.logging.internal.WsLogger@2d37a550
      ivCachedResourceBundleName = null
      ivCachedResourceBundle = null
      ivComponent = null
      ivOrganization = null
      ivProduct = null
      ivMinimumLocalizationLevelIntValue = 625
      ivTC = class com.ibm.websphere.ras.TraceComponent@3ae187b6
      loggerRegistrationComponent = class java.lang.ThreadLocal@733f7c0a
      emptyHandlers = class java.util.logging.Handler[0]
      offValue = 2147483647
      SYSTEM_LOGGER_RB_NAME = "sun.util.logging.resources.logging"
      SYSTEM_BUNDLE = class java.util.logging.Logger$LoggerBundle@5f935ee5
      NO_RESOURCE_BUNDLE = class java.util.logging.Logger$LoggerBundle@42ccaf56
      manager = class com.ibm.ws.kernel.boot.logging.WsLogManager@5a15f201
      name = "com.ibm.ws.webcontainer"
      handlers = class java.util.concurrent.CopyOnWriteArrayList@466d7b23
      loggerBundle = class java.util.logging.Logger$LoggerBundle@51eeb566
      useParentHandlers = true
      filter = null
      anonymous = false
      catalog = class com.ibm.ws.webcontainer.resources.Messages@4502c0ee
      catalogName = "com.ibm.ws.webcontainer.resources.Messages"
      catalogLocale = class java.util.Locale@7d16b19
      treeLock = class java.lang.Object@8a86faf
      parent = class java.util.logging.Logger@5ac33e89
      kids = class java.util.ArrayList@6cfcd016
      levelObject = class java.util.logging.Level@7e6115a8
      levelValue = 800
      callersClassLoaderRef = class java.lang.ref.WeakReference@41e50ac9
      isSystemLogger = false
      GLOBAL_LOGGER_NAME = "global"
      global = class java.util.logging.Logger@29f7d370
      $assertionsDisabled = true
    kids = null
    levelObject = class java.util.logging.Level@7e6115a8
      defaultBundle = "sun.util.logging.resources.logging"
      name = "INFO"
      value = 800
      resourceBundleName = "sun.util.logging.resources.logging"
      localizedLevelName = "INFO"
      cachedLocale = class java.util.Locale@7d16b19
      OFF = class java.util.logging.Level@6c318086
      SEVERE = class java.util.logging.Level@4f9d6097
      WARNING = class java.util.logging.Level@6a16d5fa
      INFO = class java.util.logging.Level@7e6115a8
      CONFIG = class java.util.logging.Level@23526a46
      FINE = class java.util.logging.Level@4307fb1a
      FINER = class java.util.logging.Level@67baa235
      FINEST = class java.util.logging.Level@3b5f023d
      ALL = class java.util.logging.Level@b6f4f4a
      serialVersionUID = -8176160795706313070
    levelValue = 800
    callersClassLoaderRef = class java.lang.ref.WeakReference@397aec2a
      referent = class org.eclipse.osgi.internal.loader.EquinoxClassLoader@631fd4eb
      queue = class java.lang.ref.ReferenceQueue$Null@59458b35
      next = null
      discovered = null
      lock = class java.lang.ref.Reference$Lock@29d9872e
      pending = null
    isSystemLogger = false
    GLOBAL_LOGGER_NAME = "global"
    global = class java.util.logging.Logger@29f7d370
      emptyHandlers = class java.util.logging.Handler[0]
      offValue = 2147483647
      SYSTEM_LOGGER_RB_NAME = "sun.util.logging.resources.logging"
      SYSTEM_BUNDLE = class java.util.logging.Logger$LoggerBundle@5f935ee5
      NO_RESOURCE_BUNDLE = class java.util.logging.Logger$LoggerBundle@42ccaf56
      manager = class com.ibm.ws.kernel.boot.logging.WsLogManager@5a15f201
      name = "global"
      handlers = class java.util.concurrent.CopyOnWriteArrayList@3a51f0de
      loggerBundle = class java.util.logging.Logger$LoggerBundle@42ccaf56
      useParentHandlers = true
      filter = null
      anonymous = false
      catalog = null
      catalogName = null
      catalogLocale = null
      treeLock = class java.lang.Object@8a86faf
      parent = class java.util.logging.LogManager$RootLogger@6e80b43b
      kids = null
      levelObject = null
      levelValue = 800
      callersClassLoaderRef = null
      isSystemLogger = true
      GLOBAL_LOGGER_NAME = "global"
      global = class java.util.logging.Logger@29f7d370
      $assertionsDisabled = true
    $assertionsDisabled = true
  CLASS_NAME = "com.ibm.ws.webcontainer.filter.WebAppFilterChain"
  webapp = class com.ibm.ws.webcontainer40.osgi.webapp.WebApp40@7f7cf5e9
    tc = class com.ibm.websphere.ras.TraceComponent@6f45840a
      strings[0] = "TraceComponent[com.ibm.ws.webcontainer40.osgi.webapp.WebApp40,class com.ibm.ws.webcontainer40.osgi.webapp.WebApp40,[webcontainer],com.ibm.ws.webcontainer31.resources.Messages,null]"
    servlet40NLS = class com.ibm.ejs.ras.TraceNLS@c7c6644
      resolver = class com.ibm.ws.logging.internal.TraceNLSResolver@99f0cf0
      finder = class com.ibm.ws.logging.internal.StackFinder@38a8b84
      ivBundleName = "com.ibm.ws.webcontainer40.resources.Messages"
      caller = class java.lang.Class@36c0ed8b
    CLASS_NAME = "com.ibm.ws.webcontainer40.osgi.webapp.WebApp40"
    defaultSessionTimeout = 30
    tc = class com.ibm.websphere.ras.TraceComponent@259497ae
      strings[0] = "TraceComponent[com.ibm.ws.webcontainer31.osgi.webapp.WebApp31,class com.ibm.ws.webcontainer31.osgi.webapp.WebApp31,[webcontainer],com.ibm.ws.webcontainer31.resources.Messages,null]"
    CLASS_NAME = "com.ibm.ws.webcontainer31.osgi.webapp.WebApp31"
    servlet31NLS = class com.ibm.ejs.ras.TraceNLS@40f78ae5
      resolver = class com.ibm.ws.logging.internal.TraceNLSResolver@99f0cf0
      finder = class com.ibm.ws.logging.internal.StackFinder@38a8b84
      ivBundleName = "com.ibm.ws.webcontainer31.resources.Messages"
      caller = class java.lang.Class@d0d2d02
    validListenerClasses = class java.lang.Class[7]
      Class[0] = class java.lang.Class@78351ec8
      Class[1] = class java.lang.Class@43602ffd
      Class[2] = class java.lang.Class@d6762fa
      Class[3] = class java.lang.Class@6683b54
      Class[4] = class java.lang.Class@2a52379e
      Class[5] = class java.lang.Class@30c8e76
      Class[6] = class java.lang.Class@7488fd09
    wsocServHandler = null
    tc = class com.ibm.websphere.ras.TraceComponent@13bd2fd
      strings[0] = "TraceComponent[com.ibm.ws.webcontainer.osgi.webapp.WebApp,class com.ibm.ws.webcontainer.osgi.webapp.WebApp,[webcontainer],com.ibm.ws.webcontainer.resources.LShimMessages,null]"
    CLASS_NAME = "com.ibm.ws.webcontainer.osgi.webapp.WebApp"
    metaDataService = class com.ibm.ws.container.service.metadata.internal.MetaDataServiceImpl@3713c66
      applicationMetaDataManager = class com.ibm.ws.container.service.metadata.internal.ApplicationMetaDataManager@62bb3b9f
      moduleMetaDataManager = class com.ibm.ws.container.service.metadata.internal.ModuleMetaDataManager@3630ace8
      componentMetaDataManager = class com.ibm.ws.container.service.metadata.internal.ComponentMetaDataManager@a14e11a
      methodMetaDataManager = class com.ibm.ws.container.service.metadata.internal.MethodMetaDataManager@7431962d
      appModuleNameToModuleContainer = class java.util.concurrent.ConcurrentHashMap@4f6d3cf7
      jeeNameToComponentMetaData = class java.util.concurrent.ConcurrentHashMap@7c098e1e
      deferredMetaDataFactories = class com.ibm.wsspi.kernel.service.utils.ConcurrentServiceReferenceSet@5138acb4
      deferredMetaDataInitializers = class com.ibm.wsspi.kernel.service.utils.ConcurrentServiceReferenceMap@2940d840
      serialVersionUID = -2494605732980966097
      $$$tc$$$ = class com.ibm.websphere.ras.TraceComponent@2741635d
    namespacePopulated = false
    referenceContext = class com.ibm.ws.injectionengine.osgi.internal.OSGiReferenceContextImpl@b081234
      scopeData = class com.ibm.ws.injectionengine.osgi.internal.OSGiInjectionScopeData@42a9a26a
      serialVersionUID = 521511923892134915
      $$$tc$$$ = class com.ibm.websphere.ras.TraceComponent@290343f5
      CLASS_NAME = "com.ibm.ws.injectionengine.ReferenceContextImpl"
      tc = class com.ibm.websphere.ras.TraceComponent@bd3ade7
      ivInjectionEngine = class com.ibm.ws.injectionengine.osgi.internal.OSGiInjectionEngineImpl@56b30eea
      ivProviders = class java.util.ArrayList@746b3b87
      ivComponentJavaContext = null
      ivComponentNameSpace = null
      ivJavaColonCompEnvMap = class java.util.LinkedHashMap@14c41dd8
      ivEjbContext10 = class java.util.Properties@29cc8714
      ivResourceRefConfigList = class com.ibm.ws.resource.internal.ResourceRefConfigListImpl@67c61899
      isAlreadyProcessed = true
      ivProcessFailure = null
      ivInjectionTargetMap = class java.util.concurrent.ConcurrentHashMap@4a5cb0e5
      svInjTarMapCacheSize = 256
      ivDeclaredInjectionTargets = class java.util.HashMap@7e425eab
      ivProcessedInjectionClasses = class java.util.HashSet@33fb9250
      svInjClassMapCacheSize = 512
      ivProcessedInjectionBindings = class java.util.LinkedHashSet@642e5666
      ivAnyProcessDynamic = true
      ivCheckAppConfig = false
    j2eeNameFactory = class com.ibm.ws.container.service.metadata.internal.J2EENameFactoryImpl@61f84cbc
      serialVersionUID = 3486344295038028821
      $$$tc$$$ = class com.ibm.websphere.ras.TraceComponent@5ebcf0b9
    moduleLoader = class com.ibm.ws.classloading.internal.AppClassLoader@73e232f8
      tc = class com.ibm.websphere.ras.TraceComponent@51ed3ab3
      disableSharedClassesCache = false
      PARENT_FIRST_SEARCH_ORDER = class java.util.Collections$UnmodifiableRandomAccessList@7cc4d27f
      packagesDefined = class java.util.Collections$SetFromMap@3379fcee
      CLASS_LOADING_TRACE_PREFIX = "com.ibm.ws.class.load."
      DEFAULT_PACKAGE = "default.package"
      perPackageClassLoadingTraceComponents = class java.util.concurrent.ConcurrentHashMap@39d3fe8a
      config = class com.ibm.ws.classloading.internal.ClassLoaderConfigurationImpl@359eb38c
      privateLibraries = null
      delegateLoaders = class com.ibm.ws.classloading.internal.util.CompositeIterable@6f13d86a
      nativeLibraryFiles = class java.util.ArrayList@13f1c7ea
      transformers = class java.util.ArrayList@35704cb0
      apiAccess = class com.ibm.ws.classloading.internal.GatewayClassLoader@46fc8b93
      generator = class com.ibm.ws.classloading.internal.ClassGeneratorManager@75328b41
      protectionDomains = class java.util.concurrent.ConcurrentHashMap@413cd05
      parent = class com.ibm.ws.classloading.internal.GatewayClassLoader@46fc8b93
      hook = null
      serialVersionUID = 8734164900246230615
      tc = class com.ibm.websphere.ras.TraceComponent@2a0ec6bc
      smartClassPath = class com.ibm.ws.classloading.internal.ContainerClassLoader$SmartClassPathImpl@194094fa
      nativeLibraryContainers = class java.util.ArrayList@2e625eae
      redefiner = class com.ibm.ws.classloading.internal.util.ClassRedefiner@4f6ba0a0
      jarProtocol = "wsjar:"
      mapCreationQueue = class java.util.concurrent.Executors$FinalizableDelegatedExecutorService@558a27ad
      serialVersionUID = 6399598832433768509
      serialVersionUID = 1837293532091806117
      $$$tc$$$ = class com.ibm.websphere.ras.TraceComponent@1b2dfdaf
      serialVersionUID = -4586727107834513475
      $$$tc$$$ = class com.ibm.websphere.ras.TraceComponent@3a152347
      serialVersionUID = -7709588811276454856
      $$$tc$$$ = class com.ibm.websphere.ras.TraceComponent@27dcf6f7
      initialized = true
      pdcache = class java.util.HashMap@48f08ea2
      debug = null
      parent = class com.ibm.ws.classloading.internal.GatewayClassLoader@46fc8b93
      parallelLockMap = class java.util.concurrent.ConcurrentHashMap@74db2e3c
      package2certs = class java.util.concurrent.ConcurrentHashMap@6627eea7
      nocerts = class java.security.cert.Certificate[0]
      classes = class java.util.Vector@62940a81
      defaultDomain = class java.security.ProtectionDomain@2e5d0def
      packages = class java.util.HashMap@35a7cd6
      scl = class sun.misc.Launcher$AppClassLoader@4e0e2f2a
      sclSet = true
      loadedLibraryNames = class java.util.Vector@5ad1f8cc
      systemNativeLibraries = class java.util.Vector@18532115
      nativeLibraries = class java.util.Vector@5e277585
      nativeLibraryContext = class java.util.Stack@e4b1e5b
      usr_paths = class java.lang.String[63]
      sys_paths = class java.lang.String[1]
      assertionLock = class java.lang.Object@3f3d94a9
      defaultAssertionStatus = false
      packageAssertionStatus = null
      classAssertionStatus = null
    webAppConfig = class com.ibm.ws.webcontainer.osgi.webapp.WebAppConfiguration@1da442c4
      webModuleMetaData = class com.ibm.ws.webcontainer.osgi.metadata.WebModuleMetaDataImpl@7de8f7d0
      webComponentMetaData = class com.ibm.ws.webcontainer.osgi.metadata.WebComponentMetaDataImpl@31a7abf
      dVirtualHost = class com.ibm.ws.webcontainer.osgi.DynamicVirtualHost@6671b443
      orderedLibPaths = class java.util.Collections$UnmodifiableRandomAccessList@f402bdd
      bundleHeaders = null
      cdiEnabled = true
      CLASS_NAME = "com.ibm.ws.webcontainer.webapp.WebAppConfiguration"
      logger = class com.ibm.ws.logging.internal.WsLogger@5cc200f4
      tc = class com.ibm.websphere.ras.TraceComponent@11c21f60
      nls = class com.ibm.ejs.ras.TraceNLS@58556a0b
      version = 30
      contextRoot = "/documents"
      isDefaultContextRootUsed = true
      sessionTimeout = 0
      moduleSessionTimeoutSet = false
      moduleSessionTrackingModeSet = false
      sessionCookieConfig = class com.ibm.ws.session.SessionCookieConfigImpl@2dbc4e17
      hasProgrammaticCookieConfig = false
      sessionDefaultTrackingModeSet = class java.util.RegularEnumSet@48395c79
      sessionManagerConfig = class com.ibm.ws.session.SessionManagerConfig@47942d4a
      displayName = "documents"
      description = null
      reloadInterval = 0
      distributable = false
      denyUncoveredHttpMethods = false
      reloadingEnabled = false
      serveServletsByClassnameEnabled = false
      defaultErrorPage = null
      additionalClassPath = null
      fileServingEnabled = null
      directoryBrowsingEnabled = false
      autoRequestEncoding = false
      autoResponseEncoding = false
      autoLoadFilters = false
      requestListeners = null
      requestAttributeListeners = null
      sessionListeners = null
      localeMap = null
      moduleName = "documents"
      j2eeModuleName = "documents.war"
      moduleId = null
      isSyncToThreadEnabled = false
      encodeDispatchedRequestURI = false
      isSystemApp = false
      ardEnabled = false
      ardDispatchType = null
      listeners = class java.util.ArrayList@18a61843
      welcomeFileList = class java.util.ArrayList@6bd02c6e
      servletMappings = class java.util.HashMap@24d31bf5
      lastIndexBeforeDeclaredFilters = 1
      filterMappings = class java.util.ArrayList@268b4182
      servletInfo = class java.util.concurrent.ConcurrentHashMap@ec72110
      filterInfo = class java.util.HashMap@649ecffa
      mimeMappings = class java.util.HashMap@58ae6c2f
      mimeFilters = null
      isMimeFilteringEnabled = false
      theWebGroup = null
      jspAttributes = class java.util.HashMap@2455a1e9
      fileServingAttributes = class java.util.HashMap@13addbd2
      invokerAttributes = class java.util.HashMap@15e3742
      contextParams = class java.util.HashMap@2a3afc52
      virtualHost = "default_host"
      exceptionErrorPages = class java.util.HashMap@23694a15
      codeErrorPages = class java.util.HashMap@5ee776e1
      tagLibList = null
      precompileJsps = false
      webApp = class com.ibm.ws.webcontainer40.osgi.webapp.WebApp40@7f7cf5e9
      virtualHostList = class java.util.Collections$EmptyList@2e73ae58
      appStartupWeight = 0
      moduleStartupWeight = 0
      metaDataComplete = false
      classesToScan = class java.util.ArrayList@53560fa8
      uriFilterMappingInfos = class java.util.ArrayList@3a06de35
      servletFilterMappingInfos = null
      dynamicServletRegistrationMap = null
      applicationName = "documents"
      libBinPathList = class java.util.ArrayList@5fb3f7ea
      webXmlDefinedListeners = class java.util.HashSet@6c81832a
      allRefs = class java.util.EnumMap@f49fa5d
      allRefBindings = class java.util.EnumMap@3b27af7
      envEntryValues = class java.util.HashMap@43fed1cc
      resourceRefConfigList = null
      disallowAllFileServingProp = "false"
      disallowServeServletsByClassnameProp = "true"
      disableStaticMappingCache = false
      jspCachedLocations = null
      primedSTSHeader = "NoValue"
      enablemultireadofpostdata = false
      requestEncoding = null
      responseEncoding = null
      NULLSERVLETNAME = "com.ibm.ws.webcontainer.NullServletName"
      _id = "WebAppGeneratedId8"
      _attributes = null
      serialVersionUID = 7511545662945734886
      $$$tc$$$ = class com.ibm.websphere.ras.TraceComponent@34cc92f3
    extensionProcessingDisabled = false
    managedObjectService = class com.ibm.ws.cdi.impl.managedobject.CDIManagedObjectService@6be12cb
      cdiServiceRef = class com.ibm.wsspi.kernel.service.utils.AtomicServiceReference@2422443e
      defaultMOSRef = class com.ibm.wsspi.kernel.service.utils.AtomicServiceReference@3915746a
      cdiRuntime = class com.ibm.ws.cdi.liberty.CDIRuntimeImpl@48f933a9
      serialVersionUID = 6431825704414919683
      $$$tc$$$ = class com.ibm.websphere.ras.TraceComponent@7fb570e6
    internalServletMetaData = interface com.ibm.wsspi.webcontainer.metadata.WebComponentMetaData[2]
      WebComponentMetaData[0] = null
      WebComponentMetaData[1] = null
    loginProcessor = null
    logoutProcessor = null
    collabHelper = class com.ibm.ws.webcontainer.osgi.collaborator.CollaboratorHelperImpl@65d2fd9f
    envObject = class com.ibm.ws.util.WSThreadLocal@3423a4af
      tc = class com.ibm.ejs.ras.TraceComponent@22d958b0
      count = 8
      index = 3
      SUSPECTED_MISUSAGE_THRESHOLD = 200
      threadLocalHashCode = -194239449
      nextHashCode = class java.util.concurrent.atomic.AtomicInteger@5ab61050
      HASH_INCREMENT = 1640531527
    orderedLibPaths = class java.util.Collections$UnmodifiableRandomAccessList@f402bdd
      serialVersionUID = -2542308836966382001
      serialVersionUID = -283967356065247728
      list = class java.util.ArrayList@3258744f
      serialVersionUID = 1820017752578914078
      c = class java.util.ArrayList@3258744f
    perm = class com.ibm.websphere.security.WebSphereRuntimePermission@31fc11a8
      serialVersionUID = -3306242789188168337
      $$$tc$$$ = class com.ibm.websphere.ras.TraceComponent@11297f0e
      serialVersionUID = 6279438298436773498
      wildcard = false
      path = "accessServletContext"
      exitVM = false
      serialVersionUID = -5636570222231596674
      name = "accessServletContext"
    WELCOME_FILE_LIST = "com.ibm.ws.webcontainer.config.WelcomeFileList"
    DIR_BROWSING_MAPPING = "__dirBrowsing__1640710111377"
    FILTER_PROXY_MAPPING = "/__filterProxy__1640710111377"
    logger = class com.ibm.ws.logging.internal.WsLogger@5cc200f4
      ivCachedResourceBundleName = null
      ivCachedResourceBundle = null
      ivComponent = null
      ivOrganization = null
      ivProduct = null
      ivMinimumLocalizationLevelIntValue = 625
      ivTC = class com.ibm.websphere.ras.TraceComponent@36030cf8
      loggerRegistrationComponent = class java.lang.ThreadLocal@733f7c0a
      emptyHandlers = class java.util.logging.Handler[0]
      offValue = 2147483647
      SYSTEM_LOGGER_RB_NAME = "sun.util.logging.resources.logging"
      SYSTEM_BUNDLE = class java.util.logging.Logger$LoggerBundle@5f935ee5
      NO_RESOURCE_BUNDLE = class java.util.logging.Logger$LoggerBundle@42ccaf56
      manager = class com.ibm.ws.kernel.boot.logging.WsLogManager@5a15f201
      name = "com.ibm.ws.webcontainer.webapp"
      handlers = class java.util.concurrent.CopyOnWriteArrayList@3711703a
      loggerBundle = class java.util.logging.Logger$LoggerBundle@5eecdfb7
      useParentHandlers = true
      filter = null
      anonymous = false
      catalog = class com.ibm.ws.webcontainer.resources.Messages@4502c0ee
      catalogName = "com.ibm.ws.webcontainer.resources.Messages"
      catalogLocale = class java.util.Locale@7d16b19
      treeLock = class java.lang.Object@8a86faf
      parent = class com.ibm.ws.logging.internal.WsLogger@2d37a550
      kids = null
      levelObject = class java.util.logging.Level@7e6115a8
      levelValue = 800
      callersClassLoaderRef = class java.lang.ref.WeakReference@2b51357e
      isSystemLogger = false
      GLOBAL_LOGGER_NAME = "global"
      global = class java.util.logging.Logger@29f7d370
      $assertionsDisabled = true
    CLASS_NAME = "com.ibm.ws.webcontainer.webapp.WebApp"
    loader = class com.ibm.ws.classloading.internal.ThreadContextClassLoader@1226a8ee
      tc = class com.ibm.websphere.ras.TraceComponent@47c31a3d
      bundle = class java.util.concurrent.atomic.AtomicReference@7d213653
      key = "WebModule:documents#documents.war"
      refCount = class java.util.concurrent.atomic.AtomicInteger@16c2ab1c
      appLoader = class com.ibm.ws.classloading.internal.AppClassLoader@73e232f8
      clSvc = class com.ibm.ws.classloading.internal.ClassLoadingServiceImpl@18ab68b6
      serialVersionUID = 846416563800781557
      tc = class com.ibm.websphere.ras.TraceComponent@66c9eb9b
      followOnClassLoaders = class java.util.ArrayList@320d8297
      serialVersionUID = 8829649920524275888
      serialVersionUID = -4586727107834513475
      $$$tc$$$ = class com.ibm.websphere.ras.TraceComponent@3a152347
      serialVersionUID = -7709588811276454856
      $$$tc$$$ = class com.ibm.websphere.ras.TraceComponent@27dcf6f7
      initialized = true
      pdcache = class java.util.HashMap@46eaa92b
      debug = null
      parent = class com.ibm.ws.classloading.internal.GatewayClassLoader@71fc85c3
      parallelLockMap = class java.util.concurrent.ConcurrentHashMap@457360a1
      package2certs = class java.util.concurrent.ConcurrentHashMap@65e4e61
      nocerts = class java.security.cert.Certificate[0]
      classes = class java.util.Vector@58996d07
      defaultDomain = class java.security.ProtectionDomain@4ba924ce
      packages = class java.util.HashMap@15813372
      scl = class sun.misc.Launcher$AppClassLoader@4e0e2f2a
      sclSet = true
      loadedLibraryNames = class java.util.Vector@5ad1f8cc
      systemNativeLibraries = class java.util.Vector@18532115
      nativeLibraries = class java.util.Vector@61585ae5
      nativeLibraryContext = class java.util.Stack@e4b1e5b
      usr_paths = class java.lang.String[63]
      sys_paths = class java.lang.String[1]
      assertionLock = class java.lang.Object@72bae29c
      defaultAssertionStatus = false
      packageAssertionStatus = null
      classAssertionStatus = null
    facade = class com.ibm.ws.webcontainer40.facade.ServletContextFacade40@75edd11f
      context = class com.ibm.ws.webcontainer40.osgi.webapp.WebApp40@7f7cf5e9
    features = class java.util.ArrayList@7b7d02bc
      serialVersionUID = 8683452581122892189
      DEFAULT_CAPACITY = 10
      EMPTY_ELEMENTDATA = class java.lang.Object[0]
      DEFAULTCAPACITY_EMPTY_ELEMENTDATA = class java.lang.Object[0]
      elementData = class java.lang.Object[0]
      size = 0
      MAX_ARRAY_SIZE = 2147483639
      modCount = 0
      MAX_ARRAY_SIZE = 2147483639
    applicationName = "documents"
    config = class com.ibm.ws.webcontainer.osgi.webapp.WebAppConfiguration@1da442c4
    securityEnabledForApp = true
    webExtensionProcessor = class com.ibm.ws.webcontainer.osgi.extension.WebExtensionProcessor@2a5d3d2a
      webApp = class com.ibm.ws.webcontainer40.osgi.webapp.WebApp40@7f7cf5e9
      extensionContext = class com.ibm.ws.webcontainer40.osgi.webapp.WebApp40@7f7cf5e9
    production = true
    isServlet23 = true
    contextPath = "/documents"
    internalServletList = class [Ljava.lang.String;[2]
      String[][0] = class java.lang.String[2]
      String[][1] = class java.lang.String[2]
    BY_NAME_ONLY = "/_1640710118099_/"
    filterManager = class com.ibm.ws.webcontainer.osgi.filter.WebAppFilterManagerImpl@7daa1dd9
      _filterWrappers = class java.util.Hashtable@29b47253
      chainCache = class java.util.Collections$SynchronizedMap@5b215c6c
      forwardChainCache = class java.util.Collections$SynchronizedMap@686d25ad
      includeChainCache = class java.util.Collections$SynchronizedMap@7e5c6ece
      errorChainCache = class java.util.Collections$SynchronizedMap@74f0bdbc
      _filtersDefined = true
      FMI_MAPPING_SINGLE_SLASH = 0
      FMI_MAPPING_PATH_MATCH = 1
      FMI_MAPPING_EXTENSION_MATCH = 2
      FMI_MAPPING_EXACT_MATCH = 3
      logger = class com.ibm.ws.logging.internal.WsLogger@7548861d
      CLASS_NAME = "com.ibm.ws.webcontainer.filter.WebAppFilterManager"
      nls = class com.ibm.ejs.ras.TraceNLS@25634d72
      webAppConfig = class com.ibm.ws.webcontainer.osgi.webapp.WebAppConfiguration@1da442c4
      webApp = class com.ibm.ws.webcontainer40.osgi.webapp.WebApp40@7f7cf5e9
      collabHelper = class com.ibm.ws.webcontainer.osgi.collaborator.CollaboratorHelperImpl@65d2fd9f
      secCollab = class com.ibm.ws.webcontainer.security.WebAppSecurityCollaboratorImpl@82459ab
      sessionSecurityIntegrationEnabled = true
      assumeFilterSuccessOnSecurityError = false
      useOriginalRequestState = false
      _evtSource = class com.ibm.ws.webcontainer.webapp.WebAppEventSource@5d1df476
      defaultComponentMetaData = class com.ibm.ws.webcontainer.osgi.metadata.WebComponentMetaDataImpl@31a7abf
      DEFER_SERVLET_REQUEST_LISTENER_DESTROY_ON_ERROR = false
    documentRoot = null
    SERVLET_API_VERSION = "Servlet 2.5"
    disableServletAuditLogging = -1
    serverInfo = "IBM WebSphere Liberty/21.0.0.12"
    sessionCtx = class com.ibm.ws.webcontainer31.session.impl.HttpSessionContext31Impl@2d264caf
      methodClassName = "HttpSessionContextImpl"
      _smc = class com.ibm.ws.session.SessionManagerConfig@47942d4a
      sessionStoreService = null
      _sap = class com.ibm.ws.session.SessionApplicationParameters@4a8bdc1a
      _coreHttpSessionManager = class com.ibm.ws.session.SessionManager@64a39e10
      _coreHttpAppSessionManager = null
      _sam = class com.ibm.ws.webcontainer.session.impl.SessionAffinityManagerImpl@736f16a7
      isSIPApplication = false
      sessionAttributeListener = false
      sessionListener = true
      mHttpSessionAttributeListeners = class java.util.ArrayList@15778bfd
      mHttpSessionListeners = class java.util.ArrayList@108ee45
      mHttpSessionIdListeners = class java.util.ArrayList@79a3a36a
      mHttpSessionAttributeListenersJ2eeNames = class java.util.ArrayList@72f248d7
      mHttpSessionListenersJ2eeNames = class java.util.ArrayList@5b730d17
      mHttpSessionIdListenersJ2eeNames = class java.util.ArrayList@1d4faafa
      mLocalHost = null
      _refCount = 1
      currentThreadSacHashtable = null
      methodClassName = "SessionContext"
      ANONYMOUS_USER = "anonymous"
      wasHttpSessionObserver = class com.ibm.ws.session.WasHttpSessionObserver@7913f2ca
      wasHttpSessionAttributeObserver = null
      _invalidator = class com.ibm.ws.session.SessionInvalidatorWithThreadPool@1947b9cf
      _storer = class com.ibm.ws.session.EOSSessionStorer@5a1f0445
      wasHttpAppSessionObserver = null
      mHttpAppSessionListeners = null
      cmvcInfo = "CMVC Version 1.9 6/24/07 11:12:24"
      _loggedVersion = true
      CREATE_CORE_SESSION_MANAGER = 0
      GET_REQUESTED_SESSION_ID = 1
      GET_IHTTP_SESSION = 2
      SESSION_PRE_INVOKE = 3
      SESSION_POST_INVOKE = 4
      STOP = 5
      STOP_LISTENERS = 6
      IS_VALID = 7
      ENCODE_URL = 8
      SHOULD_ENCODE_URL = 9
      IS_PROTOCOL_SWITCH = 10
      GET_LOCAL_HOST = 11
      ADD_HTTP_SESSION_ATTRIBUTE_LISTENER = 12
      ADD_HTTP_SESSION_LISTENER = 13
      GET_SESSION_AFFINITY_CONTEXT = 14
      CHECK_SECURITY = 15
      INVALIDATE = 16
      CHECK_SESSSIONID_IS_RIGHT_LENGTH = 17
      LOCK_SESSION = 18
      UNLOCK_SESSION = 19
      ADD_HTTP_SESSION_ID_LISTENER = 20
      methodNames = class java.lang.String[21]
    eventSource = class com.ibm.ws.webcontainer.webapp.WebAppEventSource@5d1df476
    nls = class com.ibm.ejs.ras.TraceNLS@69df01db
      resolver = class com.ibm.ws.logging.internal.TraceNLSResolver@99f0cf0
      finder = class com.ibm.ws.logging.internal.StackFinder@38a8b84
      ivBundleName = "com.ibm.ws.webcontainer.resources.Messages"
      caller = class java.lang.Class@32d6eef5
    liberty_nls = class com.ibm.ejs.ras.TraceNLS@44368dec
      resolver = class com.ibm.ws.logging.internal.TraceNLSResolver@99f0cf0
      finder = class com.ibm.ws.logging.internal.StackFinder@38a8b84
      ivBundleName = "com.ibm.ws.webcontainer.resources.LShimMessages"
      caller = class java.lang.Class@32d6eef5
    error_nls = class com.ibm.ejs.ras.TraceNLS@26c40d40
      resolver = class com.ibm.ws.logging.internal.TraceNLSResolver@99f0cf0
      finder = class com.ibm.ws.logging.internal.StackFinder@38a8b84
      ivBundleName = "com.ibm.ws.webcontainer.resources.ErrorPage"
      caller = class java.lang.Class@32d6eef5
    sessionListeners = class java.util.ArrayList@39187e03
      serialVersionUID = 8683452581122892189
      DEFAULT_CAPACITY = 10
      EMPTY_ELEMENTDATA = class java.lang.Object[0]
      DEFAULTCAPACITY_EMPTY_ELEMENTDATA = class java.lang.Object[0]
      elementData = class java.lang.Object[10]
      size = 2
      MAX_ARRAY_SIZE = 2147483639
      modCount = 3
      MAX_ARRAY_SIZE = 2147483639
    sessionIdListeners = class java.util.ArrayList@28d86122
      serialVersionUID = 8683452581122892189
      DEFAULT_CAPACITY = 10
      EMPTY_ELEMENTDATA = class java.lang.Object[0]
      DEFAULTCAPACITY_EMPTY_ELEMENTDATA = class java.lang.Object[0]
      elementData = class java.lang.Object[0]
      size = 0
      MAX_ARRAY_SIZE = 2147483639
      modCount = 0
      MAX_ARRAY_SIZE = 2147483639
    sessionAttrListeners = class java.util.ArrayList@5871c038
      serialVersionUID = 8683452581122892189
      DEFAULT_CAPACITY = 10
      EMPTY_ELEMENTDATA = class java.lang.Object[0]
      DEFAULTCAPACITY_EMPTY_ELEMENTDATA = class java.lang.Object[0]
      elementData = class java.lang.Object[0]
      size = 0
      MAX_ARRAY_SIZE = 2147483639
      modCount = 1
      MAX_ARRAY_SIZE = 2147483639
    addedSessionListeners = class java.util.ArrayList@5ed9687b
      serialVersionUID = 8683452581122892189
      DEFAULT_CAPACITY = 10
      EMPTY_ELEMENTDATA = class java.lang.Object[0]
      DEFAULTCAPACITY_EMPTY_ELEMENTDATA = class java.lang.Object[0]
      elementData = class java.lang.Object[0]
      size = 0
      MAX_ARRAY_SIZE = 2147483639
      modCount = 0
      MAX_ARRAY_SIZE = 2147483639
    addedSessionAttrListeners = class java.util.ArrayList@244bedc5
      serialVersionUID = 8683452581122892189
      DEFAULT_CAPACITY = 10
      EMPTY_ELEMENTDATA = class java.lang.Object[0]
      DEFAULTCAPACITY_EMPTY_ELEMENTDATA = class java.lang.Object[0]
      elementData = class java.lang.Object[0]
      size = 0
      MAX_ARRAY_SIZE = 2147483639
      modCount = 0
      MAX_ARRAY_SIZE = 2147483639
    servletContextListeners = class java.util.ArrayList@4ff1491f
      serialVersionUID = 8683452581122892189
      DEFAULT_CAPACITY = 10
      EMPTY_ELEMENTDATA = class java.lang.Object[0]
      DEFAULTCAPACITY_EMPTY_ELEMENTDATA = class java.lang.Object[0]
      elementData = class java.lang.Object[10]
      size = 3
      MAX_ARRAY_SIZE = 2147483639
      modCount = 4
      MAX_ARRAY_SIZE = 2147483639
    servletContextLAttrListeners = class java.util.ArrayList@195730d9
      serialVersionUID = 8683452581122892189
      DEFAULT_CAPACITY = 10
      EMPTY_ELEMENTDATA = class java.lang.Object[0]
      DEFAULTCAPACITY_EMPTY_ELEMENTDATA = class java.lang.Object[0]
      elementData = class java.lang.Object[0]
      size = 0
      MAX_ARRAY_SIZE = 2147483639
      modCount = 1
      MAX_ARRAY_SIZE = 2147483639
    servletRequestListeners = class java.util.ArrayList@c580938
      serialVersionUID = 8683452581122892189
      DEFAULT_CAPACITY = 10
      EMPTY_ELEMENTDATA = class java.lang.Object[0]
      DEFAULTCAPACITY_EMPTY_ELEMENTDATA = class java.lang.Object[0]
      elementData = class java.lang.Object[10]
      size = 2
      MAX_ARRAY_SIZE = 2147483639
      modCount = 3
      MAX_ARRAY_SIZE = 2147483639
    servletRequestLAttrListeners = class java.util.ArrayList@7706e8b3
      serialVersionUID = 8683452581122892189
      DEFAULT_CAPACITY = 10
      EMPTY_ELEMENTDATA = class java.lang.Object[0]
      DEFAULTCAPACITY_EMPTY_ELEMENTDATA = class java.lang.Object[0]
      elementData = class java.lang.Object[0]
      size = 0
      MAX_ARRAY_SIZE = 2147483639
      modCount = 1
      MAX_ARRAY_SIZE = 2147483639
    prependSlashToResource = false
    destroyed = false
    webAppNameSpaceCollab = class com.ibm.ws.webcontainer.osgi.collaborator.WebAppNameSpaceCollaboratorImpl@190fdb38
    txCollab = class com.ibm.ws.transaction.services.WebAppTransactionCollaboratorImpl@2b83322b
    sessionActivationListeners = class java.util.ArrayList@327aeefd
      serialVersionUID = 8683452581122892189
      DEFAULT_CAPACITY = 10
      EMPTY_ELEMENTDATA = class java.lang.Object[0]
      DEFAULTCAPACITY_EMPTY_ELEMENTDATA = class java.lang.Object[0]
      elementData = class java.lang.Object[0]
      size = 0
      MAX_ARRAY_SIZE = 2147483639
      modCount = 1
      MAX_ARRAY_SIZE = 2147483639
    sessionBindingListeners = class java.util.ArrayList@128bd193
      serialVersionUID = 8683452581122892189
      DEFAULT_CAPACITY = 10
      EMPTY_ELEMENTDATA = class java.lang.Object[0]
      DEFAULTCAPACITY_EMPTY_ELEMENTDATA = class java.lang.Object[0]
      elementData = class java.lang.Object[0]
      size = 0
      MAX_ARRAY_SIZE = 2147483639
      modCount = 1
      MAX_ARRAY_SIZE = 2147483639
    scratchdir = null
    jspClassLoaderLimit = 0
    jspClassLoaderExclusionList = null
    jspClassLoadersMap = null
    jspClassLoaderLimitTrackIF = false
    defaultExtProc = null
    directoryBrowsingServlet = null
    cdiContexts = class java.util.concurrent.ConcurrentHashMap@5e561b33
      serialVersionUID = 7249069246763182397
      MAXIMUM_CAPACITY = 1073741824
      DEFAULT_CAPACITY = 16
      MAX_ARRAY_SIZE = 2147483639
      DEFAULT_CONCURRENCY_LEVEL = 16
      LOAD_FACTOR = 0.75
      TREEIFY_THRESHOLD = 8
      UNTREEIFY_THRESHOLD = 6
      MIN_TREEIFY_CAPACITY = 64
      MIN_TRANSFER_STRIDE = 16
      RESIZE_STAMP_BITS = 16
      MAX_RESIZERS = 65535
      RESIZE_STAMP_SHIFT = 16
      MOVED = -1
      TREEBIN = -2
      RESERVED = -3
      HASH_BITS = 2147483647
      NCPU = 8
      serialPersistentFields = class java.io.ObjectStreamField[3]
      table = null
      nextTable = null
      baseCount = 0
      sizeCtl = 0
      transferIndex = 0
      cellsBusy = 0
      counterCells = null
      keySet = null
      values = null
      entrySet = null
      U = class sun.misc.Unsafe@3b87ce0c
      SIZECTL = 20
      TRANSFERINDEX = 32
      BASECOUNT = 24
      CELLSBUSY = 36
      CELLVALUE = 144
      ABASE = 16
      ASHIFT = 2
      keySet = null
      values = null
    moduleConfig = class com.ibm.ws.webcontainer.osgi.container.DeployedModule@1e55233a
      tc = class com.ibm.websphere.ras.TraceComponent@4075df5c
      loader = class com.ibm.ws.classloading.internal.ThreadContextClassLoader@1226a8ee
      webApp = class com.ibm.ws.webcontainer40.osgi.webapp.WebApp40@7f7cf5e9
      webAppConfig = class com.ibm.ws.webcontainer.osgi.webapp.WebAppConfiguration@1da442c4
      contextRootAdded = class com.ibm.ws.threading.internal.NonCancelableResultFuture@7e44497c
      properContextRoot = "/documents"
      mappingContextRoot = "/documents/*"
      initTaskCount = class java.util.concurrent.atomic.AtomicInteger@48446ad7
      initTasksDoneListener = class com.ibm.ws.webcontainer.osgi.WebContainer$2@128e365f
      serialVersionUID = -2104814060051592457
      $$$tc$$$ = class com.ibm.websphere.ras.TraceComponent@4f0357ca
    extensionFactories = class java.util.ArrayList@7b3d2b0b
      serialVersionUID = 8683452581122892189
      DEFAULT_CAPACITY = 10
      EMPTY_ELEMENTDATA = class java.lang.Object[0]
      DEFAULTCAPACITY_EMPTY_ELEMENTDATA = class java.lang.Object[0]
      elementData = class java.lang.Object[10]
      size = 2
      MAX_ARRAY_SIZE = 2147483639
      modCount = 2
      MAX_ARRAY_SIZE = 2147483639
    initialized = true
    lock = class com.ibm.ws.webcontainer.webapp.WebApp$1@37f66ab6
      this$0 = class com.ibm.ws.webcontainer40.osgi.webapp.WebApp40@7f7cf5e9
    afterServletContextCreated = false
    redirectContextRoot = false
    errorExceptionTypeFirst = false
    initFilterBeforeServletInit = false
    SET_400_SC_ON_TOO_MANY_PARENT_DIRS = false
    sortedServletConfigs = class java.util.ArrayList@599770f8
      serialVersionUID = 8683452581122892189
      DEFAULT_CAPACITY = 10
      EMPTY_ELEMENTDATA = class java.lang.Object[0]
      DEFAULTCAPACITY_EMPTY_ELEMENTDATA = class java.lang.Object[0]
      elementData = class java.lang.Object[10]
      size = 1
      MAX_ARRAY_SIZE = 2147483639
      modCount = 1
      MAX_ARRAY_SIZE = 2147483639
    effectiveMajorVersion = 3
    effectiveMinorVersion = 0
    canAddServletContextListener = true
    withinContextInitOfProgAddListener = false
    lastProgAddListenerInitialized = "com.ibm.ws.cache.CacheServiceImpl"
    webInfLibClassloader = null
    metaInfCache = class com.ibm.ws.webcontainer.webapp.WebApp$2@6e6cc403
      this$0 = class com.ibm.ws.webcontainer40.osgi.webapp.WebApp40@7f7cf5e9
      serialVersionUID = 3801124242820219131
      head = null
      tail = null
      accessOrder = true
      serialVersionUID = 362498820763181265
      DEFAULT_INITIAL_CAPACITY = 16
      MAXIMUM_CAPACITY = 1073741824
      DEFAULT_LOAD_FACTOR = 0.75
      TREEIFY_THRESHOLD = 8
      UNTREEIFY_THRESHOLD = 6
      MIN_TREEIFY_CAPACITY = 64
      table = null
      entrySet = null
      size = 0
      modCount = 0
      threshold = 32
      loadFactor = 1.0
      keySet = null
      values = null
    useMetaInfCache = true
    SUN_CONFIGURE_LISTENER_CLASSNAME = "com.sun.faces.config.ConfigureListener"
    MYFACES_LIFECYCLE_LISTENER_CLASSNAME = "org.apache.myfaces.webapp.StartupServletContextListener"
    JSF_IMPL_ENABLED_PARAM = "com.ibm.ws.jsf.JSF_IMPL_ENABLED"
    JSF_IMPL_ENABLED_CUSTOM = "Custom"
    JSF_IMPL_ENABLED_NONE = "None"
    staticDocRoot = class com.ibm.ws.webcontainer.util.DocumentRootUtils@7c9bcfb6
      logger = class com.ibm.ws.logging.internal.WsLogger@7a1071d0
      CLASS_NAME = "com.ibm.ws.webcontainer.util.DocumentRootUtils"
      useContentLength = false
      matchedFile = null
      matchedZipFile = null
      matchedEntry = null
      matchedURL = null
      edrRoot = null
      pfedrRoot = null
      ctxt = class com.ibm.ws.webcontainer40.osgi.webapp.WebApp40@7f7cf5e9
      baseDir = null
      edr = null
      pfedr = null
      metaInfRes = null
      searchpfEDR = false
      searchEDR = false
      searchMetaInfRes = true
      matchFromEDR = false
      matchFromMetaInfRes = false
      matchIsADirectory = false
      appConfig = class com.ibm.ws.webcontainer.osgi.webapp.WebAppConfiguration@1da442c4
      attributeType = "staticFile"
      STATIC_FILE = "staticFile"
      JSP = "jsp"
      PFEDR = "preFragmentExtendedDocumentRoot"
      EDR = "extendedDocumentRoot"
    jspDocRoot = class com.ibm.ws.webcontainer.util.DocumentRootUtils@783cb949
      logger = class com.ibm.ws.logging.internal.WsLogger@7a1071d0
      CLASS_NAME = "com.ibm.ws.webcontainer.util.DocumentRootUtils"
      useContentLength = false
      matchedFile = null
      matchedZipFile = null
      matchedEntry = null
      matchedURL = null
      edrRoot = null
      pfedrRoot = null
      ctxt = class com.ibm.ws.webcontainer40.osgi.webapp.WebApp40@7f7cf5e9
      baseDir = null
      edr = null
      pfedr = null
      metaInfRes = null
      searchpfEDR = false
      searchEDR = false
      searchMetaInfRes = true
      matchFromEDR = false
      matchFromMetaInfRes = false
      matchIsADirectory = false
      appConfig = class com.ibm.ws.webcontainer.osgi.webapp.WebAppConfiguration@1da442c4
      attributeType = "jsp"
      STATIC_FILE = "staticFile"
      JSP = "jsp"
      PFEDR = "preFragmentExtendedDocumentRoot"
      EDR = "extendedDocumentRoot"
    container = class com.ibm.ws.adaptable.module.internal.AdaptableContainerImpl@644fd947
      root = class com.ibm.ws.adaptable.module.internal.AdaptableContainerImpl@644fd947
      rootOverlay = class com.ibm.ws.artifact.overlay.internal.DirectoryBasedOverlayContainerImpl@4abf9212
      factoryHolder = class com.ibm.ws.adaptable.module.internal.AdaptableModuleFactoryImpl@1f89dd97
      delegate = class com.ibm.ws.artifact.overlay.internal.DirectoryBasedOverlayContainerImpl@4abf9212
      notifier = class com.ibm.ws.adaptable.module.internal.NotifierImpl@4808a349
      serialVersionUID = -5950528200509051684
      $$$tc$$$ = class com.ibm.websphere.ras.TraceComponent@10ddf607
    metaInfResourceFinder = class com.ibm.ws.webcontainer.util.MetaInfResourceFinder@1ace1606
      jarResourceContainers = class java.util.ArrayList@70372751
      container = class com.ibm.ws.adaptable.module.internal.AdaptableContainerImpl@644fd947
    postConstructMethods = class com.ibm.ws.webcontainer.webapp.WebApp$AnnotatedMethods@120a9580
      annotationClass = class java.lang.Class@1ce314fc
      noOpClassNames = class java.util.HashSet@5c845db2
      annotatedMethodNames = class java.util.concurrent.ConcurrentHashMap@78a90e2c
      EMPTY_METHODS = class java.lang.reflect.Method[0]
    preDestroyMethods = class com.ibm.ws.webcontainer.webapp.WebApp$AnnotatedMethods@304e0e08
      annotationClass = class java.lang.Class@2b3dbdb7
      noOpClassNames = class java.util.HashSet@2781a148
      annotatedMethodNames = class java.util.concurrent.ConcurrentHashMap@4887cefa
      EMPTY_METHODS = class java.lang.reflect.Method[0]
    OBJ_EMPTY = class java.lang.Object[0]
    CLASS_EMPTY = class java.lang.Class[0]
    DEFAULT_JSP_EXTENSIONS = class java.util.ArrayList@2d251fb9
      serialVersionUID = 8683452581122892189
      DEFAULT_CAPACITY = 10
      EMPTY_ELEMENTDATA = class java.lang.Object[0]
      DEFAULTCAPACITY_EMPTY_ELEMENTDATA = class java.lang.Object[0]
      elementData = class java.lang.Object[10]
      size = 4
      MAX_ARRAY_SIZE = 2147483639
      modCount = 4
      MAX_ARRAY_SIZE = 2147483639
    DEFER_SERVLET_REQUEST_LISTENER_DESTROY_ON_ERROR = false
    DO_ACCEPT_PARTIAL = true
    DO_NOT_ACCEPT_PARTIAL = false
    DO_ACCEPT_EXCLUDED = true
    DO_NOT_ACCEPT_EXCLUDED = false
    commands = class java.util.ArrayList@47b1423d
      serialVersionUID = 8683452581122892189
      DEFAULT_CAPACITY = 10
      EMPTY_ELEMENTDATA = class java.lang.Object[0]
      DEFAULTCAPACITY_EMPTY_ELEMENTDATA = class java.lang.Object[0]
      elementData = class java.lang.Object[3]
      size = 0
      MAX_ARRAY_SIZE = 2147483639
      modCount = 0
      MAX_ARRAY_SIZE = 2147483639
    requestMapper = class com.ibm.wsspi.webcontainer.util.URIMapper@15169de
      matcher = class com.ibm.wsspi.webcontainer40.util.URIMatcher40@252bf2c5
    parent = class com.ibm.ws.webcontainer.osgi.webapp.WebGroup@41af09b2
      tc = class com.ibm.websphere.ras.TraceComponent@3296dc0d
      logger = class com.ibm.ws.logging.internal.WsLogger@5cc200f4
      CLASS_NAME = "com.ibm.ws.webcontainer.webapp.WebGroup"
      sessUrlRewritePrefix = ";jsessionid="
      qMark = "?"
      config = class com.ibm.ws.webcontainer.osgi.webapp.WebGroupConfiguration@2bf2adaf
      webApp = class com.ibm.ws.webcontainer40.osgi.webapp.WebApp40@7f7cf5e9
      commands = class java.util.ArrayList@2e80f173
      requestMapper = null
      parent = class com.ibm.ws.webcontainer.osgi.DynamicVirtualHost@6671b443
      name = "/documents/*"
      isAlive = true
      subElements = class java.util.HashMap@4c3b49fd
      attributes = null
      config = null
      serialVersionUID = -8271459000149267764
      $$$tc$$$ = class com.ibm.websphere.ras.TraceComponent@7659a79d
    name = "documents"
    isAlive = true
    subElements = null
    attributes = class java.util.concurrent.ConcurrentHashMap@44720ee9
      serialVersionUID = 7249069246763182397
      MAXIMUM_CAPACITY = 1073741824
      DEFAULT_CAPACITY = 16
      MAX_ARRAY_SIZE = 2147483639
      DEFAULT_CONCURRENCY_LEVEL = 16
      LOAD_FACTOR = 0.75
      TREEIFY_THRESHOLD = 8
      UNTREEIFY_THRESHOLD = 6
      MIN_TREEIFY_CAPACITY = 64
      MIN_TRANSFER_STRIDE = 16
      RESIZE_STAMP_BITS = 16
      MAX_RESIZERS = 65535
      RESIZE_STAMP_SHIFT = 16
      MOVED = -1
      TREEBIN = -2
      RESERVED = -3
      HASH_BITS = 2147483647
      NCPU = 8
      serialPersistentFields = class java.io.ObjectStreamField[3]
      table = class java.util.concurrent.ConcurrentHashMap$Node[32]
      nextTable = null
      baseCount = 13
      sizeCtl = 24
      transferIndex = 0
      cellsBusy = 0
      counterCells = null
      keySet = null
      values = null
      entrySet = null
      U = class sun.misc.Unsafe@3b87ce0c
      SIZECTL = 20
      TRANSFERINDEX = 32
      BASECOUNT = 24
      CELLSBUSY = 36
      CELLVALUE = 144
      ABASE = 16
      ASHIFT = 2
      keySet = null
      values = null
    config = null
    serialVersionUID = -8271459000149267764
    $$$tc$$$ = class com.ibm.websphere.ras.TraceComponent@7659a79d
      strings[0] = "TraceComponent[com.ibm.ws.container.AbstractContainer,class com.ibm.ws.container.AbstractContainer,[],null,null]"

