------Start of DE processing------ = [28/12/21 18:40:52:340 EET]
Exception = com.ibm.websphere.servlet.error.ServletErrorReport
Source = com.ibm.ws.webcontainer.filter.FilterInstanceWrapper.doFilter
probeid = 144
Stack Dump = com.ibm.websphere.servlet.error.ServletErrorReport: java.lang.LinkageError: loader constraint violation: when resolving interface method &quot;com.ibm.ws.microprofile.opentracing.jaeger.adapter.Configuration.getTracer&#40;&#41;Lio/opentracing/Tracer&#59;&quot; the class loader &#40;instance of org/eclipse/osgi/internal/loader/EquinoxClassLoader&#41; of the current class, com/ibm/ws/microprofile/opentracing/jaeger/JaegerTracerFactory, and the class loader &#40;instance of org/eclipse/osgi/internal/loader/EquinoxClassLoader&#41; for the method&#39;s defining class, com/ibm/ws/microprofile/opentracing/jaeger/adapter/Configuration, have different Class objects for the type io/opentracing/Tracer used in the signature
	at com.ibm.ws.webcontainer.servlet.ServletWrapper.service(ServletWrapper.java:1356)
	at com.ibm.ws.webcontainer.servlet.ServletWrapper.handleRequest(ServletWrapper.java:746)
	at com.ibm.ws.webcontainer.servlet.ServletWrapper.handleRequest(ServletWrapper.java:443)
	at com.ibm.ws.webcontainer.filter.WebAppFilterChain.invokeTarget(WebAppFilterChain.java:193)
	at com.ibm.ws.webcontainer.filter.WebAppFilterChain.doFilter(WebAppFilterChain.java:98)
	at com.ibm.ws.security.jaspi.JaspiServletFilter.doFilter(JaspiServletFilter.java:56)
	at com.ibm.ws.webcontainer.filter.FilterInstanceWrapper.doFilter(FilterInstanceWrapper.java:201)
	at com.ibm.ws.webcontainer.filter.WebAppFilterChain.doFilter(WebAppFilterChain.java:91)
	at com.ibm.ws.webcontainer.filter.WebAppFilterManager.doFilter(WebAppFilterManager.java:1002)
	at com.ibm.ws.webcontainer.filter.WebAppFilterManager.invokeFilters(WebAppFilterManager.java:1140)
	at com.ibm.ws.webcontainer.webapp.WebApp.handleRequest(WebApp.java:5049)
	at com.ibm.ws.webcontainer.osgi.DynamicVirtualHost$2.handleRequest(DynamicVirtualHost.java:320)
	at com.ibm.ws.webcontainer.WebContainer.handleRequest(WebContainer.java:1007)
	at com.ibm.ws.webcontainer.osgi.DynamicVirtualHost$2.run(DynamicVirtualHost.java:285)
	at com.ibm.ws.http.dispatcher.internal.channel.HttpDispatcherLink$TaskWrapper.run(HttpDispatcherLink.java:1184)
	at com.ibm.ws.http.dispatcher.internal.channel.HttpDispatcherLink.wrapHandlerAndExecute(HttpDispatcherLink.java:453)
	at com.ibm.ws.http.dispatcher.internal.channel.HttpDispatcherLink.ready(HttpDispatcherLink.java:412)
	at com.ibm.ws.http.channel.internal.inbound.HttpInboundLink.handleDiscrimination(HttpInboundLink.java:566)
	at com.ibm.ws.http.channel.internal.inbound.HttpInboundLink.handleNewRequest(HttpInboundLink.java:500)
	at com.ibm.ws.http.channel.internal.inbound.HttpInboundLink.processRequest(HttpInboundLink.java:360)
	at com.ibm.ws.http.channel.internal.inbound.HttpInboundLink.ready(HttpInboundLink.java:327)
	at com.ibm.ws.tcpchannel.internal.NewConnectionInitialReadCallback.sendToDiscriminators(NewConnectionInitialReadCallback.java:167)
	at com.ibm.ws.tcpchannel.internal.NewConnectionInitialReadCallback.complete(NewConnectionInitialReadCallback.java:75)
	at com.ibm.ws.tcpchannel.internal.WorkQueueManager.requestComplete(WorkQueueManager.java:504)
	at com.ibm.ws.tcpchannel.internal.WorkQueueManager.attemptIO(WorkQueueManager.java:574)
	at com.ibm.ws.tcpchannel.internal.WorkQueueManager.workerRun(WorkQueueManager.java:958)
	at com.ibm.ws.tcpchannel.internal.WorkQueueManager$Worker.run(WorkQueueManager.java:1047)
	at com.ibm.ws.threading.internal.ExecutorServiceImpl$RunnableWrapper.run(ExecutorServiceImpl.java:238)
	at java.util.concurrent.ThreadPoolExecutor.runWorker(ThreadPoolExecutor.java:1149)
	at java.util.concurrent.ThreadPoolExecutor$Worker.run(ThreadPoolExecutor.java:624)
	at java.lang.Thread.run(Thread.java:748)
Caused by: java.lang.LinkageError: loader constraint violation: when resolving interface method "com.ibm.ws.microprofile.opentracing.jaeger.adapter.Configuration.getTracer()Lio/opentracing/Tracer;" the class loader (instance of org/eclipse/osgi/internal/loader/EquinoxClassLoader) of the current class, com/ibm/ws/microprofile/opentracing/jaeger/JaegerTracerFactory, and the class loader (instance of org/eclipse/osgi/internal/loader/EquinoxClassLoader) for the method's defining class, com/ibm/ws/microprofile/opentracing/jaeger/adapter/Configuration, have different Class objects for the type io/opentracing/Tracer used in the signature
	at com.ibm.ws.microprofile.opentracing.jaeger.JaegerTracerFactory.createJaegerTracer(JaegerTracerFactory.java:181)
	at io.openliberty.opentracing.internal.OpentracingTracerManager.createJaegerTracer(OpentracingTracerManager.java:78)
	at io.openliberty.opentracing.internal.OpentracingTracerManager.access$000(OpentracingTracerManager.java:35)
	at io.openliberty.opentracing.internal.OpentracingTracerManager$TracerCreator.apply(OpentracingTracerManager.java:87)
	at io.openliberty.opentracing.internal.OpentracingTracerManager$TracerCreator.apply(OpentracingTracerManager.java:81)
	at java.util.concurrent.ConcurrentHashMap.computeIfAbsent(ConcurrentHashMap.java:1660)
	at io.openliberty.opentracing.internal.OpentracingTracerManager.ensureTracer(OpentracingTracerManager.java:58)
	at io.openliberty.opentracing.internal.OpentracingTracerManager.getTracer(OpentracingTracerManager.java:164)
	at io.openliberty.opentracing.internal.OpentracingContainerFilter.filter(OpentracingContainerFilter.java:77)
	at org.apache.cxf.jaxrs.utils.JAXRSUtils.runContainerRequestFilters(JAXRSUtils.java:1929)
	at org.apache.cxf.jaxrs.interceptor.JAXRSInInterceptor.processRequest(JAXRSInInterceptor.java:281)
	at org.apache.cxf.jaxrs.interceptor.JAXRSInInterceptor.handleMessage(JAXRSInInterceptor.java:96)
	at org.apache.cxf.phase.PhaseInterceptorChain.doIntercept(PhaseInterceptorChain.java:308)
	at org.apache.cxf.transport.ChainInitiationObserver.onMessage(ChainInitiationObserver.java:123)
	at org.apache.cxf.transport.http.AbstractHTTPDestination.invoke(AbstractHTTPDestination.java:277)
	at com.ibm.ws.jaxrs20.endpoint.AbstractJaxRsWebEndpoint.invoke(AbstractJaxRsWebEndpoint.java:137)
	at com.ibm.websphere.jaxrs.server.IBMRestServlet.handleRequest(IBMRestServlet.java:146)
	at com.ibm.websphere.jaxrs.server.IBMRestServlet.doGet(IBMRestServlet.java:112)
	at javax.servlet.http.HttpServlet.service(HttpServlet.java:686)
	at com.ibm.websphere.jaxrs.server.IBMRestServlet.service(IBMRestServlet.java:96)
	at com.ibm.ws.webcontainer.servlet.ServletWrapper.service(ServletWrapper.java:1258)
	... 30 more

Dump of callerThis
Object type = com.ibm.ws.webcontainer.filter.FilterInstanceWrapper
  FILTER_STATE_UNINITIALIZED = 0
  FILTER_STATE_INITIALIZING = 1
  FILTER_STATE_AVAILABLE = 2
  FILTER_STATE_DESTROYING = 3
  FILTER_STATE_DESTROYED = 4
  FILTER_STATE_UNAVAILABLE = 5
  _filterName = "com.ibm.ws.security.jaspi.servlet.filter"
  _filterInstance = class com.ibm.ws.security.jaspi.JaspiServletFilter@6df0628a
    serialVersionUID = -1292833612206940252
    $$$tc$$$ = class com.ibm.websphere.ras.TraceComponent@48cc29bd
      strings[0] = "TraceComponent[com.ibm.ws.security.jaspi.JaspiServletFilter,class com.ibm.ws.security.jaspi.JaspiServletFilter,[security],com.ibm.ws.security.jaspi.internal.resources.JaspiMessages,null]"
  _filterState = 2
  nServicing = class java.util.concurrent.atomic.AtomicInteger@2f4e74cc
    serialVersionUID = 6214790243416807050
    unsafe = class sun.misc.Unsafe@f5b8025
      theUnsafe = class sun.misc.Unsafe@f5b8025
      INVALID_FIELD_OFFSET = -1
      ARRAY_BOOLEAN_BASE_OFFSET = 16
      ARRAY_BYTE_BASE_OFFSET = 16
      ARRAY_SHORT_BASE_OFFSET = 16
      ARRAY_CHAR_BASE_OFFSET = 16
      ARRAY_INT_BASE_OFFSET = 16
      ARRAY_LONG_BASE_OFFSET = 16
      ARRAY_FLOAT_BASE_OFFSET = 16
      ARRAY_DOUBLE_BASE_OFFSET = 16
      ARRAY_OBJECT_BASE_OFFSET = 16
      ARRAY_BOOLEAN_INDEX_SCALE = 1
      ARRAY_BYTE_INDEX_SCALE = 1
      ARRAY_SHORT_INDEX_SCALE = 2
      ARRAY_CHAR_INDEX_SCALE = 2
      ARRAY_INT_INDEX_SCALE = 4
      ARRAY_LONG_INDEX_SCALE = 8
      ARRAY_FLOAT_INDEX_SCALE = 4
      ARRAY_DOUBLE_INDEX_SCALE = 8
      ARRAY_OBJECT_INDEX_SCALE = 4
      ADDRESS_SIZE = 8
    valueOffset = 12
    value = 0
    serialVersionUID = -8742448824652078965
  logger = class com.ibm.ws.logging.internal.WsLogger@827194
    ivCachedResourceBundleName = null
    ivCachedResourceBundle = null
    ivComponent = null
    ivOrganization = null
    ivProduct = null
    ivMinimumLocalizationLevelIntValue = 625
    ivTC = class com.ibm.websphere.ras.TraceComponent@49b309e9
      strings[0] = "TraceComponent[com.ibm.ws.webcontainer.filter,class com.ibm.wsspi.webcontainer.logging.LoggerFactory$1,[com.ibm.ws.webcontainer.filter],null,null]"
    loggerRegistrationComponent = class java.lang.ThreadLocal@6012a54a
      threadLocalHashCode = 661548054
      nextHashCode = class java.util.concurrent.atomic.AtomicInteger@16fcc40f
      HASH_INCREMENT = 1640531527
    emptyHandlers = class java.util.logging.Handler[0]
    offValue = 2147483647
    SYSTEM_LOGGER_RB_NAME = "sun.util.logging.resources.logging"
    SYSTEM_BUNDLE = class java.util.logging.Logger$LoggerBundle@5dabe1df
      resourceBundleName = "sun.util.logging.resources.logging"
      userBundle = null
    NO_RESOURCE_BUNDLE = class java.util.logging.Logger$LoggerBundle@2cdd3f95
      resourceBundleName = null
      userBundle = null
    manager = class com.ibm.ws.kernel.boot.logging.WsLogManager@5910f7b1
      CONFIGURE_BY_SERVER_PROPERTY_NAME = "java.util.logging.configureByServer"
      CONFIGURE_BY_LOGGING_PROPERTIES_FILE = "java.util.logging.configureByLoggingPropertiesFile"
      configureByServer = true
      configureByLoggingProperties = false
      wsLogger = class java.lang.reflect.Constructor@3b114214
      resetEnabled = true
      svBinaryLoggingEnable = false
      manager = class com.ibm.ws.kernel.boot.logging.WsLogManager@5910f7b1
      props = class java.util.Properties@785ce41f
      defaultLevel = class java.util.logging.Level@76e7e7cb
      listenerMap = class java.util.HashMap@782147dd
      systemContext = class java.util.logging.LogManager$SystemLoggerContext@92580e8
      userContext = class java.util.logging.LogManager$LoggerContext@3815623a
      rootLogger = class java.util.logging.LogManager$RootLogger@76ca5c5f
      readPrimordialConfiguration = true
      initializedGlobalHandlers = true
      deathImminent = false
      initializedCalled = true
      initializationDone = true
      contextsMap = null
      loggerRefQueue = class java.lang.ref.ReferenceQueue@27f6053b
      MAX_ITERATIONS = 400
      controlPermission = class java.util.logging.LoggingPermission@551ba1b7
      loggingMXBean = null
      LOGGING_MXBEAN_NAME = "java.util.logging:type=Logging"
      $assertionsDisabled = true
    name = "com.ibm.ws.webcontainer.filter"
    handlers = class java.util.concurrent.CopyOnWriteArrayList@104bbb1b
      serialVersionUID = 8673264195747942595
      lock = class java.util.concurrent.locks.ReentrantLock@2eebbaa5
      array = class java.lang.Object[0]
      UNSAFE = class sun.misc.Unsafe@f5b8025
      lockOffset = 12
    loggerBundle = class java.util.logging.Logger$LoggerBundle@12ec15d4
      resourceBundleName = "com.ibm.ws.webcontainer.resources.Messages"
      userBundle = null
    useParentHandlers = true
    filter = null
    anonymous = false
    catalog = class com.ibm.ws.webcontainer.resources.Messages@9fb69a4
      resources = class [Ljava.lang.Object;[338]
      lookup = class java.util.HashMap@4d794251
      INITIAL_CACHE_SIZE = 32
      NONEXISTENT_BUNDLE = class java.util.ResourceBundle$1@77053d1
      cacheList = class java.util.concurrent.ConcurrentHashMap@2ae79a34
      referenceQueue = class java.lang.ref.ReferenceQueue@24bcb511
      parent = null
      locale = class java.util.Locale@34ab322f
      name = "com.ibm.ws.webcontainer.resources.Messages"
      expired = false
      cacheKey = class java.util.ResourceBundle$CacheKey@2350001d
      keySet = null
      providers = null
      $assertionsDisabled = true
    catalogName = "com.ibm.ws.webcontainer.resources.Messages"
    catalogLocale = class java.util.Locale@44a598e3
      LOCALECACHE = class java.util.Locale$Cache@68525b0b
      ENGLISH = class java.util.Locale@3a180b28
      FRENCH = class java.util.Locale@56f0e1ad
      GERMAN = class java.util.Locale@604dded8
      ITALIAN = class java.util.Locale@1abd5bd9
      JAPANESE = class java.util.Locale@600652ed
      KOREAN = class java.util.Locale@312a3ac9
      CHINESE = class java.util.Locale@3f9f992a
      SIMPLIFIED_CHINESE = class java.util.Locale@4f0c6e93
      TRADITIONAL_CHINESE = class java.util.Locale@1d4fdca5
      FRANCE = class java.util.Locale@7dd351b7
      GERMANY = class java.util.Locale@3e46c1ee
      ITALY = class java.util.Locale@12925843
      JAPAN = class java.util.Locale@715b0440
      KOREA = class java.util.Locale@16e2bd35
      CHINA = class java.util.Locale@4f0c6e93
      PRC = class java.util.Locale@4f0c6e93
      TAIWAN = class java.util.Locale@1d4fdca5
      UK = class java.util.Locale@44a598e3
      US = class java.util.Locale@1e2357b6
      CANADA = class java.util.Locale@1ef34471
      CANADA_FRENCH = class java.util.Locale@37232aeb
      ROOT = class java.util.Locale@34ab322f
      PRIVATE_USE_EXTENSION = x
      UNICODE_LOCALE_EXTENSION = u
      serialVersionUID = 9149081749638150636
      DISPLAY_LANGUAGE = 0
      DISPLAY_COUNTRY = 1
      DISPLAY_VARIANT = 2
      DISPLAY_SCRIPT = 3
      baseLocale = class sun.util.locale.BaseLocale@34e55750
      localeExtensions = null
      hashCodeValue = 96622908
      defaultLocale = class java.util.Locale@44a598e3
      defaultDisplayLocale = null
      defaultFormatLocale = class java.util.Locale@44a598e3
      languageTag = "en-GB"
      serialPersistentFields = class java.io.ObjectStreamField[6]
      isoLanguages = null
      isoCountries = null
      $assertionsDisabled = true
    treeLock = class java.lang.Object@36157716
    parent = class com.ibm.ws.logging.internal.WsLogger@24831cb6
      ivCachedResourceBundleName = null
      ivCachedResourceBundle = null
      ivComponent = null
      ivOrganization = null
      ivProduct = null
      ivMinimumLocalizationLevelIntValue = 625
      ivTC = class com.ibm.websphere.ras.TraceComponent@1b4ba2cc
      loggerRegistrationComponent = class java.lang.ThreadLocal@6012a54a
      emptyHandlers = class java.util.logging.Handler[0]
      offValue = 2147483647
      SYSTEM_LOGGER_RB_NAME = "sun.util.logging.resources.logging"
      SYSTEM_BUNDLE = class java.util.logging.Logger$LoggerBundle@5dabe1df
      NO_RESOURCE_BUNDLE = class java.util.logging.Logger$LoggerBundle@2cdd3f95
      manager = class com.ibm.ws.kernel.boot.logging.WsLogManager@5910f7b1
      name = "com.ibm.ws.webcontainer"
      handlers = class java.util.concurrent.CopyOnWriteArrayList@7702b646
      loggerBundle = class java.util.logging.Logger$LoggerBundle@47a1d619
      useParentHandlers = true
      filter = null
      anonymous = false
      catalog = class com.ibm.ws.webcontainer.resources.Messages@9fb69a4
      catalogName = "com.ibm.ws.webcontainer.resources.Messages"
      catalogLocale = class java.util.Locale@44a598e3
      treeLock = class java.lang.Object@36157716
      parent = class java.util.logging.Logger@6e5e27b8
      kids = class java.util.ArrayList@8245c7d
      levelObject = class java.util.logging.Level@76e7e7cb
      levelValue = 800
      callersClassLoaderRef = class java.lang.ref.WeakReference@6af66bb9
      isSystemLogger = false
      GLOBAL_LOGGER_NAME = "global"
      global = class java.util.logging.Logger@3f07a819
      $assertionsDisabled = true
    kids = null
    levelObject = class java.util.logging.Level@76e7e7cb
      defaultBundle = "sun.util.logging.resources.logging"
      name = "INFO"
      value = 800
      resourceBundleName = "sun.util.logging.resources.logging"
      localizedLevelName = "INFO"
      cachedLocale = class java.util.Locale@44a598e3
      OFF = class java.util.logging.Level@2214fd4d
      SEVERE = class java.util.logging.Level@4e9d71e7
      WARNING = class java.util.logging.Level@3a9ed446
      INFO = class java.util.logging.Level@76e7e7cb
      CONFIG = class java.util.logging.Level@3a351323
      FINE = class java.util.logging.Level@3fce6fbd
      FINER = class java.util.logging.Level@1a7923ea
      FINEST = class java.util.logging.Level@5609f807
      ALL = class java.util.logging.Level@44b755ee
      serialVersionUID = -8176160795706313070
    levelValue = 800
    callersClassLoaderRef = class java.lang.ref.WeakReference@35d7268
      referent = class org.eclipse.osgi.internal.loader.EquinoxClassLoader@1d098f93
      queue = class java.lang.ref.ReferenceQueue$Null@232e69e0
      next = null
      discovered = null
      lock = class java.lang.ref.Reference$Lock@3c52f9da
      pending = null
    isSystemLogger = false
    GLOBAL_LOGGER_NAME = "global"
    global = class java.util.logging.Logger@3f07a819
      emptyHandlers = class java.util.logging.Handler[0]
      offValue = 2147483647
      SYSTEM_LOGGER_RB_NAME = "sun.util.logging.resources.logging"
      SYSTEM_BUNDLE = class java.util.logging.Logger$LoggerBundle@5dabe1df
      NO_RESOURCE_BUNDLE = class java.util.logging.Logger$LoggerBundle@2cdd3f95
      manager = class com.ibm.ws.kernel.boot.logging.WsLogManager@5910f7b1
      name = "global"
      handlers = class java.util.concurrent.CopyOnWriteArrayList@44eae2a8
      loggerBundle = class java.util.logging.Logger$LoggerBundle@2cdd3f95
      useParentHandlers = true
      filter = null
      anonymous = false
      catalog = null
      catalogName = null
      catalogLocale = null
      treeLock = class java.lang.Object@36157716
      parent = class java.util.logging.LogManager$RootLogger@76ca5c5f
      kids = null
      levelObject = null
      levelValue = 800
      callersClassLoaderRef = null
      isSystemLogger = true
      GLOBAL_LOGGER_NAME = "global"
      global = class java.util.logging.Logger@3f07a819
      $assertionsDisabled = true
    $assertionsDisabled = true
  CLASS_NAME = "com.ibm.ws.webcontainer.filter.FilterInstanceWrapper"
  _filterEvent = null
  _filterConfig = class com.ibm.ws.webcontainer.filter.FilterConfig@4960a60f
    tc = class com.ibm.websphere.ras.TraceComponent@5b0eed12
      strings[0] = "TraceComponent[com.ibm.ws.webcontainer.filter.FilterConfig,class com.ibm.ws.webcontainer.filter.FilterConfig,[webcontainer],com.ibm.ws.webcontainer.resources.LShimMessages,null]"
    dispatchMode = null
    filterClassLoader = null
    isInternal = false
    webAppConfig = class com.ibm.ws.webcontainer.osgi.webapp.WebAppConfiguration@2e4752a8
      webModuleMetaData = class com.ibm.ws.webcontainer.osgi.metadata.WebModuleMetaDataImpl@5721d8bf
      webComponentMetaData = class com.ibm.ws.webcontainer.osgi.metadata.WebComponentMetaDataImpl@44cd8927
      dVirtualHost = class com.ibm.ws.webcontainer.osgi.DynamicVirtualHost@7cbf4593
      orderedLibPaths = class java.util.Collections$UnmodifiableRandomAccessList@482f0833
      bundleHeaders = null
      cdiEnabled = true
      CLASS_NAME = "com.ibm.ws.webcontainer.webapp.WebAppConfiguration"
      logger = class com.ibm.ws.logging.internal.WsLogger@7230bc46
      tc = class com.ibm.websphere.ras.TraceComponent@72bb8b12
      nls = class com.ibm.ejs.ras.TraceNLS@4536256b
      version = 30
      contextRoot = "/documents"
      isDefaultContextRootUsed = true
      sessionTimeout = 0
      moduleSessionTimeoutSet = false
      moduleSessionTrackingModeSet = false
      sessionCookieConfig = class com.ibm.ws.session.SessionCookieConfigImpl@7ab61a02
      hasProgrammaticCookieConfig = false
      sessionDefaultTrackingModeSet = class java.util.RegularEnumSet@41621913
      sessionManagerConfig = class com.ibm.ws.session.SessionManagerConfig@570c9a4b
      displayName = "documents"
      description = null
      reloadInterval = 0
      distributable = false
      denyUncoveredHttpMethods = false
      reloadingEnabled = false
      serveServletsByClassnameEnabled = false
      defaultErrorPage = null
      additionalClassPath = null
      fileServingEnabled = null
      directoryBrowsingEnabled = false
      autoRequestEncoding = false
      autoResponseEncoding = false
      autoLoadFilters = false
      requestListeners = null
      requestAttributeListeners = null
      sessionListeners = null
      localeMap = null
      moduleName = "documents"
      j2eeModuleName = "documents.war"
      moduleId = null
      isSyncToThreadEnabled = false
      encodeDispatchedRequestURI = false
      isSystemApp = false
      ardEnabled = false
      ardDispatchType = null
      listeners = class java.util.ArrayList@69ce24a9
      welcomeFileList = class java.util.ArrayList@1d274986
      servletMappings = class java.util.HashMap@578b362a
      lastIndexBeforeDeclaredFilters = 1
      filterMappings = class java.util.ArrayList@6701749
      servletInfo = class java.util.concurrent.ConcurrentHashMap@1e839042
      filterInfo = class java.util.HashMap@394f816d
      mimeMappings = class java.util.HashMap@377bca08
      mimeFilters = null
      isMimeFilteringEnabled = false
      theWebGroup = null
      jspAttributes = class java.util.HashMap@313749f1
      fileServingAttributes = class java.util.HashMap@3334ce15
      invokerAttributes = class java.util.HashMap@76b565f7
      contextParams = class java.util.HashMap@1ff7daa3
      virtualHost = "default_host"
      exceptionErrorPages = class java.util.HashMap@1404706d
      codeErrorPages = class java.util.HashMap@1d5509e
      tagLibList = null
      precompileJsps = false
      webApp = class com.ibm.ws.webcontainer40.osgi.webapp.WebApp40@493b62ed
      virtualHostList = class java.util.Collections$EmptyList@5c12078e
      appStartupWeight = 0
      moduleStartupWeight = 0
      metaDataComplete = false
      classesToScan = class java.util.ArrayList@7d11fc6d
      uriFilterMappingInfos = class java.util.ArrayList@4aa17cba
      servletFilterMappingInfos = null
      dynamicServletRegistrationMap = null
      applicationName = "documents"
      libBinPathList = class java.util.ArrayList@61db94d0
      webXmlDefinedListeners = class java.util.HashSet@2db9d112
      allRefs = class java.util.EnumMap@5f39a25c
      allRefBindings = class java.util.EnumMap@1ebc51ad
      envEntryValues = class java.util.HashMap@23fc3bbe
      resourceRefConfigList = null
      disallowAllFileServingProp = "false"
      disallowServeServletsByClassnameProp = "true"
      disableStaticMappingCache = false
      jspCachedLocations = null
      primedSTSHeader = "NoValue"
      enablemultireadofpostdata = false
      requestEncoding = null
      responseEncoding = null
      NULLSERVLETNAME = "com.ibm.ws.webcontainer.NullServletName"
      _id = "WebAppGeneratedId8"
      _attributes = null
      serialVersionUID = 7511545662945734886
      $$$tc$$$ = class com.ibm.websphere.ras.TraceComponent@70c20ea3
    filter = null
    filterClass = class java.lang.Class@82bb59b
      ANNOTATION = 8192
      ENUM = 16384
      SYNTHETIC = 4096
      cachedConstructor = null
      newInstanceCallerCache = null
      name = "com.ibm.ws.security.jaspi.JaspiServletFilter"
      allPermDomain = class java.security.ProtectionDomain@6c4a1225
      useCaches = true
      reflectionData = class java.lang.ref.SoftReference@68190ae6
      classRedefinedCount = 0
      genericInfo = class sun.reflect.generics.repository.ClassRepository@2accc9d
      serialVersionUID = 3206093459760846163
      serialPersistentFields = class java.io.ObjectStreamField[0]
      reflectionFactory = class sun.reflect.ReflectionFactory@751c2a2b
      initted = true
      enumConstants = null
      enumConstantDirectory = null
      annotationData = class java.lang.Class$AnnotationData@65811787
      annotationType = null
      classValueMap = null
    urlPatternMappings = class java.util.ArrayList@68a49363
      serialVersionUID = 8683452581122892189
      DEFAULT_CAPACITY = 10
      EMPTY_ELEMENTDATA = class java.lang.Object[0]
      DEFAULTCAPACITY_EMPTY_ELEMENTDATA = class java.lang.Object[0]
      elementData = class java.lang.Object[10]
      size = 1
      MAX_ARRAY_SIZE = 2147483639
      modCount = 1
      MAX_ARRAY_SIZE = 2147483639
    servletNameMappings = null
    nls = class com.ibm.ejs.ras.TraceNLS@7ad59aec
      resolver = class com.ibm.ws.logging.internal.TraceNLSResolver@1f7c8624
      finder = class com.ibm.ws.logging.internal.StackFinder@34cb2038
      ivBundleName = "com.ibm.ws.webcontainer.resources.Messages"
      caller = class java.lang.Class@36d271fd
    logger = class com.ibm.ws.logging.internal.WsLogger@488d55e7
      ivCachedResourceBundleName = "com.ibm.ws.webcontainer.resources.Messages"
      ivCachedResourceBundle = class com.ibm.ws.webcontainer.resources.Messages@9fb69a4
      ivComponent = null
      ivOrganization = null
      ivProduct = null
      ivMinimumLocalizationLevelIntValue = 625
      ivTC = class com.ibm.websphere.ras.TraceComponent@29bd57dc
      loggerRegistrationComponent = class java.lang.ThreadLocal@6012a54a
      emptyHandlers = class java.util.logging.Handler[0]
      offValue = 2147483647
      SYSTEM_LOGGER_RB_NAME = "sun.util.logging.resources.logging"
      SYSTEM_BUNDLE = class java.util.logging.Logger$LoggerBundle@5dabe1df
      NO_RESOURCE_BUNDLE = class java.util.logging.Logger$LoggerBundle@2cdd3f95
      manager = class com.ibm.ws.kernel.boot.logging.WsLogManager@5910f7b1
      name = "com.ibm.ws.webcontainer.servlet"
      handlers = class java.util.concurrent.CopyOnWriteArrayList@71ce068b
      loggerBundle = class java.util.logging.Logger$LoggerBundle@523db047
      useParentHandlers = true
      filter = null
      anonymous = false
      catalog = class com.ibm.ws.webcontainer.resources.Messages@9fb69a4
      catalogName = "com.ibm.ws.webcontainer.resources.Messages"
      catalogLocale = class java.util.Locale@44a598e3
      treeLock = class java.lang.Object@36157716
      parent = class com.ibm.ws.logging.internal.WsLogger@24831cb6
      kids = null
      levelObject = class java.util.logging.Level@76e7e7cb
      levelValue = 800
      callersClassLoaderRef = class java.lang.ref.WeakReference@2df2c3a4
      isSystemLogger = false
      GLOBAL_LOGGER_NAME = "global"
      global = class java.util.logging.Logger@3f07a819
      $assertionsDisabled = true
    CLASS_NAME = "com.ibm.ws.webcontainer.servlet.TargetConfig"
    initParams = null
    fileName = null
    displayName = "com.ibm.ws.security.jaspi.servlet.filter"
    name = "com.ibm.ws.security.jaspi.servlet.filter"
    description = null
    smallIcon = null
    largeIcon = null
    context = class com.ibm.ws.webcontainer40.facade.ServletContextFacade40@6bd5a8c6
      context = class com.ibm.ws.webcontainer40.osgi.webapp.WebApp40@493b62ed
    className = null
    asyncSupported = true
    _id = "com.ibm.ws.security.jaspi.servlet.filter"
    _attributes = null
    serialVersionUID = 7511545662945734886
    $$$tc$$$ = class com.ibm.websphere.ras.TraceComponent@70c20ea3
      strings[0] = "TraceComponent[com.ibm.ws.container.BaseConfiguration,class com.ibm.ws.container.BaseConfiguration,[],null,null]"
  _eventSource = class com.ibm.ws.webcontainer.webapp.WebAppEventSource@16e89c9
    _invocationListeners = class com.ibm.ws.webcontainer.util.EventListeners@6e1a0d08
      EMPTY_LISTENERS = interface java.util.EventListener[0]
      logger = class com.ibm.ws.logging.internal.WsLogger@4a533f8
      CLASS_NAME = "com.ibm.ws.webcontainer.util.EventListeners"
      listeners = interface java.util.EventListener[0]
    _servletListeners = class com.ibm.ws.webcontainer.util.EventListeners@52a05f35
      EMPTY_LISTENERS = interface java.util.EventListener[0]
      logger = class com.ibm.ws.logging.internal.WsLogger@4a533f8
      CLASS_NAME = "com.ibm.ws.webcontainer.util.EventListeners"
      listeners = interface java.util.EventListener[0]
    _errorListeners = class com.ibm.ws.webcontainer.util.EventListeners@397180ae
      EMPTY_LISTENERS = interface java.util.EventListener[0]
      logger = class com.ibm.ws.logging.internal.WsLogger@4a533f8
      CLASS_NAME = "com.ibm.ws.webcontainer.util.EventListeners"
      listeners = interface java.util.EventListener[0]
    _applicationListeners = class com.ibm.ws.webcontainer.util.EventListeners@2acf7448
      EMPTY_LISTENERS = interface java.util.EventListener[0]
      logger = class com.ibm.ws.logging.internal.WsLogger@4a533f8
      CLASS_NAME = "com.ibm.ws.webcontainer.util.EventListeners"
      listeners = interface java.util.EventListener[0]
    _filterInvocationListeners = class com.ibm.ws.webcontainer.util.EventListeners@14834e54
      EMPTY_LISTENERS = interface java.util.EventListener[0]
      logger = class com.ibm.ws.logging.internal.WsLogger@4a533f8
      CLASS_NAME = "com.ibm.ws.webcontainer.util.EventListeners"
      listeners = interface java.util.EventListener[0]
    _filterListeners = class com.ibm.ws.webcontainer.util.EventListeners@448ae206
      EMPTY_LISTENERS = interface java.util.EventListener[0]
      logger = class com.ibm.ws.logging.internal.WsLogger@4a533f8
      CLASS_NAME = "com.ibm.ws.webcontainer.util.EventListeners"
      listeners = interface java.util.EventListener[0]
    _filterErrorListeners = class com.ibm.ws.webcontainer.util.EventListeners@71cb6ec9
      EMPTY_LISTENERS = interface java.util.EventListener[0]
      logger = class com.ibm.ws.logging.internal.WsLogger@4a533f8
      CLASS_NAME = "com.ibm.ws.webcontainer.util.EventListeners"
      listeners = interface java.util.EventListener[0]
  _managedObject = class com.ibm.ws.cdi.impl.managedobject.CDIManagedObject@586e024
    tc = class com.ibm.websphere.ras.TraceComponent@6a1ab591
      strings[0] = "TraceComponent[com.ibm.ws.cdi.impl.managedobject.CDIManagedObject,class com.ibm.ws.cdi.impl.managedobject.CDIManagedObject,[JCDI],com.ibm.ws.cdi.internal.resources.CDI,null]"
    managedObject = class com.ibm.ws.security.jaspi.JaspiServletFilter@6df0628a
    creationalContext = class org.jboss.weld.contexts.CreationalContextImpl@5658976c
      serialVersionUID = 7375854583908262422
      SERIALIZATION_PROXY = class org.jboss.weld.contexts.CreationalContextImpl$SerializationProxy@4ea32e5b
      incompleteInstances = null
      contextual = null
      dependentInstances = class java.util.Collections$SynchronizedRandomAccessList@23f33527
      parentDependentInstances = class java.util.Collections$SynchronizedRandomAccessList@4e11a82a
      parentCreationalContext = null
      resourceReferences = null
      constructorInterceptionSuppressed = false
      aroundConstructCallbacks = null
      aroundConstructInterceptionContext = null
    injectionTarget = class org.jboss.weld.injection.producer.BeanInjectionTarget@732e6592
      bean = null
      beanManager = class org.jboss.weld.manager.BeanManagerImpl@4a626111
      type = class org.jboss.weld.annotated.slim.backed.BackedAnnotatedType@1de45ff0
      injectionPoints = class java.util.Collections$EmptySet@27041b66
      instantiator = class org.jboss.weld.injection.producer.DefaultInstantiator@6417b754
      injector = class org.jboss.weld.injection.producer.ResourceInjector@3da4382e
      invoker = class org.jboss.weld.injection.producer.DefaultLifecycleCallbackInvoker@200ebb5
    lifecycleManaged = true
    beanScope = null
    identity = "com.ibm.ws.security.jaspi.JaspiServletFilter@6df0628a"
    websphereInjectionServices = class com.ibm.ws.cdi.impl.weld.injection.WebSphereInjectionServicesImpl@4f4afb9f
      tc = class com.ibm.websphere.ras.TraceComponent@ab37dbb
      ANNOTATIONS_KNOWN_TO_WELD = class java.util.HashSet@6259f817
      referenceContextMap = class java.util.concurrent.ConcurrentHashMap@2eaa40b4
      referenceContexts = class java.util.Collections$SetFromMap@787ead77
      injectionTargetListeners = class java.util.concurrent.ConcurrentHashMap@397e8943
      deployment = class com.ibm.ws.cdi.impl.weld.WebSphereCDIDeploymentImpl@144a473b
      serialVersionUID = 2515575801175940133
    currentInjectionTargets = null
    currentInjectionContext = null
    serialVersionUID = 642874158156701263

