********************************************************************************
product = Open Liberty 21.0.0.12 (wlp-1.0.59.cl211220211117-1256)
wlp.install.dir = E:/facultate/master/java/java/tehnologii_java/documents/documents/target/liberty/wlp/
java.home = C:\Program Files\Java\jdk1.8.0_301\jre
java.version = 1.8.0_301
java.runtime = Java(TM) SE Runtime Environment (1.8.0_301-b09)
os = Windows 10 (10.0; amd64) (en_GB)
process = 11960@DESKTOP-LM50P3I
********************************************************************************
[28/12/21 21:54:21:589 EET] 00000001 com.ibm.ws.kernel.launch.internal.FrameworkManager           A CWWKE0001I: The server documents has been launched.
[28/12/21 21:54:23:466 EET] 00000001 com.ibm.ws.kernel.launch.internal.FrameworkManager           I CWWKE0002I: The kernel started after 2.143 seconds
[28/12/21 21:54:23:514 EET] 00000022 com.ibm.ws.kernel.feature.internal.FeatureManager            I CWWKF0007I: Feature update started.
[28/12/21 21:54:24:066 EET] 00000017 g.apache.cxf.cxf.core.3.2:1.0.59.cl211220211117-1256(id=97)] I Aries Blueprint packages not available. So namespaces will not be registered
[28/12/21 21:54:24:068 EET] 00000017 g.apache.cxf.cxf.core.3.2:1.0.59.cl211220211117-1256(id=97)] I Aries Blueprint packages not available. So namespaces will not be registered
[28/12/21 21:54:24:113 EET] 00000016 com.ibm.ws.security.ready.internal.SecurityReadyServiceImpl  I CWWKS0007I: The security service is starting...
[28/12/21 21:54:24:280 EET] 00000018 com.ibm.ws.app.manager.internal.monitor.DropinMonitor        A CWWKZ0058I: Monitoring dropins for applications.
[28/12/21 21:54:24:807 EET] 00000018 rty.security.mp.jwt.v12.config.impl.MpConfigProxyServiceImpl I CWWKS5780I: The MicroProfile JWT version 1.2 mpConfigProxy processed successfully.
[28/12/21 21:54:24:812 EET] 00000017 .ws.security.mp.jwt.v11.config.impl.MpConfigProxyServiceImpl I CWWKS5775I: The MicroProfile JWT version 1.1 mpConfigProxy processed successfully.
[28/12/21 21:54:24:815 EET] 00000019 com.ibm.ws.cache.ServerCache                                 I DYNA1001I: WebSphere Dynamic Cache instance named baseCache initialized successfully.
[28/12/21 21:54:24:817 EET] 00000019 com.ibm.ws.cache.ServerCache                                 I DYNA1071I: The cache provider default is being used.
[28/12/21 21:54:24:818 EET] 00000019 com.ibm.ws.cache.CacheServiceImpl                            I DYNA1056I: Dynamic Cache (object cache) initialized successfully.
[28/12/21 21:54:25:290 EET] 0000001e com.ibm.ws.ssl.config.WSKeyStore                             I Successfully loaded default keystore: E:/facultate/master/java/java/tehnologii_java/documents/documents/target/liberty/wlp/usr/servers/documents/resources/security/public.jks of type: JKS
[28/12/21 21:54:25:317 EET] 00000016 ibm.ws.security.authentication.internal.jaas.JAASServiceImpl I CWWKS1123I: The collective authentication plugin with class name NullCollectiveAuthenticationPlugin has been activated. 
[28/12/21 21:54:25:524 EET] 00000016 com.ibm.ws.security.jwt.internal.ConsumerImpl                I CWWKS6012I: The JSON Web Token (JWT) consumer service is available.
[28/12/21 21:54:25:539 EET] 00000016 com.ibm.ws.security.jwt.web.JwtEndpointServices              I CWWKS6002I: The JSON Web Token (JWT) endpoint service is available.
[28/12/21 21:54:25:574 EET] 00000016 com.ibm.ws.security.jaspi.AuthConfigFactoryWrapper           I CWWKS1655I: The default Java Authentication SPI for Containers (JASPIC) AuthConfigFactory class com.ibm.ws.security.jaspi.ProviderRegistry is being used because the Java security property authconfigprovider.factory is not set. 
[28/12/21 21:54:26:249 EET] 00000016 com.ibm.ws.session.WASSessionCore                            I SESN8501I: The session manager did not find a persistent storage location; HttpSession objects will be stored in the local application server's memory.
[28/12/21 21:54:26:361 EET] 00000016 .microprofile.metrics.internal.monitor.MonitorMetricsHandler I CWPMI2003I: Monitoring metrics can be retrieved through mpMetrics.
[28/12/21 21:54:26:389 EET] 00000031 com.ibm.ws.security.token.ltpa.internal.LTPAKeyCreateTask    I CWWKS4105I: LTPA configuration is ready after 1.115 seconds.
[28/12/21 21:54:26:466 EET] 0000001e com.ibm.ws.security.mp.jwt.impl.MicroProfileJwtServiceImpl   I CWWKS5500I: The MicroProfile JWT configuration [MicroProfileJwtService] was successfully processed.
[28/12/21 21:54:26:467 EET] 0000001e com.ibm.ws.security.mp.jwt.impl.MicroProfileJwtConfigImpl    I CWWKS5500I: The MicroProfile JWT configuration [defaultMpJwt] was successfully processed.
[28/12/21 21:54:26:468 EET] 0000001e com.ibm.ws.security.mp.jwt.impl.MicroProfileJwtConfigImpl    I CWWKS5500I: The MicroProfile JWT configuration [jwtUserConsumer] was successfully processed.
[28/12/21 21:54:26:969 EET] 00000031 com.ibm.ws.app.manager.AppMessageHelper                      I CWWKZ0018I: Starting application documents.
[28/12/21 21:54:26:970 EET] 00000031 bm.ws.app.manager.war.internal.WARDeployedAppInfoFactoryImpl I CWWKZ0134I: The documents application is using the loose application definition at the E:\facultate\master\java\java\tehnologii_java\documents\documents\target\liberty\wlp\usr\servers\documents\apps\documents.war.xml location.
[28/12/21 21:54:27:612 EET] 00000025 com.ibm.ws.webcontainer.osgi.webapp.WebGroup                 I SRVE0169I: Loading Web Module: health.
[28/12/21 21:54:27:612 EET] 00000023 com.ibm.ws.webcontainer.osgi.webapp.WebGroup                 I SRVE0169I: Loading Web Module: PublicMicroProfileMetrics.
[28/12/21 21:54:27:611 EET] 00000038 com.ibm.ws.webcontainer.osgi.webapp.WebGroup                 I SRVE0169I: Loading Web Module: OpenAPIUI.
[28/12/21 21:54:27:610 EET] 00000024 com.ibm.ws.webcontainer.osgi.webapp.WebGroup                 I SRVE0169I: Loading Web Module: ibm/api.
[28/12/21 21:54:27:642 EET] 00000025 com.ibm.ws.http.internal.VirtualHostImpl                     A CWWKT0016I: Web application available (default_host): http://localhost:9080/health/
[28/12/21 21:54:27:663 EET] 00000024 com.ibm.ws.http.internal.VirtualHostImpl                     A CWWKT0016I: Web application available (default_host): http://localhost:9080/ibm/api/
[28/12/21 21:54:27:666 EET] 00000038 com.ibm.ws.http.internal.VirtualHostImpl                     A CWWKT0016I: Web application available (default_host): http://localhost:9080/openapi/ui/
[28/12/21 21:54:27:666 EET] 00000037 com.ibm.ws.webcontainer.osgi.webapp.WebGroup                 I SRVE0169I: Loading Web Module: MicroProfileOpenAPI.
[28/12/21 21:54:27:668 EET] 00000037 com.ibm.ws.http.internal.VirtualHostImpl                     A CWWKT0016I: Web application available (default_host): http://localhost:9080/openapi/
[28/12/21 21:54:27:672 EET] 00000023 com.ibm.ws.http.internal.VirtualHostImpl                     A CWWKT0016I: Web application available (default_host): http://localhost:9080/metrics/
[28/12/21 21:54:27:672 EET] 00000034 com.ibm.ws.webcontainer.osgi.webapp.WebGroup                 I SRVE0169I: Loading Web Module: com.ibm.ws.security.jwt.
[28/12/21 21:54:27:673 EET] 00000034 com.ibm.ws.http.internal.VirtualHostImpl                     A CWWKT0016I: Web application available (default_host): http://localhost:9080/jwt/
[28/12/21 21:54:27:817 EET] 00000024 com.ibm.ws.session.WASSessionCore                            I SESN0176I: A new session context will be created for application key default_host/ibm/api
[28/12/21 21:54:27:817 EET] 00000030 com.ibm.ws.session.WASSessionCore                            I SESN0176I: A new session context will be created for application key default_host/jwt
[28/12/21 21:54:27:817 EET] 00000037 com.ibm.ws.session.WASSessionCore                            I SESN0176I: A new session context will be created for application key default_host/metrics
[28/12/21 21:54:27:817 EET] 0000002d com.ibm.ws.session.WASSessionCore                            I SESN0176I: A new session context will be created for application key default_host/openapi/ui
[28/12/21 21:54:27:817 EET] 00000033 com.ibm.ws.session.WASSessionCore                            I SESN0176I: A new session context will be created for application key default_host/openapi
[28/12/21 21:54:27:817 EET] 00000025 com.ibm.ws.session.WASSessionCore                            I SESN0176I: A new session context will be created for application key default_host/health
[28/12/21 21:54:27:875 EET] 00000024 com.ibm.ws.util                                              I SESN0172I: The session manager is using the Java default SecureRandom implementation for session ID generation.
[28/12/21 21:54:27:883 EET] 00000025 com.ibm.ws.util                                              I SESN0172I: The session manager is using the Java default SecureRandom implementation for session ID generation.
[28/12/21 21:54:27:884 EET] 00000033 com.ibm.ws.util                                              I SESN0172I: The session manager is using the Java default SecureRandom implementation for session ID generation.
[28/12/21 21:54:27:884 EET] 0000002d com.ibm.ws.util                                              I SESN0172I: The session manager is using the Java default SecureRandom implementation for session ID generation.
[28/12/21 21:54:27:884 EET] 00000037 com.ibm.ws.util                                              I SESN0172I: The session manager is using the Java default SecureRandom implementation for session ID generation.
[28/12/21 21:54:27:885 EET] 00000030 com.ibm.ws.util                                              I SESN0172I: The session manager is using the Java default SecureRandom implementation for session ID generation.
[28/12/21 21:54:27:905 EET] 0000002d com.ibm.ws.cache.CacheServiceImpl                            I DYNA1056I: Dynamic Cache (object cache) initialized successfully.
[28/12/21 21:54:28:084 EET] 00000033 com.ibm.ws.webcontainer.servlet                              I SRVE0242I: [io.openliberty.microprofile.openapi.2.0.internal] [/openapi] [ApplicationServlet]: Initialization successful.
[28/12/21 21:54:28:106 EET] 00000037 com.ibm.ws.webcontainer.servlet                              I SRVE0242I: [io.openliberty.microprofile.metrics.internal.public] [/metrics] [PublicMetricsRESTProxyServlet]: Initialization successful.
[28/12/21 21:54:28:115 EET] 00000025 com.ibm.ws.webcontainer.servlet                              I SRVE0242I: [io.openliberty.microprofile.health.3.0.internal] [/health] [HealthCheckReadinessServlet]: Initialization successful.
[28/12/21 21:54:28:116 EET] 00000025 com.ibm.ws.webcontainer.servlet                              I SRVE0242I: [io.openliberty.microprofile.health.3.0.internal] [/health] [HealthCheckServlet]: Initialization successful.
[28/12/21 21:54:28:117 EET] 00000025 com.ibm.ws.webcontainer.servlet                              I SRVE0242I: [io.openliberty.microprofile.health.3.0.internal] [/health] [HealthCheckLivenessServlet]: Initialization successful.
[28/12/21 21:54:28:401 EET] 0000002f com.ibm.ws.webcontainer.osgi.mbeans.PluginGenerator          I SRVE9103I: A configuration file for a web server plugin was automatically generated for this server at E:\facultate\master\java\java\tehnologii_java\documents\documents\target\liberty\wlp\usr\servers\documents\logs\state\plugin-cfg.xml.
[28/12/21 21:54:28:427 EET] 00000031 com.ibm.ws.jca.cm.ConnectorService                           I J2CA8050I: An authentication alias should be used instead of defining a user name and password on dataSource[lab7].
[28/12/21 21:54:28:737 EET] 00000031 com.ibm.ws.recoverylog.spi.RecoveryDirectorImpl              I CWRLS0010I: Performing recovery processing for local WebSphere server (documents).
[28/12/21 21:54:29:083 EET] 00000031 com.ibm.ws.recoverylog.spi.RecoveryDirectorImpl              I CWRLS0012I: All persistent services have been directed to perform recovery processing for this WebSphere server (documents).
[28/12/21 21:54:29:083 EET] 0000003f com.ibm.tx.jta.impl.RecoveryManager                          I WTRN0135I: Transaction service recovering no transactions.
[28/12/21 21:54:33:078 EET] 00000031 io.openliberty.microprofile.openapi20.ApplicationProcessor   I CWWKO1660I: The application documents was processed and an OpenAPI document was produced.
[28/12/21 21:54:33:268 EET] 00000031 org.jboss.weld.Version                                       I WELD-000900: 3.1.8 (Final)
[28/12/21 21:54:37:329 EET] 00000031 com.ibm.ws.webcontainer.osgi.webapp.WebGroup                 I SRVE0169I: Loading Web Module: documents.
[28/12/21 21:54:37:330 EET] 00000031 com.ibm.ws.http.internal.VirtualHostImpl                     A CWWKT0016I: Web application available (default_host): http://localhost:9080/
[28/12/21 21:54:37:334 EET] 00000028 com.ibm.ws.session.WASSessionCore                            I SESN0176I: A new session context will be created for application key default_host/
[28/12/21 21:54:37:335 EET] 00000028 com.ibm.ws.util                                              I SESN0172I: The session manager is using the Java default SecureRandom implementation for session ID generation.
[28/12/21 21:54:37:441 EET] 00000034 com.ibm.ws.webcontainer.osgi.mbeans.PluginGenerator          I SRVE9103I: A configuration file for a web server plugin was automatically generated for this server at E:\facultate\master\java\java\tehnologii_java\documents\documents\target\liberty\wlp\usr\servers\documents\logs\state\plugin-cfg.xml.
[28/12/21 21:54:37:482 EET] 00000028 com.ibm.ws.app.manager.AppMessageHelper                      A CWWKZ0001I: Application documents started in 10.513 seconds.
[28/12/21 21:54:37:575 EET] 00000022 com.ibm.ws.tcpchannel.internal.TCPPort                       I CWWKO0219I: TCP Channel defaultHttpEndpoint has been started and is now listening for requests on host kubernetes.docker.internal  (IPv4: 127.0.0.1) port 9080.
[28/12/21 21:54:37:615 EET] 00000022 com.ibm.ws.tcpchannel.internal.TCPPort                       E CWWKO0221E: TCP Channel defaultHttpEndpoint-ssl initialization did not succeed.  The socket bind did not succeed for host localhost and port 9443.  The port might already be in use.  Exception Message: Address already in use: bind
[28/12/21 21:54:37:617 EET] 00000022 com.ibm.ws.tcpchannel.internal.TCPChannel                    I CWWKO0220I: TCP Channel defaultHttpEndpoint-ssl has stopped listening for requests on host localhost port 9443.
[28/12/21 21:54:38:012 EET] 00000022 com.ibm.ws.kernel.feature.internal.FeatureManager            A CWWKF0012I: The server installed the following features: [appSecurity-3.0, cdi-2.0, distributedMap-1.0, el-3.0, jaxrs-2.1, jaxrsClient-2.1, jdbc-4.2, jndi-1.0, jpa-2.2, jpaContainer-2.2, json-1.0, jsonb-1.0, jsonp-1.1, jwt-1.0, microProfile-4.0, monitor-1.0, mpConfig-2.0, mpFaultTolerance-3.0, mpHealth-3.0, mpJwt-1.2, mpMetrics-3.0, mpOpenAPI-2.0, mpOpenTracing-2.0, mpRestClient-2.0, opentracing-2.0, servlet-4.0, ssl-1.0].
[28/12/21 21:54:38:012 EET] 00000022 com.ibm.ws.kernel.feature.internal.FeatureManager            I CWWKF0008I: Feature update completed in 14.547 seconds.
[28/12/21 21:54:38:013 EET] 00000022 com.ibm.ws.kernel.feature.internal.FeatureManager            A CWWKF0011I: The documents server is ready to run a smarter planet. The documents server started in 16.691 seconds.
[28/12/21 21:54:41:171 EET] 00000024 com.ibm.ws.http.internal.VirtualHostImpl                     A CWWKT0017I: Web application removed (default_host): http://localhost:9080/
[28/12/21 21:54:41:295 EET] 00000024 com.ibm.ws.app.manager.AppMessageHelper                      A CWWKZ0009I: The application documents has stopped successfully.
[28/12/21 21:54:41:300 EET] 00000024 com.ibm.ws.app.manager.AppMessageHelper                      I CWWKZ0018I: Starting application documents.
[28/12/21 21:54:41:300 EET] 00000024 bm.ws.app.manager.war.internal.WARDeployedAppInfoFactoryImpl I CWWKZ0134I: The documents application is using the loose application definition at the E:\facultate\master\java\java\tehnologii_java\documents\documents\target\liberty\wlp\usr\servers\documents\apps\documents.war.xml location.
[28/12/21 21:54:41:332 EET] 0000002e com.ibm.ws.webcontainer.osgi.mbeans.PluginGenerator          I SRVE9103I: A configuration file for a web server plugin was automatically generated for this server at E:\facultate\master\java\java\tehnologii_java\documents\documents\target\liberty\wlp\usr\servers\documents\logs\state\plugin-cfg.xml.
[28/12/21 21:54:42:876 EET] 00000024 io.openliberty.microprofile.openapi20.ApplicationProcessor   I CWWKO1660I: The application documents was processed and an OpenAPI document was produced.
[28/12/21 21:54:43:309 EET] 00000024 com.ibm.ws.webcontainer.osgi.webapp.WebGroup                 I SRVE0169I: Loading Web Module: documents.
[28/12/21 21:54:43:309 EET] 00000024 com.ibm.ws.http.internal.VirtualHostImpl                     A CWWKT0016I: Web application available (default_host): http://localhost:9080/
[28/12/21 21:54:43:311 EET] 00000028 com.ibm.ws.session.WASSessionCore                            I SESN0176I: A new session context will be created for application key default_host/
[28/12/21 21:54:43:311 EET] 00000028 com.ibm.ws.util                                              I SESN0172I: The session manager is using the Java default SecureRandom implementation for session ID generation.
[28/12/21 21:54:43:331 EET] 00000028 com.ibm.ws.app.manager.AppMessageHelper                      A CWWKZ0003I: The application documents updated in 2.031 seconds.
[28/12/21 21:54:43:354 EET] 00000034 com.ibm.ws.webcontainer.osgi.mbeans.PluginGenerator          I SRVE9103I: A configuration file for a web server plugin was automatically generated for this server at E:\facultate\master\java\java\tehnologii_java\documents\documents\target\liberty\wlp\usr\servers\documents\logs\state\plugin-cfg.xml.
[28/12/21 21:54:54:505 EET] 00000013 com.ibm.ws.kernel.launch.internal.ServerCommandListener      A CWWKE0055I: Server shutdown requested on Tuesday, 28 December 2021 at 21:54. The server documents is shutting down.
[28/12/21 21:54:54:508 EET] 00000052 com.ibm.ws.runtime.update.internal.RuntimeUpdateManagerImpl  A CWWKE1100I: Waiting for up to 30 seconds for the server to quiesce.
[28/12/21 21:54:54:570 EET] 0000002f com.ibm.ws.tcpchannel.internal.TCPChannel                    I CWWKO0220I: TCP Channel defaultHttpEndpoint has stopped listening for requests on host kubernetes.docker.internal  (IPv4: 127.0.0.1) port 9080.
[28/12/21 21:54:54:571 EET] 0000002f com.ibm.ws.http.internal.VirtualHostImpl                     A CWWKT0017I: Web application removed (default_host): http://localhost:9080/jwt/
[28/12/21 21:54:54:572 EET] 0000002f com.ibm.ws.http.internal.VirtualHostImpl                     A CWWKT0017I: Web application removed (default_host): http://localhost:9080/openapi/ui/
[28/12/21 21:54:54:572 EET] 0000002f com.ibm.ws.http.internal.VirtualHostImpl                     A CWWKT0017I: Web application removed (default_host): http://localhost:9080/health/
[28/12/21 21:54:54:572 EET] 0000002f com.ibm.ws.http.internal.VirtualHostImpl                     A CWWKT0017I: Web application removed (default_host): http://localhost:9080/metrics/
[28/12/21 21:54:54:572 EET] 0000002f com.ibm.ws.http.internal.VirtualHostImpl                     A CWWKT0017I: Web application removed (default_host): http://localhost:9080/
[28/12/21 21:54:54:572 EET] 0000002f com.ibm.ws.http.internal.VirtualHostImpl                     A CWWKT0017I: Web application removed (default_host): http://localhost:9080/ibm/api/
[28/12/21 21:54:54:572 EET] 0000002f com.ibm.ws.http.internal.VirtualHostImpl                     A CWWKT0017I: Web application removed (default_host): http://localhost:9080/openapi/
[28/12/21 21:54:55:582 EET] 00000052 com.ibm.ws.runtime.update.internal.RuntimeUpdateManagerImpl  I CWWKE1101I: Server quiesce complete.
[28/12/21 21:54:55:637 EET] 00000025 com.ibm.ws.app.manager.AppMessageHelper                      A CWWKZ0009I: The application documents has stopped successfully.
[28/12/21 21:54:55:749 EET] 00000052 com.ibm.ws.webcontainer.servlet                              I SRVE0253I: [io.openliberty.microprofile.openapi.2.0.internal] [/openapi] [ApplicationServlet]: Destroy successful.
[28/12/21 21:54:55:757 EET] 00000052 com.ibm.ws.webcontainer.servlet                              I SRVE0253I: [io.openliberty.microprofile.metrics.internal.public] [/metrics] [PublicMetricsRESTProxyServlet]: Destroy successful.
[28/12/21 21:54:55:766 EET] 00000052 com.ibm.ws.webcontainer.servlet                              I SRVE0253I: [io.openliberty.microprofile.health.3.0.internal] [/health] [HealthCheckReadinessServlet]: Destroy successful.
[28/12/21 21:54:55:767 EET] 00000052 com.ibm.ws.webcontainer.servlet                              I SRVE0253I: [io.openliberty.microprofile.health.3.0.internal] [/health] [HealthCheckLivenessServlet]: Destroy successful.
[28/12/21 21:54:55:767 EET] 00000052 com.ibm.ws.webcontainer.servlet                              I SRVE0253I: [io.openliberty.microprofile.health.3.0.internal] [/health] [HealthCheckServlet]: Destroy successful.
[28/12/21 21:54:56:173 EET] 00000052 com.ibm.tx.jta.impl.FailureScopeController                   A WTRN0105I: The transaction service has shutdown successfully with no transactions requiring recovery.
[28/12/21 21:54:56:284 EET] 00000052 rty.security.mp.jwt.v12.config.impl.MpConfigProxyServiceImpl I CWWKS5782I: The MicroProfile JWT version 1.2 mpConfigProxy deactivated successfully.
[28/12/21 21:54:56:293 EET] 00000052 .ws.security.mp.jwt.v11.config.impl.MpConfigProxyServiceImpl I CWWKS5777I: The MicroProfile JWT version 1.1 mpConfigProxy deactivated successfully.
[28/12/21 21:54:56:304 EET] 00000052 com.ibm.ws.security.mp.jwt.impl.MicroProfileJwtConfigImpl    I CWWKS5502I: The MicroProfile JWT configuration [defaultMpJwt] was successfully deactivated.
[28/12/21 21:54:56:304 EET] 00000052 com.ibm.ws.security.mp.jwt.impl.MicroProfileJwtConfigImpl    I CWWKS5502I: The MicroProfile JWT configuration [jwtUserConsumer] was successfully deactivated.
[28/12/21 21:54:56:305 EET] 00000052 com.ibm.ws.security.mp.jwt.impl.MicroProfileJwtServiceImpl   I CWWKS5502I: The MicroProfile JWT configuration [MicroProfileJwtService] was successfully deactivated.
[28/12/21 21:54:56:376 EET] 00000052 .microprofile.metrics.internal.monitor.MonitorMetricsHandler I CWPMI2004I: All monitoring metrics were unregistered from mpMetrics.
[28/12/21 21:54:56:642 EET] 00000052 com.ibm.ws.security.ready.internal.SecurityReadyServiceImpl  I CWWKS0009I: The security service has stopped.
[28/12/21 21:54:56:705 EET] 00000052 ibm.ws.security.authentication.internal.jaas.JAASServiceImpl I CWWKS1124I: The collective authentication plugin with class name NullCollectiveAuthenticationPlugin has been deactivated. 
[28/12/21 21:54:58:081 EET] 00000001 com.ibm.ws.kernel.launch.internal.FrameworkManager           A CWWKE0036I: The server documents stopped after 36.759 seconds.
