********************************************************************************
product = Open Liberty 21.0.0.12 (wlp-1.0.59.cl211220211117-1256)
wlp.install.dir = E:/facultate/master/java/java/tehnologii_java/documents/documents/target/liberty/wlp/
java.home = C:\Program Files\Java\jdk1.8.0_301\jre
java.version = 1.8.0_301
java.runtime = Java(TM) SE Runtime Environment (1.8.0_301-b09)
os = Windows 10 (10.0; amd64) (en_GB)
process = 9544@DESKTOP-LM50P3I
********************************************************************************
[28/12/21 18:48:27:081 EET] 00000001 com.ibm.ws.kernel.launch.internal.FrameworkManager           A CWWKE0001I: The server defaultServer has been launched.
[28/12/21 18:48:28:377 EET] 00000017 com.ibm.ws.config.xml.internal.ServerXMLConfiguration        A CWWKG0093A: Processing configuration drop-ins resource: E:\facultate\master\java\java\tehnologii_java\documents\documents\target\liberty\wlp\usr\servers\defaultServer\configDropins\defaults\install_apps_configuration_1491924271.xml
[28/12/21 18:48:28:550 EET] 00000001 com.ibm.ws.kernel.launch.internal.FrameworkManager           I CWWKE0002I: The kernel started after 1.637 seconds
[28/12/21 18:48:28:576 EET] 00000022 com.ibm.ws.kernel.feature.internal.FeatureManager            I CWWKF0007I: Feature update started.
[28/12/21 18:48:28:877 EET] 0000001a g.apache.cxf.cxf.core.3.2:1.0.59.cl211220211117-1256(id=97)] I Aries Blueprint packages not available. So namespaces will not be registered
[28/12/21 18:48:28:878 EET] 00000018 g.apache.cxf.cxf.core.3.2:1.0.59.cl211220211117-1256(id=97)] I Aries Blueprint packages not available. So namespaces will not be registered
[28/12/21 18:48:28:941 EET] 00000016 com.ibm.ws.security.ready.internal.SecurityReadyServiceImpl  I CWWKS0007I: The security service is starting...
[28/12/21 18:48:29:189 EET] 00000019 com.ibm.ws.app.manager.internal.monitor.DropinMonitor        A CWWKZ0058I: Monitoring dropins for applications.
[28/12/21 18:48:29:500 EET] 00000017 com.ibm.ws.cache.ServerCache                                 I DYNA1001I: WebSphere Dynamic Cache instance named baseCache initialized successfully.
[28/12/21 18:48:29:502 EET] 00000017 com.ibm.ws.cache.ServerCache                                 I DYNA1071I: The cache provider default is being used.
[28/12/21 18:48:29:503 EET] 00000017 com.ibm.ws.cache.CacheServiceImpl                            I DYNA1056I: Dynamic Cache (object cache) initialized successfully.
[28/12/21 18:48:29:531 EET] 0000001a rty.security.mp.jwt.v12.config.impl.MpConfigProxyServiceImpl I CWWKS5780I: The MicroProfile JWT version 1.2 mpConfigProxy processed successfully.
[28/12/21 18:48:29:534 EET] 0000001a .ws.security.mp.jwt.v11.config.impl.MpConfigProxyServiceImpl I CWWKS5775I: The MicroProfile JWT version 1.1 mpConfigProxy processed successfully.
[28/12/21 18:48:29:945 EET] 0000001e com.ibm.ws.ssl.config.WSKeyStore                             I Successfully loaded default keystore: E:/facultate/master/java/java/tehnologii_java/documents/documents/target/liberty/wlp/usr/servers/defaultServer/resources/security/public.jks of type: JKS
[28/12/21 18:48:29:977 EET] 00000016 ibm.ws.security.authentication.internal.jaas.JAASServiceImpl I CWWKS1123I: The collective authentication plugin with class name NullCollectiveAuthenticationPlugin has been activated. 
[28/12/21 18:48:30:203 EET] 00000016 com.ibm.ws.security.jwt.internal.ConsumerImpl                I CWWKS6012I: The JSON Web Token (JWT) consumer service is available.
[28/12/21 18:48:30:221 EET] 00000016 com.ibm.ws.security.jwt.web.JwtEndpointServices              I CWWKS6002I: The JSON Web Token (JWT) endpoint service is available.
[28/12/21 18:48:30:282 EET] 00000016 com.ibm.ws.security.jaspi.AuthConfigFactoryWrapper           I CWWKS1655I: The default Java Authentication SPI for Containers (JASPIC) AuthConfigFactory class com.ibm.ws.security.jaspi.ProviderRegistry is being used because the Java security property authconfigprovider.factory is not set. 
[28/12/21 18:48:30:707 EET] 00000016 com.ibm.ws.session.WASSessionCore                            I SESN8501I: The session manager did not find a persistent storage location; HttpSession objects will be stored in the local application server's memory.
[28/12/21 18:48:30:785 EET] 00000016 .microprofile.metrics.internal.monitor.MonitorMetricsHandler I CWPMI2003I: Monitoring metrics can be retrieved through mpMetrics.
[28/12/21 18:48:31:139 EET] 00000033 com.ibm.ws.app.manager.AppMessageHelper                      W CWWKZ0014W: The application ${project.name} could not be started as it could not be found at location ${project.name}.war.
[28/12/21 18:48:31:163 EET] 00000036 com.ibm.ws.app.manager.AppMessageHelper                      I CWWKZ0018I: Starting application documents.
[28/12/21 18:48:31:165 EET] 00000036 bm.ws.app.manager.war.internal.WARDeployedAppInfoFactoryImpl I CWWKZ0134I: The documents application is using the loose application definition at the E:\facultate\master\java\java\tehnologii_java\documents\documents\target\liberty\wlp\usr\servers\defaultServer\apps\documents.war.xml location.
[28/12/21 18:48:31:347 EET] 00000030 com.ibm.ws.security.token.ltpa.internal.LTPAKeyCreateTask    I CWWKS4105I: LTPA configuration is ready after 1.396 seconds.
[28/12/21 18:48:31:416 EET] 0000001e com.ibm.ws.security.mp.jwt.impl.MicroProfileJwtServiceImpl   I CWWKS5500I: The MicroProfile JWT configuration [MicroProfileJwtService] was successfully processed.
[28/12/21 18:48:31:418 EET] 0000001e com.ibm.ws.security.mp.jwt.impl.MicroProfileJwtConfigImpl    I CWWKS5500I: The MicroProfile JWT configuration [defaultMpJwt] was successfully processed.
[28/12/21 18:48:31:420 EET] 0000001e com.ibm.ws.security.mp.jwt.impl.MicroProfileJwtConfigImpl    I CWWKS5500I: The MicroProfile JWT configuration [jwtUserConsumer] was successfully processed.
[28/12/21 18:48:31:454 EET] 00000026 com.ibm.ws.webcontainer.osgi.webapp.WebGroup                 I SRVE0169I: Loading Web Module: com.ibm.ws.security.jwt.
[28/12/21 18:48:31:453 EET] 0000002c com.ibm.ws.webcontainer.osgi.webapp.WebGroup                 I SRVE0169I: Loading Web Module: MicroProfileOpenAPI.
[28/12/21 18:48:31:453 EET] 00000032 com.ibm.ws.webcontainer.osgi.webapp.WebGroup                 I SRVE0169I: Loading Web Module: health.
[28/12/21 18:48:31:454 EET] 0000002f com.ibm.ws.webcontainer.osgi.webapp.WebGroup                 I SRVE0169I: Loading Web Module: ibm/api.
[28/12/21 18:48:31:453 EET] 00000031 com.ibm.ws.webcontainer.osgi.webapp.WebGroup                 I SRVE0169I: Loading Web Module: PublicMicroProfileMetrics.
[28/12/21 18:48:31:454 EET] 0000002d com.ibm.ws.webcontainer.osgi.webapp.WebGroup                 I SRVE0169I: Loading Web Module: OpenAPIUI.
[28/12/21 18:48:31:458 EET] 00000026 com.ibm.ws.http.internal.VirtualHostImpl                     A CWWKT0016I: Web application available (default_host): http://localhost:9080/jwt/
[28/12/21 18:48:31:460 EET] 0000002d com.ibm.ws.http.internal.VirtualHostImpl                     A CWWKT0016I: Web application available (default_host): http://localhost:9080/openapi/ui/
[28/12/21 18:48:31:461 EET] 00000031 com.ibm.ws.http.internal.VirtualHostImpl                     A CWWKT0016I: Web application available (default_host): http://localhost:9080/metrics/
[28/12/21 18:48:31:461 EET] 0000002f com.ibm.ws.http.internal.VirtualHostImpl                     A CWWKT0016I: Web application available (default_host): http://localhost:9080/ibm/api/
[28/12/21 18:48:31:461 EET] 00000032 com.ibm.ws.http.internal.VirtualHostImpl                     A CWWKT0016I: Web application available (default_host): http://localhost:9080/health/
[28/12/21 18:48:31:462 EET] 0000002c com.ibm.ws.http.internal.VirtualHostImpl                     A CWWKT0016I: Web application available (default_host): http://localhost:9080/openapi/
[28/12/21 18:48:31:734 EET] 00000030 com.ibm.ws.session.WASSessionCore                            I SESN0176I: A new session context will be created for application key default_host/openapi/ui
[28/12/21 18:48:31:734 EET] 00000037 com.ibm.ws.session.WASSessionCore                            I SESN0176I: A new session context will be created for application key default_host/openapi
[28/12/21 18:48:31:734 EET] 00000033 com.ibm.ws.session.WASSessionCore                            I SESN0176I: A new session context will be created for application key default_host/health
[28/12/21 18:48:31:734 EET] 00000038 com.ibm.ws.session.WASSessionCore                            I SESN0176I: A new session context will be created for application key default_host/ibm/api
[28/12/21 18:48:31:734 EET] 00000025 com.ibm.ws.session.WASSessionCore                            I SESN0176I: A new session context will be created for application key default_host/metrics
[28/12/21 18:48:31:735 EET] 00000023 com.ibm.ws.session.WASSessionCore                            I SESN0176I: A new session context will be created for application key default_host/jwt
[28/12/21 18:48:31:790 EET] 00000030 com.ibm.ws.util                                              I SESN0172I: The session manager is using the Java default SecureRandom implementation for session ID generation.
[28/12/21 18:48:31:802 EET] 00000023 com.ibm.ws.util                                              I SESN0172I: The session manager is using the Java default SecureRandom implementation for session ID generation.
[28/12/21 18:48:31:803 EET] 00000025 com.ibm.ws.util                                              I SESN0172I: The session manager is using the Java default SecureRandom implementation for session ID generation.
[28/12/21 18:48:31:804 EET] 00000038 com.ibm.ws.util                                              I SESN0172I: The session manager is using the Java default SecureRandom implementation for session ID generation.
[28/12/21 18:48:31:804 EET] 00000033 com.ibm.ws.util                                              I SESN0172I: The session manager is using the Java default SecureRandom implementation for session ID generation.
[28/12/21 18:48:31:806 EET] 00000037 com.ibm.ws.util                                              I SESN0172I: The session manager is using the Java default SecureRandom implementation for session ID generation.
[28/12/21 18:48:31:842 EET] 00000030 com.ibm.ws.cache.CacheServiceImpl                            I DYNA1056I: Dynamic Cache (object cache) initialized successfully.
[28/12/21 18:48:32:005 EET] 00000037 com.ibm.ws.webcontainer.servlet                              I SRVE0242I: [io.openliberty.microprofile.openapi.2.0.internal] [/openapi] [ApplicationServlet]: Initialization successful.
[28/12/21 18:48:32:011 EET] 00000025 com.ibm.ws.webcontainer.servlet                              I SRVE0242I: [io.openliberty.microprofile.metrics.internal.public] [/metrics] [PublicMetricsRESTProxyServlet]: Initialization successful.
[28/12/21 18:48:32:017 EET] 00000033 com.ibm.ws.webcontainer.servlet                              I SRVE0242I: [io.openliberty.microprofile.health.3.0.internal] [/health] [HealthCheckReadinessServlet]: Initialization successful.
[28/12/21 18:48:32:019 EET] 00000033 com.ibm.ws.webcontainer.servlet                              I SRVE0242I: [io.openliberty.microprofile.health.3.0.internal] [/health] [HealthCheckServlet]: Initialization successful.
[28/12/21 18:48:32:020 EET] 00000033 com.ibm.ws.webcontainer.servlet                              I SRVE0242I: [io.openliberty.microprofile.health.3.0.internal] [/health] [HealthCheckLivenessServlet]: Initialization successful.
[28/12/21 18:48:32:087 EET] 00000032 com.ibm.ws.webcontainer.osgi.mbeans.PluginGenerator          I SRVE9103I: A configuration file for a web server plugin was automatically generated for this server at E:\facultate\master\java\java\tehnologii_java\documents\documents\target\liberty\wlp\usr\servers\defaultServer\logs\state\plugin-cfg.xml.
[28/12/21 18:48:33:765 EET] 00000036 io.openliberty.microprofile.openapi20.ApplicationProcessor   I CWWKO1660I: The application documents was processed and an OpenAPI document was produced.
[28/12/21 18:48:33:799 EET] 00000036 org.jboss.weld.Version                                       I WELD-000900: 3.1.8 (Final)
[28/12/21 18:48:35:294 EET] 00000036 com.ibm.ws.webcontainer.osgi.webapp.WebGroup                 I SRVE0169I: Loading Web Module: documents.
[28/12/21 18:48:35:294 EET] 00000036 com.ibm.ws.http.internal.VirtualHostImpl                     A CWWKT0016I: Web application available (default_host): http://localhost:9080/documents/
[28/12/21 18:48:35:298 EET] 00000026 com.ibm.ws.session.WASSessionCore                            I SESN0176I: A new session context will be created for application key default_host/documents
[28/12/21 18:48:35:298 EET] 00000026 com.ibm.ws.util                                              I SESN0172I: The session manager is using the Java default SecureRandom implementation for session ID generation.
[28/12/21 18:48:35:345 EET] 00000026 com.ibm.ws.app.manager.AppMessageHelper                      A CWWKZ0001I: Application documents started in 4.182 seconds.
[28/12/21 18:48:35:371 EET] 0000002e com.ibm.ws.webcontainer.osgi.mbeans.PluginGenerator          I SRVE9103I: A configuration file for a web server plugin was automatically generated for this server at E:\facultate\master\java\java\tehnologii_java\documents\documents\target\liberty\wlp\usr\servers\defaultServer\logs\state\plugin-cfg.xml.
[28/12/21 18:48:35:383 EET] 00000022 com.ibm.ws.tcpchannel.internal.TCPPort                       I CWWKO0219I: TCP Channel defaultHttpEndpoint has been started and is now listening for requests on host kubernetes.docker.internal  (IPv4: 127.0.0.1) port 9080.
[28/12/21 18:48:35:385 EET] 00000022 com.ibm.ws.tcpchannel.internal.TCPPort                       I CWWKO0219I: TCP Channel defaultHttpEndpoint-ssl has been started and is now listening for requests on host kubernetes.docker.internal  (IPv4: 127.0.0.1) port 9443.
[28/12/21 18:48:35:392 EET] 00000022 com.ibm.ws.kernel.feature.internal.FeatureManager            A CWWKF0012I: The server installed the following features: [appSecurity-3.0, cdi-2.0, distributedMap-1.0, el-3.0, jaxrs-2.1, jaxrsClient-2.1, jndi-1.0, json-1.0, jsonb-1.0, jsonp-1.1, jwt-1.0, microProfile-4.0, monitor-1.0, mpConfig-2.0, mpFaultTolerance-3.0, mpHealth-3.0, mpJwt-1.2, mpMetrics-3.0, mpOpenAPI-2.0, mpOpenTracing-2.0, mpRestClient-2.0, opentracing-2.0, servlet-4.0, ssl-1.0].
[28/12/21 18:48:35:392 EET] 00000022 com.ibm.ws.kernel.feature.internal.FeatureManager            I CWWKF0008I: Feature update completed in 6.842 seconds.
[28/12/21 18:48:35:392 EET] 00000022 com.ibm.ws.kernel.feature.internal.FeatureManager            A CWWKF0011I: The defaultServer server is ready to run a smarter planet. The defaultServer server started in 8.480 seconds.
[28/12/21 18:48:37:850 EET] 00000033 com.ibm.ws.http.internal.VirtualHostImpl                     A CWWKT0017I: Web application removed (default_host): http://localhost:9080/documents/
[28/12/21 18:48:37:881 EET] 00000033 com.ibm.ws.app.manager.AppMessageHelper                      A CWWKZ0009I: The application documents has stopped successfully.
[28/12/21 18:48:37:886 EET] 00000033 com.ibm.ws.app.manager.AppMessageHelper                      I CWWKZ0018I: Starting application documents.
[28/12/21 18:48:37:887 EET] 00000033 bm.ws.app.manager.war.internal.WARDeployedAppInfoFactoryImpl I CWWKZ0134I: The documents application is using the loose application definition at the E:\facultate\master\java\java\tehnologii_java\documents\documents\target\liberty\wlp\usr\servers\defaultServer\apps\documents.war.xml location.
[28/12/21 18:48:37:915 EET] 00000024 com.ibm.ws.webcontainer.osgi.mbeans.PluginGenerator          I SRVE9103I: A configuration file for a web server plugin was automatically generated for this server at E:\facultate\master\java\java\tehnologii_java\documents\documents\target\liberty\wlp\usr\servers\defaultServer\logs\state\plugin-cfg.xml.
[28/12/21 18:48:39:175 EET] 00000033 io.openliberty.microprofile.openapi20.ApplicationProcessor   I CWWKO1660I: The application documents was processed and an OpenAPI document was produced.
[28/12/21 18:48:39:590 EET] 00000033 com.ibm.ws.webcontainer.osgi.webapp.WebGroup                 I SRVE0169I: Loading Web Module: documents.
[28/12/21 18:48:39:590 EET] 00000033 com.ibm.ws.http.internal.VirtualHostImpl                     A CWWKT0016I: Web application available (default_host): http://localhost:9080/documents/
[28/12/21 18:48:39:592 EET] 00000024 com.ibm.ws.session.WASSessionCore                            I SESN0176I: A new session context will be created for application key default_host/documents
[28/12/21 18:48:39:592 EET] 00000024 com.ibm.ws.util                                              I SESN0172I: The session manager is using the Java default SecureRandom implementation for session ID generation.
[28/12/21 18:48:39:613 EET] 00000024 com.ibm.ws.app.manager.AppMessageHelper                      A CWWKZ0003I: The application documents updated in 1.727 seconds.
[28/12/21 18:48:39:662 EET] 00000031 com.ibm.ws.webcontainer.osgi.mbeans.PluginGenerator          I SRVE9103I: A configuration file for a web server plugin was automatically generated for this server at E:\facultate\master\java\java\tehnologii_java\documents\documents\target\liberty\wlp\usr\servers\defaultServer\logs\state\plugin-cfg.xml.
[28/12/21 18:49:00:369 EET] 00000030 com.ibm.ws.session.WASSessionCore                            W Detected JSESSIONID with invalid length; expected length of 23, found 24, setting: 07550eae2ed9e628db7f8dce to null.
[28/12/21 18:49:00:558 EET] 00000030 g.apache.cxf.cxf.core.3.2:1.0.59.cl211220211117-1256(id=97)] I Setting the server's publish address to be /data/
[28/12/21 18:49:00:643 EET] 00000030 com.ibm.ws.webcontainer.servlet                              I SRVE0242I: [documents] [/documents] [com.example.documents.DocumentsRestApplication]: Initialization successful.
[28/12/21 18:49:00:779 EET] 00000030 com.ibm.ws.webcontainer.util.ApplicationErrorUtils           E SRVE0777E: Exception thrown by application class 'com.ibm.ws.microprofile.opentracing.jaeger.JaegerTracerFactory.createJaegerTracer:181'
java.lang.LinkageError: loader constraint violation: when resolving interface method "com.ibm.ws.microprofile.opentracing.jaeger.adapter.Configuration.getTracer()Lio/opentracing/Tracer;" the class loader (instance of org/eclipse/osgi/internal/loader/EquinoxClassLoader) of the current class, com/ibm/ws/microprofile/opentracing/jaeger/JaegerTracerFactory, and the class loader (instance of org/eclipse/osgi/internal/loader/EquinoxClassLoader) for the method's defining class, com/ibm/ws/microprofile/opentracing/jaeger/adapter/Configuration, have different Class objects for the type io/opentracing/Tracer used in the signature
	at com.ibm.ws.microprofile.opentracing.jaeger.JaegerTracerFactory.createJaegerTracer(JaegerTracerFactory.java:181)
	at io.openliberty.opentracing.internal.OpentracingTracerManager.createJaegerTracer(OpentracingTracerManager.java:78)
	at io.openliberty.opentracing.internal.OpentracingTracerManager.access$000(OpentracingTracerManager.java:35)
	at io.openliberty.opentracing.internal.OpentracingTracerManager$TracerCreator.apply(OpentracingTracerManager.java:87)
	at io.openliberty.opentracing.internal.OpentracingTracerManager$TracerCreator.apply(OpentracingTracerManager.java:81)
	at java.util.concurrent.ConcurrentHashMap.computeIfAbsent(ConcurrentHashMap.java:1660)
	at io.openliberty.opentracing.internal.OpentracingTracerManager.ensureTracer(OpentracingTracerManager.java:58)
	at io.openliberty.opentracing.internal.OpentracingTracerManager.getTracer(OpentracingTracerManager.java:164)
	at io.openliberty.opentracing.internal.OpentracingContainerFilter.filter(OpentracingContainerFilter.java:77)
	at org.apache.cxf.jaxrs.utils.JAXRSUtils.runContainerRequestFilters(JAXRSUtils.java:1929)
	at org.apache.cxf.jaxrs.interceptor.JAXRSInInterceptor.processRequest(JAXRSInInterceptor.java:281)
	at org.apache.cxf.jaxrs.interceptor.JAXRSInInterceptor.handleMessage(JAXRSInInterceptor.java:96)
	at org.apache.cxf.phase.PhaseInterceptorChain.doIntercept(PhaseInterceptorChain.java:308)
	at org.apache.cxf.transport.ChainInitiationObserver.onMessage(ChainInitiationObserver.java:123)
	at org.apache.cxf.transport.http.AbstractHTTPDestination.invoke(AbstractHTTPDestination.java:277)
	at com.ibm.ws.jaxrs20.endpoint.AbstractJaxRsWebEndpoint.invoke(AbstractJaxRsWebEndpoint.java:137)
	at com.ibm.websphere.jaxrs.server.IBMRestServlet.handleRequest(IBMRestServlet.java:146)
	at com.ibm.websphere.jaxrs.server.IBMRestServlet.doGet(IBMRestServlet.java:112)
	at javax.servlet.http.HttpServlet.service(HttpServlet.java:686)
	at com.ibm.websphere.jaxrs.server.IBMRestServlet.service(IBMRestServlet.java:96)
	at com.ibm.ws.webcontainer.servlet.ServletWrapper.service(ServletWrapper.java:1258)
	at com.ibm.ws.webcontainer.servlet.ServletWrapper.handleRequest(ServletWrapper.java:746)
	at com.ibm.ws.webcontainer.servlet.ServletWrapper.handleRequest(ServletWrapper.java:443)
	at com.ibm.ws.webcontainer.filter.WebAppFilterChain.invokeTarget(WebAppFilterChain.java:193)
	at com.ibm.ws.webcontainer.filter.WebAppFilterChain.doFilter(WebAppFilterChain.java:98)
	at com.ibm.ws.security.jaspi.JaspiServletFilter.doFilter(JaspiServletFilter.java:56)
	at com.ibm.ws.webcontainer.filter.FilterInstanceWrapper.doFilter(FilterInstanceWrapper.java:201)
	at com.ibm.ws.webcontainer.filter.WebAppFilterChain.doFilter(WebAppFilterChain.java:91)
	at com.ibm.ws.webcontainer.filter.WebAppFilterManager.doFilter(WebAppFilterManager.java:1002)
	at com.ibm.ws.webcontainer.filter.WebAppFilterManager.invokeFilters(WebAppFilterManager.java:1140)
	at com.ibm.ws.webcontainer.webapp.WebApp.handleRequest(WebApp.java:5049)
	at com.ibm.ws.webcontainer.osgi.DynamicVirtualHost$2.handleRequest(DynamicVirtualHost.java:320)
	at com.ibm.ws.webcontainer.WebContainer.handleRequest(WebContainer.java:1007)
	at com.ibm.ws.webcontainer.osgi.DynamicVirtualHost$2.run(DynamicVirtualHost.java:285)
	at com.ibm.ws.http.dispatcher.internal.channel.HttpDispatcherLink$TaskWrapper.run(HttpDispatcherLink.java:1184)
	at com.ibm.ws.http.dispatcher.internal.channel.HttpDispatcherLink.wrapHandlerAndExecute(HttpDispatcherLink.java:453)
	at com.ibm.ws.http.dispatcher.internal.channel.HttpDispatcherLink.ready(HttpDispatcherLink.java:412)
	at com.ibm.ws.http.channel.internal.inbound.HttpInboundLink.handleDiscrimination(HttpInboundLink.java:566)
	at com.ibm.ws.http.channel.internal.inbound.HttpInboundLink.handleNewRequest(HttpInboundLink.java:500)
	at com.ibm.ws.http.channel.internal.inbound.HttpInboundLink.processRequest(HttpInboundLink.java:360)
	at com.ibm.ws.http.channel.internal.inbound.HttpInboundLink.ready(HttpInboundLink.java:327)
	at com.ibm.ws.tcpchannel.internal.NewConnectionInitialReadCallback.sendToDiscriminators(NewConnectionInitialReadCallback.java:167)
	at com.ibm.ws.tcpchannel.internal.NewConnectionInitialReadCallback.complete(NewConnectionInitialReadCallback.java:75)
	at com.ibm.ws.tcpchannel.internal.WorkQueueManager.requestComplete(WorkQueueManager.java:504)
	at com.ibm.ws.tcpchannel.internal.WorkQueueManager.attemptIO(WorkQueueManager.java:574)
	at com.ibm.ws.tcpchannel.internal.WorkQueueManager.workerRun(WorkQueueManager.java:958)
	at com.ibm.ws.tcpchannel.internal.WorkQueueManager$Worker.run(WorkQueueManager.java:1047)
	at com.ibm.ws.threading.internal.ExecutorServiceImpl$RunnableWrapper.run(ExecutorServiceImpl.java:238)
	at java.util.concurrent.ThreadPoolExecutor.runWorker(ThreadPoolExecutor.java:1149)
	at java.util.concurrent.ThreadPoolExecutor$Worker.run(ThreadPoolExecutor.java:624)
	at java.lang.Thread.run(Thread.java:748)

[28/12/21 18:49:00:935 EET] 00000030 com.ibm.ws.logging.internal.impl.IncidentImpl                I FFDC1015I: An FFDC Incident has been created: "com.ibm.websphere.servlet.error.ServletErrorReport: java.lang.LinkageError: loader constraint violation: when resolving interface method &quot;com.ibm.ws.microprofile.opentracing.jaeger.adapter.Configuration.getTracer&#40;&#41;Lio/opentracing/Tracer&#59;&quot; the class loader &#40;instance of org/eclipse/osgi/internal/loader/EquinoxClassLoader&#41; of the current class, com/ibm/ws/microprofile/opentracing/jaeger/JaegerTracerFactory, and the class loader &#40;instance of org/eclipse/osgi/internal/loader/EquinoxClassLoader&#41; for the method&#39;s defining class, com/ibm/ws/microprofile/opentracing/jaeger/adapter/Configuration, have different Class objects for the type io/opentracing/Tracer used in the signature com.ibm.ws.webcontainer.filter.WebAppFilterChain.doFilter 82" at ffdc_21.12.28_18.49.00.0.log
[28/12/21 18:49:00:982 EET] 00000030 com.ibm.ws.logging.internal.impl.IncidentImpl                I FFDC1015I: An FFDC Incident has been created: "com.ibm.websphere.servlet.error.ServletErrorReport: java.lang.LinkageError: loader constraint violation: when resolving interface method &quot;com.ibm.ws.microprofile.opentracing.jaeger.adapter.Configuration.getTracer&#40;&#41;Lio/opentracing/Tracer&#59;&quot; the class loader &#40;instance of org/eclipse/osgi/internal/loader/EquinoxClassLoader&#41; of the current class, com/ibm/ws/microprofile/opentracing/jaeger/JaegerTracerFactory, and the class loader &#40;instance of org/eclipse/osgi/internal/loader/EquinoxClassLoader&#41; for the method&#39;s defining class, com/ibm/ws/microprofile/opentracing/jaeger/adapter/Configuration, have different Class objects for the type io/opentracing/Tracer used in the signature com.ibm.ws.webcontainer.filter.FilterInstanceWrapper.doFilter 144" at ffdc_21.12.28_18.49.00.1.log
[28/12/21 18:50:04:481 EET] 00000013 com.ibm.ws.kernel.launch.internal.ServerCommandListener      A CWWKE0055I: Server shutdown requested on Tuesday, 28 December 2021 at 18:50. The server defaultServer is shutting down.
[28/12/21 18:50:04:484 EET] 0000004d com.ibm.ws.runtime.update.internal.RuntimeUpdateManagerImpl  A CWWKE1100I: Waiting for up to 30 seconds for the server to quiesce.
[28/12/21 18:50:04:489 EET] 00000036 com.ibm.ws.tcpchannel.internal.TCPChannel                    I CWWKO0220I: TCP Channel defaultHttpEndpoint-ssl has stopped listening for requests on host kubernetes.docker.internal  (IPv4: 127.0.0.1) port 9443.
[28/12/21 18:50:04:490 EET] 00000036 com.ibm.ws.tcpchannel.internal.TCPChannel                    I CWWKO0220I: TCP Channel defaultHttpEndpoint has stopped listening for requests on host kubernetes.docker.internal  (IPv4: 127.0.0.1) port 9080.
[28/12/21 18:50:04:491 EET] 00000036 com.ibm.ws.http.internal.VirtualHostImpl                     A CWWKT0017I: Web application removed (default_host): http://localhost:9080/jwt/
[28/12/21 18:50:04:491 EET] 00000036 com.ibm.ws.http.internal.VirtualHostImpl                     A CWWKT0017I: Web application removed (default_host): http://localhost:9080/documents/
[28/12/21 18:50:04:491 EET] 00000036 com.ibm.ws.http.internal.VirtualHostImpl                     A CWWKT0017I: Web application removed (default_host): http://localhost:9080/openapi/ui/
[28/12/21 18:50:04:491 EET] 00000036 com.ibm.ws.http.internal.VirtualHostImpl                     A CWWKT0017I: Web application removed (default_host): http://localhost:9080/metrics/
[28/12/21 18:50:04:491 EET] 00000036 com.ibm.ws.http.internal.VirtualHostImpl                     A CWWKT0017I: Web application removed (default_host): http://localhost:9080/health/
[28/12/21 18:50:04:492 EET] 00000036 com.ibm.ws.http.internal.VirtualHostImpl                     A CWWKT0017I: Web application removed (default_host): http://localhost:9080/ibm/api/
[28/12/21 18:50:04:492 EET] 00000036 com.ibm.ws.http.internal.VirtualHostImpl                     A CWWKT0017I: Web application removed (default_host): http://localhost:9080/openapi/
[28/12/21 18:50:05:504 EET] 0000004d com.ibm.ws.runtime.update.internal.RuntimeUpdateManagerImpl  I CWWKE1101I: Server quiesce complete.
[28/12/21 18:50:05:555 EET] 00000025 com.ibm.ws.webcontainer.servlet                              I SRVE0253I: [documents] [/documents] [com.example.documents.DocumentsRestApplication]: Destroy successful.
[28/12/21 18:50:05:570 EET] 00000025 com.ibm.ws.app.manager.AppMessageHelper                      A CWWKZ0009I: The application documents has stopped successfully.
[28/12/21 18:50:05:633 EET] 0000004d com.ibm.ws.webcontainer.servlet                              I SRVE0253I: [io.openliberty.microprofile.openapi.2.0.internal] [/openapi] [ApplicationServlet]: Destroy successful.
[28/12/21 18:50:05:640 EET] 0000004d com.ibm.ws.webcontainer.servlet                              I SRVE0253I: [io.openliberty.microprofile.metrics.internal.public] [/metrics] [PublicMetricsRESTProxyServlet]: Destroy successful.
[28/12/21 18:50:05:648 EET] 0000004d com.ibm.ws.webcontainer.servlet                              I SRVE0253I: [io.openliberty.microprofile.health.3.0.internal] [/health] [HealthCheckReadinessServlet]: Destroy successful.
[28/12/21 18:50:05:648 EET] 0000004d com.ibm.ws.webcontainer.servlet                              I SRVE0253I: [io.openliberty.microprofile.health.3.0.internal] [/health] [HealthCheckLivenessServlet]: Destroy successful.
[28/12/21 18:50:05:649 EET] 0000004d com.ibm.ws.webcontainer.servlet                              I SRVE0253I: [io.openliberty.microprofile.health.3.0.internal] [/health] [HealthCheckServlet]: Destroy successful.
[28/12/21 18:50:05:774 EET] 0000004d rty.security.mp.jwt.v12.config.impl.MpConfigProxyServiceImpl I CWWKS5782I: The MicroProfile JWT version 1.2 mpConfigProxy deactivated successfully.
[28/12/21 18:50:05:776 EET] 0000004d .ws.security.mp.jwt.v11.config.impl.MpConfigProxyServiceImpl I CWWKS5777I: The MicroProfile JWT version 1.1 mpConfigProxy deactivated successfully.
[28/12/21 18:50:05:778 EET] 0000004d com.ibm.ws.security.mp.jwt.impl.MicroProfileJwtConfigImpl    I CWWKS5502I: The MicroProfile JWT configuration [defaultMpJwt] was successfully deactivated.
[28/12/21 18:50:05:779 EET] 0000004d com.ibm.ws.security.mp.jwt.impl.MicroProfileJwtConfigImpl    I CWWKS5502I: The MicroProfile JWT configuration [jwtUserConsumer] was successfully deactivated.
[28/12/21 18:50:05:780 EET] 0000004d com.ibm.ws.security.mp.jwt.impl.MicroProfileJwtServiceImpl   I CWWKS5502I: The MicroProfile JWT configuration [MicroProfileJwtService] was successfully deactivated.
[28/12/21 18:50:05:806 EET] 0000004d .microprofile.metrics.internal.monitor.MonitorMetricsHandler I CWPMI2004I: All monitoring metrics were unregistered from mpMetrics.
[28/12/21 18:50:05:878 EET] 0000004d com.ibm.ws.security.ready.internal.SecurityReadyServiceImpl  I CWWKS0009I: The security service has stopped.
[28/12/21 18:50:05:895 EET] 0000004d ibm.ws.security.authentication.internal.jaas.JAASServiceImpl I CWWKS1124I: The collective authentication plugin with class name NullCollectiveAuthenticationPlugin has been deactivated. 
[28/12/21 18:50:06:319 EET] 00000001 com.ibm.ws.kernel.launch.internal.FrameworkManager           A CWWKE0036I: The server defaultServer stopped after 1 minutes, 39.405 seconds.
