********************************************************************************
product = Open Liberty 21.0.0.12 (wlp-1.0.59.cl211220211117-1256)
wlp.install.dir = E:/facultate/master/java/java/tehnologii_java/documents-caller/documents-caller/target/liberty/wlp/
java.home = C:\Program Files\Java\jdk1.8.0_301\jre
java.version = 1.8.0_301
java.runtime = Java(TM) SE Runtime Environment (1.8.0_301-b09)
os = Windows 10 (10.0; amd64) (en_GB)
process = 4792@DESKTOP-LM50P3I
********************************************************************************
[28/12/21 22:03:53:325 EET] 00000001 com.ibm.ws.kernel.launch.internal.FrameworkManager           A CWWKE0001I: The server documents-caller has been launched.
[28/12/21 22:03:54:875 EET] 00000001 com.ibm.ws.kernel.launch.internal.FrameworkManager           I CWWKE0002I: The kernel started after 1.738 seconds
[28/12/21 22:03:54:940 EET] 00000022 com.ibm.ws.kernel.feature.internal.FeatureManager            I CWWKF0007I: Feature update started.
[28/12/21 22:03:55:140 EET] 00000017 g.apache.cxf.cxf.core.3.2:1.0.59.cl211220211117-1256(id=97)] I Aries Blueprint packages not available. So namespaces will not be registered
[28/12/21 22:03:55:141 EET] 00000018 g.apache.cxf.cxf.core.3.2:1.0.59.cl211220211117-1256(id=97)] I Aries Blueprint packages not available. So namespaces will not be registered
[28/12/21 22:03:55:192 EET] 00000016 com.ibm.ws.security.ready.internal.SecurityReadyServiceImpl  I CWWKS0007I: The security service is starting...
[28/12/21 22:03:55:327 EET] 0000001a com.ibm.ws.app.manager.internal.monitor.DropinMonitor        A CWWKZ0058I: Monitoring dropins for applications.
[28/12/21 22:03:55:567 EET] 00000019 rty.security.mp.jwt.v12.config.impl.MpConfigProxyServiceImpl I CWWKS5780I: The MicroProfile JWT version 1.2 mpConfigProxy processed successfully.
[28/12/21 22:03:55:571 EET] 00000019 .ws.security.mp.jwt.v11.config.impl.MpConfigProxyServiceImpl I CWWKS5775I: The MicroProfile JWT version 1.1 mpConfigProxy processed successfully.
[28/12/21 22:03:55:659 EET] 0000001a com.ibm.ws.cache.ServerCache                                 I DYNA1001I: WebSphere Dynamic Cache instance named baseCache initialized successfully.
[28/12/21 22:03:55:661 EET] 0000001a com.ibm.ws.cache.ServerCache                                 I DYNA1071I: The cache provider default is being used.
[28/12/21 22:03:55:662 EET] 0000001a com.ibm.ws.cache.CacheServiceImpl                            I DYNA1056I: Dynamic Cache (object cache) initialized successfully.
[28/12/21 22:03:55:879 EET] 0000001e com.ibm.ws.ssl.config.WSKeyStore                             I Successfully loaded default keystore: E:/facultate/master/java/java/tehnologii_java/documents-caller/documents-caller/target/liberty/wlp/usr/servers/documents-caller/resources/security/public.jks of type: JKS
[28/12/21 22:03:55:900 EET] 00000016 ibm.ws.security.authentication.internal.jaas.JAASServiceImpl I CWWKS1123I: The collective authentication plugin with class name NullCollectiveAuthenticationPlugin has been activated. 
[28/12/21 22:03:56:142 EET] 00000016 com.ibm.ws.security.jwt.internal.ConsumerImpl                I CWWKS6012I: The JSON Web Token (JWT) consumer service is available.
[28/12/21 22:03:56:161 EET] 00000016 com.ibm.ws.security.jwt.web.JwtEndpointServices              I CWWKS6002I: The JSON Web Token (JWT) endpoint service is available.
[28/12/21 22:03:56:201 EET] 00000016 com.ibm.ws.security.jaspi.AuthConfigFactoryWrapper           I CWWKS1655I: The default Java Authentication SPI for Containers (JASPIC) AuthConfigFactory class com.ibm.ws.security.jaspi.ProviderRegistry is being used because the Java security property authconfigprovider.factory is not set. 
[28/12/21 22:03:56:563 EET] 00000016 com.ibm.ws.session.WASSessionCore                            I SESN8501I: The session manager did not find a persistent storage location; HttpSession objects will be stored in the local application server's memory.
[28/12/21 22:03:56:621 EET] 00000016 .microprofile.metrics.internal.monitor.MonitorMetricsHandler I CWPMI2003I: Monitoring metrics can be retrieved through mpMetrics.
[28/12/21 22:03:56:934 EET] 00000033 com.ibm.ws.app.manager.AppMessageHelper                      I CWWKZ0018I: Starting application documents-caller.
[28/12/21 22:03:56:935 EET] 00000033 bm.ws.app.manager.war.internal.WARDeployedAppInfoFactoryImpl I CWWKZ0134I: The documents-caller application is using the loose application definition at the E:\facultate\master\java\java\tehnologii_java\documents-caller\documents-caller\target\liberty\wlp\usr\servers\documents-caller\apps\documents-caller.war.xml location.
[28/12/21 22:03:57:037 EET] 0000002f com.ibm.ws.security.token.ltpa.internal.LTPAKeyCreateTask    I CWWKS4105I: LTPA configuration is ready after 1.167 seconds.
[28/12/21 22:03:57:087 EET] 0000001e com.ibm.ws.security.mp.jwt.impl.MicroProfileJwtServiceImpl   I CWWKS5500I: The MicroProfile JWT configuration [MicroProfileJwtService] was successfully processed.
[28/12/21 22:03:57:089 EET] 0000001e com.ibm.ws.security.mp.jwt.impl.MicroProfileJwtConfigImpl    I CWWKS5500I: The MicroProfile JWT configuration [jwtUserConsumer] was successfully processed.
[28/12/21 22:03:57:089 EET] 0000001e com.ibm.ws.security.mp.jwt.impl.MicroProfileJwtConfigImpl    I CWWKS5500I: The MicroProfile JWT configuration [defaultMpJwt] was successfully processed.
[28/12/21 22:03:57:188 EET] 0000002c com.ibm.ws.webcontainer.osgi.webapp.WebGroup                 I SRVE0169I: Loading Web Module: health.
[28/12/21 22:03:57:187 EET] 00000023 com.ibm.ws.webcontainer.osgi.webapp.WebGroup                 I SRVE0169I: Loading Web Module: com.ibm.ws.security.jwt.
[28/12/21 22:03:57:188 EET] 0000002d com.ibm.ws.webcontainer.osgi.webapp.WebGroup                 I SRVE0169I: Loading Web Module: ibm/api.
[28/12/21 22:03:57:188 EET] 0000002e com.ibm.ws.webcontainer.osgi.webapp.WebGroup                 I SRVE0169I: Loading Web Module: PublicMicroProfileMetrics.
[28/12/21 22:03:57:188 EET] 00000024 com.ibm.ws.webcontainer.osgi.webapp.WebGroup                 I SRVE0169I: Loading Web Module: MicroProfileOpenAPI.
[28/12/21 22:03:57:188 EET] 00000025 com.ibm.ws.webcontainer.osgi.webapp.WebGroup                 I SRVE0169I: Loading Web Module: OpenAPIUI.
[28/12/21 22:03:57:193 EET] 0000002c com.ibm.ws.http.internal.VirtualHostImpl                     A CWWKT0016I: Web application available (default_host): http://localhost:9090/health/
[28/12/21 22:03:57:195 EET] 00000025 com.ibm.ws.http.internal.VirtualHostImpl                     A CWWKT0016I: Web application available (default_host): http://localhost:9090/openapi/ui/
[28/12/21 22:03:57:195 EET] 00000024 com.ibm.ws.http.internal.VirtualHostImpl                     A CWWKT0016I: Web application available (default_host): http://localhost:9090/openapi/
[28/12/21 22:03:57:196 EET] 0000002e com.ibm.ws.http.internal.VirtualHostImpl                     A CWWKT0016I: Web application available (default_host): http://localhost:9090/metrics/
[28/12/21 22:03:57:196 EET] 0000002d com.ibm.ws.http.internal.VirtualHostImpl                     A CWWKT0016I: Web application available (default_host): http://localhost:9090/ibm/api/
[28/12/21 22:03:57:198 EET] 00000023 com.ibm.ws.http.internal.VirtualHostImpl                     A CWWKT0016I: Web application available (default_host): http://localhost:9090/jwt/
[28/12/21 22:03:57:435 EET] 00000037 com.ibm.ws.session.WASSessionCore                            I SESN0176I: A new session context will be created for application key default_host/health
[28/12/21 22:03:57:436 EET] 0000002c com.ibm.ws.session.WASSessionCore                            I SESN0176I: A new session context will be created for application key default_host/ibm/api
[28/12/21 22:03:57:436 EET] 00000038 com.ibm.ws.session.WASSessionCore                            I SESN0176I: A new session context will be created for application key default_host/metrics
[28/12/21 22:03:57:436 EET] 00000036 com.ibm.ws.session.WASSessionCore                            I SESN0176I: A new session context will be created for application key default_host/openapi/ui
[28/12/21 22:03:57:436 EET] 00000035 com.ibm.ws.session.WASSessionCore                            I SESN0176I: A new session context will be created for application key default_host/openapi
[28/12/21 22:03:57:436 EET] 00000032 com.ibm.ws.session.WASSessionCore                            I SESN0176I: A new session context will be created for application key default_host/jwt
[28/12/21 22:03:57:483 EET] 0000002c com.ibm.ws.util                                              I SESN0172I: The session manager is using the Java default SecureRandom implementation for session ID generation.
[28/12/21 22:03:57:494 EET] 00000032 com.ibm.ws.util                                              I SESN0172I: The session manager is using the Java default SecureRandom implementation for session ID generation.
[28/12/21 22:03:57:495 EET] 00000035 com.ibm.ws.util                                              I SESN0172I: The session manager is using the Java default SecureRandom implementation for session ID generation.
[28/12/21 22:03:57:495 EET] 00000036 com.ibm.ws.util                                              I SESN0172I: The session manager is using the Java default SecureRandom implementation for session ID generation.
[28/12/21 22:03:57:496 EET] 00000038 com.ibm.ws.util                                              I SESN0172I: The session manager is using the Java default SecureRandom implementation for session ID generation.
[28/12/21 22:03:57:497 EET] 00000037 com.ibm.ws.util                                              I SESN0172I: The session manager is using the Java default SecureRandom implementation for session ID generation.
[28/12/21 22:03:57:516 EET] 00000036 com.ibm.ws.cache.CacheServiceImpl                            I DYNA1056I: Dynamic Cache (object cache) initialized successfully.
[28/12/21 22:03:57:666 EET] 00000037 com.ibm.ws.webcontainer.servlet                              I SRVE0242I: [io.openliberty.microprofile.health.3.0.internal] [/health] [HealthCheckReadinessServlet]: Initialization successful.
[28/12/21 22:03:57:671 EET] 00000038 com.ibm.ws.webcontainer.servlet                              I SRVE0242I: [io.openliberty.microprofile.metrics.internal.public] [/metrics] [PublicMetricsRESTProxyServlet]: Initialization successful.
[28/12/21 22:03:57:677 EET] 00000037 com.ibm.ws.webcontainer.servlet                              I SRVE0242I: [io.openliberty.microprofile.health.3.0.internal] [/health] [HealthCheckServlet]: Initialization successful.
[28/12/21 22:03:57:677 EET] 00000035 com.ibm.ws.webcontainer.servlet                              I SRVE0242I: [io.openliberty.microprofile.openapi.2.0.internal] [/openapi] [ApplicationServlet]: Initialization successful.
[28/12/21 22:03:57:682 EET] 00000037 com.ibm.ws.webcontainer.servlet                              I SRVE0242I: [io.openliberty.microprofile.health.3.0.internal] [/health] [HealthCheckLivenessServlet]: Initialization successful.
[28/12/21 22:03:57:839 EET] 00000034 com.ibm.ws.webcontainer.osgi.mbeans.PluginGenerator          I SRVE9103I: A configuration file for a web server plugin was automatically generated for this server at E:\facultate\master\java\java\tehnologii_java\documents-caller\documents-caller\target\liberty\wlp\usr\servers\documents-caller\logs\state\plugin-cfg.xml.
[28/12/21 22:03:58:911 EET] 00000033 io.openliberty.microprofile.openapi20.ApplicationProcessor   I CWWKO1660I: The application documents-caller was processed and an OpenAPI document was produced.
[28/12/21 22:03:58:989 EET] 00000033 org.jboss.weld.Version                                       I WELD-000900: 3.1.8 (Final)
[28/12/21 22:04:00:607 EET] 00000033 com.ibm.ws.webcontainer.osgi.webapp.WebGroup                 I SRVE0169I: Loading Web Module: documents-caller.
[28/12/21 22:04:00:607 EET] 00000033 com.ibm.ws.http.internal.VirtualHostImpl                     A CWWKT0016I: Web application available (default_host): http://localhost:9090/
[28/12/21 22:04:00:610 EET] 0000002d com.ibm.ws.session.WASSessionCore                            I SESN0176I: A new session context will be created for application key default_host/
[28/12/21 22:04:00:610 EET] 0000002d com.ibm.ws.util                                              I SESN0172I: The session manager is using the Java default SecureRandom implementation for session ID generation.
[28/12/21 22:04:00:690 EET] 0000002d com.ibm.ws.app.manager.AppMessageHelper                      A CWWKZ0001I: Application documents-caller started in 3.757 seconds.
[28/12/21 22:04:00:708 EET] 00000022 com.ibm.ws.tcpchannel.internal.TCPPort                       I CWWKO0219I: TCP Channel defaultHttpEndpoint has been started and is now listening for requests on host kubernetes.docker.internal  (IPv4: 127.0.0.1) port 9090.
[28/12/21 22:04:00:710 EET] 00000022 com.ibm.ws.tcpchannel.internal.TCPPort                       I CWWKO0219I: TCP Channel defaultHttpEndpoint-ssl has been started and is now listening for requests on host kubernetes.docker.internal  (IPv4: 127.0.0.1) port 9445.
[28/12/21 22:04:00:852 EET] 00000022 com.ibm.ws.kernel.feature.internal.FeatureManager            A CWWKF0012I: The server installed the following features: [appSecurity-3.0, cdi-2.0, distributedMap-1.0, el-3.0, jaxrs-2.1, jaxrsClient-2.1, jndi-1.0, json-1.0, jsonb-1.0, jsonp-1.1, jwt-1.0, microProfile-4.0, monitor-1.0, mpConfig-2.0, mpFaultTolerance-3.0, mpHealth-3.0, mpJwt-1.2, mpMetrics-3.0, mpOpenAPI-2.0, mpOpenTracing-2.0, mpRestClient-2.0, opentracing-2.0, servlet-4.0, ssl-1.0].
[28/12/21 22:04:00:854 EET] 00000022 com.ibm.ws.kernel.feature.internal.FeatureManager            I CWWKF0008I: Feature update completed in 5.979 seconds.
[28/12/21 22:04:00:855 EET] 00000022 com.ibm.ws.kernel.feature.internal.FeatureManager            A CWWKF0011I: The documents-caller server is ready to run a smarter planet. The documents-caller server started in 7.720 seconds.
[28/12/21 22:04:00:914 EET] 0000002b com.ibm.ws.webcontainer.osgi.mbeans.PluginGenerator          I SRVE9103I: A configuration file for a web server plugin was automatically generated for this server at E:\facultate\master\java\java\tehnologii_java\documents-caller\documents-caller\target\liberty\wlp\usr\servers\documents-caller\logs\state\plugin-cfg.xml.
[28/12/21 22:04:02:825 EET] 00000035 com.ibm.ws.http.internal.VirtualHostImpl                     A CWWKT0017I: Web application removed (default_host): http://localhost:9090/
[28/12/21 22:04:02:882 EET] 00000035 com.ibm.ws.app.manager.AppMessageHelper                      A CWWKZ0009I: The application documents-caller has stopped successfully.
[28/12/21 22:04:02:888 EET] 00000035 com.ibm.ws.app.manager.AppMessageHelper                      I CWWKZ0018I: Starting application documents-caller.
[28/12/21 22:04:02:889 EET] 00000035 bm.ws.app.manager.war.internal.WARDeployedAppInfoFactoryImpl I CWWKZ0134I: The documents-caller application is using the loose application definition at the E:\facultate\master\java\java\tehnologii_java\documents-caller\documents-caller\target\liberty\wlp\usr\servers\documents-caller\apps\documents-caller.war.xml location.
[28/12/21 22:04:02:940 EET] 0000002e com.ibm.ws.webcontainer.osgi.mbeans.PluginGenerator          I SRVE9103I: A configuration file for a web server plugin was automatically generated for this server at E:\facultate\master\java\java\tehnologii_java\documents-caller\documents-caller\target\liberty\wlp\usr\servers\documents-caller\logs\state\plugin-cfg.xml.
[28/12/21 22:04:03:692 EET] 00000035 io.openliberty.microprofile.openapi20.ApplicationProcessor   I CWWKO1660I: The application documents-caller was processed and an OpenAPI document was produced.
[28/12/21 22:04:04:065 EET] 00000035 com.ibm.ws.webcontainer.osgi.webapp.WebGroup                 I SRVE0169I: Loading Web Module: documents-caller.
[28/12/21 22:04:04:065 EET] 00000035 com.ibm.ws.http.internal.VirtualHostImpl                     A CWWKT0016I: Web application available (default_host): http://localhost:9090/
[28/12/21 22:04:04:066 EET] 0000002e com.ibm.ws.session.WASSessionCore                            I SESN0176I: A new session context will be created for application key default_host/
[28/12/21 22:04:04:067 EET] 0000002e com.ibm.ws.util                                              I SESN0172I: The session manager is using the Java default SecureRandom implementation for session ID generation.
[28/12/21 22:04:04:085 EET] 0000002e com.ibm.ws.app.manager.AppMessageHelper                      A CWWKZ0003I: The application documents-caller updated in 1.197 seconds.
[28/12/21 22:04:04:275 EET] 00000025 com.ibm.ws.webcontainer.osgi.mbeans.PluginGenerator          I SRVE9103I: A configuration file for a web server plugin was automatically generated for this server at E:\facultate\master\java\java\tehnologii_java\documents-caller\documents-caller\target\liberty\wlp\usr\servers\documents-caller\logs\state\plugin-cfg.xml.
[28/12/21 22:04:12:602 EET] 0000002c com.ibm.ws.session.WASSessionCore                            W Detected JSESSIONID with invalid length; expected length of 23, found 24, setting: 07550eae2ed9e628db7f8dce to null.
[28/12/21 22:04:12:726 EET] 0000002c g.apache.cxf.cxf.core.3.2:1.0.59.cl211220211117-1256(id=97)] I Setting the server's publish address to be /data/
[28/12/21 22:04:12:830 EET] 0000002c com.ibm.ws.webcontainer.servlet                              I SRVE0242I: [documents-caller] [/] [com.example.documents.caller.DocumentscallerRestApplication]: Initialization successful.
[28/12/21 22:04:12:875 EET] 0000002c SystemErr                                                    R java.lang.IllegalStateException: The following values are either null or empty - fullyQualifiedClassName: null fullMethodSignature: null
[28/12/21 22:04:12:878 EET] 0000002c SystemErr                                                    R 	at io.openliberty.microprofile.metrics.internal.monitor.MetricsJaxRsEMCallbackImpl.resolveSimpleTimerClassMethodTags(MetricsJaxRsEMCallbackImpl.java:120)
[28/12/21 22:04:12:901 EET] 0000002c SystemErr                                                    R 	at io.openliberty.microprofile.metrics.internal.monitor.MetricsJaxRsEMCallbackImpl.onDefaultMappedException(MetricsJaxRsEMCallbackImpl.java:81)
[28/12/21 22:04:12:902 EET] 0000002c SystemErr                                                    R 	at com.ibm.ws.jaxrs.defaultexceptionmapper.DefaultExceptionMapper.toResponse(DefaultExceptionMapper.java:52)
[28/12/21 22:04:12:902 EET] 0000002c SystemErr                                                    R 	at org.apache.cxf.jaxrs.utils.ExceptionUtils.convertFaultToResponse(ExceptionUtils.java:85)
[28/12/21 22:04:12:902 EET] 0000002c SystemErr                                                    R 	at org.apache.cxf.jaxrs.utils.JAXRSUtils.convertFaultToResponse(JAXRSUtils.java:1881)
[28/12/21 22:04:12:902 EET] 0000002c SystemErr                                                    R 	at org.apache.cxf.jaxrs.interceptor.JAXRSInInterceptor.convertExceptionToResponseIfPossible(JAXRSInInterceptor.java:296)
[28/12/21 22:04:12:902 EET] 0000002c SystemErr                                                    R 	at org.apache.cxf.jaxrs.interceptor.JAXRSInInterceptor.handleMessage(JAXRSInInterceptor.java:103)
[28/12/21 22:04:12:902 EET] 0000002c SystemErr                                                    R 	at org.apache.cxf.phase.PhaseInterceptorChain.doIntercept(PhaseInterceptorChain.java:308)
[28/12/21 22:04:12:902 EET] 0000002c SystemErr                                                    R 	at org.apache.cxf.transport.ChainInitiationObserver.onMessage(ChainInitiationObserver.java:123)
[28/12/21 22:04:12:903 EET] 0000002c SystemErr                                                    R 	at org.apache.cxf.transport.http.AbstractHTTPDestination.invoke(AbstractHTTPDestination.java:277)
[28/12/21 22:04:12:903 EET] 0000002c SystemErr                                                    R 	at com.ibm.ws.jaxrs20.endpoint.AbstractJaxRsWebEndpoint.invoke(AbstractJaxRsWebEndpoint.java:137)
[28/12/21 22:04:12:903 EET] 0000002c SystemErr                                                    R 	at com.ibm.websphere.jaxrs.server.IBMRestServlet.handleRequest(IBMRestServlet.java:146)
[28/12/21 22:04:12:903 EET] 0000002c SystemErr                                                    R 	at com.ibm.websphere.jaxrs.server.IBMRestServlet.doGet(IBMRestServlet.java:112)
[28/12/21 22:04:12:903 EET] 0000002c SystemErr                                                    R 	at javax.servlet.http.HttpServlet.service(HttpServlet.java:686)
[28/12/21 22:04:12:903 EET] 0000002c SystemErr                                                    R 	at com.ibm.websphere.jaxrs.server.IBMRestServlet.service(IBMRestServlet.java:96)
[28/12/21 22:04:12:903 EET] 0000002c SystemErr                                                    R 	at com.ibm.ws.webcontainer.servlet.ServletWrapper.service(ServletWrapper.java:1258)
[28/12/21 22:04:12:903 EET] 0000002c SystemErr                                                    R 	at com.ibm.ws.webcontainer.servlet.ServletWrapper.handleRequest(ServletWrapper.java:746)
[28/12/21 22:04:12:904 EET] 0000002c SystemErr                                                    R 	at com.ibm.ws.webcontainer.servlet.ServletWrapper.handleRequest(ServletWrapper.java:443)
[28/12/21 22:04:12:904 EET] 0000002c SystemErr                                                    R 	at com.ibm.ws.webcontainer.filter.WebAppFilterChain.invokeTarget(WebAppFilterChain.java:193)
[28/12/21 22:04:12:904 EET] 0000002c SystemErr                                                    R 	at com.ibm.ws.webcontainer.filter.WebAppFilterChain.doFilter(WebAppFilterChain.java:98)
[28/12/21 22:04:12:904 EET] 0000002c SystemErr                                                    R 	at com.ibm.ws.security.jaspi.JaspiServletFilter.doFilter(JaspiServletFilter.java:56)
[28/12/21 22:04:12:904 EET] 0000002c SystemErr                                                    R 	at com.ibm.ws.webcontainer.filter.FilterInstanceWrapper.doFilter(FilterInstanceWrapper.java:201)
[28/12/21 22:04:12:904 EET] 0000002c SystemErr                                                    R 	at com.ibm.ws.webcontainer.filter.WebAppFilterChain.doFilter(WebAppFilterChain.java:91)
[28/12/21 22:04:12:904 EET] 0000002c SystemErr                                                    R 	at com.ibm.ws.webcontainer.filter.WebAppFilterManager.doFilter(WebAppFilterManager.java:1002)
[28/12/21 22:04:12:904 EET] 0000002c SystemErr                                                    R 	at com.ibm.ws.webcontainer.filter.WebAppFilterManager.invokeFilters(WebAppFilterManager.java:1140)
[28/12/21 22:04:12:904 EET] 0000002c SystemErr                                                    R 	at com.ibm.ws.webcontainer.webapp.WebApp.handleRequest(WebApp.java:5049)
[28/12/21 22:04:12:904 EET] 0000002c SystemErr                                                    R 	at com.ibm.ws.webcontainer.osgi.DynamicVirtualHost$2.handleRequest(DynamicVirtualHost.java:320)
[28/12/21 22:04:12:905 EET] 0000002c SystemErr                                                    R 	at com.ibm.ws.webcontainer.WebContainer.handleRequest(WebContainer.java:1007)
[28/12/21 22:04:12:905 EET] 0000002c SystemErr                                                    R 	at com.ibm.ws.webcontainer.osgi.DynamicVirtualHost$2.run(DynamicVirtualHost.java:285)
[28/12/21 22:04:12:905 EET] 0000002c SystemErr                                                    R 	at com.ibm.ws.http.dispatcher.internal.channel.HttpDispatcherLink$TaskWrapper.run(HttpDispatcherLink.java:1184)
[28/12/21 22:04:12:905 EET] 0000002c SystemErr                                                    R 	at com.ibm.ws.http.dispatcher.internal.channel.HttpDispatcherLink.wrapHandlerAndExecute(HttpDispatcherLink.java:453)
[28/12/21 22:04:12:905 EET] 0000002c SystemErr                                                    R 	at com.ibm.ws.http.dispatcher.internal.channel.HttpDispatcherLink.ready(HttpDispatcherLink.java:412)
[28/12/21 22:04:12:905 EET] 0000002c SystemErr                                                    R 	at com.ibm.ws.http.channel.internal.inbound.HttpInboundLink.handleDiscrimination(HttpInboundLink.java:566)
[28/12/21 22:04:12:905 EET] 0000002c SystemErr                                                    R 	at com.ibm.ws.http.channel.internal.inbound.HttpInboundLink.handleNewRequest(HttpInboundLink.java:500)
[28/12/21 22:04:12:905 EET] 0000002c SystemErr                                                    R 	at com.ibm.ws.http.channel.internal.inbound.HttpInboundLink.processRequest(HttpInboundLink.java:360)
[28/12/21 22:04:12:905 EET] 0000002c SystemErr                                                    R 	at com.ibm.ws.http.channel.internal.inbound.HttpInboundLink.ready(HttpInboundLink.java:327)
[28/12/21 22:04:12:905 EET] 0000002c SystemErr                                                    R 	at com.ibm.ws.tcpchannel.internal.NewConnectionInitialReadCallback.sendToDiscriminators(NewConnectionInitialReadCallback.java:167)
[28/12/21 22:04:12:905 EET] 0000002c SystemErr                                                    R 	at com.ibm.ws.tcpchannel.internal.NewConnectionInitialReadCallback.complete(NewConnectionInitialReadCallback.java:75)
[28/12/21 22:04:12:905 EET] 0000002c SystemErr                                                    R 	at com.ibm.ws.tcpchannel.internal.WorkQueueManager.requestComplete(WorkQueueManager.java:504)
[28/12/21 22:04:12:906 EET] 0000002c SystemErr                                                    R 	at com.ibm.ws.tcpchannel.internal.WorkQueueManager.attemptIO(WorkQueueManager.java:574)
[28/12/21 22:04:12:906 EET] 0000002c SystemErr                                                    R 	at com.ibm.ws.tcpchannel.internal.WorkQueueManager.workerRun(WorkQueueManager.java:958)
[28/12/21 22:04:12:906 EET] 0000002c SystemErr                                                    R 	at com.ibm.ws.tcpchannel.internal.WorkQueueManager$Worker.run(WorkQueueManager.java:1047)
[28/12/21 22:04:12:906 EET] 0000002c SystemErr                                                    R 	at com.ibm.ws.threading.internal.ExecutorServiceImpl$RunnableWrapper.run(ExecutorServiceImpl.java:238)
[28/12/21 22:04:12:906 EET] 0000002c SystemErr                                                    R 	at java.util.concurrent.ThreadPoolExecutor.runWorker(ThreadPoolExecutor.java:1149)
[28/12/21 22:04:12:906 EET] 0000002c SystemErr                                                    R 	at java.util.concurrent.ThreadPoolExecutor$Worker.run(ThreadPoolExecutor.java:624)
[28/12/21 22:04:12:906 EET] 0000002c SystemErr                                                    R 	at java.lang.Thread.run(Thread.java:748)
[28/12/21 22:04:41:781 EET] 00000035 com.ibm.ws.session.WASSessionCore                            W Detected JSESSIONID with invalid length; expected length of 23, found 24, setting: 07550eae2ed9e628db7f8dce to null.
[28/12/21 22:04:42:092 EET] 00000035 io.jaegertracing.Configuration                               I Initialized tracer=JaegerTracer(version=Java-1.5.0, serviceName=documents-caller, reporter=RemoteReporter(sender=UdpSender(host=localhost, port=6831), closeEnqueueTimeout=1000), sampler=RemoteControlledSampler(maxOperations=2000, manager=HttpSamplingManager(hostPort=localhost:5778), sampler=ProbabilisticSampler(tags={sampler.type=probabilistic, sampler.param=0.001})), tags={hostname=DESKTOP-LM50P3I, jaeger.version=Java-1.5.0, ip=172.17.128.1}, zipkinSharedRpcSpan=false, expandExceptionLogs=false, useTraceId128Bit=false)
[28/12/21 22:04:42:092 EET] 00000035 m.ibm.ws.microprofile.opentracing.jaeger.JaegerTracerFactory I CWMOT1001I: A JaegerTracer instance was created for the documents-caller application.  Tracing information is sent to localhost:6831.
[28/12/21 22:04:45:358 EET] 00000035 org.apache.cxf.jaxrs.utils.JAXRSUtils                        E No message body writer has been found for class java.util.ArrayList, ContentType: text/html
[28/12/21 22:05:41:797 EET] 00000032 com.ibm.ws.http.internal.VirtualHostImpl                     A CWWKT0017I: Web application removed (default_host): http://localhost:9090/
[28/12/21 22:05:41:802 EET] 00000032 com.ibm.ws.webcontainer.servlet                              I SRVE0253I: [documents-caller] [/] [com.example.documents.caller.DocumentscallerRestApplication]: Destroy successful.
[28/12/21 22:05:41:815 EET] 00000032 com.ibm.ws.app.manager.AppMessageHelper                      A CWWKZ0009I: The application documents-caller has stopped successfully.
[28/12/21 22:05:41:819 EET] 00000032 com.ibm.ws.app.manager.AppMessageHelper                      I CWWKZ0018I: Starting application documents-caller.
[28/12/21 22:05:41:819 EET] 00000032 bm.ws.app.manager.war.internal.WARDeployedAppInfoFactoryImpl I CWWKZ0134I: The documents-caller application is using the loose application definition at the E:\facultate\master\java\java\tehnologii_java\documents-caller\documents-caller\target\liberty\wlp\usr\servers\documents-caller\apps\documents-caller.war.xml location.
[28/12/21 22:05:41:873 EET] 00000038 com.ibm.ws.webcontainer.osgi.mbeans.PluginGenerator          I SRVE9103I: A configuration file for a web server plugin was automatically generated for this server at E:\facultate\master\java\java\tehnologii_java\documents-caller\documents-caller\target\liberty\wlp\usr\servers\documents-caller\logs\state\plugin-cfg.xml.
[28/12/21 22:05:42:629 EET] 00000032 io.openliberty.microprofile.openapi20.ApplicationProcessor   I CWWKO1660I: The application documents-caller was processed and an OpenAPI document was produced.
[28/12/21 22:05:43:017 EET] 00000032 com.ibm.ws.webcontainer.osgi.webapp.WebGroup                 I SRVE0169I: Loading Web Module: documents-caller.
[28/12/21 22:05:43:018 EET] 00000032 com.ibm.ws.http.internal.VirtualHostImpl                     A CWWKT0016I: Web application available (default_host): http://localhost:9090/
[28/12/21 22:05:43:019 EET] 00000025 com.ibm.ws.session.WASSessionCore                            I SESN0176I: A new session context will be created for application key default_host/
[28/12/21 22:05:43:019 EET] 00000025 com.ibm.ws.util                                              I SESN0172I: The session manager is using the Java default SecureRandom implementation for session ID generation.
[28/12/21 22:05:43:040 EET] 00000025 com.ibm.ws.app.manager.AppMessageHelper                      A CWWKZ0003I: The application documents-caller updated in 1.221 seconds.
[28/12/21 22:05:43:085 EET] 00000032 com.ibm.ws.webcontainer.osgi.mbeans.PluginGenerator          I SRVE9103I: A configuration file for a web server plugin was automatically generated for this server at E:\facultate\master\java\java\tehnologii_java\documents-caller\documents-caller\target\liberty\wlp\usr\servers\documents-caller\logs\state\plugin-cfg.xml.
[28/12/21 22:06:01:381 EET] 0000002d com.ibm.ws.http.internal.VirtualHostImpl                     A CWWKT0017I: Web application removed (default_host): http://localhost:9090/
[28/12/21 22:06:01:394 EET] 0000002d com.ibm.ws.app.manager.AppMessageHelper                      A CWWKZ0009I: The application documents-caller has stopped successfully.
[28/12/21 22:06:01:400 EET] 0000002d com.ibm.ws.app.manager.AppMessageHelper                      I CWWKZ0018I: Starting application documents-caller.
[28/12/21 22:06:01:400 EET] 0000002d bm.ws.app.manager.war.internal.WARDeployedAppInfoFactoryImpl I CWWKZ0134I: The documents-caller application is using the loose application definition at the E:\facultate\master\java\java\tehnologii_java\documents-caller\documents-caller\target\liberty\wlp\usr\servers\documents-caller\apps\documents-caller.war.xml location.
[28/12/21 22:06:01:456 EET] 00000036 com.ibm.ws.webcontainer.osgi.mbeans.PluginGenerator          I SRVE9103I: A configuration file for a web server plugin was automatically generated for this server at E:\facultate\master\java\java\tehnologii_java\documents-caller\documents-caller\target\liberty\wlp\usr\servers\documents-caller\logs\state\plugin-cfg.xml.
[28/12/21 22:06:02:168 EET] 0000002d io.openliberty.microprofile.openapi20.ApplicationProcessor   I CWWKO1660I: The application documents-caller was processed and an OpenAPI document was produced.
[28/12/21 22:06:02:471 EET] 0000002d com.ibm.ws.webcontainer.osgi.webapp.WebGroup                 I SRVE0169I: Loading Web Module: documents-caller.
[28/12/21 22:06:02:471 EET] 0000002d com.ibm.ws.http.internal.VirtualHostImpl                     A CWWKT0016I: Web application available (default_host): http://localhost:9090/
[28/12/21 22:06:02:473 EET] 00000054 com.ibm.ws.session.WASSessionCore                            I SESN0176I: A new session context will be created for application key default_host/
[28/12/21 22:06:02:473 EET] 00000054 com.ibm.ws.util                                              I SESN0172I: The session manager is using the Java default SecureRandom implementation for session ID generation.
[28/12/21 22:06:02:490 EET] 00000054 com.ibm.ws.app.manager.AppMessageHelper                      A CWWKZ0003I: The application documents-caller updated in 1.090 seconds.
[28/12/21 22:06:02:584 EET] 00000023 com.ibm.ws.webcontainer.osgi.mbeans.PluginGenerator          I SRVE9103I: A configuration file for a web server plugin was automatically generated for this server at E:\facultate\master\java\java\tehnologii_java\documents-caller\documents-caller\target\liberty\wlp\usr\servers\documents-caller\logs\state\plugin-cfg.xml.
[28/12/21 22:06:25:092 EET] 00000037 com.ibm.ws.http.internal.VirtualHostImpl                     A CWWKT0017I: Web application removed (default_host): http://localhost:9090/
[28/12/21 22:06:25:149 EET] 00000037 com.ibm.ws.app.manager.AppMessageHelper                      A CWWKZ0009I: The application documents-caller has stopped successfully.
[28/12/21 22:06:25:156 EET] 00000037 com.ibm.ws.app.manager.AppMessageHelper                      I CWWKZ0018I: Starting application documents-caller.
[28/12/21 22:06:25:156 EET] 00000037 bm.ws.app.manager.war.internal.WARDeployedAppInfoFactoryImpl I CWWKZ0134I: The documents-caller application is using the loose application definition at the E:\facultate\master\java\java\tehnologii_java\documents-caller\documents-caller\target\liberty\wlp\usr\servers\documents-caller\apps\documents-caller.war.xml location.
[28/12/21 22:06:25:207 EET] 00000023 com.ibm.ws.webcontainer.osgi.mbeans.PluginGenerator          I SRVE9103I: A configuration file for a web server plugin was automatically generated for this server at E:\facultate\master\java\java\tehnologii_java\documents-caller\documents-caller\target\liberty\wlp\usr\servers\documents-caller\logs\state\plugin-cfg.xml.
[28/12/21 22:06:25:877 EET] 00000037 io.openliberty.microprofile.openapi20.ApplicationProcessor   I CWWKO1660I: The application documents-caller was processed and an OpenAPI document was produced.
[28/12/21 22:06:26:219 EET] 00000037 com.ibm.ws.webcontainer.osgi.webapp.WebGroup                 I SRVE0169I: Loading Web Module: documents-caller.
[28/12/21 22:06:26:219 EET] 00000037 com.ibm.ws.http.internal.VirtualHostImpl                     A CWWKT0016I: Web application available (default_host): http://localhost:9090/
[28/12/21 22:06:26:220 EET] 00000036 com.ibm.ws.session.WASSessionCore                            I SESN0176I: A new session context will be created for application key default_host/
[28/12/21 22:06:26:221 EET] 00000036 com.ibm.ws.util                                              I SESN0172I: The session manager is using the Java default SecureRandom implementation for session ID generation.
[28/12/21 22:06:26:237 EET] 00000036 com.ibm.ws.app.manager.AppMessageHelper                      A CWWKZ0003I: The application documents-caller updated in 1.081 seconds.
[28/12/21 22:06:26:427 EET] 00000035 com.ibm.ws.webcontainer.osgi.mbeans.PluginGenerator          I SRVE9103I: A configuration file for a web server plugin was automatically generated for this server at E:\facultate\master\java\java\tehnologii_java\documents-caller\documents-caller\target\liberty\wlp\usr\servers\documents-caller\logs\state\plugin-cfg.xml.
[28/12/21 22:06:30:022 EET] 00000052 com.ibm.ws.session.WASSessionCore                            W Detected JSESSIONID with invalid length; expected length of 23, found 24, setting: 07550eae2ed9e628db7f8dce to null.
[28/12/21 22:06:30:028 EET] 00000052 g.apache.cxf.cxf.core.3.2:1.0.59.cl211220211117-1256(id=97)] I Setting the server's publish address to be /data/
[28/12/21 22:06:30:034 EET] 00000052 com.ibm.ws.webcontainer.servlet                              I SRVE0242I: [documents-caller] [/] [com.example.documents.caller.DocumentscallerRestApplication]: Initialization successful.
[28/12/21 22:06:30:199 EET] 00000052 io.jaegertracing.Configuration                               I Initialized tracer=JaegerTracer(version=Java-1.5.0, serviceName=documents-caller, reporter=RemoteReporter(sender=UdpSender(host=localhost, port=6831), closeEnqueueTimeout=1000), sampler=RemoteControlledSampler(maxOperations=2000, manager=HttpSamplingManager(hostPort=localhost:5778), sampler=ProbabilisticSampler(tags={sampler.type=probabilistic, sampler.param=0.001})), tags={hostname=DESKTOP-LM50P3I, jaeger.version=Java-1.5.0, ip=172.17.128.1}, zipkinSharedRpcSpan=false, expandExceptionLogs=false, useTraceId128Bit=false)
[28/12/21 22:06:30:200 EET] 00000052 m.ibm.ws.microprofile.opentracing.jaeger.JaegerTracerFactory I CWMOT1001I: A JaegerTracer instance was created for the documents-caller application.  Tracing information is sent to localhost:6831.
[28/12/21 22:06:30:257 EET] 00000052 org.apache.cxf.jaxrs.utils.JAXRSUtils                        E No message body writer has been found for class java.util.ArrayList, ContentType: text/html
[28/12/21 22:07:00:193 EET] 0000002f com.ibm.ws.http.internal.VirtualHostImpl                     A CWWKT0017I: Web application removed (default_host): http://localhost:9090/
[28/12/21 22:07:00:195 EET] 0000002f com.ibm.ws.webcontainer.servlet                              I SRVE0253I: [documents-caller] [/] [com.example.documents.caller.DocumentscallerRestApplication]: Destroy successful.
[28/12/21 22:07:00:204 EET] 0000002f com.ibm.ws.app.manager.AppMessageHelper                      A CWWKZ0009I: The application documents-caller has stopped successfully.
[28/12/21 22:07:00:209 EET] 0000002f com.ibm.ws.app.manager.AppMessageHelper                      I CWWKZ0018I: Starting application documents-caller.
[28/12/21 22:07:00:210 EET] 0000002f bm.ws.app.manager.war.internal.WARDeployedAppInfoFactoryImpl I CWWKZ0134I: The documents-caller application is using the loose application definition at the E:\facultate\master\java\java\tehnologii_java\documents-caller\documents-caller\target\liberty\wlp\usr\servers\documents-caller\apps\documents-caller.war.xml location.
[28/12/21 22:07:00:262 EET] 00000075 com.ibm.ws.webcontainer.osgi.mbeans.PluginGenerator          I SRVE9103I: A configuration file for a web server plugin was automatically generated for this server at E:\facultate\master\java\java\tehnologii_java\documents-caller\documents-caller\target\liberty\wlp\usr\servers\documents-caller\logs\state\plugin-cfg.xml.
[28/12/21 22:07:00:893 EET] 0000002f io.openliberty.microprofile.openapi20.ApplicationProcessor   I CWWKO1660I: The application documents-caller was processed and an OpenAPI document was produced.
[28/12/21 22:07:01:248 EET] 0000002f com.ibm.ws.webcontainer.osgi.webapp.WebGroup                 I SRVE0169I: Loading Web Module: documents-caller.
[28/12/21 22:07:01:249 EET] 0000002f com.ibm.ws.http.internal.VirtualHostImpl                     A CWWKT0016I: Web application available (default_host): http://localhost:9090/
[28/12/21 22:07:01:250 EET] 00000058 com.ibm.ws.session.WASSessionCore                            I SESN0176I: A new session context will be created for application key default_host/
[28/12/21 22:07:01:251 EET] 00000058 com.ibm.ws.util                                              I SESN0172I: The session manager is using the Java default SecureRandom implementation for session ID generation.
[28/12/21 22:07:01:271 EET] 00000058 com.ibm.ws.app.manager.AppMessageHelper                      A CWWKZ0003I: The application documents-caller updated in 1.062 seconds.
[28/12/21 22:07:01:341 EET] 00000079 com.ibm.ws.webcontainer.osgi.mbeans.PluginGenerator          I SRVE9103I: A configuration file for a web server plugin was automatically generated for this server at E:\facultate\master\java\java\tehnologii_java\documents-caller\documents-caller\target\liberty\wlp\usr\servers\documents-caller\logs\state\plugin-cfg.xml.
[28/12/21 22:07:17:418 EET] 0000002f com.ibm.ws.session.WASSessionCore                            W Detected JSESSIONID with invalid length; expected length of 23, found 24, setting: 07550eae2ed9e628db7f8dce to null.
[28/12/21 22:07:17:427 EET] 0000002f g.apache.cxf.cxf.core.3.2:1.0.59.cl211220211117-1256(id=97)] I Setting the server's publish address to be /data/
[28/12/21 22:07:17:433 EET] 0000002f com.ibm.ws.webcontainer.servlet                              I SRVE0242I: [documents-caller] [/] [com.example.documents.caller.DocumentscallerRestApplication]: Initialization successful.
[28/12/21 22:07:17:602 EET] 0000002f io.jaegertracing.Configuration                               I Initialized tracer=JaegerTracer(version=Java-1.5.0, serviceName=documents-caller, reporter=RemoteReporter(sender=UdpSender(host=localhost, port=6831), closeEnqueueTimeout=1000), sampler=RemoteControlledSampler(maxOperations=2000, manager=HttpSamplingManager(hostPort=localhost:5778), sampler=ProbabilisticSampler(tags={sampler.type=probabilistic, sampler.param=0.001})), tags={hostname=DESKTOP-LM50P3I, jaeger.version=Java-1.5.0, ip=172.17.128.1}, zipkinSharedRpcSpan=false, expandExceptionLogs=false, useTraceId128Bit=false)
[28/12/21 22:07:17:602 EET] 0000002f m.ibm.ws.microprofile.opentracing.jaeger.JaegerTracerFactory I CWMOT1001I: A JaegerTracer instance was created for the documents-caller application.  Tracing information is sent to localhost:6831.
[28/12/21 22:07:17:648 EET] 0000002f org.apache.cxf.jaxrs.utils.JAXRSUtils                        E No message body writer has been found for class java.util.ArrayList, ContentType: text/html
[28/12/21 22:08:42:755 EET] 00000096 com.ibm.ws.http.internal.VirtualHostImpl                     A CWWKT0017I: Web application removed (default_host): http://localhost:9090/
[28/12/21 22:08:42:758 EET] 00000096 com.ibm.ws.webcontainer.servlet                              I SRVE0253I: [documents-caller] [/] [com.example.documents.caller.DocumentscallerRestApplication]: Destroy successful.
[28/12/21 22:08:42:766 EET] 00000096 com.ibm.ws.app.manager.AppMessageHelper                      A CWWKZ0009I: The application documents-caller has stopped successfully.
[28/12/21 22:08:42:771 EET] 00000096 com.ibm.ws.app.manager.AppMessageHelper                      I CWWKZ0018I: Starting application documents-caller.
[28/12/21 22:08:42:771 EET] 00000096 bm.ws.app.manager.war.internal.WARDeployedAppInfoFactoryImpl I CWWKZ0134I: The documents-caller application is using the loose application definition at the E:\facultate\master\java\java\tehnologii_java\documents-caller\documents-caller\target\liberty\wlp\usr\servers\documents-caller\apps\documents-caller.war.xml location.
[28/12/21 22:08:42:820 EET] 00000093 com.ibm.ws.webcontainer.osgi.mbeans.PluginGenerator          I SRVE9103I: A configuration file for a web server plugin was automatically generated for this server at E:\facultate\master\java\java\tehnologii_java\documents-caller\documents-caller\target\liberty\wlp\usr\servers\documents-caller\logs\state\plugin-cfg.xml.
[28/12/21 22:08:43:661 EET] 00000096 io.openliberty.microprofile.openapi20.ApplicationProcessor   I CWWKO1660I: The application documents-caller was processed and an OpenAPI document was produced.
[28/12/21 22:08:43:958 EET] 00000096 com.ibm.ws.webcontainer.osgi.webapp.WebGroup                 I SRVE0169I: Loading Web Module: documents-caller.
[28/12/21 22:08:43:958 EET] 00000096 com.ibm.ws.http.internal.VirtualHostImpl                     A CWWKT0016I: Web application available (default_host): http://localhost:9090/
[28/12/21 22:08:43:960 EET] 00000051 com.ibm.ws.session.WASSessionCore                            I SESN0176I: A new session context will be created for application key default_host/
[28/12/21 22:08:43:960 EET] 00000051 com.ibm.ws.util                                              I SESN0172I: The session manager is using the Java default SecureRandom implementation for session ID generation.
[28/12/21 22:08:43:979 EET] 00000051 com.ibm.ws.app.manager.AppMessageHelper                      A CWWKZ0003I: The application documents-caller updated in 1.208 seconds.
[28/12/21 22:08:44:020 EET] 0000002b com.ibm.ws.webcontainer.osgi.mbeans.PluginGenerator          I SRVE9103I: A configuration file for a web server plugin was automatically generated for this server at E:\facultate\master\java\java\tehnologii_java\documents-caller\documents-caller\target\liberty\wlp\usr\servers\documents-caller\logs\state\plugin-cfg.xml.
[28/12/21 22:08:57:610 EET] 00000088 com.ibm.ws.session.WASSessionCore                            W Detected JSESSIONID with invalid length; expected length of 23, found 24, setting: 07550eae2ed9e628db7f8dce to null.
[28/12/21 22:08:57:635 EET] 00000088 g.apache.cxf.cxf.core.3.2:1.0.59.cl211220211117-1256(id=97)] I Setting the server's publish address to be /data/
[28/12/21 22:08:57:639 EET] 00000088 com.ibm.ws.webcontainer.servlet                              I SRVE0242I: [documents-caller] [/] [com.example.documents.caller.DocumentscallerRestApplication]: Initialization successful.
[28/12/21 22:08:57:798 EET] 00000088 io.jaegertracing.Configuration                               I Initialized tracer=JaegerTracer(version=Java-1.5.0, serviceName=documents-caller, reporter=RemoteReporter(sender=UdpSender(host=localhost, port=6831), closeEnqueueTimeout=1000), sampler=RemoteControlledSampler(maxOperations=2000, manager=HttpSamplingManager(hostPort=localhost:5778), sampler=ProbabilisticSampler(tags={sampler.type=probabilistic, sampler.param=0.001})), tags={hostname=DESKTOP-LM50P3I, jaeger.version=Java-1.5.0, ip=172.17.128.1}, zipkinSharedRpcSpan=false, expandExceptionLogs=false, useTraceId128Bit=false)
[28/12/21 22:08:57:798 EET] 00000088 m.ibm.ws.microprofile.opentracing.jaeger.JaegerTracerFactory I CWMOT1001I: A JaegerTracer instance was created for the documents-caller application.  Tracing information is sent to localhost:6831.
[28/12/21 22:08:57:837 EET] 00000088 org.apache.cxf.jaxrs.utils.JAXRSUtils                        E No message body writer has been found for class java.util.ArrayList, ContentType: text/html
[28/12/21 22:10:53:083 EET] 00000095 com.ibm.ws.http.internal.VirtualHostImpl                     A CWWKT0017I: Web application removed (default_host): http://localhost:9090/
[28/12/21 22:10:53:084 EET] 00000095 com.ibm.ws.webcontainer.servlet                              I SRVE0253I: [documents-caller] [/] [com.example.documents.caller.DocumentscallerRestApplication]: Destroy successful.
[28/12/21 22:10:53:091 EET] 00000095 com.ibm.ws.app.manager.AppMessageHelper                      A CWWKZ0009I: The application documents-caller has stopped successfully.
[28/12/21 22:10:53:096 EET] 00000095 com.ibm.ws.app.manager.AppMessageHelper                      I CWWKZ0018I: Starting application documents-caller.
[28/12/21 22:10:53:096 EET] 00000095 bm.ws.app.manager.war.internal.WARDeployedAppInfoFactoryImpl I CWWKZ0134I: The documents-caller application is using the loose application definition at the E:\facultate\master\java\java\tehnologii_java\documents-caller\documents-caller\target\liberty\wlp\usr\servers\documents-caller\apps\documents-caller.war.xml location.
[28/12/21 22:10:53:154 EET] 00000079 com.ibm.ws.webcontainer.osgi.mbeans.PluginGenerator          I SRVE9103I: A configuration file for a web server plugin was automatically generated for this server at E:\facultate\master\java\java\tehnologii_java\documents-caller\documents-caller\target\liberty\wlp\usr\servers\documents-caller\logs\state\plugin-cfg.xml.
[28/12/21 22:10:53:823 EET] 00000095 io.openliberty.microprofile.openapi20.ApplicationProcessor   I CWWKO1660I: The application documents-caller was processed and an OpenAPI document was produced.
[28/12/21 22:10:54:077 EET] 00000095 com.ibm.ws.webcontainer.osgi.webapp.WebGroup                 I SRVE0169I: Loading Web Module: documents-caller.
[28/12/21 22:10:54:077 EET] 00000095 com.ibm.ws.http.internal.VirtualHostImpl                     A CWWKT0016I: Web application available (default_host): http://localhost:9090/
[28/12/21 22:10:54:078 EET] 000000bc com.ibm.ws.session.WASSessionCore                            I SESN0176I: A new session context will be created for application key default_host/
[28/12/21 22:10:54:079 EET] 000000bc com.ibm.ws.util                                              I SESN0172I: The session manager is using the Java default SecureRandom implementation for session ID generation.
[28/12/21 22:10:54:097 EET] 000000bc com.ibm.ws.app.manager.AppMessageHelper                      A CWWKZ0003I: The application documents-caller updated in 1.001 seconds.
[28/12/21 22:10:54:143 EET] 00000090 com.ibm.ws.webcontainer.osgi.mbeans.PluginGenerator          I SRVE9103I: A configuration file for a web server plugin was automatically generated for this server at E:\facultate\master\java\java\tehnologii_java\documents-caller\documents-caller\target\liberty\wlp\usr\servers\documents-caller\logs\state\plugin-cfg.xml.
[28/12/21 22:11:05:989 EET] 000000bf com.ibm.ws.http.internal.VirtualHostImpl                     A CWWKT0017I: Web application removed (default_host): http://localhost:9090/
[28/12/21 22:11:05:997 EET] 000000bf com.ibm.ws.app.manager.AppMessageHelper                      A CWWKZ0009I: The application documents-caller has stopped successfully.
[28/12/21 22:11:06:001 EET] 000000bf com.ibm.ws.app.manager.AppMessageHelper                      I CWWKZ0018I: Starting application documents-caller.
[28/12/21 22:11:06:001 EET] 000000bf bm.ws.app.manager.war.internal.WARDeployedAppInfoFactoryImpl I CWWKZ0134I: The documents-caller application is using the loose application definition at the E:\facultate\master\java\java\tehnologii_java\documents-caller\documents-caller\target\liberty\wlp\usr\servers\documents-caller\apps\documents-caller.war.xml location.
[28/12/21 22:11:06:053 EET] 000000b7 com.ibm.ws.webcontainer.osgi.mbeans.PluginGenerator          I SRVE9103I: A configuration file for a web server plugin was automatically generated for this server at E:\facultate\master\java\java\tehnologii_java\documents-caller\documents-caller\target\liberty\wlp\usr\servers\documents-caller\logs\state\plugin-cfg.xml.
[28/12/21 22:11:06:866 EET] 000000bf io.openliberty.microprofile.openapi20.ApplicationProcessor   I CWWKO1660I: The application documents-caller was processed and an OpenAPI document was produced.
[28/12/21 22:11:07:177 EET] 000000bf com.ibm.ws.webcontainer.osgi.webapp.WebGroup                 I SRVE0169I: Loading Web Module: documents-caller.
[28/12/21 22:11:07:177 EET] 000000bf com.ibm.ws.http.internal.VirtualHostImpl                     A CWWKT0016I: Web application available (default_host): http://localhost:9090/
[28/12/21 22:11:07:179 EET] 00000078 com.ibm.ws.session.WASSessionCore                            I SESN0176I: A new session context will be created for application key default_host/
[28/12/21 22:11:07:180 EET] 00000078 com.ibm.ws.util                                              I SESN0172I: The session manager is using the Java default SecureRandom implementation for session ID generation.
[28/12/21 22:11:07:204 EET] 00000078 com.ibm.ws.app.manager.AppMessageHelper                      A CWWKZ0003I: The application documents-caller updated in 1.203 seconds.
[28/12/21 22:11:07:266 EET] 000000bf com.ibm.ws.webcontainer.osgi.mbeans.PluginGenerator          I SRVE9103I: A configuration file for a web server plugin was automatically generated for this server at E:\facultate\master\java\java\tehnologii_java\documents-caller\documents-caller\target\liberty\wlp\usr\servers\documents-caller\logs\state\plugin-cfg.xml.
[28/12/21 22:11:08:583 EET] 000000b1 com.ibm.ws.http.internal.VirtualHostImpl                     A CWWKT0017I: Web application removed (default_host): http://localhost:9090/
[28/12/21 22:11:08:590 EET] 000000b1 com.ibm.ws.app.manager.AppMessageHelper                      A CWWKZ0009I: The application documents-caller has stopped successfully.
[28/12/21 22:11:08:594 EET] 000000b1 com.ibm.ws.app.manager.AppMessageHelper                      I CWWKZ0018I: Starting application documents-caller.
[28/12/21 22:11:08:594 EET] 000000b1 bm.ws.app.manager.war.internal.WARDeployedAppInfoFactoryImpl I CWWKZ0134I: The documents-caller application is using the loose application definition at the E:\facultate\master\java\java\tehnologii_java\documents-caller\documents-caller\target\liberty\wlp\usr\servers\documents-caller\apps\documents-caller.war.xml location.
[28/12/21 22:11:08:672 EET] 00000051 com.ibm.ws.webcontainer.osgi.mbeans.PluginGenerator          I SRVE9103I: A configuration file for a web server plugin was automatically generated for this server at E:\facultate\master\java\java\tehnologii_java\documents-caller\documents-caller\target\liberty\wlp\usr\servers\documents-caller\logs\state\plugin-cfg.xml.
[28/12/21 22:11:09:380 EET] 000000b1 io.openliberty.microprofile.openapi20.ApplicationProcessor   I CWWKO1660I: The application documents-caller was processed and an OpenAPI document was produced.
[28/12/21 22:11:09:634 EET] 000000b1 com.ibm.ws.webcontainer.osgi.webapp.WebGroup                 I SRVE0169I: Loading Web Module: documents-caller.
[28/12/21 22:11:09:634 EET] 000000b1 com.ibm.ws.http.internal.VirtualHostImpl                     A CWWKT0016I: Web application available (default_host): http://localhost:9090/
[28/12/21 22:11:09:636 EET] 000000bb com.ibm.ws.session.WASSessionCore                            I SESN0176I: A new session context will be created for application key default_host/
[28/12/21 22:11:09:636 EET] 000000bb com.ibm.ws.util                                              I SESN0172I: The session manager is using the Java default SecureRandom implementation for session ID generation.
[28/12/21 22:11:09:655 EET] 000000bb com.ibm.ws.app.manager.AppMessageHelper                      A CWWKZ0003I: The application documents-caller updated in 1.061 seconds.
[28/12/21 22:11:09:700 EET] 00000090 com.ibm.ws.webcontainer.osgi.mbeans.PluginGenerator          I SRVE9103I: A configuration file for a web server plugin was automatically generated for this server at E:\facultate\master\java\java\tehnologii_java\documents-caller\documents-caller\target\liberty\wlp\usr\servers\documents-caller\logs\state\plugin-cfg.xml.
[28/12/21 22:11:15:618 EET] 00000079 com.ibm.ws.session.WASSessionCore                            W Detected JSESSIONID with invalid length; expected length of 23, found 24, setting: 07550eae2ed9e628db7f8dce to null.
[28/12/21 22:11:15:624 EET] 00000079 g.apache.cxf.cxf.core.3.2:1.0.59.cl211220211117-1256(id=97)] I Setting the server's publish address to be /data/
[28/12/21 22:11:15:627 EET] 00000079 com.ibm.ws.webcontainer.servlet                              I SRVE0242I: [documents-caller] [/] [com.example.documents.caller.DocumentscallerRestApplication]: Initialization successful.
[28/12/21 22:11:15:806 EET] 00000079 io.jaegertracing.Configuration                               I Initialized tracer=JaegerTracer(version=Java-1.5.0, serviceName=documents-caller, reporter=RemoteReporter(sender=UdpSender(host=localhost, port=6831), closeEnqueueTimeout=1000), sampler=RemoteControlledSampler(maxOperations=2000, manager=HttpSamplingManager(hostPort=localhost:5778), sampler=ProbabilisticSampler(tags={sampler.type=probabilistic, sampler.param=0.001})), tags={hostname=DESKTOP-LM50P3I, jaeger.version=Java-1.5.0, ip=172.17.128.1}, zipkinSharedRpcSpan=false, expandExceptionLogs=false, useTraceId128Bit=false)
[28/12/21 22:11:15:807 EET] 00000079 m.ibm.ws.microprofile.opentracing.jaeger.JaegerTracerFactory I CWMOT1001I: A JaegerTracer instance was created for the documents-caller application.  Tracing information is sent to localhost:6831.
[28/12/21 22:11:15:853 EET] 00000079 org.apache.cxf.jaxrs.utils.JAXRSUtils                        E No message body writer has been found for class java.util.ArrayList, ContentType: text/html
[28/12/21 22:16:35:873 EET] 0000010b com.ibm.ws.http.internal.VirtualHostImpl                     A CWWKT0017I: Web application removed (default_host): http://localhost:9090/
[28/12/21 22:16:35:875 EET] 0000010b com.ibm.ws.webcontainer.servlet                              I SRVE0253I: [documents-caller] [/] [com.example.documents.caller.DocumentscallerRestApplication]: Destroy successful.
[28/12/21 22:16:35:881 EET] 0000010b com.ibm.ws.app.manager.AppMessageHelper                      A CWWKZ0009I: The application documents-caller has stopped successfully.
[28/12/21 22:16:35:886 EET] 0000010b com.ibm.ws.app.manager.AppMessageHelper                      I CWWKZ0018I: Starting application documents-caller.
[28/12/21 22:16:35:886 EET] 0000010b bm.ws.app.manager.war.internal.WARDeployedAppInfoFactoryImpl I CWWKZ0134I: The documents-caller application is using the loose application definition at the E:\facultate\master\java\java\tehnologii_java\documents-caller\documents-caller\target\liberty\wlp\usr\servers\documents-caller\apps\documents-caller.war.xml location.
[28/12/21 22:16:35:952 EET] 00000105 com.ibm.ws.webcontainer.osgi.mbeans.PluginGenerator          I SRVE9103I: A configuration file for a web server plugin was automatically generated for this server at E:\facultate\master\java\java\tehnologii_java\documents-caller\documents-caller\target\liberty\wlp\usr\servers\documents-caller\logs\state\plugin-cfg.xml.
[28/12/21 22:16:36:611 EET] 0000010b io.openliberty.microprofile.openapi20.ApplicationProcessor   I CWWKO1660I: The application documents-caller was processed and an OpenAPI document was produced.
[28/12/21 22:16:36:884 EET] 0000010b com.ibm.ws.webcontainer.osgi.webapp.WebGroup                 I SRVE0169I: Loading Web Module: documents-caller.
[28/12/21 22:16:36:884 EET] 0000010b com.ibm.ws.http.internal.VirtualHostImpl                     A CWWKT0016I: Web application available (default_host): http://localhost:9090/
[28/12/21 22:16:36:886 EET] 00000107 com.ibm.ws.session.WASSessionCore                            I SESN0176I: A new session context will be created for application key default_host/
[28/12/21 22:16:36:886 EET] 00000107 com.ibm.ws.util                                              I SESN0172I: The session manager is using the Java default SecureRandom implementation for session ID generation.
[28/12/21 22:16:36:901 EET] 00000107 com.ibm.ws.app.manager.AppMessageHelper                      A CWWKZ0003I: The application documents-caller updated in 1.015 seconds.
[28/12/21 22:16:36:947 EET] 000000ef com.ibm.ws.webcontainer.osgi.mbeans.PluginGenerator          I SRVE9103I: A configuration file for a web server plugin was automatically generated for this server at E:\facultate\master\java\java\tehnologii_java\documents-caller\documents-caller\target\liberty\wlp\usr\servers\documents-caller\logs\state\plugin-cfg.xml.
[28/12/21 22:16:45:174 EET] 00000078 com.ibm.ws.http.internal.VirtualHostImpl                     A CWWKT0017I: Web application removed (default_host): http://localhost:9090/
[28/12/21 22:16:45:181 EET] 00000078 com.ibm.ws.app.manager.AppMessageHelper                      A CWWKZ0009I: The application documents-caller has stopped successfully.
[28/12/21 22:16:45:185 EET] 00000078 com.ibm.ws.app.manager.AppMessageHelper                      I CWWKZ0018I: Starting application documents-caller.
[28/12/21 22:16:45:186 EET] 00000078 bm.ws.app.manager.war.internal.WARDeployedAppInfoFactoryImpl I CWWKZ0134I: The documents-caller application is using the loose application definition at the E:\facultate\master\java\java\tehnologii_java\documents-caller\documents-caller\target\liberty\wlp\usr\servers\documents-caller\apps\documents-caller.war.xml location.
[28/12/21 22:16:45:237 EET] 000000e4 com.ibm.ws.webcontainer.osgi.mbeans.PluginGenerator          I SRVE9103I: A configuration file for a web server plugin was automatically generated for this server at E:\facultate\master\java\java\tehnologii_java\documents-caller\documents-caller\target\liberty\wlp\usr\servers\documents-caller\logs\state\plugin-cfg.xml.
[28/12/21 22:16:45:865 EET] 00000078 io.openliberty.microprofile.openapi20.ApplicationProcessor   I CWWKO1660I: The application documents-caller was processed and an OpenAPI document was produced.
[28/12/21 22:16:46:103 EET] 00000078 com.ibm.ws.webcontainer.osgi.webapp.WebGroup                 I SRVE0169I: Loading Web Module: documents-caller.
[28/12/21 22:16:46:103 EET] 00000078 com.ibm.ws.http.internal.VirtualHostImpl                     A CWWKT0016I: Web application available (default_host): http://localhost:9090/
[28/12/21 22:16:46:104 EET] 00000110 com.ibm.ws.session.WASSessionCore                            I SESN0176I: A new session context will be created for application key default_host/
[28/12/21 22:16:46:105 EET] 00000110 com.ibm.ws.util                                              I SESN0172I: The session manager is using the Java default SecureRandom implementation for session ID generation.
[28/12/21 22:16:46:122 EET] 00000110 com.ibm.ws.app.manager.AppMessageHelper                      A CWWKZ0003I: The application documents-caller updated in 0.937 seconds.
[28/12/21 22:16:46:159 EET] 00000111 com.ibm.ws.webcontainer.osgi.mbeans.PluginGenerator          I SRVE9103I: A configuration file for a web server plugin was automatically generated for this server at E:\facultate\master\java\java\tehnologii_java\documents-caller\documents-caller\target\liberty\wlp\usr\servers\documents-caller\logs\state\plugin-cfg.xml.
[28/12/21 22:16:54:378 EET] 00000108 com.ibm.ws.http.internal.VirtualHostImpl                     A CWWKT0017I: Web application removed (default_host): http://localhost:9090/
[28/12/21 22:16:54:385 EET] 00000108 com.ibm.ws.app.manager.AppMessageHelper                      A CWWKZ0009I: The application documents-caller has stopped successfully.
[28/12/21 22:16:54:389 EET] 00000108 com.ibm.ws.app.manager.AppMessageHelper                      I CWWKZ0018I: Starting application documents-caller.
[28/12/21 22:16:54:389 EET] 00000108 bm.ws.app.manager.war.internal.WARDeployedAppInfoFactoryImpl I CWWKZ0134I: The documents-caller application is using the loose application definition at the E:\facultate\master\java\java\tehnologii_java\documents-caller\documents-caller\target\liberty\wlp\usr\servers\documents-caller\apps\documents-caller.war.xml location.
[28/12/21 22:16:54:574 EET] 00000113 com.ibm.ws.webcontainer.osgi.mbeans.PluginGenerator          I SRVE9103I: A configuration file for a web server plugin was automatically generated for this server at E:\facultate\master\java\java\tehnologii_java\documents-caller\documents-caller\target\liberty\wlp\usr\servers\documents-caller\logs\state\plugin-cfg.xml.
[28/12/21 22:16:55:194 EET] 00000108 io.openliberty.microprofile.openapi20.ApplicationProcessor   I CWWKO1660I: The application documents-caller was processed and an OpenAPI document was produced.
[28/12/21 22:16:55:470 EET] 00000108 com.ibm.ws.webcontainer.osgi.webapp.WebGroup                 I SRVE0169I: Loading Web Module: documents-caller.
[28/12/21 22:16:55:470 EET] 00000108 com.ibm.ws.http.internal.VirtualHostImpl                     A CWWKT0016I: Web application available (default_host): http://localhost:9090/
[28/12/21 22:16:55:471 EET] 0000002b com.ibm.ws.session.WASSessionCore                            I SESN0176I: A new session context will be created for application key default_host/
[28/12/21 22:16:55:472 EET] 0000002b com.ibm.ws.util                                              I SESN0172I: The session manager is using the Java default SecureRandom implementation for session ID generation.
[28/12/21 22:16:55:490 EET] 0000002b com.ibm.ws.app.manager.AppMessageHelper                      A CWWKZ0003I: The application documents-caller updated in 1.101 seconds.
[28/12/21 22:16:55:552 EET] 000000e6 com.ibm.ws.webcontainer.osgi.mbeans.PluginGenerator          I SRVE9103I: A configuration file for a web server plugin was automatically generated for this server at E:\facultate\master\java\java\tehnologii_java\documents-caller\documents-caller\target\liberty\wlp\usr\servers\documents-caller\logs\state\plugin-cfg.xml.
[28/12/21 22:17:08:360 EET] 00000112 com.ibm.ws.session.WASSessionCore                            W Detected JSESSIONID with invalid length; expected length of 23, found 24, setting: 07550eae2ed9e628db7f8dce to null.
[28/12/21 22:17:08:370 EET] 00000112 g.apache.cxf.cxf.core.3.2:1.0.59.cl211220211117-1256(id=97)] I Setting the server's publish address to be /data/
[28/12/21 22:17:08:377 EET] 00000112 com.ibm.ws.webcontainer.servlet                              I SRVE0242I: [documents-caller] [/] [com.example.documents.caller.DocumentscallerRestApplication]: Initialization successful.
[28/12/21 22:17:08:537 EET] 00000112 io.jaegertracing.Configuration                               I Initialized tracer=JaegerTracer(version=Java-1.5.0, serviceName=documents-caller, reporter=RemoteReporter(sender=UdpSender(host=localhost, port=6831), closeEnqueueTimeout=1000), sampler=RemoteControlledSampler(maxOperations=2000, manager=HttpSamplingManager(hostPort=localhost:5778), sampler=ProbabilisticSampler(tags={sampler.type=probabilistic, sampler.param=0.001})), tags={hostname=DESKTOP-LM50P3I, jaeger.version=Java-1.5.0, ip=172.17.128.1}, zipkinSharedRpcSpan=false, expandExceptionLogs=false, useTraceId128Bit=false)
[28/12/21 22:17:08:537 EET] 00000112 m.ibm.ws.microprofile.opentracing.jaeger.JaegerTracerFactory I CWMOT1001I: A JaegerTracer instance was created for the documents-caller application.  Tracing information is sent to localhost:6831.
[28/12/21 22:17:20:637 EET] 00000013 com.ibm.ws.kernel.launch.internal.ServerCommandListener      A CWWKE0055I: Server shutdown requested on Tuesday, 28 December 2021 at 22:17. The server documents-caller is shutting down.
[28/12/21 22:17:20:640 EET] 00000130 com.ibm.ws.runtime.update.internal.RuntimeUpdateManagerImpl  A CWWKE1100I: Waiting for up to 30 seconds for the server to quiesce.
[28/12/21 22:17:20:668 EET] 00000111 com.ibm.ws.tcpchannel.internal.TCPChannel                    I CWWKO0220I: TCP Channel defaultHttpEndpoint has stopped listening for requests on host kubernetes.docker.internal  (IPv4: 127.0.0.1) port 9090.
[28/12/21 22:17:20:676 EET] 00000113 com.ibm.ws.tcpchannel.internal.TCPChannel                    I CWWKO0220I: TCP Channel defaultHttpEndpoint-ssl has stopped listening for requests on host kubernetes.docker.internal  (IPv4: 127.0.0.1) port 9445.
[28/12/21 22:17:20:676 EET] 00000113 com.ibm.ws.http.internal.VirtualHostImpl                     A CWWKT0017I: Web application removed (default_host): https://localhost:9445/jwt/
[28/12/21 22:17:20:677 EET] 00000113 com.ibm.ws.http.internal.VirtualHostImpl                     A CWWKT0017I: Web application removed (default_host): https://localhost:9445/openapi/ui/
[28/12/21 22:17:20:677 EET] 00000113 com.ibm.ws.http.internal.VirtualHostImpl                     A CWWKT0017I: Web application removed (default_host): https://localhost:9445/health/
[28/12/21 22:17:20:677 EET] 00000113 com.ibm.ws.http.internal.VirtualHostImpl                     A CWWKT0017I: Web application removed (default_host): https://localhost:9445/metrics/
[28/12/21 22:17:20:677 EET] 00000113 com.ibm.ws.http.internal.VirtualHostImpl                     A CWWKT0017I: Web application removed (default_host): https://localhost:9445/
[28/12/21 22:17:20:677 EET] 00000113 com.ibm.ws.http.internal.VirtualHostImpl                     A CWWKT0017I: Web application removed (default_host): https://localhost:9445/openapi/
[28/12/21 22:17:20:678 EET] 00000113 com.ibm.ws.http.internal.VirtualHostImpl                     A CWWKT0017I: Web application removed (default_host): https://localhost:9445/ibm/api/
[28/12/21 22:17:21:937 EET] 00000130 com.ibm.ws.runtime.update.internal.RuntimeUpdateManagerImpl  I CWWKE1101I: Server quiesce complete.
[28/12/21 22:17:22:017 EET] 00000110 com.ibm.ws.webcontainer.servlet                              I SRVE0253I: [documents-caller] [/] [com.example.documents.caller.DocumentscallerRestApplication]: Destroy successful.
[28/12/21 22:17:22:024 EET] 00000110 com.ibm.ws.app.manager.AppMessageHelper                      A CWWKZ0009I: The application documents-caller has stopped successfully.
[28/12/21 22:17:22:110 EET] 00000130 com.ibm.ws.webcontainer.servlet                              I SRVE0253I: [io.openliberty.microprofile.openapi.2.0.internal] [/openapi] [ApplicationServlet]: Destroy successful.
[28/12/21 22:17:22:128 EET] 00000130 com.ibm.ws.webcontainer.servlet                              I SRVE0253I: [io.openliberty.microprofile.metrics.internal.public] [/metrics] [PublicMetricsRESTProxyServlet]: Destroy successful.
[28/12/21 22:17:22:182 EET] 00000130 com.ibm.ws.webcontainer.servlet                              I SRVE0253I: [io.openliberty.microprofile.health.3.0.internal] [/health] [HealthCheckReadinessServlet]: Destroy successful.
[28/12/21 22:17:22:183 EET] 00000130 com.ibm.ws.webcontainer.servlet                              I SRVE0253I: [io.openliberty.microprofile.health.3.0.internal] [/health] [HealthCheckLivenessServlet]: Destroy successful.
[28/12/21 22:17:22:183 EET] 00000130 com.ibm.ws.webcontainer.servlet                              I SRVE0253I: [io.openliberty.microprofile.health.3.0.internal] [/health] [HealthCheckServlet]: Destroy successful.
[28/12/21 22:17:22:431 EET] 00000130 rty.security.mp.jwt.v12.config.impl.MpConfigProxyServiceImpl I CWWKS5782I: The MicroProfile JWT version 1.2 mpConfigProxy deactivated successfully.
[28/12/21 22:17:22:438 EET] 00000130 .ws.security.mp.jwt.v11.config.impl.MpConfigProxyServiceImpl I CWWKS5777I: The MicroProfile JWT version 1.1 mpConfigProxy deactivated successfully.
[28/12/21 22:17:22:443 EET] 00000130 com.ibm.ws.security.mp.jwt.impl.MicroProfileJwtConfigImpl    I CWWKS5502I: The MicroProfile JWT configuration [jwtUserConsumer] was successfully deactivated.
[28/12/21 22:17:22:443 EET] 00000130 com.ibm.ws.security.mp.jwt.impl.MicroProfileJwtConfigImpl    I CWWKS5502I: The MicroProfile JWT configuration [defaultMpJwt] was successfully deactivated.
[28/12/21 22:17:22:444 EET] 00000130 com.ibm.ws.security.mp.jwt.impl.MicroProfileJwtServiceImpl   I CWWKS5502I: The MicroProfile JWT configuration [MicroProfileJwtService] was successfully deactivated.
[28/12/21 22:17:22:502 EET] 00000130 .microprofile.metrics.internal.monitor.MonitorMetricsHandler I CWPMI2004I: All monitoring metrics were unregistered from mpMetrics.
[28/12/21 22:17:22:660 EET] 00000130 com.ibm.ws.security.ready.internal.SecurityReadyServiceImpl  I CWWKS0009I: The security service has stopped.
[28/12/21 22:17:22:698 EET] 00000130 ibm.ws.security.authentication.internal.jaas.JAASServiceImpl I CWWKS1124I: The collective authentication plugin with class name NullCollectiveAuthenticationPlugin has been deactivated. 
[28/12/21 22:17:24:070 EET] 00000001 com.ibm.ws.kernel.launch.internal.FrameworkManager           A CWWKE0036I: The server documents-caller stopped after 13 minutes, 30.935 seconds.
