********************************************************************************
product = Open Liberty 21.0.0.12 (wlp-1.0.59.cl211220211117-1256)
wlp.install.dir = E:/facultate/master/java/java/tehnologii_java/documents-caller/documents-caller/target/liberty/wlp/
java.home = C:\Program Files\Java\jdk1.8.0_301\jre
java.version = 1.8.0_301
java.runtime = Java(TM) SE Runtime Environment (1.8.0_301-b09)
os = Windows 10 (10.0; amd64) (en_GB)
process = 15852@DESKTOP-LM50P3I
********************************************************************************
[28/12/21 21:55:26:548 EET] 00000001 com.ibm.ws.kernel.launch.internal.FrameworkManager           A CWWKE0001I: The server documents-caller has been launched.
[28/12/21 21:55:28:414 EET] 00000001 com.ibm.ws.kernel.launch.internal.FrameworkManager           I CWWKE0002I: The kernel started after 2.156 seconds
[28/12/21 21:55:28:459 EET] 00000022 com.ibm.ws.kernel.feature.internal.FeatureManager            I CWWKF0007I: Feature update started.
[28/12/21 21:55:28:828 EET] 00000018 g.apache.cxf.cxf.core.3.2:1.0.59.cl211220211117-1256(id=97)] I Aries Blueprint packages not available. So namespaces will not be registered
[28/12/21 21:55:28:829 EET] 00000017 g.apache.cxf.cxf.core.3.2:1.0.59.cl211220211117-1256(id=97)] I Aries Blueprint packages not available. So namespaces will not be registered
[28/12/21 21:55:28:925 EET] 00000016 com.ibm.ws.security.ready.internal.SecurityReadyServiceImpl  I CWWKS0007I: The security service is starting...
[28/12/21 21:55:29:137 EET] 00000017 com.ibm.ws.app.manager.internal.monitor.DropinMonitor        A CWWKZ0058I: Monitoring dropins for applications.
[28/12/21 21:55:29:632 EET] 00000018 rty.security.mp.jwt.v12.config.impl.MpConfigProxyServiceImpl I CWWKS5780I: The MicroProfile JWT version 1.2 mpConfigProxy processed successfully.
[28/12/21 21:55:29:635 EET] 00000018 .ws.security.mp.jwt.v11.config.impl.MpConfigProxyServiceImpl I CWWKS5775I: The MicroProfile JWT version 1.1 mpConfigProxy processed successfully.
[28/12/21 21:55:29:878 EET] 0000001a com.ibm.ws.cache.ServerCache                                 I DYNA1001I: WebSphere Dynamic Cache instance named baseCache initialized successfully.
[28/12/21 21:55:29:881 EET] 0000001a com.ibm.ws.cache.ServerCache                                 I DYNA1071I: The cache provider default is being used.
[28/12/21 21:55:29:882 EET] 0000001a com.ibm.ws.cache.CacheServiceImpl                            I DYNA1056I: Dynamic Cache (object cache) initialized successfully.
[28/12/21 21:55:30:156 EET] 00000016 ibm.ws.security.authentication.internal.jaas.JAASServiceImpl I CWWKS1123I: The collective authentication plugin with class name NullCollectiveAuthenticationPlugin has been activated. 
[28/12/21 21:55:30:166 EET] 0000001e com.ibm.ws.ssl.config.WSKeyStore                             I Successfully loaded default keystore: E:/facultate/master/java/java/tehnologii_java/documents-caller/documents-caller/target/liberty/wlp/usr/servers/documents-caller/resources/security/public.jks of type: JKS
[28/12/21 21:55:30:452 EET] 00000016 com.ibm.ws.security.jwt.internal.ConsumerImpl                I CWWKS6012I: The JSON Web Token (JWT) consumer service is available.
[28/12/21 21:55:30:479 EET] 00000016 com.ibm.ws.security.jwt.web.JwtEndpointServices              I CWWKS6002I: The JSON Web Token (JWT) endpoint service is available.
[28/12/21 21:55:30:570 EET] 00000016 com.ibm.ws.security.jaspi.AuthConfigFactoryWrapper           I CWWKS1655I: The default Java Authentication SPI for Containers (JASPIC) AuthConfigFactory class com.ibm.ws.security.jaspi.ProviderRegistry is being used because the Java security property authconfigprovider.factory is not set. 
[28/12/21 21:55:31:029 EET] 00000016 com.ibm.ws.session.WASSessionCore                            I SESN8501I: The session manager did not find a persistent storage location; HttpSession objects will be stored in the local application server's memory.
[28/12/21 21:55:31:115 EET] 00000016 .microprofile.metrics.internal.monitor.MonitorMetricsHandler I CWPMI2003I: Monitoring metrics can be retrieved through mpMetrics.
[28/12/21 21:55:31:613 EET] 00000031 com.ibm.ws.security.token.ltpa.internal.LTPAKeyCreateTask    I CWWKS4105I: LTPA configuration is ready after 1.481 seconds.
[28/12/21 21:55:31:656 EET] 0000001e com.ibm.ws.security.mp.jwt.impl.MicroProfileJwtServiceImpl   I CWWKS5500I: The MicroProfile JWT configuration [MicroProfileJwtService] was successfully processed.
[28/12/21 21:55:31:657 EET] 0000001e com.ibm.ws.security.mp.jwt.impl.MicroProfileJwtConfigImpl    I CWWKS5500I: The MicroProfile JWT configuration [jwtUserConsumer] was successfully processed.
[28/12/21 21:55:31:658 EET] 0000001e com.ibm.ws.security.mp.jwt.impl.MicroProfileJwtConfigImpl    I CWWKS5500I: The MicroProfile JWT configuration [defaultMpJwt] was successfully processed.
[28/12/21 21:55:31:860 EET] 00000023 com.ibm.ws.app.manager.AppMessageHelper                      I CWWKZ0018I: Starting application documents-caller.
[28/12/21 21:55:31:861 EET] 00000023 bm.ws.app.manager.war.internal.WARDeployedAppInfoFactoryImpl I CWWKZ0134I: The documents-caller application is using the loose application definition at the E:\facultate\master\java\java\tehnologii_java\documents-caller\documents-caller\target\liberty\wlp\usr\servers\documents-caller\apps\documents-caller.war.xml location.
[28/12/21 21:55:32:211 EET] 00000032 com.ibm.ws.webcontainer.osgi.webapp.WebGroup                 I SRVE0169I: Loading Web Module: OpenAPIUI.
[28/12/21 21:55:32:216 EET] 0000002f com.ibm.ws.webcontainer.osgi.webapp.WebGroup                 I SRVE0169I: Loading Web Module: com.ibm.ws.security.jwt.
[28/12/21 21:55:32:215 EET] 00000037 com.ibm.ws.webcontainer.osgi.webapp.WebGroup                 I SRVE0169I: Loading Web Module: PublicMicroProfileMetrics.
[28/12/21 21:55:32:214 EET] 00000034 com.ibm.ws.webcontainer.osgi.webapp.WebGroup                 I SRVE0169I: Loading Web Module: ibm/api.
[28/12/21 21:55:32:215 EET] 00000033 com.ibm.ws.webcontainer.osgi.webapp.WebGroup                 I SRVE0169I: Loading Web Module: MicroProfileOpenAPI.
[28/12/21 21:55:32:217 EET] 00000032 com.ibm.ws.http.internal.VirtualHostImpl                     A CWWKT0016I: Web application available (default_host): http://localhost:9090/openapi/ui/
[28/12/21 21:55:32:231 EET] 00000033 com.ibm.ws.http.internal.VirtualHostImpl                     A CWWKT0016I: Web application available (default_host): http://localhost:9090/openapi/
[28/12/21 21:55:32:233 EET] 00000038 com.ibm.ws.webcontainer.osgi.webapp.WebGroup                 I SRVE0169I: Loading Web Module: health.
[28/12/21 21:55:32:264 EET] 00000034 com.ibm.ws.http.internal.VirtualHostImpl                     A CWWKT0016I: Web application available (default_host): http://localhost:9090/ibm/api/
[28/12/21 21:55:32:265 EET] 00000037 com.ibm.ws.http.internal.VirtualHostImpl                     A CWWKT0016I: Web application available (default_host): http://localhost:9090/metrics/
[28/12/21 21:55:32:266 EET] 0000002f com.ibm.ws.http.internal.VirtualHostImpl                     A CWWKT0016I: Web application available (default_host): http://localhost:9090/jwt/
[28/12/21 21:55:32:268 EET] 00000038 com.ibm.ws.http.internal.VirtualHostImpl                     A CWWKT0016I: Web application available (default_host): http://localhost:9090/health/
[28/12/21 21:55:32:627 EET] 00000034 com.ibm.ws.session.WASSessionCore                            I SESN0176I: A new session context will be created for application key default_host/ibm/api
[28/12/21 21:55:32:627 EET] 0000002d com.ibm.ws.session.WASSessionCore                            I SESN0176I: A new session context will be created for application key default_host/openapi/ui
[28/12/21 21:55:32:627 EET] 00000032 com.ibm.ws.session.WASSessionCore                            I SESN0176I: A new session context will be created for application key default_host/openapi
[28/12/21 21:55:32:627 EET] 00000028 com.ibm.ws.session.WASSessionCore                            I SESN0176I: A new session context will be created for application key default_host/health
[28/12/21 21:55:32:627 EET] 00000029 com.ibm.ws.session.WASSessionCore                            I SESN0176I: A new session context will be created for application key default_host/jwt
[28/12/21 21:55:32:627 EET] 00000024 com.ibm.ws.session.WASSessionCore                            I SESN0176I: A new session context will be created for application key default_host/metrics
[28/12/21 21:55:32:685 EET] 00000034 com.ibm.ws.util                                              I SESN0172I: The session manager is using the Java default SecureRandom implementation for session ID generation.
[28/12/21 21:55:32:699 EET] 00000024 com.ibm.ws.util                                              I SESN0172I: The session manager is using the Java default SecureRandom implementation for session ID generation.
[28/12/21 21:55:32:700 EET] 00000029 com.ibm.ws.util                                              I SESN0172I: The session manager is using the Java default SecureRandom implementation for session ID generation.
[28/12/21 21:55:32:702 EET] 00000028 com.ibm.ws.util                                              I SESN0172I: The session manager is using the Java default SecureRandom implementation for session ID generation.
[28/12/21 21:55:32:702 EET] 00000032 com.ibm.ws.util                                              I SESN0172I: The session manager is using the Java default SecureRandom implementation for session ID generation.
[28/12/21 21:55:32:703 EET] 0000002d com.ibm.ws.util                                              I SESN0172I: The session manager is using the Java default SecureRandom implementation for session ID generation.
[28/12/21 21:55:32:732 EET] 0000002d com.ibm.ws.cache.CacheServiceImpl                            I DYNA1056I: Dynamic Cache (object cache) initialized successfully.
[28/12/21 21:55:32:931 EET] 00000024 com.ibm.ws.webcontainer.servlet                              I SRVE0242I: [io.openliberty.microprofile.metrics.internal.public] [/metrics] [PublicMetricsRESTProxyServlet]: Initialization successful.
[28/12/21 21:55:32:936 EET] 00000028 com.ibm.ws.webcontainer.servlet                              I SRVE0242I: [io.openliberty.microprofile.health.3.0.internal] [/health] [HealthCheckReadinessServlet]: Initialization successful.
[28/12/21 21:55:32:942 EET] 00000028 com.ibm.ws.webcontainer.servlet                              I SRVE0242I: [io.openliberty.microprofile.health.3.0.internal] [/health] [HealthCheckServlet]: Initialization successful.
[28/12/21 21:55:32:943 EET] 00000032 com.ibm.ws.webcontainer.servlet                              I SRVE0242I: [io.openliberty.microprofile.openapi.2.0.internal] [/openapi] [ApplicationServlet]: Initialization successful.
[28/12/21 21:55:32:944 EET] 00000028 com.ibm.ws.webcontainer.servlet                              I SRVE0242I: [io.openliberty.microprofile.health.3.0.internal] [/health] [HealthCheckLivenessServlet]: Initialization successful.
[28/12/21 21:55:33:124 EET] 00000031 com.ibm.ws.webcontainer.osgi.mbeans.PluginGenerator          I SRVE9103I: A configuration file for a web server plugin was automatically generated for this server at E:\facultate\master\java\java\tehnologii_java\documents-caller\documents-caller\target\liberty\wlp\usr\servers\documents-caller\logs\state\plugin-cfg.xml.
[28/12/21 21:55:35:449 EET] 00000023 io.openliberty.microprofile.openapi20.ApplicationProcessor   I CWWKO1660I: The application documents-caller was processed and an OpenAPI document was produced.
[28/12/21 21:55:35:519 EET] 00000023 org.jboss.weld.Version                                       I WELD-000900: 3.1.8 (Final)
[28/12/21 21:55:39:360 EET] 00000023 com.ibm.ws.webcontainer.osgi.webapp.WebGroup                 I SRVE0169I: Loading Web Module: documents-caller.
[28/12/21 21:55:39:363 EET] 00000023 com.ibm.ws.http.internal.VirtualHostImpl                     A CWWKT0016I: Web application available (default_host): http://localhost:9090/
[28/12/21 21:55:39:377 EET] 0000002f com.ibm.ws.session.WASSessionCore                            I SESN0176I: A new session context will be created for application key default_host/
[28/12/21 21:55:39:380 EET] 0000002f com.ibm.ws.util                                              I SESN0172I: The session manager is using the Java default SecureRandom implementation for session ID generation.
[28/12/21 21:55:39:577 EET] 0000002f com.ibm.ws.app.manager.AppMessageHelper                      A CWWKZ0001I: Application documents-caller started in 7.717 seconds.
[28/12/21 21:55:39:723 EET] 00000022 com.ibm.ws.tcpchannel.internal.TCPPort                       I CWWKO0219I: TCP Channel defaultHttpEndpoint has been started and is now listening for requests on host kubernetes.docker.internal  (IPv4: 127.0.0.1) port 9090.
[28/12/21 21:55:39:727 EET] 00000022 com.ibm.ws.tcpchannel.internal.TCPPort                       I CWWKO0219I: TCP Channel defaultHttpEndpoint-ssl has been started and is now listening for requests on host kubernetes.docker.internal  (IPv4: 127.0.0.1) port 9445.
[28/12/21 21:55:39:754 EET] 00000023 com.ibm.ws.webcontainer.osgi.mbeans.PluginGenerator          I SRVE9103I: A configuration file for a web server plugin was automatically generated for this server at E:\facultate\master\java\java\tehnologii_java\documents-caller\documents-caller\target\liberty\wlp\usr\servers\documents-caller\logs\state\plugin-cfg.xml.
[28/12/21 21:55:39:767 EET] 00000022 com.ibm.ws.kernel.feature.internal.FeatureManager            A CWWKF0012I: The server installed the following features: [appSecurity-3.0, cdi-2.0, distributedMap-1.0, el-3.0, jaxrs-2.1, jaxrsClient-2.1, jndi-1.0, json-1.0, jsonb-1.0, jsonp-1.1, jwt-1.0, microProfile-4.0, monitor-1.0, mpConfig-2.0, mpFaultTolerance-3.0, mpHealth-3.0, mpJwt-1.2, mpMetrics-3.0, mpOpenAPI-2.0, mpOpenTracing-2.0, mpRestClient-2.0, opentracing-2.0, servlet-4.0, ssl-1.0].
[28/12/21 21:55:39:769 EET] 00000022 com.ibm.ws.kernel.feature.internal.FeatureManager            I CWWKF0008I: Feature update completed in 11.355 seconds.
[28/12/21 21:55:39:770 EET] 00000022 com.ibm.ws.kernel.feature.internal.FeatureManager            A CWWKF0011I: The documents-caller server is ready to run a smarter planet. The documents-caller server started in 13.513 seconds.
[28/12/21 21:55:42:778 EET] 0000002e com.ibm.ws.http.internal.VirtualHostImpl                     A CWWKT0017I: Web application removed (default_host): http://localhost:9090/
[28/12/21 21:55:42:833 EET] 0000002e com.ibm.ws.app.manager.AppMessageHelper                      A CWWKZ0009I: The application documents-caller has stopped successfully.
[28/12/21 21:55:42:839 EET] 0000002e com.ibm.ws.app.manager.AppMessageHelper                      I CWWKZ0018I: Starting application documents-caller.
[28/12/21 21:55:42:840 EET] 0000002e bm.ws.app.manager.war.internal.WARDeployedAppInfoFactoryImpl I CWWKZ0134I: The documents-caller application is using the loose application definition at the E:\facultate\master\java\java\tehnologii_java\documents-caller\documents-caller\target\liberty\wlp\usr\servers\documents-caller\apps\documents-caller.war.xml location.
[28/12/21 21:55:42:878 EET] 00000037 com.ibm.ws.webcontainer.osgi.mbeans.PluginGenerator          I SRVE9103I: A configuration file for a web server plugin was automatically generated for this server at E:\facultate\master\java\java\tehnologii_java\documents-caller\documents-caller\target\liberty\wlp\usr\servers\documents-caller\logs\state\plugin-cfg.xml.
[28/12/21 21:55:45:603 EET] 0000002e io.openliberty.microprofile.openapi20.ApplicationProcessor   I CWWKO1660I: The application documents-caller was processed and an OpenAPI document was produced.
[28/12/21 21:55:46:660 EET] 0000002e com.ibm.ws.webcontainer.osgi.webapp.WebGroup                 I SRVE0169I: Loading Web Module: documents-caller.
[28/12/21 21:55:46:661 EET] 0000002e com.ibm.ws.http.internal.VirtualHostImpl                     A CWWKT0016I: Web application available (default_host): http://localhost:9090/
[28/12/21 21:55:46:663 EET] 00000033 com.ibm.ws.session.WASSessionCore                            I SESN0176I: A new session context will be created for application key default_host/
[28/12/21 21:55:46:664 EET] 00000033 com.ibm.ws.util                                              I SESN0172I: The session manager is using the Java default SecureRandom implementation for session ID generation.
[28/12/21 21:55:46:696 EET] 00000033 com.ibm.ws.app.manager.AppMessageHelper                      A CWWKZ0003I: The application documents-caller updated in 3.857 seconds.
[28/12/21 21:55:46:709 EET] 0000002e com.ibm.ws.webcontainer.osgi.mbeans.PluginGenerator          I SRVE9103I: A configuration file for a web server plugin was automatically generated for this server at E:\facultate\master\java\java\tehnologii_java\documents-caller\documents-caller\target\liberty\wlp\usr\servers\documents-caller\logs\state\plugin-cfg.xml.
[28/12/21 21:57:39:637 EET] 00000034 com.ibm.ws.http.internal.VirtualHostImpl                     A CWWKT0017I: Web application removed (default_host): http://localhost:9090/
[28/12/21 21:57:39:648 EET] 00000034 com.ibm.ws.app.manager.AppMessageHelper                      A CWWKZ0009I: The application documents-caller has stopped successfully.
[28/12/21 21:57:39:653 EET] 00000034 com.ibm.ws.app.manager.AppMessageHelper                      I CWWKZ0018I: Starting application documents-caller.
[28/12/21 21:57:39:653 EET] 00000034 bm.ws.app.manager.war.internal.WARDeployedAppInfoFactoryImpl I CWWKZ0134I: The documents-caller application is using the loose application definition at the E:\facultate\master\java\java\tehnologii_java\documents-caller\documents-caller\target\liberty\wlp\usr\servers\documents-caller\apps\documents-caller.war.xml location.
[28/12/21 21:57:39:697 EET] 00000037 com.ibm.ws.webcontainer.osgi.mbeans.PluginGenerator          I SRVE9103I: A configuration file for a web server plugin was automatically generated for this server at E:\facultate\master\java\java\tehnologii_java\documents-caller\documents-caller\target\liberty\wlp\usr\servers\documents-caller\logs\state\plugin-cfg.xml.
[28/12/21 21:57:41:058 EET] 00000034 io.openliberty.microprofile.openapi20.ApplicationProcessor   I CWWKO1660I: The application documents-caller was processed and an OpenAPI document was produced.
[28/12/21 21:57:41:993 EET] 00000034 com.ibm.ws.webcontainer.osgi.webapp.WebGroup                 I SRVE0169I: Loading Web Module: documents-caller.
[28/12/21 21:57:41:993 EET] 00000034 com.ibm.ws.http.internal.VirtualHostImpl                     A CWWKT0016I: Web application available (default_host): http://localhost:9090/
[28/12/21 21:57:41:995 EET] 00000033 com.ibm.ws.session.WASSessionCore                            I SESN0176I: A new session context will be created for application key default_host/
[28/12/21 21:57:41:995 EET] 00000033 com.ibm.ws.util                                              I SESN0172I: The session manager is using the Java default SecureRandom implementation for session ID generation.
[28/12/21 21:57:42:041 EET] 00000033 com.ibm.ws.app.manager.AppMessageHelper                      A CWWKZ0003I: The application documents-caller updated in 2.388 seconds.
[28/12/21 21:57:42:069 EET] 00000034 com.ibm.ws.webcontainer.osgi.mbeans.PluginGenerator          I SRVE9103I: A configuration file for a web server plugin was automatically generated for this server at E:\facultate\master\java\java\tehnologii_java\documents-caller\documents-caller\target\liberty\wlp\usr\servers\documents-caller\logs\state\plugin-cfg.xml.
[28/12/21 21:57:56:702 EET] 00000024 com.ibm.ws.http.internal.VirtualHostImpl                     A CWWKT0017I: Web application removed (default_host): http://localhost:9090/
[28/12/21 21:57:56:709 EET] 00000024 com.ibm.ws.app.manager.AppMessageHelper                      A CWWKZ0009I: The application documents-caller has stopped successfully.
[28/12/21 21:57:56:714 EET] 00000024 com.ibm.ws.app.manager.AppMessageHelper                      I CWWKZ0018I: Starting application documents-caller.
[28/12/21 21:57:56:714 EET] 00000024 bm.ws.app.manager.war.internal.WARDeployedAppInfoFactoryImpl I CWWKZ0134I: The documents-caller application is using the loose application definition at the E:\facultate\master\java\java\tehnologii_java\documents-caller\documents-caller\target\liberty\wlp\usr\servers\documents-caller\apps\documents-caller.war.xml location.
[28/12/21 21:57:56:899 EET] 0000002d com.ibm.ws.webcontainer.osgi.mbeans.PluginGenerator          I SRVE9103I: A configuration file for a web server plugin was automatically generated for this server at E:\facultate\master\java\java\tehnologii_java\documents-caller\documents-caller\target\liberty\wlp\usr\servers\documents-caller\logs\state\plugin-cfg.xml.
[28/12/21 21:57:57:462 EET] 00000024 io.openliberty.microprofile.openapi20.ApplicationProcessor   I CWWKO1660I: The application documents-caller was processed and an OpenAPI document was produced.
[28/12/21 21:57:57:812 EET] 00000024 com.ibm.ws.webcontainer.osgi.webapp.WebGroup                 I SRVE0169I: Loading Web Module: documents-caller.
[28/12/21 21:57:57:812 EET] 00000024 com.ibm.ws.http.internal.VirtualHostImpl                     A CWWKT0016I: Web application available (default_host): http://localhost:9090/
[28/12/21 21:57:57:814 EET] 00000025 com.ibm.ws.session.WASSessionCore                            I SESN0176I: A new session context will be created for application key default_host/
[28/12/21 21:57:57:814 EET] 00000025 com.ibm.ws.util                                              I SESN0172I: The session manager is using the Java default SecureRandom implementation for session ID generation.
[28/12/21 21:57:57:836 EET] 00000025 com.ibm.ws.app.manager.AppMessageHelper                      A CWWKZ0003I: The application documents-caller updated in 1.122 seconds.
[28/12/21 21:57:57:879 EET] 00000030 com.ibm.ws.webcontainer.osgi.mbeans.PluginGenerator          I SRVE9103I: A configuration file for a web server plugin was automatically generated for this server at E:\facultate\master\java\java\tehnologii_java\documents-caller\documents-caller\target\liberty\wlp\usr\servers\documents-caller\logs\state\plugin-cfg.xml.
[28/12/21 21:58:10:171 EET] 00000024 com.ibm.ws.http.internal.VirtualHostImpl                     A CWWKT0017I: Web application removed (default_host): http://localhost:9090/
[28/12/21 21:58:10:183 EET] 00000024 com.ibm.ws.app.manager.AppMessageHelper                      A CWWKZ0009I: The application documents-caller has stopped successfully.
[28/12/21 21:58:10:191 EET] 00000024 com.ibm.ws.app.manager.AppMessageHelper                      I CWWKZ0018I: Starting application documents-caller.
[28/12/21 21:58:10:191 EET] 00000024 bm.ws.app.manager.war.internal.WARDeployedAppInfoFactoryImpl I CWWKZ0134I: The documents-caller application is using the loose application definition at the E:\facultate\master\java\java\tehnologii_java\documents-caller\documents-caller\target\liberty\wlp\usr\servers\documents-caller\apps\documents-caller.war.xml location.
[28/12/21 21:58:10:242 EET] 00000033 com.ibm.ws.webcontainer.osgi.mbeans.PluginGenerator          I SRVE9103I: A configuration file for a web server plugin was automatically generated for this server at E:\facultate\master\java\java\tehnologii_java\documents-caller\documents-caller\target\liberty\wlp\usr\servers\documents-caller\logs\state\plugin-cfg.xml.
[28/12/21 21:58:10:869 EET] 00000024 io.openliberty.microprofile.openapi20.ApplicationProcessor   I CWWKO1660I: The application documents-caller was processed and an OpenAPI document was produced.
[28/12/21 21:58:11:121 EET] 00000024 com.ibm.ws.webcontainer.osgi.webapp.WebGroup                 I SRVE0169I: Loading Web Module: documents-caller.
[28/12/21 21:58:11:122 EET] 00000024 com.ibm.ws.http.internal.VirtualHostImpl                     A CWWKT0016I: Web application available (default_host): http://localhost:9090/
[28/12/21 21:58:11:123 EET] 00000028 com.ibm.ws.session.WASSessionCore                            I SESN0176I: A new session context will be created for application key default_host/
[28/12/21 21:58:11:123 EET] 00000028 com.ibm.ws.util                                              I SESN0172I: The session manager is using the Java default SecureRandom implementation for session ID generation.
[28/12/21 21:58:11:142 EET] 00000028 com.ibm.ws.app.manager.AppMessageHelper                      A CWWKZ0003I: The application documents-caller updated in 0.951 seconds.
[28/12/21 21:58:11:190 EET] 0000002f com.ibm.ws.webcontainer.osgi.mbeans.PluginGenerator          I SRVE9103I: A configuration file for a web server plugin was automatically generated for this server at E:\facultate\master\java\java\tehnologii_java\documents-caller\documents-caller\target\liberty\wlp\usr\servers\documents-caller\logs\state\plugin-cfg.xml.
[28/12/21 21:58:40:593 EET] 0000002f com.ibm.ws.http.internal.VirtualHostImpl                     A CWWKT0017I: Web application removed (default_host): http://localhost:9090/
[28/12/21 21:58:40:604 EET] 0000002f com.ibm.ws.app.manager.AppMessageHelper                      A CWWKZ0009I: The application documents-caller has stopped successfully.
[28/12/21 21:58:40:609 EET] 0000002f com.ibm.ws.app.manager.AppMessageHelper                      I CWWKZ0018I: Starting application documents-caller.
[28/12/21 21:58:40:609 EET] 0000002f bm.ws.app.manager.war.internal.WARDeployedAppInfoFactoryImpl I CWWKZ0134I: The documents-caller application is using the loose application definition at the E:\facultate\master\java\java\tehnologii_java\documents-caller\documents-caller\target\liberty\wlp\usr\servers\documents-caller\apps\documents-caller.war.xml location.
[28/12/21 21:58:40:682 EET] 00000064 com.ibm.ws.webcontainer.osgi.mbeans.PluginGenerator          I SRVE9103I: A configuration file for a web server plugin was automatically generated for this server at E:\facultate\master\java\java\tehnologii_java\documents-caller\documents-caller\target\liberty\wlp\usr\servers\documents-caller\logs\state\plugin-cfg.xml.
[28/12/21 21:58:41:386 EET] 0000002f io.openliberty.microprofile.openapi20.ApplicationProcessor   I CWWKO1660I: The application documents-caller was processed and an OpenAPI document was produced.
[28/12/21 21:58:41:732 EET] 0000002f com.ibm.ws.webcontainer.osgi.webapp.WebGroup                 I SRVE0169I: Loading Web Module: documents-caller.
[28/12/21 21:58:41:732 EET] 0000002f com.ibm.ws.http.internal.VirtualHostImpl                     A CWWKT0016I: Web application available (default_host): http://localhost:9090/
[28/12/21 21:58:41:734 EET] 00000024 com.ibm.ws.session.WASSessionCore                            I SESN0176I: A new session context will be created for application key default_host/
[28/12/21 21:58:41:734 EET] 00000024 com.ibm.ws.util                                              I SESN0172I: The session manager is using the Java default SecureRandom implementation for session ID generation.
[28/12/21 21:58:41:765 EET] 00000024 com.ibm.ws.app.manager.AppMessageHelper                      A CWWKZ0003I: The application documents-caller updated in 1.156 seconds.
[28/12/21 21:58:41:813 EET] 00000033 com.ibm.ws.webcontainer.osgi.mbeans.PluginGenerator          I SRVE9103I: A configuration file for a web server plugin was automatically generated for this server at E:\facultate\master\java\java\tehnologii_java\documents-caller\documents-caller\target\liberty\wlp\usr\servers\documents-caller\logs\state\plugin-cfg.xml.
[28/12/21 21:59:42:335 EET] 00000038 com.ibm.ws.http.internal.VirtualHostImpl                     A CWWKT0017I: Web application removed (default_host): http://localhost:9090/
[28/12/21 21:59:42:342 EET] 00000038 com.ibm.ws.app.manager.AppMessageHelper                      A CWWKZ0009I: The application documents-caller has stopped successfully.
[28/12/21 21:59:42:347 EET] 00000038 com.ibm.ws.app.manager.AppMessageHelper                      I CWWKZ0018I: Starting application documents-caller.
[28/12/21 21:59:42:347 EET] 00000038 bm.ws.app.manager.war.internal.WARDeployedAppInfoFactoryImpl I CWWKZ0134I: The documents-caller application is using the loose application definition at the E:\facultate\master\java\java\tehnologii_java\documents-caller\documents-caller\target\liberty\wlp\usr\servers\documents-caller\apps\documents-caller.war.xml location.
[28/12/21 21:59:42:404 EET] 00000029 com.ibm.ws.webcontainer.osgi.mbeans.PluginGenerator          I SRVE9103I: A configuration file for a web server plugin was automatically generated for this server at E:\facultate\master\java\java\tehnologii_java\documents-caller\documents-caller\target\liberty\wlp\usr\servers\documents-caller\logs\state\plugin-cfg.xml.
[28/12/21 21:59:43:123 EET] 00000038 io.openliberty.microprofile.openapi20.ApplicationProcessor   I CWWKO1660I: The application documents-caller was processed and an OpenAPI document was produced.
[28/12/21 21:59:43:422 EET] 00000038 com.ibm.ws.webcontainer.osgi.webapp.WebGroup                 I SRVE0169I: Loading Web Module: documents-caller.
[28/12/21 21:59:43:422 EET] 00000038 com.ibm.ws.http.internal.VirtualHostImpl                     A CWWKT0016I: Web application available (default_host): http://localhost:9090/
[28/12/21 21:59:43:423 EET] 00000064 com.ibm.ws.session.WASSessionCore                            I SESN0176I: A new session context will be created for application key default_host/
[28/12/21 21:59:43:424 EET] 00000064 com.ibm.ws.util                                              I SESN0172I: The session manager is using the Java default SecureRandom implementation for session ID generation.
[28/12/21 21:59:43:444 EET] 00000064 com.ibm.ws.app.manager.AppMessageHelper                      A CWWKZ0003I: The application documents-caller updated in 1.097 seconds.
[28/12/21 21:59:43:485 EET] 00000063 com.ibm.ws.webcontainer.osgi.mbeans.PluginGenerator          I SRVE9103I: A configuration file for a web server plugin was automatically generated for this server at E:\facultate\master\java\java\tehnologii_java\documents-caller\documents-caller\target\liberty\wlp\usr\servers\documents-caller\logs\state\plugin-cfg.xml.
[28/12/21 22:01:12:381 EET] 00000085 com.ibm.ws.http.internal.VirtualHostImpl                     A CWWKT0017I: Web application removed (default_host): http://localhost:9090/
[28/12/21 22:01:12:389 EET] 00000085 com.ibm.ws.app.manager.AppMessageHelper                      A CWWKZ0009I: The application documents-caller has stopped successfully.
[28/12/21 22:01:12:393 EET] 00000085 com.ibm.ws.app.manager.AppMessageHelper                      I CWWKZ0018I: Starting application documents-caller.
[28/12/21 22:01:12:393 EET] 00000085 bm.ws.app.manager.war.internal.WARDeployedAppInfoFactoryImpl I CWWKZ0134I: The documents-caller application is using the loose application definition at the E:\facultate\master\java\java\tehnologii_java\documents-caller\documents-caller\target\liberty\wlp\usr\servers\documents-caller\apps\documents-caller.war.xml location.
[28/12/21 22:01:12:443 EET] 00000081 com.ibm.ws.webcontainer.osgi.mbeans.PluginGenerator          I SRVE9103I: A configuration file for a web server plugin was automatically generated for this server at E:\facultate\master\java\java\tehnologii_java\documents-caller\documents-caller\target\liberty\wlp\usr\servers\documents-caller\logs\state\plugin-cfg.xml.
[28/12/21 22:01:13:155 EET] 00000085 io.openliberty.microprofile.openapi20.ApplicationProcessor   I CWWKO1660I: The application documents-caller was processed and an OpenAPI document was produced.
[28/12/21 22:01:13:451 EET] 00000085 com.ibm.ws.webcontainer.osgi.webapp.WebGroup                 I SRVE0169I: Loading Web Module: documents-caller.
[28/12/21 22:01:13:452 EET] 00000085 com.ibm.ws.http.internal.VirtualHostImpl                     A CWWKT0016I: Web application available (default_host): http://localhost:9090/
[28/12/21 22:01:13:454 EET] 00000037 com.ibm.ws.session.WASSessionCore                            I SESN0176I: A new session context will be created for application key default_host/
[28/12/21 22:01:13:454 EET] 00000037 com.ibm.ws.util                                              I SESN0172I: The session manager is using the Java default SecureRandom implementation for session ID generation.
[28/12/21 22:01:13:468 EET] 00000037 com.ibm.ws.app.manager.AppMessageHelper                      A CWWKZ0003I: The application documents-caller updated in 1.075 seconds.
[28/12/21 22:01:13:514 EET] 00000079 com.ibm.ws.webcontainer.osgi.mbeans.PluginGenerator          I SRVE9103I: A configuration file for a web server plugin was automatically generated for this server at E:\facultate\master\java\java\tehnologii_java\documents-caller\documents-caller\target\liberty\wlp\usr\servers\documents-caller\logs\state\plugin-cfg.xml.
[28/12/21 22:01:59:785 EET] 00000095 com.ibm.ws.http.internal.VirtualHostImpl                     A CWWKT0017I: Web application removed (default_host): http://localhost:9090/
[28/12/21 22:01:59:792 EET] 00000095 com.ibm.ws.app.manager.AppMessageHelper                      A CWWKZ0009I: The application documents-caller has stopped successfully.
[28/12/21 22:01:59:796 EET] 00000095 com.ibm.ws.app.manager.AppMessageHelper                      I CWWKZ0018I: Starting application documents-caller.
[28/12/21 22:01:59:796 EET] 00000095 bm.ws.app.manager.war.internal.WARDeployedAppInfoFactoryImpl I CWWKZ0134I: The documents-caller application is using the loose application definition at the E:\facultate\master\java\java\tehnologii_java\documents-caller\documents-caller\target\liberty\wlp\usr\servers\documents-caller\apps\documents-caller.war.xml location.
[28/12/21 22:01:59:848 EET] 00000037 com.ibm.ws.webcontainer.osgi.mbeans.PluginGenerator          I SRVE9103I: A configuration file for a web server plugin was automatically generated for this server at E:\facultate\master\java\java\tehnologii_java\documents-caller\documents-caller\target\liberty\wlp\usr\servers\documents-caller\logs\state\plugin-cfg.xml.
[28/12/21 22:02:00:567 EET] 00000095 io.openliberty.microprofile.openapi20.ApplicationProcessor   I CWWKO1660I: The application documents-caller was processed and an OpenAPI document was produced.
[28/12/21 22:02:00:861 EET] 00000095 com.ibm.ws.webcontainer.osgi.webapp.WebGroup                 I SRVE0169I: Loading Web Module: documents-caller.
[28/12/21 22:02:00:861 EET] 00000095 com.ibm.ws.http.internal.VirtualHostImpl                     A CWWKT0016I: Web application available (default_host): http://localhost:9090/
[28/12/21 22:02:00:862 EET] 00000093 com.ibm.ws.session.WASSessionCore                            I SESN0176I: A new session context will be created for application key default_host/
[28/12/21 22:02:00:863 EET] 00000093 com.ibm.ws.util                                              I SESN0172I: The session manager is using the Java default SecureRandom implementation for session ID generation.
[28/12/21 22:02:00:880 EET] 00000093 com.ibm.ws.app.manager.AppMessageHelper                      A CWWKZ0003I: The application documents-caller updated in 1.084 seconds.
[28/12/21 22:02:00:915 EET] 00000063 com.ibm.ws.webcontainer.osgi.mbeans.PluginGenerator          I SRVE9103I: A configuration file for a web server plugin was automatically generated for this server at E:\facultate\master\java\java\tehnologii_java\documents-caller\documents-caller\target\liberty\wlp\usr\servers\documents-caller\logs\state\plugin-cfg.xml.
[28/12/21 22:02:07:961 EET] 00000079 com.ibm.ws.http.internal.VirtualHostImpl                     A CWWKT0017I: Web application removed (default_host): http://localhost:9090/
[28/12/21 22:02:07:967 EET] 00000079 com.ibm.ws.app.manager.AppMessageHelper                      A CWWKZ0009I: The application documents-caller has stopped successfully.
[28/12/21 22:02:07:972 EET] 00000079 com.ibm.ws.app.manager.AppMessageHelper                      I CWWKZ0018I: Starting application documents-caller.
[28/12/21 22:02:07:972 EET] 00000079 bm.ws.app.manager.war.internal.WARDeployedAppInfoFactoryImpl I CWWKZ0134I: The documents-caller application is using the loose application definition at the E:\facultate\master\java\java\tehnologii_java\documents-caller\documents-caller\target\liberty\wlp\usr\servers\documents-caller\apps\documents-caller.war.xml location.
[28/12/21 22:02:08:164 EET] 00000063 com.ibm.ws.webcontainer.osgi.mbeans.PluginGenerator          I SRVE9103I: A configuration file for a web server plugin was automatically generated for this server at E:\facultate\master\java\java\tehnologii_java\documents-caller\documents-caller\target\liberty\wlp\usr\servers\documents-caller\logs\state\plugin-cfg.xml.
[28/12/21 22:02:08:668 EET] 00000079 io.openliberty.microprofile.openapi20.ApplicationProcessor   I CWWKO1660I: The application documents-caller was processed and an OpenAPI document was produced.
[28/12/21 22:02:08:892 EET] 00000079 com.ibm.ws.webcontainer.osgi.webapp.WebGroup                 I SRVE0169I: Loading Web Module: documents-caller.
[28/12/21 22:02:08:892 EET] 00000079 com.ibm.ws.http.internal.VirtualHostImpl                     A CWWKT0016I: Web application available (default_host): http://localhost:9090/
[28/12/21 22:02:08:893 EET] 00000085 com.ibm.ws.session.WASSessionCore                            I SESN0176I: A new session context will be created for application key default_host/
[28/12/21 22:02:08:893 EET] 00000085 com.ibm.ws.util                                              I SESN0172I: The session manager is using the Java default SecureRandom implementation for session ID generation.
[28/12/21 22:02:08:910 EET] 00000085 com.ibm.ws.app.manager.AppMessageHelper                      A CWWKZ0003I: The application documents-caller updated in 0.938 seconds.
[28/12/21 22:02:08:959 EET] 00000093 com.ibm.ws.webcontainer.osgi.mbeans.PluginGenerator          I SRVE9103I: A configuration file for a web server plugin was automatically generated for this server at E:\facultate\master\java\java\tehnologii_java\documents-caller\documents-caller\target\liberty\wlp\usr\servers\documents-caller\logs\state\plugin-cfg.xml.
[28/12/21 22:02:18:889 EET] 0000008e com.ibm.ws.session.WASSessionCore                            W Detected JSESSIONID with invalid length; expected length of 23, found 24, setting: 07550eae2ed9e628db7f8dce to null.
[28/12/21 22:02:19:217 EET] 0000008e g.apache.cxf.cxf.core.3.2:1.0.59.cl211220211117-1256(id=97)] I Setting the server's publish address to be /data/
[28/12/21 22:02:19:303 EET] 0000008e com.ibm.ws.webcontainer.servlet                              I SRVE0242I: [documents-caller] [/] [com.example.documents.caller.DocumentscallerRestApplication]: Initialization successful.
[28/12/21 22:02:19:357 EET] 0000008e SystemErr                                                    R java.lang.IllegalStateException: The following values are either null or empty - fullyQualifiedClassName: null fullMethodSignature: null
[28/12/21 22:02:19:358 EET] 0000008e SystemErr                                                    R 	at io.openliberty.microprofile.metrics.internal.monitor.MetricsJaxRsEMCallbackImpl.resolveSimpleTimerClassMethodTags(MetricsJaxRsEMCallbackImpl.java:120)
[28/12/21 22:02:19:408 EET] 0000008e SystemErr                                                    R 	at io.openliberty.microprofile.metrics.internal.monitor.MetricsJaxRsEMCallbackImpl.onDefaultMappedException(MetricsJaxRsEMCallbackImpl.java:81)
[28/12/21 22:02:19:408 EET] 0000008e SystemErr                                                    R 	at com.ibm.ws.jaxrs.defaultexceptionmapper.DefaultExceptionMapper.toResponse(DefaultExceptionMapper.java:52)
[28/12/21 22:02:19:409 EET] 0000008e SystemErr                                                    R 	at org.apache.cxf.jaxrs.utils.ExceptionUtils.convertFaultToResponse(ExceptionUtils.java:85)
[28/12/21 22:02:19:409 EET] 0000008e SystemErr                                                    R 	at org.apache.cxf.jaxrs.utils.JAXRSUtils.convertFaultToResponse(JAXRSUtils.java:1881)
[28/12/21 22:02:19:409 EET] 0000008e SystemErr                                                    R 	at org.apache.cxf.jaxrs.interceptor.JAXRSInInterceptor.convertExceptionToResponseIfPossible(JAXRSInInterceptor.java:296)
[28/12/21 22:02:19:409 EET] 0000008e SystemErr                                                    R 	at org.apache.cxf.jaxrs.interceptor.JAXRSInInterceptor.handleMessage(JAXRSInInterceptor.java:103)
[28/12/21 22:02:19:409 EET] 0000008e SystemErr                                                    R 	at org.apache.cxf.phase.PhaseInterceptorChain.doIntercept(PhaseInterceptorChain.java:308)
[28/12/21 22:02:19:409 EET] 0000008e SystemErr                                                    R 	at org.apache.cxf.transport.ChainInitiationObserver.onMessage(ChainInitiationObserver.java:123)
[28/12/21 22:02:19:409 EET] 0000008e SystemErr                                                    R 	at org.apache.cxf.transport.http.AbstractHTTPDestination.invoke(AbstractHTTPDestination.java:277)
[28/12/21 22:02:19:409 EET] 0000008e SystemErr                                                    R 	at com.ibm.ws.jaxrs20.endpoint.AbstractJaxRsWebEndpoint.invoke(AbstractJaxRsWebEndpoint.java:137)
[28/12/21 22:02:19:410 EET] 0000008e SystemErr                                                    R 	at com.ibm.websphere.jaxrs.server.IBMRestServlet.handleRequest(IBMRestServlet.java:146)
[28/12/21 22:02:19:410 EET] 0000008e SystemErr                                                    R 	at com.ibm.websphere.jaxrs.server.IBMRestServlet.doGet(IBMRestServlet.java:112)
[28/12/21 22:02:19:410 EET] 0000008e SystemErr                                                    R 	at javax.servlet.http.HttpServlet.service(HttpServlet.java:686)
[28/12/21 22:02:19:410 EET] 0000008e SystemErr                                                    R 	at com.ibm.websphere.jaxrs.server.IBMRestServlet.service(IBMRestServlet.java:96)
[28/12/21 22:02:19:410 EET] 0000008e SystemErr                                                    R 	at com.ibm.ws.webcontainer.servlet.ServletWrapper.service(ServletWrapper.java:1258)
[28/12/21 22:02:19:410 EET] 0000008e SystemErr                                                    R 	at com.ibm.ws.webcontainer.servlet.ServletWrapper.handleRequest(ServletWrapper.java:746)
[28/12/21 22:02:19:410 EET] 0000008e SystemErr                                                    R 	at com.ibm.ws.webcontainer.servlet.ServletWrapper.handleRequest(ServletWrapper.java:443)
[28/12/21 22:02:19:410 EET] 0000008e SystemErr                                                    R 	at com.ibm.ws.webcontainer.filter.WebAppFilterChain.invokeTarget(WebAppFilterChain.java:193)
[28/12/21 22:02:19:410 EET] 0000008e SystemErr                                                    R 	at com.ibm.ws.webcontainer.filter.WebAppFilterChain.doFilter(WebAppFilterChain.java:98)
[28/12/21 22:02:19:410 EET] 0000008e SystemErr                                                    R 	at com.ibm.ws.security.jaspi.JaspiServletFilter.doFilter(JaspiServletFilter.java:56)
[28/12/21 22:02:19:410 EET] 0000008e SystemErr                                                    R 	at com.ibm.ws.webcontainer.filter.FilterInstanceWrapper.doFilter(FilterInstanceWrapper.java:201)
[28/12/21 22:02:19:410 EET] 0000008e SystemErr                                                    R 	at com.ibm.ws.webcontainer.filter.WebAppFilterChain.doFilter(WebAppFilterChain.java:91)
[28/12/21 22:02:19:410 EET] 0000008e SystemErr                                                    R 	at com.ibm.ws.webcontainer.filter.WebAppFilterManager.doFilter(WebAppFilterManager.java:1002)
[28/12/21 22:02:19:410 EET] 0000008e SystemErr                                                    R 	at com.ibm.ws.webcontainer.filter.WebAppFilterManager.invokeFilters(WebAppFilterManager.java:1140)
[28/12/21 22:02:19:410 EET] 0000008e SystemErr                                                    R 	at com.ibm.ws.webcontainer.webapp.WebApp.handleRequest(WebApp.java:5049)
[28/12/21 22:02:19:411 EET] 0000008e SystemErr                                                    R 	at com.ibm.ws.webcontainer.osgi.DynamicVirtualHost$2.handleRequest(DynamicVirtualHost.java:320)
[28/12/21 22:02:19:411 EET] 0000008e SystemErr                                                    R 	at com.ibm.ws.webcontainer.WebContainer.handleRequest(WebContainer.java:1007)
[28/12/21 22:02:19:411 EET] 0000008e SystemErr                                                    R 	at com.ibm.ws.webcontainer.osgi.DynamicVirtualHost$2.run(DynamicVirtualHost.java:285)
[28/12/21 22:02:19:411 EET] 0000008e SystemErr                                                    R 	at com.ibm.ws.http.dispatcher.internal.channel.HttpDispatcherLink$TaskWrapper.run(HttpDispatcherLink.java:1184)
[28/12/21 22:02:19:411 EET] 0000008e SystemErr                                                    R 	at com.ibm.ws.http.dispatcher.internal.channel.HttpDispatcherLink.wrapHandlerAndExecute(HttpDispatcherLink.java:453)
[28/12/21 22:02:19:411 EET] 0000008e SystemErr                                                    R 	at com.ibm.ws.http.dispatcher.internal.channel.HttpDispatcherLink.ready(HttpDispatcherLink.java:412)
[28/12/21 22:02:19:411 EET] 0000008e SystemErr                                                    R 	at com.ibm.ws.http.channel.internal.inbound.HttpInboundLink.handleDiscrimination(HttpInboundLink.java:566)
[28/12/21 22:02:19:411 EET] 0000008e SystemErr                                                    R 	at com.ibm.ws.http.channel.internal.inbound.HttpInboundLink.handleNewRequest(HttpInboundLink.java:500)
[28/12/21 22:02:19:411 EET] 0000008e SystemErr                                                    R 	at com.ibm.ws.http.channel.internal.inbound.HttpInboundLink.processRequest(HttpInboundLink.java:360)
[28/12/21 22:02:19:411 EET] 0000008e SystemErr                                                    R 	at com.ibm.ws.http.channel.internal.inbound.HttpInboundLink.ready(HttpInboundLink.java:327)
[28/12/21 22:02:19:411 EET] 0000008e SystemErr                                                    R 	at com.ibm.ws.tcpchannel.internal.NewConnectionInitialReadCallback.sendToDiscriminators(NewConnectionInitialReadCallback.java:167)
[28/12/21 22:02:19:411 EET] 0000008e SystemErr                                                    R 	at com.ibm.ws.tcpchannel.internal.NewConnectionInitialReadCallback.complete(NewConnectionInitialReadCallback.java:75)
[28/12/21 22:02:19:411 EET] 0000008e SystemErr                                                    R 	at com.ibm.ws.tcpchannel.internal.WorkQueueManager.requestComplete(WorkQueueManager.java:504)
[28/12/21 22:02:19:412 EET] 0000008e SystemErr                                                    R 	at com.ibm.ws.tcpchannel.internal.WorkQueueManager.attemptIO(WorkQueueManager.java:574)
[28/12/21 22:02:19:412 EET] 0000008e SystemErr                                                    R 	at com.ibm.ws.tcpchannel.internal.WorkQueueManager.workerRun(WorkQueueManager.java:958)
[28/12/21 22:02:19:412 EET] 0000008e SystemErr                                                    R 	at com.ibm.ws.tcpchannel.internal.WorkQueueManager$Worker.run(WorkQueueManager.java:1047)
[28/12/21 22:02:19:412 EET] 0000008e SystemErr                                                    R 	at com.ibm.ws.threading.internal.ExecutorServiceImpl$RunnableWrapper.run(ExecutorServiceImpl.java:238)
[28/12/21 22:02:19:412 EET] 0000008e SystemErr                                                    R 	at java.util.concurrent.ThreadPoolExecutor.runWorker(ThreadPoolExecutor.java:1149)
[28/12/21 22:02:19:412 EET] 0000008e SystemErr                                                    R 	at java.util.concurrent.ThreadPoolExecutor$Worker.run(ThreadPoolExecutor.java:624)
[28/12/21 22:02:19:412 EET] 0000008e SystemErr                                                    R 	at java.lang.Thread.run(Thread.java:748)
[28/12/21 22:02:38:464 EET] 00000013 com.ibm.ws.kernel.launch.internal.ServerCommandListener      A CWWKE0055I: Server shutdown requested on Tuesday, 28 December 2021 at 22:02. The server documents-caller is shutting down.
[28/12/21 22:02:38:468 EET] 000000ab com.ibm.ws.runtime.update.internal.RuntimeUpdateManagerImpl  A CWWKE1100I: Waiting for up to 30 seconds for the server to quiesce.
[28/12/21 22:02:38:479 EET] 00000095 com.ibm.ws.tcpchannel.internal.TCPChannel                    I CWWKO0220I: TCP Channel defaultHttpEndpoint-ssl has stopped listening for requests on host kubernetes.docker.internal  (IPv4: 127.0.0.1) port 9445.
[28/12/21 22:02:38:481 EET] 00000095 com.ibm.ws.tcpchannel.internal.TCPChannel                    I CWWKO0220I: TCP Channel defaultHttpEndpoint has stopped listening for requests on host kubernetes.docker.internal  (IPv4: 127.0.0.1) port 9090.
[28/12/21 22:02:38:481 EET] 00000095 com.ibm.ws.http.internal.VirtualHostImpl                     A CWWKT0017I: Web application removed (default_host): http://localhost:9090/jwt/
[28/12/21 22:02:38:482 EET] 00000095 com.ibm.ws.http.internal.VirtualHostImpl                     A CWWKT0017I: Web application removed (default_host): http://localhost:9090/openapi/ui/
[28/12/21 22:02:38:482 EET] 00000095 com.ibm.ws.http.internal.VirtualHostImpl                     A CWWKT0017I: Web application removed (default_host): http://localhost:9090/metrics/
[28/12/21 22:02:38:482 EET] 00000095 com.ibm.ws.http.internal.VirtualHostImpl                     A CWWKT0017I: Web application removed (default_host): http://localhost:9090/health/
[28/12/21 22:02:38:482 EET] 00000095 com.ibm.ws.http.internal.VirtualHostImpl                     A CWWKT0017I: Web application removed (default_host): http://localhost:9090/
[28/12/21 22:02:38:482 EET] 00000095 com.ibm.ws.http.internal.VirtualHostImpl                     A CWWKT0017I: Web application removed (default_host): http://localhost:9090/openapi/
[28/12/21 22:02:38:482 EET] 00000095 com.ibm.ws.http.internal.VirtualHostImpl                     A CWWKT0017I: Web application removed (default_host): http://localhost:9090/ibm/api/
[28/12/21 22:02:39:489 EET] 000000ab com.ibm.ws.runtime.update.internal.RuntimeUpdateManagerImpl  I CWWKE1101I: Server quiesce complete.
[28/12/21 22:02:39:565 EET] 00000092 com.ibm.ws.webcontainer.servlet                              I SRVE0253I: [documents-caller] [/] [com.example.documents.caller.DocumentscallerRestApplication]: Destroy successful.
[28/12/21 22:02:39:573 EET] 00000092 com.ibm.ws.app.manager.AppMessageHelper                      A CWWKZ0009I: The application documents-caller has stopped successfully.
[28/12/21 22:02:39:664 EET] 000000ab com.ibm.ws.webcontainer.servlet                              I SRVE0253I: [io.openliberty.microprofile.openapi.2.0.internal] [/openapi] [ApplicationServlet]: Destroy successful.
[28/12/21 22:02:39:672 EET] 000000ab com.ibm.ws.webcontainer.servlet                              I SRVE0253I: [io.openliberty.microprofile.metrics.internal.public] [/metrics] [PublicMetricsRESTProxyServlet]: Destroy successful.
[28/12/21 22:02:39:678 EET] 000000ab com.ibm.ws.webcontainer.servlet                              I SRVE0253I: [io.openliberty.microprofile.health.3.0.internal] [/health] [HealthCheckReadinessServlet]: Destroy successful.
[28/12/21 22:02:39:679 EET] 000000ab com.ibm.ws.webcontainer.servlet                              I SRVE0253I: [io.openliberty.microprofile.health.3.0.internal] [/health] [HealthCheckLivenessServlet]: Destroy successful.
[28/12/21 22:02:39:679 EET] 000000ab com.ibm.ws.webcontainer.servlet                              I SRVE0253I: [io.openliberty.microprofile.health.3.0.internal] [/health] [HealthCheckServlet]: Destroy successful.
[28/12/21 22:02:39:943 EET] 000000ab rty.security.mp.jwt.v12.config.impl.MpConfigProxyServiceImpl I CWWKS5782I: The MicroProfile JWT version 1.2 mpConfigProxy deactivated successfully.
[28/12/21 22:02:39:950 EET] 000000ab .ws.security.mp.jwt.v11.config.impl.MpConfigProxyServiceImpl I CWWKS5777I: The MicroProfile JWT version 1.1 mpConfigProxy deactivated successfully.
[28/12/21 22:02:39:955 EET] 000000ab com.ibm.ws.security.mp.jwt.impl.MicroProfileJwtConfigImpl    I CWWKS5502I: The MicroProfile JWT configuration [jwtUserConsumer] was successfully deactivated.
[28/12/21 22:02:39:956 EET] 000000ab com.ibm.ws.security.mp.jwt.impl.MicroProfileJwtConfigImpl    I CWWKS5502I: The MicroProfile JWT configuration [defaultMpJwt] was successfully deactivated.
[28/12/21 22:02:39:956 EET] 000000ab com.ibm.ws.security.mp.jwt.impl.MicroProfileJwtServiceImpl   I CWWKS5502I: The MicroProfile JWT configuration [MicroProfileJwtService] was successfully deactivated.
[28/12/21 22:02:40:020 EET] 000000ab .microprofile.metrics.internal.monitor.MonitorMetricsHandler I CWPMI2004I: All monitoring metrics were unregistered from mpMetrics.
[28/12/21 22:02:40:164 EET] 000000ab com.ibm.ws.security.ready.internal.SecurityReadyServiceImpl  I CWWKS0009I: The security service has stopped.
[28/12/21 22:02:40:200 EET] 000000ab ibm.ws.security.authentication.internal.jaas.JAASServiceImpl I CWWKS1124I: The collective authentication plugin with class name NullCollectiveAuthenticationPlugin has been deactivated. 
[28/12/21 22:02:41:134 EET] 00000001 com.ibm.ws.kernel.launch.internal.FrameworkManager           A CWWKE0036I: The server documents-caller stopped after 7 minutes, 14.876 seconds.
