********************************************************************************
product = Open Liberty 21.0.0.12 (wlp-1.0.59.cl211220211117-1256)
wlp.install.dir = E:/facultate/master/java/java/tehnologii_java/lab10/target/liberty/wlp/
java.home = C:\Program Files\Java\jdk1.8.0_301\jre
java.version = 1.8.0_301
java.runtime = Java(TM) SE Runtime Environment (1.8.0_301-b09)
os = Windows 10 (10.0; amd64) (en_GB)
process = 19688@DESKTOP-LM50P3I
********************************************************************************
[03/01/22 14:44:22:351 EET] 00000001 com.ibm.ws.kernel.launch.internal.FrameworkManager           A CWWKE0001I: The server documents has been launched.
[03/01/22 14:44:24:793 EET] 00000001 com.ibm.ws.kernel.launch.internal.FrameworkManager           I CWWKE0002I: The kernel started after 7.473 seconds
[03/01/22 14:44:24:975 EET] 00000022 com.ibm.ws.kernel.feature.internal.FeatureManager            I CWWKF0007I: Feature update started.
[03/01/22 14:44:25:524 EET] 00000017 .apache.cxf.cxf.core.3.2:1.0.59.cl211220211117-1256(id=135)] I Aries Blueprint packages not available. So namespaces will not be registered
[03/01/22 14:44:25:528 EET] 00000019 .apache.cxf.cxf.core.3.2:1.0.59.cl211220211117-1256(id=135)] I Aries Blueprint packages not available. So namespaces will not be registered
[03/01/22 14:44:25:679 EET] 00000016 com.ibm.ws.security.ready.internal.SecurityReadyServiceImpl  I CWWKS0007I: The security service is starting...
[03/01/22 14:44:25:983 EET] 00000018 com.ibm.ws.app.manager.internal.monitor.DropinMonitor        A CWWKZ0058I: Monitoring dropins for applications.
[03/01/22 14:44:26:463 EET] 0000001a com.ibm.ws.cache.ServerCache                                 I DYNA1001I: WebSphere Dynamic Cache instance named baseCache initialized successfully.
[03/01/22 14:44:26:466 EET] 0000001a com.ibm.ws.cache.ServerCache                                 I DYNA1071I: The cache provider default is being used.
[03/01/22 14:44:26:467 EET] 0000001a com.ibm.ws.cache.CacheServiceImpl                            I DYNA1056I: Dynamic Cache (object cache) initialized successfully.
[03/01/22 14:44:26:468 EET] 00000018 rty.security.mp.jwt.v12.config.impl.MpConfigProxyServiceImpl I CWWKS5780I: The MicroProfile JWT version 1.2 mpConfigProxy processed successfully.
[03/01/22 14:44:26:470 EET] 0000001a .ws.security.mp.jwt.v11.config.impl.MpConfigProxyServiceImpl I CWWKS5775I: The MicroProfile JWT version 1.1 mpConfigProxy processed successfully.
[03/01/22 14:44:26:817 EET] 0000001e com.ibm.ws.ssl.config.WSKeyStore                             I Successfully loaded default keystore: E:/facultate/master/java/java/tehnologii_java/lab10/target/liberty/wlp/usr/servers/documents/resources/security/public.jks of type: JKS
[03/01/22 14:44:26:821 EET] 00000016 ibm.ws.security.authentication.internal.jaas.JAASServiceImpl I CWWKS1123I: The collective authentication plugin with class name NullCollectiveAuthenticationPlugin has been activated. 
[03/01/22 14:44:27:074 EET] 00000016 com.ibm.ws.security.jwt.internal.ConsumerImpl                I CWWKS6012I: The JSON Web Token (JWT) consumer service is available.
[03/01/22 14:44:27:123 EET] 00000016 com.ibm.ws.security.jwt.web.JwtEndpointServices              I CWWKS6002I: The JSON Web Token (JWT) endpoint service is available.
[03/01/22 14:44:27:180 EET] 00000016 com.ibm.ws.security.jaspi.AuthConfigFactoryWrapper           I CWWKS1655I: The default Java Authentication SPI for Containers (JASPIC) AuthConfigFactory class com.ibm.ws.security.jaspi.ProviderRegistry is being used because the Java security property authconfigprovider.factory is not set. 
[03/01/22 14:44:27:736 EET] 00000016 com.ibm.ws.session.WASSessionCore                            I SESN8501I: The session manager did not find a persistent storage location; HttpSession objects will be stored in the local application server's memory.
[03/01/22 14:44:27:879 EET] 00000016 .microprofile.metrics.internal.monitor.MonitorMetricsHandler I CWPMI2003I: Monitoring metrics can be retrieved through mpMetrics.
[03/01/22 14:44:28:191 EET] 00000033 com.ibm.ws.security.token.ltpa.internal.LTPAKeyCreateTask    I CWWKS4105I: LTPA configuration is ready after 1.388 seconds.
[03/01/22 14:44:28:235 EET] 0000001e com.ibm.ws.security.mp.jwt.impl.MicroProfileJwtServiceImpl   I CWWKS5500I: The MicroProfile JWT configuration [MicroProfileJwtService] was successfully processed.
[03/01/22 14:44:28:236 EET] 0000001e com.ibm.ws.security.mp.jwt.impl.MicroProfileJwtConfigImpl    I CWWKS5500I: The MicroProfile JWT configuration [jwtUserConsumer] was successfully processed.
[03/01/22 14:44:28:236 EET] 0000001e com.ibm.ws.security.mp.jwt.impl.MicroProfileJwtConfigImpl    I CWWKS5500I: The MicroProfile JWT configuration [defaultMpJwt] was successfully processed.
[03/01/22 14:44:33:245 EET] 00000034 com.ibm.ws.app.manager.AppMessageHelper                      I CWWKZ0018I: Starting application documents.
[03/01/22 14:44:33:246 EET] 00000034 bm.ws.app.manager.war.internal.WARDeployedAppInfoFactoryImpl I CWWKZ0134I: The documents application is using the loose application definition at the E:\facultate\master\java\java\tehnologii_java\lab10\target\liberty\wlp\usr\servers\documents\apps\documents.war.xml location.
[03/01/22 14:44:33:939 EET] 0000002f com.ibm.ws.webcontainer.osgi.webapp.WebGroup                 I SRVE0169I: Loading Web Module: ibm/api.
[03/01/22 14:44:33:939 EET] 00000031 com.ibm.ws.webcontainer.osgi.webapp.WebGroup                 I SRVE0169I: Loading Web Module: PublicMicroProfileMetrics.
[03/01/22 14:44:33:939 EET] 0000002d com.ibm.ws.webcontainer.osgi.webapp.WebGroup                 I SRVE0169I: Loading Web Module: OpenAPIUI.
[03/01/22 14:44:33:943 EET] 00000031 com.ibm.ws.http.internal.VirtualHostImpl                     A CWWKT0016I: Web application available (default_host): http://localhost:9080/metrics/
[03/01/22 14:44:33:957 EET] 0000002d com.ibm.ws.http.internal.VirtualHostImpl                     A CWWKT0016I: Web application available (default_host): http://localhost:9080/openapi/ui/
[03/01/22 14:44:33:959 EET] 0000002f com.ibm.ws.http.internal.VirtualHostImpl                     A CWWKT0016I: Web application available (default_host): http://localhost:9080/ibm/api/
[03/01/22 14:44:34:004 EET] 00000032 com.ibm.ws.webcontainer.osgi.webapp.WebGroup                 I SRVE0169I: Loading Web Module: health.
[03/01/22 14:44:34:005 EET] 00000032 com.ibm.ws.http.internal.VirtualHostImpl                     A CWWKT0016I: Web application available (default_host): http://localhost:9080/health/
[03/01/22 14:44:34:137 EET] 00000024 com.ibm.ws.session.WASSessionCore                            I SESN0176I: A new session context will be created for application key default_host/health
[03/01/22 14:44:34:137 EET] 00000029 com.ibm.ws.session.WASSessionCore                            I SESN0176I: A new session context will be created for application key default_host/metrics
[03/01/22 14:44:34:137 EET] 00000036 com.ibm.ws.session.WASSessionCore                            I SESN0176I: A new session context will be created for application key default_host/ibm/api
[03/01/22 14:44:34:137 EET] 00000037 com.ibm.ws.session.WASSessionCore                            I SESN0176I: A new session context will be created for application key default_host/openapi/ui
[03/01/22 14:44:34:182 EET] 00000024 com.ibm.ws.util                                              I SESN0172I: The session manager is using the Java default SecureRandom implementation for session ID generation.
[03/01/22 14:44:34:194 EET] 00000037 com.ibm.ws.util                                              I SESN0172I: The session manager is using the Java default SecureRandom implementation for session ID generation.
[03/01/22 14:44:34:195 EET] 00000036 com.ibm.ws.util                                              I SESN0172I: The session manager is using the Java default SecureRandom implementation for session ID generation.
[03/01/22 14:44:34:195 EET] 00000029 com.ibm.ws.util                                              I SESN0172I: The session manager is using the Java default SecureRandom implementation for session ID generation.
[03/01/22 14:44:34:222 EET] 00000037 com.ibm.ws.cache.CacheServiceImpl                            I DYNA1056I: Dynamic Cache (object cache) initialized successfully.
[03/01/22 14:44:34:228 EET] 00000033 com.ibm.ws.webcontainer.osgi.webapp.WebGroup                 I SRVE0169I: Loading Web Module: com.ibm.ws.security.jwt.
[03/01/22 14:44:34:228 EET] 0000002c com.ibm.ws.webcontainer.osgi.webapp.WebGroup                 I SRVE0169I: Loading Web Module: MicroProfileOpenAPI.
[03/01/22 14:44:34:229 EET] 00000033 com.ibm.ws.http.internal.VirtualHostImpl                     A CWWKT0016I: Web application available (default_host): http://localhost:9080/jwt/
[03/01/22 14:44:34:230 EET] 0000002c com.ibm.ws.http.internal.VirtualHostImpl                     A CWWKT0016I: Web application available (default_host): http://localhost:9080/openapi/
[03/01/22 14:44:34:249 EET] 0000002d com.ibm.ws.session.WASSessionCore                            I SESN0176I: A new session context will be created for application key default_host/openapi
[03/01/22 14:44:34:249 EET] 0000002d com.ibm.ws.util                                              I SESN0172I: The session manager is using the Java default SecureRandom implementation for session ID generation.
[03/01/22 14:44:34:252 EET] 00000033 com.ibm.ws.session.WASSessionCore                            I SESN0176I: A new session context will be created for application key default_host/jwt
[03/01/22 14:44:34:252 EET] 00000033 com.ibm.ws.util                                              I SESN0172I: The session manager is using the Java default SecureRandom implementation for session ID generation.
[03/01/22 14:44:34:497 EET] 00000024 com.ibm.ws.webcontainer.servlet                              I SRVE0242I: [io.openliberty.microprofile.health.3.0.internal] [/health] [HealthCheckReadinessServlet]: Initialization successful.
[03/01/22 14:44:34:497 EET] 00000029 com.ibm.ws.webcontainer.servlet                              I SRVE0242I: [io.openliberty.microprofile.metrics.internal.public] [/metrics] [PublicMetricsRESTProxyServlet]: Initialization successful.
[03/01/22 14:44:34:498 EET] 0000002d com.ibm.ws.webcontainer.servlet                              I SRVE0242I: [io.openliberty.microprofile.openapi.2.0.internal] [/openapi] [ApplicationServlet]: Initialization successful.
[03/01/22 14:44:34:500 EET] 00000024 com.ibm.ws.webcontainer.servlet                              I SRVE0242I: [io.openliberty.microprofile.health.3.0.internal] [/health] [HealthCheckServlet]: Initialization successful.
[03/01/22 14:44:34:501 EET] 00000024 com.ibm.ws.webcontainer.servlet                              I SRVE0242I: [io.openliberty.microprofile.health.3.0.internal] [/health] [HealthCheckLivenessServlet]: Initialization successful.
[03/01/22 14:44:34:501 EET] 00000023 com.ibm.ws.webcontainer.osgi.mbeans.PluginGenerator          I SRVE9103I: A configuration file for a web server plugin was automatically generated for this server at E:\facultate\master\java\java\tehnologii_java\lab10\target\liberty\wlp\usr\servers\documents\logs\state\plugin-cfg.xml.
[03/01/22 14:44:34:670 EET] 0000002f com.ibm.ws.webcontainer.osgi.mbeans.PluginGenerator          I SRVE9103I: A configuration file for a web server plugin was automatically generated for this server at E:\facultate\master\java\java\tehnologii_java\lab10\target\liberty\wlp\usr\servers\documents\logs\state\plugin-cfg.xml.
[03/01/22 14:44:34:691 EET] 00000034 com.ibm.ws.jca.cm.ConnectorService                           I J2CA8050I: An authentication alias should be used instead of defining a user name and password on dataSource[lab7].
[03/01/22 14:44:35:116 EET] 00000034 com.ibm.ws.recoverylog.spi.RecoveryDirectorImpl              I CWRLS0010I: Performing recovery processing for local WebSphere server (documents).
[03/01/22 14:44:35:614 EET] 00000034 com.ibm.ws.recoverylog.spi.RecoveryDirectorImpl              I CWRLS0012I: All persistent services have been directed to perform recovery processing for this WebSphere server (documents).
[03/01/22 14:44:35:614 EET] 0000003f com.ibm.tx.jta.impl.RecoveryManager                          I WTRN0135I: Transaction service recovering no transactions.
[03/01/22 14:44:38:924 EET] 00000034 io.openliberty.microprofile.openapi20.ApplicationProcessor   I CWWKO1660I: The application documents was processed and an OpenAPI document was produced.
[03/01/22 14:44:39:027 EET] 00000034 org.jboss.weld.Version                                       I WELD-000900: 3.1.8 (Final)
[03/01/22 14:44:40:971 EET] 00000034 com.ibm.ws.logging.internal.impl.IncidentImpl                I FFDC1015I: An FFDC Incident has been created: "org.jboss.weld.exceptions.DefinitionException: CWMFT5020E: The com.example.documents.ResilienceController.asyncMethod() asynchronous method does not have a return type of either java.util.concurrent.Future or java.util.concurrent.CompletionStage. com.ibm.ws.container.service.state.internal.ApplicationStateManager 54" at ffdc_22.01.03_14.44.40.0.log
[03/01/22 14:44:41:083 EET] 00000034 com.ibm.ws.logging.internal.impl.IncidentImpl                I FFDC1015I: An FFDC Incident has been created: "com.ibm.ws.container.service.state.StateChangeException: org.jboss.weld.exceptions.DefinitionException: CWMFT5020E: The com.example.documents.ResilienceController.asyncMethod() asynchronous method does not have a return type of either java.util.concurrent.Future or java.util.concurrent.CompletionStage. com.ibm.ws.app.manager.module.internal.SimpleDeployedAppInfoBase 548" at ffdc_22.01.03_14.44.40.1.log
[03/01/22 14:44:41:153 EET] 00000034 com.ibm.ws.app.manager.AppMessageHelper                      E CWWKZ0002E: An exception occurred while starting the application documents. The exception message was: com.ibm.ws.container.service.state.StateChangeException: org.jboss.weld.exceptions.DefinitionException: CWMFT5020E: The com.example.documents.ResilienceController.asyncMethod() asynchronous method does not have a return type of either java.util.concurrent.Future or java.util.concurrent.CompletionStage.
[03/01/22 14:44:41:186 EET] 00000022 com.ibm.ws.tcpchannel.internal.TCPPort                       I CWWKO0219I: TCP Channel defaultHttpEndpoint has been started and is now listening for requests on host kubernetes.docker.internal  (IPv4: 127.0.0.1) port 9080.
[03/01/22 14:44:41:189 EET] 00000022 com.ibm.ws.tcpchannel.internal.TCPPort                       I CWWKO0219I: TCP Channel defaultHttpEndpoint-ssl has been started and is now listening for requests on host kubernetes.docker.internal  (IPv4: 127.0.0.1) port 9443.
[03/01/22 14:44:41:214 EET] 00000022 com.ibm.ws.kernel.feature.internal.FeatureManager            A CWWKF0012I: The server installed the following features: [appSecurity-3.0, cdi-2.0, distributedMap-1.0, el-3.0, jaxrs-2.1, jaxrsClient-2.1, jdbc-4.2, jndi-1.0, jpa-2.2, jpaContainer-2.2, json-1.0, jsonb-1.0, jsonp-1.1, jwt-1.0, microProfile-4.0, monitor-1.0, mpConfig-2.0, mpFaultTolerance-3.0, mpHealth-3.0, mpJwt-1.2, mpMetrics-3.0, mpOpenAPI-2.0, mpOpenTracing-2.0, mpRestClient-2.0, opentracing-2.0, servlet-4.0, ssl-1.0].
[03/01/22 14:44:41:215 EET] 00000022 com.ibm.ws.kernel.feature.internal.FeatureManager            I CWWKF0008I: Feature update completed in 16.421 seconds.
[03/01/22 14:44:41:215 EET] 00000022 com.ibm.ws.kernel.feature.internal.FeatureManager            A CWWKF0011I: The documents server is ready to run a smarter planet. The documents server started in 23.896 seconds.
[03/01/22 14:44:43:729 EET] 00000029 com.ibm.ws.app.manager.AppMessageHelper                      I CWWKZ0018I: Starting application documents.
[03/01/22 14:44:43:729 EET] 00000029 bm.ws.app.manager.war.internal.WARDeployedAppInfoFactoryImpl I CWWKZ0134I: The documents application is using the loose application definition at the E:\facultate\master\java\java\tehnologii_java\lab10\target\liberty\wlp\usr\servers\documents\apps\documents.war.xml location.
[03/01/22 14:44:45:335 EET] 00000029 io.openliberty.microprofile.openapi20.ApplicationProcessor   I CWWKO1660I: The application documents was processed and an OpenAPI document was produced.
[03/01/22 14:44:45:596 EET] 00000029 com.ibm.ws.app.manager.AppMessageHelper                      E CWWKZ0004E: An exception occurred while starting the application documents. The exception message was: com.ibm.ws.container.service.state.StateChangeException: org.jboss.weld.exceptions.DefinitionException: CWMFT5020E: The com.example.documents.ResilienceController.asyncMethod() asynchronous method does not have a return type of either java.util.concurrent.Future or java.util.concurrent.CompletionStage.
[03/01/22 14:46:53:997 EET] 00000024 com.ibm.ws.app.manager.AppMessageHelper                      I CWWKZ0018I: Starting application documents.
[03/01/22 14:46:53:998 EET] 00000024 bm.ws.app.manager.war.internal.WARDeployedAppInfoFactoryImpl I CWWKZ0134I: The documents application is using the loose application definition at the E:\facultate\master\java\java\tehnologii_java\lab10\target\liberty\wlp\usr\servers\documents\apps\documents.war.xml location.
[03/01/22 14:46:55:297 EET] 00000024 io.openliberty.microprofile.openapi20.ApplicationProcessor   I CWWKO1660I: The application documents was processed and an OpenAPI document was produced.
[03/01/22 14:46:56:553 EET] 00000024 com.ibm.ws.webcontainer.osgi.webapp.WebGroup                 I SRVE0169I: Loading Web Module: documents.
[03/01/22 14:46:56:553 EET] 00000024 com.ibm.ws.http.internal.VirtualHostImpl                     A CWWKT0016I: Web application available (default_host): http://localhost:9080/
[03/01/22 14:46:56:557 EET] 00000023 com.ibm.ws.session.WASSessionCore                            I SESN0176I: A new session context will be created for application key default_host/
[03/01/22 14:46:56:557 EET] 00000023 com.ibm.ws.util                                              I SESN0172I: The session manager is using the Java default SecureRandom implementation for session ID generation.
[03/01/22 14:46:56:607 EET] 00000066 com.ibm.ws.webcontainer.osgi.mbeans.PluginGenerator          I SRVE9103I: A configuration file for a web server plugin was automatically generated for this server at E:\facultate\master\java\java\tehnologii_java\lab10\target\liberty\wlp\usr\servers\documents\logs\state\plugin-cfg.xml.
[03/01/22 14:46:56:658 EET] 00000023 com.ibm.ws.app.manager.AppMessageHelper                      A CWWKZ0003I: The application documents updated in 2.661 seconds.
[03/01/22 14:47:47:257 EET] 00000063 com.ibm.ws.http.internal.VirtualHostImpl                     A CWWKT0017I: Web application removed (default_host): http://localhost:9080/
[03/01/22 14:47:47:271 EET] 00000063 com.ibm.ws.app.manager.AppMessageHelper                      A CWWKZ0009I: The application documents has stopped successfully.
[03/01/22 14:47:47:277 EET] 00000063 com.ibm.ws.app.manager.AppMessageHelper                      I CWWKZ0018I: Starting application documents.
[03/01/22 14:47:47:277 EET] 00000063 bm.ws.app.manager.war.internal.WARDeployedAppInfoFactoryImpl I CWWKZ0134I: The documents application is using the loose application definition at the E:\facultate\master\java\java\tehnologii_java\lab10\target\liberty\wlp\usr\servers\documents\apps\documents.war.xml location.
[03/01/22 14:47:47:445 EET] 00000034 com.ibm.ws.webcontainer.osgi.mbeans.PluginGenerator          I SRVE9103I: A configuration file for a web server plugin was automatically generated for this server at E:\facultate\master\java\java\tehnologii_java\lab10\target\liberty\wlp\usr\servers\documents\logs\state\plugin-cfg.xml.
[03/01/22 14:47:48:563 EET] 00000063 io.openliberty.microprofile.openapi20.ApplicationProcessor   I CWWKO1660I: The application documents was processed and an OpenAPI document was produced.
[03/01/22 14:47:49:187 EET] 00000063 com.ibm.ws.webcontainer.osgi.webapp.WebGroup                 I SRVE0169I: Loading Web Module: documents.
[03/01/22 14:47:49:187 EET] 00000063 com.ibm.ws.http.internal.VirtualHostImpl                     A CWWKT0016I: Web application available (default_host): http://localhost:9080/
[03/01/22 14:47:49:189 EET] 00000024 com.ibm.ws.session.WASSessionCore                            I SESN0176I: A new session context will be created for application key default_host/
[03/01/22 14:47:49:189 EET] 00000024 com.ibm.ws.util                                              I SESN0172I: The session manager is using the Java default SecureRandom implementation for session ID generation.
[03/01/22 14:47:49:210 EET] 00000024 com.ibm.ws.app.manager.AppMessageHelper                      A CWWKZ0003I: The application documents updated in 1.933 seconds.
[03/01/22 14:47:49:267 EET] 00000029 com.ibm.ws.webcontainer.osgi.mbeans.PluginGenerator          I SRVE9103I: A configuration file for a web server plugin was automatically generated for this server at E:\facultate\master\java\java\tehnologii_java\lab10\target\liberty\wlp\usr\servers\documents\logs\state\plugin-cfg.xml.
[03/01/22 14:47:57:682 EET] 00000029 com.ibm.ws.http.internal.VirtualHostImpl                     A CWWKT0017I: Web application removed (default_host): http://localhost:9080/
[03/01/22 14:47:57:694 EET] 00000029 com.ibm.ws.app.manager.AppMessageHelper                      A CWWKZ0009I: The application documents has stopped successfully.
[03/01/22 14:47:57:698 EET] 00000029 com.ibm.ws.app.manager.AppMessageHelper                      I CWWKZ0018I: Starting application documents.
[03/01/22 14:47:57:698 EET] 00000029 bm.ws.app.manager.war.internal.WARDeployedAppInfoFactoryImpl I CWWKZ0134I: The documents application is using the loose application definition at the E:\facultate\master\java\java\tehnologii_java\lab10\target\liberty\wlp\usr\servers\documents\apps\documents.war.xml location.
[03/01/22 14:47:57:885 EET] 00000065 com.ibm.ws.webcontainer.osgi.mbeans.PluginGenerator          I SRVE9103I: A configuration file for a web server plugin was automatically generated for this server at E:\facultate\master\java\java\tehnologii_java\lab10\target\liberty\wlp\usr\servers\documents\logs\state\plugin-cfg.xml.
[03/01/22 14:47:59:000 EET] 00000029 io.openliberty.microprofile.openapi20.ApplicationProcessor   I CWWKO1660I: The application documents was processed and an OpenAPI document was produced.
[03/01/22 14:47:59:402 EET] 00000029 com.ibm.ws.webcontainer.osgi.webapp.WebGroup                 I SRVE0169I: Loading Web Module: documents.
[03/01/22 14:47:59:403 EET] 00000029 com.ibm.ws.http.internal.VirtualHostImpl                     A CWWKT0016I: Web application available (default_host): http://localhost:9080/
[03/01/22 14:47:59:404 EET] 00000023 com.ibm.ws.session.WASSessionCore                            I SESN0176I: A new session context will be created for application key default_host/
[03/01/22 14:47:59:404 EET] 00000023 com.ibm.ws.util                                              I SESN0172I: The session manager is using the Java default SecureRandom implementation for session ID generation.
[03/01/22 14:47:59:425 EET] 00000023 com.ibm.ws.app.manager.AppMessageHelper                      A CWWKZ0003I: The application documents updated in 1.727 seconds.
[03/01/22 14:47:59:459 EET] 0000005b com.ibm.ws.webcontainer.osgi.mbeans.PluginGenerator          I SRVE9103I: A configuration file for a web server plugin was automatically generated for this server at E:\facultate\master\java\java\tehnologii_java\lab10\target\liberty\wlp\usr\servers\documents\logs\state\plugin-cfg.xml.
[03/01/22 14:48:08:271 EET] 0000007f .apache.cxf.cxf.core.3.2:1.0.59.cl211220211117-1256(id=135)] I Setting the server's publish address to be /data/
[03/01/22 14:48:08:367 EET] 0000007f com.ibm.ws.webcontainer.servlet                              I SRVE0242I: [documents] [/] [com.example.documents.DocumentsRestApplication]: Initialization successful.
[03/01/22 14:48:08:723 EET] 0000007f io.jaegertracing.Configuration                               I Initialized tracer=JaegerTracer(version=Java-1.5.0, serviceName=documents, reporter=RemoteReporter(sender=UdpSender(host=localhost, port=6831), closeEnqueueTimeout=1000), sampler=RemoteControlledSampler(maxOperations=2000, manager=HttpSamplingManager(hostPort=localhost:5778), sampler=ProbabilisticSampler(tags={sampler.type=probabilistic, sampler.param=0.001})), tags={hostname=DESKTOP-LM50P3I, jaeger.version=Java-1.5.0, ip=172.21.0.1}, zipkinSharedRpcSpan=false, expandExceptionLogs=false, useTraceId128Bit=false)
[03/01/22 14:48:08:723 EET] 0000007f m.ibm.ws.microprofile.opentracing.jaeger.JaegerTracerFactory I CWMOT1001I: A JaegerTracer instance was created for the documents application.  Tracing information is sent to localhost:6831.
[03/01/22 14:48:08:937 EET] 00000089 SystemOut                                                    O Called checkConcurrentRequests endpoint
[03/01/22 14:48:18:942 EET] 00000089 SystemOut                                                    O Finish the call
[03/01/22 14:48:19:029 EET] 00000092 SystemOut                                                    O Called checkConcurrentRequests endpoint
[03/01/22 14:48:29:033 EET] 00000092 SystemOut                                                    O Finish the call
[03/01/22 14:48:41:085 EET] 00000098 com.ibm.ws.http.internal.VirtualHostImpl                     A CWWKT0017I: Web application removed (default_host): http://localhost:9080/
[03/01/22 14:48:41:090 EET] 00000098 com.ibm.ws.webcontainer.servlet                              I SRVE0253I: [documents] [/] [com.example.documents.DocumentsRestApplication]: Destroy successful.
[03/01/22 14:48:41:103 EET] 00000098 com.ibm.ws.app.manager.AppMessageHelper                      A CWWKZ0009I: The application documents has stopped successfully.
[03/01/22 14:48:41:107 EET] 00000098 com.ibm.ws.app.manager.AppMessageHelper                      I CWWKZ0018I: Starting application documents.
[03/01/22 14:48:41:107 EET] 00000098 bm.ws.app.manager.war.internal.WARDeployedAppInfoFactoryImpl I CWWKZ0134I: The documents application is using the loose application definition at the E:\facultate\master\java\java\tehnologii_java\lab10\target\liberty\wlp\usr\servers\documents\apps\documents.war.xml location.
[03/01/22 14:48:41:163 EET] 00000023 com.ibm.ws.webcontainer.osgi.mbeans.PluginGenerator          I SRVE9103I: A configuration file for a web server plugin was automatically generated for this server at E:\facultate\master\java\java\tehnologii_java\lab10\target\liberty\wlp\usr\servers\documents\logs\state\plugin-cfg.xml.
[03/01/22 14:48:42:367 EET] 00000098 io.openliberty.microprofile.openapi20.ApplicationProcessor   I CWWKO1660I: The application documents was processed and an OpenAPI document was produced.
[03/01/22 14:48:42:551 EET] 00000098 com.ibm.ws.logging.internal.impl.IncidentImpl                I FFDC1015I: An FFDC Incident has been created: "org.jboss.weld.exceptions.DefinitionException: CWMFT5020E: The com.example.documents.ResilienceController.someMethod() asynchronous method does not have a return type of either java.util.concurrent.Future or java.util.concurrent.CompletionStage. com.ibm.ws.container.service.state.internal.ApplicationStateManager 54" at ffdc_22.01.03_14.48.42.0.log
[03/01/22 14:48:42:636 EET] 00000098 com.ibm.ws.logging.internal.impl.IncidentImpl                I FFDC1015I: An FFDC Incident has been created: "com.ibm.ws.container.service.state.StateChangeException: org.jboss.weld.exceptions.DefinitionException: CWMFT5020E: The com.example.documents.ResilienceController.someMethod() asynchronous method does not have a return type of either java.util.concurrent.Future or java.util.concurrent.CompletionStage. com.ibm.ws.app.manager.module.internal.SimpleDeployedAppInfoBase 548" at ffdc_22.01.03_14.48.42.1.log
[03/01/22 14:48:42:643 EET] 00000098 com.ibm.ws.app.manager.AppMessageHelper                      E CWWKZ0004E: An exception occurred while starting the application documents. The exception message was: com.ibm.ws.container.service.state.StateChangeException: org.jboss.weld.exceptions.DefinitionException: CWMFT5020E: The com.example.documents.ResilienceController.someMethod() asynchronous method does not have a return type of either java.util.concurrent.Future or java.util.concurrent.CompletionStage.
[03/01/22 14:50:44:117 EET] 000000c7 com.ibm.ws.app.manager.AppMessageHelper                      I CWWKZ0018I: Starting application documents.
[03/01/22 14:50:44:118 EET] 000000c7 bm.ws.app.manager.war.internal.WARDeployedAppInfoFactoryImpl I CWWKZ0134I: The documents application is using the loose application definition at the E:\facultate\master\java\java\tehnologii_java\lab10\target\liberty\wlp\usr\servers\documents\apps\documents.war.xml location.
[03/01/22 14:50:45:423 EET] 000000c7 io.openliberty.microprofile.openapi20.ApplicationProcessor   I CWWKO1660I: The application documents was processed and an OpenAPI document was produced.
[03/01/22 14:50:45:782 EET] 000000c7 com.ibm.ws.webcontainer.osgi.webapp.WebGroup                 I SRVE0169I: Loading Web Module: documents.
[03/01/22 14:50:45:782 EET] 000000c7 com.ibm.ws.http.internal.VirtualHostImpl                     A CWWKT0016I: Web application available (default_host): http://localhost:9080/
[03/01/22 14:50:45:784 EET] 000000ac com.ibm.ws.session.WASSessionCore                            I SESN0176I: A new session context will be created for application key default_host/
[03/01/22 14:50:45:784 EET] 000000ac com.ibm.ws.util                                              I SESN0172I: The session manager is using the Java default SecureRandom implementation for session ID generation.
[03/01/22 14:50:45:806 EET] 000000ac com.ibm.ws.app.manager.AppMessageHelper                      A CWWKZ0003I: The application documents updated in 1.689 seconds.
[03/01/22 14:50:45:841 EET] 000000c4 com.ibm.ws.webcontainer.osgi.mbeans.PluginGenerator          I SRVE9103I: A configuration file for a web server plugin was automatically generated for this server at E:\facultate\master\java\java\tehnologii_java\lab10\target\liberty\wlp\usr\servers\documents\logs\state\plugin-cfg.xml.
[03/01/22 14:50:49:305 EET] 000000a2 com.ibm.ws.http.internal.VirtualHostImpl                     A CWWKT0017I: Web application removed (default_host): http://localhost:9080/
[03/01/22 14:50:49:314 EET] 000000a2 com.ibm.ws.app.manager.AppMessageHelper                      A CWWKZ0009I: The application documents has stopped successfully.
[03/01/22 14:50:49:318 EET] 000000a2 com.ibm.ws.app.manager.AppMessageHelper                      I CWWKZ0018I: Starting application documents.
[03/01/22 14:50:49:318 EET] 000000a2 bm.ws.app.manager.war.internal.WARDeployedAppInfoFactoryImpl I CWWKZ0134I: The documents application is using the loose application definition at the E:\facultate\master\java\java\tehnologii_java\lab10\target\liberty\wlp\usr\servers\documents\apps\documents.war.xml location.
[03/01/22 14:50:49:393 EET] 000000ba com.ibm.ws.webcontainer.osgi.mbeans.PluginGenerator          I SRVE9103I: A configuration file for a web server plugin was automatically generated for this server at E:\facultate\master\java\java\tehnologii_java\lab10\target\liberty\wlp\usr\servers\documents\logs\state\plugin-cfg.xml.
[03/01/22 14:50:50:567 EET] 000000a2 io.openliberty.microprofile.openapi20.ApplicationProcessor   I CWWKO1660I: The application documents was processed and an OpenAPI document was produced.
[03/01/22 14:50:50:922 EET] 000000a2 com.ibm.ws.webcontainer.osgi.webapp.WebGroup                 I SRVE0169I: Loading Web Module: documents.
[03/01/22 14:50:50:922 EET] 000000a2 com.ibm.ws.http.internal.VirtualHostImpl                     A CWWKT0016I: Web application available (default_host): http://localhost:9080/
[03/01/22 14:50:50:924 EET] 000000ac com.ibm.ws.session.WASSessionCore                            I SESN0176I: A new session context will be created for application key default_host/
[03/01/22 14:50:50:924 EET] 000000ac com.ibm.ws.util                                              I SESN0172I: The session manager is using the Java default SecureRandom implementation for session ID generation.
[03/01/22 14:50:50:945 EET] 000000ac com.ibm.ws.app.manager.AppMessageHelper                      A CWWKZ0003I: The application documents updated in 1.627 seconds.
[03/01/22 14:50:50:963 EET] 000000b1 com.ibm.ws.webcontainer.osgi.mbeans.PluginGenerator          I SRVE9103I: A configuration file for a web server plugin was automatically generated for this server at E:\facultate\master\java\java\tehnologii_java\lab10\target\liberty\wlp\usr\servers\documents\logs\state\plugin-cfg.xml.
[03/01/22 14:51:02:537 EET] 000000cf .apache.cxf.cxf.core.3.2:1.0.59.cl211220211117-1256(id=135)] I Setting the server's publish address to be /data/
[03/01/22 14:51:02:543 EET] 000000cf com.ibm.ws.webcontainer.servlet                              I SRVE0242I: [documents] [/] [com.example.documents.DocumentsRestApplication]: Initialization successful.
[03/01/22 14:51:02:769 EET] 000000cf io.jaegertracing.Configuration                               I Initialized tracer=JaegerTracer(version=Java-1.5.0, serviceName=documents, reporter=RemoteReporter(sender=UdpSender(host=localhost, port=6831), closeEnqueueTimeout=1000), sampler=RemoteControlledSampler(maxOperations=2000, manager=HttpSamplingManager(hostPort=localhost:5778), sampler=ProbabilisticSampler(tags={sampler.type=probabilistic, sampler.param=0.001})), tags={hostname=DESKTOP-LM50P3I, jaeger.version=Java-1.5.0, ip=172.21.0.1}, zipkinSharedRpcSpan=false, expandExceptionLogs=false, useTraceId128Bit=false)
[03/01/22 14:51:02:769 EET] 000000cf m.ibm.ws.microprofile.opentracing.jaeger.JaegerTracerFactory I CWMOT1001I: A JaegerTracer instance was created for the documents application.  Tracing information is sent to localhost:6831.
[03/01/22 14:51:02:788 EET] 000000e4 SystemOut                                                    O Called checkConcurrentRequests endpoint
[03/01/22 14:51:12:798 EET] 000000e4 SystemOut                                                    O Finish the call
[03/01/22 14:51:12:832 EET] 000000e5 SystemOut                                                    O Called checkConcurrentRequests endpoint
[03/01/22 14:51:22:845 EET] 000000e5 SystemOut                                                    O Finish the call
[03/01/22 14:55:22:799 EET] 00000106 com.ibm.ws.http.internal.VirtualHostImpl                     A CWWKT0017I: Web application removed (default_host): http://localhost:9080/
[03/01/22 14:55:22:801 EET] 00000106 com.ibm.ws.webcontainer.servlet                              I SRVE0253I: [documents] [/] [com.example.documents.DocumentsRestApplication]: Destroy successful.
[03/01/22 14:55:22:808 EET] 00000106 com.ibm.ws.app.manager.AppMessageHelper                      A CWWKZ0009I: The application documents has stopped successfully.
[03/01/22 14:55:22:814 EET] 00000106 com.ibm.ws.app.manager.AppMessageHelper                      I CWWKZ0018I: Starting application documents.
[03/01/22 14:55:22:814 EET] 00000106 bm.ws.app.manager.war.internal.WARDeployedAppInfoFactoryImpl I CWWKZ0134I: The documents application is using the loose application definition at the E:\facultate\master\java\java\tehnologii_java\lab10\target\liberty\wlp\usr\servers\documents\apps\documents.war.xml location.
[03/01/22 14:55:22:867 EET] 00000113 com.ibm.ws.webcontainer.osgi.mbeans.PluginGenerator          I SRVE9103I: A configuration file for a web server plugin was automatically generated for this server at E:\facultate\master\java\java\tehnologii_java\lab10\target\liberty\wlp\usr\servers\documents\logs\state\plugin-cfg.xml.
[03/01/22 14:55:24:066 EET] 00000106 io.openliberty.microprofile.openapi20.ApplicationProcessor   I CWWKO1660I: The application documents was processed and an OpenAPI document was produced.
[03/01/22 14:55:24:440 EET] 00000106 com.ibm.ws.webcontainer.osgi.webapp.WebGroup                 I SRVE0169I: Loading Web Module: documents.
[03/01/22 14:55:24:440 EET] 00000106 com.ibm.ws.http.internal.VirtualHostImpl                     A CWWKT0016I: Web application available (default_host): http://localhost:9080/
[03/01/22 14:55:24:453 EET] 0000011c com.ibm.ws.session.WASSessionCore                            I SESN0176I: A new session context will be created for application key default_host/
[03/01/22 14:55:24:454 EET] 0000011c com.ibm.ws.util                                              I SESN0172I: The session manager is using the Java default SecureRandom implementation for session ID generation.
[03/01/22 14:55:24:480 EET] 0000011c com.ibm.ws.app.manager.AppMessageHelper                      A CWWKZ0003I: The application documents updated in 1.666 seconds.
[03/01/22 14:55:24:513 EET] 00000106 com.ibm.ws.webcontainer.osgi.mbeans.PluginGenerator          I SRVE9103I: A configuration file for a web server plugin was automatically generated for this server at E:\facultate\master\java\java\tehnologii_java\lab10\target\liberty\wlp\usr\servers\documents\logs\state\plugin-cfg.xml.
[03/01/22 14:56:03:290 EET] 00000013 com.ibm.ws.kernel.launch.internal.ServerCommandListener      A CWWKE0055I: Server shutdown requested on Monday, 3 January 2022 at 14:56. The server documents is shutting down.
[03/01/22 14:56:03:314 EET] 0000012e com.ibm.ws.runtime.update.internal.RuntimeUpdateManagerImpl  A CWWKE1100I: Waiting for up to 30 seconds for the server to quiesce.
[03/01/22 14:56:03:332 EET] 00000113 com.ibm.ws.tcpchannel.internal.TCPChannel                    I CWWKO0220I: TCP Channel defaultHttpEndpoint has stopped listening for requests on host kubernetes.docker.internal  (IPv4: 127.0.0.1) port 9080.
[03/01/22 14:56:03:338 EET] 000000cf com.ibm.ws.tcpchannel.internal.TCPChannel                    I CWWKO0220I: TCP Channel defaultHttpEndpoint-ssl has stopped listening for requests on host kubernetes.docker.internal  (IPv4: 127.0.0.1) port 9443.
[03/01/22 14:56:03:338 EET] 000000cf com.ibm.ws.http.internal.VirtualHostImpl                     A CWWKT0017I: Web application removed (default_host): https://localhost:9443/jwt/
[03/01/22 14:56:03:339 EET] 000000cf com.ibm.ws.http.internal.VirtualHostImpl                     A CWWKT0017I: Web application removed (default_host): https://localhost:9443/openapi/ui/
[03/01/22 14:56:03:339 EET] 000000cf com.ibm.ws.http.internal.VirtualHostImpl                     A CWWKT0017I: Web application removed (default_host): https://localhost:9443/metrics/
[03/01/22 14:56:03:339 EET] 000000cf com.ibm.ws.http.internal.VirtualHostImpl                     A CWWKT0017I: Web application removed (default_host): https://localhost:9443/health/
[03/01/22 14:56:03:339 EET] 000000cf com.ibm.ws.http.internal.VirtualHostImpl                     A CWWKT0017I: Web application removed (default_host): https://localhost:9443/
[03/01/22 14:56:03:339 EET] 000000cf com.ibm.ws.http.internal.VirtualHostImpl                     A CWWKT0017I: Web application removed (default_host): https://localhost:9443/ibm/api/
[03/01/22 14:56:03:339 EET] 000000cf com.ibm.ws.http.internal.VirtualHostImpl                     A CWWKT0017I: Web application removed (default_host): https://localhost:9443/openapi/
[03/01/22 14:56:04:358 EET] 0000012e com.ibm.ws.runtime.update.internal.RuntimeUpdateManagerImpl  I CWWKE1101I: Server quiesce complete.
[03/01/22 14:56:04:471 EET] 00000106 com.ibm.ws.app.manager.AppMessageHelper                      A CWWKZ0009I: The application documents has stopped successfully.
[03/01/22 14:56:04:567 EET] 0000012e com.ibm.ws.webcontainer.servlet                              I SRVE0253I: [io.openliberty.microprofile.openapi.2.0.internal] [/openapi] [ApplicationServlet]: Destroy successful.
[03/01/22 14:56:04:574 EET] 0000012e com.ibm.ws.webcontainer.servlet                              I SRVE0253I: [io.openliberty.microprofile.metrics.internal.public] [/metrics] [PublicMetricsRESTProxyServlet]: Destroy successful.
[03/01/22 14:56:04:626 EET] 0000012e com.ibm.ws.webcontainer.servlet                              I SRVE0253I: [io.openliberty.microprofile.health.3.0.internal] [/health] [HealthCheckReadinessServlet]: Destroy successful.
[03/01/22 14:56:04:626 EET] 0000012e com.ibm.ws.webcontainer.servlet                              I SRVE0253I: [io.openliberty.microprofile.health.3.0.internal] [/health] [HealthCheckLivenessServlet]: Destroy successful.
[03/01/22 14:56:04:627 EET] 0000012e com.ibm.ws.webcontainer.servlet                              I SRVE0253I: [io.openliberty.microprofile.health.3.0.internal] [/health] [HealthCheckServlet]: Destroy successful.
[03/01/22 14:56:05:076 EET] 0000012e com.ibm.tx.jta.impl.FailureScopeController                   A WTRN0105I: The transaction service has shutdown successfully with no transactions requiring recovery.
[03/01/22 14:56:05:219 EET] 0000012e rty.security.mp.jwt.v12.config.impl.MpConfigProxyServiceImpl I CWWKS5782I: The MicroProfile JWT version 1.2 mpConfigProxy deactivated successfully.
[03/01/22 14:56:05:237 EET] 0000012e .ws.security.mp.jwt.v11.config.impl.MpConfigProxyServiceImpl I CWWKS5777I: The MicroProfile JWT version 1.1 mpConfigProxy deactivated successfully.
[03/01/22 14:56:05:241 EET] 0000012e com.ibm.ws.security.mp.jwt.impl.MicroProfileJwtConfigImpl    I CWWKS5502I: The MicroProfile JWT configuration [jwtUserConsumer] was successfully deactivated.
[03/01/22 14:56:05:241 EET] 0000012e com.ibm.ws.security.mp.jwt.impl.MicroProfileJwtConfigImpl    I CWWKS5502I: The MicroProfile JWT configuration [defaultMpJwt] was successfully deactivated.
[03/01/22 14:56:05:242 EET] 0000012e com.ibm.ws.security.mp.jwt.impl.MicroProfileJwtServiceImpl   I CWWKS5502I: The MicroProfile JWT configuration [MicroProfileJwtService] was successfully deactivated.
[03/01/22 14:56:05:282 EET] 0000012e .microprofile.metrics.internal.monitor.MonitorMetricsHandler I CWPMI2004I: All monitoring metrics were unregistered from mpMetrics.
[03/01/22 14:56:05:632 EET] 0000012e com.ibm.ws.security.ready.internal.SecurityReadyServiceImpl  I CWWKS0009I: The security service has stopped.
[03/01/22 14:56:05:662 EET] 0000012e ibm.ws.security.authentication.internal.jaas.JAASServiceImpl I CWWKS1124I: The collective authentication plugin with class name NullCollectiveAuthenticationPlugin has been deactivated. 
[03/01/22 14:56:06:814 EET] 00000001 com.ibm.ws.kernel.launch.internal.FrameworkManager           A CWWKE0036I: The server documents stopped after 11 minutes, 49.494 seconds.
